<?xml version="1.0" encoding="UTF-8" ?>
<testsuite tests="5" failures="4" name="calendar.TimeTableTest" time="5.012" errors="1" skipped="0">
  <properties>
    <property name="java.runtime.name" value="Java(TM) SE Runtime Environment"/>
    <property name="java.vm.version" value="9.0.4+11"/>
    <property name="sun.boot.library.path" value="C:\Program Files\Java\jdk-9.0.4\bin"/>
    <property name="maven.multiModuleProjectDirectory" value="C:\Users\vanil\OneDrive\Documents\GitHub\CS362-001-W2018\projects\hugheste\assignment-2\Calendar"/>
    <property name="java.vm.vendor" value="Oracle Corporation"/>
    <property name="java.vendor.url" value="http://java.oracle.com/"/>
    <property name="guice.disable.misplaced.annotation.check" value="true"/>
    <property name="path.separator" value=";"/>
    <property name="java.vm.name" value="Java HotSpot(TM) 64-Bit Server VM"/>
    <property name="file.encoding.pkg" value="sun.io"/>
    <property name="sun.os.patch.level" value=""/>
    <property name="user.script" value=""/>
    <property name="user.country" value="US"/>
    <property name="sun.java.launcher" value="SUN_STANDARD"/>
    <property name="java.vm.specification.name" value="Java Virtual Machine Specification"/>
    <property name="user.dir" value="C:\Users\vanil\OneDrive\Documents\GitHub\CS362-001-W2018\projects\hugheste\assignment-2\Calendar"/>
    <property name="java.vm.compressedOopsMode" value="Zero based"/>
    <property name="java.runtime.version" value="9.0.4+11"/>
    <property name="java.awt.graphicsenv" value="sun.awt.Win32GraphicsEnvironment"/>
    <property name="os.arch" value="amd64"/>
    <property name="java.io.tmpdir" value="C:\Users\vanil\AppData\Local\Temp\"/>
    <property name="line.separator" value="
"/>
    <property name="java.vm.specification.vendor" value="Oracle Corporation"/>
    <property name="user.variant" value=""/>
    <property name="os.name" value="Windows 10"/>
    <property name="classworlds.conf" value="C:\Program Files\apache-maven-3.5.2\apache-maven-3.5.2\bin\..\bin\m2.conf"/>
    <property name="sun.jnu.encoding" value="Cp1252"/>
    <property name="java.library.path" value="C:\Program Files\Java\jdk-9.0.4\bin;C:\windows\Sun\Java\bin;C:\windows\system32;C:\windows;C:\ProgramData\Oracle\Java\javapath;C:\Program Files (x86)\Intel\iCLS Client\;C:\Program Files\Intel\iCLS Client\;C:\windows\system32;C:\windows;C:\windows\System32\Wbem;C:\windows\System32\WindowsPowerShell\v1.0\;C:\Program Files (x86)\Intel\Intel(R) Management Engine Components\DAL;C:\Program Files\Intel\Intel(R) Management Engine Components\DAL;C:\Program Files (x86)\Intel\Intel(R) Management Engine Components\IPT;C:\Program Files\Intel\Intel(R) Management Engine Components\IPT;C:\Program Files (x86)\PuTTY\;C:\Program Files\Intel\WiFi\bin\;C:\Program Files\Common Files\Intel\WirelessCommon\;C:\Program Files\dotnet\;C:\Program Files\Git\cmd;C:\Program Files\apache-maven-3.5.2\apache-maven-3.5.2\bin;C:\Program Files\Java\jdk-9.0.4;C:\Users\vanil\AppData\Local\Microsoft\WindowsApps;C:\Users\vanil\AppData\Local\GitHubDesktop\bin;C:\Users\vanil\AppData\Local\atom\bin;C:\Program Files\Java\jdk-9.0.4\bin;C:\Program Files\apache-maven-3.5.2\apache-maven-3.5.2\bin;C:\MinGW\bin;;."/>
    <property name="maven.conf" value="C:\Program Files\apache-maven-3.5.2\apache-maven-3.5.2\bin\../conf"/>
    <property name="jdk.debug" value="release"/>
    <property name="java.class.version" value="53.0"/>
    <property name="java.specification.name" value="Java Platform API Specification"/>
    <property name="sun.management.compiler" value="HotSpot 64-Bit Tiered Compilers"/>
    <property name="os.version" value="10.0"/>
    <property name="library.jansi.path" value="C:\Program Files\apache-maven-3.5.2\apache-maven-3.5.2\bin\..\lib\jansi-native"/>
    <property name="user.home" value="C:\Users\vanil"/>
    <property name="user.timezone" value="America/Los_Angeles"/>
    <property name="java.awt.printerjob" value="sun.awt.windows.WPrinterJob"/>
    <property name="file.encoding" value="Cp1252"/>
    <property name="java.specification.version" value="9"/>
    <property name="user.name" value="vanil"/>
    <property name="java.class.path" value="C:\Program Files\apache-maven-3.5.2\apache-maven-3.5.2\bin\..\boot\plexus-classworlds-2.5.2.jar"/>
    <property name="java.vm.specification.version" value="9"/>
    <property name="sun.arch.data.model" value="64"/>
    <property name="sun.java.command" value="org.codehaus.plexus.classworlds.launcher.Launcher test"/>
    <property name="java.home" value="C:\Program Files\Java\jdk-9.0.4"/>
    <property name="user.language" value="en"/>
    <property name="java.specification.vendor" value="Oracle Corporation"/>
    <property name="awt.toolkit" value="sun.awt.windows.WToolkit"/>
    <property name="java.vm.info" value="mixed mode"/>
    <property name="java.version" value="9.0.4"/>
    <property name="java.vendor" value="Oracle Corporation"/>
    <property name="sun.stderr.encoding" value="cp437"/>
    <property name="maven.home" value="C:\Program Files\apache-maven-3.5.2\apache-maven-3.5.2\bin\.."/>
    <property name="file.separator" value="\"/>
    <property name="java.vendor.url.bug" value="http://bugreport.java.com/bugreport/"/>
    <property name="sun.io.unicode.encoding" value="UnicodeLittle"/>
    <property name="sun.cpu.endian" value="little"/>
    <property name="sun.stdout.encoding" value="cp437"/>
    <property name="sun.desktop" value="windows"/>
    <property name="sun.cpu.isalist" value="amd64"/>
  </properties>
  <testcase classname="calendar.TimeTableTest" name="test01" time="0.016">
    <failure message="expected: java.util.LinkedList&lt;[	 --- 2/26/2018 --- 
 --- -------- Appointments ------------ --- 

]&gt; but was: java.util.LinkedList&lt;[	 --- 2/26/2018 --- 
 --- -------- Appointments ------------ --- 

]&gt;" type="java.lang.AssertionError">java.lang.AssertionError: expected: java.util.LinkedList&lt;[	 --- 2/26/2018 --- 
 --- -------- Appointments ------------ --- 

]&gt; but was: java.util.LinkedList&lt;[	 --- 2/26/2018 --- 
 --- -------- Appointments ------------ --- 

]&gt;
	at org.junit.Assert.fail(Assert.java:88)
	at org.junit.Assert.failNotEquals(Assert.java:834)
	at org.junit.Assert.assertEquals(Assert.java:118)
	at org.junit.Assert.assertEquals(Assert.java:144)
	at calendar.TimeTableTest.test01(TimeTableTest.java:49)
	at java.base/jdk.internal.reflect.NativeMethodAccessorImpl.invoke0(Native Method)
	at java.base/jdk.internal.reflect.NativeMethodAccessorImpl.invoke(NativeMethodAccessorImpl.java:62)
	at java.base/jdk.internal.reflect.DelegatingMethodAccessorImpl.invoke(DelegatingMethodAccessorImpl.java:43)
	at java.base/java.lang.reflect.Method.invoke(Method.java:564)
	at org.junit.runners.model.FrameworkMethod$1.runReflectiveCall(FrameworkMethod.java:50)
	at org.junit.internal.runners.model.ReflectiveCallable.run(ReflectiveCallable.java:12)
	at org.junit.runners.model.FrameworkMethod.invokeExplosively(FrameworkMethod.java:47)
	at org.junit.internal.runners.statements.InvokeMethod.evaluate(InvokeMethod.java:17)
	at org.junit.runners.ParentRunner.runLeaf(ParentRunner.java:325)
	at org.junit.runners.BlockJUnit4ClassRunner.runChild(BlockJUnit4ClassRunner.java:78)
	at org.junit.runners.BlockJUnit4ClassRunner.runChild(BlockJUnit4ClassRunner.java:57)
	at org.junit.runners.ParentRunner$3.run(ParentRunner.java:290)
	at org.junit.runners.ParentRunner$1.schedule(ParentRunner.java:71)
	at org.junit.runners.ParentRunner.runChildren(ParentRunner.java:288)
	at org.junit.runners.ParentRunner.access$000(ParentRunner.java:58)
	at org.junit.runners.ParentRunner$2.evaluate(ParentRunner.java:268)
	at org.junit.runners.ParentRunner.run(ParentRunner.java:363)
	at org.apache.maven.surefire.junit4.JUnit4Provider.execute(JUnit4Provider.java:252)
	at org.apache.maven.surefire.junit4.JUnit4Provider.executeTestSet(JUnit4Provider.java:141)
	at org.apache.maven.surefire.junit4.JUnit4Provider.invoke(JUnit4Provider.java:112)
	at java.base/jdk.internal.reflect.NativeMethodAccessorImpl.invoke0(Native Method)
	at java.base/jdk.internal.reflect.NativeMethodAccessorImpl.invoke(NativeMethodAccessorImpl.java:62)
	at java.base/jdk.internal.reflect.DelegatingMethodAccessorImpl.invoke(DelegatingMethodAccessorImpl.java:43)
	at java.base/java.lang.reflect.Method.invoke(Method.java:564)
	at org.apache.maven.surefire.util.ReflectionUtils.invokeMethodWithArray(ReflectionUtils.java:189)
	at org.apache.maven.surefire.booter.ProviderFactory$ProviderProxy.invoke(ProviderFactory.java:165)
	at org.apache.maven.surefire.booter.ProviderFactory.invokeProvider(ProviderFactory.java:85)
	at org.apache.maven.surefire.booter.ForkedBooter.runSuitesInProcess(ForkedBooter.java:115)
	at org.apache.maven.surefire.booter.ForkedBooter.main(ForkedBooter.java:75)
</failure>
    <system-out>The number of appointments between 2/26/2018 and 2/27/2018
	 --- 2/26/2018 --- 
 --- -------- Appointments ------------ --- 


</system-out>
  </testcase>
  <testcase classname="calendar.TimeTableTest" name="test02" time="0.006">
    <failure message="expected: java.util.LinkedList&lt;[	 --- 2/26/2018 --- 
 --- -------- Appointments ------------ --- 

]&gt; but was: java.util.LinkedList&lt;[	 --- 2/26/2018 --- 
 --- -------- Appointments ------------ --- 

]&gt;" type="java.lang.AssertionError">java.lang.AssertionError: expected: java.util.LinkedList&lt;[	 --- 2/26/2018 --- 
 --- -------- Appointments ------------ --- 

]&gt; but was: java.util.LinkedList&lt;[	 --- 2/26/2018 --- 
 --- -------- Appointments ------------ --- 

]&gt;
	at org.junit.Assert.fail(Assert.java:88)
	at org.junit.Assert.failNotEquals(Assert.java:834)
	at org.junit.Assert.assertEquals(Assert.java:118)
	at org.junit.Assert.assertEquals(Assert.java:144)
	at calendar.TimeTableTest.test02(TimeTableTest.java:107)
	at java.base/jdk.internal.reflect.NativeMethodAccessorImpl.invoke0(Native Method)
	at java.base/jdk.internal.reflect.NativeMethodAccessorImpl.invoke(NativeMethodAccessorImpl.java:62)
	at java.base/jdk.internal.reflect.DelegatingMethodAccessorImpl.invoke(DelegatingMethodAccessorImpl.java:43)
	at java.base/java.lang.reflect.Method.invoke(Method.java:564)
	at org.junit.runners.model.FrameworkMethod$1.runReflectiveCall(FrameworkMethod.java:50)
	at org.junit.internal.runners.model.ReflectiveCallable.run(ReflectiveCallable.java:12)
	at org.junit.runners.model.FrameworkMethod.invokeExplosively(FrameworkMethod.java:47)
	at org.junit.internal.runners.statements.InvokeMethod.evaluate(InvokeMethod.java:17)
	at org.junit.runners.ParentRunner.runLeaf(ParentRunner.java:325)
	at org.junit.runners.BlockJUnit4ClassRunner.runChild(BlockJUnit4ClassRunner.java:78)
	at org.junit.runners.BlockJUnit4ClassRunner.runChild(BlockJUnit4ClassRunner.java:57)
	at org.junit.runners.ParentRunner$3.run(ParentRunner.java:290)
	at org.junit.runners.ParentRunner$1.schedule(ParentRunner.java:71)
	at org.junit.runners.ParentRunner.runChildren(ParentRunner.java:288)
	at org.junit.runners.ParentRunner.access$000(ParentRunner.java:58)
	at org.junit.runners.ParentRunner$2.evaluate(ParentRunner.java:268)
	at org.junit.runners.ParentRunner.run(ParentRunner.java:363)
	at org.apache.maven.surefire.junit4.JUnit4Provider.execute(JUnit4Provider.java:252)
	at org.apache.maven.surefire.junit4.JUnit4Provider.executeTestSet(JUnit4Provider.java:141)
	at org.apache.maven.surefire.junit4.JUnit4Provider.invoke(JUnit4Provider.java:112)
	at java.base/jdk.internal.reflect.NativeMethodAccessorImpl.invoke0(Native Method)
	at java.base/jdk.internal.reflect.NativeMethodAccessorImpl.invoke(NativeMethodAccessorImpl.java:62)
	at java.base/jdk.internal.reflect.DelegatingMethodAccessorImpl.invoke(DelegatingMethodAccessorImpl.java:43)
	at java.base/java.lang.reflect.Method.invoke(Method.java:564)
	at org.apache.maven.surefire.util.ReflectionUtils.invokeMethodWithArray(ReflectionUtils.java:189)
	at org.apache.maven.surefire.booter.ProviderFactory$ProviderProxy.invoke(ProviderFactory.java:165)
	at org.apache.maven.surefire.booter.ProviderFactory.invokeProvider(ProviderFactory.java:85)
	at org.apache.maven.surefire.booter.ForkedBooter.runSuitesInProcess(ForkedBooter.java:115)
	at org.apache.maven.surefire.booter.ForkedBooter.main(ForkedBooter.java:75)
</failure>
    <system-out>null
The number of appointments between 2/26/2018 and 2/27/2018
	 --- 2/26/2018 --- 
 --- -------- Appointments ------------ --- 


</system-out>
  </testcase>
  <testcase classname="calendar.TimeTableTest" name="test03" time="0.01">
    <failure message="expected: java.util.LinkedList&lt;[	 --- 2/26/2018 --- 
 --- -------- Appointments ------------ --- 

]&gt; but was: java.util.LinkedList&lt;[	 --- 2/26/2018 --- 
 --- -------- Appointments ------------ --- 

]&gt;" type="java.lang.AssertionError">java.lang.AssertionError: expected: java.util.LinkedList&lt;[	 --- 2/26/2018 --- 
 --- -------- Appointments ------------ --- 

]&gt; but was: java.util.LinkedList&lt;[	 --- 2/26/2018 --- 
 --- -------- Appointments ------------ --- 

]&gt;
	at org.junit.Assert.fail(Assert.java:88)
	at org.junit.Assert.failNotEquals(Assert.java:834)
	at org.junit.Assert.assertEquals(Assert.java:118)
	at org.junit.Assert.assertEquals(Assert.java:144)
	at calendar.TimeTableTest.test03(TimeTableTest.java:212)
	at java.base/jdk.internal.reflect.NativeMethodAccessorImpl.invoke0(Native Method)
	at java.base/jdk.internal.reflect.NativeMethodAccessorImpl.invoke(NativeMethodAccessorImpl.java:62)
	at java.base/jdk.internal.reflect.DelegatingMethodAccessorImpl.invoke(DelegatingMethodAccessorImpl.java:43)
	at java.base/java.lang.reflect.Method.invoke(Method.java:564)
	at org.junit.runners.model.FrameworkMethod$1.runReflectiveCall(FrameworkMethod.java:50)
	at org.junit.internal.runners.model.ReflectiveCallable.run(ReflectiveCallable.java:12)
	at org.junit.runners.model.FrameworkMethod.invokeExplosively(FrameworkMethod.java:47)
	at org.junit.internal.runners.statements.InvokeMethod.evaluate(InvokeMethod.java:17)
	at org.junit.runners.ParentRunner.runLeaf(ParentRunner.java:325)
	at org.junit.runners.BlockJUnit4ClassRunner.runChild(BlockJUnit4ClassRunner.java:78)
	at org.junit.runners.BlockJUnit4ClassRunner.runChild(BlockJUnit4ClassRunner.java:57)
	at org.junit.runners.ParentRunner$3.run(ParentRunner.java:290)
	at org.junit.runners.ParentRunner$1.schedule(ParentRunner.java:71)
	at org.junit.runners.ParentRunner.runChildren(ParentRunner.java:288)
	at org.junit.runners.ParentRunner.access$000(ParentRunner.java:58)
	at org.junit.runners.ParentRunner$2.evaluate(ParentRunner.java:268)
	at org.junit.runners.ParentRunner.run(ParentRunner.java:363)
	at org.apache.maven.surefire.junit4.JUnit4Provider.execute(JUnit4Provider.java:252)
	at org.apache.maven.surefire.junit4.JUnit4Provider.executeTestSet(JUnit4Provider.java:141)
	at org.apache.maven.surefire.junit4.JUnit4Provider.invoke(JUnit4Provider.java:112)
	at java.base/jdk.internal.reflect.NativeMethodAccessorImpl.invoke0(Native Method)
	at java.base/jdk.internal.reflect.NativeMethodAccessorImpl.invoke(NativeMethodAccessorImpl.java:62)
	at java.base/jdk.internal.reflect.DelegatingMethodAccessorImpl.invoke(DelegatingMethodAccessorImpl.java:43)
	at java.base/java.lang.reflect.Method.invoke(Method.java:564)
	at org.apache.maven.surefire.util.ReflectionUtils.invokeMethodWithArray(ReflectionUtils.java:189)
	at org.apache.maven.surefire.booter.ProviderFactory$ProviderProxy.invoke(ProviderFactory.java:165)
	at org.apache.maven.surefire.booter.ProviderFactory.invokeProvider(ProviderFactory.java:85)
	at org.apache.maven.surefire.booter.ForkedBooter.runSuitesInProcess(ForkedBooter.java:115)
	at org.apache.maven.surefire.booter.ForkedBooter.main(ForkedBooter.java:75)
</failure>
    <system-out>	2/27/2018 at 3:30pm ,Birthday Party, This is my birthday party.

	2/28/2018 at 3:30pm ,Birthday Party, This is my birthday party.

	2/28/2018 at 3:30pm ,Birthday Party, This is my birthday party.

The number of appointments between 2/26/2018 and 2/27/2018
	 --- 2/26/2018 --- 
 --- -------- Appointments ------------ --- 


</system-out>
  </testcase>
  <testcase classname="calendar.TimeTableTest" name="test04" time="0.013">
    <failure message="expected:&lt;[]&gt; but was:&lt;[	 --- 2/26/2018 --- 
 --- -------- Appointments ------------ --- 
	2/26/2018 at 10:35am ,Birthday Party, This is my birthday party.
 	2/26/2018 at 10:30am ,Birthday Party, This is my birthday party.
 	2/26/2018 at 5:40pm ,Birthday Party, This is my birthday party.
 
, 	 --- 2/27/2018 --- 
 --- -------- Appointments ------------ --- 
	2/26/2018 at 10:35am ,Birthday Party, This is my birthday party.
 
, 	 --- 2/28/2018 --- 
 --- -------- Appointments ------------ --- 
	2/26/2018 at 10:35am ,Birthday Party, This is my birthday party.
 
, 	 --- 2/29/2018 --- 
 --- -------- Appointments ------------ --- 
	2/26/2018 at 10:35am ,Birthday Party, This is my birthday party.
 
, 	 --- 2/30/2018 --- 
 --- -------- Appointments ------------ --- 
	2/26/2018 at 10:35am ,Birthday Party, This is my birthday party.
 
, 	 --- 2/31/2018 --- 
 --- -------- Appointments ------------ --- 

, 	 --- 3/1/2018 --- 
 --- -------- Appointments ------------ --- 
	2/26/2018 at 10:35am ,Birthday Party, This is my birthday party.
 
, 	 --- 3/2/2018 --- 
 --- -------- Appointments ------------ --- 
	2/26/2018 at 10:35am ,Birthday Party, This is my birthday party.
 
, 	 --- 3/3/2018 --- 
 --- -------- Appointments ------------ --- 
	2/26/2018 at 10:35am ,Birthday Party, This is my birthday party.
 
, 	 --- 3/4/2018 --- 
 --- -------- Appointments ------------ --- 
	2/26/2018 at 10:35am ,Birthday Party, This is my birthday party.
 
, 	 --- 3/5/2018 --- 
 --- -------- Appointments ------------ --- 
	2/26/2018 at 10:35am ,Birthday Party, This is my birthday party.
 
, 	 --- 3/6/2018 --- 
 --- -------- Appointments ------------ --- 
	2/26/2018 at 10:35am ,Birthday Party, This is my birthday party.
 
, 	 --- 3/7/2018 --- 
 --- -------- Appointments ------------ --- 

, 	 --- 3/8/2018 --- 
 --- -------- Appointments ------------ --- 

, 	 --- 3/9/2018 --- 
 --- -------- Appointments ------------ --- 

, 	 --- 3/10/2018 --- 
 --- -------- Appointments ------------ --- 

, 	 --- 3/11/2018 --- 
 --- -------- Appointments ------------ --- 

, 	 --- 3/12/2018 --- 
 --- -------- Appointments ------------ --- 

, 	 --- 3/13/2018 --- 
 --- -------- Appointments ------------ --- 

, 	 --- 3/14/2018 --- 
 --- -------- Appointments ------------ --- 

, 	 --- 3/15/2018 --- 
 --- -------- Appointments ------------ --- 

, 	 --- 3/16/2018 --- 
 --- -------- Appointments ------------ --- 

, 	 --- 3/17/2018 --- 
 --- -------- Appointments ------------ --- 

, 	 --- 3/18/2018 --- 
 --- -------- Appointments ------------ --- 

, 	 --- 3/19/2018 --- 
 --- -------- Appointments ------------ --- 

, 	 --- 3/20/2018 --- 
 --- -------- Appointments ------------ --- 

, 	 --- 3/21/2018 --- 
 --- -------- Appointments ------------ --- 

, 	 --- 3/22/2018 --- 
 --- -------- Appointments ------------ --- 

, 	 --- 3/23/2018 --- 
 --- -------- Appointments ------------ --- 

, 	 --- 3/24/2018 --- 
 --- -------- Appointments ------------ --- 

, 	 --- 3/25/2018 --- 
 --- -------- Appointments ------------ --- 

]&gt;" type="java.lang.AssertionError">java.lang.AssertionError: expected:&lt;[]&gt; but was:&lt;[	 --- 2/26/2018 --- 
 --- -------- Appointments ------------ --- 
	2/26/2018 at 10:35am ,Birthday Party, This is my birthday party.
 	2/26/2018 at 10:30am ,Birthday Party, This is my birthday party.
 	2/26/2018 at 5:40pm ,Birthday Party, This is my birthday party.
 
, 	 --- 2/27/2018 --- 
 --- -------- Appointments ------------ --- 
	2/26/2018 at 10:35am ,Birthday Party, This is my birthday party.
 
, 	 --- 2/28/2018 --- 
 --- -------- Appointments ------------ --- 
	2/26/2018 at 10:35am ,Birthday Party, This is my birthday party.
 
, 	 --- 2/29/2018 --- 
 --- -------- Appointments ------------ --- 
	2/26/2018 at 10:35am ,Birthday Party, This is my birthday party.
 
, 	 --- 2/30/2018 --- 
 --- -------- Appointments ------------ --- 
	2/26/2018 at 10:35am ,Birthday Party, This is my birthday party.
 
, 	 --- 2/31/2018 --- 
 --- -------- Appointments ------------ --- 

, 	 --- 3/1/2018 --- 
 --- -------- Appointments ------------ --- 
	2/26/2018 at 10:35am ,Birthday Party, This is my birthday party.
 
, 	 --- 3/2/2018 --- 
 --- -------- Appointments ------------ --- 
	2/26/2018 at 10:35am ,Birthday Party, This is my birthday party.
 
, 	 --- 3/3/2018 --- 
 --- -------- Appointments ------------ --- 
	2/26/2018 at 10:35am ,Birthday Party, This is my birthday party.
 
, 	 --- 3/4/2018 --- 
 --- -------- Appointments ------------ --- 
	2/26/2018 at 10:35am ,Birthday Party, This is my birthday party.
 
, 	 --- 3/5/2018 --- 
 --- -------- Appointments ------------ --- 
	2/26/2018 at 10:35am ,Birthday Party, This is my birthday party.
 
, 	 --- 3/6/2018 --- 
 --- -------- Appointments ------------ --- 
	2/26/2018 at 10:35am ,Birthday Party, This is my birthday party.
 
, 	 --- 3/7/2018 --- 
 --- -------- Appointments ------------ --- 

, 	 --- 3/8/2018 --- 
 --- -------- Appointments ------------ --- 

, 	 --- 3/9/2018 --- 
 --- -------- Appointments ------------ --- 

, 	 --- 3/10/2018 --- 
 --- -------- Appointments ------------ --- 

, 	 --- 3/11/2018 --- 
 --- -------- Appointments ------------ --- 

, 	 --- 3/12/2018 --- 
 --- -------- Appointments ------------ --- 

, 	 --- 3/13/2018 --- 
 --- -------- Appointments ------------ --- 

, 	 --- 3/14/2018 --- 
 --- -------- Appointments ------------ --- 

, 	 --- 3/15/2018 --- 
 --- -------- Appointments ------------ --- 

, 	 --- 3/16/2018 --- 
 --- -------- Appointments ------------ --- 

, 	 --- 3/17/2018 --- 
 --- -------- Appointments ------------ --- 

, 	 --- 3/18/2018 --- 
 --- -------- Appointments ------------ --- 

, 	 --- 3/19/2018 --- 
 --- -------- Appointments ------------ --- 

, 	 --- 3/20/2018 --- 
 --- -------- Appointments ------------ --- 

, 	 --- 3/21/2018 --- 
 --- -------- Appointments ------------ --- 

, 	 --- 3/22/2018 --- 
 --- -------- Appointments ------------ --- 

, 	 --- 3/23/2018 --- 
 --- -------- Appointments ------------ --- 

, 	 --- 3/24/2018 --- 
 --- -------- Appointments ------------ --- 

, 	 --- 3/25/2018 --- 
 --- -------- Appointments ------------ --- 

]&gt;
	at org.junit.Assert.fail(Assert.java:88)
	at org.junit.Assert.failNotEquals(Assert.java:834)
	at org.junit.Assert.assertEquals(Assert.java:118)
	at org.junit.Assert.assertEquals(Assert.java:144)
	at calendar.TimeTableTest.test04(TimeTableTest.java:344)
	at java.base/jdk.internal.reflect.NativeMethodAccessorImpl.invoke0(Native Method)
	at java.base/jdk.internal.reflect.NativeMethodAccessorImpl.invoke(NativeMethodAccessorImpl.java:62)
	at java.base/jdk.internal.reflect.DelegatingMethodAccessorImpl.invoke(DelegatingMethodAccessorImpl.java:43)
	at java.base/java.lang.reflect.Method.invoke(Method.java:564)
	at org.junit.runners.model.FrameworkMethod$1.runReflectiveCall(FrameworkMethod.java:50)
	at org.junit.internal.runners.model.ReflectiveCallable.run(ReflectiveCallable.java:12)
	at org.junit.runners.model.FrameworkMethod.invokeExplosively(FrameworkMethod.java:47)
	at org.junit.internal.runners.statements.InvokeMethod.evaluate(InvokeMethod.java:17)
	at org.junit.runners.ParentRunner.runLeaf(ParentRunner.java:325)
	at org.junit.runners.BlockJUnit4ClassRunner.runChild(BlockJUnit4ClassRunner.java:78)
	at org.junit.runners.BlockJUnit4ClassRunner.runChild(BlockJUnit4ClassRunner.java:57)
	at org.junit.runners.ParentRunner$3.run(ParentRunner.java:290)
	at org.junit.runners.ParentRunner$1.schedule(ParentRunner.java:71)
	at org.junit.runners.ParentRunner.runChildren(ParentRunner.java:288)
	at org.junit.runners.ParentRunner.access$000(ParentRunner.java:58)
	at org.junit.runners.ParentRunner$2.evaluate(ParentRunner.java:268)
	at org.junit.runners.ParentRunner.run(ParentRunner.java:363)
	at org.apache.maven.surefire.junit4.JUnit4Provider.execute(JUnit4Provider.java:252)
	at org.apache.maven.surefire.junit4.JUnit4Provider.executeTestSet(JUnit4Provider.java:141)
	at org.apache.maven.surefire.junit4.JUnit4Provider.invoke(JUnit4Provider.java:112)
	at java.base/jdk.internal.reflect.NativeMethodAccessorImpl.invoke0(Native Method)
	at java.base/jdk.internal.reflect.NativeMethodAccessorImpl.invoke(NativeMethodAccessorImpl.java:62)
	at java.base/jdk.internal.reflect.DelegatingMethodAccessorImpl.invoke(DelegatingMethodAccessorImpl.java:43)
	at java.base/java.lang.reflect.Method.invoke(Method.java:564)
	at org.apache.maven.surefire.util.ReflectionUtils.invokeMethodWithArray(ReflectionUtils.java:189)
	at org.apache.maven.surefire.booter.ProviderFactory$ProviderProxy.invoke(ProviderFactory.java:165)
	at org.apache.maven.surefire.booter.ProviderFactory.invokeProvider(ProviderFactory.java:85)
	at org.apache.maven.surefire.booter.ForkedBooter.runSuitesInProcess(ForkedBooter.java:115)
	at org.apache.maven.surefire.booter.ForkedBooter.main(ForkedBooter.java:75)
</failure>
    <system-out>	2/26/2018 at 10:35am ,Birthday Party, This is my birthday party.

	2/26/2018 at 10:30am ,Birthday Party, This is my birthday party.

	2/26/2018 at 10:30am ,Birthday Party, This is my birthday party.

	2/26/2018 at 10:30am ,Birthday Party, This is my birthday party.

The number of appointments between 2/26/2018 and 2/27/2018
</system-out>
  </testcase>
  <testcase classname="calendar.TimeTableTest" name="test05" time="4.967">
    <error message="Index: 4, Size: 4" type="java.lang.IndexOutOfBoundsException">java.lang.IndexOutOfBoundsException: Index: 4, Size: 4
	at java.base/java.util.LinkedList.checkElementIndex(LinkedList.java:559)
	at java.base/java.util.LinkedList.get(LinkedList.java:480)
	at calendar.TimeTableTest.test05(TimeTableTest.java:497)
	at java.base/jdk.internal.reflect.NativeMethodAccessorImpl.invoke0(Native Method)
	at java.base/jdk.internal.reflect.NativeMethodAccessorImpl.invoke(NativeMethodAccessorImpl.java:62)
	at java.base/jdk.internal.reflect.DelegatingMethodAccessorImpl.invoke(DelegatingMethodAccessorImpl.java:43)
	at java.base/java.lang.reflect.Method.invoke(Method.java:564)
	at org.junit.runners.model.FrameworkMethod$1.runReflectiveCall(FrameworkMethod.java:50)
	at org.junit.internal.runners.model.ReflectiveCallable.run(ReflectiveCallable.java:12)
	at org.junit.runners.model.FrameworkMethod.invokeExplosively(FrameworkMethod.java:47)
	at org.junit.internal.runners.statements.InvokeMethod.evaluate(InvokeMethod.java:17)
	at org.junit.runners.ParentRunner.runLeaf(ParentRunner.java:325)
	at org.junit.runners.BlockJUnit4ClassRunner.runChild(BlockJUnit4ClassRunner.java:78)
	at org.junit.runners.BlockJUnit4ClassRunner.runChild(BlockJUnit4ClassRunner.java:57)
	at org.junit.runners.ParentRunner$3.run(ParentRunner.java:290)
	at org.junit.runners.ParentRunner$1.schedule(ParentRunner.java:71)
	at org.junit.runners.ParentRunner.runChildren(ParentRunner.java:288)
	at org.junit.runners.ParentRunner.access$000(ParentRunner.java:58)
	at org.junit.runners.ParentRunner$2.evaluate(ParentRunner.java:268)
	at org.junit.runners.ParentRunner.run(ParentRunner.java:363)
	at org.apache.maven.surefire.junit4.JUnit4Provider.execute(JUnit4Provider.java:252)
	at org.apache.maven.surefire.junit4.JUnit4Provider.executeTestSet(JUnit4Provider.java:141)
	at org.apache.maven.surefire.junit4.JUnit4Provider.invoke(JUnit4Provider.java:112)
	at java.base/jdk.internal.reflect.NativeMethodAccessorImpl.invoke0(Native Method)
	at java.base/jdk.internal.reflect.NativeMethodAccessorImpl.invoke(NativeMethodAccessorImpl.java:62)
	at java.base/jdk.internal.reflect.DelegatingMethodAccessorImpl.invoke(DelegatingMethodAccessorImpl.java:43)
	at java.base/java.lang.reflect.Method.invoke(Method.java:564)
	at org.apache.maven.surefire.util.ReflectionUtils.invokeMethodWithArray(ReflectionUtils.java:189)
	at org.apache.maven.surefire.booter.ProviderFactory$ProviderProxy.invoke(ProviderFactory.java:165)
	at org.apache.maven.surefire.booter.ProviderFactory.invokeProvider(ProviderFactory.java:85)
	at org.apache.maven.surefire.booter.ForkedBooter.runSuitesInProcess(ForkedBooter.java:115)
	at org.apache.maven.surefire.booter.ForkedBooter.main(ForkedBooter.java:75)
</error>
    <system-out>	2/26/2018 at 11:30pm ,Birthday Party, This is my birthday party.

	1/28/2020 at 3:30pm ,Birthday Party, This is my birthday party.

	1/28/2020 at 3:30pm ,Birthday Party, This is my birthday party.

	1/28/2020 at 3:30pm ,Birthday Party, This is my birthday party.

	1/28/2020 at 3:30pm ,Birthday Party, This is my birthday party.

The number of appointments between 2/26/2018 and 2/27/2018
	 --- 2/26/2018 --- 
 --- -------- Appointments ------------ --- 
	2/26/2018 at 11:30pm ,Birthday Party, This is my birthday party.
 

	 --- 2/27/2018 --- 
 --- -------- Appointments ------------ --- 


	 --- 2/28/2018 --- 
 --- -------- Appointments ------------ --- 


	 --- 2/29/2018 --- 
 --- -------- Appointments ------------ --- 


	 --- 2/30/2018 --- 
 --- -------- Appointments ------------ --- 


	 --- 2/31/2018 --- 
 --- -------- Appointments ------------ --- 


	 --- 3/1/2018 --- 
 --- -------- Appointments ------------ --- 
	3/31/2017 at 3:30pm ,Birthday Party, This is my birthday party.
 

	 --- 3/2/2018 --- 
 --- -------- Appointments ------------ --- 


	 --- 3/3/2018 --- 
 --- -------- Appointments ------------ --- 


	 --- 3/4/2018 --- 
 --- -------- Appointments ------------ --- 


	 --- 3/5/2018 --- 
 --- -------- Appointments ------------ --- 


	 --- 3/6/2018 --- 
 --- -------- Appointments ------------ --- 


	 --- 3/7/2018 --- 
 --- -------- Appointments ------------ --- 


	 --- 3/8/2018 --- 
 --- -------- Appointments ------------ --- 


	 --- 3/9/2018 --- 
 --- -------- Appointments ------------ --- 


	 --- 3/10/2018 --- 
 --- -------- Appointments ------------ --- 


	 --- 3/11/2018 --- 
 --- -------- Appointments ------------ --- 


	 --- 3/12/2018 --- 
 --- -------- Appointments ------------ --- 


	 --- 3/13/2018 --- 
 --- -------- Appointments ------------ --- 


	 --- 3/14/2018 --- 
 --- -------- Appointments ------------ --- 


	 --- 3/15/2018 --- 
 --- -------- Appointments ------------ --- 


	 --- 3/16/2018 --- 
 --- -------- Appointments ------------ --- 


	 --- 3/17/2018 --- 
 --- -------- Appointments ------------ --- 


	 --- 3/18/2018 --- 
 --- -------- Appointments ------------ --- 


	 --- 3/19/2018 --- 
 --- -------- Appointments ------------ --- 


	 --- 3/20/2018 --- 
 --- -------- Appointments ------------ --- 


	 --- 3/21/2018 --- 
 --- -------- Appointments ------------ --- 


	 --- 3/22/2018 --- 
 --- -------- Appointments ------------ --- 


	 --- 3/23/2018 --- 
 --- -------- Appointments ------------ --- 


	 --- 3/24/2018 --- 
 --- -------- Appointments ------------ --- 


	 --- 3/25/2018 --- 
 --- -------- Appointments ------------ --- 


	 --- 3/26/2018 --- 
 --- -------- Appointments ------------ --- 


	 --- 3/27/2018 --- 
 --- -------- Appointments ------------ --- 


	 --- 3/28/2018 --- 
 --- -------- Appointments ------------ --- 


	 --- 3/29/2018 --- 
 --- -------- Appointments ------------ --- 


	 --- 3/30/2018 --- 
 --- -------- Appointments ------------ --- 


	 --- 4/1/2018 --- 
 --- -------- Appointments ------------ --- 
	3/31/2017 at 3:30pm ,Birthday Party, This is my birthday party.
 

	 --- 4/2/2018 --- 
 --- -------- Appointments ------------ --- 


	 --- 4/3/2018 --- 
 --- -------- Appointments ------------ --- 


	 --- 4/4/2018 --- 
 --- -------- Appointments ------------ --- 


	 --- 4/5/2018 --- 
 --- -------- Appointments ------------ --- 


	 --- 4/6/2018 --- 
 --- -------- Appointments ------------ --- 


	 --- 4/7/2018 --- 
 --- -------- Appointments ------------ --- 


	 --- 4/8/2018 --- 
 --- -------- Appointments ------------ --- 


	 --- 4/9/2018 --- 
 --- -------- Appointments ------------ --- 


	 --- 4/10/2018 --- 
 --- -------- Appointments ------------ --- 


	 --- 4/11/2018 --- 
 --- -------- Appointments ------------ --- 


	 --- 4/12/2018 --- 
 --- -------- Appointments ------------ --- 


	 --- 4/13/2018 --- 
 --- -------- Appointments ------------ --- 


	 --- 4/14/2018 --- 
 --- -------- Appointments ------------ --- 


	 --- 4/15/2018 --- 
 --- -------- Appointments ------------ --- 


	 --- 4/16/2018 --- 
 --- -------- Appointments ------------ --- 


	 --- 4/17/2018 --- 
 --- -------- Appointments ------------ --- 


	 --- 4/18/2018 --- 
 --- -------- Appointments ------------ --- 


	 --- 4/19/2018 --- 
 --- -------- Appointments ------------ --- 


	 --- 4/20/2018 --- 
 --- -------- Appointments ------------ --- 


	 --- 4/21/2018 --- 
 --- -------- Appointments ------------ --- 


	 --- 4/22/2018 --- 
 --- -------- Appointments ------------ --- 


	 --- 4/23/2018 --- 
 --- -------- Appointments ------------ --- 


	 --- 4/24/2018 --- 
 --- -------- Appointments ------------ --- 


	 --- 4/25/2018 --- 
 --- -------- Appointments ------------ --- 


	 --- 4/26/2018 --- 
 --- -------- Appointments ------------ --- 


	 --- 4/27/2018 --- 
 --- -------- Appointments ------------ --- 


	 --- 4/28/2018 --- 
 --- -------- Appointments ------------ --- 


	 --- 4/29/2018 --- 
 --- -------- Appointments ------------ --- 


	 --- 4/30/2018 --- 
 --- -------- Appointments ------------ --- 


	 --- 4/31/2018 --- 
 --- -------- Appointments ------------ --- 


	 --- 5/1/2018 --- 
 --- -------- Appointments ------------ --- 
	3/31/2017 at 3:30pm ,Birthday Party, This is my birthday party.
 

	 --- 5/2/2018 --- 
 --- -------- Appointments ------------ --- 


	 --- 5/3/2018 --- 
 --- -------- Appointments ------------ --- 


	 --- 5/4/2018 --- 
 --- -------- Appointments ------------ --- 


	 --- 5/5/2018 --- 
 --- -------- Appointments ------------ --- 


	 --- 5/6/2018 --- 
 --- -------- Appointments ------------ --- 


	 --- 5/7/2018 --- 
 --- -------- Appointments ------------ --- 


	 --- 5/8/2018 --- 
 --- -------- Appointments ------------ --- 


	 --- 5/9/2018 --- 
 --- -------- Appointments ------------ --- 


	 --- 5/10/2018 --- 
 --- -------- Appointments ------------ --- 


	 --- 5/11/2018 --- 
 --- -------- Appointments ------------ --- 


	 --- 5/12/2018 --- 
 --- -------- Appointments ------------ --- 


	 --- 5/13/2018 --- 
 --- -------- Appointments ------------ --- 


	 --- 5/14/2018 --- 
 --- -------- Appointments ------------ --- 


	 --- 5/15/2018 --- 
 --- -------- Appointments ------------ --- 


	 --- 5/16/2018 --- 
 --- -------- Appointments ------------ --- 


	 --- 5/17/2018 --- 
 --- -------- Appointments ------------ --- 


	 --- 5/18/2018 --- 
 --- -------- Appointments ------------ --- 


	 --- 5/19/2018 --- 
 --- -------- Appointments ------------ --- 


	 --- 5/20/2018 --- 
 --- -------- Appointments ------------ --- 


	 --- 5/21/2018 --- 
 --- -------- Appointments ------------ --- 


	 --- 5/22/2018 --- 
 --- -------- Appointments ------------ --- 


	 --- 5/23/2018 --- 
 --- -------- Appointments ------------ --- 


	 --- 5/24/2018 --- 
 --- -------- Appointments ------------ --- 


	 --- 5/25/2018 --- 
 --- -------- Appointments ------------ --- 


	 --- 5/26/2018 --- 
 --- -------- Appointments ------------ --- 


	 --- 5/27/2018 --- 
 --- -------- Appointments ------------ --- 


	 --- 5/28/2018 --- 
 --- -------- Appointments ------------ --- 


	 --- 5/29/2018 --- 
 --- -------- Appointments ------------ --- 


	 --- 5/30/2018 --- 
 --- -------- Appointments ------------ --- 


	 --- 6/1/2018 --- 
 --- -------- Appointments ------------ --- 
	3/31/2017 at 3:30pm ,Birthday Party, This is my birthday party.
 

	 --- 6/2/2018 --- 
 --- -------- Appointments ------------ --- 


	 --- 6/3/2018 --- 
 --- -------- Appointments ------------ --- 


	 --- 6/4/2018 --- 
 --- -------- Appointments ------------ --- 


	 --- 6/5/2018 --- 
 --- -------- Appointments ------------ --- 


	 --- 6/6/2018 --- 
 --- -------- Appointments ------------ --- 


	 --- 6/7/2018 --- 
 --- -------- Appointments ------------ --- 


	 --- 6/8/2018 --- 
 --- -------- Appointments ------------ --- 


	 --- 6/9/2018 --- 
 --- -------- Appointments ------------ --- 


	 --- 6/10/2018 --- 
 --- -------- Appointments ------------ --- 


	 --- 6/11/2018 --- 
 --- -------- Appointments ------------ --- 


	 --- 6/12/2018 --- 
 --- -------- Appointments ------------ --- 


	 --- 6/13/2018 --- 
 --- -------- Appointments ------------ --- 


	 --- 6/14/2018 --- 
 --- -------- Appointments ------------ --- 


	 --- 6/15/2018 --- 
 --- -------- Appointments ------------ --- 


	 --- 6/16/2018 --- 
 --- -------- Appointments ------------ --- 


	 --- 6/17/2018 --- 
 --- -------- Appointments ------------ --- 


	 --- 6/18/2018 --- 
 --- -------- Appointments ------------ --- 


	 --- 6/19/2018 --- 
 --- -------- Appointments ------------ --- 


	 --- 6/20/2018 --- 
 --- -------- Appointments ------------ --- 


	 --- 6/21/2018 --- 
 --- -------- Appointments ------------ --- 


	 --- 6/22/2018 --- 
 --- -------- Appointments ------------ --- 


	 --- 6/23/2018 --- 
 --- -------- Appointments ------------ --- 


	 --- 6/24/2018 --- 
 --- -------- Appointments ------------ --- 


	 --- 6/25/2018 --- 
 --- -------- Appointments ------------ --- 


	 --- 6/26/2018 --- 
 --- -------- Appointments ------------ --- 


	 --- 6/27/2018 --- 
 --- -------- Appointments ------------ --- 


	 --- 6/28/2018 --- 
 --- -------- Appointments ------------ --- 


	 --- 6/29/2018 --- 
 --- -------- Appointments ------------ --- 


	 --- 6/30/2018 --- 
 --- -------- Appointments ------------ --- 


	 --- 6/31/2018 --- 
 --- -------- Appointments ------------ --- 


	 --- 7/1/2018 --- 
 --- -------- Appointments ------------ --- 
	3/31/2017 at 3:30pm ,Birthday Party, This is my birthday party.
 

	 --- 7/2/2018 --- 
 --- -------- Appointments ------------ --- 


	 --- 7/3/2018 --- 
 --- -------- Appointments ------------ --- 


	 --- 7/4/2018 --- 
 --- -------- Appointments ------------ --- 


	 --- 7/5/2018 --- 
 --- -------- Appointments ------------ --- 


	 --- 7/6/2018 --- 
 --- -------- Appointments ------------ --- 


	 --- 7/7/2018 --- 
 --- -------- Appointments ------------ --- 


	 --- 7/8/2018 --- 
 --- -------- Appointments ------------ --- 


	 --- 7/9/2018 --- 
 --- -------- Appointments ------------ --- 


	 --- 7/10/2018 --- 
 --- -------- Appointments ------------ --- 


	 --- 7/11/2018 --- 
 --- -------- Appointments ------------ --- 


	 --- 7/12/2018 --- 
 --- -------- Appointments ------------ --- 


	 --- 7/13/2018 --- 
 --- -------- Appointments ------------ --- 


	 --- 7/14/2018 --- 
 --- -------- Appointments ------------ --- 


	 --- 7/15/2018 --- 
 --- -------- Appointments ------------ --- 


	 --- 7/16/2018 --- 
 --- -------- Appointments ------------ --- 


	 --- 7/17/2018 --- 
 --- -------- Appointments ------------ --- 


	 --- 7/18/2018 --- 
 --- -------- Appointments ------------ --- 


	 --- 7/19/2018 --- 
 --- -------- Appointments ------------ --- 


	 --- 7/20/2018 --- 
 --- -------- Appointments ------------ --- 


	 --- 7/21/2018 --- 
 --- -------- Appointments ------------ --- 


	 --- 7/22/2018 --- 
 --- -------- Appointments ------------ --- 


	 --- 7/23/2018 --- 
 --- -------- Appointments ------------ --- 


	 --- 7/24/2018 --- 
 --- -------- Appointments ------------ --- 


	 --- 7/25/2018 --- 
 --- -------- Appointments ------------ --- 


	 --- 7/26/2018 --- 
 --- -------- Appointments ------------ --- 


	 --- 7/27/2018 --- 
 --- -------- Appointments ------------ --- 


	 --- 7/28/2018 --- 
 --- -------- Appointments ------------ --- 


	 --- 7/29/2018 --- 
 --- -------- Appointments ------------ --- 


	 --- 7/30/2018 --- 
 --- -------- Appointments ------------ --- 


	 --- 7/31/2018 --- 
 --- -------- Appointments ------------ --- 


	 --- 8/1/2018 --- 
 --- -------- Appointments ------------ --- 
	3/31/2017 at 3:30pm ,Birthday Party, This is my birthday party.
 

	 --- 8/2/2018 --- 
 --- -------- Appointments ------------ --- 


	 --- 8/3/2018 --- 
 --- -------- Appointments ------------ --- 


	 --- 8/4/2018 --- 
 --- -------- Appointments ------------ --- 


	 --- 8/5/2018 --- 
 --- -------- Appointments ------------ --- 


	 --- 8/6/2018 --- 
 --- -------- Appointments ------------ --- 


	 --- 8/7/2018 --- 
 --- -------- Appointments ------------ --- 


	 --- 8/8/2018 --- 
 --- -------- Appointments ------------ --- 


	 --- 8/9/2018 --- 
 --- -------- Appointments ------------ --- 


	 --- 8/10/2018 --- 
 --- -------- Appointments ------------ --- 


	 --- 8/11/2018 --- 
 --- -------- Appointments ------------ --- 


	 --- 8/12/2018 --- 
 --- -------- Appointments ------------ --- 


	 --- 8/13/2018 --- 
 --- -------- Appointments ------------ --- 


	 --- 8/14/2018 --- 
 --- -------- Appointments ------------ --- 


	 --- 8/15/2018 --- 
 --- -------- Appointments ------------ --- 


	 --- 8/16/2018 --- 
 --- -------- Appointments ------------ --- 


	 --- 8/17/2018 --- 
 --- -------- Appointments ------------ --- 


	 --- 8/18/2018 --- 
 --- -------- Appointments ------------ --- 


	 --- 8/19/2018 --- 
 --- -------- Appointments ------------ --- 


	 --- 8/20/2018 --- 
 --- -------- Appointments ------------ --- 


	 --- 8/21/2018 --- 
 --- -------- Appointments ------------ --- 


	 --- 8/22/2018 --- 
 --- -------- Appointments ------------ --- 


	 --- 8/23/2018 --- 
 --- -------- Appointments ------------ --- 


	 --- 8/24/2018 --- 
 --- -------- Appointments ------------ --- 


	 --- 8/25/2018 --- 
 --- -------- Appointments ------------ --- 


	 --- 8/26/2018 --- 
 --- -------- Appointments ------------ --- 


	 --- 8/27/2018 --- 
 --- -------- Appointments ------------ --- 


	 --- 8/28/2018 --- 
 --- -------- Appointments ------------ --- 


	 --- 8/29/2018 --- 
 --- -------- Appointments ------------ --- 


	 --- 8/30/2018 --- 
 --- -------- Appointments ------------ --- 


	 --- 9/1/2018 --- 
 --- -------- Appointments ------------ --- 
	3/31/2017 at 3:30pm ,Birthday Party, This is my birthday party.
 

	 --- 9/2/2018 --- 
 --- -------- Appointments ------------ --- 


	 --- 9/3/2018 --- 
 --- -------- Appointments ------------ --- 


	 --- 9/4/2018 --- 
 --- -------- Appointments ------------ --- 


	 --- 9/5/2018 --- 
 --- -------- Appointments ------------ --- 


	 --- 9/6/2018 --- 
 --- -------- Appointments ------------ --- 


	 --- 9/7/2018 --- 
 --- -------- Appointments ------------ --- 


	 --- 9/8/2018 --- 
 --- -------- Appointments ------------ --- 


	 --- 9/9/2018 --- 
 --- -------- Appointments ------------ --- 


	 --- 9/10/2018 --- 
 --- -------- Appointments ------------ --- 


	 --- 9/11/2018 --- 
 --- -------- Appointments ------------ --- 


	 --- 9/12/2018 --- 
 --- -------- Appointments ------------ --- 


	 --- 9/13/2018 --- 
 --- -------- Appointments ------------ --- 


	 --- 9/14/2018 --- 
 --- -------- Appointments ------------ --- 


	 --- 9/15/2018 --- 
 --- -------- Appointments ------------ --- 


	 --- 9/16/2018 --- 
 --- -------- Appointments ------------ --- 


	 --- 9/17/2018 --- 
 --- -------- Appointments ------------ --- 


	 --- 9/18/2018 --- 
 --- -------- Appointments ------------ --- 


	 --- 9/19/2018 --- 
 --- -------- Appointments ------------ --- 


	 --- 9/20/2018 --- 
 --- -------- Appointments ------------ --- 


	 --- 9/21/2018 --- 
 --- -------- Appointments ------------ --- 


	 --- 9/22/2018 --- 
 --- -------- Appointments ------------ --- 


	 --- 9/23/2018 --- 
 --- -------- Appointments ------------ --- 


	 --- 9/24/2018 --- 
 --- -------- Appointments ------------ --- 


	 --- 9/25/2018 --- 
 --- -------- Appointments ------------ --- 


	 --- 9/26/2018 --- 
 --- -------- Appointments ------------ --- 


	 --- 9/27/2018 --- 
 --- -------- Appointments ------------ --- 


	 --- 9/28/2018 --- 
 --- -------- Appointments ------------ --- 


	 --- 9/29/2018 --- 
 --- -------- Appointments ------------ --- 


	 --- 9/30/2018 --- 
 --- -------- Appointments ------------ --- 


	 --- 9/31/2018 --- 
 --- -------- Appointments ------------ --- 


	 --- 10/1/2018 --- 
 --- -------- Appointments ------------ --- 
	3/31/2017 at 3:30pm ,Birthday Party, This is my birthday party.
 

	 --- 10/2/2018 --- 
 --- -------- Appointments ------------ --- 


	 --- 10/3/2018 --- 
 --- -------- Appointments ------------ --- 


	 --- 10/4/2018 --- 
 --- -------- Appointments ------------ --- 


	 --- 10/5/2018 --- 
 --- -------- Appointments ------------ --- 


	 --- 10/6/2018 --- 
 --- -------- Appointments ------------ --- 


	 --- 10/7/2018 --- 
 --- -------- Appointments ------------ --- 


	 --- 10/8/2018 --- 
 --- -------- Appointments ------------ --- 


	 --- 10/9/2018 --- 
 --- -------- Appointments ------------ --- 


	 --- 10/10/2018 --- 
 --- -------- Appointments ------------ --- 


	 --- 10/11/2018 --- 
 --- -------- Appointments ------------ --- 


	 --- 10/12/2018 --- 
 --- -------- Appointments ------------ --- 


	 --- 10/13/2018 --- 
 --- -------- Appointments ------------ --- 


	 --- 10/14/2018 --- 
 --- -------- Appointments ------------ --- 


	 --- 10/15/2018 --- 
 --- -------- Appointments ------------ --- 


	 --- 10/16/2018 --- 
 --- -------- Appointments ------------ --- 


	 --- 10/17/2018 --- 
 --- -------- Appointments ------------ --- 


	 --- 10/18/2018 --- 
 --- -------- Appointments ------------ --- 


	 --- 10/19/2018 --- 
 --- -------- Appointments ------------ --- 


	 --- 10/20/2018 --- 
 --- -------- Appointments ------------ --- 


	 --- 10/21/2018 --- 
 --- -------- Appointments ------------ --- 


	 --- 10/22/2018 --- 
 --- -------- Appointments ------------ --- 


	 --- 10/23/2018 --- 
 --- -------- Appointments ------------ --- 


	 --- 10/24/2018 --- 
 --- -------- Appointments ------------ --- 


	 --- 10/25/2018 --- 
 --- -------- Appointments ------------ --- 


	 --- 10/26/2018 --- 
 --- -------- Appointments ------------ --- 


	 --- 10/27/2018 --- 
 --- -------- Appointments ------------ --- 


	 --- 10/28/2018 --- 
 --- -------- Appointments ------------ --- 


	 --- 10/29/2018 --- 
 --- -------- Appointments ------------ --- 


	 --- 10/30/2018 --- 
 --- -------- Appointments ------------ --- 


	 --- 11/1/2018 --- 
 --- -------- Appointments ------------ --- 
	3/31/2017 at 3:30pm ,Birthday Party, This is my birthday party.
 

	 --- 11/2/2018 --- 
 --- -------- Appointments ------------ --- 


	 --- 11/3/2018 --- 
 --- -------- Appointments ------------ --- 


	 --- 11/4/2018 --- 
 --- -------- Appointments ------------ --- 


	 --- 11/5/2018 --- 
 --- -------- Appointments ------------ --- 


	 --- 11/6/2018 --- 
 --- -------- Appointments ------------ --- 


	 --- 11/7/2018 --- 
 --- -------- Appointments ------------ --- 


	 --- 11/8/2018 --- 
 --- -------- Appointments ------------ --- 


	 --- 11/9/2018 --- 
 --- -------- Appointments ------------ --- 


	 --- 11/10/2018 --- 
 --- -------- Appointments ------------ --- 


	 --- 11/11/2018 --- 
 --- -------- Appointments ------------ --- 


	 --- 11/12/2018 --- 
 --- -------- Appointments ------------ --- 


	 --- 11/13/2018 --- 
 --- -------- Appointments ------------ --- 


	 --- 11/14/2018 --- 
 --- -------- Appointments ------------ --- 


	 --- 11/15/2018 --- 
 --- -------- Appointments ------------ --- 


	 --- 11/16/2018 --- 
 --- -------- Appointments ------------ --- 


	 --- 11/17/2018 --- 
 --- -------- Appointments ------------ --- 


	 --- 11/18/2018 --- 
 --- -------- Appointments ------------ --- 


	 --- 11/19/2018 --- 
 --- -------- Appointments ------------ --- 


	 --- 11/20/2018 --- 
 --- -------- Appointments ------------ --- 


	 --- 11/21/2018 --- 
 --- -------- Appointments ------------ --- 


	 --- 11/22/2018 --- 
 --- -------- Appointments ------------ --- 


	 --- 11/23/2018 --- 
 --- -------- Appointments ------------ --- 


	 --- 11/24/2018 --- 
 --- -------- Appointments ------------ --- 


	 --- 11/25/2018 --- 
 --- -------- Appointments ------------ --- 


	 --- 11/26/2018 --- 
 --- -------- Appointments ------------ --- 


	 --- 11/27/2018 --- 
 --- -------- Appointments ------------ --- 


	 --- 11/28/2018 --- 
 --- -------- Appointments ------------ --- 


	 --- 11/29/2018 --- 
 --- -------- Appointments ------------ --- 


	 --- 11/30/2018 --- 
 --- -------- Appointments ------------ --- 


	 --- 11/31/2018 --- 
 --- -------- Appointments ------------ --- 


	 --- 0/1/2019 --- 
 --- -------- Appointments ------------ --- 
	3/31/2017 at 3:30pm ,Birthday Party, This is my birthday party.
 

	 --- 0/2/2019 --- 
 --- -------- Appointments ------------ --- 


	 --- 0/3/2019 --- 
 --- -------- Appointments ------------ --- 


	 --- 0/4/2019 --- 
 --- -------- Appointments ------------ --- 


	 --- 0/5/2019 --- 
 --- -------- Appointments ------------ --- 


	 --- 0/6/2019 --- 
 --- -------- Appointments ------------ --- 


	 --- 0/7/2019 --- 
 --- -------- Appointments ------------ --- 


	 --- 0/8/2019 --- 
 --- -------- Appointments ------------ --- 


	 --- 0/9/2019 --- 
 --- -------- Appointments ------------ --- 


	 --- 0/10/2019 --- 
 --- -------- Appointments ------------ --- 


	 --- 0/11/2019 --- 
 --- -------- Appointments ------------ --- 


	 --- 0/12/2019 --- 
 --- -------- Appointments ------------ --- 


	 --- 0/13/2019 --- 
 --- -------- Appointments ------------ --- 


	 --- 0/14/2019 --- 
 --- -------- Appointments ------------ --- 


	 --- 0/15/2019 --- 
 --- -------- Appointments ------------ --- 


	 --- 0/16/2019 --- 
 --- -------- Appointments ------------ --- 


	 --- 0/17/2019 --- 
 --- -------- Appointments ------------ --- 


	 --- 0/18/2019 --- 
 --- -------- Appointments ------------ --- 


	 --- 0/19/2019 --- 
 --- -------- Appointments ------------ --- 


	 --- 0/20/2019 --- 
 --- -------- Appointments ------------ --- 


	 --- 0/21/2019 --- 
 --- -------- Appointments ------------ --- 


	 --- 0/22/2019 --- 
 --- -------- Appointments ------------ --- 


	 --- 0/23/2019 --- 
 --- -------- Appointments ------------ --- 


	 --- 0/24/2019 --- 
 --- -------- Appointments ------------ --- 


	 --- 0/25/2019 --- 
 --- -------- Appointments ------------ --- 


	 --- 0/26/2019 --- 
 --- -------- Appointments ------------ --- 


	 --- 0/27/2019 --- 
 --- -------- Appointments ------------ --- 


	 --- 0/28/2019 --- 
 --- -------- Appointments ------------ --- 


	 --- 0/29/2019 --- 
 --- -------- Appointments ------------ --- 


	 --- 0/30/2019 --- 
 --- -------- Appointments ------------ --- 


	 --- 0/31/2019 --- 
 --- -------- Appointments ------------ --- 


	 --- 1/1/2019 --- 
 --- -------- Appointments ------------ --- 
	3/31/2017 at 3:30pm ,Birthday Party, This is my birthday party.
 

	 --- 1/2/2019 --- 
 --- -------- Appointments ------------ --- 


	 --- 1/3/2019 --- 
 --- -------- Appointments ------------ --- 


	 --- 1/4/2019 --- 
 --- -------- Appointments ------------ --- 


	 --- 1/5/2019 --- 
 --- -------- Appointments ------------ --- 


	 --- 1/6/2019 --- 
 --- -------- Appointments ------------ --- 


	 --- 1/7/2019 --- 
 --- -------- Appointments ------------ --- 


	 --- 1/8/2019 --- 
 --- -------- Appointments ------------ --- 


	 --- 1/9/2019 --- 
 --- -------- Appointments ------------ --- 


	 --- 1/10/2019 --- 
 --- -------- Appointments ------------ --- 


	 --- 1/11/2019 --- 
 --- -------- Appointments ------------ --- 


	 --- 1/12/2019 --- 
 --- -------- Appointments ------------ --- 


	 --- 1/13/2019 --- 
 --- -------- Appointments ------------ --- 


	 --- 1/14/2019 --- 
 --- -------- Appointments ------------ --- 


	 --- 1/15/2019 --- 
 --- -------- Appointments ------------ --- 


	 --- 1/16/2019 --- 
 --- -------- Appointments ------------ --- 


	 --- 1/17/2019 --- 
 --- -------- Appointments ------------ --- 


	 --- 1/18/2019 --- 
 --- -------- Appointments ------------ --- 


	 --- 1/19/2019 --- 
 --- -------- Appointments ------------ --- 


	 --- 1/20/2019 --- 
 --- -------- Appointments ------------ --- 


	 --- 1/21/2019 --- 
 --- -------- Appointments ------------ --- 


	 --- 1/22/2019 --- 
 --- -------- Appointments ------------ --- 


	 --- 1/23/2019 --- 
 --- -------- Appointments ------------ --- 


	 --- 1/24/2019 --- 
 --- -------- Appointments ------------ --- 


	 --- 1/25/2019 --- 
 --- -------- Appointments ------------ --- 


	 --- 1/26/2019 --- 
 --- -------- Appointments ------------ --- 


	 --- 1/27/2019 --- 
 --- -------- Appointments ------------ --- 


	 --- 1/28/2019 --- 
 --- -------- Appointments ------------ --- 


	 --- 2/1/2019 --- 
 --- -------- Appointments ------------ --- 
	3/31/2017 at 3:30pm ,Birthday Party, This is my birthday party.
 

	 --- 2/2/2019 --- 
 --- -------- Appointments ------------ --- 


	 --- 2/3/2019 --- 
 --- -------- Appointments ------------ --- 


	 --- 2/4/2019 --- 
 --- -------- Appointments ------------ --- 


	 --- 2/5/2019 --- 
 --- -------- Appointments ------------ --- 


	 --- 2/6/2019 --- 
 --- -------- Appointments ------------ --- 


	 --- 2/7/2019 --- 
 --- -------- Appointments ------------ --- 


	 --- 2/8/2019 --- 
 --- -------- Appointments ------------ --- 


	 --- 2/9/2019 --- 
 --- -------- Appointments ------------ --- 


	 --- 2/10/2019 --- 
 --- -------- Appointments ------------ --- 


	 --- 2/11/2019 --- 
 --- -------- Appointments ------------ --- 


	 --- 2/12/2019 --- 
 --- -------- Appointments ------------ --- 


	 --- 2/13/2019 --- 
 --- -------- Appointments ------------ --- 


	 --- 2/14/2019 --- 
 --- -------- Appointments ------------ --- 


	 --- 2/15/2019 --- 
 --- -------- Appointments ------------ --- 


	 --- 2/16/2019 --- 
 --- -------- Appointments ------------ --- 


	 --- 2/17/2019 --- 
 --- -------- Appointments ------------ --- 


	 --- 2/18/2019 --- 
 --- -------- Appointments ------------ --- 


	 --- 2/19/2019 --- 
 --- -------- Appointments ------------ --- 


	 --- 2/20/2019 --- 
 --- -------- Appointments ------------ --- 


	 --- 2/21/2019 --- 
 --- -------- Appointments ------------ --- 


	 --- 2/22/2019 --- 
 --- -------- Appointments ------------ --- 


	 --- 2/23/2019 --- 
 --- -------- Appointments ------------ --- 


	 --- 2/24/2019 --- 
 --- -------- Appointments ------------ --- 


	 --- 2/25/2019 --- 
 --- -------- Appointments ------------ --- 


	 --- 2/26/2019 --- 
 --- -------- Appointments ------------ --- 
	2/26/2018 at 11:30pm ,Birthday Party, This is my birthday party.
 

	 --- 2/27/2019 --- 
 --- -------- Appointments ------------ --- 


	 --- 2/28/2019 --- 
 --- -------- Appointments ------------ --- 


	 --- 2/29/2019 --- 
 --- -------- Appointments ------------ --- 


	 --- 2/30/2019 --- 
 --- -------- Appointments ------------ --- 


	 --- 2/31/2019 --- 
 --- -------- Appointments ------------ --- 


	 --- 3/1/2019 --- 
 --- -------- Appointments ------------ --- 
	3/31/2017 at 3:30pm ,Birthday Party, This is my birthday party.
 

	 --- 3/2/2019 --- 
 --- -------- Appointments ------------ --- 


	 --- 3/3/2019 --- 
 --- -------- Appointments ------------ --- 


	 --- 3/4/2019 --- 
 --- -------- Appointments ------------ --- 


	 --- 3/5/2019 --- 
 --- -------- Appointments ------------ --- 


	 --- 3/6/2019 --- 
 --- -------- Appointments ------------ --- 


	 --- 3/7/2019 --- 
 --- -------- Appointments ------------ --- 


	 --- 3/8/2019 --- 
 --- -------- Appointments ------------ --- 


	 --- 3/9/2019 --- 
 --- -------- Appointments ------------ --- 


	 --- 3/10/2019 --- 
 --- -------- Appointments ------------ --- 


	 --- 3/11/2019 --- 
 --- -------- Appointments ------------ --- 


	 --- 3/12/2019 --- 
 --- -------- Appointments ------------ --- 


	 --- 3/13/2019 --- 
 --- -------- Appointments ------------ --- 


	 --- 3/14/2019 --- 
 --- -------- Appointments ------------ --- 


	 --- 3/15/2019 --- 
 --- -------- Appointments ------------ --- 


	 --- 3/16/2019 --- 
 --- -------- Appointments ------------ --- 


	 --- 3/17/2019 --- 
 --- -------- Appointments ------------ --- 


	 --- 3/18/2019 --- 
 --- -------- Appointments ------------ --- 


	 --- 3/19/2019 --- 
 --- -------- Appointments ------------ --- 


	 --- 3/20/2019 --- 
 --- -------- Appointments ------------ --- 


	 --- 3/21/2019 --- 
 --- -------- Appointments ------------ --- 


	 --- 3/22/2019 --- 
 --- -------- Appointments ------------ --- 


	 --- 3/23/2019 --- 
 --- -------- Appointments ------------ --- 


	 --- 3/24/2019 --- 
 --- -------- Appointments ------------ --- 


	 --- 3/25/2019 --- 
 --- -------- Appointments ------------ --- 


	 --- 3/26/2019 --- 
 --- -------- Appointments ------------ --- 


	 --- 3/27/2019 --- 
 --- -------- Appointments ------------ --- 


	 --- 3/28/2019 --- 
 --- -------- Appointments ------------ --- 


	 --- 3/29/2019 --- 
 --- -------- Appointments ------------ --- 


	 --- 3/30/2019 --- 
 --- -------- Appointments ------------ --- 


	 --- 4/1/2019 --- 
 --- -------- Appointments ------------ --- 
	3/31/2017 at 3:30pm ,Birthday Party, This is my birthday party.
 

	 --- 4/2/2019 --- 
 --- -------- Appointments ------------ --- 


	 --- 4/3/2019 --- 
 --- -------- Appointments ------------ --- 


	 --- 4/4/2019 --- 
 --- -------- Appointments ------------ --- 


	 --- 4/5/2019 --- 
 --- -------- Appointments ------------ --- 


	 --- 4/6/2019 --- 
 --- -------- Appointments ------------ --- 


	 --- 4/7/2019 --- 
 --- -------- Appointments ------------ --- 


	 --- 4/8/2019 --- 
 --- -------- Appointments ------------ --- 


	 --- 4/9/2019 --- 
 --- -------- Appointments ------------ --- 


	 --- 4/10/2019 --- 
 --- -------- Appointments ------------ --- 


	 --- 4/11/2019 --- 
 --- -------- Appointments ------------ --- 


	 --- 4/12/2019 --- 
 --- -------- Appointments ------------ --- 


	 --- 4/13/2019 --- 
 --- -------- Appointments ------------ --- 


	 --- 4/14/2019 --- 
 --- -------- Appointments ------------ --- 


	 --- 4/15/2019 --- 
 --- -------- Appointments ------------ --- 


	 --- 4/16/2019 --- 
 --- -------- Appointments ------------ --- 


	 --- 4/17/2019 --- 
 --- -------- Appointments ------------ --- 


	 --- 4/18/2019 --- 
 --- -------- Appointments ------------ --- 


	 --- 4/19/2019 --- 
 --- -------- Appointments ------------ --- 


	 --- 4/20/2019 --- 
 --- -------- Appointments ------------ --- 


	 --- 4/21/2019 --- 
 --- -------- Appointments ------------ --- 


	 --- 4/22/2019 --- 
 --- -------- Appointments ------------ --- 


	 --- 4/23/2019 --- 
 --- -------- Appointments ------------ --- 


	 --- 4/24/2019 --- 
 --- -------- Appointments ------------ --- 


	 --- 4/25/2019 --- 
 --- -------- Appointments ------------ --- 


	 --- 4/26/2019 --- 
 --- -------- Appointments ------------ --- 


	 --- 4/27/2019 --- 
 --- -------- Appointments ------------ --- 


	 --- 4/28/2019 --- 
 --- -------- Appointments ------------ --- 


	 --- 4/29/2019 --- 
 --- -------- Appointments ------------ --- 


	 --- 4/30/2019 --- 
 --- -------- Appointments ------------ --- 


	 --- 4/31/2019 --- 
 --- -------- Appointments ------------ --- 


	 --- 5/1/2019 --- 
 --- -------- Appointments ------------ --- 
	3/31/2017 at 3:30pm ,Birthday Party, This is my birthday party.
 

	 --- 5/2/2019 --- 
 --- -------- Appointments ------------ --- 


	 --- 5/3/2019 --- 
 --- -------- Appointments ------------ --- 


	 --- 5/4/2019 --- 
 --- -------- Appointments ------------ --- 


	 --- 5/5/2019 --- 
 --- -------- Appointments ------------ --- 


	 --- 5/6/2019 --- 
 --- -------- Appointments ------------ --- 


	 --- 5/7/2019 --- 
 --- -------- Appointments ------------ --- 


	 --- 5/8/2019 --- 
 --- -------- Appointments ------------ --- 


	 --- 5/9/2019 --- 
 --- -------- Appointments ------------ --- 


	 --- 5/10/2019 --- 
 --- -------- Appointments ------------ --- 


	 --- 5/11/2019 --- 
 --- -------- Appointments ------------ --- 


	 --- 5/12/2019 --- 
 --- -------- Appointments ------------ --- 


	 --- 5/13/2019 --- 
 --- -------- Appointments ------------ --- 


	 --- 5/14/2019 --- 
 --- -------- Appointments ------------ --- 


	 --- 5/15/2019 --- 
 --- -------- Appointments ------------ --- 


	 --- 5/16/2019 --- 
 --- -------- Appointments ------------ --- 


	 --- 5/17/2019 --- 
 --- -------- Appointments ------------ --- 


	 --- 5/18/2019 --- 
 --- -------- Appointments ------------ --- 


	 --- 5/19/2019 --- 
 --- -------- Appointments ------------ --- 


	 --- 5/20/2019 --- 
 --- -------- Appointments ------------ --- 


	 --- 5/21/2019 --- 
 --- -------- Appointments ------------ --- 


	 --- 5/22/2019 --- 
 --- -------- Appointments ------------ --- 


	 --- 5/23/2019 --- 
 --- -------- Appointments ------------ --- 


	 --- 5/24/2019 --- 
 --- -------- Appointments ------------ --- 


	 --- 5/25/2019 --- 
 --- -------- Appointments ------------ --- 


	 --- 5/26/2019 --- 
 --- -------- Appointments ------------ --- 


	 --- 5/27/2019 --- 
 --- -------- Appointments ------------ --- 


	 --- 5/28/2019 --- 
 --- -------- Appointments ------------ --- 


	 --- 5/29/2019 --- 
 --- -------- Appointments ------------ --- 


	 --- 5/30/2019 --- 
 --- -------- Appointments ------------ --- 


	 --- 6/1/2019 --- 
 --- -------- Appointments ------------ --- 
	3/31/2017 at 3:30pm ,Birthday Party, This is my birthday party.
 

	 --- 6/2/2019 --- 
 --- -------- Appointments ------------ --- 


	 --- 6/3/2019 --- 
 --- -------- Appointments ------------ --- 


	 --- 6/4/2019 --- 
 --- -------- Appointments ------------ --- 


	 --- 6/5/2019 --- 
 --- -------- Appointments ------------ --- 


	 --- 6/6/2019 --- 
 --- -------- Appointments ------------ --- 


	 --- 6/7/2019 --- 
 --- -------- Appointments ------------ --- 


	 --- 6/8/2019 --- 
 --- -------- Appointments ------------ --- 


	 --- 6/9/2019 --- 
 --- -------- Appointments ------------ --- 


	 --- 6/10/2019 --- 
 --- -------- Appointments ------------ --- 


	 --- 6/11/2019 --- 
 --- -------- Appointments ------------ --- 


	 --- 6/12/2019 --- 
 --- -------- Appointments ------------ --- 


	 --- 6/13/2019 --- 
 --- -------- Appointments ------------ --- 


	 --- 6/14/2019 --- 
 --- -------- Appointments ------------ --- 


	 --- 6/15/2019 --- 
 --- -------- Appointments ------------ --- 


	 --- 6/16/2019 --- 
 --- -------- Appointments ------------ --- 


	 --- 6/17/2019 --- 
 --- -------- Appointments ------------ --- 


	 --- 6/18/2019 --- 
 --- -------- Appointments ------------ --- 


	 --- 6/19/2019 --- 
 --- -------- Appointments ------------ --- 


	 --- 6/20/2019 --- 
 --- -------- Appointments ------------ --- 


	 --- 6/21/2019 --- 
 --- -------- Appointments ------------ --- 


	 --- 6/22/2019 --- 
 --- -------- Appointments ------------ --- 


	 --- 6/23/2019 --- 
 --- -------- Appointments ------------ --- 


	 --- 6/24/2019 --- 
 --- -------- Appointments ------------ --- 


	 --- 6/25/2019 --- 
 --- -------- Appointments ------------ --- 


	 --- 6/26/2019 --- 
 --- -------- Appointments ------------ --- 


	 --- 6/27/2019 --- 
 --- -------- Appointments ------------ --- 


	 --- 6/28/2019 --- 
 --- -------- Appointments ------------ --- 


	 --- 6/29/2019 --- 
 --- -------- Appointments ------------ --- 


	 --- 6/30/2019 --- 
 --- -------- Appointments ------------ --- 


	 --- 6/31/2019 --- 
 --- -------- Appointments ------------ --- 


	 --- 7/1/2019 --- 
 --- -------- Appointments ------------ --- 
	3/31/2017 at 3:30pm ,Birthday Party, This is my birthday party.
 

	 --- 7/2/2019 --- 
 --- -------- Appointments ------------ --- 


	 --- 7/3/2019 --- 
 --- -------- Appointments ------------ --- 


	 --- 7/4/2019 --- 
 --- -------- Appointments ------------ --- 


	 --- 7/5/2019 --- 
 --- -------- Appointments ------------ --- 


	 --- 7/6/2019 --- 
 --- -------- Appointments ------------ --- 


	 --- 7/7/2019 --- 
 --- -------- Appointments ------------ --- 


	 --- 7/8/2019 --- 
 --- -------- Appointments ------------ --- 


	 --- 7/9/2019 --- 
 --- -------- Appointments ------------ --- 


	 --- 7/10/2019 --- 
 --- -------- Appointments ------------ --- 


	 --- 7/11/2019 --- 
 --- -------- Appointments ------------ --- 


	 --- 7/12/2019 --- 
 --- -------- Appointments ------------ --- 


	 --- 7/13/2019 --- 
 --- -------- Appointments ------------ --- 


	 --- 7/14/2019 --- 
 --- -------- Appointments ------------ --- 


	 --- 7/15/2019 --- 
 --- -------- Appointments ------------ --- 


	 --- 7/16/2019 --- 
 --- -------- Appointments ------------ --- 


	 --- 7/17/2019 --- 
 --- -------- Appointments ------------ --- 


	 --- 7/18/2019 --- 
 --- -------- Appointments ------------ --- 


	 --- 7/19/2019 --- 
 --- -------- Appointments ------------ --- 


	 --- 7/20/2019 --- 
 --- -------- Appointments ------------ --- 


	 --- 7/21/2019 --- 
 --- -------- Appointments ------------ --- 


	 --- 7/22/2019 --- 
 --- -------- Appointments ------------ --- 


	 --- 7/23/2019 --- 
 --- -------- Appointments ------------ --- 


	 --- 7/24/2019 --- 
 --- -------- Appointments ------------ --- 


	 --- 7/25/2019 --- 
 --- -------- Appointments ------------ --- 


	 --- 7/26/2019 --- 
 --- -------- Appointments ------------ --- 


	 --- 7/27/2019 --- 
 --- -------- Appointments ------------ --- 


	 --- 7/28/2019 --- 
 --- -------- Appointments ------------ --- 


	 --- 7/29/2019 --- 
 --- -------- Appointments ------------ --- 


	 --- 7/30/2019 --- 
 --- -------- Appointments ------------ --- 


	 --- 7/31/2019 --- 
 --- -------- Appointments ------------ --- 


	 --- 8/1/2019 --- 
 --- -------- Appointments ------------ --- 
	3/31/2017 at 3:30pm ,Birthday Party, This is my birthday party.
 

	 --- 8/2/2019 --- 
 --- -------- Appointments ------------ --- 


	 --- 8/3/2019 --- 
 --- -------- Appointments ------------ --- 


	 --- 8/4/2019 --- 
 --- -------- Appointments ------------ --- 


	 --- 8/5/2019 --- 
 --- -------- Appointments ------------ --- 


	 --- 8/6/2019 --- 
 --- -------- Appointments ------------ --- 


	 --- 8/7/2019 --- 
 --- -------- Appointments ------------ --- 


	 --- 8/8/2019 --- 
 --- -------- Appointments ------------ --- 


	 --- 8/9/2019 --- 
 --- -------- Appointments ------------ --- 


	 --- 8/10/2019 --- 
 --- -------- Appointments ------------ --- 


	 --- 8/11/2019 --- 
 --- -------- Appointments ------------ --- 


	 --- 8/12/2019 --- 
 --- -------- Appointments ------------ --- 


	 --- 8/13/2019 --- 
 --- -------- Appointments ------------ --- 


	 --- 8/14/2019 --- 
 --- -------- Appointments ------------ --- 


	 --- 8/15/2019 --- 
 --- -------- Appointments ------------ --- 


	 --- 8/16/2019 --- 
 --- -------- Appointments ------------ --- 


	 --- 8/17/2019 --- 
 --- -------- Appointments ------------ --- 


	 --- 8/18/2019 --- 
 --- -------- Appointments ------------ --- 


	 --- 8/19/2019 --- 
 --- -------- Appointments ------------ --- 


	 --- 8/20/2019 --- 
 --- -------- Appointments ------------ --- 


	 --- 8/21/2019 --- 
 --- -------- Appointments ------------ --- 


	 --- 8/22/2019 --- 
 --- -------- Appointments ------------ --- 


	 --- 8/23/2019 --- 
 --- -------- Appointments ------------ --- 


	 --- 8/24/2019 --- 
 --- -------- Appointments ------------ --- 


	 --- 8/25/2019 --- 
 --- -------- Appointments ------------ --- 


	 --- 8/26/2019 --- 
 --- -------- Appointments ------------ --- 


	 --- 8/27/2019 --- 
 --- -------- Appointments ------------ --- 


	 --- 8/28/2019 --- 
 --- -------- Appointments ------------ --- 


	 --- 8/29/2019 --- 
 --- -------- Appointments ------------ --- 


	 --- 8/30/2019 --- 
 --- -------- Appointments ------------ --- 


	 --- 9/1/2019 --- 
 --- -------- Appointments ------------ --- 
	3/31/2017 at 3:30pm ,Birthday Party, This is my birthday party.
 

	 --- 9/2/2019 --- 
 --- -------- Appointments ------------ --- 


	 --- 9/3/2019 --- 
 --- -------- Appointments ------------ --- 


	 --- 9/4/2019 --- 
 --- -------- Appointments ------------ --- 


	 --- 9/5/2019 --- 
 --- -------- Appointments ------------ --- 


	 --- 9/6/2019 --- 
 --- -------- Appointments ------------ --- 


	 --- 9/7/2019 --- 
 --- -------- Appointments ------------ --- 


	 --- 9/8/2019 --- 
 --- -------- Appointments ------------ --- 


	 --- 9/9/2019 --- 
 --- -------- Appointments ------------ --- 


	 --- 9/10/2019 --- 
 --- -------- Appointments ------------ --- 


	 --- 9/11/2019 --- 
 --- -------- Appointments ------------ --- 


	 --- 9/12/2019 --- 
 --- -------- Appointments ------------ --- 


	 --- 9/13/2019 --- 
 --- -------- Appointments ------------ --- 


	 --- 9/14/2019 --- 
 --- -------- Appointments ------------ --- 


	 --- 9/15/2019 --- 
 --- -------- Appointments ------------ --- 


	 --- 9/16/2019 --- 
 --- -------- Appointments ------------ --- 


	 --- 9/17/2019 --- 
 --- -------- Appointments ------------ --- 


	 --- 9/18/2019 --- 
 --- -------- Appointments ------------ --- 


	 --- 9/19/2019 --- 
 --- -------- Appointments ------------ --- 


	 --- 9/20/2019 --- 
 --- -------- Appointments ------------ --- 


	 --- 9/21/2019 --- 
 --- -------- Appointments ------------ --- 


	 --- 9/22/2019 --- 
 --- -------- Appointments ------------ --- 


	 --- 9/23/2019 --- 
 --- -------- Appointments ------------ --- 


	 --- 9/24/2019 --- 
 --- -------- Appointments ------------ --- 


	 --- 9/25/2019 --- 
 --- -------- Appointments ------------ --- 


	 --- 9/26/2019 --- 
 --- -------- Appointments ------------ --- 


	 --- 9/27/2019 --- 
 --- -------- Appointments ------------ --- 


	 --- 9/28/2019 --- 
 --- -------- Appointments ------------ --- 


	 --- 9/29/2019 --- 
 --- -------- Appointments ------------ --- 


	 --- 9/30/2019 --- 
 --- -------- Appointments ------------ --- 


	 --- 9/31/2019 --- 
 --- -------- Appointments ------------ --- 


	 --- 10/1/2019 --- 
 --- -------- Appointments ------------ --- 
	3/31/2017 at 3:30pm ,Birthday Party, This is my birthday party.
 

	 --- 10/2/2019 --- 
 --- -------- Appointments ------------ --- 


	 --- 10/3/2019 --- 
 --- -------- Appointments ------------ --- 


	 --- 10/4/2019 --- 
 --- -------- Appointments ------------ --- 


	 --- 10/5/2019 --- 
 --- -------- Appointments ------------ --- 


	 --- 10/6/2019 --- 
 --- -------- Appointments ------------ --- 


	 --- 10/7/2019 --- 
 --- -------- Appointments ------------ --- 


	 --- 10/8/2019 --- 
 --- -------- Appointments ------------ --- 


	 --- 10/9/2019 --- 
 --- -------- Appointments ------------ --- 


	 --- 10/10/2019 --- 
 --- -------- Appointments ------------ --- 


	 --- 10/11/2019 --- 
 --- -------- Appointments ------------ --- 


	 --- 10/12/2019 --- 
 --- -------- Appointments ------------ --- 


	 --- 10/13/2019 --- 
 --- -------- Appointments ------------ --- 


	 --- 10/14/2019 --- 
 --- -------- Appointments ------------ --- 


	 --- 10/15/2019 --- 
 --- -------- Appointments ------------ --- 


	 --- 10/16/2019 --- 
 --- -------- Appointments ------------ --- 


	 --- 10/17/2019 --- 
 --- -------- Appointments ------------ --- 


	 --- 10/18/2019 --- 
 --- -------- Appointments ------------ --- 


	 --- 10/19/2019 --- 
 --- -------- Appointments ------------ --- 


	 --- 10/20/2019 --- 
 --- -------- Appointments ------------ --- 


	 --- 10/21/2019 --- 
 --- -------- Appointments ------------ --- 


	 --- 10/22/2019 --- 
 --- -------- Appointments ------------ --- 


	 --- 10/23/2019 --- 
 --- -------- Appointments ------------ --- 


	 --- 10/24/2019 --- 
 --- -------- Appointments ------------ --- 


	 --- 10/25/2019 --- 
 --- -------- Appointments ------------ --- 


	 --- 10/26/2019 --- 
 --- -------- Appointments ------------ --- 


	 --- 10/27/2019 --- 
 --- -------- Appointments ------------ --- 


	 --- 10/28/2019 --- 
 --- -------- Appointments ------------ --- 


	 --- 10/29/2019 --- 
 --- -------- Appointments ------------ --- 


	 --- 10/30/2019 --- 
 --- -------- Appointments ------------ --- 


	 --- 11/1/2019 --- 
 --- -------- Appointments ------------ --- 
	3/31/2017 at 3:30pm ,Birthday Party, This is my birthday party.
 

	 --- 11/2/2019 --- 
 --- -------- Appointments ------------ --- 


	 --- 11/3/2019 --- 
 --- -------- Appointments ------------ --- 


	 --- 11/4/2019 --- 
 --- -------- Appointments ------------ --- 


	 --- 11/5/2019 --- 
 --- -------- Appointments ------------ --- 


	 --- 11/6/2019 --- 
 --- -------- Appointments ------------ --- 


	 --- 11/7/2019 --- 
 --- -------- Appointments ------------ --- 


	 --- 11/8/2019 --- 
 --- -------- Appointments ------------ --- 


	 --- 11/9/2019 --- 
 --- -------- Appointments ------------ --- 


	 --- 11/10/2019 --- 
 --- -------- Appointments ------------ --- 


	 --- 11/11/2019 --- 
 --- -------- Appointments ------------ --- 


	 --- 11/12/2019 --- 
 --- -------- Appointments ------------ --- 


	 --- 11/13/2019 --- 
 --- -------- Appointments ------------ --- 


	 --- 11/14/2019 --- 
 --- -------- Appointments ------------ --- 


	 --- 11/15/2019 --- 
 --- -------- Appointments ------------ --- 


	 --- 11/16/2019 --- 
 --- -------- Appointments ------------ --- 


	 --- 11/17/2019 --- 
 --- -------- Appointments ------------ --- 


	 --- 11/18/2019 --- 
 --- -------- Appointments ------------ --- 


	 --- 11/19/2019 --- 
 --- -------- Appointments ------------ --- 


	 --- 11/20/2019 --- 
 --- -------- Appointments ------------ --- 


	 --- 11/21/2019 --- 
 --- -------- Appointments ------------ --- 


	 --- 11/22/2019 --- 
 --- -------- Appointments ------------ --- 


	 --- 11/23/2019 --- 
 --- -------- Appointments ------------ --- 


	 --- 11/24/2019 --- 
 --- -------- Appointments ------------ --- 


	 --- 11/25/2019 --- 
 --- -------- Appointments ------------ --- 


	 --- 11/26/2019 --- 
 --- -------- Appointments ------------ --- 


	 --- 11/27/2019 --- 
 --- -------- Appointments ------------ --- 


	 --- 11/28/2019 --- 
 --- -------- Appointments ------------ --- 


	 --- 11/29/2019 --- 
 --- -------- Appointments ------------ --- 


	 --- 11/30/2019 --- 
 --- -------- Appointments ------------ --- 


	 --- 11/31/2019 --- 
 --- -------- Appointments ------------ --- 


	 --- 0/1/2020 --- 
 --- -------- Appointments ------------ --- 
	3/31/2017 at 3:30pm ,Birthday Party, This is my birthday party.
 

	 --- 0/2/2020 --- 
 --- -------- Appointments ------------ --- 


	 --- 0/3/2020 --- 
 --- -------- Appointments ------------ --- 


	 --- 0/4/2020 --- 
 --- -------- Appointments ------------ --- 


	 --- 0/5/2020 --- 
 --- -------- Appointments ------------ --- 


	 --- 0/6/2020 --- 
 --- -------- Appointments ------------ --- 


	 --- 0/7/2020 --- 
 --- -------- Appointments ------------ --- 


	 --- 0/8/2020 --- 
 --- -------- Appointments ------------ --- 


	 --- 0/9/2020 --- 
 --- -------- Appointments ------------ --- 


	 --- 0/10/2020 --- 
 --- -------- Appointments ------------ --- 


	 --- 0/11/2020 --- 
 --- -------- Appointments ------------ --- 


	 --- 0/12/2020 --- 
 --- -------- Appointments ------------ --- 


	 --- 0/13/2020 --- 
 --- -------- Appointments ------------ --- 


	 --- 0/14/2020 --- 
 --- -------- Appointments ------------ --- 


	 --- 0/15/2020 --- 
 --- -------- Appointments ------------ --- 


	 --- 0/16/2020 --- 
 --- -------- Appointments ------------ --- 


	 --- 0/17/2020 --- 
 --- -------- Appointments ------------ --- 


	 --- 0/18/2020 --- 
 --- -------- Appointments ------------ --- 


	 --- 0/19/2020 --- 
 --- -------- Appointments ------------ --- 


	 --- 0/20/2020 --- 
 --- -------- Appointments ------------ --- 


	 --- 0/21/2020 --- 
 --- -------- Appointments ------------ --- 


	 --- 0/22/2020 --- 
 --- -------- Appointments ------------ --- 


	 --- 0/23/2020 --- 
 --- -------- Appointments ------------ --- 


	 --- 0/24/2020 --- 
 --- -------- Appointments ------------ --- 


	 --- 0/25/2020 --- 
 --- -------- Appointments ------------ --- 


	 --- 0/26/2020 --- 
 --- -------- Appointments ------------ --- 


	 --- 0/27/2020 --- 
 --- -------- Appointments ------------ --- 


	 --- 0/28/2020 --- 
 --- -------- Appointments ------------ --- 


	 --- 0/29/2020 --- 
 --- -------- Appointments ------------ --- 


	 --- 0/30/2020 --- 
 --- -------- Appointments ------------ --- 


	 --- 0/31/2020 --- 
 --- -------- Appointments ------------ --- 


	 --- 1/1/2020 --- 
 --- -------- Appointments ------------ --- 
	3/31/2017 at 3:30pm ,Birthday Party, This is my birthday party.
 

	 --- 1/2/2020 --- 
 --- -------- Appointments ------------ --- 


	 --- 1/3/2020 --- 
 --- -------- Appointments ------------ --- 


	 --- 1/4/2020 --- 
 --- -------- Appointments ------------ --- 


	 --- 1/5/2020 --- 
 --- -------- Appointments ------------ --- 


	 --- 1/6/2020 --- 
 --- -------- Appointments ------------ --- 


	 --- 1/7/2020 --- 
 --- -------- Appointments ------------ --- 


	 --- 1/8/2020 --- 
 --- -------- Appointments ------------ --- 


	 --- 1/9/2020 --- 
 --- -------- Appointments ------------ --- 


	 --- 1/10/2020 --- 
 --- -------- Appointments ------------ --- 


	 --- 1/11/2020 --- 
 --- -------- Appointments ------------ --- 


	 --- 1/12/2020 --- 
 --- -------- Appointments ------------ --- 


	 --- 1/13/2020 --- 
 --- -------- Appointments ------------ --- 


	 --- 1/14/2020 --- 
 --- -------- Appointments ------------ --- 


	 --- 1/15/2020 --- 
 --- -------- Appointments ------------ --- 


	 --- 1/16/2020 --- 
 --- -------- Appointments ------------ --- 


	 --- 1/17/2020 --- 
 --- -------- Appointments ------------ --- 


	 --- 1/18/2020 --- 
 --- -------- Appointments ------------ --- 


	 --- 1/19/2020 --- 
 --- -------- Appointments ------------ --- 


	 --- 1/20/2020 --- 
 --- -------- Appointments ------------ --- 


	 --- 1/21/2020 --- 
 --- -------- Appointments ------------ --- 


	 --- 1/22/2020 --- 
 --- -------- Appointments ------------ --- 


	 --- 1/23/2020 --- 
 --- -------- Appointments ------------ --- 


	 --- 1/24/2020 --- 
 --- -------- Appointments ------------ --- 


	 --- 1/25/2020 --- 
 --- -------- Appointments ------------ --- 


	 --- 1/26/2020 --- 
 --- -------- Appointments ------------ --- 


	 --- 1/27/2020 --- 
 --- -------- Appointments ------------ --- 


	 --- 1/28/2020 --- 
 --- -------- Appointments ------------ --- 
	1/28/2020 at 3:30pm ,Birthday Party, This is my birthday party.
 

	 --- 1/29/2020 --- 
 --- -------- Appointments ------------ --- 


	 --- 2/1/2020 --- 
 --- -------- Appointments ------------ --- 
	3/31/2017 at 3:30pm ,Birthday Party, This is my birthday party.
 

	 --- 2/2/2020 --- 
 --- -------- Appointments ------------ --- 


	 --- 2/3/2020 --- 
 --- -------- Appointments ------------ --- 


	 --- 2/4/2020 --- 
 --- -------- Appointments ------------ --- 


	 --- 2/5/2020 --- 
 --- -------- Appointments ------------ --- 


	 --- 2/6/2020 --- 
 --- -------- Appointments ------------ --- 


	 --- 2/7/2020 --- 
 --- -------- Appointments ------------ --- 


	 --- 2/8/2020 --- 
 --- -------- Appointments ------------ --- 


	 --- 2/9/2020 --- 
 --- -------- Appointments ------------ --- 


	 --- 2/10/2020 --- 
 --- -------- Appointments ------------ --- 


	 --- 2/11/2020 --- 
 --- -------- Appointments ------------ --- 


	 --- 2/12/2020 --- 
 --- -------- Appointments ------------ --- 


	 --- 2/13/2020 --- 
 --- -------- Appointments ------------ --- 


	 --- 2/14/2020 --- 
 --- -------- Appointments ------------ --- 


	 --- 2/15/2020 --- 
 --- -------- Appointments ------------ --- 


	 --- 2/16/2020 --- 
 --- -------- Appointments ------------ --- 


	 --- 2/17/2020 --- 
 --- -------- Appointments ------------ --- 


	 --- 2/18/2020 --- 
 --- -------- Appointments ------------ --- 


	 --- 2/19/2020 --- 
 --- -------- Appointments ------------ --- 


	 --- 2/20/2020 --- 
 --- -------- Appointments ------------ --- 


	 --- 2/21/2020 --- 
 --- -------- Appointments ------------ --- 


	 --- 2/22/2020 --- 
 --- -------- Appointments ------------ --- 


	 --- 2/23/2020 --- 
 --- -------- Appointments ------------ --- 


	 --- 2/24/2020 --- 
 --- -------- Appointments ------------ --- 


	 --- 2/25/2020 --- 
 --- -------- Appointments ------------ --- 


	 --- 2/26/2020 --- 
 --- -------- Appointments ------------ --- 
	2/26/2018 at 11:30pm ,Birthday Party, This is my birthday party.
 

	 --- 2/27/2020 --- 
 --- -------- Appointments ------------ --- 


	 --- 2/28/2020 --- 
 --- -------- Appointments ------------ --- 
	1/28/2020 at 3:30pm ,Birthday Party, This is my birthday party.
 

	 --- 2/29/2020 --- 
 --- -------- Appointments ------------ --- 


	 --- 2/30/2020 --- 
 --- -------- Appointments ------------ --- 


	 --- 2/31/2020 --- 
 --- -------- Appointments ------------ --- 


	 --- 3/1/2020 --- 
 --- -------- Appointments ------------ --- 
	3/31/2017 at 3:30pm ,Birthday Party, This is my birthday party.
 

	 --- 3/2/2020 --- 
 --- -------- Appointments ------------ --- 


	 --- 3/3/2020 --- 
 --- -------- Appointments ------------ --- 


	 --- 3/4/2020 --- 
 --- -------- Appointments ------------ --- 


	 --- 3/5/2020 --- 
 --- -------- Appointments ------------ --- 


	 --- 3/6/2020 --- 
 --- -------- Appointments ------------ --- 


	 --- 3/7/2020 --- 
 --- -------- Appointments ------------ --- 


	 --- 3/8/2020 --- 
 --- -------- Appointments ------------ --- 


	 --- 3/9/2020 --- 
 --- -------- Appointments ------------ --- 


	 --- 3/10/2020 --- 
 --- -------- Appointments ------------ --- 


	 --- 3/11/2020 --- 
 --- -------- Appointments ------------ --- 


	 --- 3/12/2020 --- 
 --- -------- Appointments ------------ --- 


	 --- 3/13/2020 --- 
 --- -------- Appointments ------------ --- 


	 --- 3/14/2020 --- 
 --- -------- Appointments ------------ --- 


	 --- 3/15/2020 --- 
 --- -------- Appointments ------------ --- 


	 --- 3/16/2020 --- 
 --- -------- Appointments ------------ --- 


	 --- 3/17/2020 --- 
 --- -------- Appointments ------------ --- 


	 --- 3/18/2020 --- 
 --- -------- Appointments ------------ --- 


	 --- 3/19/2020 --- 
 --- -------- Appointments ------------ --- 


	 --- 3/20/2020 --- 
 --- -------- Appointments ------------ --- 


	 --- 3/21/2020 --- 
 --- -------- Appointments ------------ --- 


	 --- 3/22/2020 --- 
 --- -------- Appointments ------------ --- 


	 --- 3/23/2020 --- 
 --- -------- Appointments ------------ --- 


	 --- 3/24/2020 --- 
 --- -------- Appointments ------------ --- 


	 --- 3/25/2020 --- 
 --- -------- Appointments ------------ --- 


	 --- 3/26/2020 --- 
 --- -------- Appointments ------------ --- 


	 --- 3/27/2020 --- 
 --- -------- Appointments ------------ --- 


	 --- 3/28/2020 --- 
 --- -------- Appointments ------------ --- 
	1/28/2020 at 3:30pm ,Birthday Party, This is my birthday party.
 

	 --- 3/29/2020 --- 
 --- -------- Appointments ------------ --- 


	 --- 3/30/2020 --- 
 --- -------- Appointments ------------ --- 


	 --- 4/1/2020 --- 
 --- -------- Appointments ------------ --- 
	3/31/2017 at 3:30pm ,Birthday Party, This is my birthday party.
 

	 --- 4/2/2020 --- 
 --- -------- Appointments ------------ --- 


	 --- 4/3/2020 --- 
 --- -------- Appointments ------------ --- 


	 --- 4/4/2020 --- 
 --- -------- Appointments ------------ --- 


	 --- 4/5/2020 --- 
 --- -------- Appointments ------------ --- 


	 --- 4/6/2020 --- 
 --- -------- Appointments ------------ --- 


	 --- 4/7/2020 --- 
 --- -------- Appointments ------------ --- 


	 --- 4/8/2020 --- 
 --- -------- Appointments ------------ --- 


	 --- 4/9/2020 --- 
 --- -------- Appointments ------------ --- 


	 --- 4/10/2020 --- 
 --- -------- Appointments ------------ --- 


	 --- 4/11/2020 --- 
 --- -------- Appointments ------------ --- 


	 --- 4/12/2020 --- 
 --- -------- Appointments ------------ --- 


	 --- 4/13/2020 --- 
 --- -------- Appointments ------------ --- 


	 --- 4/14/2020 --- 
 --- -------- Appointments ------------ --- 


	 --- 4/15/2020 --- 
 --- -------- Appointments ------------ --- 


	 --- 4/16/2020 --- 
 --- -------- Appointments ------------ --- 


	 --- 4/17/2020 --- 
 --- -------- Appointments ------------ --- 


	 --- 4/18/2020 --- 
 --- -------- Appointments ------------ --- 


	 --- 4/19/2020 --- 
 --- -------- Appointments ------------ --- 


	 --- 4/20/2020 --- 
 --- -------- Appointments ------------ --- 


	 --- 4/21/2020 --- 
 --- -------- Appointments ------------ --- 


	 --- 4/22/2020 --- 
 --- -------- Appointments ------------ --- 


	 --- 4/23/2020 --- 
 --- -------- Appointments ------------ --- 


	 --- 4/24/2020 --- 
 --- -------- Appointments ------------ --- 


	 --- 4/25/2020 --- 
 --- -------- Appointments ------------ --- 


	 --- 4/26/2020 --- 
 --- -------- Appointments ------------ --- 


	 --- 4/27/2020 --- 
 --- -------- Appointments ------------ --- 


	 --- 4/28/2020 --- 
 --- -------- Appointments ------------ --- 
	1/28/2020 at 3:30pm ,Birthday Party, This is my birthday party.
 

	 --- 4/29/2020 --- 
 --- -------- Appointments ------------ --- 


	 --- 4/30/2020 --- 
 --- -------- Appointments ------------ --- 


	 --- 4/31/2020 --- 
 --- -------- Appointments ------------ --- 


	 --- 5/1/2020 --- 
 --- -------- Appointments ------------ --- 
	3/31/2017 at 3:30pm ,Birthday Party, This is my birthday party.
 

	 --- 5/2/2020 --- 
 --- -------- Appointments ------------ --- 


	 --- 5/3/2020 --- 
 --- -------- Appointments ------------ --- 


	 --- 5/4/2020 --- 
 --- -------- Appointments ------------ --- 


	 --- 5/5/2020 --- 
 --- -------- Appointments ------------ --- 


	 --- 5/6/2020 --- 
 --- -------- Appointments ------------ --- 


	 --- 5/7/2020 --- 
 --- -------- Appointments ------------ --- 


	 --- 5/8/2020 --- 
 --- -------- Appointments ------------ --- 


	 --- 5/9/2020 --- 
 --- -------- Appointments ------------ --- 


	 --- 5/10/2020 --- 
 --- -------- Appointments ------------ --- 


	 --- 5/11/2020 --- 
 --- -------- Appointments ------------ --- 


	 --- 5/12/2020 --- 
 --- -------- Appointments ------------ --- 


	 --- 5/13/2020 --- 
 --- -------- Appointments ------------ --- 


	 --- 5/14/2020 --- 
 --- -------- Appointments ------------ --- 


	 --- 5/15/2020 --- 
 --- -------- Appointments ------------ --- 


	 --- 5/16/2020 --- 
 --- -------- Appointments ------------ --- 


	 --- 5/17/2020 --- 
 --- -------- Appointments ------------ --- 


	 --- 5/18/2020 --- 
 --- -------- Appointments ------------ --- 


	 --- 5/19/2020 --- 
 --- -------- Appointments ------------ --- 


	 --- 5/20/2020 --- 
 --- -------- Appointments ------------ --- 


	 --- 5/21/2020 --- 
 --- -------- Appointments ------------ --- 


	 --- 5/22/2020 --- 
 --- -------- Appointments ------------ --- 


	 --- 5/23/2020 --- 
 --- -------- Appointments ------------ --- 


	 --- 5/24/2020 --- 
 --- -------- Appointments ------------ --- 


	 --- 5/25/2020 --- 
 --- -------- Appointments ------------ --- 


	 --- 5/26/2020 --- 
 --- -------- Appointments ------------ --- 


	 --- 5/27/2020 --- 
 --- -------- Appointments ------------ --- 


	 --- 5/28/2020 --- 
 --- -------- Appointments ------------ --- 
	1/28/2020 at 3:30pm ,Birthday Party, This is my birthday party.
 

	 --- 5/29/2020 --- 
 --- -------- Appointments ------------ --- 


	 --- 5/30/2020 --- 
 --- -------- Appointments ------------ --- 


	 --- 6/1/2020 --- 
 --- -------- Appointments ------------ --- 
	3/31/2017 at 3:30pm ,Birthday Party, This is my birthday party.
 

	 --- 6/2/2020 --- 
 --- -------- Appointments ------------ --- 


	 --- 6/3/2020 --- 
 --- -------- Appointments ------------ --- 


	 --- 6/4/2020 --- 
 --- -------- Appointments ------------ --- 


	 --- 6/5/2020 --- 
 --- -------- Appointments ------------ --- 


	 --- 6/6/2020 --- 
 --- -------- Appointments ------------ --- 


	 --- 6/7/2020 --- 
 --- -------- Appointments ------------ --- 


	 --- 6/8/2020 --- 
 --- -------- Appointments ------------ --- 


	 --- 6/9/2020 --- 
 --- -------- Appointments ------------ --- 


	 --- 6/10/2020 --- 
 --- -------- Appointments ------------ --- 


	 --- 6/11/2020 --- 
 --- -------- Appointments ------------ --- 


	 --- 6/12/2020 --- 
 --- -------- Appointments ------------ --- 


	 --- 6/13/2020 --- 
 --- -------- Appointments ------------ --- 


	 --- 6/14/2020 --- 
 --- -------- Appointments ------------ --- 


	 --- 6/15/2020 --- 
 --- -------- Appointments ------------ --- 


	 --- 6/16/2020 --- 
 --- -------- Appointments ------------ --- 


	 --- 6/17/2020 --- 
 --- -------- Appointments ------------ --- 


	 --- 6/18/2020 --- 
 --- -------- Appointments ------------ --- 


	 --- 6/19/2020 --- 
 --- -------- Appointments ------------ --- 


	 --- 6/20/2020 --- 
 --- -------- Appointments ------------ --- 


	 --- 6/21/2020 --- 
 --- -------- Appointments ------------ --- 


	 --- 6/22/2020 --- 
 --- -------- Appointments ------------ --- 


	 --- 6/23/2020 --- 
 --- -------- Appointments ------------ --- 


	 --- 6/24/2020 --- 
 --- -------- Appointments ------------ --- 


	 --- 6/25/2020 --- 
 --- -------- Appointments ------------ --- 


	 --- 6/26/2020 --- 
 --- -------- Appointments ------------ --- 


	 --- 6/27/2020 --- 
 --- -------- Appointments ------------ --- 


	 --- 6/28/2020 --- 
 --- -------- Appointments ------------ --- 
	1/28/2020 at 3:30pm ,Birthday Party, This is my birthday party.
 

	 --- 6/29/2020 --- 
 --- -------- Appointments ------------ --- 


	 --- 6/30/2020 --- 
 --- -------- Appointments ------------ --- 


	 --- 6/31/2020 --- 
 --- -------- Appointments ------------ --- 


	 --- 7/1/2020 --- 
 --- -------- Appointments ------------ --- 
	3/31/2017 at 3:30pm ,Birthday Party, This is my birthday party.
 

	 --- 7/2/2020 --- 
 --- -------- Appointments ------------ --- 


	 --- 7/3/2020 --- 
 --- -------- Appointments ------------ --- 


	 --- 7/4/2020 --- 
 --- -------- Appointments ------------ --- 


	 --- 7/5/2020 --- 
 --- -------- Appointments ------------ --- 


	 --- 7/6/2020 --- 
 --- -------- Appointments ------------ --- 


	 --- 7/7/2020 --- 
 --- -------- Appointments ------------ --- 


	 --- 7/8/2020 --- 
 --- -------- Appointments ------------ --- 


	 --- 7/9/2020 --- 
 --- -------- Appointments ------------ --- 


	 --- 7/10/2020 --- 
 --- -------- Appointments ------------ --- 


	 --- 7/11/2020 --- 
 --- -------- Appointments ------------ --- 


	 --- 7/12/2020 --- 
 --- -------- Appointments ------------ --- 


	 --- 7/13/2020 --- 
 --- -------- Appointments ------------ --- 


	 --- 7/14/2020 --- 
 --- -------- Appointments ------------ --- 


	 --- 7/15/2020 --- 
 --- -------- Appointments ------------ --- 


	 --- 7/16/2020 --- 
 --- -------- Appointments ------------ --- 


	 --- 7/17/2020 --- 
 --- -------- Appointments ------------ --- 


	 --- 7/18/2020 --- 
 --- -------- Appointments ------------ --- 


	 --- 7/19/2020 --- 
 --- -------- Appointments ------------ --- 


	 --- 7/20/2020 --- 
 --- -------- Appointments ------------ --- 


	 --- 7/21/2020 --- 
 --- -------- Appointments ------------ --- 


	 --- 7/22/2020 --- 
 --- -------- Appointments ------------ --- 


	 --- 7/23/2020 --- 
 --- -------- Appointments ------------ --- 


	 --- 7/24/2020 --- 
 --- -------- Appointments ------------ --- 


	 --- 7/25/2020 --- 
 --- -------- Appointments ------------ --- 


	 --- 7/26/2020 --- 
 --- -------- Appointments ------------ --- 


	 --- 7/27/2020 --- 
 --- -------- Appointments ------------ --- 


	 --- 7/28/2020 --- 
 --- -------- Appointments ------------ --- 
	1/28/2020 at 3:30pm ,Birthday Party, This is my birthday party.
 

	 --- 7/29/2020 --- 
 --- -------- Appointments ------------ --- 


	 --- 7/30/2020 --- 
 --- -------- Appointments ------------ --- 


	 --- 7/31/2020 --- 
 --- -------- Appointments ------------ --- 


	 --- 8/1/2020 --- 
 --- -------- Appointments ------------ --- 
	3/31/2017 at 3:30pm ,Birthday Party, This is my birthday party.
 

	 --- 8/2/2020 --- 
 --- -------- Appointments ------------ --- 


	 --- 8/3/2020 --- 
 --- -------- Appointments ------------ --- 


	 --- 8/4/2020 --- 
 --- -------- Appointments ------------ --- 


	 --- 8/5/2020 --- 
 --- -------- Appointments ------------ --- 


	 --- 8/6/2020 --- 
 --- -------- Appointments ------------ --- 


	 --- 8/7/2020 --- 
 --- -------- Appointments ------------ --- 


	 --- 8/8/2020 --- 
 --- -------- Appointments ------------ --- 


	 --- 8/9/2020 --- 
 --- -------- Appointments ------------ --- 


	 --- 8/10/2020 --- 
 --- -------- Appointments ------------ --- 


	 --- 8/11/2020 --- 
 --- -------- Appointments ------------ --- 


	 --- 8/12/2020 --- 
 --- -------- Appointments ------------ --- 


	 --- 8/13/2020 --- 
 --- -------- Appointments ------------ --- 


	 --- 8/14/2020 --- 
 --- -------- Appointments ------------ --- 


	 --- 8/15/2020 --- 
 --- -------- Appointments ------------ --- 


	 --- 8/16/2020 --- 
 --- -------- Appointments ------------ --- 


	 --- 8/17/2020 --- 
 --- -------- Appointments ------------ --- 


	 --- 8/18/2020 --- 
 --- -------- Appointments ------------ --- 


	 --- 8/19/2020 --- 
 --- -------- Appointments ------------ --- 


	 --- 8/20/2020 --- 
 --- -------- Appointments ------------ --- 


	 --- 8/21/2020 --- 
 --- -------- Appointments ------------ --- 


	 --- 8/22/2020 --- 
 --- -------- Appointments ------------ --- 


	 --- 8/23/2020 --- 
 --- -------- Appointments ------------ --- 


	 --- 8/24/2020 --- 
 --- -------- Appointments ------------ --- 


	 --- 8/25/2020 --- 
 --- -------- Appointments ------------ --- 


	 --- 8/26/2020 --- 
 --- -------- Appointments ------------ --- 


	 --- 8/27/2020 --- 
 --- -------- Appointments ------------ --- 


	 --- 8/28/2020 --- 
 --- -------- Appointments ------------ --- 
	1/28/2020 at 3:30pm ,Birthday Party, This is my birthday party.
 

	 --- 8/29/2020 --- 
 --- -------- Appointments ------------ --- 


	 --- 8/30/2020 --- 
 --- -------- Appointments ------------ --- 


	 --- 9/1/2020 --- 
 --- -------- Appointments ------------ --- 
	3/31/2017 at 3:30pm ,Birthday Party, This is my birthday party.
 

	 --- 9/2/2020 --- 
 --- -------- Appointments ------------ --- 


	 --- 9/3/2020 --- 
 --- -------- Appointments ------------ --- 


	 --- 9/4/2020 --- 
 --- -------- Appointments ------------ --- 


	 --- 9/5/2020 --- 
 --- -------- Appointments ------------ --- 


	 --- 9/6/2020 --- 
 --- -------- Appointments ------------ --- 


	 --- 9/7/2020 --- 
 --- -------- Appointments ------------ --- 


	 --- 9/8/2020 --- 
 --- -------- Appointments ------------ --- 


	 --- 9/9/2020 --- 
 --- -------- Appointments ------------ --- 


	 --- 9/10/2020 --- 
 --- -------- Appointments ------------ --- 


	 --- 9/11/2020 --- 
 --- -------- Appointments ------------ --- 


	 --- 9/12/2020 --- 
 --- -------- Appointments ------------ --- 


	 --- 9/13/2020 --- 
 --- -------- Appointments ------------ --- 


	 --- 9/14/2020 --- 
 --- -------- Appointments ------------ --- 


	 --- 9/15/2020 --- 
 --- -------- Appointments ------------ --- 


	 --- 9/16/2020 --- 
 --- -------- Appointments ------------ --- 


	 --- 9/17/2020 --- 
 --- -------- Appointments ------------ --- 


	 --- 9/18/2020 --- 
 --- -------- Appointments ------------ --- 


	 --- 9/19/2020 --- 
 --- -------- Appointments ------------ --- 


	 --- 9/20/2020 --- 
 --- -------- Appointments ------------ --- 


	 --- 9/21/2020 --- 
 --- -------- Appointments ------------ --- 


	 --- 9/22/2020 --- 
 --- -------- Appointments ------------ --- 


	 --- 9/23/2020 --- 
 --- -------- Appointments ------------ --- 


	 --- 9/24/2020 --- 
 --- -------- Appointments ------------ --- 


	 --- 9/25/2020 --- 
 --- -------- Appointments ------------ --- 


	 --- 9/26/2020 --- 
 --- -------- Appointments ------------ --- 


	 --- 9/27/2020 --- 
 --- -------- Appointments ------------ --- 


	 --- 9/28/2020 --- 
 --- -------- Appointments ------------ --- 
	1/28/2020 at 3:30pm ,Birthday Party, This is my birthday party.
 

	 --- 9/29/2020 --- 
 --- -------- Appointments ------------ --- 


	 --- 9/30/2020 --- 
 --- -------- Appointments ------------ --- 


	 --- 9/31/2020 --- 
 --- -------- Appointments ------------ --- 


	 --- 10/1/2020 --- 
 --- -------- Appointments ------------ --- 
	3/31/2017 at 3:30pm ,Birthday Party, This is my birthday party.
 

	 --- 10/2/2020 --- 
 --- -------- Appointments ------------ --- 


	 --- 10/3/2020 --- 
 --- -------- Appointments ------------ --- 


	 --- 10/4/2020 --- 
 --- -------- Appointments ------------ --- 


	 --- 10/5/2020 --- 
 --- -------- Appointments ------------ --- 


	 --- 10/6/2020 --- 
 --- -------- Appointments ------------ --- 


	 --- 10/7/2020 --- 
 --- -------- Appointments ------------ --- 


	 --- 10/8/2020 --- 
 --- -------- Appointments ------------ --- 


	 --- 10/9/2020 --- 
 --- -------- Appointments ------------ --- 


	 --- 10/10/2020 --- 
 --- -------- Appointments ------------ --- 


	 --- 10/11/2020 --- 
 --- -------- Appointments ------------ --- 


	 --- 10/12/2020 --- 
 --- -------- Appointments ------------ --- 


	 --- 10/13/2020 --- 
 --- -------- Appointments ------------ --- 


	 --- 10/14/2020 --- 
 --- -------- Appointments ------------ --- 


	 --- 10/15/2020 --- 
 --- -------- Appointments ------------ --- 


	 --- 10/16/2020 --- 
 --- -------- Appointments ------------ --- 


	 --- 10/17/2020 --- 
 --- -------- Appointments ------------ --- 


	 --- 10/18/2020 --- 
 --- -------- Appointments ------------ --- 


	 --- 10/19/2020 --- 
 --- -------- Appointments ------------ --- 


	 --- 10/20/2020 --- 
 --- -------- Appointments ------------ --- 


	 --- 10/21/2020 --- 
 --- -------- Appointments ------------ --- 


	 --- 10/22/2020 --- 
 --- -------- Appointments ------------ --- 


	 --- 10/23/2020 --- 
 --- -------- Appointments ------------ --- 


	 --- 10/24/2020 --- 
 --- -------- Appointments ------------ --- 


	 --- 10/25/2020 --- 
 --- -------- Appointments ------------ --- 


	 --- 10/26/2020 --- 
 --- -------- Appointments ------------ --- 


	 --- 10/27/2020 --- 
 --- -------- Appointments ------------ --- 


	 --- 10/28/2020 --- 
 --- -------- Appointments ------------ --- 
	1/28/2020 at 3:30pm ,Birthday Party, This is my birthday party.
 

	 --- 10/29/2020 --- 
 --- -------- Appointments ------------ --- 


	 --- 10/30/2020 --- 
 --- -------- Appointments ------------ --- 


	 --- 11/1/2020 --- 
 --- -------- Appointments ------------ --- 
	3/31/2017 at 3:30pm ,Birthday Party, This is my birthday party.
 

	 --- 11/2/2020 --- 
 --- -------- Appointments ------------ --- 


	 --- 11/3/2020 --- 
 --- -------- Appointments ------------ --- 


	 --- 11/4/2020 --- 
 --- -------- Appointments ------------ --- 


	 --- 11/5/2020 --- 
 --- -------- Appointments ------------ --- 


	 --- 11/6/2020 --- 
 --- -------- Appointments ------------ --- 


	 --- 11/7/2020 --- 
 --- -------- Appointments ------------ --- 


	 --- 11/8/2020 --- 
 --- -------- Appointments ------------ --- 


	 --- 11/9/2020 --- 
 --- -------- Appointments ------------ --- 


	 --- 11/10/2020 --- 
 --- -------- Appointments ------------ --- 


	 --- 11/11/2020 --- 
 --- -------- Appointments ------------ --- 


	 --- 11/12/2020 --- 
 --- -------- Appointments ------------ --- 


	 --- 11/13/2020 --- 
 --- -------- Appointments ------------ --- 


	 --- 11/14/2020 --- 
 --- -------- Appointments ------------ --- 


	 --- 11/15/2020 --- 
 --- -------- Appointments ------------ --- 


	 --- 11/16/2020 --- 
 --- -------- Appointments ------------ --- 


	 --- 11/17/2020 --- 
 --- -------- Appointments ------------ --- 


	 --- 11/18/2020 --- 
 --- -------- Appointments ------------ --- 


	 --- 11/19/2020 --- 
 --- -------- Appointments ------------ --- 


	 --- 11/20/2020 --- 
 --- -------- Appointments ------------ --- 


	 --- 11/21/2020 --- 
 --- -------- Appointments ------------ --- 


	 --- 11/22/2020 --- 
 --- -------- Appointments ------------ --- 


	 --- 11/23/2020 --- 
 --- -------- Appointments ------------ --- 


	 --- 11/24/2020 --- 
 --- -------- Appointments ------------ --- 


	 --- 11/25/2020 --- 
 --- -------- Appointments ------------ --- 


	 --- 11/26/2020 --- 
 --- -------- Appointments ------------ --- 


	 --- 11/27/2020 --- 
 --- -------- Appointments ------------ --- 


	 --- 11/28/2020 --- 
 --- -------- Appointments ------------ --- 
	1/28/2020 at 3:30pm ,Birthday Party, This is my birthday party.
 

	 --- 11/29/2020 --- 
 --- -------- Appointments ------------ --- 


	 --- 11/30/2020 --- 
 --- -------- Appointments ------------ --- 


	 --- 11/31/2020 --- 
 --- -------- Appointments ------------ --- 


	 --- 0/1/2021 --- 
 --- -------- Appointments ------------ --- 
	3/31/2017 at 3:30pm ,Birthday Party, This is my birthday party.
 

	 --- 0/2/2021 --- 
 --- -------- Appointments ------------ --- 


	 --- 0/3/2021 --- 
 --- -------- Appointments ------------ --- 


	 --- 0/4/2021 --- 
 --- -------- Appointments ------------ --- 


	 --- 0/5/2021 --- 
 --- -------- Appointments ------------ --- 


	 --- 0/6/2021 --- 
 --- -------- Appointments ------------ --- 


	 --- 0/7/2021 --- 
 --- -------- Appointments ------------ --- 


	 --- 0/8/2021 --- 
 --- -------- Appointments ------------ --- 


	 --- 0/9/2021 --- 
 --- -------- Appointments ------------ --- 


	 --- 0/10/2021 --- 
 --- -------- Appointments ------------ --- 


	 --- 0/11/2021 --- 
 --- -------- Appointments ------------ --- 


	 --- 0/12/2021 --- 
 --- -------- Appointments ------------ --- 


	 --- 0/13/2021 --- 
 --- -------- Appointments ------------ --- 


	 --- 0/14/2021 --- 
 --- -------- Appointments ------------ --- 


	 --- 0/15/2021 --- 
 --- -------- Appointments ------------ --- 


	 --- 0/16/2021 --- 
 --- -------- Appointments ------------ --- 


	 --- 0/17/2021 --- 
 --- -------- Appointments ------------ --- 


	 --- 0/18/2021 --- 
 --- -------- Appointments ------------ --- 


	 --- 0/19/2021 --- 
 --- -------- Appointments ------------ --- 


	 --- 0/20/2021 --- 
 --- -------- Appointments ------------ --- 


	 --- 0/21/2021 --- 
 --- -------- Appointments ------------ --- 


	 --- 0/22/2021 --- 
 --- -------- Appointments ------------ --- 


	 --- 0/23/2021 --- 
 --- -------- Appointments ------------ --- 


	 --- 0/24/2021 --- 
 --- -------- Appointments ------------ --- 


	 --- 0/25/2021 --- 
 --- -------- Appointments ------------ --- 


	 --- 0/26/2021 --- 
 --- -------- Appointments ------------ --- 


	 --- 0/27/2021 --- 
 --- -------- Appointments ------------ --- 


	 --- 0/28/2021 --- 
 --- -------- Appointments ------------ --- 
	1/28/2020 at 3:30pm ,Birthday Party, This is my birthday party.
 

	 --- 0/29/2021 --- 
 --- -------- Appointments ------------ --- 


	 --- 0/30/2021 --- 
 --- -------- Appointments ------------ --- 


	 --- 0/31/2021 --- 
 --- -------- Appointments ------------ --- 


	 --- 1/1/2021 --- 
 --- -------- Appointments ------------ --- 
	3/31/2017 at 3:30pm ,Birthday Party, This is my birthday party.
 

	 --- 1/2/2021 --- 
 --- -------- Appointments ------------ --- 


	 --- 1/3/2021 --- 
 --- -------- Appointments ------------ --- 


	 --- 1/4/2021 --- 
 --- -------- Appointments ------------ --- 


	 --- 1/5/2021 --- 
 --- -------- Appointments ------------ --- 


	 --- 1/6/2021 --- 
 --- -------- Appointments ------------ --- 


	 --- 1/7/2021 --- 
 --- -------- Appointments ------------ --- 


	 --- 1/8/2021 --- 
 --- -------- Appointments ------------ --- 


	 --- 1/9/2021 --- 
 --- -------- Appointments ------------ --- 


	 --- 1/10/2021 --- 
 --- -------- Appointments ------------ --- 


	 --- 1/11/2021 --- 
 --- -------- Appointments ------------ --- 


	 --- 1/12/2021 --- 
 --- -------- Appointments ------------ --- 


	 --- 1/13/2021 --- 
 --- -------- Appointments ------------ --- 


	 --- 1/14/2021 --- 
 --- -------- Appointments ------------ --- 


	 --- 1/15/2021 --- 
 --- -------- Appointments ------------ --- 


	 --- 1/16/2021 --- 
 --- -------- Appointments ------------ --- 


	 --- 1/17/2021 --- 
 --- -------- Appointments ------------ --- 


	 --- 1/18/2021 --- 
 --- -------- Appointments ------------ --- 


	 --- 1/19/2021 --- 
 --- -------- Appointments ------------ --- 


	 --- 1/20/2021 --- 
 --- -------- Appointments ------------ --- 


	 --- 1/21/2021 --- 
 --- -------- Appointments ------------ --- 


	 --- 1/22/2021 --- 
 --- -------- Appointments ------------ --- 


	 --- 1/23/2021 --- 
 --- -------- Appointments ------------ --- 


	 --- 1/24/2021 --- 
 --- -------- Appointments ------------ --- 


	 --- 1/25/2021 --- 
 --- -------- Appointments ------------ --- 


	 --- 1/26/2021 --- 
 --- -------- Appointments ------------ --- 


	 --- 1/27/2021 --- 
 --- -------- Appointments ------------ --- 


	 --- 1/28/2021 --- 
 --- -------- Appointments ------------ --- 
	1/28/2020 at 3:30pm ,Birthday Party, This is my birthday party.
 

	 --- 2/1/2021 --- 
 --- -------- Appointments ------------ --- 
	3/31/2017 at 3:30pm ,Birthday Party, This is my birthday party.
 

	 --- 2/2/2021 --- 
 --- -------- Appointments ------------ --- 


	 --- 2/3/2021 --- 
 --- -------- Appointments ------------ --- 


	 --- 2/4/2021 --- 
 --- -------- Appointments ------------ --- 


	 --- 2/5/2021 --- 
 --- -------- Appointments ------------ --- 


	 --- 2/6/2021 --- 
 --- -------- Appointments ------------ --- 


	 --- 2/7/2021 --- 
 --- -------- Appointments ------------ --- 


	 --- 2/8/2021 --- 
 --- -------- Appointments ------------ --- 


	 --- 2/9/2021 --- 
 --- -------- Appointments ------------ --- 


	 --- 2/10/2021 --- 
 --- -------- Appointments ------------ --- 


	 --- 2/11/2021 --- 
 --- -------- Appointments ------------ --- 


	 --- 2/12/2021 --- 
 --- -------- Appointments ------------ --- 


	 --- 2/13/2021 --- 
 --- -------- Appointments ------------ --- 


	 --- 2/14/2021 --- 
 --- -------- Appointments ------------ --- 


	 --- 2/15/2021 --- 
 --- -------- Appointments ------------ --- 


	 --- 2/16/2021 --- 
 --- -------- Appointments ------------ --- 


	 --- 2/17/2021 --- 
 --- -------- Appointments ------------ --- 


	 --- 2/18/2021 --- 
 --- -------- Appointments ------------ --- 


	 --- 2/19/2021 --- 
 --- -------- Appointments ------------ --- 


	 --- 2/20/2021 --- 
 --- -------- Appointments ------------ --- 


	 --- 2/21/2021 --- 
 --- -------- Appointments ------------ --- 


	 --- 2/22/2021 --- 
 --- -------- Appointments ------------ --- 


	 --- 2/23/2021 --- 
 --- -------- Appointments ------------ --- 


	 --- 2/24/2021 --- 
 --- -------- Appointments ------------ --- 


	 --- 2/25/2021 --- 
 --- -------- Appointments ------------ --- 


	 --- 2/26/2021 --- 
 --- -------- Appointments ------------ --- 
	2/26/2018 at 11:30pm ,Birthday Party, This is my birthday party.
 

	 --- 2/27/2021 --- 
 --- -------- Appointments ------------ --- 


	 --- 2/28/2021 --- 
 --- -------- Appointments ------------ --- 
	1/28/2020 at 3:30pm ,Birthday Party, This is my birthday party.
 

	 --- 2/29/2021 --- 
 --- -------- Appointments ------------ --- 


	 --- 2/30/2021 --- 
 --- -------- Appointments ------------ --- 


	 --- 2/31/2021 --- 
 --- -------- Appointments ------------ --- 


	 --- 3/1/2021 --- 
 --- -------- Appointments ------------ --- 
	3/31/2017 at 3:30pm ,Birthday Party, This is my birthday party.
 

	 --- 3/2/2021 --- 
 --- -------- Appointments ------------ --- 


	 --- 3/3/2021 --- 
 --- -------- Appointments ------------ --- 


	 --- 3/4/2021 --- 
 --- -------- Appointments ------------ --- 


	 --- 3/5/2021 --- 
 --- -------- Appointments ------------ --- 


	 --- 3/6/2021 --- 
 --- -------- Appointments ------------ --- 


	 --- 3/7/2021 --- 
 --- -------- Appointments ------------ --- 


	 --- 3/8/2021 --- 
 --- -------- Appointments ------------ --- 


	 --- 3/9/2021 --- 
 --- -------- Appointments ------------ --- 


	 --- 3/10/2021 --- 
 --- -------- Appointments ------------ --- 


	 --- 3/11/2021 --- 
 --- -------- Appointments ------------ --- 


	 --- 3/12/2021 --- 
 --- -------- Appointments ------------ --- 


	 --- 3/13/2021 --- 
 --- -------- Appointments ------------ --- 


	 --- 3/14/2021 --- 
 --- -------- Appointments ------------ --- 


	 --- 3/15/2021 --- 
 --- -------- Appointments ------------ --- 


	 --- 3/16/2021 --- 
 --- -------- Appointments ------------ --- 


	 --- 3/17/2021 --- 
 --- -------- Appointments ------------ --- 


	 --- 3/18/2021 --- 
 --- -------- Appointments ------------ --- 


	 --- 3/19/2021 --- 
 --- -------- Appointments ------------ --- 


	 --- 3/20/2021 --- 
 --- -------- Appointments ------------ --- 


	 --- 3/21/2021 --- 
 --- -------- Appointments ------------ --- 


	 --- 3/22/2021 --- 
 --- -------- Appointments ------------ --- 


	 --- 3/23/2021 --- 
 --- -------- Appointments ------------ --- 


	 --- 3/24/2021 --- 
 --- -------- Appointments ------------ --- 


	 --- 3/25/2021 --- 
 --- -------- Appointments ------------ --- 


	 --- 3/26/2021 --- 
 --- -------- Appointments ------------ --- 


	 --- 3/27/2021 --- 
 --- -------- Appointments ------------ --- 


	 --- 3/28/2021 --- 
 --- -------- Appointments ------------ --- 
	1/28/2020 at 3:30pm ,Birthday Party, This is my birthday party.
 

	 --- 3/29/2021 --- 
 --- -------- Appointments ------------ --- 


	 --- 3/30/2021 --- 
 --- -------- Appointments ------------ --- 


	 --- 4/1/2021 --- 
 --- -------- Appointments ------------ --- 
	3/31/2017 at 3:30pm ,Birthday Party, This is my birthday party.
 

	 --- 4/2/2021 --- 
 --- -------- Appointments ------------ --- 


	 --- 4/3/2021 --- 
 --- -------- Appointments ------------ --- 


	 --- 4/4/2021 --- 
 --- -------- Appointments ------------ --- 


	 --- 4/5/2021 --- 
 --- -------- Appointments ------------ --- 


	 --- 4/6/2021 --- 
 --- -------- Appointments ------------ --- 


	 --- 4/7/2021 --- 
 --- -------- Appointments ------------ --- 


	 --- 4/8/2021 --- 
 --- -------- Appointments ------------ --- 


	 --- 4/9/2021 --- 
 --- -------- Appointments ------------ --- 


	 --- 4/10/2021 --- 
 --- -------- Appointments ------------ --- 


	 --- 4/11/2021 --- 
 --- -------- Appointments ------------ --- 


	 --- 4/12/2021 --- 
 --- -------- Appointments ------------ --- 


	 --- 4/13/2021 --- 
 --- -------- Appointments ------------ --- 


	 --- 4/14/2021 --- 
 --- -------- Appointments ------------ --- 


	 --- 4/15/2021 --- 
 --- -------- Appointments ------------ --- 


	 --- 4/16/2021 --- 
 --- -------- Appointments ------------ --- 


	 --- 4/17/2021 --- 
 --- -------- Appointments ------------ --- 


	 --- 4/18/2021 --- 
 --- -------- Appointments ------------ --- 


	 --- 4/19/2021 --- 
 --- -------- Appointments ------------ --- 


	 --- 4/20/2021 --- 
 --- -------- Appointments ------------ --- 


	 --- 4/21/2021 --- 
 --- -------- Appointments ------------ --- 


	 --- 4/22/2021 --- 
 --- -------- Appointments ------------ --- 


	 --- 4/23/2021 --- 
 --- -------- Appointments ------------ --- 


	 --- 4/24/2021 --- 
 --- -------- Appointments ------------ --- 


	 --- 4/25/2021 --- 
 --- -------- Appointments ------------ --- 


	 --- 4/26/2021 --- 
 --- -------- Appointments ------------ --- 


	 --- 4/27/2021 --- 
 --- -------- Appointments ------------ --- 


	 --- 4/28/2021 --- 
 --- -------- Appointments ------------ --- 
	1/28/2020 at 3:30pm ,Birthday Party, This is my birthday party.
 

	 --- 4/29/2021 --- 
 --- -------- Appointments ------------ --- 


	 --- 4/30/2021 --- 
 --- -------- Appointments ------------ --- 


	 --- 4/31/2021 --- 
 --- -------- Appointments ------------ --- 


	 --- 5/1/2021 --- 
 --- -------- Appointments ------------ --- 
	3/31/2017 at 3:30pm ,Birthday Party, This is my birthday party.
 

	 --- 5/2/2021 --- 
 --- -------- Appointments ------------ --- 


	 --- 5/3/2021 --- 
 --- -------- Appointments ------------ --- 


	 --- 5/4/2021 --- 
 --- -------- Appointments ------------ --- 


	 --- 5/5/2021 --- 
 --- -------- Appointments ------------ --- 


	 --- 5/6/2021 --- 
 --- -------- Appointments ------------ --- 


	 --- 5/7/2021 --- 
 --- -------- Appointments ------------ --- 


	 --- 5/8/2021 --- 
 --- -------- Appointments ------------ --- 


	 --- 5/9/2021 --- 
 --- -------- Appointments ------------ --- 


	 --- 5/10/2021 --- 
 --- -------- Appointments ------------ --- 


	 --- 5/11/2021 --- 
 --- -------- Appointments ------------ --- 


	 --- 5/12/2021 --- 
 --- -------- Appointments ------------ --- 


	 --- 5/13/2021 --- 
 --- -------- Appointments ------------ --- 


	 --- 5/14/2021 --- 
 --- -------- Appointments ------------ --- 


	 --- 5/15/2021 --- 
 --- -------- Appointments ------------ --- 


	 --- 5/16/2021 --- 
 --- -------- Appointments ------------ --- 


	 --- 5/17/2021 --- 
 --- -------- Appointments ------------ --- 


	 --- 5/18/2021 --- 
 --- -------- Appointments ------------ --- 


	 --- 5/19/2021 --- 
 --- -------- Appointments ------------ --- 


	 --- 5/20/2021 --- 
 --- -------- Appointments ------------ --- 


	 --- 5/21/2021 --- 
 --- -------- Appointments ------------ --- 


	 --- 5/22/2021 --- 
 --- -------- Appointments ------------ --- 


	 --- 5/23/2021 --- 
 --- -------- Appointments ------------ --- 


	 --- 5/24/2021 --- 
 --- -------- Appointments ------------ --- 


	 --- 5/25/2021 --- 
 --- -------- Appointments ------------ --- 


	 --- 5/26/2021 --- 
 --- -------- Appointments ------------ --- 


	 --- 5/27/2021 --- 
 --- -------- Appointments ------------ --- 


	 --- 5/28/2021 --- 
 --- -------- Appointments ------------ --- 
	1/28/2020 at 3:30pm ,Birthday Party, This is my birthday party.
 

	 --- 5/29/2021 --- 
 --- -------- Appointments ------------ --- 


	 --- 5/30/2021 --- 
 --- -------- Appointments ------------ --- 


	 --- 6/1/2021 --- 
 --- -------- Appointments ------------ --- 
	3/31/2017 at 3:30pm ,Birthday Party, This is my birthday party.
 

	 --- 6/2/2021 --- 
 --- -------- Appointments ------------ --- 


	 --- 6/3/2021 --- 
 --- -------- Appointments ------------ --- 


	 --- 6/4/2021 --- 
 --- -------- Appointments ------------ --- 


	 --- 6/5/2021 --- 
 --- -------- Appointments ------------ --- 


	 --- 6/6/2021 --- 
 --- -------- Appointments ------------ --- 


	 --- 6/7/2021 --- 
 --- -------- Appointments ------------ --- 


	 --- 6/8/2021 --- 
 --- -------- Appointments ------------ --- 


	 --- 6/9/2021 --- 
 --- -------- Appointments ------------ --- 


	 --- 6/10/2021 --- 
 --- -------- Appointments ------------ --- 


	 --- 6/11/2021 --- 
 --- -------- Appointments ------------ --- 


	 --- 6/12/2021 --- 
 --- -------- Appointments ------------ --- 


	 --- 6/13/2021 --- 
 --- -------- Appointments ------------ --- 


	 --- 6/14/2021 --- 
 --- -------- Appointments ------------ --- 


	 --- 6/15/2021 --- 
 --- -------- Appointments ------------ --- 


	 --- 6/16/2021 --- 
 --- -------- Appointments ------------ --- 


	 --- 6/17/2021 --- 
 --- -------- Appointments ------------ --- 


	 --- 6/18/2021 --- 
 --- -------- Appointments ------------ --- 


	 --- 6/19/2021 --- 
 --- -------- Appointments ------------ --- 


	 --- 6/20/2021 --- 
 --- -------- Appointments ------------ --- 


	 --- 6/21/2021 --- 
 --- -------- Appointments ------------ --- 


	 --- 6/22/2021 --- 
 --- -------- Appointments ------------ --- 


	 --- 6/23/2021 --- 
 --- -------- Appointments ------------ --- 


	 --- 6/24/2021 --- 
 --- -------- Appointments ------------ --- 


	 --- 6/25/2021 --- 
 --- -------- Appointments ------------ --- 


	 --- 6/26/2021 --- 
 --- -------- Appointments ------------ --- 


	 --- 6/27/2021 --- 
 --- -------- Appointments ------------ --- 


	 --- 6/28/2021 --- 
 --- -------- Appointments ------------ --- 
	1/28/2020 at 3:30pm ,Birthday Party, This is my birthday party.
 

	 --- 6/29/2021 --- 
 --- -------- Appointments ------------ --- 


	 --- 6/30/2021 --- 
 --- -------- Appointments ------------ --- 


	 --- 6/31/2021 --- 
 --- -------- Appointments ------------ --- 


	 --- 7/1/2021 --- 
 --- -------- Appointments ------------ --- 
	3/31/2017 at 3:30pm ,Birthday Party, This is my birthday party.
 

	 --- 7/2/2021 --- 
 --- -------- Appointments ------------ --- 


	 --- 7/3/2021 --- 
 --- -------- Appointments ------------ --- 


	 --- 7/4/2021 --- 
 --- -------- Appointments ------------ --- 


	 --- 7/5/2021 --- 
 --- -------- Appointments ------------ --- 


	 --- 7/6/2021 --- 
 --- -------- Appointments ------------ --- 


	 --- 7/7/2021 --- 
 --- -------- Appointments ------------ --- 


	 --- 7/8/2021 --- 
 --- -------- Appointments ------------ --- 


	 --- 7/9/2021 --- 
 --- -------- Appointments ------------ --- 


	 --- 7/10/2021 --- 
 --- -------- Appointments ------------ --- 


	 --- 7/11/2021 --- 
 --- -------- Appointments ------------ --- 


	 --- 7/12/2021 --- 
 --- -------- Appointments ------------ --- 


	 --- 7/13/2021 --- 
 --- -------- Appointments ------------ --- 


	 --- 7/14/2021 --- 
 --- -------- Appointments ------------ --- 


	 --- 7/15/2021 --- 
 --- -------- Appointments ------------ --- 


	 --- 7/16/2021 --- 
 --- -------- Appointments ------------ --- 


	 --- 7/17/2021 --- 
 --- -------- Appointments ------------ --- 


	 --- 7/18/2021 --- 
 --- -------- Appointments ------------ --- 


	 --- 7/19/2021 --- 
 --- -------- Appointments ------------ --- 


	 --- 7/20/2021 --- 
 --- -------- Appointments ------------ --- 


	 --- 7/21/2021 --- 
 --- -------- Appointments ------------ --- 


	 --- 7/22/2021 --- 
 --- -------- Appointments ------------ --- 


	 --- 7/23/2021 --- 
 --- -------- Appointments ------------ --- 


	 --- 7/24/2021 --- 
 --- -------- Appointments ------------ --- 


	 --- 7/25/2021 --- 
 --- -------- Appointments ------------ --- 


	 --- 7/26/2021 --- 
 --- -------- Appointments ------------ --- 


	 --- 7/27/2021 --- 
 --- -------- Appointments ------------ --- 


	 --- 7/28/2021 --- 
 --- -------- Appointments ------------ --- 
	1/28/2020 at 3:30pm ,Birthday Party, This is my birthday party.
 

	 --- 7/29/2021 --- 
 --- -------- Appointments ------------ --- 


	 --- 7/30/2021 --- 
 --- -------- Appointments ------------ --- 


	 --- 7/31/2021 --- 
 --- -------- Appointments ------------ --- 


	 --- 8/1/2021 --- 
 --- -------- Appointments ------------ --- 
	3/31/2017 at 3:30pm ,Birthday Party, This is my birthday party.
 

	 --- 8/2/2021 --- 
 --- -------- Appointments ------------ --- 


	 --- 8/3/2021 --- 
 --- -------- Appointments ------------ --- 


	 --- 8/4/2021 --- 
 --- -------- Appointments ------------ --- 


	 --- 8/5/2021 --- 
 --- -------- Appointments ------------ --- 


	 --- 8/6/2021 --- 
 --- -------- Appointments ------------ --- 


	 --- 8/7/2021 --- 
 --- -------- Appointments ------------ --- 


	 --- 8/8/2021 --- 
 --- -------- Appointments ------------ --- 


	 --- 8/9/2021 --- 
 --- -------- Appointments ------------ --- 


	 --- 8/10/2021 --- 
 --- -------- Appointments ------------ --- 


	 --- 8/11/2021 --- 
 --- -------- Appointments ------------ --- 


	 --- 8/12/2021 --- 
 --- -------- Appointments ------------ --- 


	 --- 8/13/2021 --- 
 --- -------- Appointments ------------ --- 


	 --- 8/14/2021 --- 
 --- -------- Appointments ------------ --- 


	 --- 8/15/2021 --- 
 --- -------- Appointments ------------ --- 


	 --- 8/16/2021 --- 
 --- -------- Appointments ------------ --- 


	 --- 8/17/2021 --- 
 --- -------- Appointments ------------ --- 


	 --- 8/18/2021 --- 
 --- -------- Appointments ------------ --- 


	 --- 8/19/2021 --- 
 --- -------- Appointments ------------ --- 


	 --- 8/20/2021 --- 
 --- -------- Appointments ------------ --- 


	 --- 8/21/2021 --- 
 --- -------- Appointments ------------ --- 


	 --- 8/22/2021 --- 
 --- -------- Appointments ------------ --- 


	 --- 8/23/2021 --- 
 --- -------- Appointments ------------ --- 


	 --- 8/24/2021 --- 
 --- -------- Appointments ------------ --- 


	 --- 8/25/2021 --- 
 --- -------- Appointments ------------ --- 


	 --- 8/26/2021 --- 
 --- -------- Appointments ------------ --- 


	 --- 8/27/2021 --- 
 --- -------- Appointments ------------ --- 


	 --- 8/28/2021 --- 
 --- -------- Appointments ------------ --- 
	1/28/2020 at 3:30pm ,Birthday Party, This is my birthday party.
 

	 --- 8/29/2021 --- 
 --- -------- Appointments ------------ --- 


	 --- 8/30/2021 --- 
 --- -------- Appointments ------------ --- 


	 --- 9/1/2021 --- 
 --- -------- Appointments ------------ --- 
	3/31/2017 at 3:30pm ,Birthday Party, This is my birthday party.
 

	 --- 9/2/2021 --- 
 --- -------- Appointments ------------ --- 


	 --- 9/3/2021 --- 
 --- -------- Appointments ------------ --- 


	 --- 9/4/2021 --- 
 --- -------- Appointments ------------ --- 


	 --- 9/5/2021 --- 
 --- -------- Appointments ------------ --- 


	 --- 9/6/2021 --- 
 --- -------- Appointments ------------ --- 


	 --- 9/7/2021 --- 
 --- -------- Appointments ------------ --- 


	 --- 9/8/2021 --- 
 --- -------- Appointments ------------ --- 


	 --- 9/9/2021 --- 
 --- -------- Appointments ------------ --- 


	 --- 9/10/2021 --- 
 --- -------- Appointments ------------ --- 


	 --- 9/11/2021 --- 
 --- -------- Appointments ------------ --- 


	 --- 9/12/2021 --- 
 --- -------- Appointments ------------ --- 


	 --- 9/13/2021 --- 
 --- -------- Appointments ------------ --- 


	 --- 9/14/2021 --- 
 --- -------- Appointments ------------ --- 


	 --- 9/15/2021 --- 
 --- -------- Appointments ------------ --- 


	 --- 9/16/2021 --- 
 --- -------- Appointments ------------ --- 


	 --- 9/17/2021 --- 
 --- -------- Appointments ------------ --- 


	 --- 9/18/2021 --- 
 --- -------- Appointments ------------ --- 


	 --- 9/19/2021 --- 
 --- -------- Appointments ------------ --- 


	 --- 9/20/2021 --- 
 --- -------- Appointments ------------ --- 


	 --- 9/21/2021 --- 
 --- -------- Appointments ------------ --- 


	 --- 9/22/2021 --- 
 --- -------- Appointments ------------ --- 


	 --- 9/23/2021 --- 
 --- -------- Appointments ------------ --- 


	 --- 9/24/2021 --- 
 --- -------- Appointments ------------ --- 


	 --- 9/25/2021 --- 
 --- -------- Appointments ------------ --- 


	 --- 9/26/2021 --- 
 --- -------- Appointments ------------ --- 


	 --- 9/27/2021 --- 
 --- -------- Appointments ------------ --- 


	 --- 9/28/2021 --- 
 --- -------- Appointments ------------ --- 
	1/28/2020 at 3:30pm ,Birthday Party, This is my birthday party.
 

	 --- 9/29/2021 --- 
 --- -------- Appointments ------------ --- 


	 --- 9/30/2021 --- 
 --- -------- Appointments ------------ --- 


	 --- 9/31/2021 --- 
 --- -------- Appointments ------------ --- 


	 --- 10/1/2021 --- 
 --- -------- Appointments ------------ --- 
	3/31/2017 at 3:30pm ,Birthday Party, This is my birthday party.
 

	 --- 10/2/2021 --- 
 --- -------- Appointments ------------ --- 


	 --- 10/3/2021 --- 
 --- -------- Appointments ------------ --- 


	 --- 10/4/2021 --- 
 --- -------- Appointments ------------ --- 


	 --- 10/5/2021 --- 
 --- -------- Appointments ------------ --- 


	 --- 10/6/2021 --- 
 --- -------- Appointments ------------ --- 


	 --- 10/7/2021 --- 
 --- -------- Appointments ------------ --- 


	 --- 10/8/2021 --- 
 --- -------- Appointments ------------ --- 


	 --- 10/9/2021 --- 
 --- -------- Appointments ------------ --- 


	 --- 10/10/2021 --- 
 --- -------- Appointments ------------ --- 


	 --- 10/11/2021 --- 
 --- -------- Appointments ------------ --- 


	 --- 10/12/2021 --- 
 --- -------- Appointments ------------ --- 


	 --- 10/13/2021 --- 
 --- -------- Appointments ------------ --- 


	 --- 10/14/2021 --- 
 --- -------- Appointments ------------ --- 


	 --- 10/15/2021 --- 
 --- -------- Appointments ------------ --- 


	 --- 10/16/2021 --- 
 --- -------- Appointments ------------ --- 


	 --- 10/17/2021 --- 
 --- -------- Appointments ------------ --- 


	 --- 10/18/2021 --- 
 --- -------- Appointments ------------ --- 


	 --- 10/19/2021 --- 
 --- -------- Appointments ------------ --- 


	 --- 10/20/2021 --- 
 --- -------- Appointments ------------ --- 


	 --- 10/21/2021 --- 
 --- -------- Appointments ------------ --- 


	 --- 10/22/2021 --- 
 --- -------- Appointments ------------ --- 


	 --- 10/23/2021 --- 
 --- -------- Appointments ------------ --- 


	 --- 10/24/2021 --- 
 --- -------- Appointments ------------ --- 


	 --- 10/25/2021 --- 
 --- -------- Appointments ------------ --- 


	 --- 10/26/2021 --- 
 --- -------- Appointments ------------ --- 


	 --- 10/27/2021 --- 
 --- -------- Appointments ------------ --- 


	 --- 10/28/2021 --- 
 --- -------- Appointments ------------ --- 
	1/28/2020 at 3:30pm ,Birthday Party, This is my birthday party.
 

	 --- 10/29/2021 --- 
 --- -------- Appointments ------------ --- 


	 --- 10/30/2021 --- 
 --- -------- Appointments ------------ --- 


	 --- 11/1/2021 --- 
 --- -------- Appointments ------------ --- 
	3/31/2017 at 3:30pm ,Birthday Party, This is my birthday party.
 

	 --- 11/2/2021 --- 
 --- -------- Appointments ------------ --- 


	 --- 11/3/2021 --- 
 --- -------- Appointments ------------ --- 


	 --- 11/4/2021 --- 
 --- -------- Appointments ------------ --- 


	 --- 11/5/2021 --- 
 --- -------- Appointments ------------ --- 


	 --- 11/6/2021 --- 
 --- -------- Appointments ------------ --- 


	 --- 11/7/2021 --- 
 --- -------- Appointments ------------ --- 


	 --- 11/8/2021 --- 
 --- -------- Appointments ------------ --- 


	 --- 11/9/2021 --- 
 --- -------- Appointments ------------ --- 


	 --- 11/10/2021 --- 
 --- -------- Appointments ------------ --- 


	 --- 11/11/2021 --- 
 --- -------- Appointments ------------ --- 


	 --- 11/12/2021 --- 
 --- -------- Appointments ------------ --- 


	 --- 11/13/2021 --- 
 --- -------- Appointments ------------ --- 


	 --- 11/14/2021 --- 
 --- -------- Appointments ------------ --- 


	 --- 11/15/2021 --- 
 --- -------- Appointments ------------ --- 


	 --- 11/16/2021 --- 
 --- -------- Appointments ------------ --- 


	 --- 11/17/2021 --- 
 --- -------- Appointments ------------ --- 


	 --- 11/18/2021 --- 
 --- -------- Appointments ------------ --- 


	 --- 11/19/2021 --- 
 --- -------- Appointments ------------ --- 


	 --- 11/20/2021 --- 
 --- -------- Appointments ------------ --- 


	 --- 11/21/2021 --- 
 --- -------- Appointments ------------ --- 


	 --- 11/22/2021 --- 
 --- -------- Appointments ------------ --- 


	 --- 11/23/2021 --- 
 --- -------- Appointments ------------ --- 


	 --- 11/24/2021 --- 
 --- -------- Appointments ------------ --- 


	 --- 11/25/2021 --- 
 --- -------- Appointments ------------ --- 


	 --- 11/26/2021 --- 
 --- -------- Appointments ------------ --- 


	 --- 11/27/2021 --- 
 --- -------- Appointments ------------ --- 


	 --- 11/28/2021 --- 
 --- -------- Appointments ------------ --- 
	1/28/2020 at 3:30pm ,Birthday Party, This is my birthday party.
 

	 --- 11/29/2021 --- 
 --- -------- Appointments ------------ --- 


	 --- 11/30/2021 --- 
 --- -------- Appointments ------------ --- 


	 --- 11/31/2021 --- 
 --- -------- Appointments ------------ --- 


	 --- 0/1/2022 --- 
 --- -------- Appointments ------------ --- 
	3/31/2017 at 3:30pm ,Birthday Party, This is my birthday party.
 

	 --- 0/2/2022 --- 
 --- -------- Appointments ------------ --- 


	 --- 0/3/2022 --- 
 --- -------- Appointments ------------ --- 


	 --- 0/4/2022 --- 
 --- -------- Appointments ------------ --- 


	 --- 0/5/2022 --- 
 --- -------- Appointments ------------ --- 


	 --- 0/6/2022 --- 
 --- -------- Appointments ------------ --- 


	 --- 0/7/2022 --- 
 --- -------- Appointments ------------ --- 


	 --- 0/8/2022 --- 
 --- -------- Appointments ------------ --- 


	 --- 0/9/2022 --- 
 --- -------- Appointments ------------ --- 


	 --- 0/10/2022 --- 
 --- -------- Appointments ------------ --- 


	 --- 0/11/2022 --- 
 --- -------- Appointments ------------ --- 


	 --- 0/12/2022 --- 
 --- -------- Appointments ------------ --- 


	 --- 0/13/2022 --- 
 --- -------- Appointments ------------ --- 


	 --- 0/14/2022 --- 
 --- -------- Appointments ------------ --- 


	 --- 0/15/2022 --- 
 --- -------- Appointments ------------ --- 


	 --- 0/16/2022 --- 
 --- -------- Appointments ------------ --- 


	 --- 0/17/2022 --- 
 --- -------- Appointments ------------ --- 


	 --- 0/18/2022 --- 
 --- -------- Appointments ------------ --- 


	 --- 0/19/2022 --- 
 --- -------- Appointments ------------ --- 


	 --- 0/20/2022 --- 
 --- -------- Appointments ------------ --- 


	 --- 0/21/2022 --- 
 --- -------- Appointments ------------ --- 


	 --- 0/22/2022 --- 
 --- -------- Appointments ------------ --- 


	 --- 0/23/2022 --- 
 --- -------- Appointments ------------ --- 


	 --- 0/24/2022 --- 
 --- -------- Appointments ------------ --- 


	 --- 0/25/2022 --- 
 --- -------- Appointments ------------ --- 


	 --- 0/26/2022 --- 
 --- -------- Appointments ------------ --- 


	 --- 0/27/2022 --- 
 --- -------- Appointments ------------ --- 


	 --- 0/28/2022 --- 
 --- -------- Appointments ------------ --- 
	1/28/2020 at 3:30pm ,Birthday Party, This is my birthday party.
 

	 --- 0/29/2022 --- 
 --- -------- Appointments ------------ --- 


	 --- 0/30/2022 --- 
 --- -------- Appointments ------------ --- 


	 --- 0/31/2022 --- 
 --- -------- Appointments ------------ --- 


	 --- 1/1/2022 --- 
 --- -------- Appointments ------------ --- 
	3/31/2017 at 3:30pm ,Birthday Party, This is my birthday party.
 

	 --- 1/2/2022 --- 
 --- -------- Appointments ------------ --- 


	 --- 1/3/2022 --- 
 --- -------- Appointments ------------ --- 


	 --- 1/4/2022 --- 
 --- -------- Appointments ------------ --- 


	 --- 1/5/2022 --- 
 --- -------- Appointments ------------ --- 


	 --- 1/6/2022 --- 
 --- -------- Appointments ------------ --- 


	 --- 1/7/2022 --- 
 --- -------- Appointments ------------ --- 


	 --- 1/8/2022 --- 
 --- -------- Appointments ------------ --- 


	 --- 1/9/2022 --- 
 --- -------- Appointments ------------ --- 


	 --- 1/10/2022 --- 
 --- -------- Appointments ------------ --- 


	 --- 1/11/2022 --- 
 --- -------- Appointments ------------ --- 


	 --- 1/12/2022 --- 
 --- -------- Appointments ------------ --- 


	 --- 1/13/2022 --- 
 --- -------- Appointments ------------ --- 


	 --- 1/14/2022 --- 
 --- -------- Appointments ------------ --- 


	 --- 1/15/2022 --- 
 --- -------- Appointments ------------ --- 


	 --- 1/16/2022 --- 
 --- -------- Appointments ------------ --- 


	 --- 1/17/2022 --- 
 --- -------- Appointments ------------ --- 


	 --- 1/18/2022 --- 
 --- -------- Appointments ------------ --- 


	 --- 1/19/2022 --- 
 --- -------- Appointments ------------ --- 


	 --- 1/20/2022 --- 
 --- -------- Appointments ------------ --- 


	 --- 1/21/2022 --- 
 --- -------- Appointments ------------ --- 


	 --- 1/22/2022 --- 
 --- -------- Appointments ------------ --- 


	 --- 1/23/2022 --- 
 --- -------- Appointments ------------ --- 


	 --- 1/24/2022 --- 
 --- -------- Appointments ------------ --- 


	 --- 1/25/2022 --- 
 --- -------- Appointments ------------ --- 


	 --- 1/26/2022 --- 
 --- -------- Appointments ------------ --- 


	 --- 1/27/2022 --- 
 --- -------- Appointments ------------ --- 


	 --- 1/28/2022 --- 
 --- -------- Appointments ------------ --- 
	1/28/2020 at 3:30pm ,Birthday Party, This is my birthday party.
 

	 --- 2/1/2022 --- 
 --- -------- Appointments ------------ --- 
	3/31/2017 at 3:30pm ,Birthday Party, This is my birthday party.
 

	 --- 2/2/2022 --- 
 --- -------- Appointments ------------ --- 


	 --- 2/3/2022 --- 
 --- -------- Appointments ------------ --- 


	 --- 2/4/2022 --- 
 --- -------- Appointments ------------ --- 


	 --- 2/5/2022 --- 
 --- -------- Appointments ------------ --- 


	 --- 2/6/2022 --- 
 --- -------- Appointments ------------ --- 


	 --- 2/7/2022 --- 
 --- -------- Appointments ------------ --- 


	 --- 2/8/2022 --- 
 --- -------- Appointments ------------ --- 


	 --- 2/9/2022 --- 
 --- -------- Appointments ------------ --- 


	 --- 2/10/2022 --- 
 --- -------- Appointments ------------ --- 


	 --- 2/11/2022 --- 
 --- -------- Appointments ------------ --- 


	 --- 2/12/2022 --- 
 --- -------- Appointments ------------ --- 


	 --- 2/13/2022 --- 
 --- -------- Appointments ------------ --- 


	 --- 2/14/2022 --- 
 --- -------- Appointments ------------ --- 


	 --- 2/15/2022 --- 
 --- -------- Appointments ------------ --- 


	 --- 2/16/2022 --- 
 --- -------- Appointments ------------ --- 


	 --- 2/17/2022 --- 
 --- -------- Appointments ------------ --- 


	 --- 2/18/2022 --- 
 --- -------- Appointments ------------ --- 


	 --- 2/19/2022 --- 
 --- -------- Appointments ------------ --- 


	 --- 2/20/2022 --- 
 --- -------- Appointments ------------ --- 


	 --- 2/21/2022 --- 
 --- -------- Appointments ------------ --- 


	 --- 2/22/2022 --- 
 --- -------- Appointments ------------ --- 


	 --- 2/23/2022 --- 
 --- -------- Appointments ------------ --- 


	 --- 2/24/2022 --- 
 --- -------- Appointments ------------ --- 


	 --- 2/25/2022 --- 
 --- -------- Appointments ------------ --- 


	 --- 2/26/2022 --- 
 --- -------- Appointments ------------ --- 
	2/26/2018 at 11:30pm ,Birthday Party, This is my birthday party.
 

	 --- 2/27/2022 --- 
 --- -------- Appointments ------------ --- 


	 --- 2/28/2022 --- 
 --- -------- Appointments ------------ --- 
	1/28/2020 at 3:30pm ,Birthday Party, This is my birthday party.
 

	 --- 2/29/2022 --- 
 --- -------- Appointments ------------ --- 


	 --- 2/30/2022 --- 
 --- -------- Appointments ------------ --- 


	 --- 2/31/2022 --- 
 --- -------- Appointments ------------ --- 


	 --- 3/1/2022 --- 
 --- -------- Appointments ------------ --- 
	3/31/2017 at 3:30pm ,Birthday Party, This is my birthday party.
 

	 --- 3/2/2022 --- 
 --- -------- Appointments ------------ --- 


	 --- 3/3/2022 --- 
 --- -------- Appointments ------------ --- 


	 --- 3/4/2022 --- 
 --- -------- Appointments ------------ --- 


	 --- 3/5/2022 --- 
 --- -------- Appointments ------------ --- 


	 --- 3/6/2022 --- 
 --- -------- Appointments ------------ --- 


	 --- 3/7/2022 --- 
 --- -------- Appointments ------------ --- 


	 --- 3/8/2022 --- 
 --- -------- Appointments ------------ --- 


	 --- 3/9/2022 --- 
 --- -------- Appointments ------------ --- 


	 --- 3/10/2022 --- 
 --- -------- Appointments ------------ --- 


	 --- 3/11/2022 --- 
 --- -------- Appointments ------------ --- 


	 --- 3/12/2022 --- 
 --- -------- Appointments ------------ --- 


	 --- 3/13/2022 --- 
 --- -------- Appointments ------------ --- 


	 --- 3/14/2022 --- 
 --- -------- Appointments ------------ --- 


	 --- 3/15/2022 --- 
 --- -------- Appointments ------------ --- 


	 --- 3/16/2022 --- 
 --- -------- Appointments ------------ --- 


	 --- 3/17/2022 --- 
 --- -------- Appointments ------------ --- 


	 --- 3/18/2022 --- 
 --- -------- Appointments ------------ --- 


	 --- 3/19/2022 --- 
 --- -------- Appointments ------------ --- 


	 --- 3/20/2022 --- 
 --- -------- Appointments ------------ --- 


	 --- 3/21/2022 --- 
 --- -------- Appointments ------------ --- 


	 --- 3/22/2022 --- 
 --- -------- Appointments ------------ --- 


	 --- 3/23/2022 --- 
 --- -------- Appointments ------------ --- 


	 --- 3/24/2022 --- 
 --- -------- Appointments ------------ --- 


	 --- 3/25/2022 --- 
 --- -------- Appointments ------------ --- 


	 --- 3/26/2022 --- 
 --- -------- Appointments ------------ --- 


	 --- 3/27/2022 --- 
 --- -------- Appointments ------------ --- 


	 --- 3/28/2022 --- 
 --- -------- Appointments ------------ --- 
	1/28/2020 at 3:30pm ,Birthday Party, This is my birthday party.
 

	 --- 3/29/2022 --- 
 --- -------- Appointments ------------ --- 


	 --- 3/30/2022 --- 
 --- -------- Appointments ------------ --- 


	 --- 4/1/2022 --- 
 --- -------- Appointments ------------ --- 
	3/31/2017 at 3:30pm ,Birthday Party, This is my birthday party.
 

	 --- 4/2/2022 --- 
 --- -------- Appointments ------------ --- 


	 --- 4/3/2022 --- 
 --- -------- Appointments ------------ --- 


	 --- 4/4/2022 --- 
 --- -------- Appointments ------------ --- 


	 --- 4/5/2022 --- 
 --- -------- Appointments ------------ --- 


	 --- 4/6/2022 --- 
 --- -------- Appointments ------------ --- 


	 --- 4/7/2022 --- 
 --- -------- Appointments ------------ --- 


	 --- 4/8/2022 --- 
 --- -------- Appointments ------------ --- 


	 --- 4/9/2022 --- 
 --- -------- Appointments ------------ --- 


	 --- 4/10/2022 --- 
 --- -------- Appointments ------------ --- 


	 --- 4/11/2022 --- 
 --- -------- Appointments ------------ --- 


	 --- 4/12/2022 --- 
 --- -------- Appointments ------------ --- 


	 --- 4/13/2022 --- 
 --- -------- Appointments ------------ --- 


	 --- 4/14/2022 --- 
 --- -------- Appointments ------------ --- 


	 --- 4/15/2022 --- 
 --- -------- Appointments ------------ --- 


	 --- 4/16/2022 --- 
 --- -------- Appointments ------------ --- 


	 --- 4/17/2022 --- 
 --- -------- Appointments ------------ --- 


	 --- 4/18/2022 --- 
 --- -------- Appointments ------------ --- 


	 --- 4/19/2022 --- 
 --- -------- Appointments ------------ --- 


	 --- 4/20/2022 --- 
 --- -------- Appointments ------------ --- 


	 --- 4/21/2022 --- 
 --- -------- Appointments ------------ --- 


	 --- 4/22/2022 --- 
 --- -------- Appointments ------------ --- 


	 --- 4/23/2022 --- 
 --- -------- Appointments ------------ --- 


	 --- 4/24/2022 --- 
 --- -------- Appointments ------------ --- 


	 --- 4/25/2022 --- 
 --- -------- Appointments ------------ --- 


	 --- 4/26/2022 --- 
 --- -------- Appointments ------------ --- 


	 --- 4/27/2022 --- 
 --- -------- Appointments ------------ --- 


	 --- 4/28/2022 --- 
 --- -------- Appointments ------------ --- 
	1/28/2020 at 3:30pm ,Birthday Party, This is my birthday party.
 

	 --- 4/29/2022 --- 
 --- -------- Appointments ------------ --- 


	 --- 4/30/2022 --- 
 --- -------- Appointments ------------ --- 


	 --- 4/31/2022 --- 
 --- -------- Appointments ------------ --- 


	 --- 5/1/2022 --- 
 --- -------- Appointments ------------ --- 
	3/31/2017 at 3:30pm ,Birthday Party, This is my birthday party.
 

	 --- 5/2/2022 --- 
 --- -------- Appointments ------------ --- 


	 --- 5/3/2022 --- 
 --- -------- Appointments ------------ --- 


	 --- 5/4/2022 --- 
 --- -------- Appointments ------------ --- 


	 --- 5/5/2022 --- 
 --- -------- Appointments ------------ --- 


	 --- 5/6/2022 --- 
 --- -------- Appointments ------------ --- 


	 --- 5/7/2022 --- 
 --- -------- Appointments ------------ --- 


	 --- 5/8/2022 --- 
 --- -------- Appointments ------------ --- 


	 --- 5/9/2022 --- 
 --- -------- Appointments ------------ --- 


	 --- 5/10/2022 --- 
 --- -------- Appointments ------------ --- 


	 --- 5/11/2022 --- 
 --- -------- Appointments ------------ --- 


	 --- 5/12/2022 --- 
 --- -------- Appointments ------------ --- 


	 --- 5/13/2022 --- 
 --- -------- Appointments ------------ --- 


	 --- 5/14/2022 --- 
 --- -------- Appointments ------------ --- 


	 --- 5/15/2022 --- 
 --- -------- Appointments ------------ --- 


	 --- 5/16/2022 --- 
 --- -------- Appointments ------------ --- 


	 --- 5/17/2022 --- 
 --- -------- Appointments ------------ --- 


	 --- 5/18/2022 --- 
 --- -------- Appointments ------------ --- 


	 --- 5/19/2022 --- 
 --- -------- Appointments ------------ --- 


	 --- 5/20/2022 --- 
 --- -------- Appointments ------------ --- 


	 --- 5/21/2022 --- 
 --- -------- Appointments ------------ --- 


	 --- 5/22/2022 --- 
 --- -------- Appointments ------------ --- 


	 --- 5/23/2022 --- 
 --- -------- Appointments ------------ --- 


	 --- 5/24/2022 --- 
 --- -------- Appointments ------------ --- 


	 --- 5/25/2022 --- 
 --- -------- Appointments ------------ --- 


	 --- 5/26/2022 --- 
 --- -------- Appointments ------------ --- 


	 --- 5/27/2022 --- 
 --- -------- Appointments ------------ --- 


	 --- 5/28/2022 --- 
 --- -------- Appointments ------------ --- 
	1/28/2020 at 3:30pm ,Birthday Party, This is my birthday party.
 

	 --- 5/29/2022 --- 
 --- -------- Appointments ------------ --- 


	 --- 5/30/2022 --- 
 --- -------- Appointments ------------ --- 


	 --- 6/1/2022 --- 
 --- -------- Appointments ------------ --- 
	3/31/2017 at 3:30pm ,Birthday Party, This is my birthday party.
 

	 --- 6/2/2022 --- 
 --- -------- Appointments ------------ --- 


	 --- 6/3/2022 --- 
 --- -------- Appointments ------------ --- 


	 --- 6/4/2022 --- 
 --- -------- Appointments ------------ --- 


	 --- 6/5/2022 --- 
 --- -------- Appointments ------------ --- 


	 --- 6/6/2022 --- 
 --- -------- Appointments ------------ --- 


	 --- 6/7/2022 --- 
 --- -------- Appointments ------------ --- 


	 --- 6/8/2022 --- 
 --- -------- Appointments ------------ --- 


	 --- 6/9/2022 --- 
 --- -------- Appointments ------------ --- 


	 --- 6/10/2022 --- 
 --- -------- Appointments ------------ --- 


	 --- 6/11/2022 --- 
 --- -------- Appointments ------------ --- 


	 --- 6/12/2022 --- 
 --- -------- Appointments ------------ --- 


	 --- 6/13/2022 --- 
 --- -------- Appointments ------------ --- 


	 --- 6/14/2022 --- 
 --- -------- Appointments ------------ --- 


	 --- 6/15/2022 --- 
 --- -------- Appointments ------------ --- 


	 --- 6/16/2022 --- 
 --- -------- Appointments ------------ --- 


	 --- 6/17/2022 --- 
 --- -------- Appointments ------------ --- 


	 --- 6/18/2022 --- 
 --- -------- Appointments ------------ --- 


	 --- 6/19/2022 --- 
 --- -------- Appointments ------------ --- 


	 --- 6/20/2022 --- 
 --- -------- Appointments ------------ --- 


	 --- 6/21/2022 --- 
 --- -------- Appointments ------------ --- 


	 --- 6/22/2022 --- 
 --- -------- Appointments ------------ --- 


	 --- 6/23/2022 --- 
 --- -------- Appointments ------------ --- 


	 --- 6/24/2022 --- 
 --- -------- Appointments ------------ --- 


	 --- 6/25/2022 --- 
 --- -------- Appointments ------------ --- 


	 --- 6/26/2022 --- 
 --- -------- Appointments ------------ --- 


	 --- 6/27/2022 --- 
 --- -------- Appointments ------------ --- 


	 --- 6/28/2022 --- 
 --- -------- Appointments ------------ --- 
	1/28/2020 at 3:30pm ,Birthday Party, This is my birthday party.
 

	 --- 6/29/2022 --- 
 --- -------- Appointments ------------ --- 


	 --- 6/30/2022 --- 
 --- -------- Appointments ------------ --- 


	 --- 6/31/2022 --- 
 --- -------- Appointments ------------ --- 


	 --- 7/1/2022 --- 
 --- -------- Appointments ------------ --- 
	3/31/2017 at 3:30pm ,Birthday Party, This is my birthday party.
 

	 --- 7/2/2022 --- 
 --- -------- Appointments ------------ --- 


	 --- 7/3/2022 --- 
 --- -------- Appointments ------------ --- 


	 --- 7/4/2022 --- 
 --- -------- Appointments ------------ --- 


	 --- 7/5/2022 --- 
 --- -------- Appointments ------------ --- 


	 --- 7/6/2022 --- 
 --- -------- Appointments ------------ --- 


	 --- 7/7/2022 --- 
 --- -------- Appointments ------------ --- 


	 --- 7/8/2022 --- 
 --- -------- Appointments ------------ --- 


	 --- 7/9/2022 --- 
 --- -------- Appointments ------------ --- 


	 --- 7/10/2022 --- 
 --- -------- Appointments ------------ --- 


	 --- 7/11/2022 --- 
 --- -------- Appointments ------------ --- 


	 --- 7/12/2022 --- 
 --- -------- Appointments ------------ --- 


	 --- 7/13/2022 --- 
 --- -------- Appointments ------------ --- 


	 --- 7/14/2022 --- 
 --- -------- Appointments ------------ --- 


	 --- 7/15/2022 --- 
 --- -------- Appointments ------------ --- 


	 --- 7/16/2022 --- 
 --- -------- Appointments ------------ --- 


	 --- 7/17/2022 --- 
 --- -------- Appointments ------------ --- 


	 --- 7/18/2022 --- 
 --- -------- Appointments ------------ --- 


	 --- 7/19/2022 --- 
 --- -------- Appointments ------------ --- 


	 --- 7/20/2022 --- 
 --- -------- Appointments ------------ --- 


	 --- 7/21/2022 --- 
 --- -------- Appointments ------------ --- 


	 --- 7/22/2022 --- 
 --- -------- Appointments ------------ --- 


	 --- 7/23/2022 --- 
 --- -------- Appointments ------------ --- 


	 --- 7/24/2022 --- 
 --- -------- Appointments ------------ --- 


	 --- 7/25/2022 --- 
 --- -------- Appointments ------------ --- 


	 --- 7/26/2022 --- 
 --- -------- Appointments ------------ --- 


	 --- 7/27/2022 --- 
 --- -------- Appointments ------------ --- 


	 --- 7/28/2022 --- 
 --- -------- Appointments ------------ --- 
	1/28/2020 at 3:30pm ,Birthday Party, This is my birthday party.
 

	 --- 7/29/2022 --- 
 --- -------- Appointments ------------ --- 


	 --- 7/30/2022 --- 
 --- -------- Appointments ------------ --- 


	 --- 7/31/2022 --- 
 --- -------- Appointments ------------ --- 


	 --- 8/1/2022 --- 
 --- -------- Appointments ------------ --- 
	3/31/2017 at 3:30pm ,Birthday Party, This is my birthday party.
 

	 --- 8/2/2022 --- 
 --- -------- Appointments ------------ --- 


	 --- 8/3/2022 --- 
 --- -------- Appointments ------------ --- 


	 --- 8/4/2022 --- 
 --- -------- Appointments ------------ --- 


	 --- 8/5/2022 --- 
 --- -------- Appointments ------------ --- 


	 --- 8/6/2022 --- 
 --- -------- Appointments ------------ --- 


	 --- 8/7/2022 --- 
 --- -------- Appointments ------------ --- 


	 --- 8/8/2022 --- 
 --- -------- Appointments ------------ --- 


	 --- 8/9/2022 --- 
 --- -------- Appointments ------------ --- 


	 --- 8/10/2022 --- 
 --- -------- Appointments ------------ --- 


	 --- 8/11/2022 --- 
 --- -------- Appointments ------------ --- 


	 --- 8/12/2022 --- 
 --- -------- Appointments ------------ --- 


	 --- 8/13/2022 --- 
 --- -------- Appointments ------------ --- 


	 --- 8/14/2022 --- 
 --- -------- Appointments ------------ --- 


	 --- 8/15/2022 --- 
 --- -------- Appointments ------------ --- 


	 --- 8/16/2022 --- 
 --- -------- Appointments ------------ --- 


	 --- 8/17/2022 --- 
 --- -------- Appointments ------------ --- 


	 --- 8/18/2022 --- 
 --- -------- Appointments ------------ --- 


	 --- 8/19/2022 --- 
 --- -------- Appointments ------------ --- 


	 --- 8/20/2022 --- 
 --- -------- Appointments ------------ --- 


	 --- 8/21/2022 --- 
 --- -------- Appointments ------------ --- 


	 --- 8/22/2022 --- 
 --- -------- Appointments ------------ --- 


	 --- 8/23/2022 --- 
 --- -------- Appointments ------------ --- 


	 --- 8/24/2022 --- 
 --- -------- Appointments ------------ --- 


	 --- 8/25/2022 --- 
 --- -------- Appointments ------------ --- 


	 --- 8/26/2022 --- 
 --- -------- Appointments ------------ --- 


	 --- 8/27/2022 --- 
 --- -------- Appointments ------------ --- 


	 --- 8/28/2022 --- 
 --- -------- Appointments ------------ --- 
	1/28/2020 at 3:30pm ,Birthday Party, This is my birthday party.
 

	 --- 8/29/2022 --- 
 --- -------- Appointments ------------ --- 


	 --- 8/30/2022 --- 
 --- -------- Appointments ------------ --- 


	 --- 9/1/2022 --- 
 --- -------- Appointments ------------ --- 
	3/31/2017 at 3:30pm ,Birthday Party, This is my birthday party.
 

	 --- 9/2/2022 --- 
 --- -------- Appointments ------------ --- 


	 --- 9/3/2022 --- 
 --- -------- Appointments ------------ --- 


	 --- 9/4/2022 --- 
 --- -------- Appointments ------------ --- 


	 --- 9/5/2022 --- 
 --- -------- Appointments ------------ --- 


	 --- 9/6/2022 --- 
 --- -------- Appointments ------------ --- 


	 --- 9/7/2022 --- 
 --- -------- Appointments ------------ --- 


	 --- 9/8/2022 --- 
 --- -------- Appointments ------------ --- 


	 --- 9/9/2022 --- 
 --- -------- Appointments ------------ --- 


	 --- 9/10/2022 --- 
 --- -------- Appointments ------------ --- 


	 --- 9/11/2022 --- 
 --- -------- Appointments ------------ --- 


	 --- 9/12/2022 --- 
 --- -------- Appointments ------------ --- 


	 --- 9/13/2022 --- 
 --- -------- Appointments ------------ --- 


	 --- 9/14/2022 --- 
 --- -------- Appointments ------------ --- 


	 --- 9/15/2022 --- 
 --- -------- Appointments ------------ --- 


	 --- 9/16/2022 --- 
 --- -------- Appointments ------------ --- 


	 --- 9/17/2022 --- 
 --- -------- Appointments ------------ --- 


	 --- 9/18/2022 --- 
 --- -------- Appointments ------------ --- 


	 --- 9/19/2022 --- 
 --- -------- Appointments ------------ --- 


	 --- 9/20/2022 --- 
 --- -------- Appointments ------------ --- 


	 --- 9/21/2022 --- 
 --- -------- Appointments ------------ --- 


	 --- 9/22/2022 --- 
 --- -------- Appointments ------------ --- 


	 --- 9/23/2022 --- 
 --- -------- Appointments ------------ --- 


	 --- 9/24/2022 --- 
 --- -------- Appointments ------------ --- 


	 --- 9/25/2022 --- 
 --- -------- Appointments ------------ --- 


	 --- 9/26/2022 --- 
 --- -------- Appointments ------------ --- 


	 --- 9/27/2022 --- 
 --- -------- Appointments ------------ --- 


	 --- 9/28/2022 --- 
 --- -------- Appointments ------------ --- 
	1/28/2020 at 3:30pm ,Birthday Party, This is my birthday party.
 

	 --- 9/29/2022 --- 
 --- -------- Appointments ------------ --- 


	 --- 9/30/2022 --- 
 --- -------- Appointments ------------ --- 


	 --- 9/31/2022 --- 
 --- -------- Appointments ------------ --- 


	 --- 10/1/2022 --- 
 --- -------- Appointments ------------ --- 
	3/31/2017 at 3:30pm ,Birthday Party, This is my birthday party.
 

	 --- 10/2/2022 --- 
 --- -------- Appointments ------------ --- 


	 --- 10/3/2022 --- 
 --- -------- Appointments ------------ --- 


	 --- 10/4/2022 --- 
 --- -------- Appointments ------------ --- 


	 --- 10/5/2022 --- 
 --- -------- Appointments ------------ --- 


	 --- 10/6/2022 --- 
 --- -------- Appointments ------------ --- 


	 --- 10/7/2022 --- 
 --- -------- Appointments ------------ --- 


	 --- 10/8/2022 --- 
 --- -------- Appointments ------------ --- 


	 --- 10/9/2022 --- 
 --- -------- Appointments ------------ --- 


	 --- 10/10/2022 --- 
 --- -------- Appointments ------------ --- 


	 --- 10/11/2022 --- 
 --- -------- Appointments ------------ --- 


	 --- 10/12/2022 --- 
 --- -------- Appointments ------------ --- 


	 --- 10/13/2022 --- 
 --- -------- Appointments ------------ --- 


	 --- 10/14/2022 --- 
 --- -------- Appointments ------------ --- 


	 --- 10/15/2022 --- 
 --- -------- Appointments ------------ --- 


	 --- 10/16/2022 --- 
 --- -------- Appointments ------------ --- 


	 --- 10/17/2022 --- 
 --- -------- Appointments ------------ --- 


	 --- 10/18/2022 --- 
 --- -------- Appointments ------------ --- 


	 --- 10/19/2022 --- 
 --- -------- Appointments ------------ --- 


	 --- 10/20/2022 --- 
 --- -------- Appointments ------------ --- 


	 --- 10/21/2022 --- 
 --- -------- Appointments ------------ --- 


	 --- 10/22/2022 --- 
 --- -------- Appointments ------------ --- 


	 --- 10/23/2022 --- 
 --- -------- Appointments ------------ --- 


	 --- 10/24/2022 --- 
 --- -------- Appointments ------------ --- 


	 --- 10/25/2022 --- 
 --- -------- Appointments ------------ --- 


	 --- 10/26/2022 --- 
 --- -------- Appointments ------------ --- 


	 --- 10/27/2022 --- 
 --- -------- Appointments ------------ --- 


	 --- 10/28/2022 --- 
 --- -------- Appointments ------------ --- 
	1/28/2020 at 3:30pm ,Birthday Party, This is my birthday party.
 

	 --- 10/29/2022 --- 
 --- -------- Appointments ------------ --- 


	 --- 10/30/2022 --- 
 --- -------- Appointments ------------ --- 


	 --- 11/1/2022 --- 
 --- -------- Appointments ------------ --- 
	3/31/2017 at 3:30pm ,Birthday Party, This is my birthday party.
 

	 --- 11/2/2022 --- 
 --- -------- Appointments ------------ --- 


	 --- 11/3/2022 --- 
 --- -------- Appointments ------------ --- 


	 --- 11/4/2022 --- 
 --- -------- Appointments ------------ --- 


	 --- 11/5/2022 --- 
 --- -------- Appointments ------------ --- 


	 --- 11/6/2022 --- 
 --- -------- Appointments ------------ --- 


	 --- 11/7/2022 --- 
 --- -------- Appointments ------------ --- 


	 --- 11/8/2022 --- 
 --- -------- Appointments ------------ --- 


	 --- 11/9/2022 --- 
 --- -------- Appointments ------------ --- 


	 --- 11/10/2022 --- 
 --- -------- Appointments ------------ --- 


	 --- 11/11/2022 --- 
 --- -------- Appointments ------------ --- 


	 --- 11/12/2022 --- 
 --- -------- Appointments ------------ --- 


	 --- 11/13/2022 --- 
 --- -------- Appointments ------------ --- 


	 --- 11/14/2022 --- 
 --- -------- Appointments ------------ --- 


	 --- 11/15/2022 --- 
 --- -------- Appointments ------------ --- 


	 --- 11/16/2022 --- 
 --- -------- Appointments ------------ --- 


	 --- 11/17/2022 --- 
 --- -------- Appointments ------------ --- 


	 --- 11/18/2022 --- 
 --- -------- Appointments ------------ --- 


	 --- 11/19/2022 --- 
 --- -------- Appointments ------------ --- 


	 --- 11/20/2022 --- 
 --- -------- Appointments ------------ --- 


	 --- 11/21/2022 --- 
 --- -------- Appointments ------------ --- 


	 --- 11/22/2022 --- 
 --- -------- Appointments ------------ --- 


	 --- 11/23/2022 --- 
 --- -------- Appointments ------------ --- 


	 --- 11/24/2022 --- 
 --- -------- Appointments ------------ --- 


	 --- 11/25/2022 --- 
 --- -------- Appointments ------------ --- 


	 --- 11/26/2022 --- 
 --- -------- Appointments ------------ --- 


	 --- 11/27/2022 --- 
 --- -------- Appointments ------------ --- 


	 --- 11/28/2022 --- 
 --- -------- Appointments ------------ --- 
	1/28/2020 at 3:30pm ,Birthday Party, This is my birthday party.
 

	 --- 11/29/2022 --- 
 --- -------- Appointments ------------ --- 


	 --- 11/30/2022 --- 
 --- -------- Appointments ------------ --- 


	 --- 11/31/2022 --- 
 --- -------- Appointments ------------ --- 


	 --- 0/1/2023 --- 
 --- -------- Appointments ------------ --- 
	3/31/2017 at 3:30pm ,Birthday Party, This is my birthday party.
 

	 --- 0/2/2023 --- 
 --- -------- Appointments ------------ --- 


	 --- 0/3/2023 --- 
 --- -------- Appointments ------------ --- 


	 --- 0/4/2023 --- 
 --- -------- Appointments ------------ --- 


	 --- 0/5/2023 --- 
 --- -------- Appointments ------------ --- 


	 --- 0/6/2023 --- 
 --- -------- Appointments ------------ --- 


	 --- 0/7/2023 --- 
 --- -------- Appointments ------------ --- 


	 --- 0/8/2023 --- 
 --- -------- Appointments ------------ --- 


	 --- 0/9/2023 --- 
 --- -------- Appointments ------------ --- 


	 --- 0/10/2023 --- 
 --- -------- Appointments ------------ --- 


	 --- 0/11/2023 --- 
 --- -------- Appointments ------------ --- 


	 --- 0/12/2023 --- 
 --- -------- Appointments ------------ --- 


	 --- 0/13/2023 --- 
 --- -------- Appointments ------------ --- 


	 --- 0/14/2023 --- 
 --- -------- Appointments ------------ --- 


	 --- 0/15/2023 --- 
 --- -------- Appointments ------------ --- 


	 --- 0/16/2023 --- 
 --- -------- Appointments ------------ --- 


	 --- 0/17/2023 --- 
 --- -------- Appointments ------------ --- 


	 --- 0/18/2023 --- 
 --- -------- Appointments ------------ --- 


	 --- 0/19/2023 --- 
 --- -------- Appointments ------------ --- 


	 --- 0/20/2023 --- 
 --- -------- Appointments ------------ --- 


	 --- 0/21/2023 --- 
 --- -------- Appointments ------------ --- 


	 --- 0/22/2023 --- 
 --- -------- Appointments ------------ --- 


	 --- 0/23/2023 --- 
 --- -------- Appointments ------------ --- 


	 --- 0/24/2023 --- 
 --- -------- Appointments ------------ --- 


	 --- 0/25/2023 --- 
 --- -------- Appointments ------------ --- 


	 --- 0/26/2023 --- 
 --- -------- Appointments ------------ --- 


	 --- 0/27/2023 --- 
 --- -------- Appointments ------------ --- 


	 --- 0/28/2023 --- 
 --- -------- Appointments ------------ --- 
	1/28/2020 at 3:30pm ,Birthday Party, This is my birthday party.
 

	 --- 0/29/2023 --- 
 --- -------- Appointments ------------ --- 


	 --- 0/30/2023 --- 
 --- -------- Appointments ------------ --- 


	 --- 0/31/2023 --- 
 --- -------- Appointments ------------ --- 


	 --- 1/1/2023 --- 
 --- -------- Appointments ------------ --- 
	3/31/2017 at 3:30pm ,Birthday Party, This is my birthday party.
 

	 --- 1/2/2023 --- 
 --- -------- Appointments ------------ --- 


	 --- 1/3/2023 --- 
 --- -------- Appointments ------------ --- 


	 --- 1/4/2023 --- 
 --- -------- Appointments ------------ --- 


	 --- 1/5/2023 --- 
 --- -------- Appointments ------------ --- 


	 --- 1/6/2023 --- 
 --- -------- Appointments ------------ --- 


	 --- 1/7/2023 --- 
 --- -------- Appointments ------------ --- 


	 --- 1/8/2023 --- 
 --- -------- Appointments ------------ --- 


	 --- 1/9/2023 --- 
 --- -------- Appointments ------------ --- 


	 --- 1/10/2023 --- 
 --- -------- Appointments ------------ --- 


	 --- 1/11/2023 --- 
 --- -------- Appointments ------------ --- 


	 --- 1/12/2023 --- 
 --- -------- Appointments ------------ --- 


	 --- 1/13/2023 --- 
 --- -------- Appointments ------------ --- 


	 --- 1/14/2023 --- 
 --- -------- Appointments ------------ --- 


	 --- 1/15/2023 --- 
 --- -------- Appointments ------------ --- 


	 --- 1/16/2023 --- 
 --- -------- Appointments ------------ --- 


	 --- 1/17/2023 --- 
 --- -------- Appointments ------------ --- 


	 --- 1/18/2023 --- 
 --- -------- Appointments ------------ --- 


	 --- 1/19/2023 --- 
 --- -------- Appointments ------------ --- 


	 --- 1/20/2023 --- 
 --- -------- Appointments ------------ --- 


	 --- 1/21/2023 --- 
 --- -------- Appointments ------------ --- 


	 --- 1/22/2023 --- 
 --- -------- Appointments ------------ --- 


	 --- 1/23/2023 --- 
 --- -------- Appointments ------------ --- 


	 --- 1/24/2023 --- 
 --- -------- Appointments ------------ --- 


	 --- 1/25/2023 --- 
 --- -------- Appointments ------------ --- 


	 --- 1/26/2023 --- 
 --- -------- Appointments ------------ --- 


	 --- 1/27/2023 --- 
 --- -------- Appointments ------------ --- 


	 --- 1/28/2023 --- 
 --- -------- Appointments ------------ --- 
	1/28/2020 at 3:30pm ,Birthday Party, This is my birthday party.
 

	 --- 2/1/2023 --- 
 --- -------- Appointments ------------ --- 
	3/31/2017 at 3:30pm ,Birthday Party, This is my birthday party.
 

	 --- 2/2/2023 --- 
 --- -------- Appointments ------------ --- 


	 --- 2/3/2023 --- 
 --- -------- Appointments ------------ --- 


	 --- 2/4/2023 --- 
 --- -------- Appointments ------------ --- 


	 --- 2/5/2023 --- 
 --- -------- Appointments ------------ --- 


	 --- 2/6/2023 --- 
 --- -------- Appointments ------------ --- 


	 --- 2/7/2023 --- 
 --- -------- Appointments ------------ --- 


	 --- 2/8/2023 --- 
 --- -------- Appointments ------------ --- 


	 --- 2/9/2023 --- 
 --- -------- Appointments ------------ --- 


	 --- 2/10/2023 --- 
 --- -------- Appointments ------------ --- 


	 --- 2/11/2023 --- 
 --- -------- Appointments ------------ --- 


	 --- 2/12/2023 --- 
 --- -------- Appointments ------------ --- 


	 --- 2/13/2023 --- 
 --- -------- Appointments ------------ --- 


	 --- 2/14/2023 --- 
 --- -------- Appointments ------------ --- 


	 --- 2/15/2023 --- 
 --- -------- Appointments ------------ --- 


	 --- 2/16/2023 --- 
 --- -------- Appointments ------------ --- 


	 --- 2/17/2023 --- 
 --- -------- Appointments ------------ --- 


	 --- 2/18/2023 --- 
 --- -------- Appointments ------------ --- 


	 --- 2/19/2023 --- 
 --- -------- Appointments ------------ --- 


	 --- 2/20/2023 --- 
 --- -------- Appointments ------------ --- 


	 --- 2/21/2023 --- 
 --- -------- Appointments ------------ --- 


	 --- 2/22/2023 --- 
 --- -------- Appointments ------------ --- 


	 --- 2/23/2023 --- 
 --- -------- Appointments ------------ --- 


	 --- 2/24/2023 --- 
 --- -------- Appointments ------------ --- 


	 --- 2/25/2023 --- 
 --- -------- Appointments ------------ --- 


	 --- 2/26/2023 --- 
 --- -------- Appointments ------------ --- 
	2/26/2018 at 11:30pm ,Birthday Party, This is my birthday party.
 

	 --- 2/27/2023 --- 
 --- -------- Appointments ------------ --- 


	 --- 2/28/2023 --- 
 --- -------- Appointments ------------ --- 
	1/28/2020 at 3:30pm ,Birthday Party, This is my birthday party.
 

	 --- 2/29/2023 --- 
 --- -------- Appointments ------------ --- 


	 --- 2/30/2023 --- 
 --- -------- Appointments ------------ --- 


	 --- 2/31/2023 --- 
 --- -------- Appointments ------------ --- 


	 --- 3/1/2023 --- 
 --- -------- Appointments ------------ --- 
	3/31/2017 at 3:30pm ,Birthday Party, This is my birthday party.
 

	 --- 3/2/2023 --- 
 --- -------- Appointments ------------ --- 


	 --- 3/3/2023 --- 
 --- -------- Appointments ------------ --- 


	 --- 3/4/2023 --- 
 --- -------- Appointments ------------ --- 


	 --- 3/5/2023 --- 
 --- -------- Appointments ------------ --- 


	 --- 3/6/2023 --- 
 --- -------- Appointments ------------ --- 


	 --- 3/7/2023 --- 
 --- -------- Appointments ------------ --- 


	 --- 3/8/2023 --- 
 --- -------- Appointments ------------ --- 


	 --- 3/9/2023 --- 
 --- -------- Appointments ------------ --- 


	 --- 3/10/2023 --- 
 --- -------- Appointments ------------ --- 


	 --- 3/11/2023 --- 
 --- -------- Appointments ------------ --- 


	 --- 3/12/2023 --- 
 --- -------- Appointments ------------ --- 


	 --- 3/13/2023 --- 
 --- -------- Appointments ------------ --- 


	 --- 3/14/2023 --- 
 --- -------- Appointments ------------ --- 


	 --- 3/15/2023 --- 
 --- -------- Appointments ------------ --- 


	 --- 3/16/2023 --- 
 --- -------- Appointments ------------ --- 


	 --- 3/17/2023 --- 
 --- -------- Appointments ------------ --- 


	 --- 3/18/2023 --- 
 --- -------- Appointments ------------ --- 


	 --- 3/19/2023 --- 
 --- -------- Appointments ------------ --- 


	 --- 3/20/2023 --- 
 --- -------- Appointments ------------ --- 


	 --- 3/21/2023 --- 
 --- -------- Appointments ------------ --- 


	 --- 3/22/2023 --- 
 --- -------- Appointments ------------ --- 


	 --- 3/23/2023 --- 
 --- -------- Appointments ------------ --- 


	 --- 3/24/2023 --- 
 --- -------- Appointments ------------ --- 


	 --- 3/25/2023 --- 
 --- -------- Appointments ------------ --- 


	 --- 3/26/2023 --- 
 --- -------- Appointments ------------ --- 


	 --- 3/27/2023 --- 
 --- -------- Appointments ------------ --- 


	 --- 3/28/2023 --- 
 --- -------- Appointments ------------ --- 
	1/28/2020 at 3:30pm ,Birthday Party, This is my birthday party.
 

	 --- 3/29/2023 --- 
 --- -------- Appointments ------------ --- 


	 --- 3/30/2023 --- 
 --- -------- Appointments ------------ --- 


	 --- 4/1/2023 --- 
 --- -------- Appointments ------------ --- 
	3/31/2017 at 3:30pm ,Birthday Party, This is my birthday party.
 

	 --- 4/2/2023 --- 
 --- -------- Appointments ------------ --- 


	 --- 4/3/2023 --- 
 --- -------- Appointments ------------ --- 


	 --- 4/4/2023 --- 
 --- -------- Appointments ------------ --- 


	 --- 4/5/2023 --- 
 --- -------- Appointments ------------ --- 


	 --- 4/6/2023 --- 
 --- -------- Appointments ------------ --- 


	 --- 4/7/2023 --- 
 --- -------- Appointments ------------ --- 


	 --- 4/8/2023 --- 
 --- -------- Appointments ------------ --- 


	 --- 4/9/2023 --- 
 --- -------- Appointments ------------ --- 


	 --- 4/10/2023 --- 
 --- -------- Appointments ------------ --- 


	 --- 4/11/2023 --- 
 --- -------- Appointments ------------ --- 


	 --- 4/12/2023 --- 
 --- -------- Appointments ------------ --- 


	 --- 4/13/2023 --- 
 --- -------- Appointments ------------ --- 


	 --- 4/14/2023 --- 
 --- -------- Appointments ------------ --- 


	 --- 4/15/2023 --- 
 --- -------- Appointments ------------ --- 


	 --- 4/16/2023 --- 
 --- -------- Appointments ------------ --- 


	 --- 4/17/2023 --- 
 --- -------- Appointments ------------ --- 


	 --- 4/18/2023 --- 
 --- -------- Appointments ------------ --- 


	 --- 4/19/2023 --- 
 --- -------- Appointments ------------ --- 


	 --- 4/20/2023 --- 
 --- -------- Appointments ------------ --- 


	 --- 4/21/2023 --- 
 --- -------- Appointments ------------ --- 


	 --- 4/22/2023 --- 
 --- -------- Appointments ------------ --- 


	 --- 4/23/2023 --- 
 --- -------- Appointments ------------ --- 


	 --- 4/24/2023 --- 
 --- -------- Appointments ------------ --- 


	 --- 4/25/2023 --- 
 --- -------- Appointments ------------ --- 


	 --- 4/26/2023 --- 
 --- -------- Appointments ------------ --- 


	 --- 4/27/2023 --- 
 --- -------- Appointments ------------ --- 


	 --- 4/28/2023 --- 
 --- -------- Appointments ------------ --- 
	1/28/2020 at 3:30pm ,Birthday Party, This is my birthday party.
 

	 --- 4/29/2023 --- 
 --- -------- Appointments ------------ --- 


	 --- 4/30/2023 --- 
 --- -------- Appointments ------------ --- 


	 --- 4/31/2023 --- 
 --- -------- Appointments ------------ --- 


	 --- 5/1/2023 --- 
 --- -------- Appointments ------------ --- 
	3/31/2017 at 3:30pm ,Birthday Party, This is my birthday party.
 

	 --- 5/2/2023 --- 
 --- -------- Appointments ------------ --- 


	 --- 5/3/2023 --- 
 --- -------- Appointments ------------ --- 


	 --- 5/4/2023 --- 
 --- -------- Appointments ------------ --- 


	 --- 5/5/2023 --- 
 --- -------- Appointments ------------ --- 


	 --- 5/6/2023 --- 
 --- -------- Appointments ------------ --- 


	 --- 5/7/2023 --- 
 --- -------- Appointments ------------ --- 


	 --- 5/8/2023 --- 
 --- -------- Appointments ------------ --- 


	 --- 5/9/2023 --- 
 --- -------- Appointments ------------ --- 


	 --- 5/10/2023 --- 
 --- -------- Appointments ------------ --- 


	 --- 5/11/2023 --- 
 --- -------- Appointments ------------ --- 


	 --- 5/12/2023 --- 
 --- -------- Appointments ------------ --- 


	 --- 5/13/2023 --- 
 --- -------- Appointments ------------ --- 


	 --- 5/14/2023 --- 
 --- -------- Appointments ------------ --- 


	 --- 5/15/2023 --- 
 --- -------- Appointments ------------ --- 


	 --- 5/16/2023 --- 
 --- -------- Appointments ------------ --- 


	 --- 5/17/2023 --- 
 --- -------- Appointments ------------ --- 


	 --- 5/18/2023 --- 
 --- -------- Appointments ------------ --- 


	 --- 5/19/2023 --- 
 --- -------- Appointments ------------ --- 


	 --- 5/20/2023 --- 
 --- -------- Appointments ------------ --- 


	 --- 5/21/2023 --- 
 --- -------- Appointments ------------ --- 


	 --- 5/22/2023 --- 
 --- -------- Appointments ------------ --- 


	 --- 5/23/2023 --- 
 --- -------- Appointments ------------ --- 


	 --- 5/24/2023 --- 
 --- -------- Appointments ------------ --- 


	 --- 5/25/2023 --- 
 --- -------- Appointments ------------ --- 


	 --- 5/26/2023 --- 
 --- -------- Appointments ------------ --- 


	 --- 5/27/2023 --- 
 --- -------- Appointments ------------ --- 


	 --- 5/28/2023 --- 
 --- -------- Appointments ------------ --- 
	1/28/2020 at 3:30pm ,Birthday Party, This is my birthday party.
 

	 --- 5/29/2023 --- 
 --- -------- Appointments ------------ --- 


	 --- 5/30/2023 --- 
 --- -------- Appointments ------------ --- 


	 --- 6/1/2023 --- 
 --- -------- Appointments ------------ --- 
	3/31/2017 at 3:30pm ,Birthday Party, This is my birthday party.
 

	 --- 6/2/2023 --- 
 --- -------- Appointments ------------ --- 


	 --- 6/3/2023 --- 
 --- -------- Appointments ------------ --- 


	 --- 6/4/2023 --- 
 --- -------- Appointments ------------ --- 


	 --- 6/5/2023 --- 
 --- -------- Appointments ------------ --- 


	 --- 6/6/2023 --- 
 --- -------- Appointments ------------ --- 


	 --- 6/7/2023 --- 
 --- -------- Appointments ------------ --- 


	 --- 6/8/2023 --- 
 --- -------- Appointments ------------ --- 


	 --- 6/9/2023 --- 
 --- -------- Appointments ------------ --- 


	 --- 6/10/2023 --- 
 --- -------- Appointments ------------ --- 


	 --- 6/11/2023 --- 
 --- -------- Appointments ------------ --- 


	 --- 6/12/2023 --- 
 --- -------- Appointments ------------ --- 


	 --- 6/13/2023 --- 
 --- -------- Appointments ------------ --- 


	 --- 6/14/2023 --- 
 --- -------- Appointments ------------ --- 


	 --- 6/15/2023 --- 
 --- -------- Appointments ------------ --- 


	 --- 6/16/2023 --- 
 --- -------- Appointments ------------ --- 


	 --- 6/17/2023 --- 
 --- -------- Appointments ------------ --- 


	 --- 6/18/2023 --- 
 --- -------- Appointments ------------ --- 


	 --- 6/19/2023 --- 
 --- -------- Appointments ------------ --- 


	 --- 6/20/2023 --- 
 --- -------- Appointments ------------ --- 


	 --- 6/21/2023 --- 
 --- -------- Appointments ------------ --- 


	 --- 6/22/2023 --- 
 --- -------- Appointments ------------ --- 


	 --- 6/23/2023 --- 
 --- -------- Appointments ------------ --- 


	 --- 6/24/2023 --- 
 --- -------- Appointments ------------ --- 


	 --- 6/25/2023 --- 
 --- -------- Appointments ------------ --- 


	 --- 6/26/2023 --- 
 --- -------- Appointments ------------ --- 


	 --- 6/27/2023 --- 
 --- -------- Appointments ------------ --- 


	 --- 6/28/2023 --- 
 --- -------- Appointments ------------ --- 
	1/28/2020 at 3:30pm ,Birthday Party, This is my birthday party.
 

	 --- 6/29/2023 --- 
 --- -------- Appointments ------------ --- 


	 --- 6/30/2023 --- 
 --- -------- Appointments ------------ --- 


	 --- 6/31/2023 --- 
 --- -------- Appointments ------------ --- 


	 --- 7/1/2023 --- 
 --- -------- Appointments ------------ --- 
	3/31/2017 at 3:30pm ,Birthday Party, This is my birthday party.
 

	 --- 7/2/2023 --- 
 --- -------- Appointments ------------ --- 


	 --- 7/3/2023 --- 
 --- -------- Appointments ------------ --- 


	 --- 7/4/2023 --- 
 --- -------- Appointments ------------ --- 


	 --- 7/5/2023 --- 
 --- -------- Appointments ------------ --- 


	 --- 7/6/2023 --- 
 --- -------- Appointments ------------ --- 


	 --- 7/7/2023 --- 
 --- -------- Appointments ------------ --- 


	 --- 7/8/2023 --- 
 --- -------- Appointments ------------ --- 


	 --- 7/9/2023 --- 
 --- -------- Appointments ------------ --- 


	 --- 7/10/2023 --- 
 --- -------- Appointments ------------ --- 


	 --- 7/11/2023 --- 
 --- -------- Appointments ------------ --- 


	 --- 7/12/2023 --- 
 --- -------- Appointments ------------ --- 


	 --- 7/13/2023 --- 
 --- -------- Appointments ------------ --- 


	 --- 7/14/2023 --- 
 --- -------- Appointments ------------ --- 


	 --- 7/15/2023 --- 
 --- -------- Appointments ------------ --- 


	 --- 7/16/2023 --- 
 --- -------- Appointments ------------ --- 


	 --- 7/17/2023 --- 
 --- -------- Appointments ------------ --- 


	 --- 7/18/2023 --- 
 --- -------- Appointments ------------ --- 


	 --- 7/19/2023 --- 
 --- -------- Appointments ------------ --- 


	 --- 7/20/2023 --- 
 --- -------- Appointments ------------ --- 


	 --- 7/21/2023 --- 
 --- -------- Appointments ------------ --- 


	 --- 7/22/2023 --- 
 --- -------- Appointments ------------ --- 


	 --- 7/23/2023 --- 
 --- -------- Appointments ------------ --- 


	 --- 7/24/2023 --- 
 --- -------- Appointments ------------ --- 


	 --- 7/25/2023 --- 
 --- -------- Appointments ------------ --- 


	 --- 7/26/2023 --- 
 --- -------- Appointments ------------ --- 


	 --- 7/27/2023 --- 
 --- -------- Appointments ------------ --- 


	 --- 7/28/2023 --- 
 --- -------- Appointments ------------ --- 
	1/28/2020 at 3:30pm ,Birthday Party, This is my birthday party.
 

	 --- 7/29/2023 --- 
 --- -------- Appointments ------------ --- 


	 --- 7/30/2023 --- 
 --- -------- Appointments ------------ --- 


	 --- 7/31/2023 --- 
 --- -------- Appointments ------------ --- 


	 --- 8/1/2023 --- 
 --- -------- Appointments ------------ --- 
	3/31/2017 at 3:30pm ,Birthday Party, This is my birthday party.
 

	 --- 8/2/2023 --- 
 --- -------- Appointments ------------ --- 


	 --- 8/3/2023 --- 
 --- -------- Appointments ------------ --- 


	 --- 8/4/2023 --- 
 --- -------- Appointments ------------ --- 


	 --- 8/5/2023 --- 
 --- -------- Appointments ------------ --- 


	 --- 8/6/2023 --- 
 --- -------- Appointments ------------ --- 


	 --- 8/7/2023 --- 
 --- -------- Appointments ------------ --- 


	 --- 8/8/2023 --- 
 --- -------- Appointments ------------ --- 


	 --- 8/9/2023 --- 
 --- -------- Appointments ------------ --- 


	 --- 8/10/2023 --- 
 --- -------- Appointments ------------ --- 


	 --- 8/11/2023 --- 
 --- -------- Appointments ------------ --- 


	 --- 8/12/2023 --- 
 --- -------- Appointments ------------ --- 


	 --- 8/13/2023 --- 
 --- -------- Appointments ------------ --- 


	 --- 8/14/2023 --- 
 --- -------- Appointments ------------ --- 


	 --- 8/15/2023 --- 
 --- -------- Appointments ------------ --- 


	 --- 8/16/2023 --- 
 --- -------- Appointments ------------ --- 


	 --- 8/17/2023 --- 
 --- -------- Appointments ------------ --- 


	 --- 8/18/2023 --- 
 --- -------- Appointments ------------ --- 


	 --- 8/19/2023 --- 
 --- -------- Appointments ------------ --- 


	 --- 8/20/2023 --- 
 --- -------- Appointments ------------ --- 


	 --- 8/21/2023 --- 
 --- -------- Appointments ------------ --- 


	 --- 8/22/2023 --- 
 --- -------- Appointments ------------ --- 


	 --- 8/23/2023 --- 
 --- -------- Appointments ------------ --- 


	 --- 8/24/2023 --- 
 --- -------- Appointments ------------ --- 


	 --- 8/25/2023 --- 
 --- -------- Appointments ------------ --- 


	 --- 8/26/2023 --- 
 --- -------- Appointments ------------ --- 


	 --- 8/27/2023 --- 
 --- -------- Appointments ------------ --- 


	 --- 8/28/2023 --- 
 --- -------- Appointments ------------ --- 
	1/28/2020 at 3:30pm ,Birthday Party, This is my birthday party.
 

	 --- 8/29/2023 --- 
 --- -------- Appointments ------------ --- 


	 --- 8/30/2023 --- 
 --- -------- Appointments ------------ --- 


	 --- 9/1/2023 --- 
 --- -------- Appointments ------------ --- 
	3/31/2017 at 3:30pm ,Birthday Party, This is my birthday party.
 

	 --- 9/2/2023 --- 
 --- -------- Appointments ------------ --- 


	 --- 9/3/2023 --- 
 --- -------- Appointments ------------ --- 


	 --- 9/4/2023 --- 
 --- -------- Appointments ------------ --- 


	 --- 9/5/2023 --- 
 --- -------- Appointments ------------ --- 


	 --- 9/6/2023 --- 
 --- -------- Appointments ------------ --- 


	 --- 9/7/2023 --- 
 --- -------- Appointments ------------ --- 


	 --- 9/8/2023 --- 
 --- -------- Appointments ------------ --- 


	 --- 9/9/2023 --- 
 --- -------- Appointments ------------ --- 


	 --- 9/10/2023 --- 
 --- -------- Appointments ------------ --- 


	 --- 9/11/2023 --- 
 --- -------- Appointments ------------ --- 


	 --- 9/12/2023 --- 
 --- -------- Appointments ------------ --- 


	 --- 9/13/2023 --- 
 --- -------- Appointments ------------ --- 


	 --- 9/14/2023 --- 
 --- -------- Appointments ------------ --- 


	 --- 9/15/2023 --- 
 --- -------- Appointments ------------ --- 


	 --- 9/16/2023 --- 
 --- -------- Appointments ------------ --- 


	 --- 9/17/2023 --- 
 --- -------- Appointments ------------ --- 


	 --- 9/18/2023 --- 
 --- -------- Appointments ------------ --- 


	 --- 9/19/2023 --- 
 --- -------- Appointments ------------ --- 


	 --- 9/20/2023 --- 
 --- -------- Appointments ------------ --- 


	 --- 9/21/2023 --- 
 --- -------- Appointments ------------ --- 


	 --- 9/22/2023 --- 
 --- -------- Appointments ------------ --- 


	 --- 9/23/2023 --- 
 --- -------- Appointments ------------ --- 


	 --- 9/24/2023 --- 
 --- -------- Appointments ------------ --- 


	 --- 9/25/2023 --- 
 --- -------- Appointments ------------ --- 


	 --- 9/26/2023 --- 
 --- -------- Appointments ------------ --- 


	 --- 9/27/2023 --- 
 --- -------- Appointments ------------ --- 


	 --- 9/28/2023 --- 
 --- -------- Appointments ------------ --- 
	1/28/2020 at 3:30pm ,Birthday Party, This is my birthday party.
 

	 --- 9/29/2023 --- 
 --- -------- Appointments ------------ --- 


	 --- 9/30/2023 --- 
 --- -------- Appointments ------------ --- 


	 --- 9/31/2023 --- 
 --- -------- Appointments ------------ --- 


	 --- 10/1/2023 --- 
 --- -------- Appointments ------------ --- 
	3/31/2017 at 3:30pm ,Birthday Party, This is my birthday party.
 

	 --- 10/2/2023 --- 
 --- -------- Appointments ------------ --- 


	 --- 10/3/2023 --- 
 --- -------- Appointments ------------ --- 


	 --- 10/4/2023 --- 
 --- -------- Appointments ------------ --- 


	 --- 10/5/2023 --- 
 --- -------- Appointments ------------ --- 


	 --- 10/6/2023 --- 
 --- -------- Appointments ------------ --- 


	 --- 10/7/2023 --- 
 --- -------- Appointments ------------ --- 


	 --- 10/8/2023 --- 
 --- -------- Appointments ------------ --- 


	 --- 10/9/2023 --- 
 --- -------- Appointments ------------ --- 


	 --- 10/10/2023 --- 
 --- -------- Appointments ------------ --- 


	 --- 10/11/2023 --- 
 --- -------- Appointments ------------ --- 


	 --- 10/12/2023 --- 
 --- -------- Appointments ------------ --- 


	 --- 10/13/2023 --- 
 --- -------- Appointments ------------ --- 


	 --- 10/14/2023 --- 
 --- -------- Appointments ------------ --- 


	 --- 10/15/2023 --- 
 --- -------- Appointments ------------ --- 


	 --- 10/16/2023 --- 
 --- -------- Appointments ------------ --- 


	 --- 10/17/2023 --- 
 --- -------- Appointments ------------ --- 


	 --- 10/18/2023 --- 
 --- -------- Appointments ------------ --- 


	 --- 10/19/2023 --- 
 --- -------- Appointments ------------ --- 


	 --- 10/20/2023 --- 
 --- -------- Appointments ------------ --- 


	 --- 10/21/2023 --- 
 --- -------- Appointments ------------ --- 


	 --- 10/22/2023 --- 
 --- -------- Appointments ------------ --- 


	 --- 10/23/2023 --- 
 --- -------- Appointments ------------ --- 


	 --- 10/24/2023 --- 
 --- -------- Appointments ------------ --- 


	 --- 10/25/2023 --- 
 --- -------- Appointments ------------ --- 


	 --- 10/26/2023 --- 
 --- -------- Appointments ------------ --- 


	 --- 10/27/2023 --- 
 --- -------- Appointments ------------ --- 


	 --- 10/28/2023 --- 
 --- -------- Appointments ------------ --- 
	1/28/2020 at 3:30pm ,Birthday Party, This is my birthday party.
 

	 --- 10/29/2023 --- 
 --- -------- Appointments ------------ --- 


	 --- 10/30/2023 --- 
 --- -------- Appointments ------------ --- 


	 --- 11/1/2023 --- 
 --- -------- Appointments ------------ --- 
	3/31/2017 at 3:30pm ,Birthday Party, This is my birthday party.
 

	 --- 11/2/2023 --- 
 --- -------- Appointments ------------ --- 


	 --- 11/3/2023 --- 
 --- -------- Appointments ------------ --- 


	 --- 11/4/2023 --- 
 --- -------- Appointments ------------ --- 


	 --- 11/5/2023 --- 
 --- -------- Appointments ------------ --- 


	 --- 11/6/2023 --- 
 --- -------- Appointments ------------ --- 


	 --- 11/7/2023 --- 
 --- -------- Appointments ------------ --- 


	 --- 11/8/2023 --- 
 --- -------- Appointments ------------ --- 


	 --- 11/9/2023 --- 
 --- -------- Appointments ------------ --- 


	 --- 11/10/2023 --- 
 --- -------- Appointments ------------ --- 


	 --- 11/11/2023 --- 
 --- -------- Appointments ------------ --- 


	 --- 11/12/2023 --- 
 --- -------- Appointments ------------ --- 


	 --- 11/13/2023 --- 
 --- -------- Appointments ------------ --- 


	 --- 11/14/2023 --- 
 --- -------- Appointments ------------ --- 


	 --- 11/15/2023 --- 
 --- -------- Appointments ------------ --- 


	 --- 11/16/2023 --- 
 --- -------- Appointments ------------ --- 


	 --- 11/17/2023 --- 
 --- -------- Appointments ------------ --- 


	 --- 11/18/2023 --- 
 --- -------- Appointments ------------ --- 


	 --- 11/19/2023 --- 
 --- -------- Appointments ------------ --- 


	 --- 11/20/2023 --- 
 --- -------- Appointments ------------ --- 


	 --- 11/21/2023 --- 
 --- -------- Appointments ------------ --- 


	 --- 11/22/2023 --- 
 --- -------- Appointments ------------ --- 


	 --- 11/23/2023 --- 
 --- -------- Appointments ------------ --- 


	 --- 11/24/2023 --- 
 --- -------- Appointments ------------ --- 


	 --- 11/25/2023 --- 
 --- -------- Appointments ------------ --- 


	 --- 11/26/2023 --- 
 --- -------- Appointments ------------ --- 


	 --- 11/27/2023 --- 
 --- -------- Appointments ------------ --- 


	 --- 11/28/2023 --- 
 --- -------- Appointments ------------ --- 
	1/28/2020 at 3:30pm ,Birthday Party, This is my birthday party.
 

	 --- 11/29/2023 --- 
 --- -------- Appointments ------------ --- 


	 --- 11/30/2023 --- 
 --- -------- Appointments ------------ --- 


	 --- 11/31/2023 --- 
 --- -------- Appointments ------------ --- 


	 --- 0/1/2024 --- 
 --- -------- Appointments ------------ --- 
	3/31/2017 at 3:30pm ,Birthday Party, This is my birthday party.
 

	 --- 0/2/2024 --- 
 --- -------- Appointments ------------ --- 


	 --- 0/3/2024 --- 
 --- -------- Appointments ------------ --- 


	 --- 0/4/2024 --- 
 --- -------- Appointments ------------ --- 


	 --- 0/5/2024 --- 
 --- -------- Appointments ------------ --- 


	 --- 0/6/2024 --- 
 --- -------- Appointments ------------ --- 


	 --- 0/7/2024 --- 
 --- -------- Appointments ------------ --- 


	 --- 0/8/2024 --- 
 --- -------- Appointments ------------ --- 


	 --- 0/9/2024 --- 
 --- -------- Appointments ------------ --- 


	 --- 0/10/2024 --- 
 --- -------- Appointments ------------ --- 


	 --- 0/11/2024 --- 
 --- -------- Appointments ------------ --- 


	 --- 0/12/2024 --- 
 --- -------- Appointments ------------ --- 


	 --- 0/13/2024 --- 
 --- -------- Appointments ------------ --- 


	 --- 0/14/2024 --- 
 --- -------- Appointments ------------ --- 


	 --- 0/15/2024 --- 
 --- -------- Appointments ------------ --- 


	 --- 0/16/2024 --- 
 --- -------- Appointments ------------ --- 


	 --- 0/17/2024 --- 
 --- -------- Appointments ------------ --- 


	 --- 0/18/2024 --- 
 --- -------- Appointments ------------ --- 


	 --- 0/19/2024 --- 
 --- -------- Appointments ------------ --- 


	 --- 0/20/2024 --- 
 --- -------- Appointments ------------ --- 


	 --- 0/21/2024 --- 
 --- -------- Appointments ------------ --- 


	 --- 0/22/2024 --- 
 --- -------- Appointments ------------ --- 


	 --- 0/23/2024 --- 
 --- -------- Appointments ------------ --- 


	 --- 0/24/2024 --- 
 --- -------- Appointments ------------ --- 


	 --- 0/25/2024 --- 
 --- -------- Appointments ------------ --- 


	 --- 0/26/2024 --- 
 --- -------- Appointments ------------ --- 


	 --- 0/27/2024 --- 
 --- -------- Appointments ------------ --- 


	 --- 0/28/2024 --- 
 --- -------- Appointments ------------ --- 
	1/28/2020 at 3:30pm ,Birthday Party, This is my birthday party.
 

	 --- 0/29/2024 --- 
 --- -------- Appointments ------------ --- 


	 --- 0/30/2024 --- 
 --- -------- Appointments ------------ --- 


	 --- 0/31/2024 --- 
 --- -------- Appointments ------------ --- 


	 --- 1/1/2024 --- 
 --- -------- Appointments ------------ --- 
	3/31/2017 at 3:30pm ,Birthday Party, This is my birthday party.
 

	 --- 1/2/2024 --- 
 --- -------- Appointments ------------ --- 


	 --- 1/3/2024 --- 
 --- -------- Appointments ------------ --- 


	 --- 1/4/2024 --- 
 --- -------- Appointments ------------ --- 


	 --- 1/5/2024 --- 
 --- -------- Appointments ------------ --- 


	 --- 1/6/2024 --- 
 --- -------- Appointments ------------ --- 


	 --- 1/7/2024 --- 
 --- -------- Appointments ------------ --- 


	 --- 1/8/2024 --- 
 --- -------- Appointments ------------ --- 


	 --- 1/9/2024 --- 
 --- -------- Appointments ------------ --- 


	 --- 1/10/2024 --- 
 --- -------- Appointments ------------ --- 


	 --- 1/11/2024 --- 
 --- -------- Appointments ------------ --- 


	 --- 1/12/2024 --- 
 --- -------- Appointments ------------ --- 


	 --- 1/13/2024 --- 
 --- -------- Appointments ------------ --- 


	 --- 1/14/2024 --- 
 --- -------- Appointments ------------ --- 


	 --- 1/15/2024 --- 
 --- -------- Appointments ------------ --- 


	 --- 1/16/2024 --- 
 --- -------- Appointments ------------ --- 


	 --- 1/17/2024 --- 
 --- -------- Appointments ------------ --- 


	 --- 1/18/2024 --- 
 --- -------- Appointments ------------ --- 


	 --- 1/19/2024 --- 
 --- -------- Appointments ------------ --- 


	 --- 1/20/2024 --- 
 --- -------- Appointments ------------ --- 


	 --- 1/21/2024 --- 
 --- -------- Appointments ------------ --- 


	 --- 1/22/2024 --- 
 --- -------- Appointments ------------ --- 


	 --- 1/23/2024 --- 
 --- -------- Appointments ------------ --- 


	 --- 1/24/2024 --- 
 --- -------- Appointments ------------ --- 


	 --- 1/25/2024 --- 
 --- -------- Appointments ------------ --- 


	 --- 1/26/2024 --- 
 --- -------- Appointments ------------ --- 


	 --- 1/27/2024 --- 
 --- -------- Appointments ------------ --- 


	 --- 1/28/2024 --- 
 --- -------- Appointments ------------ --- 
	1/28/2020 at 3:30pm ,Birthday Party, This is my birthday party.
 

	 --- 1/29/2024 --- 
 --- -------- Appointments ------------ --- 


	 --- 2/1/2024 --- 
 --- -------- Appointments ------------ --- 
	3/31/2017 at 3:30pm ,Birthday Party, This is my birthday party.
 

	 --- 2/2/2024 --- 
 --- -------- Appointments ------------ --- 


	 --- 2/3/2024 --- 
 --- -------- Appointments ------------ --- 


	 --- 2/4/2024 --- 
 --- -------- Appointments ------------ --- 


	 --- 2/5/2024 --- 
 --- -------- Appointments ------------ --- 


	 --- 2/6/2024 --- 
 --- -------- Appointments ------------ --- 


	 --- 2/7/2024 --- 
 --- -------- Appointments ------------ --- 


	 --- 2/8/2024 --- 
 --- -------- Appointments ------------ --- 


	 --- 2/9/2024 --- 
 --- -------- Appointments ------------ --- 


	 --- 2/10/2024 --- 
 --- -------- Appointments ------------ --- 


	 --- 2/11/2024 --- 
 --- -------- Appointments ------------ --- 


	 --- 2/12/2024 --- 
 --- -------- Appointments ------------ --- 


	 --- 2/13/2024 --- 
 --- -------- Appointments ------------ --- 


	 --- 2/14/2024 --- 
 --- -------- Appointments ------------ --- 


	 --- 2/15/2024 --- 
 --- -------- Appointments ------------ --- 


	 --- 2/16/2024 --- 
 --- -------- Appointments ------------ --- 


	 --- 2/17/2024 --- 
 --- -------- Appointments ------------ --- 


	 --- 2/18/2024 --- 
 --- -------- Appointments ------------ --- 


	 --- 2/19/2024 --- 
 --- -------- Appointments ------------ --- 


	 --- 2/20/2024 --- 
 --- -------- Appointments ------------ --- 


	 --- 2/21/2024 --- 
 --- -------- Appointments ------------ --- 


	 --- 2/22/2024 --- 
 --- -------- Appointments ------------ --- 


	 --- 2/23/2024 --- 
 --- -------- Appointments ------------ --- 


	 --- 2/24/2024 --- 
 --- -------- Appointments ------------ --- 


	 --- 2/25/2024 --- 
 --- -------- Appointments ------------ --- 


	 --- 2/26/2024 --- 
 --- -------- Appointments ------------ --- 
	2/26/2018 at 11:30pm ,Birthday Party, This is my birthday party.
 

	 --- 2/27/2024 --- 
 --- -------- Appointments ------------ --- 


	 --- 2/28/2024 --- 
 --- -------- Appointments ------------ --- 
	1/28/2020 at 3:30pm ,Birthday Party, This is my birthday party.
 

	 --- 2/29/2024 --- 
 --- -------- Appointments ------------ --- 


	 --- 2/30/2024 --- 
 --- -------- Appointments ------------ --- 


	 --- 2/31/2024 --- 
 --- -------- Appointments ------------ --- 


	 --- 3/1/2024 --- 
 --- -------- Appointments ------------ --- 
	3/31/2017 at 3:30pm ,Birthday Party, This is my birthday party.
 

	 --- 3/2/2024 --- 
 --- -------- Appointments ------------ --- 


	 --- 3/3/2024 --- 
 --- -------- Appointments ------------ --- 


	 --- 3/4/2024 --- 
 --- -------- Appointments ------------ --- 


	 --- 3/5/2024 --- 
 --- -------- Appointments ------------ --- 


	 --- 3/6/2024 --- 
 --- -------- Appointments ------------ --- 


	 --- 3/7/2024 --- 
 --- -------- Appointments ------------ --- 


	 --- 3/8/2024 --- 
 --- -------- Appointments ------------ --- 


	 --- 3/9/2024 --- 
 --- -------- Appointments ------------ --- 


	 --- 3/10/2024 --- 
 --- -------- Appointments ------------ --- 


	 --- 3/11/2024 --- 
 --- -------- Appointments ------------ --- 


	 --- 3/12/2024 --- 
 --- -------- Appointments ------------ --- 


	 --- 3/13/2024 --- 
 --- -------- Appointments ------------ --- 


	 --- 3/14/2024 --- 
 --- -------- Appointments ------------ --- 


	 --- 3/15/2024 --- 
 --- -------- Appointments ------------ --- 


	 --- 3/16/2024 --- 
 --- -------- Appointments ------------ --- 


	 --- 3/17/2024 --- 
 --- -------- Appointments ------------ --- 


	 --- 3/18/2024 --- 
 --- -------- Appointments ------------ --- 


	 --- 3/19/2024 --- 
 --- -------- Appointments ------------ --- 


	 --- 3/20/2024 --- 
 --- -------- Appointments ------------ --- 


	 --- 3/21/2024 --- 
 --- -------- Appointments ------------ --- 


	 --- 3/22/2024 --- 
 --- -------- Appointments ------------ --- 


	 --- 3/23/2024 --- 
 --- -------- Appointments ------------ --- 


	 --- 3/24/2024 --- 
 --- -------- Appointments ------------ --- 


	 --- 3/25/2024 --- 
 --- -------- Appointments ------------ --- 


	 --- 3/26/2024 --- 
 --- -------- Appointments ------------ --- 


	 --- 3/27/2024 --- 
 --- -------- Appointments ------------ --- 


	 --- 3/28/2024 --- 
 --- -------- Appointments ------------ --- 
	1/28/2020 at 3:30pm ,Birthday Party, This is my birthday party.
 

	 --- 3/29/2024 --- 
 --- -------- Appointments ------------ --- 


	 --- 3/30/2024 --- 
 --- -------- Appointments ------------ --- 


	 --- 4/1/2024 --- 
 --- -------- Appointments ------------ --- 
	3/31/2017 at 3:30pm ,Birthday Party, This is my birthday party.
 

	 --- 4/2/2024 --- 
 --- -------- Appointments ------------ --- 


	 --- 4/3/2024 --- 
 --- -------- Appointments ------------ --- 


	 --- 4/4/2024 --- 
 --- -------- Appointments ------------ --- 


	 --- 4/5/2024 --- 
 --- -------- Appointments ------------ --- 


	 --- 4/6/2024 --- 
 --- -------- Appointments ------------ --- 


	 --- 4/7/2024 --- 
 --- -------- Appointments ------------ --- 


	 --- 4/8/2024 --- 
 --- -------- Appointments ------------ --- 


	 --- 4/9/2024 --- 
 --- -------- Appointments ------------ --- 


	 --- 4/10/2024 --- 
 --- -------- Appointments ------------ --- 


	 --- 4/11/2024 --- 
 --- -------- Appointments ------------ --- 


	 --- 4/12/2024 --- 
 --- -------- Appointments ------------ --- 


	 --- 4/13/2024 --- 
 --- -------- Appointments ------------ --- 


	 --- 4/14/2024 --- 
 --- -------- Appointments ------------ --- 


	 --- 4/15/2024 --- 
 --- -------- Appointments ------------ --- 


	 --- 4/16/2024 --- 
 --- -------- Appointments ------------ --- 


	 --- 4/17/2024 --- 
 --- -------- Appointments ------------ --- 


	 --- 4/18/2024 --- 
 --- -------- Appointments ------------ --- 


	 --- 4/19/2024 --- 
 --- -------- Appointments ------------ --- 


	 --- 4/20/2024 --- 
 --- -------- Appointments ------------ --- 


	 --- 4/21/2024 --- 
 --- -------- Appointments ------------ --- 


	 --- 4/22/2024 --- 
 --- -------- Appointments ------------ --- 


	 --- 4/23/2024 --- 
 --- -------- Appointments ------------ --- 


	 --- 4/24/2024 --- 
 --- -------- Appointments ------------ --- 


	 --- 4/25/2024 --- 
 --- -------- Appointments ------------ --- 


	 --- 4/26/2024 --- 
 --- -------- Appointments ------------ --- 


	 --- 4/27/2024 --- 
 --- -------- Appointments ------------ --- 


	 --- 4/28/2024 --- 
 --- -------- Appointments ------------ --- 
	1/28/2020 at 3:30pm ,Birthday Party, This is my birthday party.
 

	 --- 4/29/2024 --- 
 --- -------- Appointments ------------ --- 


	 --- 4/30/2024 --- 
 --- -------- Appointments ------------ --- 


	 --- 4/31/2024 --- 
 --- -------- Appointments ------------ --- 


	 --- 5/1/2024 --- 
 --- -------- Appointments ------------ --- 
	3/31/2017 at 3:30pm ,Birthday Party, This is my birthday party.
 

	 --- 5/2/2024 --- 
 --- -------- Appointments ------------ --- 


	 --- 5/3/2024 --- 
 --- -------- Appointments ------------ --- 


	 --- 5/4/2024 --- 
 --- -------- Appointments ------------ --- 


	 --- 5/5/2024 --- 
 --- -------- Appointments ------------ --- 


	 --- 5/6/2024 --- 
 --- -------- Appointments ------------ --- 


	 --- 5/7/2024 --- 
 --- -------- Appointments ------------ --- 


	 --- 5/8/2024 --- 
 --- -------- Appointments ------------ --- 


	 --- 5/9/2024 --- 
 --- -------- Appointments ------------ --- 


	 --- 5/10/2024 --- 
 --- -------- Appointments ------------ --- 


	 --- 5/11/2024 --- 
 --- -------- Appointments ------------ --- 


	 --- 5/12/2024 --- 
 --- -------- Appointments ------------ --- 


	 --- 5/13/2024 --- 
 --- -------- Appointments ------------ --- 


	 --- 5/14/2024 --- 
 --- -------- Appointments ------------ --- 


	 --- 5/15/2024 --- 
 --- -------- Appointments ------------ --- 


	 --- 5/16/2024 --- 
 --- -------- Appointments ------------ --- 


	 --- 5/17/2024 --- 
 --- -------- Appointments ------------ --- 


	 --- 5/18/2024 --- 
 --- -------- Appointments ------------ --- 


	 --- 5/19/2024 --- 
 --- -------- Appointments ------------ --- 


	 --- 5/20/2024 --- 
 --- -------- Appointments ------------ --- 


	 --- 5/21/2024 --- 
 --- -------- Appointments ------------ --- 


	 --- 5/22/2024 --- 
 --- -------- Appointments ------------ --- 


	 --- 5/23/2024 --- 
 --- -------- Appointments ------------ --- 


	 --- 5/24/2024 --- 
 --- -------- Appointments ------------ --- 


	 --- 5/25/2024 --- 
 --- -------- Appointments ------------ --- 


	 --- 5/26/2024 --- 
 --- -------- Appointments ------------ --- 


	 --- 5/27/2024 --- 
 --- -------- Appointments ------------ --- 


	 --- 5/28/2024 --- 
 --- -------- Appointments ------------ --- 
	1/28/2020 at 3:30pm ,Birthday Party, This is my birthday party.
 

	 --- 5/29/2024 --- 
 --- -------- Appointments ------------ --- 


	 --- 5/30/2024 --- 
 --- -------- Appointments ------------ --- 


	 --- 6/1/2024 --- 
 --- -------- Appointments ------------ --- 
	3/31/2017 at 3:30pm ,Birthday Party, This is my birthday party.
 

	 --- 6/2/2024 --- 
 --- -------- Appointments ------------ --- 


	 --- 6/3/2024 --- 
 --- -------- Appointments ------------ --- 


	 --- 6/4/2024 --- 
 --- -------- Appointments ------------ --- 


	 --- 6/5/2024 --- 
 --- -------- Appointments ------------ --- 


	 --- 6/6/2024 --- 
 --- -------- Appointments ------------ --- 


	 --- 6/7/2024 --- 
 --- -------- Appointments ------------ --- 


	 --- 6/8/2024 --- 
 --- -------- Appointments ------------ --- 


	 --- 6/9/2024 --- 
 --- -------- Appointments ------------ --- 


	 --- 6/10/2024 --- 
 --- -------- Appointments ------------ --- 


	 --- 6/11/2024 --- 
 --- -------- Appointments ------------ --- 


	 --- 6/12/2024 --- 
 --- -------- Appointments ------------ --- 


	 --- 6/13/2024 --- 
 --- -------- Appointments ------------ --- 


	 --- 6/14/2024 --- 
 --- -------- Appointments ------------ --- 


	 --- 6/15/2024 --- 
 --- -------- Appointments ------------ --- 


	 --- 6/16/2024 --- 
 --- -------- Appointments ------------ --- 


	 --- 6/17/2024 --- 
 --- -------- Appointments ------------ --- 


	 --- 6/18/2024 --- 
 --- -------- Appointments ------------ --- 


	 --- 6/19/2024 --- 
 --- -------- Appointments ------------ --- 


	 --- 6/20/2024 --- 
 --- -------- Appointments ------------ --- 


	 --- 6/21/2024 --- 
 --- -------- Appointments ------------ --- 


	 --- 6/22/2024 --- 
 --- -------- Appointments ------------ --- 


	 --- 6/23/2024 --- 
 --- -------- Appointments ------------ --- 


	 --- 6/24/2024 --- 
 --- -------- Appointments ------------ --- 


	 --- 6/25/2024 --- 
 --- -------- Appointments ------------ --- 


	 --- 6/26/2024 --- 
 --- -------- Appointments ------------ --- 


	 --- 6/27/2024 --- 
 --- -------- Appointments ------------ --- 


	 --- 6/28/2024 --- 
 --- -------- Appointments ------------ --- 
	1/28/2020 at 3:30pm ,Birthday Party, This is my birthday party.
 

	 --- 6/29/2024 --- 
 --- -------- Appointments ------------ --- 


	 --- 6/30/2024 --- 
 --- -------- Appointments ------------ --- 


	 --- 6/31/2024 --- 
 --- -------- Appointments ------------ --- 


	 --- 7/1/2024 --- 
 --- -------- Appointments ------------ --- 
	3/31/2017 at 3:30pm ,Birthday Party, This is my birthday party.
 

	 --- 7/2/2024 --- 
 --- -------- Appointments ------------ --- 


	 --- 7/3/2024 --- 
 --- -------- Appointments ------------ --- 


	 --- 7/4/2024 --- 
 --- -------- Appointments ------------ --- 


	 --- 7/5/2024 --- 
 --- -------- Appointments ------------ --- 


	 --- 7/6/2024 --- 
 --- -------- Appointments ------------ --- 


	 --- 7/7/2024 --- 
 --- -------- Appointments ------------ --- 


	 --- 7/8/2024 --- 
 --- -------- Appointments ------------ --- 


	 --- 7/9/2024 --- 
 --- -------- Appointments ------------ --- 


	 --- 7/10/2024 --- 
 --- -------- Appointments ------------ --- 


	 --- 7/11/2024 --- 
 --- -------- Appointments ------------ --- 


	 --- 7/12/2024 --- 
 --- -------- Appointments ------------ --- 


	 --- 7/13/2024 --- 
 --- -------- Appointments ------------ --- 


	 --- 7/14/2024 --- 
 --- -------- Appointments ------------ --- 


	 --- 7/15/2024 --- 
 --- -------- Appointments ------------ --- 


	 --- 7/16/2024 --- 
 --- -------- Appointments ------------ --- 


	 --- 7/17/2024 --- 
 --- -------- Appointments ------------ --- 


	 --- 7/18/2024 --- 
 --- -------- Appointments ------------ --- 


	 --- 7/19/2024 --- 
 --- -------- Appointments ------------ --- 


	 --- 7/20/2024 --- 
 --- -------- Appointments ------------ --- 


	 --- 7/21/2024 --- 
 --- -------- Appointments ------------ --- 


	 --- 7/22/2024 --- 
 --- -------- Appointments ------------ --- 


	 --- 7/23/2024 --- 
 --- -------- Appointments ------------ --- 


	 --- 7/24/2024 --- 
 --- -------- Appointments ------------ --- 


	 --- 7/25/2024 --- 
 --- -------- Appointments ------------ --- 


	 --- 7/26/2024 --- 
 --- -------- Appointments ------------ --- 


	 --- 7/27/2024 --- 
 --- -------- Appointments ------------ --- 


	 --- 7/28/2024 --- 
 --- -------- Appointments ------------ --- 
	1/28/2020 at 3:30pm ,Birthday Party, This is my birthday party.
 

	 --- 7/29/2024 --- 
 --- -------- Appointments ------------ --- 


	 --- 7/30/2024 --- 
 --- -------- Appointments ------------ --- 


	 --- 7/31/2024 --- 
 --- -------- Appointments ------------ --- 


	 --- 8/1/2024 --- 
 --- -------- Appointments ------------ --- 
	3/31/2017 at 3:30pm ,Birthday Party, This is my birthday party.
 

	 --- 8/2/2024 --- 
 --- -------- Appointments ------------ --- 


	 --- 8/3/2024 --- 
 --- -------- Appointments ------------ --- 


	 --- 8/4/2024 --- 
 --- -------- Appointments ------------ --- 


	 --- 8/5/2024 --- 
 --- -------- Appointments ------------ --- 


	 --- 8/6/2024 --- 
 --- -------- Appointments ------------ --- 


	 --- 8/7/2024 --- 
 --- -------- Appointments ------------ --- 


	 --- 8/8/2024 --- 
 --- -------- Appointments ------------ --- 


	 --- 8/9/2024 --- 
 --- -------- Appointments ------------ --- 


	 --- 8/10/2024 --- 
 --- -------- Appointments ------------ --- 


	 --- 8/11/2024 --- 
 --- -------- Appointments ------------ --- 


	 --- 8/12/2024 --- 
 --- -------- Appointments ------------ --- 


	 --- 8/13/2024 --- 
 --- -------- Appointments ------------ --- 


	 --- 8/14/2024 --- 
 --- -------- Appointments ------------ --- 


	 --- 8/15/2024 --- 
 --- -------- Appointments ------------ --- 


	 --- 8/16/2024 --- 
 --- -------- Appointments ------------ --- 


	 --- 8/17/2024 --- 
 --- -------- Appointments ------------ --- 


	 --- 8/18/2024 --- 
 --- -------- Appointments ------------ --- 


	 --- 8/19/2024 --- 
 --- -------- Appointments ------------ --- 


	 --- 8/20/2024 --- 
 --- -------- Appointments ------------ --- 


	 --- 8/21/2024 --- 
 --- -------- Appointments ------------ --- 


	 --- 8/22/2024 --- 
 --- -------- Appointments ------------ --- 


	 --- 8/23/2024 --- 
 --- -------- Appointments ------------ --- 


	 --- 8/24/2024 --- 
 --- -------- Appointments ------------ --- 


	 --- 8/25/2024 --- 
 --- -------- Appointments ------------ --- 


	 --- 8/26/2024 --- 
 --- -------- Appointments ------------ --- 


	 --- 8/27/2024 --- 
 --- -------- Appointments ------------ --- 


	 --- 8/28/2024 --- 
 --- -------- Appointments ------------ --- 
	1/28/2020 at 3:30pm ,Birthday Party, This is my birthday party.
 

	 --- 8/29/2024 --- 
 --- -------- Appointments ------------ --- 


	 --- 8/30/2024 --- 
 --- -------- Appointments ------------ --- 


	 --- 9/1/2024 --- 
 --- -------- Appointments ------------ --- 
	3/31/2017 at 3:30pm ,Birthday Party, This is my birthday party.
 

	 --- 9/2/2024 --- 
 --- -------- Appointments ------------ --- 


	 --- 9/3/2024 --- 
 --- -------- Appointments ------------ --- 


	 --- 9/4/2024 --- 
 --- -------- Appointments ------------ --- 


	 --- 9/5/2024 --- 
 --- -------- Appointments ------------ --- 


	 --- 9/6/2024 --- 
 --- -------- Appointments ------------ --- 


	 --- 9/7/2024 --- 
 --- -------- Appointments ------------ --- 


	 --- 9/8/2024 --- 
 --- -------- Appointments ------------ --- 


	 --- 9/9/2024 --- 
 --- -------- Appointments ------------ --- 


	 --- 9/10/2024 --- 
 --- -------- Appointments ------------ --- 


	 --- 9/11/2024 --- 
 --- -------- Appointments ------------ --- 


	 --- 9/12/2024 --- 
 --- -------- Appointments ------------ --- 


	 --- 9/13/2024 --- 
 --- -------- Appointments ------------ --- 


	 --- 9/14/2024 --- 
 --- -------- Appointments ------------ --- 


	 --- 9/15/2024 --- 
 --- -------- Appointments ------------ --- 


	 --- 9/16/2024 --- 
 --- -------- Appointments ------------ --- 


	 --- 9/17/2024 --- 
 --- -------- Appointments ------------ --- 


	 --- 9/18/2024 --- 
 --- -------- Appointments ------------ --- 


	 --- 9/19/2024 --- 
 --- -------- Appointments ------------ --- 


	 --- 9/20/2024 --- 
 --- -------- Appointments ------------ --- 


	 --- 9/21/2024 --- 
 --- -------- Appointments ------------ --- 


	 --- 9/22/2024 --- 
 --- -------- Appointments ------------ --- 


	 --- 9/23/2024 --- 
 --- -------- Appointments ------------ --- 


	 --- 9/24/2024 --- 
 --- -------- Appointments ------------ --- 


	 --- 9/25/2024 --- 
 --- -------- Appointments ------------ --- 


	 --- 9/26/2024 --- 
 --- -------- Appointments ------------ --- 


	 --- 9/27/2024 --- 
 --- -------- Appointments ------------ --- 


	 --- 9/28/2024 --- 
 --- -------- Appointments ------------ --- 
	1/28/2020 at 3:30pm ,Birthday Party, This is my birthday party.
 

	 --- 9/29/2024 --- 
 --- -------- Appointments ------------ --- 


	 --- 9/30/2024 --- 
 --- -------- Appointments ------------ --- 


	 --- 9/31/2024 --- 
 --- -------- Appointments ------------ --- 


	 --- 10/1/2024 --- 
 --- -------- Appointments ------------ --- 
	3/31/2017 at 3:30pm ,Birthday Party, This is my birthday party.
 

	 --- 10/2/2024 --- 
 --- -------- Appointments ------------ --- 


	 --- 10/3/2024 --- 
 --- -------- Appointments ------------ --- 


	 --- 10/4/2024 --- 
 --- -------- Appointments ------------ --- 


	 --- 10/5/2024 --- 
 --- -------- Appointments ------------ --- 


	 --- 10/6/2024 --- 
 --- -------- Appointments ------------ --- 


	 --- 10/7/2024 --- 
 --- -------- Appointments ------------ --- 


	 --- 10/8/2024 --- 
 --- -------- Appointments ------------ --- 


	 --- 10/9/2024 --- 
 --- -------- Appointments ------------ --- 


	 --- 10/10/2024 --- 
 --- -------- Appointments ------------ --- 


	 --- 10/11/2024 --- 
 --- -------- Appointments ------------ --- 


	 --- 10/12/2024 --- 
 --- -------- Appointments ------------ --- 


	 --- 10/13/2024 --- 
 --- -------- Appointments ------------ --- 


	 --- 10/14/2024 --- 
 --- -------- Appointments ------------ --- 


	 --- 10/15/2024 --- 
 --- -------- Appointments ------------ --- 


	 --- 10/16/2024 --- 
 --- -------- Appointments ------------ --- 


	 --- 10/17/2024 --- 
 --- -------- Appointments ------------ --- 


	 --- 10/18/2024 --- 
 --- -------- Appointments ------------ --- 


	 --- 10/19/2024 --- 
 --- -------- Appointments ------------ --- 


	 --- 10/20/2024 --- 
 --- -------- Appointments ------------ --- 


	 --- 10/21/2024 --- 
 --- -------- Appointments ------------ --- 


	 --- 10/22/2024 --- 
 --- -------- Appointments ------------ --- 


	 --- 10/23/2024 --- 
 --- -------- Appointments ------------ --- 


	 --- 10/24/2024 --- 
 --- -------- Appointments ------------ --- 


	 --- 10/25/2024 --- 
 --- -------- Appointments ------------ --- 


	 --- 10/26/2024 --- 
 --- -------- Appointments ------------ --- 


	 --- 10/27/2024 --- 
 --- -------- Appointments ------------ --- 


	 --- 10/28/2024 --- 
 --- -------- Appointments ------------ --- 
	1/28/2020 at 3:30pm ,Birthday Party, This is my birthday party.
 

	 --- 10/29/2024 --- 
 --- -------- Appointments ------------ --- 


	 --- 10/30/2024 --- 
 --- -------- Appointments ------------ --- 


	 --- 11/1/2024 --- 
 --- -------- Appointments ------------ --- 
	3/31/2017 at 3:30pm ,Birthday Party, This is my birthday party.
 

	 --- 11/2/2024 --- 
 --- -------- Appointments ------------ --- 


	 --- 11/3/2024 --- 
 --- -------- Appointments ------------ --- 


	 --- 11/4/2024 --- 
 --- -------- Appointments ------------ --- 


	 --- 11/5/2024 --- 
 --- -------- Appointments ------------ --- 


	 --- 11/6/2024 --- 
 --- -------- Appointments ------------ --- 


	 --- 11/7/2024 --- 
 --- -------- Appointments ------------ --- 


	 --- 11/8/2024 --- 
 --- -------- Appointments ------------ --- 


	 --- 11/9/2024 --- 
 --- -------- Appointments ------------ --- 


	 --- 11/10/2024 --- 
 --- -------- Appointments ------------ --- 


	 --- 11/11/2024 --- 
 --- -------- Appointments ------------ --- 


	 --- 11/12/2024 --- 
 --- -------- Appointments ------------ --- 


	 --- 11/13/2024 --- 
 --- -------- Appointments ------------ --- 


	 --- 11/14/2024 --- 
 --- -------- Appointments ------------ --- 


	 --- 11/15/2024 --- 
 --- -------- Appointments ------------ --- 


	 --- 11/16/2024 --- 
 --- -------- Appointments ------------ --- 


	 --- 11/17/2024 --- 
 --- -------- Appointments ------------ --- 


	 --- 11/18/2024 --- 
 --- -------- Appointments ------------ --- 


	 --- 11/19/2024 --- 
 --- -------- Appointments ------------ --- 


	 --- 11/20/2024 --- 
 --- -------- Appointments ------------ --- 


	 --- 11/21/2024 --- 
 --- -------- Appointments ------------ --- 


	 --- 11/22/2024 --- 
 --- -------- Appointments ------------ --- 


	 --- 11/23/2024 --- 
 --- -------- Appointments ------------ --- 


	 --- 11/24/2024 --- 
 --- -------- Appointments ------------ --- 


	 --- 11/25/2024 --- 
 --- -------- Appointments ------------ --- 


	 --- 11/26/2024 --- 
 --- -------- Appointments ------------ --- 


	 --- 11/27/2024 --- 
 --- -------- Appointments ------------ --- 


	 --- 11/28/2024 --- 
 --- -------- Appointments ------------ --- 
	1/28/2020 at 3:30pm ,Birthday Party, This is my birthday party.
 

	 --- 11/29/2024 --- 
 --- -------- Appointments ------------ --- 


	 --- 11/30/2024 --- 
 --- -------- Appointments ------------ --- 


	 --- 11/31/2024 --- 
 --- -------- Appointments ------------ --- 


	 --- 0/1/2025 --- 
 --- -------- Appointments ------------ --- 
	3/31/2017 at 3:30pm ,Birthday Party, This is my birthday party.
 

	 --- 0/2/2025 --- 
 --- -------- Appointments ------------ --- 


	 --- 0/3/2025 --- 
 --- -------- Appointments ------------ --- 


	 --- 0/4/2025 --- 
 --- -------- Appointments ------------ --- 


	 --- 0/5/2025 --- 
 --- -------- Appointments ------------ --- 


	 --- 0/6/2025 --- 
 --- -------- Appointments ------------ --- 


	 --- 0/7/2025 --- 
 --- -------- Appointments ------------ --- 


	 --- 0/8/2025 --- 
 --- -------- Appointments ------------ --- 


	 --- 0/9/2025 --- 
 --- -------- Appointments ------------ --- 


	 --- 0/10/2025 --- 
 --- -------- Appointments ------------ --- 


	 --- 0/11/2025 --- 
 --- -------- Appointments ------------ --- 


	 --- 0/12/2025 --- 
 --- -------- Appointments ------------ --- 


	 --- 0/13/2025 --- 
 --- -------- Appointments ------------ --- 


	 --- 0/14/2025 --- 
 --- -------- Appointments ------------ --- 


	 --- 0/15/2025 --- 
 --- -------- Appointments ------------ --- 


	 --- 0/16/2025 --- 
 --- -------- Appointments ------------ --- 


	 --- 0/17/2025 --- 
 --- -------- Appointments ------------ --- 


	 --- 0/18/2025 --- 
 --- -------- Appointments ------------ --- 


	 --- 0/19/2025 --- 
 --- -------- Appointments ------------ --- 


	 --- 0/20/2025 --- 
 --- -------- Appointments ------------ --- 


	 --- 0/21/2025 --- 
 --- -------- Appointments ------------ --- 


	 --- 0/22/2025 --- 
 --- -------- Appointments ------------ --- 


	 --- 0/23/2025 --- 
 --- -------- Appointments ------------ --- 


	 --- 0/24/2025 --- 
 --- -------- Appointments ------------ --- 


	 --- 0/25/2025 --- 
 --- -------- Appointments ------------ --- 


	 --- 0/26/2025 --- 
 --- -------- Appointments ------------ --- 


	 --- 0/27/2025 --- 
 --- -------- Appointments ------------ --- 


	 --- 0/28/2025 --- 
 --- -------- Appointments ------------ --- 
	1/28/2020 at 3:30pm ,Birthday Party, This is my birthday party.
 

	 --- 0/29/2025 --- 
 --- -------- Appointments ------------ --- 


	 --- 0/30/2025 --- 
 --- -------- Appointments ------------ --- 


	 --- 0/31/2025 --- 
 --- -------- Appointments ------------ --- 


	 --- 1/1/2025 --- 
 --- -------- Appointments ------------ --- 
	3/31/2017 at 3:30pm ,Birthday Party, This is my birthday party.
 

	 --- 1/2/2025 --- 
 --- -------- Appointments ------------ --- 


	 --- 1/3/2025 --- 
 --- -------- Appointments ------------ --- 


	 --- 1/4/2025 --- 
 --- -------- Appointments ------------ --- 


	 --- 1/5/2025 --- 
 --- -------- Appointments ------------ --- 


	 --- 1/6/2025 --- 
 --- -------- Appointments ------------ --- 


	 --- 1/7/2025 --- 
 --- -------- Appointments ------------ --- 


	 --- 1/8/2025 --- 
 --- -------- Appointments ------------ --- 


	 --- 1/9/2025 --- 
 --- -------- Appointments ------------ --- 


	 --- 1/10/2025 --- 
 --- -------- Appointments ------------ --- 


	 --- 1/11/2025 --- 
 --- -------- Appointments ------------ --- 


	 --- 1/12/2025 --- 
 --- -------- Appointments ------------ --- 


	 --- 1/13/2025 --- 
 --- -------- Appointments ------------ --- 


	 --- 1/14/2025 --- 
 --- -------- Appointments ------------ --- 


	 --- 1/15/2025 --- 
 --- -------- Appointments ------------ --- 


	 --- 1/16/2025 --- 
 --- -------- Appointments ------------ --- 


	 --- 1/17/2025 --- 
 --- -------- Appointments ------------ --- 


	 --- 1/18/2025 --- 
 --- -------- Appointments ------------ --- 


	 --- 1/19/2025 --- 
 --- -------- Appointments ------------ --- 


	 --- 1/20/2025 --- 
 --- -------- Appointments ------------ --- 


	 --- 1/21/2025 --- 
 --- -------- Appointments ------------ --- 


	 --- 1/22/2025 --- 
 --- -------- Appointments ------------ --- 


	 --- 1/23/2025 --- 
 --- -------- Appointments ------------ --- 


	 --- 1/24/2025 --- 
 --- -------- Appointments ------------ --- 


	 --- 1/25/2025 --- 
 --- -------- Appointments ------------ --- 


	 --- 1/26/2025 --- 
 --- -------- Appointments ------------ --- 


	 --- 1/27/2025 --- 
 --- -------- Appointments ------------ --- 


	 --- 1/28/2025 --- 
 --- -------- Appointments ------------ --- 
	1/28/2020 at 3:30pm ,Birthday Party, This is my birthday party.
 

	 --- 2/1/2025 --- 
 --- -------- Appointments ------------ --- 
	3/31/2017 at 3:30pm ,Birthday Party, This is my birthday party.
 

	 --- 2/2/2025 --- 
 --- -------- Appointments ------------ --- 


	 --- 2/3/2025 --- 
 --- -------- Appointments ------------ --- 


	 --- 2/4/2025 --- 
 --- -------- Appointments ------------ --- 


	 --- 2/5/2025 --- 
 --- -------- Appointments ------------ --- 


	 --- 2/6/2025 --- 
 --- -------- Appointments ------------ --- 


	 --- 2/7/2025 --- 
 --- -------- Appointments ------------ --- 


	 --- 2/8/2025 --- 
 --- -------- Appointments ------------ --- 


	 --- 2/9/2025 --- 
 --- -------- Appointments ------------ --- 


	 --- 2/10/2025 --- 
 --- -------- Appointments ------------ --- 


	 --- 2/11/2025 --- 
 --- -------- Appointments ------------ --- 


	 --- 2/12/2025 --- 
 --- -------- Appointments ------------ --- 


	 --- 2/13/2025 --- 
 --- -------- Appointments ------------ --- 


	 --- 2/14/2025 --- 
 --- -------- Appointments ------------ --- 


	 --- 2/15/2025 --- 
 --- -------- Appointments ------------ --- 


	 --- 2/16/2025 --- 
 --- -------- Appointments ------------ --- 


	 --- 2/17/2025 --- 
 --- -------- Appointments ------------ --- 


	 --- 2/18/2025 --- 
 --- -------- Appointments ------------ --- 


	 --- 2/19/2025 --- 
 --- -------- Appointments ------------ --- 


	 --- 2/20/2025 --- 
 --- -------- Appointments ------------ --- 


	 --- 2/21/2025 --- 
 --- -------- Appointments ------------ --- 


	 --- 2/22/2025 --- 
 --- -------- Appointments ------------ --- 


	 --- 2/23/2025 --- 
 --- -------- Appointments ------------ --- 


	 --- 2/24/2025 --- 
 --- -------- Appointments ------------ --- 


	 --- 2/25/2025 --- 
 --- -------- Appointments ------------ --- 


	 --- 2/26/2025 --- 
 --- -------- Appointments ------------ --- 
	2/26/2018 at 11:30pm ,Birthday Party, This is my birthday party.
 

	 --- 2/27/2025 --- 
 --- -------- Appointments ------------ --- 


	 --- 2/28/2025 --- 
 --- -------- Appointments ------------ --- 
	1/28/2020 at 3:30pm ,Birthday Party, This is my birthday party.
 

	 --- 2/29/2025 --- 
 --- -------- Appointments ------------ --- 


	 --- 2/30/2025 --- 
 --- -------- Appointments ------------ --- 


	 --- 2/31/2025 --- 
 --- -------- Appointments ------------ --- 


	 --- 3/1/2025 --- 
 --- -------- Appointments ------------ --- 
	3/31/2017 at 3:30pm ,Birthday Party, This is my birthday party.
 

	 --- 3/2/2025 --- 
 --- -------- Appointments ------------ --- 


	 --- 3/3/2025 --- 
 --- -------- Appointments ------------ --- 


	 --- 3/4/2025 --- 
 --- -------- Appointments ------------ --- 


	 --- 3/5/2025 --- 
 --- -------- Appointments ------------ --- 


	 --- 3/6/2025 --- 
 --- -------- Appointments ------------ --- 


	 --- 3/7/2025 --- 
 --- -------- Appointments ------------ --- 


	 --- 3/8/2025 --- 
 --- -------- Appointments ------------ --- 


	 --- 3/9/2025 --- 
 --- -------- Appointments ------------ --- 


	 --- 3/10/2025 --- 
 --- -------- Appointments ------------ --- 


	 --- 3/11/2025 --- 
 --- -------- Appointments ------------ --- 


	 --- 3/12/2025 --- 
 --- -------- Appointments ------------ --- 


	 --- 3/13/2025 --- 
 --- -------- Appointments ------------ --- 


	 --- 3/14/2025 --- 
 --- -------- Appointments ------------ --- 


	 --- 3/15/2025 --- 
 --- -------- Appointments ------------ --- 


	 --- 3/16/2025 --- 
 --- -------- Appointments ------------ --- 


	 --- 3/17/2025 --- 
 --- -------- Appointments ------------ --- 


	 --- 3/18/2025 --- 
 --- -------- Appointments ------------ --- 


	 --- 3/19/2025 --- 
 --- -------- Appointments ------------ --- 


	 --- 3/20/2025 --- 
 --- -------- Appointments ------------ --- 


	 --- 3/21/2025 --- 
 --- -------- Appointments ------------ --- 


	 --- 3/22/2025 --- 
 --- -------- Appointments ------------ --- 


	 --- 3/23/2025 --- 
 --- -------- Appointments ------------ --- 


	 --- 3/24/2025 --- 
 --- -------- Appointments ------------ --- 


	 --- 3/25/2025 --- 
 --- -------- Appointments ------------ --- 


	 --- 3/26/2025 --- 
 --- -------- Appointments ------------ --- 


	 --- 3/27/2025 --- 
 --- -------- Appointments ------------ --- 


	 --- 3/28/2025 --- 
 --- -------- Appointments ------------ --- 
	1/28/2020 at 3:30pm ,Birthday Party, This is my birthday party.
 

	 --- 3/29/2025 --- 
 --- -------- Appointments ------------ --- 


	 --- 3/30/2025 --- 
 --- -------- Appointments ------------ --- 


	 --- 4/1/2025 --- 
 --- -------- Appointments ------------ --- 
	3/31/2017 at 3:30pm ,Birthday Party, This is my birthday party.
 

	 --- 4/2/2025 --- 
 --- -------- Appointments ------------ --- 


	 --- 4/3/2025 --- 
 --- -------- Appointments ------------ --- 


	 --- 4/4/2025 --- 
 --- -------- Appointments ------------ --- 


	 --- 4/5/2025 --- 
 --- -------- Appointments ------------ --- 


	 --- 4/6/2025 --- 
 --- -------- Appointments ------------ --- 


	 --- 4/7/2025 --- 
 --- -------- Appointments ------------ --- 


	 --- 4/8/2025 --- 
 --- -------- Appointments ------------ --- 


	 --- 4/9/2025 --- 
 --- -------- Appointments ------------ --- 


	 --- 4/10/2025 --- 
 --- -------- Appointments ------------ --- 


	 --- 4/11/2025 --- 
 --- -------- Appointments ------------ --- 


	 --- 4/12/2025 --- 
 --- -------- Appointments ------------ --- 


	 --- 4/13/2025 --- 
 --- -------- Appointments ------------ --- 


	 --- 4/14/2025 --- 
 --- -------- Appointments ------------ --- 


	 --- 4/15/2025 --- 
 --- -------- Appointments ------------ --- 


	 --- 4/16/2025 --- 
 --- -------- Appointments ------------ --- 


	 --- 4/17/2025 --- 
 --- -------- Appointments ------------ --- 


	 --- 4/18/2025 --- 
 --- -------- Appointments ------------ --- 


	 --- 4/19/2025 --- 
 --- -------- Appointments ------------ --- 


	 --- 4/20/2025 --- 
 --- -------- Appointments ------------ --- 


	 --- 4/21/2025 --- 
 --- -------- Appointments ------------ --- 


	 --- 4/22/2025 --- 
 --- -------- Appointments ------------ --- 


	 --- 4/23/2025 --- 
 --- -------- Appointments ------------ --- 


	 --- 4/24/2025 --- 
 --- -------- Appointments ------------ --- 


	 --- 4/25/2025 --- 
 --- -------- Appointments ------------ --- 


	 --- 4/26/2025 --- 
 --- -------- Appointments ------------ --- 


	 --- 4/27/2025 --- 
 --- -------- Appointments ------------ --- 


	 --- 4/28/2025 --- 
 --- -------- Appointments ------------ --- 
	1/28/2020 at 3:30pm ,Birthday Party, This is my birthday party.
 

	 --- 4/29/2025 --- 
 --- -------- Appointments ------------ --- 


	 --- 4/30/2025 --- 
 --- -------- Appointments ------------ --- 


	 --- 4/31/2025 --- 
 --- -------- Appointments ------------ --- 


	 --- 5/1/2025 --- 
 --- -------- Appointments ------------ --- 
	3/31/2017 at 3:30pm ,Birthday Party, This is my birthday party.
 

	 --- 5/2/2025 --- 
 --- -------- Appointments ------------ --- 


	 --- 5/3/2025 --- 
 --- -------- Appointments ------------ --- 


	 --- 5/4/2025 --- 
 --- -------- Appointments ------------ --- 


	 --- 5/5/2025 --- 
 --- -------- Appointments ------------ --- 


	 --- 5/6/2025 --- 
 --- -------- Appointments ------------ --- 


	 --- 5/7/2025 --- 
 --- -------- Appointments ------------ --- 


	 --- 5/8/2025 --- 
 --- -------- Appointments ------------ --- 


	 --- 5/9/2025 --- 
 --- -------- Appointments ------------ --- 


	 --- 5/10/2025 --- 
 --- -------- Appointments ------------ --- 


	 --- 5/11/2025 --- 
 --- -------- Appointments ------------ --- 


	 --- 5/12/2025 --- 
 --- -------- Appointments ------------ --- 


	 --- 5/13/2025 --- 
 --- -------- Appointments ------------ --- 


	 --- 5/14/2025 --- 
 --- -------- Appointments ------------ --- 


	 --- 5/15/2025 --- 
 --- -------- Appointments ------------ --- 


	 --- 5/16/2025 --- 
 --- -------- Appointments ------------ --- 


	 --- 5/17/2025 --- 
 --- -------- Appointments ------------ --- 


	 --- 5/18/2025 --- 
 --- -------- Appointments ------------ --- 


	 --- 5/19/2025 --- 
 --- -------- Appointments ------------ --- 


	 --- 5/20/2025 --- 
 --- -------- Appointments ------------ --- 


	 --- 5/21/2025 --- 
 --- -------- Appointments ------------ --- 


	 --- 5/22/2025 --- 
 --- -------- Appointments ------------ --- 


	 --- 5/23/2025 --- 
 --- -------- Appointments ------------ --- 


	 --- 5/24/2025 --- 
 --- -------- Appointments ------------ --- 


	 --- 5/25/2025 --- 
 --- -------- Appointments ------------ --- 


	 --- 5/26/2025 --- 
 --- -------- Appointments ------------ --- 


	 --- 5/27/2025 --- 
 --- -------- Appointments ------------ --- 


	 --- 5/28/2025 --- 
 --- -------- Appointments ------------ --- 
	1/28/2020 at 3:30pm ,Birthday Party, This is my birthday party.
 

	 --- 5/29/2025 --- 
 --- -------- Appointments ------------ --- 


	 --- 5/30/2025 --- 
 --- -------- Appointments ------------ --- 


	 --- 6/1/2025 --- 
 --- -------- Appointments ------------ --- 
	3/31/2017 at 3:30pm ,Birthday Party, This is my birthday party.
 

	 --- 6/2/2025 --- 
 --- -------- Appointments ------------ --- 


	 --- 6/3/2025 --- 
 --- -------- Appointments ------------ --- 


	 --- 6/4/2025 --- 
 --- -------- Appointments ------------ --- 


	 --- 6/5/2025 --- 
 --- -------- Appointments ------------ --- 


	 --- 6/6/2025 --- 
 --- -------- Appointments ------------ --- 


	 --- 6/7/2025 --- 
 --- -------- Appointments ------------ --- 


	 --- 6/8/2025 --- 
 --- -------- Appointments ------------ --- 


	 --- 6/9/2025 --- 
 --- -------- Appointments ------------ --- 


	 --- 6/10/2025 --- 
 --- -------- Appointments ------------ --- 


	 --- 6/11/2025 --- 
 --- -------- Appointments ------------ --- 


	 --- 6/12/2025 --- 
 --- -------- Appointments ------------ --- 


	 --- 6/13/2025 --- 
 --- -------- Appointments ------------ --- 


	 --- 6/14/2025 --- 
 --- -------- Appointments ------------ --- 


	 --- 6/15/2025 --- 
 --- -------- Appointments ------------ --- 


	 --- 6/16/2025 --- 
 --- -------- Appointments ------------ --- 


	 --- 6/17/2025 --- 
 --- -------- Appointments ------------ --- 


	 --- 6/18/2025 --- 
 --- -------- Appointments ------------ --- 


	 --- 6/19/2025 --- 
 --- -------- Appointments ------------ --- 


	 --- 6/20/2025 --- 
 --- -------- Appointments ------------ --- 


	 --- 6/21/2025 --- 
 --- -------- Appointments ------------ --- 


	 --- 6/22/2025 --- 
 --- -------- Appointments ------------ --- 


	 --- 6/23/2025 --- 
 --- -------- Appointments ------------ --- 


	 --- 6/24/2025 --- 
 --- -------- Appointments ------------ --- 


	 --- 6/25/2025 --- 
 --- -------- Appointments ------------ --- 


	 --- 6/26/2025 --- 
 --- -------- Appointments ------------ --- 


	 --- 6/27/2025 --- 
 --- -------- Appointments ------------ --- 


	 --- 6/28/2025 --- 
 --- -------- Appointments ------------ --- 
	1/28/2020 at 3:30pm ,Birthday Party, This is my birthday party.
 

	 --- 6/29/2025 --- 
 --- -------- Appointments ------------ --- 


	 --- 6/30/2025 --- 
 --- -------- Appointments ------------ --- 


	 --- 6/31/2025 --- 
 --- -------- Appointments ------------ --- 


	 --- 7/1/2025 --- 
 --- -------- Appointments ------------ --- 
	3/31/2017 at 3:30pm ,Birthday Party, This is my birthday party.
 

	 --- 7/2/2025 --- 
 --- -------- Appointments ------------ --- 


	 --- 7/3/2025 --- 
 --- -------- Appointments ------------ --- 


	 --- 7/4/2025 --- 
 --- -------- Appointments ------------ --- 


	 --- 7/5/2025 --- 
 --- -------- Appointments ------------ --- 


	 --- 7/6/2025 --- 
 --- -------- Appointments ------------ --- 


	 --- 7/7/2025 --- 
 --- -------- Appointments ------------ --- 


	 --- 7/8/2025 --- 
 --- -------- Appointments ------------ --- 


	 --- 7/9/2025 --- 
 --- -------- Appointments ------------ --- 


	 --- 7/10/2025 --- 
 --- -------- Appointments ------------ --- 


	 --- 7/11/2025 --- 
 --- -------- Appointments ------------ --- 


	 --- 7/12/2025 --- 
 --- -------- Appointments ------------ --- 


	 --- 7/13/2025 --- 
 --- -------- Appointments ------------ --- 


	 --- 7/14/2025 --- 
 --- -------- Appointments ------------ --- 


	 --- 7/15/2025 --- 
 --- -------- Appointments ------------ --- 


	 --- 7/16/2025 --- 
 --- -------- Appointments ------------ --- 


	 --- 7/17/2025 --- 
 --- -------- Appointments ------------ --- 


	 --- 7/18/2025 --- 
 --- -------- Appointments ------------ --- 


	 --- 7/19/2025 --- 
 --- -------- Appointments ------------ --- 


	 --- 7/20/2025 --- 
 --- -------- Appointments ------------ --- 


	 --- 7/21/2025 --- 
 --- -------- Appointments ------------ --- 


	 --- 7/22/2025 --- 
 --- -------- Appointments ------------ --- 


	 --- 7/23/2025 --- 
 --- -------- Appointments ------------ --- 


	 --- 7/24/2025 --- 
 --- -------- Appointments ------------ --- 


	 --- 7/25/2025 --- 
 --- -------- Appointments ------------ --- 


	 --- 7/26/2025 --- 
 --- -------- Appointments ------------ --- 


	 --- 7/27/2025 --- 
 --- -------- Appointments ------------ --- 


	 --- 7/28/2025 --- 
 --- -------- Appointments ------------ --- 
	1/28/2020 at 3:30pm ,Birthday Party, This is my birthday party.
 

	 --- 7/29/2025 --- 
 --- -------- Appointments ------------ --- 


	 --- 7/30/2025 --- 
 --- -------- Appointments ------------ --- 


	 --- 7/31/2025 --- 
 --- -------- Appointments ------------ --- 


	 --- 8/1/2025 --- 
 --- -------- Appointments ------------ --- 
	3/31/2017 at 3:30pm ,Birthday Party, This is my birthday party.
 

	 --- 8/2/2025 --- 
 --- -------- Appointments ------------ --- 


	 --- 8/3/2025 --- 
 --- -------- Appointments ------------ --- 


	 --- 8/4/2025 --- 
 --- -------- Appointments ------------ --- 


	 --- 8/5/2025 --- 
 --- -------- Appointments ------------ --- 


	 --- 8/6/2025 --- 
 --- -------- Appointments ------------ --- 


	 --- 8/7/2025 --- 
 --- -------- Appointments ------------ --- 


	 --- 8/8/2025 --- 
 --- -------- Appointments ------------ --- 


	 --- 8/9/2025 --- 
 --- -------- Appointments ------------ --- 


	 --- 8/10/2025 --- 
 --- -------- Appointments ------------ --- 


	 --- 8/11/2025 --- 
 --- -------- Appointments ------------ --- 


	 --- 8/12/2025 --- 
 --- -------- Appointments ------------ --- 


	 --- 8/13/2025 --- 
 --- -------- Appointments ------------ --- 


	 --- 8/14/2025 --- 
 --- -------- Appointments ------------ --- 


	 --- 8/15/2025 --- 
 --- -------- Appointments ------------ --- 


	 --- 8/16/2025 --- 
 --- -------- Appointments ------------ --- 


	 --- 8/17/2025 --- 
 --- -------- Appointments ------------ --- 


	 --- 8/18/2025 --- 
 --- -------- Appointments ------------ --- 


	 --- 8/19/2025 --- 
 --- -------- Appointments ------------ --- 


	 --- 8/20/2025 --- 
 --- -------- Appointments ------------ --- 


	 --- 8/21/2025 --- 
 --- -------- Appointments ------------ --- 


	 --- 8/22/2025 --- 
 --- -------- Appointments ------------ --- 


	 --- 8/23/2025 --- 
 --- -------- Appointments ------------ --- 


	 --- 8/24/2025 --- 
 --- -------- Appointments ------------ --- 


	 --- 8/25/2025 --- 
 --- -------- Appointments ------------ --- 


	 --- 8/26/2025 --- 
 --- -------- Appointments ------------ --- 


	 --- 8/27/2025 --- 
 --- -------- Appointments ------------ --- 


	 --- 8/28/2025 --- 
 --- -------- Appointments ------------ --- 
	1/28/2020 at 3:30pm ,Birthday Party, This is my birthday party.
 

	 --- 8/29/2025 --- 
 --- -------- Appointments ------------ --- 


	 --- 8/30/2025 --- 
 --- -------- Appointments ------------ --- 


	 --- 9/1/2025 --- 
 --- -------- Appointments ------------ --- 
	3/31/2017 at 3:30pm ,Birthday Party, This is my birthday party.
 

	 --- 9/2/2025 --- 
 --- -------- Appointments ------------ --- 


	 --- 9/3/2025 --- 
 --- -------- Appointments ------------ --- 


	 --- 9/4/2025 --- 
 --- -------- Appointments ------------ --- 


	 --- 9/5/2025 --- 
 --- -------- Appointments ------------ --- 


	 --- 9/6/2025 --- 
 --- -------- Appointments ------------ --- 


	 --- 9/7/2025 --- 
 --- -------- Appointments ------------ --- 


	 --- 9/8/2025 --- 
 --- -------- Appointments ------------ --- 


	 --- 9/9/2025 --- 
 --- -------- Appointments ------------ --- 


	 --- 9/10/2025 --- 
 --- -------- Appointments ------------ --- 


	 --- 9/11/2025 --- 
 --- -------- Appointments ------------ --- 


	 --- 9/12/2025 --- 
 --- -------- Appointments ------------ --- 


	 --- 9/13/2025 --- 
 --- -------- Appointments ------------ --- 


	 --- 9/14/2025 --- 
 --- -------- Appointments ------------ --- 


	 --- 9/15/2025 --- 
 --- -------- Appointments ------------ --- 


	 --- 9/16/2025 --- 
 --- -------- Appointments ------------ --- 


	 --- 9/17/2025 --- 
 --- -------- Appointments ------------ --- 


	 --- 9/18/2025 --- 
 --- -------- Appointments ------------ --- 


	 --- 9/19/2025 --- 
 --- -------- Appointments ------------ --- 


	 --- 9/20/2025 --- 
 --- -------- Appointments ------------ --- 


	 --- 9/21/2025 --- 
 --- -------- Appointments ------------ --- 


	 --- 9/22/2025 --- 
 --- -------- Appointments ------------ --- 


	 --- 9/23/2025 --- 
 --- -------- Appointments ------------ --- 


	 --- 9/24/2025 --- 
 --- -------- Appointments ------------ --- 


	 --- 9/25/2025 --- 
 --- -------- Appointments ------------ --- 


	 --- 9/26/2025 --- 
 --- -------- Appointments ------------ --- 


	 --- 9/27/2025 --- 
 --- -------- Appointments ------------ --- 


	 --- 9/28/2025 --- 
 --- -------- Appointments ------------ --- 
	1/28/2020 at 3:30pm ,Birthday Party, This is my birthday party.
 

	 --- 9/29/2025 --- 
 --- -------- Appointments ------------ --- 


	 --- 9/30/2025 --- 
 --- -------- Appointments ------------ --- 


	 --- 9/31/2025 --- 
 --- -------- Appointments ------------ --- 


	 --- 10/1/2025 --- 
 --- -------- Appointments ------------ --- 
	3/31/2017 at 3:30pm ,Birthday Party, This is my birthday party.
 

	 --- 10/2/2025 --- 
 --- -------- Appointments ------------ --- 


	 --- 10/3/2025 --- 
 --- -------- Appointments ------------ --- 


	 --- 10/4/2025 --- 
 --- -------- Appointments ------------ --- 


	 --- 10/5/2025 --- 
 --- -------- Appointments ------------ --- 


	 --- 10/6/2025 --- 
 --- -------- Appointments ------------ --- 


	 --- 10/7/2025 --- 
 --- -------- Appointments ------------ --- 


	 --- 10/8/2025 --- 
 --- -------- Appointments ------------ --- 


	 --- 10/9/2025 --- 
 --- -------- Appointments ------------ --- 


	 --- 10/10/2025 --- 
 --- -------- Appointments ------------ --- 


	 --- 10/11/2025 --- 
 --- -------- Appointments ------------ --- 


	 --- 10/12/2025 --- 
 --- -------- Appointments ------------ --- 


	 --- 10/13/2025 --- 
 --- -------- Appointments ------------ --- 


	 --- 10/14/2025 --- 
 --- -------- Appointments ------------ --- 


	 --- 10/15/2025 --- 
 --- -------- Appointments ------------ --- 


	 --- 10/16/2025 --- 
 --- -------- Appointments ------------ --- 


	 --- 10/17/2025 --- 
 --- -------- Appointments ------------ --- 


	 --- 10/18/2025 --- 
 --- -------- Appointments ------------ --- 


	 --- 10/19/2025 --- 
 --- -------- Appointments ------------ --- 


	 --- 10/20/2025 --- 
 --- -------- Appointments ------------ --- 


	 --- 10/21/2025 --- 
 --- -------- Appointments ------------ --- 


	 --- 10/22/2025 --- 
 --- -------- Appointments ------------ --- 


	 --- 10/23/2025 --- 
 --- -------- Appointments ------------ --- 


	 --- 10/24/2025 --- 
 --- -------- Appointments ------------ --- 


	 --- 10/25/2025 --- 
 --- -------- Appointments ------------ --- 


	 --- 10/26/2025 --- 
 --- -------- Appointments ------------ --- 


	 --- 10/27/2025 --- 
 --- -------- Appointments ------------ --- 


	 --- 10/28/2025 --- 
 --- -------- Appointments ------------ --- 
	1/28/2020 at 3:30pm ,Birthday Party, This is my birthday party.
 

	 --- 10/29/2025 --- 
 --- -------- Appointments ------------ --- 


	 --- 10/30/2025 --- 
 --- -------- Appointments ------------ --- 


	 --- 11/1/2025 --- 
 --- -------- Appointments ------------ --- 
	3/31/2017 at 3:30pm ,Birthday Party, This is my birthday party.
 

	 --- 11/2/2025 --- 
 --- -------- Appointments ------------ --- 


	 --- 11/3/2025 --- 
 --- -------- Appointments ------------ --- 


	 --- 11/4/2025 --- 
 --- -------- Appointments ------------ --- 


	 --- 11/5/2025 --- 
 --- -------- Appointments ------------ --- 


	 --- 11/6/2025 --- 
 --- -------- Appointments ------------ --- 


	 --- 11/7/2025 --- 
 --- -------- Appointments ------------ --- 


	 --- 11/8/2025 --- 
 --- -------- Appointments ------------ --- 


	 --- 11/9/2025 --- 
 --- -------- Appointments ------------ --- 


	 --- 11/10/2025 --- 
 --- -------- Appointments ------------ --- 


	 --- 11/11/2025 --- 
 --- -------- Appointments ------------ --- 


	 --- 11/12/2025 --- 
 --- -------- Appointments ------------ --- 


	 --- 11/13/2025 --- 
 --- -------- Appointments ------------ --- 


	 --- 11/14/2025 --- 
 --- -------- Appointments ------------ --- 


	 --- 11/15/2025 --- 
 --- -------- Appointments ------------ --- 


	 --- 11/16/2025 --- 
 --- -------- Appointments ------------ --- 


	 --- 11/17/2025 --- 
 --- -------- Appointments ------------ --- 


	 --- 11/18/2025 --- 
 --- -------- Appointments ------------ --- 


	 --- 11/19/2025 --- 
 --- -------- Appointments ------------ --- 


	 --- 11/20/2025 --- 
 --- -------- Appointments ------------ --- 


	 --- 11/21/2025 --- 
 --- -------- Appointments ------------ --- 


	 --- 11/22/2025 --- 
 --- -------- Appointments ------------ --- 


	 --- 11/23/2025 --- 
 --- -------- Appointments ------------ --- 


	 --- 11/24/2025 --- 
 --- -------- Appointments ------------ --- 


	 --- 11/25/2025 --- 
 --- -------- Appointments ------------ --- 


	 --- 11/26/2025 --- 
 --- -------- Appointments ------------ --- 


	 --- 11/27/2025 --- 
 --- -------- Appointments ------------ --- 


	 --- 11/28/2025 --- 
 --- -------- Appointments ------------ --- 
	1/28/2020 at 3:30pm ,Birthday Party, This is my birthday party.
 

	 --- 11/29/2025 --- 
 --- -------- Appointments ------------ --- 


	 --- 11/30/2025 --- 
 --- -------- Appointments ------------ --- 


	 --- 11/31/2025 --- 
 --- -------- Appointments ------------ --- 


	 --- 0/1/2026 --- 
 --- -------- Appointments ------------ --- 
	3/31/2017 at 3:30pm ,Birthday Party, This is my birthday party.
 

	 --- 0/2/2026 --- 
 --- -------- Appointments ------------ --- 


	 --- 0/3/2026 --- 
 --- -------- Appointments ------------ --- 


	 --- 0/4/2026 --- 
 --- -------- Appointments ------------ --- 


	 --- 0/5/2026 --- 
 --- -------- Appointments ------------ --- 


	 --- 0/6/2026 --- 
 --- -------- Appointments ------------ --- 


	 --- 0/7/2026 --- 
 --- -------- Appointments ------------ --- 


	 --- 0/8/2026 --- 
 --- -------- Appointments ------------ --- 


	 --- 0/9/2026 --- 
 --- -------- Appointments ------------ --- 


	 --- 0/10/2026 --- 
 --- -------- Appointments ------------ --- 


	 --- 0/11/2026 --- 
 --- -------- Appointments ------------ --- 


	 --- 0/12/2026 --- 
 --- -------- Appointments ------------ --- 


	 --- 0/13/2026 --- 
 --- -------- Appointments ------------ --- 


	 --- 0/14/2026 --- 
 --- -------- Appointments ------------ --- 


	 --- 0/15/2026 --- 
 --- -------- Appointments ------------ --- 


	 --- 0/16/2026 --- 
 --- -------- Appointments ------------ --- 


	 --- 0/17/2026 --- 
 --- -------- Appointments ------------ --- 


	 --- 0/18/2026 --- 
 --- -------- Appointments ------------ --- 


	 --- 0/19/2026 --- 
 --- -------- Appointments ------------ --- 


	 --- 0/20/2026 --- 
 --- -------- Appointments ------------ --- 


	 --- 0/21/2026 --- 
 --- -------- Appointments ------------ --- 


	 --- 0/22/2026 --- 
 --- -------- Appointments ------------ --- 


	 --- 0/23/2026 --- 
 --- -------- Appointments ------------ --- 


	 --- 0/24/2026 --- 
 --- -------- Appointments ------------ --- 


	 --- 0/25/2026 --- 
 --- -------- Appointments ------------ --- 


	 --- 0/26/2026 --- 
 --- -------- Appointments ------------ --- 


	 --- 0/27/2026 --- 
 --- -------- Appointments ------------ --- 


	 --- 0/28/2026 --- 
 --- -------- Appointments ------------ --- 
	1/28/2020 at 3:30pm ,Birthday Party, This is my birthday party.
 

	 --- 0/29/2026 --- 
 --- -------- Appointments ------------ --- 


	 --- 0/30/2026 --- 
 --- -------- Appointments ------------ --- 


	 --- 0/31/2026 --- 
 --- -------- Appointments ------------ --- 


	 --- 1/1/2026 --- 
 --- -------- Appointments ------------ --- 
	3/31/2017 at 3:30pm ,Birthday Party, This is my birthday party.
 

	 --- 1/2/2026 --- 
 --- -------- Appointments ------------ --- 


	 --- 1/3/2026 --- 
 --- -------- Appointments ------------ --- 


	 --- 1/4/2026 --- 
 --- -------- Appointments ------------ --- 


	 --- 1/5/2026 --- 
 --- -------- Appointments ------------ --- 


	 --- 1/6/2026 --- 
 --- -------- Appointments ------------ --- 


	 --- 1/7/2026 --- 
 --- -------- Appointments ------------ --- 


	 --- 1/8/2026 --- 
 --- -------- Appointments ------------ --- 


	 --- 1/9/2026 --- 
 --- -------- Appointments ------------ --- 


	 --- 1/10/2026 --- 
 --- -------- Appointments ------------ --- 


	 --- 1/11/2026 --- 
 --- -------- Appointments ------------ --- 


	 --- 1/12/2026 --- 
 --- -------- Appointments ------------ --- 


	 --- 1/13/2026 --- 
 --- -------- Appointments ------------ --- 


	 --- 1/14/2026 --- 
 --- -------- Appointments ------------ --- 


	 --- 1/15/2026 --- 
 --- -------- Appointments ------------ --- 


	 --- 1/16/2026 --- 
 --- -------- Appointments ------------ --- 


	 --- 1/17/2026 --- 
 --- -------- Appointments ------------ --- 


	 --- 1/18/2026 --- 
 --- -------- Appointments ------------ --- 


	 --- 1/19/2026 --- 
 --- -------- Appointments ------------ --- 


	 --- 1/20/2026 --- 
 --- -------- Appointments ------------ --- 


	 --- 1/21/2026 --- 
 --- -------- Appointments ------------ --- 


	 --- 1/22/2026 --- 
 --- -------- Appointments ------------ --- 


	 --- 1/23/2026 --- 
 --- -------- Appointments ------------ --- 


	 --- 1/24/2026 --- 
 --- -------- Appointments ------------ --- 


	 --- 1/25/2026 --- 
 --- -------- Appointments ------------ --- 


	 --- 1/26/2026 --- 
 --- -------- Appointments ------------ --- 


	 --- 1/27/2026 --- 
 --- -------- Appointments ------------ --- 


	 --- 1/28/2026 --- 
 --- -------- Appointments ------------ --- 
	1/28/2020 at 3:30pm ,Birthday Party, This is my birthday party.
 

	 --- 2/1/2026 --- 
 --- -------- Appointments ------------ --- 
	3/31/2017 at 3:30pm ,Birthday Party, This is my birthday party.
 

	 --- 2/2/2026 --- 
 --- -------- Appointments ------------ --- 


	 --- 2/3/2026 --- 
 --- -------- Appointments ------------ --- 


	 --- 2/4/2026 --- 
 --- -------- Appointments ------------ --- 


	 --- 2/5/2026 --- 
 --- -------- Appointments ------------ --- 


	 --- 2/6/2026 --- 
 --- -------- Appointments ------------ --- 


	 --- 2/7/2026 --- 
 --- -------- Appointments ------------ --- 


	 --- 2/8/2026 --- 
 --- -------- Appointments ------------ --- 


	 --- 2/9/2026 --- 
 --- -------- Appointments ------------ --- 


	 --- 2/10/2026 --- 
 --- -------- Appointments ------------ --- 


	 --- 2/11/2026 --- 
 --- -------- Appointments ------------ --- 


	 --- 2/12/2026 --- 
 --- -------- Appointments ------------ --- 


	 --- 2/13/2026 --- 
 --- -------- Appointments ------------ --- 


	 --- 2/14/2026 --- 
 --- -------- Appointments ------------ --- 


	 --- 2/15/2026 --- 
 --- -------- Appointments ------------ --- 


	 --- 2/16/2026 --- 
 --- -------- Appointments ------------ --- 


	 --- 2/17/2026 --- 
 --- -------- Appointments ------------ --- 


	 --- 2/18/2026 --- 
 --- -------- Appointments ------------ --- 


	 --- 2/19/2026 --- 
 --- -------- Appointments ------------ --- 


	 --- 2/20/2026 --- 
 --- -------- Appointments ------------ --- 


	 --- 2/21/2026 --- 
 --- -------- Appointments ------------ --- 


	 --- 2/22/2026 --- 
 --- -------- Appointments ------------ --- 


	 --- 2/23/2026 --- 
 --- -------- Appointments ------------ --- 


	 --- 2/24/2026 --- 
 --- -------- Appointments ------------ --- 


	 --- 2/25/2026 --- 
 --- -------- Appointments ------------ --- 


	 --- 2/26/2026 --- 
 --- -------- Appointments ------------ --- 
	2/26/2018 at 11:30pm ,Birthday Party, This is my birthday party.
 

	 --- 2/27/2026 --- 
 --- -------- Appointments ------------ --- 


	 --- 2/28/2026 --- 
 --- -------- Appointments ------------ --- 
	1/28/2020 at 3:30pm ,Birthday Party, This is my birthday party.
 

	 --- 2/29/2026 --- 
 --- -------- Appointments ------------ --- 


	 --- 2/30/2026 --- 
 --- -------- Appointments ------------ --- 


	 --- 2/31/2026 --- 
 --- -------- Appointments ------------ --- 


	 --- 3/1/2026 --- 
 --- -------- Appointments ------------ --- 
	3/31/2017 at 3:30pm ,Birthday Party, This is my birthday party.
 

	 --- 3/2/2026 --- 
 --- -------- Appointments ------------ --- 


	 --- 3/3/2026 --- 
 --- -------- Appointments ------------ --- 


	 --- 3/4/2026 --- 
 --- -------- Appointments ------------ --- 


	 --- 3/5/2026 --- 
 --- -------- Appointments ------------ --- 


	 --- 3/6/2026 --- 
 --- -------- Appointments ------------ --- 


	 --- 3/7/2026 --- 
 --- -------- Appointments ------------ --- 


	 --- 3/8/2026 --- 
 --- -------- Appointments ------------ --- 


	 --- 3/9/2026 --- 
 --- -------- Appointments ------------ --- 


	 --- 3/10/2026 --- 
 --- -------- Appointments ------------ --- 


	 --- 3/11/2026 --- 
 --- -------- Appointments ------------ --- 


	 --- 3/12/2026 --- 
 --- -------- Appointments ------------ --- 


	 --- 3/13/2026 --- 
 --- -------- Appointments ------------ --- 


	 --- 3/14/2026 --- 
 --- -------- Appointments ------------ --- 


	 --- 3/15/2026 --- 
 --- -------- Appointments ------------ --- 


	 --- 3/16/2026 --- 
 --- -------- Appointments ------------ --- 


	 --- 3/17/2026 --- 
 --- -------- Appointments ------------ --- 


	 --- 3/18/2026 --- 
 --- -------- Appointments ------------ --- 


	 --- 3/19/2026 --- 
 --- -------- Appointments ------------ --- 


	 --- 3/20/2026 --- 
 --- -------- Appointments ------------ --- 


	 --- 3/21/2026 --- 
 --- -------- Appointments ------------ --- 


	 --- 3/22/2026 --- 
 --- -------- Appointments ------------ --- 


	 --- 3/23/2026 --- 
 --- -------- Appointments ------------ --- 


	 --- 3/24/2026 --- 
 --- -------- Appointments ------------ --- 


	 --- 3/25/2026 --- 
 --- -------- Appointments ------------ --- 


	 --- 3/26/2026 --- 
 --- -------- Appointments ------------ --- 


	 --- 3/27/2026 --- 
 --- -------- Appointments ------------ --- 


	 --- 3/28/2026 --- 
 --- -------- Appointments ------------ --- 
	1/28/2020 at 3:30pm ,Birthday Party, This is my birthday party.
 

	 --- 3/29/2026 --- 
 --- -------- Appointments ------------ --- 


	 --- 3/30/2026 --- 
 --- -------- Appointments ------------ --- 


	 --- 4/1/2026 --- 
 --- -------- Appointments ------------ --- 
	3/31/2017 at 3:30pm ,Birthday Party, This is my birthday party.
 

	 --- 4/2/2026 --- 
 --- -------- Appointments ------------ --- 


	 --- 4/3/2026 --- 
 --- -------- Appointments ------------ --- 


	 --- 4/4/2026 --- 
 --- -------- Appointments ------------ --- 


	 --- 4/5/2026 --- 
 --- -------- Appointments ------------ --- 


	 --- 4/6/2026 --- 
 --- -------- Appointments ------------ --- 


	 --- 4/7/2026 --- 
 --- -------- Appointments ------------ --- 


	 --- 4/8/2026 --- 
 --- -------- Appointments ------------ --- 


	 --- 4/9/2026 --- 
 --- -------- Appointments ------------ --- 


	 --- 4/10/2026 --- 
 --- -------- Appointments ------------ --- 


	 --- 4/11/2026 --- 
 --- -------- Appointments ------------ --- 


	 --- 4/12/2026 --- 
 --- -------- Appointments ------------ --- 


	 --- 4/13/2026 --- 
 --- -------- Appointments ------------ --- 


	 --- 4/14/2026 --- 
 --- -------- Appointments ------------ --- 


	 --- 4/15/2026 --- 
 --- -------- Appointments ------------ --- 


	 --- 4/16/2026 --- 
 --- -------- Appointments ------------ --- 


	 --- 4/17/2026 --- 
 --- -------- Appointments ------------ --- 


	 --- 4/18/2026 --- 
 --- -------- Appointments ------------ --- 


	 --- 4/19/2026 --- 
 --- -------- Appointments ------------ --- 


	 --- 4/20/2026 --- 
 --- -------- Appointments ------------ --- 


	 --- 4/21/2026 --- 
 --- -------- Appointments ------------ --- 


	 --- 4/22/2026 --- 
 --- -------- Appointments ------------ --- 


	 --- 4/23/2026 --- 
 --- -------- Appointments ------------ --- 


	 --- 4/24/2026 --- 
 --- -------- Appointments ------------ --- 


	 --- 4/25/2026 --- 
 --- -------- Appointments ------------ --- 


	 --- 4/26/2026 --- 
 --- -------- Appointments ------------ --- 


	 --- 4/27/2026 --- 
 --- -------- Appointments ------------ --- 


	 --- 4/28/2026 --- 
 --- -------- Appointments ------------ --- 
	1/28/2020 at 3:30pm ,Birthday Party, This is my birthday party.
 

	 --- 4/29/2026 --- 
 --- -------- Appointments ------------ --- 


	 --- 4/30/2026 --- 
 --- -------- Appointments ------------ --- 


	 --- 4/31/2026 --- 
 --- -------- Appointments ------------ --- 


	 --- 5/1/2026 --- 
 --- -------- Appointments ------------ --- 
	3/31/2017 at 3:30pm ,Birthday Party, This is my birthday party.
 

	 --- 5/2/2026 --- 
 --- -------- Appointments ------------ --- 


	 --- 5/3/2026 --- 
 --- -------- Appointments ------------ --- 


	 --- 5/4/2026 --- 
 --- -------- Appointments ------------ --- 


	 --- 5/5/2026 --- 
 --- -------- Appointments ------------ --- 


	 --- 5/6/2026 --- 
 --- -------- Appointments ------------ --- 


	 --- 5/7/2026 --- 
 --- -------- Appointments ------------ --- 


	 --- 5/8/2026 --- 
 --- -------- Appointments ------------ --- 


	 --- 5/9/2026 --- 
 --- -------- Appointments ------------ --- 


	 --- 5/10/2026 --- 
 --- -------- Appointments ------------ --- 


	 --- 5/11/2026 --- 
 --- -------- Appointments ------------ --- 


	 --- 5/12/2026 --- 
 --- -------- Appointments ------------ --- 


	 --- 5/13/2026 --- 
 --- -------- Appointments ------------ --- 


	 --- 5/14/2026 --- 
 --- -------- Appointments ------------ --- 


	 --- 5/15/2026 --- 
 --- -------- Appointments ------------ --- 


	 --- 5/16/2026 --- 
 --- -------- Appointments ------------ --- 


	 --- 5/17/2026 --- 
 --- -------- Appointments ------------ --- 


	 --- 5/18/2026 --- 
 --- -------- Appointments ------------ --- 


	 --- 5/19/2026 --- 
 --- -------- Appointments ------------ --- 


	 --- 5/20/2026 --- 
 --- -------- Appointments ------------ --- 


	 --- 5/21/2026 --- 
 --- -------- Appointments ------------ --- 


	 --- 5/22/2026 --- 
 --- -------- Appointments ------------ --- 


	 --- 5/23/2026 --- 
 --- -------- Appointments ------------ --- 


	 --- 5/24/2026 --- 
 --- -------- Appointments ------------ --- 


	 --- 5/25/2026 --- 
 --- -------- Appointments ------------ --- 


	 --- 5/26/2026 --- 
 --- -------- Appointments ------------ --- 


	 --- 5/27/2026 --- 
 --- -------- Appointments ------------ --- 


	 --- 5/28/2026 --- 
 --- -------- Appointments ------------ --- 
	1/28/2020 at 3:30pm ,Birthday Party, This is my birthday party.
 

	 --- 5/29/2026 --- 
 --- -------- Appointments ------------ --- 


	 --- 5/30/2026 --- 
 --- -------- Appointments ------------ --- 


	 --- 6/1/2026 --- 
 --- -------- Appointments ------------ --- 
	3/31/2017 at 3:30pm ,Birthday Party, This is my birthday party.
 

	 --- 6/2/2026 --- 
 --- -------- Appointments ------------ --- 


	 --- 6/3/2026 --- 
 --- -------- Appointments ------------ --- 


	 --- 6/4/2026 --- 
 --- -------- Appointments ------------ --- 


	 --- 6/5/2026 --- 
 --- -------- Appointments ------------ --- 


	 --- 6/6/2026 --- 
 --- -------- Appointments ------------ --- 


	 --- 6/7/2026 --- 
 --- -------- Appointments ------------ --- 


	 --- 6/8/2026 --- 
 --- -------- Appointments ------------ --- 


	 --- 6/9/2026 --- 
 --- -------- Appointments ------------ --- 


	 --- 6/10/2026 --- 
 --- -------- Appointments ------------ --- 


	 --- 6/11/2026 --- 
 --- -------- Appointments ------------ --- 


	 --- 6/12/2026 --- 
 --- -------- Appointments ------------ --- 


	 --- 6/13/2026 --- 
 --- -------- Appointments ------------ --- 


	 --- 6/14/2026 --- 
 --- -------- Appointments ------------ --- 


	 --- 6/15/2026 --- 
 --- -------- Appointments ------------ --- 


	 --- 6/16/2026 --- 
 --- -------- Appointments ------------ --- 


	 --- 6/17/2026 --- 
 --- -------- Appointments ------------ --- 


	 --- 6/18/2026 --- 
 --- -------- Appointments ------------ --- 


	 --- 6/19/2026 --- 
 --- -------- Appointments ------------ --- 


	 --- 6/20/2026 --- 
 --- -------- Appointments ------------ --- 


	 --- 6/21/2026 --- 
 --- -------- Appointments ------------ --- 


	 --- 6/22/2026 --- 
 --- -------- Appointments ------------ --- 


	 --- 6/23/2026 --- 
 --- -------- Appointments ------------ --- 


	 --- 6/24/2026 --- 
 --- -------- Appointments ------------ --- 


	 --- 6/25/2026 --- 
 --- -------- Appointments ------------ --- 


	 --- 6/26/2026 --- 
 --- -------- Appointments ------------ --- 


	 --- 6/27/2026 --- 
 --- -------- Appointments ------------ --- 


	 --- 6/28/2026 --- 
 --- -------- Appointments ------------ --- 
	1/28/2020 at 3:30pm ,Birthday Party, This is my birthday party.
 

	 --- 6/29/2026 --- 
 --- -------- Appointments ------------ --- 


	 --- 6/30/2026 --- 
 --- -------- Appointments ------------ --- 


	 --- 6/31/2026 --- 
 --- -------- Appointments ------------ --- 


	 --- 7/1/2026 --- 
 --- -------- Appointments ------------ --- 
	3/31/2017 at 3:30pm ,Birthday Party, This is my birthday party.
 

	 --- 7/2/2026 --- 
 --- -------- Appointments ------------ --- 


	 --- 7/3/2026 --- 
 --- -------- Appointments ------------ --- 


	 --- 7/4/2026 --- 
 --- -------- Appointments ------------ --- 


	 --- 7/5/2026 --- 
 --- -------- Appointments ------------ --- 


	 --- 7/6/2026 --- 
 --- -------- Appointments ------------ --- 


	 --- 7/7/2026 --- 
 --- -------- Appointments ------------ --- 


	 --- 7/8/2026 --- 
 --- -------- Appointments ------------ --- 


	 --- 7/9/2026 --- 
 --- -------- Appointments ------------ --- 


	 --- 7/10/2026 --- 
 --- -------- Appointments ------------ --- 


	 --- 7/11/2026 --- 
 --- -------- Appointments ------------ --- 


	 --- 7/12/2026 --- 
 --- -------- Appointments ------------ --- 


	 --- 7/13/2026 --- 
 --- -------- Appointments ------------ --- 


	 --- 7/14/2026 --- 
 --- -------- Appointments ------------ --- 


	 --- 7/15/2026 --- 
 --- -------- Appointments ------------ --- 


	 --- 7/16/2026 --- 
 --- -------- Appointments ------------ --- 


	 --- 7/17/2026 --- 
 --- -------- Appointments ------------ --- 


	 --- 7/18/2026 --- 
 --- -------- Appointments ------------ --- 


	 --- 7/19/2026 --- 
 --- -------- Appointments ------------ --- 


	 --- 7/20/2026 --- 
 --- -------- Appointments ------------ --- 


	 --- 7/21/2026 --- 
 --- -------- Appointments ------------ --- 


	 --- 7/22/2026 --- 
 --- -------- Appointments ------------ --- 


	 --- 7/23/2026 --- 
 --- -------- Appointments ------------ --- 


	 --- 7/24/2026 --- 
 --- -------- Appointments ------------ --- 


	 --- 7/25/2026 --- 
 --- -------- Appointments ------------ --- 


	 --- 7/26/2026 --- 
 --- -------- Appointments ------------ --- 


	 --- 7/27/2026 --- 
 --- -------- Appointments ------------ --- 


	 --- 7/28/2026 --- 
 --- -------- Appointments ------------ --- 
	1/28/2020 at 3:30pm ,Birthday Party, This is my birthday party.
 

	 --- 7/29/2026 --- 
 --- -------- Appointments ------------ --- 


	 --- 7/30/2026 --- 
 --- -------- Appointments ------------ --- 


	 --- 7/31/2026 --- 
 --- -------- Appointments ------------ --- 


	 --- 8/1/2026 --- 
 --- -------- Appointments ------------ --- 
	3/31/2017 at 3:30pm ,Birthday Party, This is my birthday party.
 

	 --- 8/2/2026 --- 
 --- -------- Appointments ------------ --- 


	 --- 8/3/2026 --- 
 --- -------- Appointments ------------ --- 


	 --- 8/4/2026 --- 
 --- -------- Appointments ------------ --- 


	 --- 8/5/2026 --- 
 --- -------- Appointments ------------ --- 


	 --- 8/6/2026 --- 
 --- -------- Appointments ------------ --- 


	 --- 8/7/2026 --- 
 --- -------- Appointments ------------ --- 


	 --- 8/8/2026 --- 
 --- -------- Appointments ------------ --- 


	 --- 8/9/2026 --- 
 --- -------- Appointments ------------ --- 


	 --- 8/10/2026 --- 
 --- -------- Appointments ------------ --- 


	 --- 8/11/2026 --- 
 --- -------- Appointments ------------ --- 


	 --- 8/12/2026 --- 
 --- -------- Appointments ------------ --- 


	 --- 8/13/2026 --- 
 --- -------- Appointments ------------ --- 


	 --- 8/14/2026 --- 
 --- -------- Appointments ------------ --- 


	 --- 8/15/2026 --- 
 --- -------- Appointments ------------ --- 


	 --- 8/16/2026 --- 
 --- -------- Appointments ------------ --- 


	 --- 8/17/2026 --- 
 --- -------- Appointments ------------ --- 


	 --- 8/18/2026 --- 
 --- -------- Appointments ------------ --- 


	 --- 8/19/2026 --- 
 --- -------- Appointments ------------ --- 


	 --- 8/20/2026 --- 
 --- -------- Appointments ------------ --- 


	 --- 8/21/2026 --- 
 --- -------- Appointments ------------ --- 


	 --- 8/22/2026 --- 
 --- -------- Appointments ------------ --- 


	 --- 8/23/2026 --- 
 --- -------- Appointments ------------ --- 


	 --- 8/24/2026 --- 
 --- -------- Appointments ------------ --- 


	 --- 8/25/2026 --- 
 --- -------- Appointments ------------ --- 


	 --- 8/26/2026 --- 
 --- -------- Appointments ------------ --- 


	 --- 8/27/2026 --- 
 --- -------- Appointments ------------ --- 


	 --- 8/28/2026 --- 
 --- -------- Appointments ------------ --- 
	1/28/2020 at 3:30pm ,Birthday Party, This is my birthday party.
 

	 --- 8/29/2026 --- 
 --- -------- Appointments ------------ --- 


	 --- 8/30/2026 --- 
 --- -------- Appointments ------------ --- 


	 --- 9/1/2026 --- 
 --- -------- Appointments ------------ --- 
	3/31/2017 at 3:30pm ,Birthday Party, This is my birthday party.
 

	 --- 9/2/2026 --- 
 --- -------- Appointments ------------ --- 


	 --- 9/3/2026 --- 
 --- -------- Appointments ------------ --- 


	 --- 9/4/2026 --- 
 --- -------- Appointments ------------ --- 


	 --- 9/5/2026 --- 
 --- -------- Appointments ------------ --- 


	 --- 9/6/2026 --- 
 --- -------- Appointments ------------ --- 


	 --- 9/7/2026 --- 
 --- -------- Appointments ------------ --- 


	 --- 9/8/2026 --- 
 --- -------- Appointments ------------ --- 


	 --- 9/9/2026 --- 
 --- -------- Appointments ------------ --- 


	 --- 9/10/2026 --- 
 --- -------- Appointments ------------ --- 


	 --- 9/11/2026 --- 
 --- -------- Appointments ------------ --- 


	 --- 9/12/2026 --- 
 --- -------- Appointments ------------ --- 


	 --- 9/13/2026 --- 
 --- -------- Appointments ------------ --- 


	 --- 9/14/2026 --- 
 --- -------- Appointments ------------ --- 


	 --- 9/15/2026 --- 
 --- -------- Appointments ------------ --- 


	 --- 9/16/2026 --- 
 --- -------- Appointments ------------ --- 


	 --- 9/17/2026 --- 
 --- -------- Appointments ------------ --- 


	 --- 9/18/2026 --- 
 --- -------- Appointments ------------ --- 


	 --- 9/19/2026 --- 
 --- -------- Appointments ------------ --- 


	 --- 9/20/2026 --- 
 --- -------- Appointments ------------ --- 


	 --- 9/21/2026 --- 
 --- -------- Appointments ------------ --- 


	 --- 9/22/2026 --- 
 --- -------- Appointments ------------ --- 


	 --- 9/23/2026 --- 
 --- -------- Appointments ------------ --- 


	 --- 9/24/2026 --- 
 --- -------- Appointments ------------ --- 


	 --- 9/25/2026 --- 
 --- -------- Appointments ------------ --- 


	 --- 9/26/2026 --- 
 --- -------- Appointments ------------ --- 


	 --- 9/27/2026 --- 
 --- -------- Appointments ------------ --- 


	 --- 9/28/2026 --- 
 --- -------- Appointments ------------ --- 
	1/28/2020 at 3:30pm ,Birthday Party, This is my birthday party.
 

	 --- 9/29/2026 --- 
 --- -------- Appointments ------------ --- 


	 --- 9/30/2026 --- 
 --- -------- Appointments ------------ --- 


	 --- 9/31/2026 --- 
 --- -------- Appointments ------------ --- 


	 --- 10/1/2026 --- 
 --- -------- Appointments ------------ --- 
	3/31/2017 at 3:30pm ,Birthday Party, This is my birthday party.
 

	 --- 10/2/2026 --- 
 --- -------- Appointments ------------ --- 


	 --- 10/3/2026 --- 
 --- -------- Appointments ------------ --- 


	 --- 10/4/2026 --- 
 --- -------- Appointments ------------ --- 


	 --- 10/5/2026 --- 
 --- -------- Appointments ------------ --- 


	 --- 10/6/2026 --- 
 --- -------- Appointments ------------ --- 


	 --- 10/7/2026 --- 
 --- -------- Appointments ------------ --- 


	 --- 10/8/2026 --- 
 --- -------- Appointments ------------ --- 


	 --- 10/9/2026 --- 
 --- -------- Appointments ------------ --- 


	 --- 10/10/2026 --- 
 --- -------- Appointments ------------ --- 


	 --- 10/11/2026 --- 
 --- -------- Appointments ------------ --- 


	 --- 10/12/2026 --- 
 --- -------- Appointments ------------ --- 


	 --- 10/13/2026 --- 
 --- -------- Appointments ------------ --- 


	 --- 10/14/2026 --- 
 --- -------- Appointments ------------ --- 


	 --- 10/15/2026 --- 
 --- -------- Appointments ------------ --- 


	 --- 10/16/2026 --- 
 --- -------- Appointments ------------ --- 


	 --- 10/17/2026 --- 
 --- -------- Appointments ------------ --- 


	 --- 10/18/2026 --- 
 --- -------- Appointments ------------ --- 


	 --- 10/19/2026 --- 
 --- -------- Appointments ------------ --- 


	 --- 10/20/2026 --- 
 --- -------- Appointments ------------ --- 


	 --- 10/21/2026 --- 
 --- -------- Appointments ------------ --- 


	 --- 10/22/2026 --- 
 --- -------- Appointments ------------ --- 


	 --- 10/23/2026 --- 
 --- -------- Appointments ------------ --- 


	 --- 10/24/2026 --- 
 --- -------- Appointments ------------ --- 


	 --- 10/25/2026 --- 
 --- -------- Appointments ------------ --- 


	 --- 10/26/2026 --- 
 --- -------- Appointments ------------ --- 


	 --- 10/27/2026 --- 
 --- -------- Appointments ------------ --- 


	 --- 10/28/2026 --- 
 --- -------- Appointments ------------ --- 
	1/28/2020 at 3:30pm ,Birthday Party, This is my birthday party.
 

	 --- 10/29/2026 --- 
 --- -------- Appointments ------------ --- 


	 --- 10/30/2026 --- 
 --- -------- Appointments ------------ --- 


	 --- 11/1/2026 --- 
 --- -------- Appointments ------------ --- 
	3/31/2017 at 3:30pm ,Birthday Party, This is my birthday party.
 

	 --- 11/2/2026 --- 
 --- -------- Appointments ------------ --- 


	 --- 11/3/2026 --- 
 --- -------- Appointments ------------ --- 


	 --- 11/4/2026 --- 
 --- -------- Appointments ------------ --- 


	 --- 11/5/2026 --- 
 --- -------- Appointments ------------ --- 


	 --- 11/6/2026 --- 
 --- -------- Appointments ------------ --- 


	 --- 11/7/2026 --- 
 --- -------- Appointments ------------ --- 


	 --- 11/8/2026 --- 
 --- -------- Appointments ------------ --- 


	 --- 11/9/2026 --- 
 --- -------- Appointments ------------ --- 


	 --- 11/10/2026 --- 
 --- -------- Appointments ------------ --- 


	 --- 11/11/2026 --- 
 --- -------- Appointments ------------ --- 


	 --- 11/12/2026 --- 
 --- -------- Appointments ------------ --- 


	 --- 11/13/2026 --- 
 --- -------- Appointments ------------ --- 


	 --- 11/14/2026 --- 
 --- -------- Appointments ------------ --- 


	 --- 11/15/2026 --- 
 --- -------- Appointments ------------ --- 


	 --- 11/16/2026 --- 
 --- -------- Appointments ------------ --- 


	 --- 11/17/2026 --- 
 --- -------- Appointments ------------ --- 


	 --- 11/18/2026 --- 
 --- -------- Appointments ------------ --- 


	 --- 11/19/2026 --- 
 --- -------- Appointments ------------ --- 


	 --- 11/20/2026 --- 
 --- -------- Appointments ------------ --- 


	 --- 11/21/2026 --- 
 --- -------- Appointments ------------ --- 


	 --- 11/22/2026 --- 
 --- -------- Appointments ------------ --- 


	 --- 11/23/2026 --- 
 --- -------- Appointments ------------ --- 


	 --- 11/24/2026 --- 
 --- -------- Appointments ------------ --- 


	 --- 11/25/2026 --- 
 --- -------- Appointments ------------ --- 


	 --- 11/26/2026 --- 
 --- -------- Appointments ------------ --- 


	 --- 11/27/2026 --- 
 --- -------- Appointments ------------ --- 


	 --- 11/28/2026 --- 
 --- -------- Appointments ------------ --- 
	1/28/2020 at 3:30pm ,Birthday Party, This is my birthday party.
 

	 --- 11/29/2026 --- 
 --- -------- Appointments ------------ --- 


	 --- 11/30/2026 --- 
 --- -------- Appointments ------------ --- 


	 --- 11/31/2026 --- 
 --- -------- Appointments ------------ --- 


	 --- 0/1/2027 --- 
 --- -------- Appointments ------------ --- 
	3/31/2017 at 3:30pm ,Birthday Party, This is my birthday party.
 

	 --- 0/2/2027 --- 
 --- -------- Appointments ------------ --- 


	 --- 0/3/2027 --- 
 --- -------- Appointments ------------ --- 


	 --- 0/4/2027 --- 
 --- -------- Appointments ------------ --- 


	 --- 0/5/2027 --- 
 --- -------- Appointments ------------ --- 


	 --- 0/6/2027 --- 
 --- -------- Appointments ------------ --- 


	 --- 0/7/2027 --- 
 --- -------- Appointments ------------ --- 


	 --- 0/8/2027 --- 
 --- -------- Appointments ------------ --- 


	 --- 0/9/2027 --- 
 --- -------- Appointments ------------ --- 


	 --- 0/10/2027 --- 
 --- -------- Appointments ------------ --- 


	 --- 0/11/2027 --- 
 --- -------- Appointments ------------ --- 


	 --- 0/12/2027 --- 
 --- -------- Appointments ------------ --- 


	 --- 0/13/2027 --- 
 --- -------- Appointments ------------ --- 


	 --- 0/14/2027 --- 
 --- -------- Appointments ------------ --- 


	 --- 0/15/2027 --- 
 --- -------- Appointments ------------ --- 


	 --- 0/16/2027 --- 
 --- -------- Appointments ------------ --- 


	 --- 0/17/2027 --- 
 --- -------- Appointments ------------ --- 


	 --- 0/18/2027 --- 
 --- -------- Appointments ------------ --- 


	 --- 0/19/2027 --- 
 --- -------- Appointments ------------ --- 


	 --- 0/20/2027 --- 
 --- -------- Appointments ------------ --- 


	 --- 0/21/2027 --- 
 --- -------- Appointments ------------ --- 


	 --- 0/22/2027 --- 
 --- -------- Appointments ------------ --- 


	 --- 0/23/2027 --- 
 --- -------- Appointments ------------ --- 


	 --- 0/24/2027 --- 
 --- -------- Appointments ------------ --- 


	 --- 0/25/2027 --- 
 --- -------- Appointments ------------ --- 


	 --- 0/26/2027 --- 
 --- -------- Appointments ------------ --- 


	 --- 0/27/2027 --- 
 --- -------- Appointments ------------ --- 


	 --- 0/28/2027 --- 
 --- -------- Appointments ------------ --- 
	1/28/2020 at 3:30pm ,Birthday Party, This is my birthday party.
 

	 --- 0/29/2027 --- 
 --- -------- Appointments ------------ --- 


	 --- 0/30/2027 --- 
 --- -------- Appointments ------------ --- 


	 --- 0/31/2027 --- 
 --- -------- Appointments ------------ --- 


	 --- 1/1/2027 --- 
 --- -------- Appointments ------------ --- 
	3/31/2017 at 3:30pm ,Birthday Party, This is my birthday party.
 

	 --- 1/2/2027 --- 
 --- -------- Appointments ------------ --- 


	 --- 1/3/2027 --- 
 --- -------- Appointments ------------ --- 


	 --- 1/4/2027 --- 
 --- -------- Appointments ------------ --- 


	 --- 1/5/2027 --- 
 --- -------- Appointments ------------ --- 


	 --- 1/6/2027 --- 
 --- -------- Appointments ------------ --- 


	 --- 1/7/2027 --- 
 --- -------- Appointments ------------ --- 


	 --- 1/8/2027 --- 
 --- -------- Appointments ------------ --- 


	 --- 1/9/2027 --- 
 --- -------- Appointments ------------ --- 


	 --- 1/10/2027 --- 
 --- -------- Appointments ------------ --- 


	 --- 1/11/2027 --- 
 --- -------- Appointments ------------ --- 


	 --- 1/12/2027 --- 
 --- -------- Appointments ------------ --- 


	 --- 1/13/2027 --- 
 --- -------- Appointments ------------ --- 


	 --- 1/14/2027 --- 
 --- -------- Appointments ------------ --- 


	 --- 1/15/2027 --- 
 --- -------- Appointments ------------ --- 


	 --- 1/16/2027 --- 
 --- -------- Appointments ------------ --- 


	 --- 1/17/2027 --- 
 --- -------- Appointments ------------ --- 


	 --- 1/18/2027 --- 
 --- -------- Appointments ------------ --- 


	 --- 1/19/2027 --- 
 --- -------- Appointments ------------ --- 


	 --- 1/20/2027 --- 
 --- -------- Appointments ------------ --- 


	 --- 1/21/2027 --- 
 --- -------- Appointments ------------ --- 


	 --- 1/22/2027 --- 
 --- -------- Appointments ------------ --- 


	 --- 1/23/2027 --- 
 --- -------- Appointments ------------ --- 


	 --- 1/24/2027 --- 
 --- -------- Appointments ------------ --- 


	 --- 1/25/2027 --- 
 --- -------- Appointments ------------ --- 


	 --- 1/26/2027 --- 
 --- -------- Appointments ------------ --- 


	 --- 1/27/2027 --- 
 --- -------- Appointments ------------ --- 


	 --- 1/28/2027 --- 
 --- -------- Appointments ------------ --- 
	1/28/2020 at 3:30pm ,Birthday Party, This is my birthday party.
 

	 --- 2/1/2027 --- 
 --- -------- Appointments ------------ --- 
	3/31/2017 at 3:30pm ,Birthday Party, This is my birthday party.
 

	 --- 2/2/2027 --- 
 --- -------- Appointments ------------ --- 


	 --- 2/3/2027 --- 
 --- -------- Appointments ------------ --- 


	 --- 2/4/2027 --- 
 --- -------- Appointments ------------ --- 


	 --- 2/5/2027 --- 
 --- -------- Appointments ------------ --- 


	 --- 2/6/2027 --- 
 --- -------- Appointments ------------ --- 


	 --- 2/7/2027 --- 
 --- -------- Appointments ------------ --- 


	 --- 2/8/2027 --- 
 --- -------- Appointments ------------ --- 


	 --- 2/9/2027 --- 
 --- -------- Appointments ------------ --- 


	 --- 2/10/2027 --- 
 --- -------- Appointments ------------ --- 


	 --- 2/11/2027 --- 
 --- -------- Appointments ------------ --- 


	 --- 2/12/2027 --- 
 --- -------- Appointments ------------ --- 


	 --- 2/13/2027 --- 
 --- -------- Appointments ------------ --- 


	 --- 2/14/2027 --- 
 --- -------- Appointments ------------ --- 


	 --- 2/15/2027 --- 
 --- -------- Appointments ------------ --- 


	 --- 2/16/2027 --- 
 --- -------- Appointments ------------ --- 


	 --- 2/17/2027 --- 
 --- -------- Appointments ------------ --- 


	 --- 2/18/2027 --- 
 --- -------- Appointments ------------ --- 


	 --- 2/19/2027 --- 
 --- -------- Appointments ------------ --- 


	 --- 2/20/2027 --- 
 --- -------- Appointments ------------ --- 


	 --- 2/21/2027 --- 
 --- -------- Appointments ------------ --- 


	 --- 2/22/2027 --- 
 --- -------- Appointments ------------ --- 


	 --- 2/23/2027 --- 
 --- -------- Appointments ------------ --- 


	 --- 2/24/2027 --- 
 --- -------- Appointments ------------ --- 


	 --- 2/25/2027 --- 
 --- -------- Appointments ------------ --- 


	 --- 2/26/2027 --- 
 --- -------- Appointments ------------ --- 
	2/26/2018 at 11:30pm ,Birthday Party, This is my birthday party.
 

	 --- 2/27/2027 --- 
 --- -------- Appointments ------------ --- 


	 --- 2/28/2027 --- 
 --- -------- Appointments ------------ --- 
	1/28/2020 at 3:30pm ,Birthday Party, This is my birthday party.
 

	 --- 2/29/2027 --- 
 --- -------- Appointments ------------ --- 


	 --- 2/30/2027 --- 
 --- -------- Appointments ------------ --- 


	 --- 2/31/2027 --- 
 --- -------- Appointments ------------ --- 


	 --- 3/1/2027 --- 
 --- -------- Appointments ------------ --- 
	3/31/2017 at 3:30pm ,Birthday Party, This is my birthday party.
 

	 --- 3/2/2027 --- 
 --- -------- Appointments ------------ --- 


	 --- 3/3/2027 --- 
 --- -------- Appointments ------------ --- 


	 --- 3/4/2027 --- 
 --- -------- Appointments ------------ --- 


	 --- 3/5/2027 --- 
 --- -------- Appointments ------------ --- 


	 --- 3/6/2027 --- 
 --- -------- Appointments ------------ --- 


	 --- 3/7/2027 --- 
 --- -------- Appointments ------------ --- 


	 --- 3/8/2027 --- 
 --- -------- Appointments ------------ --- 


	 --- 3/9/2027 --- 
 --- -------- Appointments ------------ --- 


	 --- 3/10/2027 --- 
 --- -------- Appointments ------------ --- 


	 --- 3/11/2027 --- 
 --- -------- Appointments ------------ --- 


	 --- 3/12/2027 --- 
 --- -------- Appointments ------------ --- 


	 --- 3/13/2027 --- 
 --- -------- Appointments ------------ --- 


	 --- 3/14/2027 --- 
 --- -------- Appointments ------------ --- 


	 --- 3/15/2027 --- 
 --- -------- Appointments ------------ --- 


	 --- 3/16/2027 --- 
 --- -------- Appointments ------------ --- 


	 --- 3/17/2027 --- 
 --- -------- Appointments ------------ --- 


	 --- 3/18/2027 --- 
 --- -------- Appointments ------------ --- 


	 --- 3/19/2027 --- 
 --- -------- Appointments ------------ --- 


	 --- 3/20/2027 --- 
 --- -------- Appointments ------------ --- 


	 --- 3/21/2027 --- 
 --- -------- Appointments ------------ --- 


	 --- 3/22/2027 --- 
 --- -------- Appointments ------------ --- 


	 --- 3/23/2027 --- 
 --- -------- Appointments ------------ --- 


	 --- 3/24/2027 --- 
 --- -------- Appointments ------------ --- 


	 --- 3/25/2027 --- 
 --- -------- Appointments ------------ --- 


	 --- 3/26/2027 --- 
 --- -------- Appointments ------------ --- 


	 --- 3/27/2027 --- 
 --- -------- Appointments ------------ --- 


	 --- 3/28/2027 --- 
 --- -------- Appointments ------------ --- 
	1/28/2020 at 3:30pm ,Birthday Party, This is my birthday party.
 

	 --- 3/29/2027 --- 
 --- -------- Appointments ------------ --- 


	 --- 3/30/2027 --- 
 --- -------- Appointments ------------ --- 


	 --- 4/1/2027 --- 
 --- -------- Appointments ------------ --- 
	3/31/2017 at 3:30pm ,Birthday Party, This is my birthday party.
 

	 --- 4/2/2027 --- 
 --- -------- Appointments ------------ --- 


	 --- 4/3/2027 --- 
 --- -------- Appointments ------------ --- 


	 --- 4/4/2027 --- 
 --- -------- Appointments ------------ --- 


	 --- 4/5/2027 --- 
 --- -------- Appointments ------------ --- 


	 --- 4/6/2027 --- 
 --- -------- Appointments ------------ --- 


	 --- 4/7/2027 --- 
 --- -------- Appointments ------------ --- 


	 --- 4/8/2027 --- 
 --- -------- Appointments ------------ --- 


	 --- 4/9/2027 --- 
 --- -------- Appointments ------------ --- 


	 --- 4/10/2027 --- 
 --- -------- Appointments ------------ --- 


	 --- 4/11/2027 --- 
 --- -------- Appointments ------------ --- 


	 --- 4/12/2027 --- 
 --- -------- Appointments ------------ --- 


	 --- 4/13/2027 --- 
 --- -------- Appointments ------------ --- 


	 --- 4/14/2027 --- 
 --- -------- Appointments ------------ --- 


	 --- 4/15/2027 --- 
 --- -------- Appointments ------------ --- 


	 --- 4/16/2027 --- 
 --- -------- Appointments ------------ --- 


	 --- 4/17/2027 --- 
 --- -------- Appointments ------------ --- 


	 --- 4/18/2027 --- 
 --- -------- Appointments ------------ --- 


	 --- 4/19/2027 --- 
 --- -------- Appointments ------------ --- 


	 --- 4/20/2027 --- 
 --- -------- Appointments ------------ --- 


	 --- 4/21/2027 --- 
 --- -------- Appointments ------------ --- 


	 --- 4/22/2027 --- 
 --- -------- Appointments ------------ --- 


	 --- 4/23/2027 --- 
 --- -------- Appointments ------------ --- 


	 --- 4/24/2027 --- 
 --- -------- Appointments ------------ --- 


	 --- 4/25/2027 --- 
 --- -------- Appointments ------------ --- 


	 --- 4/26/2027 --- 
 --- -------- Appointments ------------ --- 


	 --- 4/27/2027 --- 
 --- -------- Appointments ------------ --- 


	 --- 4/28/2027 --- 
 --- -------- Appointments ------------ --- 
	1/28/2020 at 3:30pm ,Birthday Party, This is my birthday party.
 

	 --- 4/29/2027 --- 
 --- -------- Appointments ------------ --- 


	 --- 4/30/2027 --- 
 --- -------- Appointments ------------ --- 


	 --- 4/31/2027 --- 
 --- -------- Appointments ------------ --- 


	 --- 5/1/2027 --- 
 --- -------- Appointments ------------ --- 
	3/31/2017 at 3:30pm ,Birthday Party, This is my birthday party.
 

	 --- 5/2/2027 --- 
 --- -------- Appointments ------------ --- 


	 --- 5/3/2027 --- 
 --- -------- Appointments ------------ --- 


	 --- 5/4/2027 --- 
 --- -------- Appointments ------------ --- 


	 --- 5/5/2027 --- 
 --- -------- Appointments ------------ --- 


	 --- 5/6/2027 --- 
 --- -------- Appointments ------------ --- 


	 --- 5/7/2027 --- 
 --- -------- Appointments ------------ --- 


	 --- 5/8/2027 --- 
 --- -------- Appointments ------------ --- 


	 --- 5/9/2027 --- 
 --- -------- Appointments ------------ --- 


	 --- 5/10/2027 --- 
 --- -------- Appointments ------------ --- 


	 --- 5/11/2027 --- 
 --- -------- Appointments ------------ --- 


	 --- 5/12/2027 --- 
 --- -------- Appointments ------------ --- 


	 --- 5/13/2027 --- 
 --- -------- Appointments ------------ --- 


	 --- 5/14/2027 --- 
 --- -------- Appointments ------------ --- 


	 --- 5/15/2027 --- 
 --- -------- Appointments ------------ --- 


	 --- 5/16/2027 --- 
 --- -------- Appointments ------------ --- 


	 --- 5/17/2027 --- 
 --- -------- Appointments ------------ --- 


	 --- 5/18/2027 --- 
 --- -------- Appointments ------------ --- 


	 --- 5/19/2027 --- 
 --- -------- Appointments ------------ --- 


	 --- 5/20/2027 --- 
 --- -------- Appointments ------------ --- 


	 --- 5/21/2027 --- 
 --- -------- Appointments ------------ --- 


	 --- 5/22/2027 --- 
 --- -------- Appointments ------------ --- 


	 --- 5/23/2027 --- 
 --- -------- Appointments ------------ --- 


	 --- 5/24/2027 --- 
 --- -------- Appointments ------------ --- 


	 --- 5/25/2027 --- 
 --- -------- Appointments ------------ --- 


	 --- 5/26/2027 --- 
 --- -------- Appointments ------------ --- 


	 --- 5/27/2027 --- 
 --- -------- Appointments ------------ --- 


	 --- 5/28/2027 --- 
 --- -------- Appointments ------------ --- 
	1/28/2020 at 3:30pm ,Birthday Party, This is my birthday party.
 

	 --- 5/29/2027 --- 
 --- -------- Appointments ------------ --- 


	 --- 5/30/2027 --- 
 --- -------- Appointments ------------ --- 


	 --- 6/1/2027 --- 
 --- -------- Appointments ------------ --- 
	3/31/2017 at 3:30pm ,Birthday Party, This is my birthday party.
 

	 --- 6/2/2027 --- 
 --- -------- Appointments ------------ --- 


	 --- 6/3/2027 --- 
 --- -------- Appointments ------------ --- 


	 --- 6/4/2027 --- 
 --- -------- Appointments ------------ --- 


	 --- 6/5/2027 --- 
 --- -------- Appointments ------------ --- 


	 --- 6/6/2027 --- 
 --- -------- Appointments ------------ --- 


	 --- 6/7/2027 --- 
 --- -------- Appointments ------------ --- 


	 --- 6/8/2027 --- 
 --- -------- Appointments ------------ --- 


	 --- 6/9/2027 --- 
 --- -------- Appointments ------------ --- 


	 --- 6/10/2027 --- 
 --- -------- Appointments ------------ --- 


	 --- 6/11/2027 --- 
 --- -------- Appointments ------------ --- 


	 --- 6/12/2027 --- 
 --- -------- Appointments ------------ --- 


	 --- 6/13/2027 --- 
 --- -------- Appointments ------------ --- 


	 --- 6/14/2027 --- 
 --- -------- Appointments ------------ --- 


	 --- 6/15/2027 --- 
 --- -------- Appointments ------------ --- 


	 --- 6/16/2027 --- 
 --- -------- Appointments ------------ --- 


	 --- 6/17/2027 --- 
 --- -------- Appointments ------------ --- 


	 --- 6/18/2027 --- 
 --- -------- Appointments ------------ --- 


	 --- 6/19/2027 --- 
 --- -------- Appointments ------------ --- 


	 --- 6/20/2027 --- 
 --- -------- Appointments ------------ --- 


	 --- 6/21/2027 --- 
 --- -------- Appointments ------------ --- 


	 --- 6/22/2027 --- 
 --- -------- Appointments ------------ --- 


	 --- 6/23/2027 --- 
 --- -------- Appointments ------------ --- 


	 --- 6/24/2027 --- 
 --- -------- Appointments ------------ --- 


	 --- 6/25/2027 --- 
 --- -------- Appointments ------------ --- 


	 --- 6/26/2027 --- 
 --- -------- Appointments ------------ --- 


	 --- 6/27/2027 --- 
 --- -------- Appointments ------------ --- 


	 --- 6/28/2027 --- 
 --- -------- Appointments ------------ --- 
	1/28/2020 at 3:30pm ,Birthday Party, This is my birthday party.
 

	 --- 6/29/2027 --- 
 --- -------- Appointments ------------ --- 


	 --- 6/30/2027 --- 
 --- -------- Appointments ------------ --- 


	 --- 6/31/2027 --- 
 --- -------- Appointments ------------ --- 


	 --- 7/1/2027 --- 
 --- -------- Appointments ------------ --- 
	3/31/2017 at 3:30pm ,Birthday Party, This is my birthday party.
 

	 --- 7/2/2027 --- 
 --- -------- Appointments ------------ --- 


	 --- 7/3/2027 --- 
 --- -------- Appointments ------------ --- 


	 --- 7/4/2027 --- 
 --- -------- Appointments ------------ --- 


	 --- 7/5/2027 --- 
 --- -------- Appointments ------------ --- 


	 --- 7/6/2027 --- 
 --- -------- Appointments ------------ --- 


	 --- 7/7/2027 --- 
 --- -------- Appointments ------------ --- 


	 --- 7/8/2027 --- 
 --- -------- Appointments ------------ --- 


	 --- 7/9/2027 --- 
 --- -------- Appointments ------------ --- 


	 --- 7/10/2027 --- 
 --- -------- Appointments ------------ --- 


	 --- 7/11/2027 --- 
 --- -------- Appointments ------------ --- 


	 --- 7/12/2027 --- 
 --- -------- Appointments ------------ --- 


	 --- 7/13/2027 --- 
 --- -------- Appointments ------------ --- 


	 --- 7/14/2027 --- 
 --- -------- Appointments ------------ --- 


	 --- 7/15/2027 --- 
 --- -------- Appointments ------------ --- 


	 --- 7/16/2027 --- 
 --- -------- Appointments ------------ --- 


	 --- 7/17/2027 --- 
 --- -------- Appointments ------------ --- 


	 --- 7/18/2027 --- 
 --- -------- Appointments ------------ --- 


	 --- 7/19/2027 --- 
 --- -------- Appointments ------------ --- 


	 --- 7/20/2027 --- 
 --- -------- Appointments ------------ --- 


	 --- 7/21/2027 --- 
 --- -------- Appointments ------------ --- 


	 --- 7/22/2027 --- 
 --- -------- Appointments ------------ --- 


	 --- 7/23/2027 --- 
 --- -------- Appointments ------------ --- 


	 --- 7/24/2027 --- 
 --- -------- Appointments ------------ --- 


	 --- 7/25/2027 --- 
 --- -------- Appointments ------------ --- 


	 --- 7/26/2027 --- 
 --- -------- Appointments ------------ --- 


	 --- 7/27/2027 --- 
 --- -------- Appointments ------------ --- 


	 --- 7/28/2027 --- 
 --- -------- Appointments ------------ --- 
	1/28/2020 at 3:30pm ,Birthday Party, This is my birthday party.
 

	 --- 7/29/2027 --- 
 --- -------- Appointments ------------ --- 


	 --- 7/30/2027 --- 
 --- -------- Appointments ------------ --- 


	 --- 7/31/2027 --- 
 --- -------- Appointments ------------ --- 


	 --- 8/1/2027 --- 
 --- -------- Appointments ------------ --- 
	3/31/2017 at 3:30pm ,Birthday Party, This is my birthday party.
 

	 --- 8/2/2027 --- 
 --- -------- Appointments ------------ --- 


	 --- 8/3/2027 --- 
 --- -------- Appointments ------------ --- 


	 --- 8/4/2027 --- 
 --- -------- Appointments ------------ --- 


	 --- 8/5/2027 --- 
 --- -------- Appointments ------------ --- 


	 --- 8/6/2027 --- 
 --- -------- Appointments ------------ --- 


	 --- 8/7/2027 --- 
 --- -------- Appointments ------------ --- 


	 --- 8/8/2027 --- 
 --- -------- Appointments ------------ --- 


	 --- 8/9/2027 --- 
 --- -------- Appointments ------------ --- 


	 --- 8/10/2027 --- 
 --- -------- Appointments ------------ --- 


	 --- 8/11/2027 --- 
 --- -------- Appointments ------------ --- 


	 --- 8/12/2027 --- 
 --- -------- Appointments ------------ --- 


	 --- 8/13/2027 --- 
 --- -------- Appointments ------------ --- 


	 --- 8/14/2027 --- 
 --- -------- Appointments ------------ --- 


	 --- 8/15/2027 --- 
 --- -------- Appointments ------------ --- 


	 --- 8/16/2027 --- 
 --- -------- Appointments ------------ --- 


	 --- 8/17/2027 --- 
 --- -------- Appointments ------------ --- 


	 --- 8/18/2027 --- 
 --- -------- Appointments ------------ --- 


	 --- 8/19/2027 --- 
 --- -------- Appointments ------------ --- 


	 --- 8/20/2027 --- 
 --- -------- Appointments ------------ --- 


	 --- 8/21/2027 --- 
 --- -------- Appointments ------------ --- 


	 --- 8/22/2027 --- 
 --- -------- Appointments ------------ --- 


	 --- 8/23/2027 --- 
 --- -------- Appointments ------------ --- 


	 --- 8/24/2027 --- 
 --- -------- Appointments ------------ --- 


	 --- 8/25/2027 --- 
 --- -------- Appointments ------------ --- 


	 --- 8/26/2027 --- 
 --- -------- Appointments ------------ --- 


	 --- 8/27/2027 --- 
 --- -------- Appointments ------------ --- 


	 --- 8/28/2027 --- 
 --- -------- Appointments ------------ --- 
	1/28/2020 at 3:30pm ,Birthday Party, This is my birthday party.
 

	 --- 8/29/2027 --- 
 --- -------- Appointments ------------ --- 


	 --- 8/30/2027 --- 
 --- -------- Appointments ------------ --- 


	 --- 9/1/2027 --- 
 --- -------- Appointments ------------ --- 
	3/31/2017 at 3:30pm ,Birthday Party, This is my birthday party.
 

	 --- 9/2/2027 --- 
 --- -------- Appointments ------------ --- 


	 --- 9/3/2027 --- 
 --- -------- Appointments ------------ --- 


	 --- 9/4/2027 --- 
 --- -------- Appointments ------------ --- 


	 --- 9/5/2027 --- 
 --- -------- Appointments ------------ --- 


	 --- 9/6/2027 --- 
 --- -------- Appointments ------------ --- 


	 --- 9/7/2027 --- 
 --- -------- Appointments ------------ --- 


	 --- 9/8/2027 --- 
 --- -------- Appointments ------------ --- 


	 --- 9/9/2027 --- 
 --- -------- Appointments ------------ --- 


	 --- 9/10/2027 --- 
 --- -------- Appointments ------------ --- 


	 --- 9/11/2027 --- 
 --- -------- Appointments ------------ --- 


	 --- 9/12/2027 --- 
 --- -------- Appointments ------------ --- 


	 --- 9/13/2027 --- 
 --- -------- Appointments ------------ --- 


	 --- 9/14/2027 --- 
 --- -------- Appointments ------------ --- 


	 --- 9/15/2027 --- 
 --- -------- Appointments ------------ --- 


	 --- 9/16/2027 --- 
 --- -------- Appointments ------------ --- 


	 --- 9/17/2027 --- 
 --- -------- Appointments ------------ --- 


	 --- 9/18/2027 --- 
 --- -------- Appointments ------------ --- 


	 --- 9/19/2027 --- 
 --- -------- Appointments ------------ --- 


	 --- 9/20/2027 --- 
 --- -------- Appointments ------------ --- 


	 --- 9/21/2027 --- 
 --- -------- Appointments ------------ --- 


	 --- 9/22/2027 --- 
 --- -------- Appointments ------------ --- 


	 --- 9/23/2027 --- 
 --- -------- Appointments ------------ --- 


	 --- 9/24/2027 --- 
 --- -------- Appointments ------------ --- 


	 --- 9/25/2027 --- 
 --- -------- Appointments ------------ --- 


	 --- 9/26/2027 --- 
 --- -------- Appointments ------------ --- 


	 --- 9/27/2027 --- 
 --- -------- Appointments ------------ --- 


	 --- 9/28/2027 --- 
 --- -------- Appointments ------------ --- 
	1/28/2020 at 3:30pm ,Birthday Party, This is my birthday party.
 

	 --- 9/29/2027 --- 
 --- -------- Appointments ------------ --- 


	 --- 9/30/2027 --- 
 --- -------- Appointments ------------ --- 


	 --- 9/31/2027 --- 
 --- -------- Appointments ------------ --- 


	 --- 10/1/2027 --- 
 --- -------- Appointments ------------ --- 
	3/31/2017 at 3:30pm ,Birthday Party, This is my birthday party.
 

	 --- 10/2/2027 --- 
 --- -------- Appointments ------------ --- 


	 --- 10/3/2027 --- 
 --- -------- Appointments ------------ --- 


	 --- 10/4/2027 --- 
 --- -------- Appointments ------------ --- 


	 --- 10/5/2027 --- 
 --- -------- Appointments ------------ --- 


	 --- 10/6/2027 --- 
 --- -------- Appointments ------------ --- 


	 --- 10/7/2027 --- 
 --- -------- Appointments ------------ --- 


	 --- 10/8/2027 --- 
 --- -------- Appointments ------------ --- 


	 --- 10/9/2027 --- 
 --- -------- Appointments ------------ --- 


	 --- 10/10/2027 --- 
 --- -------- Appointments ------------ --- 


	 --- 10/11/2027 --- 
 --- -------- Appointments ------------ --- 


	 --- 10/12/2027 --- 
 --- -------- Appointments ------------ --- 


	 --- 10/13/2027 --- 
 --- -------- Appointments ------------ --- 


	 --- 10/14/2027 --- 
 --- -------- Appointments ------------ --- 


	 --- 10/15/2027 --- 
 --- -------- Appointments ------------ --- 


	 --- 10/16/2027 --- 
 --- -------- Appointments ------------ --- 


	 --- 10/17/2027 --- 
 --- -------- Appointments ------------ --- 


	 --- 10/18/2027 --- 
 --- -------- Appointments ------------ --- 


	 --- 10/19/2027 --- 
 --- -------- Appointments ------------ --- 


	 --- 10/20/2027 --- 
 --- -------- Appointments ------------ --- 


	 --- 10/21/2027 --- 
 --- -------- Appointments ------------ --- 


	 --- 10/22/2027 --- 
 --- -------- Appointments ------------ --- 


	 --- 10/23/2027 --- 
 --- -------- Appointments ------------ --- 


	 --- 10/24/2027 --- 
 --- -------- Appointments ------------ --- 


	 --- 10/25/2027 --- 
 --- -------- Appointments ------------ --- 


	 --- 10/26/2027 --- 
 --- -------- Appointments ------------ --- 


	 --- 10/27/2027 --- 
 --- -------- Appointments ------------ --- 


	 --- 10/28/2027 --- 
 --- -------- Appointments ------------ --- 
	1/28/2020 at 3:30pm ,Birthday Party, This is my birthday party.
 

	 --- 10/29/2027 --- 
 --- -------- Appointments ------------ --- 


	 --- 10/30/2027 --- 
 --- -------- Appointments ------------ --- 


	 --- 11/1/2027 --- 
 --- -------- Appointments ------------ --- 
	3/31/2017 at 3:30pm ,Birthday Party, This is my birthday party.
 

	 --- 11/2/2027 --- 
 --- -------- Appointments ------------ --- 


	 --- 11/3/2027 --- 
 --- -------- Appointments ------------ --- 


	 --- 11/4/2027 --- 
 --- -------- Appointments ------------ --- 


	 --- 11/5/2027 --- 
 --- -------- Appointments ------------ --- 


	 --- 11/6/2027 --- 
 --- -------- Appointments ------------ --- 


	 --- 11/7/2027 --- 
 --- -------- Appointments ------------ --- 


	 --- 11/8/2027 --- 
 --- -------- Appointments ------------ --- 


	 --- 11/9/2027 --- 
 --- -------- Appointments ------------ --- 


	 --- 11/10/2027 --- 
 --- -------- Appointments ------------ --- 


	 --- 11/11/2027 --- 
 --- -------- Appointments ------------ --- 


	 --- 11/12/2027 --- 
 --- -------- Appointments ------------ --- 


	 --- 11/13/2027 --- 
 --- -------- Appointments ------------ --- 


	 --- 11/14/2027 --- 
 --- -------- Appointments ------------ --- 


	 --- 11/15/2027 --- 
 --- -------- Appointments ------------ --- 


	 --- 11/16/2027 --- 
 --- -------- Appointments ------------ --- 


	 --- 11/17/2027 --- 
 --- -------- Appointments ------------ --- 


	 --- 11/18/2027 --- 
 --- -------- Appointments ------------ --- 


	 --- 11/19/2027 --- 
 --- -------- Appointments ------------ --- 


	 --- 11/20/2027 --- 
 --- -------- Appointments ------------ --- 


	 --- 11/21/2027 --- 
 --- -------- Appointments ------------ --- 


	 --- 11/22/2027 --- 
 --- -------- Appointments ------------ --- 


	 --- 11/23/2027 --- 
 --- -------- Appointments ------------ --- 


	 --- 11/24/2027 --- 
 --- -------- Appointments ------------ --- 


	 --- 11/25/2027 --- 
 --- -------- Appointments ------------ --- 


	 --- 11/26/2027 --- 
 --- -------- Appointments ------------ --- 


	 --- 11/27/2027 --- 
 --- -------- Appointments ------------ --- 


	 --- 11/28/2027 --- 
 --- -------- Appointments ------------ --- 
	1/28/2020 at 3:30pm ,Birthday Party, This is my birthday party.
 

	 --- 11/29/2027 --- 
 --- -------- Appointments ------------ --- 


	 --- 11/30/2027 --- 
 --- -------- Appointments ------------ --- 


	 --- 11/31/2027 --- 
 --- -------- Appointments ------------ --- 


	 --- 0/1/2028 --- 
 --- -------- Appointments ------------ --- 
	3/31/2017 at 3:30pm ,Birthday Party, This is my birthday party.
 

	 --- 0/2/2028 --- 
 --- -------- Appointments ------------ --- 


	 --- 0/3/2028 --- 
 --- -------- Appointments ------------ --- 


	 --- 0/4/2028 --- 
 --- -------- Appointments ------------ --- 


	 --- 0/5/2028 --- 
 --- -------- Appointments ------------ --- 


	 --- 0/6/2028 --- 
 --- -------- Appointments ------------ --- 


	 --- 0/7/2028 --- 
 --- -------- Appointments ------------ --- 


	 --- 0/8/2028 --- 
 --- -------- Appointments ------------ --- 


	 --- 0/9/2028 --- 
 --- -------- Appointments ------------ --- 


	 --- 0/10/2028 --- 
 --- -------- Appointments ------------ --- 


	 --- 0/11/2028 --- 
 --- -------- Appointments ------------ --- 


	 --- 0/12/2028 --- 
 --- -------- Appointments ------------ --- 


	 --- 0/13/2028 --- 
 --- -------- Appointments ------------ --- 


	 --- 0/14/2028 --- 
 --- -------- Appointments ------------ --- 


	 --- 0/15/2028 --- 
 --- -------- Appointments ------------ --- 


	 --- 0/16/2028 --- 
 --- -------- Appointments ------------ --- 


	 --- 0/17/2028 --- 
 --- -------- Appointments ------------ --- 


	 --- 0/18/2028 --- 
 --- -------- Appointments ------------ --- 


	 --- 0/19/2028 --- 
 --- -------- Appointments ------------ --- 


	 --- 0/20/2028 --- 
 --- -------- Appointments ------------ --- 


	 --- 0/21/2028 --- 
 --- -------- Appointments ------------ --- 


	 --- 0/22/2028 --- 
 --- -------- Appointments ------------ --- 


	 --- 0/23/2028 --- 
 --- -------- Appointments ------------ --- 


	 --- 0/24/2028 --- 
 --- -------- Appointments ------------ --- 


	 --- 0/25/2028 --- 
 --- -------- Appointments ------------ --- 


	 --- 0/26/2028 --- 
 --- -------- Appointments ------------ --- 


	 --- 0/27/2028 --- 
 --- -------- Appointments ------------ --- 


	 --- 0/28/2028 --- 
 --- -------- Appointments ------------ --- 
	1/28/2020 at 3:30pm ,Birthday Party, This is my birthday party.
 

	 --- 0/29/2028 --- 
 --- -------- Appointments ------------ --- 


	 --- 0/30/2028 --- 
 --- -------- Appointments ------------ --- 


	 --- 0/31/2028 --- 
 --- -------- Appointments ------------ --- 


	 --- 1/1/2028 --- 
 --- -------- Appointments ------------ --- 
	3/31/2017 at 3:30pm ,Birthday Party, This is my birthday party.
 

	 --- 1/2/2028 --- 
 --- -------- Appointments ------------ --- 


	 --- 1/3/2028 --- 
 --- -------- Appointments ------------ --- 


	 --- 1/4/2028 --- 
 --- -------- Appointments ------------ --- 


	 --- 1/5/2028 --- 
 --- -------- Appointments ------------ --- 


	 --- 1/6/2028 --- 
 --- -------- Appointments ------------ --- 


	 --- 1/7/2028 --- 
 --- -------- Appointments ------------ --- 


	 --- 1/8/2028 --- 
 --- -------- Appointments ------------ --- 


	 --- 1/9/2028 --- 
 --- -------- Appointments ------------ --- 


	 --- 1/10/2028 --- 
 --- -------- Appointments ------------ --- 


	 --- 1/11/2028 --- 
 --- -------- Appointments ------------ --- 


	 --- 1/12/2028 --- 
 --- -------- Appointments ------------ --- 


	 --- 1/13/2028 --- 
 --- -------- Appointments ------------ --- 


	 --- 1/14/2028 --- 
 --- -------- Appointments ------------ --- 


	 --- 1/15/2028 --- 
 --- -------- Appointments ------------ --- 


	 --- 1/16/2028 --- 
 --- -------- Appointments ------------ --- 


	 --- 1/17/2028 --- 
 --- -------- Appointments ------------ --- 


	 --- 1/18/2028 --- 
 --- -------- Appointments ------------ --- 


	 --- 1/19/2028 --- 
 --- -------- Appointments ------------ --- 


	 --- 1/20/2028 --- 
 --- -------- Appointments ------------ --- 


	 --- 1/21/2028 --- 
 --- -------- Appointments ------------ --- 


	 --- 1/22/2028 --- 
 --- -------- Appointments ------------ --- 


	 --- 1/23/2028 --- 
 --- -------- Appointments ------------ --- 


	 --- 1/24/2028 --- 
 --- -------- Appointments ------------ --- 


	 --- 1/25/2028 --- 
 --- -------- Appointments ------------ --- 


	 --- 1/26/2028 --- 
 --- -------- Appointments ------------ --- 


	 --- 1/27/2028 --- 
 --- -------- Appointments ------------ --- 


	 --- 1/28/2028 --- 
 --- -------- Appointments ------------ --- 
	1/28/2020 at 3:30pm ,Birthday Party, This is my birthday party.
 

	 --- 1/29/2028 --- 
 --- -------- Appointments ------------ --- 


	 --- 2/1/2028 --- 
 --- -------- Appointments ------------ --- 
	3/31/2017 at 3:30pm ,Birthday Party, This is my birthday party.
 

	 --- 2/2/2028 --- 
 --- -------- Appointments ------------ --- 


	 --- 2/3/2028 --- 
 --- -------- Appointments ------------ --- 


	 --- 2/4/2028 --- 
 --- -------- Appointments ------------ --- 


	 --- 2/5/2028 --- 
 --- -------- Appointments ------------ --- 


	 --- 2/6/2028 --- 
 --- -------- Appointments ------------ --- 


	 --- 2/7/2028 --- 
 --- -------- Appointments ------------ --- 


	 --- 2/8/2028 --- 
 --- -------- Appointments ------------ --- 


	 --- 2/9/2028 --- 
 --- -------- Appointments ------------ --- 


	 --- 2/10/2028 --- 
 --- -------- Appointments ------------ --- 


	 --- 2/11/2028 --- 
 --- -------- Appointments ------------ --- 


	 --- 2/12/2028 --- 
 --- -------- Appointments ------------ --- 


	 --- 2/13/2028 --- 
 --- -------- Appointments ------------ --- 


	 --- 2/14/2028 --- 
 --- -------- Appointments ------------ --- 


	 --- 2/15/2028 --- 
 --- -------- Appointments ------------ --- 


	 --- 2/16/2028 --- 
 --- -------- Appointments ------------ --- 


	 --- 2/17/2028 --- 
 --- -------- Appointments ------------ --- 


	 --- 2/18/2028 --- 
 --- -------- Appointments ------------ --- 


	 --- 2/19/2028 --- 
 --- -------- Appointments ------------ --- 


	 --- 2/20/2028 --- 
 --- -------- Appointments ------------ --- 


	 --- 2/21/2028 --- 
 --- -------- Appointments ------------ --- 


	 --- 2/22/2028 --- 
 --- -------- Appointments ------------ --- 


	 --- 2/23/2028 --- 
 --- -------- Appointments ------------ --- 


	 --- 2/24/2028 --- 
 --- -------- Appointments ------------ --- 


	 --- 2/25/2028 --- 
 --- -------- Appointments ------------ --- 


	 --- 2/26/2028 --- 
 --- -------- Appointments ------------ --- 
	2/26/2018 at 11:30pm ,Birthday Party, This is my birthday party.
 

	 --- 2/27/2028 --- 
 --- -------- Appointments ------------ --- 


	 --- 2/28/2028 --- 
 --- -------- Appointments ------------ --- 
	1/28/2020 at 3:30pm ,Birthday Party, This is my birthday party.
 

	 --- 2/29/2028 --- 
 --- -------- Appointments ------------ --- 


	 --- 2/30/2028 --- 
 --- -------- Appointments ------------ --- 


	 --- 2/31/2028 --- 
 --- -------- Appointments ------------ --- 


	 --- 3/1/2028 --- 
 --- -------- Appointments ------------ --- 
	3/31/2017 at 3:30pm ,Birthday Party, This is my birthday party.
 

	 --- 3/2/2028 --- 
 --- -------- Appointments ------------ --- 


	 --- 3/3/2028 --- 
 --- -------- Appointments ------------ --- 


	 --- 3/4/2028 --- 
 --- -------- Appointments ------------ --- 


	 --- 3/5/2028 --- 
 --- -------- Appointments ------------ --- 


	 --- 3/6/2028 --- 
 --- -------- Appointments ------------ --- 


	 --- 3/7/2028 --- 
 --- -------- Appointments ------------ --- 


	 --- 3/8/2028 --- 
 --- -------- Appointments ------------ --- 


	 --- 3/9/2028 --- 
 --- -------- Appointments ------------ --- 


	 --- 3/10/2028 --- 
 --- -------- Appointments ------------ --- 


	 --- 3/11/2028 --- 
 --- -------- Appointments ------------ --- 


	 --- 3/12/2028 --- 
 --- -------- Appointments ------------ --- 


	 --- 3/13/2028 --- 
 --- -------- Appointments ------------ --- 


	 --- 3/14/2028 --- 
 --- -------- Appointments ------------ --- 


	 --- 3/15/2028 --- 
 --- -------- Appointments ------------ --- 


	 --- 3/16/2028 --- 
 --- -------- Appointments ------------ --- 


	 --- 3/17/2028 --- 
 --- -------- Appointments ------------ --- 


	 --- 3/18/2028 --- 
 --- -------- Appointments ------------ --- 


	 --- 3/19/2028 --- 
 --- -------- Appointments ------------ --- 


	 --- 3/20/2028 --- 
 --- -------- Appointments ------------ --- 


	 --- 3/21/2028 --- 
 --- -------- Appointments ------------ --- 


	 --- 3/22/2028 --- 
 --- -------- Appointments ------------ --- 


	 --- 3/23/2028 --- 
 --- -------- Appointments ------------ --- 


	 --- 3/24/2028 --- 
 --- -------- Appointments ------------ --- 


	 --- 3/25/2028 --- 
 --- -------- Appointments ------------ --- 


	 --- 3/26/2028 --- 
 --- -------- Appointments ------------ --- 


	 --- 3/27/2028 --- 
 --- -------- Appointments ------------ --- 


	 --- 3/28/2028 --- 
 --- -------- Appointments ------------ --- 
	1/28/2020 at 3:30pm ,Birthday Party, This is my birthday party.
 

	 --- 3/29/2028 --- 
 --- -------- Appointments ------------ --- 


	 --- 3/30/2028 --- 
 --- -------- Appointments ------------ --- 


	 --- 4/1/2028 --- 
 --- -------- Appointments ------------ --- 
	3/31/2017 at 3:30pm ,Birthday Party, This is my birthday party.
 

	 --- 4/2/2028 --- 
 --- -------- Appointments ------------ --- 


	 --- 4/3/2028 --- 
 --- -------- Appointments ------------ --- 


	 --- 4/4/2028 --- 
 --- -------- Appointments ------------ --- 


	 --- 4/5/2028 --- 
 --- -------- Appointments ------------ --- 


	 --- 4/6/2028 --- 
 --- -------- Appointments ------------ --- 


	 --- 4/7/2028 --- 
 --- -------- Appointments ------------ --- 


	 --- 4/8/2028 --- 
 --- -------- Appointments ------------ --- 


	 --- 4/9/2028 --- 
 --- -------- Appointments ------------ --- 


	 --- 4/10/2028 --- 
 --- -------- Appointments ------------ --- 


	 --- 4/11/2028 --- 
 --- -------- Appointments ------------ --- 


	 --- 4/12/2028 --- 
 --- -------- Appointments ------------ --- 


	 --- 4/13/2028 --- 
 --- -------- Appointments ------------ --- 


	 --- 4/14/2028 --- 
 --- -------- Appointments ------------ --- 


	 --- 4/15/2028 --- 
 --- -------- Appointments ------------ --- 


	 --- 4/16/2028 --- 
 --- -------- Appointments ------------ --- 


	 --- 4/17/2028 --- 
 --- -------- Appointments ------------ --- 


	 --- 4/18/2028 --- 
 --- -------- Appointments ------------ --- 


	 --- 4/19/2028 --- 
 --- -------- Appointments ------------ --- 


	 --- 4/20/2028 --- 
 --- -------- Appointments ------------ --- 


	 --- 4/21/2028 --- 
 --- -------- Appointments ------------ --- 


	 --- 4/22/2028 --- 
 --- -------- Appointments ------------ --- 


	 --- 4/23/2028 --- 
 --- -------- Appointments ------------ --- 


	 --- 4/24/2028 --- 
 --- -------- Appointments ------------ --- 


	 --- 4/25/2028 --- 
 --- -------- Appointments ------------ --- 


	 --- 4/26/2028 --- 
 --- -------- Appointments ------------ --- 


	 --- 4/27/2028 --- 
 --- -------- Appointments ------------ --- 


	 --- 4/28/2028 --- 
 --- -------- Appointments ------------ --- 
	1/28/2020 at 3:30pm ,Birthday Party, This is my birthday party.
 

	 --- 4/29/2028 --- 
 --- -------- Appointments ------------ --- 


	 --- 4/30/2028 --- 
 --- -------- Appointments ------------ --- 


	 --- 4/31/2028 --- 
 --- -------- Appointments ------------ --- 


	 --- 5/1/2028 --- 
 --- -------- Appointments ------------ --- 
	3/31/2017 at 3:30pm ,Birthday Party, This is my birthday party.
 

	 --- 5/2/2028 --- 
 --- -------- Appointments ------------ --- 


	 --- 5/3/2028 --- 
 --- -------- Appointments ------------ --- 


	 --- 5/4/2028 --- 
 --- -------- Appointments ------------ --- 


	 --- 5/5/2028 --- 
 --- -------- Appointments ------------ --- 


	 --- 5/6/2028 --- 
 --- -------- Appointments ------------ --- 


	 --- 5/7/2028 --- 
 --- -------- Appointments ------------ --- 


	 --- 5/8/2028 --- 
 --- -------- Appointments ------------ --- 


	 --- 5/9/2028 --- 
 --- -------- Appointments ------------ --- 


	 --- 5/10/2028 --- 
 --- -------- Appointments ------------ --- 


	 --- 5/11/2028 --- 
 --- -------- Appointments ------------ --- 


	 --- 5/12/2028 --- 
 --- -------- Appointments ------------ --- 


	 --- 5/13/2028 --- 
 --- -------- Appointments ------------ --- 


	 --- 5/14/2028 --- 
 --- -------- Appointments ------------ --- 


	 --- 5/15/2028 --- 
 --- -------- Appointments ------------ --- 


	 --- 5/16/2028 --- 
 --- -------- Appointments ------------ --- 


	 --- 5/17/2028 --- 
 --- -------- Appointments ------------ --- 


	 --- 5/18/2028 --- 
 --- -------- Appointments ------------ --- 


	 --- 5/19/2028 --- 
 --- -------- Appointments ------------ --- 


	 --- 5/20/2028 --- 
 --- -------- Appointments ------------ --- 


	 --- 5/21/2028 --- 
 --- -------- Appointments ------------ --- 


	 --- 5/22/2028 --- 
 --- -------- Appointments ------------ --- 


	 --- 5/23/2028 --- 
 --- -------- Appointments ------------ --- 


	 --- 5/24/2028 --- 
 --- -------- Appointments ------------ --- 


	 --- 5/25/2028 --- 
 --- -------- Appointments ------------ --- 


	 --- 5/26/2028 --- 
 --- -------- Appointments ------------ --- 


	 --- 5/27/2028 --- 
 --- -------- Appointments ------------ --- 


	 --- 5/28/2028 --- 
 --- -------- Appointments ------------ --- 
	1/28/2020 at 3:30pm ,Birthday Party, This is my birthday party.
 

	 --- 5/29/2028 --- 
 --- -------- Appointments ------------ --- 


	 --- 5/30/2028 --- 
 --- -------- Appointments ------------ --- 


	 --- 6/1/2028 --- 
 --- -------- Appointments ------------ --- 
	3/31/2017 at 3:30pm ,Birthday Party, This is my birthday party.
 

	 --- 6/2/2028 --- 
 --- -------- Appointments ------------ --- 


	 --- 6/3/2028 --- 
 --- -------- Appointments ------------ --- 


	 --- 6/4/2028 --- 
 --- -------- Appointments ------------ --- 


	 --- 6/5/2028 --- 
 --- -------- Appointments ------------ --- 


	 --- 6/6/2028 --- 
 --- -------- Appointments ------------ --- 


	 --- 6/7/2028 --- 
 --- -------- Appointments ------------ --- 


	 --- 6/8/2028 --- 
 --- -------- Appointments ------------ --- 


	 --- 6/9/2028 --- 
 --- -------- Appointments ------------ --- 


	 --- 6/10/2028 --- 
 --- -------- Appointments ------------ --- 


	 --- 6/11/2028 --- 
 --- -------- Appointments ------------ --- 


	 --- 6/12/2028 --- 
 --- -------- Appointments ------------ --- 


	 --- 6/13/2028 --- 
 --- -------- Appointments ------------ --- 


	 --- 6/14/2028 --- 
 --- -------- Appointments ------------ --- 


	 --- 6/15/2028 --- 
 --- -------- Appointments ------------ --- 


	 --- 6/16/2028 --- 
 --- -------- Appointments ------------ --- 


	 --- 6/17/2028 --- 
 --- -------- Appointments ------------ --- 


	 --- 6/18/2028 --- 
 --- -------- Appointments ------------ --- 


	 --- 6/19/2028 --- 
 --- -------- Appointments ------------ --- 


	 --- 6/20/2028 --- 
 --- -------- Appointments ------------ --- 


	 --- 6/21/2028 --- 
 --- -------- Appointments ------------ --- 


	 --- 6/22/2028 --- 
 --- -------- Appointments ------------ --- 


	 --- 6/23/2028 --- 
 --- -------- Appointments ------------ --- 


	 --- 6/24/2028 --- 
 --- -------- Appointments ------------ --- 


	 --- 6/25/2028 --- 
 --- -------- Appointments ------------ --- 


	 --- 6/26/2028 --- 
 --- -------- Appointments ------------ --- 


	 --- 6/27/2028 --- 
 --- -------- Appointments ------------ --- 


	 --- 6/28/2028 --- 
 --- -------- Appointments ------------ --- 


	 --- 6/29/2028 --- 
 --- -------- Appointments ------------ --- 


	 --- 6/30/2028 --- 
 --- -------- Appointments ------------ --- 


	 --- 6/31/2028 --- 
 --- -------- Appointments ------------ --- 


	 --- 7/1/2028 --- 
 --- -------- Appointments ------------ --- 
	3/31/2017 at 3:30pm ,Birthday Party, This is my birthday party.
 

	 --- 7/2/2028 --- 
 --- -------- Appointments ------------ --- 


	 --- 7/3/2028 --- 
 --- -------- Appointments ------------ --- 


	 --- 7/4/2028 --- 
 --- -------- Appointments ------------ --- 


	 --- 7/5/2028 --- 
 --- -------- Appointments ------------ --- 


	 --- 7/6/2028 --- 
 --- -------- Appointments ------------ --- 


	 --- 7/7/2028 --- 
 --- -------- Appointments ------------ --- 


	 --- 7/8/2028 --- 
 --- -------- Appointments ------------ --- 


	 --- 7/9/2028 --- 
 --- -------- Appointments ------------ --- 


	 --- 7/10/2028 --- 
 --- -------- Appointments ------------ --- 


	 --- 7/11/2028 --- 
 --- -------- Appointments ------------ --- 


	 --- 7/12/2028 --- 
 --- -------- Appointments ------------ --- 


	 --- 7/13/2028 --- 
 --- -------- Appointments ------------ --- 


	 --- 7/14/2028 --- 
 --- -------- Appointments ------------ --- 


	 --- 7/15/2028 --- 
 --- -------- Appointments ------------ --- 


	 --- 7/16/2028 --- 
 --- -------- Appointments ------------ --- 


	 --- 7/17/2028 --- 
 --- -------- Appointments ------------ --- 


	 --- 7/18/2028 --- 
 --- -------- Appointments ------------ --- 


	 --- 7/19/2028 --- 
 --- -------- Appointments ------------ --- 


	 --- 7/20/2028 --- 
 --- -------- Appointments ------------ --- 


	 --- 7/21/2028 --- 
 --- -------- Appointments ------------ --- 


	 --- 7/22/2028 --- 
 --- -------- Appointments ------------ --- 


	 --- 7/23/2028 --- 
 --- -------- Appointments ------------ --- 


	 --- 7/24/2028 --- 
 --- -------- Appointments ------------ --- 


	 --- 7/25/2028 --- 
 --- -------- Appointments ------------ --- 


	 --- 7/26/2028 --- 
 --- -------- Appointments ------------ --- 


	 --- 7/27/2028 --- 
 --- -------- Appointments ------------ --- 


	 --- 7/28/2028 --- 
 --- -------- Appointments ------------ --- 


	 --- 7/29/2028 --- 
 --- -------- Appointments ------------ --- 


	 --- 7/30/2028 --- 
 --- -------- Appointments ------------ --- 


	 --- 7/31/2028 --- 
 --- -------- Appointments ------------ --- 


	 --- 8/1/2028 --- 
 --- -------- Appointments ------------ --- 
	3/31/2017 at 3:30pm ,Birthday Party, This is my birthday party.
 

	 --- 8/2/2028 --- 
 --- -------- Appointments ------------ --- 


	 --- 8/3/2028 --- 
 --- -------- Appointments ------------ --- 


	 --- 8/4/2028 --- 
 --- -------- Appointments ------------ --- 


	 --- 8/5/2028 --- 
 --- -------- Appointments ------------ --- 


	 --- 8/6/2028 --- 
 --- -------- Appointments ------------ --- 


	 --- 8/7/2028 --- 
 --- -------- Appointments ------------ --- 


	 --- 8/8/2028 --- 
 --- -------- Appointments ------------ --- 


	 --- 8/9/2028 --- 
 --- -------- Appointments ------------ --- 


	 --- 8/10/2028 --- 
 --- -------- Appointments ------------ --- 


	 --- 8/11/2028 --- 
 --- -------- Appointments ------------ --- 


	 --- 8/12/2028 --- 
 --- -------- Appointments ------------ --- 


	 --- 8/13/2028 --- 
 --- -------- Appointments ------------ --- 


	 --- 8/14/2028 --- 
 --- -------- Appointments ------------ --- 


	 --- 8/15/2028 --- 
 --- -------- Appointments ------------ --- 


	 --- 8/16/2028 --- 
 --- -------- Appointments ------------ --- 


	 --- 8/17/2028 --- 
 --- -------- Appointments ------------ --- 


	 --- 8/18/2028 --- 
 --- -------- Appointments ------------ --- 


	 --- 8/19/2028 --- 
 --- -------- Appointments ------------ --- 


	 --- 8/20/2028 --- 
 --- -------- Appointments ------------ --- 


	 --- 8/21/2028 --- 
 --- -------- Appointments ------------ --- 


	 --- 8/22/2028 --- 
 --- -------- Appointments ------------ --- 


	 --- 8/23/2028 --- 
 --- -------- Appointments ------------ --- 


	 --- 8/24/2028 --- 
 --- -------- Appointments ------------ --- 


	 --- 8/25/2028 --- 
 --- -------- Appointments ------------ --- 


	 --- 8/26/2028 --- 
 --- -------- Appointments ------------ --- 


	 --- 8/27/2028 --- 
 --- -------- Appointments ------------ --- 


	 --- 8/28/2028 --- 
 --- -------- Appointments ------------ --- 


	 --- 8/29/2028 --- 
 --- -------- Appointments ------------ --- 


	 --- 8/30/2028 --- 
 --- -------- Appointments ------------ --- 


	 --- 9/1/2028 --- 
 --- -------- Appointments ------------ --- 
	3/31/2017 at 3:30pm ,Birthday Party, This is my birthday party.
 

	 --- 9/2/2028 --- 
 --- -------- Appointments ------------ --- 


	 --- 9/3/2028 --- 
 --- -------- Appointments ------------ --- 


	 --- 9/4/2028 --- 
 --- -------- Appointments ------------ --- 


	 --- 9/5/2028 --- 
 --- -------- Appointments ------------ --- 


	 --- 9/6/2028 --- 
 --- -------- Appointments ------------ --- 


	 --- 9/7/2028 --- 
 --- -------- Appointments ------------ --- 


	 --- 9/8/2028 --- 
 --- -------- Appointments ------------ --- 


	 --- 9/9/2028 --- 
 --- -------- Appointments ------------ --- 


	 --- 9/10/2028 --- 
 --- -------- Appointments ------------ --- 


	 --- 9/11/2028 --- 
 --- -------- Appointments ------------ --- 


	 --- 9/12/2028 --- 
 --- -------- Appointments ------------ --- 


	 --- 9/13/2028 --- 
 --- -------- Appointments ------------ --- 


	 --- 9/14/2028 --- 
 --- -------- Appointments ------------ --- 


	 --- 9/15/2028 --- 
 --- -------- Appointments ------------ --- 


	 --- 9/16/2028 --- 
 --- -------- Appointments ------------ --- 


	 --- 9/17/2028 --- 
 --- -------- Appointments ------------ --- 


	 --- 9/18/2028 --- 
 --- -------- Appointments ------------ --- 


	 --- 9/19/2028 --- 
 --- -------- Appointments ------------ --- 


	 --- 9/20/2028 --- 
 --- -------- Appointments ------------ --- 


	 --- 9/21/2028 --- 
 --- -------- Appointments ------------ --- 


	 --- 9/22/2028 --- 
 --- -------- Appointments ------------ --- 


	 --- 9/23/2028 --- 
 --- -------- Appointments ------------ --- 


	 --- 9/24/2028 --- 
 --- -------- Appointments ------------ --- 


	 --- 9/25/2028 --- 
 --- -------- Appointments ------------ --- 


	 --- 9/26/2028 --- 
 --- -------- Appointments ------------ --- 


	 --- 9/27/2028 --- 
 --- -------- Appointments ------------ --- 


	 --- 9/28/2028 --- 
 --- -------- Appointments ------------ --- 


	 --- 9/29/2028 --- 
 --- -------- Appointments ------------ --- 


	 --- 9/30/2028 --- 
 --- -------- Appointments ------------ --- 


	 --- 9/31/2028 --- 
 --- -------- Appointments ------------ --- 


	 --- 10/1/2028 --- 
 --- -------- Appointments ------------ --- 
	3/31/2017 at 3:30pm ,Birthday Party, This is my birthday party.
 

	 --- 10/2/2028 --- 
 --- -------- Appointments ------------ --- 


	 --- 10/3/2028 --- 
 --- -------- Appointments ------------ --- 


	 --- 10/4/2028 --- 
 --- -------- Appointments ------------ --- 


	 --- 10/5/2028 --- 
 --- -------- Appointments ------------ --- 


	 --- 10/6/2028 --- 
 --- -------- Appointments ------------ --- 


	 --- 10/7/2028 --- 
 --- -------- Appointments ------------ --- 


	 --- 10/8/2028 --- 
 --- -------- Appointments ------------ --- 


	 --- 10/9/2028 --- 
 --- -------- Appointments ------------ --- 


	 --- 10/10/2028 --- 
 --- -------- Appointments ------------ --- 


	 --- 10/11/2028 --- 
 --- -------- Appointments ------------ --- 


	 --- 10/12/2028 --- 
 --- -------- Appointments ------------ --- 


	 --- 10/13/2028 --- 
 --- -------- Appointments ------------ --- 


	 --- 10/14/2028 --- 
 --- -------- Appointments ------------ --- 


	 --- 10/15/2028 --- 
 --- -------- Appointments ------------ --- 


	 --- 10/16/2028 --- 
 --- -------- Appointments ------------ --- 


	 --- 10/17/2028 --- 
 --- -------- Appointments ------------ --- 


	 --- 10/18/2028 --- 
 --- -------- Appointments ------------ --- 


	 --- 10/19/2028 --- 
 --- -------- Appointments ------------ --- 


	 --- 10/20/2028 --- 
 --- -------- Appointments ------------ --- 


	 --- 10/21/2028 --- 
 --- -------- Appointments ------------ --- 


	 --- 10/22/2028 --- 
 --- -------- Appointments ------------ --- 


	 --- 10/23/2028 --- 
 --- -------- Appointments ------------ --- 


	 --- 10/24/2028 --- 
 --- -------- Appointments ------------ --- 


	 --- 10/25/2028 --- 
 --- -------- Appointments ------------ --- 


	 --- 10/26/2028 --- 
 --- -------- Appointments ------------ --- 


	 --- 10/27/2028 --- 
 --- -------- Appointments ------------ --- 


	 --- 10/28/2028 --- 
 --- -------- Appointments ------------ --- 


	 --- 10/29/2028 --- 
 --- -------- Appointments ------------ --- 


	 --- 10/30/2028 --- 
 --- -------- Appointments ------------ --- 


	 --- 11/1/2028 --- 
 --- -------- Appointments ------------ --- 
	3/31/2017 at 3:30pm ,Birthday Party, This is my birthday party.
 

	 --- 11/2/2028 --- 
 --- -------- Appointments ------------ --- 


	 --- 11/3/2028 --- 
 --- -------- Appointments ------------ --- 


	 --- 11/4/2028 --- 
 --- -------- Appointments ------------ --- 


	 --- 11/5/2028 --- 
 --- -------- Appointments ------------ --- 


	 --- 11/6/2028 --- 
 --- -------- Appointments ------------ --- 


	 --- 11/7/2028 --- 
 --- -------- Appointments ------------ --- 


	 --- 11/8/2028 --- 
 --- -------- Appointments ------------ --- 


	 --- 11/9/2028 --- 
 --- -------- Appointments ------------ --- 


	 --- 11/10/2028 --- 
 --- -------- Appointments ------------ --- 


	 --- 11/11/2028 --- 
 --- -------- Appointments ------------ --- 


	 --- 11/12/2028 --- 
 --- -------- Appointments ------------ --- 


	 --- 11/13/2028 --- 
 --- -------- Appointments ------------ --- 


	 --- 11/14/2028 --- 
 --- -------- Appointments ------------ --- 


	 --- 11/15/2028 --- 
 --- -------- Appointments ------------ --- 


	 --- 11/16/2028 --- 
 --- -------- Appointments ------------ --- 


	 --- 11/17/2028 --- 
 --- -------- Appointments ------------ --- 


	 --- 11/18/2028 --- 
 --- -------- Appointments ------------ --- 


	 --- 11/19/2028 --- 
 --- -------- Appointments ------------ --- 


	 --- 11/20/2028 --- 
 --- -------- Appointments ------------ --- 


	 --- 11/21/2028 --- 
 --- -------- Appointments ------------ --- 


	 --- 11/22/2028 --- 
 --- -------- Appointments ------------ --- 


	 --- 11/23/2028 --- 
 --- -------- Appointments ------------ --- 


	 --- 11/24/2028 --- 
 --- -------- Appointments ------------ --- 


	 --- 11/25/2028 --- 
 --- -------- Appointments ------------ --- 


	 --- 11/26/2028 --- 
 --- -------- Appointments ------------ --- 


	 --- 11/27/2028 --- 
 --- -------- Appointments ------------ --- 


	 --- 11/28/2028 --- 
 --- -------- Appointments ------------ --- 


	 --- 11/29/2028 --- 
 --- -------- Appointments ------------ --- 


	 --- 11/30/2028 --- 
 --- -------- Appointments ------------ --- 


	 --- 11/31/2028 --- 
 --- -------- Appointments ------------ --- 


	 --- 0/1/2029 --- 
 --- -------- Appointments ------------ --- 
	3/31/2017 at 3:30pm ,Birthday Party, This is my birthday party.
 

	 --- 0/2/2029 --- 
 --- -------- Appointments ------------ --- 


	 --- 0/3/2029 --- 
 --- -------- Appointments ------------ --- 


	 --- 0/4/2029 --- 
 --- -------- Appointments ------------ --- 


	 --- 0/5/2029 --- 
 --- -------- Appointments ------------ --- 


	 --- 0/6/2029 --- 
 --- -------- Appointments ------------ --- 


	 --- 0/7/2029 --- 
 --- -------- Appointments ------------ --- 


	 --- 0/8/2029 --- 
 --- -------- Appointments ------------ --- 


	 --- 0/9/2029 --- 
 --- -------- Appointments ------------ --- 


	 --- 0/10/2029 --- 
 --- -------- Appointments ------------ --- 


	 --- 0/11/2029 --- 
 --- -------- Appointments ------------ --- 


	 --- 0/12/2029 --- 
 --- -------- Appointments ------------ --- 


	 --- 0/13/2029 --- 
 --- -------- Appointments ------------ --- 


	 --- 0/14/2029 --- 
 --- -------- Appointments ------------ --- 


	 --- 0/15/2029 --- 
 --- -------- Appointments ------------ --- 


	 --- 0/16/2029 --- 
 --- -------- Appointments ------------ --- 


	 --- 0/17/2029 --- 
 --- -------- Appointments ------------ --- 


	 --- 0/18/2029 --- 
 --- -------- Appointments ------------ --- 


	 --- 0/19/2029 --- 
 --- -------- Appointments ------------ --- 


	 --- 0/20/2029 --- 
 --- -------- Appointments ------------ --- 


	 --- 0/21/2029 --- 
 --- -------- Appointments ------------ --- 


	 --- 0/22/2029 --- 
 --- -------- Appointments ------------ --- 


	 --- 0/23/2029 --- 
 --- -------- Appointments ------------ --- 


	 --- 0/24/2029 --- 
 --- -------- Appointments ------------ --- 


	 --- 0/25/2029 --- 
 --- -------- Appointments ------------ --- 


	 --- 0/26/2029 --- 
 --- -------- Appointments ------------ --- 


	 --- 0/27/2029 --- 
 --- -------- Appointments ------------ --- 


	 --- 0/28/2029 --- 
 --- -------- Appointments ------------ --- 


	 --- 0/29/2029 --- 
 --- -------- Appointments ------------ --- 


	 --- 0/30/2029 --- 
 --- -------- Appointments ------------ --- 


	 --- 0/31/2029 --- 
 --- -------- Appointments ------------ --- 


	 --- 1/1/2029 --- 
 --- -------- Appointments ------------ --- 
	3/31/2017 at 3:30pm ,Birthday Party, This is my birthday party.
 

	 --- 1/2/2029 --- 
 --- -------- Appointments ------------ --- 


	 --- 1/3/2029 --- 
 --- -------- Appointments ------------ --- 


	 --- 1/4/2029 --- 
 --- -------- Appointments ------------ --- 


	 --- 1/5/2029 --- 
 --- -------- Appointments ------------ --- 


	 --- 1/6/2029 --- 
 --- -------- Appointments ------------ --- 


	 --- 1/7/2029 --- 
 --- -------- Appointments ------------ --- 


	 --- 1/8/2029 --- 
 --- -------- Appointments ------------ --- 


	 --- 1/9/2029 --- 
 --- -------- Appointments ------------ --- 


	 --- 1/10/2029 --- 
 --- -------- Appointments ------------ --- 


	 --- 1/11/2029 --- 
 --- -------- Appointments ------------ --- 


	 --- 1/12/2029 --- 
 --- -------- Appointments ------------ --- 


	 --- 1/13/2029 --- 
 --- -------- Appointments ------------ --- 


	 --- 1/14/2029 --- 
 --- -------- Appointments ------------ --- 


	 --- 1/15/2029 --- 
 --- -------- Appointments ------------ --- 


	 --- 1/16/2029 --- 
 --- -------- Appointments ------------ --- 


	 --- 1/17/2029 --- 
 --- -------- Appointments ------------ --- 


	 --- 1/18/2029 --- 
 --- -------- Appointments ------------ --- 


	 --- 1/19/2029 --- 
 --- -------- Appointments ------------ --- 


	 --- 1/20/2029 --- 
 --- -------- Appointments ------------ --- 


	 --- 1/21/2029 --- 
 --- -------- Appointments ------------ --- 


	 --- 1/22/2029 --- 
 --- -------- Appointments ------------ --- 


	 --- 1/23/2029 --- 
 --- -------- Appointments ------------ --- 


	 --- 1/24/2029 --- 
 --- -------- Appointments ------------ --- 


	 --- 1/25/2029 --- 
 --- -------- Appointments ------------ --- 


	 --- 1/26/2029 --- 
 --- -------- Appointments ------------ --- 


	 --- 1/27/2029 --- 
 --- -------- Appointments ------------ --- 


	 --- 1/28/2029 --- 
 --- -------- Appointments ------------ --- 


	 --- 2/1/2029 --- 
 --- -------- Appointments ------------ --- 
	3/31/2017 at 3:30pm ,Birthday Party, This is my birthday party.
 

	 --- 2/2/2029 --- 
 --- -------- Appointments ------------ --- 


	 --- 2/3/2029 --- 
 --- -------- Appointments ------------ --- 


	 --- 2/4/2029 --- 
 --- -------- Appointments ------------ --- 


	 --- 2/5/2029 --- 
 --- -------- Appointments ------------ --- 


	 --- 2/6/2029 --- 
 --- -------- Appointments ------------ --- 


	 --- 2/7/2029 --- 
 --- -------- Appointments ------------ --- 


	 --- 2/8/2029 --- 
 --- -------- Appointments ------------ --- 


	 --- 2/9/2029 --- 
 --- -------- Appointments ------------ --- 


	 --- 2/10/2029 --- 
 --- -------- Appointments ------------ --- 


	 --- 2/11/2029 --- 
 --- -------- Appointments ------------ --- 


	 --- 2/12/2029 --- 
 --- -------- Appointments ------------ --- 


	 --- 2/13/2029 --- 
 --- -------- Appointments ------------ --- 


	 --- 2/14/2029 --- 
 --- -------- Appointments ------------ --- 


	 --- 2/15/2029 --- 
 --- -------- Appointments ------------ --- 


	 --- 2/16/2029 --- 
 --- -------- Appointments ------------ --- 


	 --- 2/17/2029 --- 
 --- -------- Appointments ------------ --- 


	 --- 2/18/2029 --- 
 --- -------- Appointments ------------ --- 


	 --- 2/19/2029 --- 
 --- -------- Appointments ------------ --- 


	 --- 2/20/2029 --- 
 --- -------- Appointments ------------ --- 


	 --- 2/21/2029 --- 
 --- -------- Appointments ------------ --- 


	 --- 2/22/2029 --- 
 --- -------- Appointments ------------ --- 


	 --- 2/23/2029 --- 
 --- -------- Appointments ------------ --- 


	 --- 2/24/2029 --- 
 --- -------- Appointments ------------ --- 


	 --- 2/25/2029 --- 
 --- -------- Appointments ------------ --- 


	 --- 2/26/2029 --- 
 --- -------- Appointments ------------ --- 
	2/26/2018 at 11:30pm ,Birthday Party, This is my birthday party.
 

	 --- 2/27/2029 --- 
 --- -------- Appointments ------------ --- 


	 --- 2/28/2029 --- 
 --- -------- Appointments ------------ --- 


	 --- 2/29/2029 --- 
 --- -------- Appointments ------------ --- 


	 --- 2/30/2029 --- 
 --- -------- Appointments ------------ --- 


	 --- 2/31/2029 --- 
 --- -------- Appointments ------------ --- 


	 --- 3/1/2029 --- 
 --- -------- Appointments ------------ --- 
	3/31/2017 at 3:30pm ,Birthday Party, This is my birthday party.
 

	 --- 3/2/2029 --- 
 --- -------- Appointments ------------ --- 


	 --- 3/3/2029 --- 
 --- -------- Appointments ------------ --- 


	 --- 3/4/2029 --- 
 --- -------- Appointments ------------ --- 


	 --- 3/5/2029 --- 
 --- -------- Appointments ------------ --- 


	 --- 3/6/2029 --- 
 --- -------- Appointments ------------ --- 


	 --- 3/7/2029 --- 
 --- -------- Appointments ------------ --- 


	 --- 3/8/2029 --- 
 --- -------- Appointments ------------ --- 


	 --- 3/9/2029 --- 
 --- -------- Appointments ------------ --- 


	 --- 3/10/2029 --- 
 --- -------- Appointments ------------ --- 


	 --- 3/11/2029 --- 
 --- -------- Appointments ------------ --- 


	 --- 3/12/2029 --- 
 --- -------- Appointments ------------ --- 


	 --- 3/13/2029 --- 
 --- -------- Appointments ------------ --- 


	 --- 3/14/2029 --- 
 --- -------- Appointments ------------ --- 


	 --- 3/15/2029 --- 
 --- -------- Appointments ------------ --- 


	 --- 3/16/2029 --- 
 --- -------- Appointments ------------ --- 


	 --- 3/17/2029 --- 
 --- -------- Appointments ------------ --- 


	 --- 3/18/2029 --- 
 --- -------- Appointments ------------ --- 


	 --- 3/19/2029 --- 
 --- -------- Appointments ------------ --- 


	 --- 3/20/2029 --- 
 --- -------- Appointments ------------ --- 


	 --- 3/21/2029 --- 
 --- -------- Appointments ------------ --- 


	 --- 3/22/2029 --- 
 --- -------- Appointments ------------ --- 


	 --- 3/23/2029 --- 
 --- -------- Appointments ------------ --- 


	 --- 3/24/2029 --- 
 --- -------- Appointments ------------ --- 


	 --- 3/25/2029 --- 
 --- -------- Appointments ------------ --- 


	 --- 3/26/2029 --- 
 --- -------- Appointments ------------ --- 


	 --- 3/27/2029 --- 
 --- -------- Appointments ------------ --- 


	 --- 3/28/2029 --- 
 --- -------- Appointments ------------ --- 


	 --- 3/29/2029 --- 
 --- -------- Appointments ------------ --- 


	 --- 3/30/2029 --- 
 --- -------- Appointments ------------ --- 


	 --- 4/1/2029 --- 
 --- -------- Appointments ------------ --- 
	3/31/2017 at 3:30pm ,Birthday Party, This is my birthday party.
 

	 --- 4/2/2029 --- 
 --- -------- Appointments ------------ --- 


	 --- 4/3/2029 --- 
 --- -------- Appointments ------------ --- 


	 --- 4/4/2029 --- 
 --- -------- Appointments ------------ --- 


	 --- 4/5/2029 --- 
 --- -------- Appointments ------------ --- 


	 --- 4/6/2029 --- 
 --- -------- Appointments ------------ --- 


	 --- 4/7/2029 --- 
 --- -------- Appointments ------------ --- 


	 --- 4/8/2029 --- 
 --- -------- Appointments ------------ --- 


	 --- 4/9/2029 --- 
 --- -------- Appointments ------------ --- 


	 --- 4/10/2029 --- 
 --- -------- Appointments ------------ --- 


	 --- 4/11/2029 --- 
 --- -------- Appointments ------------ --- 


	 --- 4/12/2029 --- 
 --- -------- Appointments ------------ --- 


	 --- 4/13/2029 --- 
 --- -------- Appointments ------------ --- 


	 --- 4/14/2029 --- 
 --- -------- Appointments ------------ --- 


	 --- 4/15/2029 --- 
 --- -------- Appointments ------------ --- 


	 --- 4/16/2029 --- 
 --- -------- Appointments ------------ --- 


	 --- 4/17/2029 --- 
 --- -------- Appointments ------------ --- 


	 --- 4/18/2029 --- 
 --- -------- Appointments ------------ --- 


	 --- 4/19/2029 --- 
 --- -------- Appointments ------------ --- 


	 --- 4/20/2029 --- 
 --- -------- Appointments ------------ --- 


	 --- 4/21/2029 --- 
 --- -------- Appointments ------------ --- 


	 --- 4/22/2029 --- 
 --- -------- Appointments ------------ --- 


	 --- 4/23/2029 --- 
 --- -------- Appointments ------------ --- 


	 --- 4/24/2029 --- 
 --- -------- Appointments ------------ --- 


	 --- 4/25/2029 --- 
 --- -------- Appointments ------------ --- 


	 --- 4/26/2029 --- 
 --- -------- Appointments ------------ --- 


	 --- 4/27/2029 --- 
 --- -------- Appointments ------------ --- 


	 --- 4/28/2029 --- 
 --- -------- Appointments ------------ --- 


	 --- 4/29/2029 --- 
 --- -------- Appointments ------------ --- 


	 --- 4/30/2029 --- 
 --- -------- Appointments ------------ --- 


	 --- 4/31/2029 --- 
 --- -------- Appointments ------------ --- 


	 --- 5/1/2029 --- 
 --- -------- Appointments ------------ --- 
	3/31/2017 at 3:30pm ,Birthday Party, This is my birthday party.
 

	 --- 5/2/2029 --- 
 --- -------- Appointments ------------ --- 


	 --- 5/3/2029 --- 
 --- -------- Appointments ------------ --- 


	 --- 5/4/2029 --- 
 --- -------- Appointments ------------ --- 


	 --- 5/5/2029 --- 
 --- -------- Appointments ------------ --- 


	 --- 5/6/2029 --- 
 --- -------- Appointments ------------ --- 


	 --- 5/7/2029 --- 
 --- -------- Appointments ------------ --- 


	 --- 5/8/2029 --- 
 --- -------- Appointments ------------ --- 


	 --- 5/9/2029 --- 
 --- -------- Appointments ------------ --- 


	 --- 5/10/2029 --- 
 --- -------- Appointments ------------ --- 


	 --- 5/11/2029 --- 
 --- -------- Appointments ------------ --- 


	 --- 5/12/2029 --- 
 --- -------- Appointments ------------ --- 


	 --- 5/13/2029 --- 
 --- -------- Appointments ------------ --- 


	 --- 5/14/2029 --- 
 --- -------- Appointments ------------ --- 


	 --- 5/15/2029 --- 
 --- -------- Appointments ------------ --- 


	 --- 5/16/2029 --- 
 --- -------- Appointments ------------ --- 


	 --- 5/17/2029 --- 
 --- -------- Appointments ------------ --- 


	 --- 5/18/2029 --- 
 --- -------- Appointments ------------ --- 


	 --- 5/19/2029 --- 
 --- -------- Appointments ------------ --- 


	 --- 5/20/2029 --- 
 --- -------- Appointments ------------ --- 


	 --- 5/21/2029 --- 
 --- -------- Appointments ------------ --- 


	 --- 5/22/2029 --- 
 --- -------- Appointments ------------ --- 


	 --- 5/23/2029 --- 
 --- -------- Appointments ------------ --- 


	 --- 5/24/2029 --- 
 --- -------- Appointments ------------ --- 


	 --- 5/25/2029 --- 
 --- -------- Appointments ------------ --- 


	 --- 5/26/2029 --- 
 --- -------- Appointments ------------ --- 


	 --- 5/27/2029 --- 
 --- -------- Appointments ------------ --- 


	 --- 5/28/2029 --- 
 --- -------- Appointments ------------ --- 


	 --- 5/29/2029 --- 
 --- -------- Appointments ------------ --- 


	 --- 5/30/2029 --- 
 --- -------- Appointments ------------ --- 


	 --- 6/1/2029 --- 
 --- -------- Appointments ------------ --- 
	3/31/2017 at 3:30pm ,Birthday Party, This is my birthday party.
 

	 --- 6/2/2029 --- 
 --- -------- Appointments ------------ --- 


	 --- 6/3/2029 --- 
 --- -------- Appointments ------------ --- 


	 --- 6/4/2029 --- 
 --- -------- Appointments ------------ --- 


	 --- 6/5/2029 --- 
 --- -------- Appointments ------------ --- 


	 --- 6/6/2029 --- 
 --- -------- Appointments ------------ --- 


	 --- 6/7/2029 --- 
 --- -------- Appointments ------------ --- 


	 --- 6/8/2029 --- 
 --- -------- Appointments ------------ --- 


	 --- 6/9/2029 --- 
 --- -------- Appointments ------------ --- 


	 --- 6/10/2029 --- 
 --- -------- Appointments ------------ --- 


	 --- 6/11/2029 --- 
 --- -------- Appointments ------------ --- 


	 --- 6/12/2029 --- 
 --- -------- Appointments ------------ --- 


	 --- 6/13/2029 --- 
 --- -------- Appointments ------------ --- 


	 --- 6/14/2029 --- 
 --- -------- Appointments ------------ --- 


	 --- 6/15/2029 --- 
 --- -------- Appointments ------------ --- 


	 --- 6/16/2029 --- 
 --- -------- Appointments ------------ --- 


	 --- 6/17/2029 --- 
 --- -------- Appointments ------------ --- 


	 --- 6/18/2029 --- 
 --- -------- Appointments ------------ --- 


	 --- 6/19/2029 --- 
 --- -------- Appointments ------------ --- 


	 --- 6/20/2029 --- 
 --- -------- Appointments ------------ --- 


	 --- 6/21/2029 --- 
 --- -------- Appointments ------------ --- 


	 --- 6/22/2029 --- 
 --- -------- Appointments ------------ --- 


	 --- 6/23/2029 --- 
 --- -------- Appointments ------------ --- 


	 --- 6/24/2029 --- 
 --- -------- Appointments ------------ --- 


	 --- 6/25/2029 --- 
 --- -------- Appointments ------------ --- 


	 --- 6/26/2029 --- 
 --- -------- Appointments ------------ --- 


	 --- 6/27/2029 --- 
 --- -------- Appointments ------------ --- 


	 --- 6/28/2029 --- 
 --- -------- Appointments ------------ --- 


	 --- 6/29/2029 --- 
 --- -------- Appointments ------------ --- 


	 --- 6/30/2029 --- 
 --- -------- Appointments ------------ --- 


	 --- 6/31/2029 --- 
 --- -------- Appointments ------------ --- 


	 --- 7/1/2029 --- 
 --- -------- Appointments ------------ --- 
	3/31/2017 at 3:30pm ,Birthday Party, This is my birthday party.
 

	 --- 7/2/2029 --- 
 --- -------- Appointments ------------ --- 


	 --- 7/3/2029 --- 
 --- -------- Appointments ------------ --- 


	 --- 7/4/2029 --- 
 --- -------- Appointments ------------ --- 


	 --- 7/5/2029 --- 
 --- -------- Appointments ------------ --- 


	 --- 7/6/2029 --- 
 --- -------- Appointments ------------ --- 


	 --- 7/7/2029 --- 
 --- -------- Appointments ------------ --- 


	 --- 7/8/2029 --- 
 --- -------- Appointments ------------ --- 


	 --- 7/9/2029 --- 
 --- -------- Appointments ------------ --- 


	 --- 7/10/2029 --- 
 --- -------- Appointments ------------ --- 


	 --- 7/11/2029 --- 
 --- -------- Appointments ------------ --- 


	 --- 7/12/2029 --- 
 --- -------- Appointments ------------ --- 


	 --- 7/13/2029 --- 
 --- -------- Appointments ------------ --- 


	 --- 7/14/2029 --- 
 --- -------- Appointments ------------ --- 


	 --- 7/15/2029 --- 
 --- -------- Appointments ------------ --- 


	 --- 7/16/2029 --- 
 --- -------- Appointments ------------ --- 


	 --- 7/17/2029 --- 
 --- -------- Appointments ------------ --- 


	 --- 7/18/2029 --- 
 --- -------- Appointments ------------ --- 


	 --- 7/19/2029 --- 
 --- -------- Appointments ------------ --- 


	 --- 7/20/2029 --- 
 --- -------- Appointments ------------ --- 


	 --- 7/21/2029 --- 
 --- -------- Appointments ------------ --- 


	 --- 7/22/2029 --- 
 --- -------- Appointments ------------ --- 


	 --- 7/23/2029 --- 
 --- -------- Appointments ------------ --- 


	 --- 7/24/2029 --- 
 --- -------- Appointments ------------ --- 


	 --- 7/25/2029 --- 
 --- -------- Appointments ------------ --- 


	 --- 7/26/2029 --- 
 --- -------- Appointments ------------ --- 


	 --- 7/27/2029 --- 
 --- -------- Appointments ------------ --- 


	 --- 7/28/2029 --- 
 --- -------- Appointments ------------ --- 


	 --- 7/29/2029 --- 
 --- -------- Appointments ------------ --- 


	 --- 7/30/2029 --- 
 --- -------- Appointments ------------ --- 


	 --- 7/31/2029 --- 
 --- -------- Appointments ------------ --- 


	 --- 8/1/2029 --- 
 --- -------- Appointments ------------ --- 
	3/31/2017 at 3:30pm ,Birthday Party, This is my birthday party.
 

	 --- 8/2/2029 --- 
 --- -------- Appointments ------------ --- 


	 --- 8/3/2029 --- 
 --- -------- Appointments ------------ --- 


	 --- 8/4/2029 --- 
 --- -------- Appointments ------------ --- 


	 --- 8/5/2029 --- 
 --- -------- Appointments ------------ --- 


	 --- 8/6/2029 --- 
 --- -------- Appointments ------------ --- 


	 --- 8/7/2029 --- 
 --- -------- Appointments ------------ --- 


	 --- 8/8/2029 --- 
 --- -------- Appointments ------------ --- 


	 --- 8/9/2029 --- 
 --- -------- Appointments ------------ --- 


	 --- 8/10/2029 --- 
 --- -------- Appointments ------------ --- 


	 --- 8/11/2029 --- 
 --- -------- Appointments ------------ --- 


	 --- 8/12/2029 --- 
 --- -------- Appointments ------------ --- 


	 --- 8/13/2029 --- 
 --- -------- Appointments ------------ --- 


	 --- 8/14/2029 --- 
 --- -------- Appointments ------------ --- 


	 --- 8/15/2029 --- 
 --- -------- Appointments ------------ --- 


	 --- 8/16/2029 --- 
 --- -------- Appointments ------------ --- 


	 --- 8/17/2029 --- 
 --- -------- Appointments ------------ --- 


	 --- 8/18/2029 --- 
 --- -------- Appointments ------------ --- 


	 --- 8/19/2029 --- 
 --- -------- Appointments ------------ --- 


	 --- 8/20/2029 --- 
 --- -------- Appointments ------------ --- 


	 --- 8/21/2029 --- 
 --- -------- Appointments ------------ --- 


	 --- 8/22/2029 --- 
 --- -------- Appointments ------------ --- 


	 --- 8/23/2029 --- 
 --- -------- Appointments ------------ --- 


	 --- 8/24/2029 --- 
 --- -------- Appointments ------------ --- 


	 --- 8/25/2029 --- 
 --- -------- Appointments ------------ --- 


	 --- 8/26/2029 --- 
 --- -------- Appointments ------------ --- 


	 --- 8/27/2029 --- 
 --- -------- Appointments ------------ --- 


	 --- 8/28/2029 --- 
 --- -------- Appointments ------------ --- 


	 --- 8/29/2029 --- 
 --- -------- Appointments ------------ --- 


	 --- 8/30/2029 --- 
 --- -------- Appointments ------------ --- 


	 --- 9/1/2029 --- 
 --- -------- Appointments ------------ --- 
	3/31/2017 at 3:30pm ,Birthday Party, This is my birthday party.
 

	 --- 9/2/2029 --- 
 --- -------- Appointments ------------ --- 


	 --- 9/3/2029 --- 
 --- -------- Appointments ------------ --- 


	 --- 9/4/2029 --- 
 --- -------- Appointments ------------ --- 


	 --- 9/5/2029 --- 
 --- -------- Appointments ------------ --- 


	 --- 9/6/2029 --- 
 --- -------- Appointments ------------ --- 


	 --- 9/7/2029 --- 
 --- -------- Appointments ------------ --- 


	 --- 9/8/2029 --- 
 --- -------- Appointments ------------ --- 


	 --- 9/9/2029 --- 
 --- -------- Appointments ------------ --- 


	 --- 9/10/2029 --- 
 --- -------- Appointments ------------ --- 


	 --- 9/11/2029 --- 
 --- -------- Appointments ------------ --- 


	 --- 9/12/2029 --- 
 --- -------- Appointments ------------ --- 


	 --- 9/13/2029 --- 
 --- -------- Appointments ------------ --- 


	 --- 9/14/2029 --- 
 --- -------- Appointments ------------ --- 


	 --- 9/15/2029 --- 
 --- -------- Appointments ------------ --- 


	 --- 9/16/2029 --- 
 --- -------- Appointments ------------ --- 


	 --- 9/17/2029 --- 
 --- -------- Appointments ------------ --- 


	 --- 9/18/2029 --- 
 --- -------- Appointments ------------ --- 


	 --- 9/19/2029 --- 
 --- -------- Appointments ------------ --- 


	 --- 9/20/2029 --- 
 --- -------- Appointments ------------ --- 


	 --- 9/21/2029 --- 
 --- -------- Appointments ------------ --- 


	 --- 9/22/2029 --- 
 --- -------- Appointments ------------ --- 


	 --- 9/23/2029 --- 
 --- -------- Appointments ------------ --- 


	 --- 9/24/2029 --- 
 --- -------- Appointments ------------ --- 


	 --- 9/25/2029 --- 
 --- -------- Appointments ------------ --- 


	 --- 9/26/2029 --- 
 --- -------- Appointments ------------ --- 


	 --- 9/27/2029 --- 
 --- -------- Appointments ------------ --- 


	 --- 9/28/2029 --- 
 --- -------- Appointments ------------ --- 


	 --- 9/29/2029 --- 
 --- -------- Appointments ------------ --- 


	 --- 9/30/2029 --- 
 --- -------- Appointments ------------ --- 


	 --- 9/31/2029 --- 
 --- -------- Appointments ------------ --- 


	 --- 10/1/2029 --- 
 --- -------- Appointments ------------ --- 
	3/31/2017 at 3:30pm ,Birthday Party, This is my birthday party.
 

	 --- 10/2/2029 --- 
 --- -------- Appointments ------------ --- 


	 --- 10/3/2029 --- 
 --- -------- Appointments ------------ --- 


	 --- 10/4/2029 --- 
 --- -------- Appointments ------------ --- 


	 --- 10/5/2029 --- 
 --- -------- Appointments ------------ --- 


	 --- 10/6/2029 --- 
 --- -------- Appointments ------------ --- 


	 --- 10/7/2029 --- 
 --- -------- Appointments ------------ --- 


	 --- 10/8/2029 --- 
 --- -------- Appointments ------------ --- 


	 --- 10/9/2029 --- 
 --- -------- Appointments ------------ --- 


	 --- 10/10/2029 --- 
 --- -------- Appointments ------------ --- 


	 --- 10/11/2029 --- 
 --- -------- Appointments ------------ --- 


	 --- 10/12/2029 --- 
 --- -------- Appointments ------------ --- 


	 --- 10/13/2029 --- 
 --- -------- Appointments ------------ --- 


	 --- 10/14/2029 --- 
 --- -------- Appointments ------------ --- 


	 --- 10/15/2029 --- 
 --- -------- Appointments ------------ --- 


	 --- 10/16/2029 --- 
 --- -------- Appointments ------------ --- 


	 --- 10/17/2029 --- 
 --- -------- Appointments ------------ --- 


	 --- 10/18/2029 --- 
 --- -------- Appointments ------------ --- 


	 --- 10/19/2029 --- 
 --- -------- Appointments ------------ --- 


	 --- 10/20/2029 --- 
 --- -------- Appointments ------------ --- 


	 --- 10/21/2029 --- 
 --- -------- Appointments ------------ --- 


	 --- 10/22/2029 --- 
 --- -------- Appointments ------------ --- 


	 --- 10/23/2029 --- 
 --- -------- Appointments ------------ --- 


	 --- 10/24/2029 --- 
 --- -------- Appointments ------------ --- 


	 --- 10/25/2029 --- 
 --- -------- Appointments ------------ --- 


	 --- 10/26/2029 --- 
 --- -------- Appointments ------------ --- 


	 --- 10/27/2029 --- 
 --- -------- Appointments ------------ --- 


	 --- 10/28/2029 --- 
 --- -------- Appointments ------------ --- 


	 --- 10/29/2029 --- 
 --- -------- Appointments ------------ --- 


	 --- 10/30/2029 --- 
 --- -------- Appointments ------------ --- 


	 --- 11/1/2029 --- 
 --- -------- Appointments ------------ --- 
	3/31/2017 at 3:30pm ,Birthday Party, This is my birthday party.
 

	 --- 11/2/2029 --- 
 --- -------- Appointments ------------ --- 


	 --- 11/3/2029 --- 
 --- -------- Appointments ------------ --- 


	 --- 11/4/2029 --- 
 --- -------- Appointments ------------ --- 


	 --- 11/5/2029 --- 
 --- -------- Appointments ------------ --- 


	 --- 11/6/2029 --- 
 --- -------- Appointments ------------ --- 


	 --- 11/7/2029 --- 
 --- -------- Appointments ------------ --- 


	 --- 11/8/2029 --- 
 --- -------- Appointments ------------ --- 


	 --- 11/9/2029 --- 
 --- -------- Appointments ------------ --- 


	 --- 11/10/2029 --- 
 --- -------- Appointments ------------ --- 


	 --- 11/11/2029 --- 
 --- -------- Appointments ------------ --- 


	 --- 11/12/2029 --- 
 --- -------- Appointments ------------ --- 


	 --- 11/13/2029 --- 
 --- -------- Appointments ------------ --- 


	 --- 11/14/2029 --- 
 --- -------- Appointments ------------ --- 


	 --- 11/15/2029 --- 
 --- -------- Appointments ------------ --- 


	 --- 11/16/2029 --- 
 --- -------- Appointments ------------ --- 


	 --- 11/17/2029 --- 
 --- -------- Appointments ------------ --- 


	 --- 11/18/2029 --- 
 --- -------- Appointments ------------ --- 


	 --- 11/19/2029 --- 
 --- -------- Appointments ------------ --- 


	 --- 11/20/2029 --- 
 --- -------- Appointments ------------ --- 


	 --- 11/21/2029 --- 
 --- -------- Appointments ------------ --- 


	 --- 11/22/2029 --- 
 --- -------- Appointments ------------ --- 


	 --- 11/23/2029 --- 
 --- -------- Appointments ------------ --- 


	 --- 11/24/2029 --- 
 --- -------- Appointments ------------ --- 


	 --- 11/25/2029 --- 
 --- -------- Appointments ------------ --- 


	 --- 11/26/2029 --- 
 --- -------- Appointments ------------ --- 


	 --- 11/27/2029 --- 
 --- -------- Appointments ------------ --- 


	 --- 11/28/2029 --- 
 --- -------- Appointments ------------ --- 


	 --- 11/29/2029 --- 
 --- -------- Appointments ------------ --- 


	 --- 11/30/2029 --- 
 --- -------- Appointments ------------ --- 


	 --- 11/31/2029 --- 
 --- -------- Appointments ------------ --- 


	 --- 0/1/2030 --- 
 --- -------- Appointments ------------ --- 
	3/31/2017 at 3:30pm ,Birthday Party, This is my birthday party.
 

	 --- 0/2/2030 --- 
 --- -------- Appointments ------------ --- 


	 --- 0/3/2030 --- 
 --- -------- Appointments ------------ --- 


	 --- 0/4/2030 --- 
 --- -------- Appointments ------------ --- 


	 --- 0/5/2030 --- 
 --- -------- Appointments ------------ --- 


	 --- 0/6/2030 --- 
 --- -------- Appointments ------------ --- 


	 --- 0/7/2030 --- 
 --- -------- Appointments ------------ --- 


	 --- 0/8/2030 --- 
 --- -------- Appointments ------------ --- 


	 --- 0/9/2030 --- 
 --- -------- Appointments ------------ --- 


	 --- 0/10/2030 --- 
 --- -------- Appointments ------------ --- 


	 --- 0/11/2030 --- 
 --- -------- Appointments ------------ --- 


	 --- 0/12/2030 --- 
 --- -------- Appointments ------------ --- 


	 --- 0/13/2030 --- 
 --- -------- Appointments ------------ --- 


	 --- 0/14/2030 --- 
 --- -------- Appointments ------------ --- 


	 --- 0/15/2030 --- 
 --- -------- Appointments ------------ --- 


	 --- 0/16/2030 --- 
 --- -------- Appointments ------------ --- 


	 --- 0/17/2030 --- 
 --- -------- Appointments ------------ --- 


	 --- 0/18/2030 --- 
 --- -------- Appointments ------------ --- 


	 --- 0/19/2030 --- 
 --- -------- Appointments ------------ --- 


	 --- 0/20/2030 --- 
 --- -------- Appointments ------------ --- 


	 --- 0/21/2030 --- 
 --- -------- Appointments ------------ --- 


	 --- 0/22/2030 --- 
 --- -------- Appointments ------------ --- 


	 --- 0/23/2030 --- 
 --- -------- Appointments ------------ --- 


	 --- 0/24/2030 --- 
 --- -------- Appointments ------------ --- 


	 --- 0/25/2030 --- 
 --- -------- Appointments ------------ --- 


	 --- 0/26/2030 --- 
 --- -------- Appointments ------------ --- 


	 --- 0/27/2030 --- 
 --- -------- Appointments ------------ --- 


	 --- 0/28/2030 --- 
 --- -------- Appointments ------------ --- 


	 --- 0/29/2030 --- 
 --- -------- Appointments ------------ --- 


	 --- 0/30/2030 --- 
 --- -------- Appointments ------------ --- 


	 --- 0/31/2030 --- 
 --- -------- Appointments ------------ --- 


	 --- 1/1/2030 --- 
 --- -------- Appointments ------------ --- 
	3/31/2017 at 3:30pm ,Birthday Party, This is my birthday party.
 

	 --- 1/2/2030 --- 
 --- -------- Appointments ------------ --- 


	 --- 1/3/2030 --- 
 --- -------- Appointments ------------ --- 


	 --- 1/4/2030 --- 
 --- -------- Appointments ------------ --- 


	 --- 1/5/2030 --- 
 --- -------- Appointments ------------ --- 


	 --- 1/6/2030 --- 
 --- -------- Appointments ------------ --- 


	 --- 1/7/2030 --- 
 --- -------- Appointments ------------ --- 


	 --- 1/8/2030 --- 
 --- -------- Appointments ------------ --- 


	 --- 1/9/2030 --- 
 --- -------- Appointments ------------ --- 


	 --- 1/10/2030 --- 
 --- -------- Appointments ------------ --- 


	 --- 1/11/2030 --- 
 --- -------- Appointments ------------ --- 


	 --- 1/12/2030 --- 
 --- -------- Appointments ------------ --- 


	 --- 1/13/2030 --- 
 --- -------- Appointments ------------ --- 


	 --- 1/14/2030 --- 
 --- -------- Appointments ------------ --- 


	 --- 1/15/2030 --- 
 --- -------- Appointments ------------ --- 


	 --- 1/16/2030 --- 
 --- -------- Appointments ------------ --- 


	 --- 1/17/2030 --- 
 --- -------- Appointments ------------ --- 


	 --- 1/18/2030 --- 
 --- -------- Appointments ------------ --- 


	 --- 1/19/2030 --- 
 --- -------- Appointments ------------ --- 


	 --- 1/20/2030 --- 
 --- -------- Appointments ------------ --- 


	 --- 1/21/2030 --- 
 --- -------- Appointments ------------ --- 


	 --- 1/22/2030 --- 
 --- -------- Appointments ------------ --- 


	 --- 1/23/2030 --- 
 --- -------- Appointments ------------ --- 


	 --- 1/24/2030 --- 
 --- -------- Appointments ------------ --- 


	 --- 1/25/2030 --- 
 --- -------- Appointments ------------ --- 


	 --- 1/26/2030 --- 
 --- -------- Appointments ------------ --- 


	 --- 1/27/2030 --- 
 --- -------- Appointments ------------ --- 


	 --- 1/28/2030 --- 
 --- -------- Appointments ------------ --- 


	 --- 2/1/2030 --- 
 --- -------- Appointments ------------ --- 
	3/31/2017 at 3:30pm ,Birthday Party, This is my birthday party.
 

	 --- 2/2/2030 --- 
 --- -------- Appointments ------------ --- 


	 --- 2/3/2030 --- 
 --- -------- Appointments ------------ --- 


	 --- 2/4/2030 --- 
 --- -------- Appointments ------------ --- 


	 --- 2/5/2030 --- 
 --- -------- Appointments ------------ --- 


	 --- 2/6/2030 --- 
 --- -------- Appointments ------------ --- 


	 --- 2/7/2030 --- 
 --- -------- Appointments ------------ --- 


	 --- 2/8/2030 --- 
 --- -------- Appointments ------------ --- 


	 --- 2/9/2030 --- 
 --- -------- Appointments ------------ --- 


	 --- 2/10/2030 --- 
 --- -------- Appointments ------------ --- 


	 --- 2/11/2030 --- 
 --- -------- Appointments ------------ --- 


	 --- 2/12/2030 --- 
 --- -------- Appointments ------------ --- 


	 --- 2/13/2030 --- 
 --- -------- Appointments ------------ --- 


	 --- 2/14/2030 --- 
 --- -------- Appointments ------------ --- 


	 --- 2/15/2030 --- 
 --- -------- Appointments ------------ --- 


	 --- 2/16/2030 --- 
 --- -------- Appointments ------------ --- 


	 --- 2/17/2030 --- 
 --- -------- Appointments ------------ --- 


	 --- 2/18/2030 --- 
 --- -------- Appointments ------------ --- 


	 --- 2/19/2030 --- 
 --- -------- Appointments ------------ --- 


	 --- 2/20/2030 --- 
 --- -------- Appointments ------------ --- 


	 --- 2/21/2030 --- 
 --- -------- Appointments ------------ --- 


	 --- 2/22/2030 --- 
 --- -------- Appointments ------------ --- 


	 --- 2/23/2030 --- 
 --- -------- Appointments ------------ --- 


	 --- 2/24/2030 --- 
 --- -------- Appointments ------------ --- 


	 --- 2/25/2030 --- 
 --- -------- Appointments ------------ --- 


	 --- 2/26/2030 --- 
 --- -------- Appointments ------------ --- 
	2/26/2018 at 11:30pm ,Birthday Party, This is my birthday party.
 

	 --- 2/27/2030 --- 
 --- -------- Appointments ------------ --- 


	 --- 2/28/2030 --- 
 --- -------- Appointments ------------ --- 


	 --- 2/29/2030 --- 
 --- -------- Appointments ------------ --- 


	 --- 2/30/2030 --- 
 --- -------- Appointments ------------ --- 


	 --- 2/31/2030 --- 
 --- -------- Appointments ------------ --- 


	 --- 3/1/2030 --- 
 --- -------- Appointments ------------ --- 
	3/31/2017 at 3:30pm ,Birthday Party, This is my birthday party.
 

	 --- 3/2/2030 --- 
 --- -------- Appointments ------------ --- 


	 --- 3/3/2030 --- 
 --- -------- Appointments ------------ --- 


	 --- 3/4/2030 --- 
 --- -------- Appointments ------------ --- 


	 --- 3/5/2030 --- 
 --- -------- Appointments ------------ --- 


	 --- 3/6/2030 --- 
 --- -------- Appointments ------------ --- 


	 --- 3/7/2030 --- 
 --- -------- Appointments ------------ --- 


	 --- 3/8/2030 --- 
 --- -------- Appointments ------------ --- 


	 --- 3/9/2030 --- 
 --- -------- Appointments ------------ --- 


	 --- 3/10/2030 --- 
 --- -------- Appointments ------------ --- 


	 --- 3/11/2030 --- 
 --- -------- Appointments ------------ --- 


	 --- 3/12/2030 --- 
 --- -------- Appointments ------------ --- 


	 --- 3/13/2030 --- 
 --- -------- Appointments ------------ --- 


	 --- 3/14/2030 --- 
 --- -------- Appointments ------------ --- 


	 --- 3/15/2030 --- 
 --- -------- Appointments ------------ --- 


	 --- 3/16/2030 --- 
 --- -------- Appointments ------------ --- 


	 --- 3/17/2030 --- 
 --- -------- Appointments ------------ --- 


	 --- 3/18/2030 --- 
 --- -------- Appointments ------------ --- 


	 --- 3/19/2030 --- 
 --- -------- Appointments ------------ --- 


	 --- 3/20/2030 --- 
 --- -------- Appointments ------------ --- 


	 --- 3/21/2030 --- 
 --- -------- Appointments ------------ --- 


	 --- 3/22/2030 --- 
 --- -------- Appointments ------------ --- 


	 --- 3/23/2030 --- 
 --- -------- Appointments ------------ --- 


	 --- 3/24/2030 --- 
 --- -------- Appointments ------------ --- 


	 --- 3/25/2030 --- 
 --- -------- Appointments ------------ --- 


	 --- 3/26/2030 --- 
 --- -------- Appointments ------------ --- 


	 --- 3/27/2030 --- 
 --- -------- Appointments ------------ --- 


	 --- 3/28/2030 --- 
 --- -------- Appointments ------------ --- 


	 --- 3/29/2030 --- 
 --- -------- Appointments ------------ --- 


	 --- 3/30/2030 --- 
 --- -------- Appointments ------------ --- 


	 --- 4/1/2030 --- 
 --- -------- Appointments ------------ --- 
	3/31/2017 at 3:30pm ,Birthday Party, This is my birthday party.
 

	 --- 4/2/2030 --- 
 --- -------- Appointments ------------ --- 


	 --- 4/3/2030 --- 
 --- -------- Appointments ------------ --- 


	 --- 4/4/2030 --- 
 --- -------- Appointments ------------ --- 


	 --- 4/5/2030 --- 
 --- -------- Appointments ------------ --- 


	 --- 4/6/2030 --- 
 --- -------- Appointments ------------ --- 


	 --- 4/7/2030 --- 
 --- -------- Appointments ------------ --- 


	 --- 4/8/2030 --- 
 --- -------- Appointments ------------ --- 


	 --- 4/9/2030 --- 
 --- -------- Appointments ------------ --- 


	 --- 4/10/2030 --- 
 --- -------- Appointments ------------ --- 


	 --- 4/11/2030 --- 
 --- -------- Appointments ------------ --- 


	 --- 4/12/2030 --- 
 --- -------- Appointments ------------ --- 


	 --- 4/13/2030 --- 
 --- -------- Appointments ------------ --- 


	 --- 4/14/2030 --- 
 --- -------- Appointments ------------ --- 


	 --- 4/15/2030 --- 
 --- -------- Appointments ------------ --- 


	 --- 4/16/2030 --- 
 --- -------- Appointments ------------ --- 


	 --- 4/17/2030 --- 
 --- -------- Appointments ------------ --- 


	 --- 4/18/2030 --- 
 --- -------- Appointments ------------ --- 


	 --- 4/19/2030 --- 
 --- -------- Appointments ------------ --- 


	 --- 4/20/2030 --- 
 --- -------- Appointments ------------ --- 


	 --- 4/21/2030 --- 
 --- -------- Appointments ------------ --- 


	 --- 4/22/2030 --- 
 --- -------- Appointments ------------ --- 


	 --- 4/23/2030 --- 
 --- -------- Appointments ------------ --- 


	 --- 4/24/2030 --- 
 --- -------- Appointments ------------ --- 


	 --- 4/25/2030 --- 
 --- -------- Appointments ------------ --- 


	 --- 4/26/2030 --- 
 --- -------- Appointments ------------ --- 


	 --- 4/27/2030 --- 
 --- -------- Appointments ------------ --- 


	 --- 4/28/2030 --- 
 --- -------- Appointments ------------ --- 


	 --- 4/29/2030 --- 
 --- -------- Appointments ------------ --- 


	 --- 4/30/2030 --- 
 --- -------- Appointments ------------ --- 


	 --- 4/31/2030 --- 
 --- -------- Appointments ------------ --- 


	 --- 5/1/2030 --- 
 --- -------- Appointments ------------ --- 
	3/31/2017 at 3:30pm ,Birthday Party, This is my birthday party.
 

	 --- 5/2/2030 --- 
 --- -------- Appointments ------------ --- 


	 --- 5/3/2030 --- 
 --- -------- Appointments ------------ --- 


	 --- 5/4/2030 --- 
 --- -------- Appointments ------------ --- 


	 --- 5/5/2030 --- 
 --- -------- Appointments ------------ --- 


	 --- 5/6/2030 --- 
 --- -------- Appointments ------------ --- 


	 --- 5/7/2030 --- 
 --- -------- Appointments ------------ --- 


	 --- 5/8/2030 --- 
 --- -------- Appointments ------------ --- 


	 --- 5/9/2030 --- 
 --- -------- Appointments ------------ --- 


	 --- 5/10/2030 --- 
 --- -------- Appointments ------------ --- 


	 --- 5/11/2030 --- 
 --- -------- Appointments ------------ --- 


	 --- 5/12/2030 --- 
 --- -------- Appointments ------------ --- 


	 --- 5/13/2030 --- 
 --- -------- Appointments ------------ --- 


	 --- 5/14/2030 --- 
 --- -------- Appointments ------------ --- 


	 --- 5/15/2030 --- 
 --- -------- Appointments ------------ --- 


	 --- 5/16/2030 --- 
 --- -------- Appointments ------------ --- 


	 --- 5/17/2030 --- 
 --- -------- Appointments ------------ --- 


	 --- 5/18/2030 --- 
 --- -------- Appointments ------------ --- 


	 --- 5/19/2030 --- 
 --- -------- Appointments ------------ --- 


	 --- 5/20/2030 --- 
 --- -------- Appointments ------------ --- 


	 --- 5/21/2030 --- 
 --- -------- Appointments ------------ --- 


	 --- 5/22/2030 --- 
 --- -------- Appointments ------------ --- 


	 --- 5/23/2030 --- 
 --- -------- Appointments ------------ --- 


	 --- 5/24/2030 --- 
 --- -------- Appointments ------------ --- 


	 --- 5/25/2030 --- 
 --- -------- Appointments ------------ --- 


	 --- 5/26/2030 --- 
 --- -------- Appointments ------------ --- 


	 --- 5/27/2030 --- 
 --- -------- Appointments ------------ --- 


	 --- 5/28/2030 --- 
 --- -------- Appointments ------------ --- 


	 --- 5/29/2030 --- 
 --- -------- Appointments ------------ --- 


	 --- 5/30/2030 --- 
 --- -------- Appointments ------------ --- 


	 --- 6/1/2030 --- 
 --- -------- Appointments ------------ --- 
	3/31/2017 at 3:30pm ,Birthday Party, This is my birthday party.
 

	 --- 6/2/2030 --- 
 --- -------- Appointments ------------ --- 


	 --- 6/3/2030 --- 
 --- -------- Appointments ------------ --- 


	 --- 6/4/2030 --- 
 --- -------- Appointments ------------ --- 


	 --- 6/5/2030 --- 
 --- -------- Appointments ------------ --- 


	 --- 6/6/2030 --- 
 --- -------- Appointments ------------ --- 


	 --- 6/7/2030 --- 
 --- -------- Appointments ------------ --- 


	 --- 6/8/2030 --- 
 --- -------- Appointments ------------ --- 


	 --- 6/9/2030 --- 
 --- -------- Appointments ------------ --- 


	 --- 6/10/2030 --- 
 --- -------- Appointments ------------ --- 


	 --- 6/11/2030 --- 
 --- -------- Appointments ------------ --- 


	 --- 6/12/2030 --- 
 --- -------- Appointments ------------ --- 


	 --- 6/13/2030 --- 
 --- -------- Appointments ------------ --- 


	 --- 6/14/2030 --- 
 --- -------- Appointments ------------ --- 


	 --- 6/15/2030 --- 
 --- -------- Appointments ------------ --- 


	 --- 6/16/2030 --- 
 --- -------- Appointments ------------ --- 


	 --- 6/17/2030 --- 
 --- -------- Appointments ------------ --- 


	 --- 6/18/2030 --- 
 --- -------- Appointments ------------ --- 


	 --- 6/19/2030 --- 
 --- -------- Appointments ------------ --- 


	 --- 6/20/2030 --- 
 --- -------- Appointments ------------ --- 


	 --- 6/21/2030 --- 
 --- -------- Appointments ------------ --- 


	 --- 6/22/2030 --- 
 --- -------- Appointments ------------ --- 


	 --- 6/23/2030 --- 
 --- -------- Appointments ------------ --- 


	 --- 6/24/2030 --- 
 --- -------- Appointments ------------ --- 


	 --- 6/25/2030 --- 
 --- -------- Appointments ------------ --- 


	 --- 6/26/2030 --- 
 --- -------- Appointments ------------ --- 


	 --- 6/27/2030 --- 
 --- -------- Appointments ------------ --- 


	 --- 6/28/2030 --- 
 --- -------- Appointments ------------ --- 


	 --- 6/29/2030 --- 
 --- -------- Appointments ------------ --- 


	 --- 6/30/2030 --- 
 --- -------- Appointments ------------ --- 


	 --- 6/31/2030 --- 
 --- -------- Appointments ------------ --- 


	 --- 7/1/2030 --- 
 --- -------- Appointments ------------ --- 
	3/31/2017 at 3:30pm ,Birthday Party, This is my birthday party.
 

	 --- 7/2/2030 --- 
 --- -------- Appointments ------------ --- 


	 --- 7/3/2030 --- 
 --- -------- Appointments ------------ --- 


	 --- 7/4/2030 --- 
 --- -------- Appointments ------------ --- 


	 --- 7/5/2030 --- 
 --- -------- Appointments ------------ --- 


	 --- 7/6/2030 --- 
 --- -------- Appointments ------------ --- 


	 --- 7/7/2030 --- 
 --- -------- Appointments ------------ --- 


	 --- 7/8/2030 --- 
 --- -------- Appointments ------------ --- 


	 --- 7/9/2030 --- 
 --- -------- Appointments ------------ --- 


	 --- 7/10/2030 --- 
 --- -------- Appointments ------------ --- 


	 --- 7/11/2030 --- 
 --- -------- Appointments ------------ --- 


	 --- 7/12/2030 --- 
 --- -------- Appointments ------------ --- 


	 --- 7/13/2030 --- 
 --- -------- Appointments ------------ --- 


	 --- 7/14/2030 --- 
 --- -------- Appointments ------------ --- 


	 --- 7/15/2030 --- 
 --- -------- Appointments ------------ --- 


	 --- 7/16/2030 --- 
 --- -------- Appointments ------------ --- 


	 --- 7/17/2030 --- 
 --- -------- Appointments ------------ --- 


	 --- 7/18/2030 --- 
 --- -------- Appointments ------------ --- 


	 --- 7/19/2030 --- 
 --- -------- Appointments ------------ --- 


	 --- 7/20/2030 --- 
 --- -------- Appointments ------------ --- 


	 --- 7/21/2030 --- 
 --- -------- Appointments ------------ --- 


	 --- 7/22/2030 --- 
 --- -------- Appointments ------------ --- 


	 --- 7/23/2030 --- 
 --- -------- Appointments ------------ --- 


	 --- 7/24/2030 --- 
 --- -------- Appointments ------------ --- 


	 --- 7/25/2030 --- 
 --- -------- Appointments ------------ --- 


	 --- 7/26/2030 --- 
 --- -------- Appointments ------------ --- 


	 --- 7/27/2030 --- 
 --- -------- Appointments ------------ --- 


	 --- 7/28/2030 --- 
 --- -------- Appointments ------------ --- 


	 --- 7/29/2030 --- 
 --- -------- Appointments ------------ --- 


	 --- 7/30/2030 --- 
 --- -------- Appointments ------------ --- 


	 --- 7/31/2030 --- 
 --- -------- Appointments ------------ --- 


	 --- 8/1/2030 --- 
 --- -------- Appointments ------------ --- 
	3/31/2017 at 3:30pm ,Birthday Party, This is my birthday party.
 

	 --- 8/2/2030 --- 
 --- -------- Appointments ------------ --- 


	 --- 8/3/2030 --- 
 --- -------- Appointments ------------ --- 


	 --- 8/4/2030 --- 
 --- -------- Appointments ------------ --- 


	 --- 8/5/2030 --- 
 --- -------- Appointments ------------ --- 


	 --- 8/6/2030 --- 
 --- -------- Appointments ------------ --- 


	 --- 8/7/2030 --- 
 --- -------- Appointments ------------ --- 


	 --- 8/8/2030 --- 
 --- -------- Appointments ------------ --- 


	 --- 8/9/2030 --- 
 --- -------- Appointments ------------ --- 


	 --- 8/10/2030 --- 
 --- -------- Appointments ------------ --- 


	 --- 8/11/2030 --- 
 --- -------- Appointments ------------ --- 


	 --- 8/12/2030 --- 
 --- -------- Appointments ------------ --- 


	 --- 8/13/2030 --- 
 --- -------- Appointments ------------ --- 


	 --- 8/14/2030 --- 
 --- -------- Appointments ------------ --- 


	 --- 8/15/2030 --- 
 --- -------- Appointments ------------ --- 


	 --- 8/16/2030 --- 
 --- -------- Appointments ------------ --- 


	 --- 8/17/2030 --- 
 --- -------- Appointments ------------ --- 


	 --- 8/18/2030 --- 
 --- -------- Appointments ------------ --- 


	 --- 8/19/2030 --- 
 --- -------- Appointments ------------ --- 


	 --- 8/20/2030 --- 
 --- -------- Appointments ------------ --- 


	 --- 8/21/2030 --- 
 --- -------- Appointments ------------ --- 


	 --- 8/22/2030 --- 
 --- -------- Appointments ------------ --- 


	 --- 8/23/2030 --- 
 --- -------- Appointments ------------ --- 


	 --- 8/24/2030 --- 
 --- -------- Appointments ------------ --- 


	 --- 8/25/2030 --- 
 --- -------- Appointments ------------ --- 


	 --- 8/26/2030 --- 
 --- -------- Appointments ------------ --- 


	 --- 8/27/2030 --- 
 --- -------- Appointments ------------ --- 


	 --- 8/28/2030 --- 
 --- -------- Appointments ------------ --- 


	 --- 8/29/2030 --- 
 --- -------- Appointments ------------ --- 


	 --- 8/30/2030 --- 
 --- -------- Appointments ------------ --- 


	 --- 9/1/2030 --- 
 --- -------- Appointments ------------ --- 
	3/31/2017 at 3:30pm ,Birthday Party, This is my birthday party.
 

	 --- 9/2/2030 --- 
 --- -------- Appointments ------------ --- 


	 --- 9/3/2030 --- 
 --- -------- Appointments ------------ --- 


	 --- 9/4/2030 --- 
 --- -------- Appointments ------------ --- 


	 --- 9/5/2030 --- 
 --- -------- Appointments ------------ --- 


	 --- 9/6/2030 --- 
 --- -------- Appointments ------------ --- 


	 --- 9/7/2030 --- 
 --- -------- Appointments ------------ --- 


	 --- 9/8/2030 --- 
 --- -------- Appointments ------------ --- 


	 --- 9/9/2030 --- 
 --- -------- Appointments ------------ --- 


	 --- 9/10/2030 --- 
 --- -------- Appointments ------------ --- 


	 --- 9/11/2030 --- 
 --- -------- Appointments ------------ --- 


	 --- 9/12/2030 --- 
 --- -------- Appointments ------------ --- 


	 --- 9/13/2030 --- 
 --- -------- Appointments ------------ --- 


	 --- 9/14/2030 --- 
 --- -------- Appointments ------------ --- 


	 --- 9/15/2030 --- 
 --- -------- Appointments ------------ --- 


	 --- 9/16/2030 --- 
 --- -------- Appointments ------------ --- 


	 --- 9/17/2030 --- 
 --- -------- Appointments ------------ --- 


	 --- 9/18/2030 --- 
 --- -------- Appointments ------------ --- 


	 --- 9/19/2030 --- 
 --- -------- Appointments ------------ --- 


	 --- 9/20/2030 --- 
 --- -------- Appointments ------------ --- 


	 --- 9/21/2030 --- 
 --- -------- Appointments ------------ --- 


	 --- 9/22/2030 --- 
 --- -------- Appointments ------------ --- 


	 --- 9/23/2030 --- 
 --- -------- Appointments ------------ --- 


	 --- 9/24/2030 --- 
 --- -------- Appointments ------------ --- 


	 --- 9/25/2030 --- 
 --- -------- Appointments ------------ --- 


	 --- 9/26/2030 --- 
 --- -------- Appointments ------------ --- 


	 --- 9/27/2030 --- 
 --- -------- Appointments ------------ --- 


	 --- 9/28/2030 --- 
 --- -------- Appointments ------------ --- 


	 --- 9/29/2030 --- 
 --- -------- Appointments ------------ --- 


	 --- 9/30/2030 --- 
 --- -------- Appointments ------------ --- 


	 --- 9/31/2030 --- 
 --- -------- Appointments ------------ --- 


	 --- 10/1/2030 --- 
 --- -------- Appointments ------------ --- 
	3/31/2017 at 3:30pm ,Birthday Party, This is my birthday party.
 

	 --- 10/2/2030 --- 
 --- -------- Appointments ------------ --- 


	 --- 10/3/2030 --- 
 --- -------- Appointments ------------ --- 


	 --- 10/4/2030 --- 
 --- -------- Appointments ------------ --- 


	 --- 10/5/2030 --- 
 --- -------- Appointments ------------ --- 


	 --- 10/6/2030 --- 
 --- -------- Appointments ------------ --- 


	 --- 10/7/2030 --- 
 --- -------- Appointments ------------ --- 


	 --- 10/8/2030 --- 
 --- -------- Appointments ------------ --- 


	 --- 10/9/2030 --- 
 --- -------- Appointments ------------ --- 


	 --- 10/10/2030 --- 
 --- -------- Appointments ------------ --- 


	 --- 10/11/2030 --- 
 --- -------- Appointments ------------ --- 


	 --- 10/12/2030 --- 
 --- -------- Appointments ------------ --- 


	 --- 10/13/2030 --- 
 --- -------- Appointments ------------ --- 


	 --- 10/14/2030 --- 
 --- -------- Appointments ------------ --- 


	 --- 10/15/2030 --- 
 --- -------- Appointments ------------ --- 


	 --- 10/16/2030 --- 
 --- -------- Appointments ------------ --- 


	 --- 10/17/2030 --- 
 --- -------- Appointments ------------ --- 


	 --- 10/18/2030 --- 
 --- -------- Appointments ------------ --- 


	 --- 10/19/2030 --- 
 --- -------- Appointments ------------ --- 


	 --- 10/20/2030 --- 
 --- -------- Appointments ------------ --- 


	 --- 10/21/2030 --- 
 --- -------- Appointments ------------ --- 


	 --- 10/22/2030 --- 
 --- -------- Appointments ------------ --- 


	 --- 10/23/2030 --- 
 --- -------- Appointments ------------ --- 


	 --- 10/24/2030 --- 
 --- -------- Appointments ------------ --- 


	 --- 10/25/2030 --- 
 --- -------- Appointments ------------ --- 


	 --- 10/26/2030 --- 
 --- -------- Appointments ------------ --- 


	 --- 10/27/2030 --- 
 --- -------- Appointments ------------ --- 


	 --- 10/28/2030 --- 
 --- -------- Appointments ------------ --- 


	 --- 10/29/2030 --- 
 --- -------- Appointments ------------ --- 


	 --- 10/30/2030 --- 
 --- -------- Appointments ------------ --- 


	 --- 11/1/2030 --- 
 --- -------- Appointments ------------ --- 
	3/31/2017 at 3:30pm ,Birthday Party, This is my birthday party.
 

	 --- 11/2/2030 --- 
 --- -------- Appointments ------------ --- 


	 --- 11/3/2030 --- 
 --- -------- Appointments ------------ --- 


	 --- 11/4/2030 --- 
 --- -------- Appointments ------------ --- 


	 --- 11/5/2030 --- 
 --- -------- Appointments ------------ --- 


	 --- 11/6/2030 --- 
 --- -------- Appointments ------------ --- 


	 --- 11/7/2030 --- 
 --- -------- Appointments ------------ --- 


	 --- 11/8/2030 --- 
 --- -------- Appointments ------------ --- 


	 --- 11/9/2030 --- 
 --- -------- Appointments ------------ --- 


	 --- 11/10/2030 --- 
 --- -------- Appointments ------------ --- 


	 --- 11/11/2030 --- 
 --- -------- Appointments ------------ --- 


	 --- 11/12/2030 --- 
 --- -------- Appointments ------------ --- 


	 --- 11/13/2030 --- 
 --- -------- Appointments ------------ --- 


	 --- 11/14/2030 --- 
 --- -------- Appointments ------------ --- 


	 --- 11/15/2030 --- 
 --- -------- Appointments ------------ --- 


	 --- 11/16/2030 --- 
 --- -------- Appointments ------------ --- 


	 --- 11/17/2030 --- 
 --- -------- Appointments ------------ --- 


	 --- 11/18/2030 --- 
 --- -------- Appointments ------------ --- 


	 --- 11/19/2030 --- 
 --- -------- Appointments ------------ --- 


	 --- 11/20/2030 --- 
 --- -------- Appointments ------------ --- 


	 --- 11/21/2030 --- 
 --- -------- Appointments ------------ --- 


	 --- 11/22/2030 --- 
 --- -------- Appointments ------------ --- 


	 --- 11/23/2030 --- 
 --- -------- Appointments ------------ --- 


	 --- 11/24/2030 --- 
 --- -------- Appointments ------------ --- 


	 --- 11/25/2030 --- 
 --- -------- Appointments ------------ --- 


	 --- 11/26/2030 --- 
 --- -------- Appointments ------------ --- 


	 --- 11/27/2030 --- 
 --- -------- Appointments ------------ --- 


	 --- 11/28/2030 --- 
 --- -------- Appointments ------------ --- 


	 --- 11/29/2030 --- 
 --- -------- Appointments ------------ --- 


	 --- 11/30/2030 --- 
 --- -------- Appointments ------------ --- 


	 --- 11/31/2030 --- 
 --- -------- Appointments ------------ --- 


	 --- 0/1/2031 --- 
 --- -------- Appointments ------------ --- 
	3/31/2017 at 3:30pm ,Birthday Party, This is my birthday party.
 

	 --- 0/2/2031 --- 
 --- -------- Appointments ------------ --- 


	 --- 0/3/2031 --- 
 --- -------- Appointments ------------ --- 


	 --- 0/4/2031 --- 
 --- -------- Appointments ------------ --- 


	 --- 0/5/2031 --- 
 --- -------- Appointments ------------ --- 


	 --- 0/6/2031 --- 
 --- -------- Appointments ------------ --- 


	 --- 0/7/2031 --- 
 --- -------- Appointments ------------ --- 


	 --- 0/8/2031 --- 
 --- -------- Appointments ------------ --- 


	 --- 0/9/2031 --- 
 --- -------- Appointments ------------ --- 


	 --- 0/10/2031 --- 
 --- -------- Appointments ------------ --- 


	 --- 0/11/2031 --- 
 --- -------- Appointments ------------ --- 


	 --- 0/12/2031 --- 
 --- -------- Appointments ------------ --- 


	 --- 0/13/2031 --- 
 --- -------- Appointments ------------ --- 


	 --- 0/14/2031 --- 
 --- -------- Appointments ------------ --- 


	 --- 0/15/2031 --- 
 --- -------- Appointments ------------ --- 


	 --- 0/16/2031 --- 
 --- -------- Appointments ------------ --- 


	 --- 0/17/2031 --- 
 --- -------- Appointments ------------ --- 


	 --- 0/18/2031 --- 
 --- -------- Appointments ------------ --- 


	 --- 0/19/2031 --- 
 --- -------- Appointments ------------ --- 


	 --- 0/20/2031 --- 
 --- -------- Appointments ------------ --- 


	 --- 0/21/2031 --- 
 --- -------- Appointments ------------ --- 


	 --- 0/22/2031 --- 
 --- -------- Appointments ------------ --- 


	 --- 0/23/2031 --- 
 --- -------- Appointments ------------ --- 


	 --- 0/24/2031 --- 
 --- -------- Appointments ------------ --- 


	 --- 0/25/2031 --- 
 --- -------- Appointments ------------ --- 


	 --- 0/26/2031 --- 
 --- -------- Appointments ------------ --- 


	 --- 0/27/2031 --- 
 --- -------- Appointments ------------ --- 


	 --- 0/28/2031 --- 
 --- -------- Appointments ------------ --- 


	 --- 0/29/2031 --- 
 --- -------- Appointments ------------ --- 


	 --- 0/30/2031 --- 
 --- -------- Appointments ------------ --- 


	 --- 0/31/2031 --- 
 --- -------- Appointments ------------ --- 


	 --- 1/1/2031 --- 
 --- -------- Appointments ------------ --- 
	3/31/2017 at 3:30pm ,Birthday Party, This is my birthday party.
 

	 --- 1/2/2031 --- 
 --- -------- Appointments ------------ --- 


	 --- 1/3/2031 --- 
 --- -------- Appointments ------------ --- 


	 --- 1/4/2031 --- 
 --- -------- Appointments ------------ --- 


	 --- 1/5/2031 --- 
 --- -------- Appointments ------------ --- 


	 --- 1/6/2031 --- 
 --- -------- Appointments ------------ --- 


	 --- 1/7/2031 --- 
 --- -------- Appointments ------------ --- 


	 --- 1/8/2031 --- 
 --- -------- Appointments ------------ --- 


	 --- 1/9/2031 --- 
 --- -------- Appointments ------------ --- 


	 --- 1/10/2031 --- 
 --- -------- Appointments ------------ --- 


	 --- 1/11/2031 --- 
 --- -------- Appointments ------------ --- 


	 --- 1/12/2031 --- 
 --- -------- Appointments ------------ --- 


	 --- 1/13/2031 --- 
 --- -------- Appointments ------------ --- 


	 --- 1/14/2031 --- 
 --- -------- Appointments ------------ --- 


	 --- 1/15/2031 --- 
 --- -------- Appointments ------------ --- 


	 --- 1/16/2031 --- 
 --- -------- Appointments ------------ --- 


	 --- 1/17/2031 --- 
 --- -------- Appointments ------------ --- 


	 --- 1/18/2031 --- 
 --- -------- Appointments ------------ --- 


	 --- 1/19/2031 --- 
 --- -------- Appointments ------------ --- 


	 --- 1/20/2031 --- 
 --- -------- Appointments ------------ --- 


	 --- 1/21/2031 --- 
 --- -------- Appointments ------------ --- 


	 --- 1/22/2031 --- 
 --- -------- Appointments ------------ --- 


	 --- 1/23/2031 --- 
 --- -------- Appointments ------------ --- 


	 --- 1/24/2031 --- 
 --- -------- Appointments ------------ --- 


	 --- 1/25/2031 --- 
 --- -------- Appointments ------------ --- 


	 --- 1/26/2031 --- 
 --- -------- Appointments ------------ --- 


	 --- 1/27/2031 --- 
 --- -------- Appointments ------------ --- 


	 --- 1/28/2031 --- 
 --- -------- Appointments ------------ --- 


	 --- 2/1/2031 --- 
 --- -------- Appointments ------------ --- 
	3/31/2017 at 3:30pm ,Birthday Party, This is my birthday party.
 

	 --- 2/2/2031 --- 
 --- -------- Appointments ------------ --- 


	 --- 2/3/2031 --- 
 --- -------- Appointments ------------ --- 


	 --- 2/4/2031 --- 
 --- -------- Appointments ------------ --- 


	 --- 2/5/2031 --- 
 --- -------- Appointments ------------ --- 


	 --- 2/6/2031 --- 
 --- -------- Appointments ------------ --- 


	 --- 2/7/2031 --- 
 --- -------- Appointments ------------ --- 


	 --- 2/8/2031 --- 
 --- -------- Appointments ------------ --- 


	 --- 2/9/2031 --- 
 --- -------- Appointments ------------ --- 


	 --- 2/10/2031 --- 
 --- -------- Appointments ------------ --- 


	 --- 2/11/2031 --- 
 --- -------- Appointments ------------ --- 


	 --- 2/12/2031 --- 
 --- -------- Appointments ------------ --- 


	 --- 2/13/2031 --- 
 --- -------- Appointments ------------ --- 


	 --- 2/14/2031 --- 
 --- -------- Appointments ------------ --- 


	 --- 2/15/2031 --- 
 --- -------- Appointments ------------ --- 


	 --- 2/16/2031 --- 
 --- -------- Appointments ------------ --- 


	 --- 2/17/2031 --- 
 --- -------- Appointments ------------ --- 


	 --- 2/18/2031 --- 
 --- -------- Appointments ------------ --- 


	 --- 2/19/2031 --- 
 --- -------- Appointments ------------ --- 


	 --- 2/20/2031 --- 
 --- -------- Appointments ------------ --- 


	 --- 2/21/2031 --- 
 --- -------- Appointments ------------ --- 


	 --- 2/22/2031 --- 
 --- -------- Appointments ------------ --- 


	 --- 2/23/2031 --- 
 --- -------- Appointments ------------ --- 


	 --- 2/24/2031 --- 
 --- -------- Appointments ------------ --- 


	 --- 2/25/2031 --- 
 --- -------- Appointments ------------ --- 


	 --- 2/26/2031 --- 
 --- -------- Appointments ------------ --- 
	2/26/2018 at 11:30pm ,Birthday Party, This is my birthday party.
 

	 --- 2/27/2031 --- 
 --- -------- Appointments ------------ --- 


	 --- 2/28/2031 --- 
 --- -------- Appointments ------------ --- 


	 --- 2/29/2031 --- 
 --- -------- Appointments ------------ --- 


	 --- 2/30/2031 --- 
 --- -------- Appointments ------------ --- 


	 --- 2/31/2031 --- 
 --- -------- Appointments ------------ --- 


	 --- 3/1/2031 --- 
 --- -------- Appointments ------------ --- 
	3/31/2017 at 3:30pm ,Birthday Party, This is my birthday party.
 

	 --- 3/2/2031 --- 
 --- -------- Appointments ------------ --- 


	 --- 3/3/2031 --- 
 --- -------- Appointments ------------ --- 


	 --- 3/4/2031 --- 
 --- -------- Appointments ------------ --- 


	 --- 3/5/2031 --- 
 --- -------- Appointments ------------ --- 


	 --- 3/6/2031 --- 
 --- -------- Appointments ------------ --- 


	 --- 3/7/2031 --- 
 --- -------- Appointments ------------ --- 


	 --- 3/8/2031 --- 
 --- -------- Appointments ------------ --- 


	 --- 3/9/2031 --- 
 --- -------- Appointments ------------ --- 


	 --- 3/10/2031 --- 
 --- -------- Appointments ------------ --- 


	 --- 3/11/2031 --- 
 --- -------- Appointments ------------ --- 


	 --- 3/12/2031 --- 
 --- -------- Appointments ------------ --- 


	 --- 3/13/2031 --- 
 --- -------- Appointments ------------ --- 


	 --- 3/14/2031 --- 
 --- -------- Appointments ------------ --- 


	 --- 3/15/2031 --- 
 --- -------- Appointments ------------ --- 


	 --- 3/16/2031 --- 
 --- -------- Appointments ------------ --- 


	 --- 3/17/2031 --- 
 --- -------- Appointments ------------ --- 


	 --- 3/18/2031 --- 
 --- -------- Appointments ------------ --- 


	 --- 3/19/2031 --- 
 --- -------- Appointments ------------ --- 


	 --- 3/20/2031 --- 
 --- -------- Appointments ------------ --- 


	 --- 3/21/2031 --- 
 --- -------- Appointments ------------ --- 


	 --- 3/22/2031 --- 
 --- -------- Appointments ------------ --- 


	 --- 3/23/2031 --- 
 --- -------- Appointments ------------ --- 


	 --- 3/24/2031 --- 
 --- -------- Appointments ------------ --- 


	 --- 3/25/2031 --- 
 --- -------- Appointments ------------ --- 


	 --- 3/26/2031 --- 
 --- -------- Appointments ------------ --- 


	 --- 3/27/2031 --- 
 --- -------- Appointments ------------ --- 


	 --- 3/28/2031 --- 
 --- -------- Appointments ------------ --- 


	 --- 3/29/2031 --- 
 --- -------- Appointments ------------ --- 


	 --- 3/30/2031 --- 
 --- -------- Appointments ------------ --- 


	 --- 4/1/2031 --- 
 --- -------- Appointments ------------ --- 
	3/31/2017 at 3:30pm ,Birthday Party, This is my birthday party.
 

	 --- 4/2/2031 --- 
 --- -------- Appointments ------------ --- 


	 --- 4/3/2031 --- 
 --- -------- Appointments ------------ --- 


	 --- 4/4/2031 --- 
 --- -------- Appointments ------------ --- 


	 --- 4/5/2031 --- 
 --- -------- Appointments ------------ --- 


	 --- 4/6/2031 --- 
 --- -------- Appointments ------------ --- 


	 --- 4/7/2031 --- 
 --- -------- Appointments ------------ --- 


	 --- 4/8/2031 --- 
 --- -------- Appointments ------------ --- 


	 --- 4/9/2031 --- 
 --- -------- Appointments ------------ --- 


	 --- 4/10/2031 --- 
 --- -------- Appointments ------------ --- 


	 --- 4/11/2031 --- 
 --- -------- Appointments ------------ --- 


	 --- 4/12/2031 --- 
 --- -------- Appointments ------------ --- 


	 --- 4/13/2031 --- 
 --- -------- Appointments ------------ --- 


	 --- 4/14/2031 --- 
 --- -------- Appointments ------------ --- 


	 --- 4/15/2031 --- 
 --- -------- Appointments ------------ --- 


	 --- 4/16/2031 --- 
 --- -------- Appointments ------------ --- 


	 --- 4/17/2031 --- 
 --- -------- Appointments ------------ --- 


	 --- 4/18/2031 --- 
 --- -------- Appointments ------------ --- 


	 --- 4/19/2031 --- 
 --- -------- Appointments ------------ --- 


	 --- 4/20/2031 --- 
 --- -------- Appointments ------------ --- 


	 --- 4/21/2031 --- 
 --- -------- Appointments ------------ --- 


	 --- 4/22/2031 --- 
 --- -------- Appointments ------------ --- 


	 --- 4/23/2031 --- 
 --- -------- Appointments ------------ --- 


	 --- 4/24/2031 --- 
 --- -------- Appointments ------------ --- 


	 --- 4/25/2031 --- 
 --- -------- Appointments ------------ --- 


	 --- 4/26/2031 --- 
 --- -------- Appointments ------------ --- 


	 --- 4/27/2031 --- 
 --- -------- Appointments ------------ --- 


	 --- 4/28/2031 --- 
 --- -------- Appointments ------------ --- 


	 --- 4/29/2031 --- 
 --- -------- Appointments ------------ --- 


	 --- 4/30/2031 --- 
 --- -------- Appointments ------------ --- 


	 --- 4/31/2031 --- 
 --- -------- Appointments ------------ --- 


	 --- 5/1/2031 --- 
 --- -------- Appointments ------------ --- 
	3/31/2017 at 3:30pm ,Birthday Party, This is my birthday party.
 

	 --- 5/2/2031 --- 
 --- -------- Appointments ------------ --- 


	 --- 5/3/2031 --- 
 --- -------- Appointments ------------ --- 


	 --- 5/4/2031 --- 
 --- -------- Appointments ------------ --- 


	 --- 5/5/2031 --- 
 --- -------- Appointments ------------ --- 


	 --- 5/6/2031 --- 
 --- -------- Appointments ------------ --- 


	 --- 5/7/2031 --- 
 --- -------- Appointments ------------ --- 


	 --- 5/8/2031 --- 
 --- -------- Appointments ------------ --- 


	 --- 5/9/2031 --- 
 --- -------- Appointments ------------ --- 


	 --- 5/10/2031 --- 
 --- -------- Appointments ------------ --- 


	 --- 5/11/2031 --- 
 --- -------- Appointments ------------ --- 


	 --- 5/12/2031 --- 
 --- -------- Appointments ------------ --- 


	 --- 5/13/2031 --- 
 --- -------- Appointments ------------ --- 


	 --- 5/14/2031 --- 
 --- -------- Appointments ------------ --- 


	 --- 5/15/2031 --- 
 --- -------- Appointments ------------ --- 


	 --- 5/16/2031 --- 
 --- -------- Appointments ------------ --- 


	 --- 5/17/2031 --- 
 --- -------- Appointments ------------ --- 


	 --- 5/18/2031 --- 
 --- -------- Appointments ------------ --- 


	 --- 5/19/2031 --- 
 --- -------- Appointments ------------ --- 


	 --- 5/20/2031 --- 
 --- -------- Appointments ------------ --- 


	 --- 5/21/2031 --- 
 --- -------- Appointments ------------ --- 


	 --- 5/22/2031 --- 
 --- -------- Appointments ------------ --- 


	 --- 5/23/2031 --- 
 --- -------- Appointments ------------ --- 


	 --- 5/24/2031 --- 
 --- -------- Appointments ------------ --- 


	 --- 5/25/2031 --- 
 --- -------- Appointments ------------ --- 


	 --- 5/26/2031 --- 
 --- -------- Appointments ------------ --- 


	 --- 5/27/2031 --- 
 --- -------- Appointments ------------ --- 


	 --- 5/28/2031 --- 
 --- -------- Appointments ------------ --- 


	 --- 5/29/2031 --- 
 --- -------- Appointments ------------ --- 


	 --- 5/30/2031 --- 
 --- -------- Appointments ------------ --- 


	 --- 6/1/2031 --- 
 --- -------- Appointments ------------ --- 
	3/31/2017 at 3:30pm ,Birthday Party, This is my birthday party.
 

	 --- 6/2/2031 --- 
 --- -------- Appointments ------------ --- 


	 --- 6/3/2031 --- 
 --- -------- Appointments ------------ --- 


	 --- 6/4/2031 --- 
 --- -------- Appointments ------------ --- 


	 --- 6/5/2031 --- 
 --- -------- Appointments ------------ --- 


	 --- 6/6/2031 --- 
 --- -------- Appointments ------------ --- 


	 --- 6/7/2031 --- 
 --- -------- Appointments ------------ --- 


	 --- 6/8/2031 --- 
 --- -------- Appointments ------------ --- 


	 --- 6/9/2031 --- 
 --- -------- Appointments ------------ --- 


	 --- 6/10/2031 --- 
 --- -------- Appointments ------------ --- 


	 --- 6/11/2031 --- 
 --- -------- Appointments ------------ --- 


	 --- 6/12/2031 --- 
 --- -------- Appointments ------------ --- 


	 --- 6/13/2031 --- 
 --- -------- Appointments ------------ --- 


	 --- 6/14/2031 --- 
 --- -------- Appointments ------------ --- 


	 --- 6/15/2031 --- 
 --- -------- Appointments ------------ --- 


	 --- 6/16/2031 --- 
 --- -------- Appointments ------------ --- 


	 --- 6/17/2031 --- 
 --- -------- Appointments ------------ --- 


	 --- 6/18/2031 --- 
 --- -------- Appointments ------------ --- 


	 --- 6/19/2031 --- 
 --- -------- Appointments ------------ --- 


	 --- 6/20/2031 --- 
 --- -------- Appointments ------------ --- 


	 --- 6/21/2031 --- 
 --- -------- Appointments ------------ --- 


	 --- 6/22/2031 --- 
 --- -------- Appointments ------------ --- 


	 --- 6/23/2031 --- 
 --- -------- Appointments ------------ --- 


	 --- 6/24/2031 --- 
 --- -------- Appointments ------------ --- 


	 --- 6/25/2031 --- 
 --- -------- Appointments ------------ --- 


	 --- 6/26/2031 --- 
 --- -------- Appointments ------------ --- 


	 --- 6/27/2031 --- 
 --- -------- Appointments ------------ --- 


	 --- 6/28/2031 --- 
 --- -------- Appointments ------------ --- 


	 --- 6/29/2031 --- 
 --- -------- Appointments ------------ --- 


	 --- 6/30/2031 --- 
 --- -------- Appointments ------------ --- 


	 --- 6/31/2031 --- 
 --- -------- Appointments ------------ --- 


	 --- 7/1/2031 --- 
 --- -------- Appointments ------------ --- 
	3/31/2017 at 3:30pm ,Birthday Party, This is my birthday party.
 

	 --- 7/2/2031 --- 
 --- -------- Appointments ------------ --- 


	 --- 7/3/2031 --- 
 --- -------- Appointments ------------ --- 


	 --- 7/4/2031 --- 
 --- -------- Appointments ------------ --- 


	 --- 7/5/2031 --- 
 --- -------- Appointments ------------ --- 


	 --- 7/6/2031 --- 
 --- -------- Appointments ------------ --- 


	 --- 7/7/2031 --- 
 --- -------- Appointments ------------ --- 


	 --- 7/8/2031 --- 
 --- -------- Appointments ------------ --- 


	 --- 7/9/2031 --- 
 --- -------- Appointments ------------ --- 


	 --- 7/10/2031 --- 
 --- -------- Appointments ------------ --- 


	 --- 7/11/2031 --- 
 --- -------- Appointments ------------ --- 


	 --- 7/12/2031 --- 
 --- -------- Appointments ------------ --- 


	 --- 7/13/2031 --- 
 --- -------- Appointments ------------ --- 


	 --- 7/14/2031 --- 
 --- -------- Appointments ------------ --- 


	 --- 7/15/2031 --- 
 --- -------- Appointments ------------ --- 


	 --- 7/16/2031 --- 
 --- -------- Appointments ------------ --- 


	 --- 7/17/2031 --- 
 --- -------- Appointments ------------ --- 


	 --- 7/18/2031 --- 
 --- -------- Appointments ------------ --- 


	 --- 7/19/2031 --- 
 --- -------- Appointments ------------ --- 


	 --- 7/20/2031 --- 
 --- -------- Appointments ------------ --- 


	 --- 7/21/2031 --- 
 --- -------- Appointments ------------ --- 


	 --- 7/22/2031 --- 
 --- -------- Appointments ------------ --- 


	 --- 7/23/2031 --- 
 --- -------- Appointments ------------ --- 


	 --- 7/24/2031 --- 
 --- -------- Appointments ------------ --- 


	 --- 7/25/2031 --- 
 --- -------- Appointments ------------ --- 


	 --- 7/26/2031 --- 
 --- -------- Appointments ------------ --- 


	 --- 7/27/2031 --- 
 --- -------- Appointments ------------ --- 


	 --- 7/28/2031 --- 
 --- -------- Appointments ------------ --- 


	 --- 7/29/2031 --- 
 --- -------- Appointments ------------ --- 


	 --- 7/30/2031 --- 
 --- -------- Appointments ------------ --- 


	 --- 7/31/2031 --- 
 --- -------- Appointments ------------ --- 


	 --- 8/1/2031 --- 
 --- -------- Appointments ------------ --- 
	3/31/2017 at 3:30pm ,Birthday Party, This is my birthday party.
 

	 --- 8/2/2031 --- 
 --- -------- Appointments ------------ --- 


	 --- 8/3/2031 --- 
 --- -------- Appointments ------------ --- 


	 --- 8/4/2031 --- 
 --- -------- Appointments ------------ --- 


	 --- 8/5/2031 --- 
 --- -------- Appointments ------------ --- 


	 --- 8/6/2031 --- 
 --- -------- Appointments ------------ --- 


	 --- 8/7/2031 --- 
 --- -------- Appointments ------------ --- 


	 --- 8/8/2031 --- 
 --- -------- Appointments ------------ --- 


	 --- 8/9/2031 --- 
 --- -------- Appointments ------------ --- 


	 --- 8/10/2031 --- 
 --- -------- Appointments ------------ --- 


	 --- 8/11/2031 --- 
 --- -------- Appointments ------------ --- 


	 --- 8/12/2031 --- 
 --- -------- Appointments ------------ --- 


	 --- 8/13/2031 --- 
 --- -------- Appointments ------------ --- 


	 --- 8/14/2031 --- 
 --- -------- Appointments ------------ --- 


	 --- 8/15/2031 --- 
 --- -------- Appointments ------------ --- 


	 --- 8/16/2031 --- 
 --- -------- Appointments ------------ --- 


	 --- 8/17/2031 --- 
 --- -------- Appointments ------------ --- 


	 --- 8/18/2031 --- 
 --- -------- Appointments ------------ --- 


	 --- 8/19/2031 --- 
 --- -------- Appointments ------------ --- 


	 --- 8/20/2031 --- 
 --- -------- Appointments ------------ --- 


	 --- 8/21/2031 --- 
 --- -------- Appointments ------------ --- 


	 --- 8/22/2031 --- 
 --- -------- Appointments ------------ --- 


	 --- 8/23/2031 --- 
 --- -------- Appointments ------------ --- 


	 --- 8/24/2031 --- 
 --- -------- Appointments ------------ --- 


	 --- 8/25/2031 --- 
 --- -------- Appointments ------------ --- 


	 --- 8/26/2031 --- 
 --- -------- Appointments ------------ --- 


	 --- 8/27/2031 --- 
 --- -------- Appointments ------------ --- 


	 --- 8/28/2031 --- 
 --- -------- Appointments ------------ --- 


	 --- 8/29/2031 --- 
 --- -------- Appointments ------------ --- 


	 --- 8/30/2031 --- 
 --- -------- Appointments ------------ --- 


	 --- 9/1/2031 --- 
 --- -------- Appointments ------------ --- 
	3/31/2017 at 3:30pm ,Birthday Party, This is my birthday party.
 

	 --- 9/2/2031 --- 
 --- -------- Appointments ------------ --- 


	 --- 9/3/2031 --- 
 --- -------- Appointments ------------ --- 


	 --- 9/4/2031 --- 
 --- -------- Appointments ------------ --- 


	 --- 9/5/2031 --- 
 --- -------- Appointments ------------ --- 


	 --- 9/6/2031 --- 
 --- -------- Appointments ------------ --- 


	 --- 9/7/2031 --- 
 --- -------- Appointments ------------ --- 


	 --- 9/8/2031 --- 
 --- -------- Appointments ------------ --- 


	 --- 9/9/2031 --- 
 --- -------- Appointments ------------ --- 


	 --- 9/10/2031 --- 
 --- -------- Appointments ------------ --- 


	 --- 9/11/2031 --- 
 --- -------- Appointments ------------ --- 


	 --- 9/12/2031 --- 
 --- -------- Appointments ------------ --- 


	 --- 9/13/2031 --- 
 --- -------- Appointments ------------ --- 


	 --- 9/14/2031 --- 
 --- -------- Appointments ------------ --- 


	 --- 9/15/2031 --- 
 --- -------- Appointments ------------ --- 


	 --- 9/16/2031 --- 
 --- -------- Appointments ------------ --- 


	 --- 9/17/2031 --- 
 --- -------- Appointments ------------ --- 


	 --- 9/18/2031 --- 
 --- -------- Appointments ------------ --- 


	 --- 9/19/2031 --- 
 --- -------- Appointments ------------ --- 


	 --- 9/20/2031 --- 
 --- -------- Appointments ------------ --- 


	 --- 9/21/2031 --- 
 --- -------- Appointments ------------ --- 


	 --- 9/22/2031 --- 
 --- -------- Appointments ------------ --- 


	 --- 9/23/2031 --- 
 --- -------- Appointments ------------ --- 


	 --- 9/24/2031 --- 
 --- -------- Appointments ------------ --- 


	 --- 9/25/2031 --- 
 --- -------- Appointments ------------ --- 


	 --- 9/26/2031 --- 
 --- -------- Appointments ------------ --- 


	 --- 9/27/2031 --- 
 --- -------- Appointments ------------ --- 


	 --- 9/28/2031 --- 
 --- -------- Appointments ------------ --- 


	 --- 9/29/2031 --- 
 --- -------- Appointments ------------ --- 


	 --- 9/30/2031 --- 
 --- -------- Appointments ------------ --- 


	 --- 9/31/2031 --- 
 --- -------- Appointments ------------ --- 


	 --- 10/1/2031 --- 
 --- -------- Appointments ------------ --- 
	3/31/2017 at 3:30pm ,Birthday Party, This is my birthday party.
 

	 --- 10/2/2031 --- 
 --- -------- Appointments ------------ --- 


	 --- 10/3/2031 --- 
 --- -------- Appointments ------------ --- 


	 --- 10/4/2031 --- 
 --- -------- Appointments ------------ --- 


	 --- 10/5/2031 --- 
 --- -------- Appointments ------------ --- 


	 --- 10/6/2031 --- 
 --- -------- Appointments ------------ --- 


	 --- 10/7/2031 --- 
 --- -------- Appointments ------------ --- 


	 --- 10/8/2031 --- 
 --- -------- Appointments ------------ --- 


	 --- 10/9/2031 --- 
 --- -------- Appointments ------------ --- 


	 --- 10/10/2031 --- 
 --- -------- Appointments ------------ --- 


	 --- 10/11/2031 --- 
 --- -------- Appointments ------------ --- 


	 --- 10/12/2031 --- 
 --- -------- Appointments ------------ --- 


	 --- 10/13/2031 --- 
 --- -------- Appointments ------------ --- 


	 --- 10/14/2031 --- 
 --- -------- Appointments ------------ --- 


	 --- 10/15/2031 --- 
 --- -------- Appointments ------------ --- 


	 --- 10/16/2031 --- 
 --- -------- Appointments ------------ --- 


	 --- 10/17/2031 --- 
 --- -------- Appointments ------------ --- 


	 --- 10/18/2031 --- 
 --- -------- Appointments ------------ --- 


	 --- 10/19/2031 --- 
 --- -------- Appointments ------------ --- 


	 --- 10/20/2031 --- 
 --- -------- Appointments ------------ --- 


	 --- 10/21/2031 --- 
 --- -------- Appointments ------------ --- 


	 --- 10/22/2031 --- 
 --- -------- Appointments ------------ --- 


	 --- 10/23/2031 --- 
 --- -------- Appointments ------------ --- 


	 --- 10/24/2031 --- 
 --- -------- Appointments ------------ --- 


	 --- 10/25/2031 --- 
 --- -------- Appointments ------------ --- 


	 --- 10/26/2031 --- 
 --- -------- Appointments ------------ --- 


	 --- 10/27/2031 --- 
 --- -------- Appointments ------------ --- 


	 --- 10/28/2031 --- 
 --- -------- Appointments ------------ --- 


	 --- 10/29/2031 --- 
 --- -------- Appointments ------------ --- 


	 --- 10/30/2031 --- 
 --- -------- Appointments ------------ --- 


	 --- 11/1/2031 --- 
 --- -------- Appointments ------------ --- 
	3/31/2017 at 3:30pm ,Birthday Party, This is my birthday party.
 

	 --- 11/2/2031 --- 
 --- -------- Appointments ------------ --- 


	 --- 11/3/2031 --- 
 --- -------- Appointments ------------ --- 


	 --- 11/4/2031 --- 
 --- -------- Appointments ------------ --- 


	 --- 11/5/2031 --- 
 --- -------- Appointments ------------ --- 


	 --- 11/6/2031 --- 
 --- -------- Appointments ------------ --- 


	 --- 11/7/2031 --- 
 --- -------- Appointments ------------ --- 


	 --- 11/8/2031 --- 
 --- -------- Appointments ------------ --- 


	 --- 11/9/2031 --- 
 --- -------- Appointments ------------ --- 


	 --- 11/10/2031 --- 
 --- -------- Appointments ------------ --- 


	 --- 11/11/2031 --- 
 --- -------- Appointments ------------ --- 


	 --- 11/12/2031 --- 
 --- -------- Appointments ------------ --- 


	 --- 11/13/2031 --- 
 --- -------- Appointments ------------ --- 


	 --- 11/14/2031 --- 
 --- -------- Appointments ------------ --- 


	 --- 11/15/2031 --- 
 --- -------- Appointments ------------ --- 


	 --- 11/16/2031 --- 
 --- -------- Appointments ------------ --- 


	 --- 11/17/2031 --- 
 --- -------- Appointments ------------ --- 


	 --- 11/18/2031 --- 
 --- -------- Appointments ------------ --- 


	 --- 11/19/2031 --- 
 --- -------- Appointments ------------ --- 


	 --- 11/20/2031 --- 
 --- -------- Appointments ------------ --- 


	 --- 11/21/2031 --- 
 --- -------- Appointments ------------ --- 


	 --- 11/22/2031 --- 
 --- -------- Appointments ------------ --- 


	 --- 11/23/2031 --- 
 --- -------- Appointments ------------ --- 


	 --- 11/24/2031 --- 
 --- -------- Appointments ------------ --- 


	 --- 11/25/2031 --- 
 --- -------- Appointments ------------ --- 


	 --- 11/26/2031 --- 
 --- -------- Appointments ------------ --- 


	 --- 11/27/2031 --- 
 --- -------- Appointments ------------ --- 


	 --- 11/28/2031 --- 
 --- -------- Appointments ------------ --- 


	 --- 11/29/2031 --- 
 --- -------- Appointments ------------ --- 


	 --- 11/30/2031 --- 
 --- -------- Appointments ------------ --- 


	 --- 11/31/2031 --- 
 --- -------- Appointments ------------ --- 


	 --- 0/1/2032 --- 
 --- -------- Appointments ------------ --- 
	3/31/2017 at 3:30pm ,Birthday Party, This is my birthday party.
 

	 --- 0/2/2032 --- 
 --- -------- Appointments ------------ --- 


	 --- 0/3/2032 --- 
 --- -------- Appointments ------------ --- 


	 --- 0/4/2032 --- 
 --- -------- Appointments ------------ --- 


	 --- 0/5/2032 --- 
 --- -------- Appointments ------------ --- 


	 --- 0/6/2032 --- 
 --- -------- Appointments ------------ --- 


	 --- 0/7/2032 --- 
 --- -------- Appointments ------------ --- 


	 --- 0/8/2032 --- 
 --- -------- Appointments ------------ --- 


	 --- 0/9/2032 --- 
 --- -------- Appointments ------------ --- 


	 --- 0/10/2032 --- 
 --- -------- Appointments ------------ --- 


	 --- 0/11/2032 --- 
 --- -------- Appointments ------------ --- 


	 --- 0/12/2032 --- 
 --- -------- Appointments ------------ --- 


	 --- 0/13/2032 --- 
 --- -------- Appointments ------------ --- 


	 --- 0/14/2032 --- 
 --- -------- Appointments ------------ --- 


	 --- 0/15/2032 --- 
 --- -------- Appointments ------------ --- 


	 --- 0/16/2032 --- 
 --- -------- Appointments ------------ --- 


	 --- 0/17/2032 --- 
 --- -------- Appointments ------------ --- 


	 --- 0/18/2032 --- 
 --- -------- Appointments ------------ --- 


	 --- 0/19/2032 --- 
 --- -------- Appointments ------------ --- 


	 --- 0/20/2032 --- 
 --- -------- Appointments ------------ --- 


	 --- 0/21/2032 --- 
 --- -------- Appointments ------------ --- 


	 --- 0/22/2032 --- 
 --- -------- Appointments ------------ --- 


	 --- 0/23/2032 --- 
 --- -------- Appointments ------------ --- 


	 --- 0/24/2032 --- 
 --- -------- Appointments ------------ --- 


	 --- 0/25/2032 --- 
 --- -------- Appointments ------------ --- 


	 --- 0/26/2032 --- 
 --- -------- Appointments ------------ --- 


	 --- 0/27/2032 --- 
 --- -------- Appointments ------------ --- 


	 --- 0/28/2032 --- 
 --- -------- Appointments ------------ --- 


	 --- 0/29/2032 --- 
 --- -------- Appointments ------------ --- 


	 --- 0/30/2032 --- 
 --- -------- Appointments ------------ --- 


	 --- 0/31/2032 --- 
 --- -------- Appointments ------------ --- 


	 --- 1/1/2032 --- 
 --- -------- Appointments ------------ --- 
	3/31/2017 at 3:30pm ,Birthday Party, This is my birthday party.
 

	 --- 1/2/2032 --- 
 --- -------- Appointments ------------ --- 


	 --- 1/3/2032 --- 
 --- -------- Appointments ------------ --- 


	 --- 1/4/2032 --- 
 --- -------- Appointments ------------ --- 


	 --- 1/5/2032 --- 
 --- -------- Appointments ------------ --- 


	 --- 1/6/2032 --- 
 --- -------- Appointments ------------ --- 


	 --- 1/7/2032 --- 
 --- -------- Appointments ------------ --- 


	 --- 1/8/2032 --- 
 --- -------- Appointments ------------ --- 


	 --- 1/9/2032 --- 
 --- -------- Appointments ------------ --- 


	 --- 1/10/2032 --- 
 --- -------- Appointments ------------ --- 


	 --- 1/11/2032 --- 
 --- -------- Appointments ------------ --- 


	 --- 1/12/2032 --- 
 --- -------- Appointments ------------ --- 


	 --- 1/13/2032 --- 
 --- -------- Appointments ------------ --- 


	 --- 1/14/2032 --- 
 --- -------- Appointments ------------ --- 


	 --- 1/15/2032 --- 
 --- -------- Appointments ------------ --- 


	 --- 1/16/2032 --- 
 --- -------- Appointments ------------ --- 


	 --- 1/17/2032 --- 
 --- -------- Appointments ------------ --- 


	 --- 1/18/2032 --- 
 --- -------- Appointments ------------ --- 


	 --- 1/19/2032 --- 
 --- -------- Appointments ------------ --- 


	 --- 1/20/2032 --- 
 --- -------- Appointments ------------ --- 


	 --- 1/21/2032 --- 
 --- -------- Appointments ------------ --- 


	 --- 1/22/2032 --- 
 --- -------- Appointments ------------ --- 


	 --- 1/23/2032 --- 
 --- -------- Appointments ------------ --- 


	 --- 1/24/2032 --- 
 --- -------- Appointments ------------ --- 


	 --- 1/25/2032 --- 
 --- -------- Appointments ------------ --- 


	 --- 1/26/2032 --- 
 --- -------- Appointments ------------ --- 


	 --- 1/27/2032 --- 
 --- -------- Appointments ------------ --- 


	 --- 1/28/2032 --- 
 --- -------- Appointments ------------ --- 


	 --- 1/29/2032 --- 
 --- -------- Appointments ------------ --- 


	 --- 2/1/2032 --- 
 --- -------- Appointments ------------ --- 
	3/31/2017 at 3:30pm ,Birthday Party, This is my birthday party.
 

	 --- 2/2/2032 --- 
 --- -------- Appointments ------------ --- 


	 --- 2/3/2032 --- 
 --- -------- Appointments ------------ --- 


	 --- 2/4/2032 --- 
 --- -------- Appointments ------------ --- 


	 --- 2/5/2032 --- 
 --- -------- Appointments ------------ --- 


	 --- 2/6/2032 --- 
 --- -------- Appointments ------------ --- 


	 --- 2/7/2032 --- 
 --- -------- Appointments ------------ --- 


	 --- 2/8/2032 --- 
 --- -------- Appointments ------------ --- 


	 --- 2/9/2032 --- 
 --- -------- Appointments ------------ --- 


	 --- 2/10/2032 --- 
 --- -------- Appointments ------------ --- 


	 --- 2/11/2032 --- 
 --- -------- Appointments ------------ --- 


	 --- 2/12/2032 --- 
 --- -------- Appointments ------------ --- 


	 --- 2/13/2032 --- 
 --- -------- Appointments ------------ --- 


	 --- 2/14/2032 --- 
 --- -------- Appointments ------------ --- 


	 --- 2/15/2032 --- 
 --- -------- Appointments ------------ --- 


	 --- 2/16/2032 --- 
 --- -------- Appointments ------------ --- 


	 --- 2/17/2032 --- 
 --- -------- Appointments ------------ --- 


	 --- 2/18/2032 --- 
 --- -------- Appointments ------------ --- 


	 --- 2/19/2032 --- 
 --- -------- Appointments ------------ --- 


	 --- 2/20/2032 --- 
 --- -------- Appointments ------------ --- 


	 --- 2/21/2032 --- 
 --- -------- Appointments ------------ --- 


	 --- 2/22/2032 --- 
 --- -------- Appointments ------------ --- 


	 --- 2/23/2032 --- 
 --- -------- Appointments ------------ --- 


	 --- 2/24/2032 --- 
 --- -------- Appointments ------------ --- 


	 --- 2/25/2032 --- 
 --- -------- Appointments ------------ --- 


	 --- 2/26/2032 --- 
 --- -------- Appointments ------------ --- 
	2/26/2018 at 11:30pm ,Birthday Party, This is my birthday party.
 

	 --- 2/27/2032 --- 
 --- -------- Appointments ------------ --- 


	 --- 2/28/2032 --- 
 --- -------- Appointments ------------ --- 


	 --- 2/29/2032 --- 
 --- -------- Appointments ------------ --- 


	 --- 2/30/2032 --- 
 --- -------- Appointments ------------ --- 


	 --- 2/31/2032 --- 
 --- -------- Appointments ------------ --- 


	 --- 3/1/2032 --- 
 --- -------- Appointments ------------ --- 
	3/31/2017 at 3:30pm ,Birthday Party, This is my birthday party.
 

	 --- 3/2/2032 --- 
 --- -------- Appointments ------------ --- 


	 --- 3/3/2032 --- 
 --- -------- Appointments ------------ --- 


	 --- 3/4/2032 --- 
 --- -------- Appointments ------------ --- 


	 --- 3/5/2032 --- 
 --- -------- Appointments ------------ --- 


	 --- 3/6/2032 --- 
 --- -------- Appointments ------------ --- 


	 --- 3/7/2032 --- 
 --- -------- Appointments ------------ --- 


	 --- 3/8/2032 --- 
 --- -------- Appointments ------------ --- 


	 --- 3/9/2032 --- 
 --- -------- Appointments ------------ --- 


	 --- 3/10/2032 --- 
 --- -------- Appointments ------------ --- 


	 --- 3/11/2032 --- 
 --- -------- Appointments ------------ --- 


	 --- 3/12/2032 --- 
 --- -------- Appointments ------------ --- 


	 --- 3/13/2032 --- 
 --- -------- Appointments ------------ --- 


	 --- 3/14/2032 --- 
 --- -------- Appointments ------------ --- 


	 --- 3/15/2032 --- 
 --- -------- Appointments ------------ --- 


	 --- 3/16/2032 --- 
 --- -------- Appointments ------------ --- 


	 --- 3/17/2032 --- 
 --- -------- Appointments ------------ --- 


	 --- 3/18/2032 --- 
 --- -------- Appointments ------------ --- 


	 --- 3/19/2032 --- 
 --- -------- Appointments ------------ --- 


	 --- 3/20/2032 --- 
 --- -------- Appointments ------------ --- 


	 --- 3/21/2032 --- 
 --- -------- Appointments ------------ --- 


	 --- 3/22/2032 --- 
 --- -------- Appointments ------------ --- 


	 --- 3/23/2032 --- 
 --- -------- Appointments ------------ --- 


	 --- 3/24/2032 --- 
 --- -------- Appointments ------------ --- 


	 --- 3/25/2032 --- 
 --- -------- Appointments ------------ --- 


	 --- 3/26/2032 --- 
 --- -------- Appointments ------------ --- 


	 --- 3/27/2032 --- 
 --- -------- Appointments ------------ --- 


	 --- 3/28/2032 --- 
 --- -------- Appointments ------------ --- 


	 --- 3/29/2032 --- 
 --- -------- Appointments ------------ --- 


	 --- 3/30/2032 --- 
 --- -------- Appointments ------------ --- 


	 --- 4/1/2032 --- 
 --- -------- Appointments ------------ --- 
	3/31/2017 at 3:30pm ,Birthday Party, This is my birthday party.
 

	 --- 4/2/2032 --- 
 --- -------- Appointments ------------ --- 


	 --- 4/3/2032 --- 
 --- -------- Appointments ------------ --- 


	 --- 4/4/2032 --- 
 --- -------- Appointments ------------ --- 


	 --- 4/5/2032 --- 
 --- -------- Appointments ------------ --- 


	 --- 4/6/2032 --- 
 --- -------- Appointments ------------ --- 


	 --- 4/7/2032 --- 
 --- -------- Appointments ------------ --- 


	 --- 4/8/2032 --- 
 --- -------- Appointments ------------ --- 


	 --- 4/9/2032 --- 
 --- -------- Appointments ------------ --- 


	 --- 4/10/2032 --- 
 --- -------- Appointments ------------ --- 


	 --- 4/11/2032 --- 
 --- -------- Appointments ------------ --- 


	 --- 4/12/2032 --- 
 --- -------- Appointments ------------ --- 


	 --- 4/13/2032 --- 
 --- -------- Appointments ------------ --- 


	 --- 4/14/2032 --- 
 --- -------- Appointments ------------ --- 


	 --- 4/15/2032 --- 
 --- -------- Appointments ------------ --- 


	 --- 4/16/2032 --- 
 --- -------- Appointments ------------ --- 


	 --- 4/17/2032 --- 
 --- -------- Appointments ------------ --- 


	 --- 4/18/2032 --- 
 --- -------- Appointments ------------ --- 


	 --- 4/19/2032 --- 
 --- -------- Appointments ------------ --- 


	 --- 4/20/2032 --- 
 --- -------- Appointments ------------ --- 


	 --- 4/21/2032 --- 
 --- -------- Appointments ------------ --- 


	 --- 4/22/2032 --- 
 --- -------- Appointments ------------ --- 


	 --- 4/23/2032 --- 
 --- -------- Appointments ------------ --- 


	 --- 4/24/2032 --- 
 --- -------- Appointments ------------ --- 


	 --- 4/25/2032 --- 
 --- -------- Appointments ------------ --- 


	 --- 4/26/2032 --- 
 --- -------- Appointments ------------ --- 


	 --- 4/27/2032 --- 
 --- -------- Appointments ------------ --- 


	 --- 4/28/2032 --- 
 --- -------- Appointments ------------ --- 


	 --- 4/29/2032 --- 
 --- -------- Appointments ------------ --- 


	 --- 4/30/2032 --- 
 --- -------- Appointments ------------ --- 


	 --- 4/31/2032 --- 
 --- -------- Appointments ------------ --- 


	 --- 5/1/2032 --- 
 --- -------- Appointments ------------ --- 
	3/31/2017 at 3:30pm ,Birthday Party, This is my birthday party.
 

	 --- 5/2/2032 --- 
 --- -------- Appointments ------------ --- 


	 --- 5/3/2032 --- 
 --- -------- Appointments ------------ --- 


	 --- 5/4/2032 --- 
 --- -------- Appointments ------------ --- 


	 --- 5/5/2032 --- 
 --- -------- Appointments ------------ --- 


	 --- 5/6/2032 --- 
 --- -------- Appointments ------------ --- 


	 --- 5/7/2032 --- 
 --- -------- Appointments ------------ --- 


	 --- 5/8/2032 --- 
 --- -------- Appointments ------------ --- 


	 --- 5/9/2032 --- 
 --- -------- Appointments ------------ --- 


	 --- 5/10/2032 --- 
 --- -------- Appointments ------------ --- 


	 --- 5/11/2032 --- 
 --- -------- Appointments ------------ --- 


	 --- 5/12/2032 --- 
 --- -------- Appointments ------------ --- 


	 --- 5/13/2032 --- 
 --- -------- Appointments ------------ --- 


	 --- 5/14/2032 --- 
 --- -------- Appointments ------------ --- 


	 --- 5/15/2032 --- 
 --- -------- Appointments ------------ --- 


	 --- 5/16/2032 --- 
 --- -------- Appointments ------------ --- 


	 --- 5/17/2032 --- 
 --- -------- Appointments ------------ --- 


	 --- 5/18/2032 --- 
 --- -------- Appointments ------------ --- 


	 --- 5/19/2032 --- 
 --- -------- Appointments ------------ --- 


	 --- 5/20/2032 --- 
 --- -------- Appointments ------------ --- 


	 --- 5/21/2032 --- 
 --- -------- Appointments ------------ --- 


	 --- 5/22/2032 --- 
 --- -------- Appointments ------------ --- 


	 --- 5/23/2032 --- 
 --- -------- Appointments ------------ --- 


	 --- 5/24/2032 --- 
 --- -------- Appointments ------------ --- 


	 --- 5/25/2032 --- 
 --- -------- Appointments ------------ --- 


	 --- 5/26/2032 --- 
 --- -------- Appointments ------------ --- 


	 --- 5/27/2032 --- 
 --- -------- Appointments ------------ --- 


	 --- 5/28/2032 --- 
 --- -------- Appointments ------------ --- 


	 --- 5/29/2032 --- 
 --- -------- Appointments ------------ --- 


	 --- 5/30/2032 --- 
 --- -------- Appointments ------------ --- 


	 --- 6/1/2032 --- 
 --- -------- Appointments ------------ --- 
	3/31/2017 at 3:30pm ,Birthday Party, This is my birthday party.
 

	 --- 6/2/2032 --- 
 --- -------- Appointments ------------ --- 


	 --- 6/3/2032 --- 
 --- -------- Appointments ------------ --- 


	 --- 6/4/2032 --- 
 --- -------- Appointments ------------ --- 


	 --- 6/5/2032 --- 
 --- -------- Appointments ------------ --- 


	 --- 6/6/2032 --- 
 --- -------- Appointments ------------ --- 


	 --- 6/7/2032 --- 
 --- -------- Appointments ------------ --- 


	 --- 6/8/2032 --- 
 --- -------- Appointments ------------ --- 


	 --- 6/9/2032 --- 
 --- -------- Appointments ------------ --- 


	 --- 6/10/2032 --- 
 --- -------- Appointments ------------ --- 


	 --- 6/11/2032 --- 
 --- -------- Appointments ------------ --- 


	 --- 6/12/2032 --- 
 --- -------- Appointments ------------ --- 


	 --- 6/13/2032 --- 
 --- -------- Appointments ------------ --- 


	 --- 6/14/2032 --- 
 --- -------- Appointments ------------ --- 


	 --- 6/15/2032 --- 
 --- -------- Appointments ------------ --- 


	 --- 6/16/2032 --- 
 --- -------- Appointments ------------ --- 


	 --- 6/17/2032 --- 
 --- -------- Appointments ------------ --- 


	 --- 6/18/2032 --- 
 --- -------- Appointments ------------ --- 


	 --- 6/19/2032 --- 
 --- -------- Appointments ------------ --- 


	 --- 6/20/2032 --- 
 --- -------- Appointments ------------ --- 


	 --- 6/21/2032 --- 
 --- -------- Appointments ------------ --- 


	 --- 6/22/2032 --- 
 --- -------- Appointments ------------ --- 


	 --- 6/23/2032 --- 
 --- -------- Appointments ------------ --- 


	 --- 6/24/2032 --- 
 --- -------- Appointments ------------ --- 


	 --- 6/25/2032 --- 
 --- -------- Appointments ------------ --- 


	 --- 6/26/2032 --- 
 --- -------- Appointments ------------ --- 


	 --- 6/27/2032 --- 
 --- -------- Appointments ------------ --- 


	 --- 6/28/2032 --- 
 --- -------- Appointments ------------ --- 


	 --- 6/29/2032 --- 
 --- -------- Appointments ------------ --- 


	 --- 6/30/2032 --- 
 --- -------- Appointments ------------ --- 


	 --- 6/31/2032 --- 
 --- -------- Appointments ------------ --- 


	 --- 7/1/2032 --- 
 --- -------- Appointments ------------ --- 
	3/31/2017 at 3:30pm ,Birthday Party, This is my birthday party.
 

	 --- 7/2/2032 --- 
 --- -------- Appointments ------------ --- 


	 --- 7/3/2032 --- 
 --- -------- Appointments ------------ --- 


	 --- 7/4/2032 --- 
 --- -------- Appointments ------------ --- 


	 --- 7/5/2032 --- 
 --- -------- Appointments ------------ --- 


	 --- 7/6/2032 --- 
 --- -------- Appointments ------------ --- 


	 --- 7/7/2032 --- 
 --- -------- Appointments ------------ --- 


	 --- 7/8/2032 --- 
 --- -------- Appointments ------------ --- 


	 --- 7/9/2032 --- 
 --- -------- Appointments ------------ --- 


	 --- 7/10/2032 --- 
 --- -------- Appointments ------------ --- 


	 --- 7/11/2032 --- 
 --- -------- Appointments ------------ --- 


	 --- 7/12/2032 --- 
 --- -------- Appointments ------------ --- 


	 --- 7/13/2032 --- 
 --- -------- Appointments ------------ --- 


	 --- 7/14/2032 --- 
 --- -------- Appointments ------------ --- 


	 --- 7/15/2032 --- 
 --- -------- Appointments ------------ --- 


	 --- 7/16/2032 --- 
 --- -------- Appointments ------------ --- 


	 --- 7/17/2032 --- 
 --- -------- Appointments ------------ --- 


	 --- 7/18/2032 --- 
 --- -------- Appointments ------------ --- 


	 --- 7/19/2032 --- 
 --- -------- Appointments ------------ --- 


	 --- 7/20/2032 --- 
 --- -------- Appointments ------------ --- 


	 --- 7/21/2032 --- 
 --- -------- Appointments ------------ --- 


	 --- 7/22/2032 --- 
 --- -------- Appointments ------------ --- 


	 --- 7/23/2032 --- 
 --- -------- Appointments ------------ --- 


	 --- 7/24/2032 --- 
 --- -------- Appointments ------------ --- 


	 --- 7/25/2032 --- 
 --- -------- Appointments ------------ --- 


	 --- 7/26/2032 --- 
 --- -------- Appointments ------------ --- 


	 --- 7/27/2032 --- 
 --- -------- Appointments ------------ --- 


	 --- 7/28/2032 --- 
 --- -------- Appointments ------------ --- 


	 --- 7/29/2032 --- 
 --- -------- Appointments ------------ --- 


	 --- 7/30/2032 --- 
 --- -------- Appointments ------------ --- 


	 --- 7/31/2032 --- 
 --- -------- Appointments ------------ --- 


	 --- 8/1/2032 --- 
 --- -------- Appointments ------------ --- 
	3/31/2017 at 3:30pm ,Birthday Party, This is my birthday party.
 

	 --- 8/2/2032 --- 
 --- -------- Appointments ------------ --- 


	 --- 8/3/2032 --- 
 --- -------- Appointments ------------ --- 


	 --- 8/4/2032 --- 
 --- -------- Appointments ------------ --- 


	 --- 8/5/2032 --- 
 --- -------- Appointments ------------ --- 


	 --- 8/6/2032 --- 
 --- -------- Appointments ------------ --- 


	 --- 8/7/2032 --- 
 --- -------- Appointments ------------ --- 


	 --- 8/8/2032 --- 
 --- -------- Appointments ------------ --- 


	 --- 8/9/2032 --- 
 --- -------- Appointments ------------ --- 


	 --- 8/10/2032 --- 
 --- -------- Appointments ------------ --- 


	 --- 8/11/2032 --- 
 --- -------- Appointments ------------ --- 


	 --- 8/12/2032 --- 
 --- -------- Appointments ------------ --- 


	 --- 8/13/2032 --- 
 --- -------- Appointments ------------ --- 


	 --- 8/14/2032 --- 
 --- -------- Appointments ------------ --- 


	 --- 8/15/2032 --- 
 --- -------- Appointments ------------ --- 


	 --- 8/16/2032 --- 
 --- -------- Appointments ------------ --- 


	 --- 8/17/2032 --- 
 --- -------- Appointments ------------ --- 


	 --- 8/18/2032 --- 
 --- -------- Appointments ------------ --- 


	 --- 8/19/2032 --- 
 --- -------- Appointments ------------ --- 


	 --- 8/20/2032 --- 
 --- -------- Appointments ------------ --- 


	 --- 8/21/2032 --- 
 --- -------- Appointments ------------ --- 


	 --- 8/22/2032 --- 
 --- -------- Appointments ------------ --- 


	 --- 8/23/2032 --- 
 --- -------- Appointments ------------ --- 


	 --- 8/24/2032 --- 
 --- -------- Appointments ------------ --- 


	 --- 8/25/2032 --- 
 --- -------- Appointments ------------ --- 


	 --- 8/26/2032 --- 
 --- -------- Appointments ------------ --- 


	 --- 8/27/2032 --- 
 --- -------- Appointments ------------ --- 


	 --- 8/28/2032 --- 
 --- -------- Appointments ------------ --- 


	 --- 8/29/2032 --- 
 --- -------- Appointments ------------ --- 


	 --- 8/30/2032 --- 
 --- -------- Appointments ------------ --- 


	 --- 9/1/2032 --- 
 --- -------- Appointments ------------ --- 
	3/31/2017 at 3:30pm ,Birthday Party, This is my birthday party.
 

	 --- 9/2/2032 --- 
 --- -------- Appointments ------------ --- 


	 --- 9/3/2032 --- 
 --- -------- Appointments ------------ --- 


	 --- 9/4/2032 --- 
 --- -------- Appointments ------------ --- 


	 --- 9/5/2032 --- 
 --- -------- Appointments ------------ --- 


	 --- 9/6/2032 --- 
 --- -------- Appointments ------------ --- 


	 --- 9/7/2032 --- 
 --- -------- Appointments ------------ --- 


	 --- 9/8/2032 --- 
 --- -------- Appointments ------------ --- 


	 --- 9/9/2032 --- 
 --- -------- Appointments ------------ --- 


	 --- 9/10/2032 --- 
 --- -------- Appointments ------------ --- 


	 --- 9/11/2032 --- 
 --- -------- Appointments ------------ --- 


	 --- 9/12/2032 --- 
 --- -------- Appointments ------------ --- 


	 --- 9/13/2032 --- 
 --- -------- Appointments ------------ --- 


	 --- 9/14/2032 --- 
 --- -------- Appointments ------------ --- 


	 --- 9/15/2032 --- 
 --- -------- Appointments ------------ --- 


	 --- 9/16/2032 --- 
 --- -------- Appointments ------------ --- 


	 --- 9/17/2032 --- 
 --- -------- Appointments ------------ --- 


	 --- 9/18/2032 --- 
 --- -------- Appointments ------------ --- 


	 --- 9/19/2032 --- 
 --- -------- Appointments ------------ --- 


	 --- 9/20/2032 --- 
 --- -------- Appointments ------------ --- 


	 --- 9/21/2032 --- 
 --- -------- Appointments ------------ --- 


	 --- 9/22/2032 --- 
 --- -------- Appointments ------------ --- 


	 --- 9/23/2032 --- 
 --- -------- Appointments ------------ --- 


	 --- 9/24/2032 --- 
 --- -------- Appointments ------------ --- 


	 --- 9/25/2032 --- 
 --- -------- Appointments ------------ --- 


	 --- 9/26/2032 --- 
 --- -------- Appointments ------------ --- 


	 --- 9/27/2032 --- 
 --- -------- Appointments ------------ --- 


	 --- 9/28/2032 --- 
 --- -------- Appointments ------------ --- 


	 --- 9/29/2032 --- 
 --- -------- Appointments ------------ --- 


	 --- 9/30/2032 --- 
 --- -------- Appointments ------------ --- 


	 --- 9/31/2032 --- 
 --- -------- Appointments ------------ --- 


	 --- 10/1/2032 --- 
 --- -------- Appointments ------------ --- 
	3/31/2017 at 3:30pm ,Birthday Party, This is my birthday party.
 

	 --- 10/2/2032 --- 
 --- -------- Appointments ------------ --- 


	 --- 10/3/2032 --- 
 --- -------- Appointments ------------ --- 


	 --- 10/4/2032 --- 
 --- -------- Appointments ------------ --- 


	 --- 10/5/2032 --- 
 --- -------- Appointments ------------ --- 


	 --- 10/6/2032 --- 
 --- -------- Appointments ------------ --- 


	 --- 10/7/2032 --- 
 --- -------- Appointments ------------ --- 


	 --- 10/8/2032 --- 
 --- -------- Appointments ------------ --- 


	 --- 10/9/2032 --- 
 --- -------- Appointments ------------ --- 


	 --- 10/10/2032 --- 
 --- -------- Appointments ------------ --- 


	 --- 10/11/2032 --- 
 --- -------- Appointments ------------ --- 


	 --- 10/12/2032 --- 
 --- -------- Appointments ------------ --- 


	 --- 10/13/2032 --- 
 --- -------- Appointments ------------ --- 


	 --- 10/14/2032 --- 
 --- -------- Appointments ------------ --- 


	 --- 10/15/2032 --- 
 --- -------- Appointments ------------ --- 


	 --- 10/16/2032 --- 
 --- -------- Appointments ------------ --- 


	 --- 10/17/2032 --- 
 --- -------- Appointments ------------ --- 


	 --- 10/18/2032 --- 
 --- -------- Appointments ------------ --- 


	 --- 10/19/2032 --- 
 --- -------- Appointments ------------ --- 


	 --- 10/20/2032 --- 
 --- -------- Appointments ------------ --- 


	 --- 10/21/2032 --- 
 --- -------- Appointments ------------ --- 


	 --- 10/22/2032 --- 
 --- -------- Appointments ------------ --- 


	 --- 10/23/2032 --- 
 --- -------- Appointments ------------ --- 


	 --- 10/24/2032 --- 
 --- -------- Appointments ------------ --- 


	 --- 10/25/2032 --- 
 --- -------- Appointments ------------ --- 


	 --- 10/26/2032 --- 
 --- -------- Appointments ------------ --- 


	 --- 10/27/2032 --- 
 --- -------- Appointments ------------ --- 


	 --- 10/28/2032 --- 
 --- -------- Appointments ------------ --- 


	 --- 10/29/2032 --- 
 --- -------- Appointments ------------ --- 


	 --- 10/30/2032 --- 
 --- -------- Appointments ------------ --- 


	 --- 11/1/2032 --- 
 --- -------- Appointments ------------ --- 
	3/31/2017 at 3:30pm ,Birthday Party, This is my birthday party.
 

	 --- 11/2/2032 --- 
 --- -------- Appointments ------------ --- 


	 --- 11/3/2032 --- 
 --- -------- Appointments ------------ --- 


	 --- 11/4/2032 --- 
 --- -------- Appointments ------------ --- 


	 --- 11/5/2032 --- 
 --- -------- Appointments ------------ --- 


	 --- 11/6/2032 --- 
 --- -------- Appointments ------------ --- 


	 --- 11/7/2032 --- 
 --- -------- Appointments ------------ --- 


	 --- 11/8/2032 --- 
 --- -------- Appointments ------------ --- 


	 --- 11/9/2032 --- 
 --- -------- Appointments ------------ --- 


	 --- 11/10/2032 --- 
 --- -------- Appointments ------------ --- 


	 --- 11/11/2032 --- 
 --- -------- Appointments ------------ --- 


	 --- 11/12/2032 --- 
 --- -------- Appointments ------------ --- 


	 --- 11/13/2032 --- 
 --- -------- Appointments ------------ --- 


	 --- 11/14/2032 --- 
 --- -------- Appointments ------------ --- 


	 --- 11/15/2032 --- 
 --- -------- Appointments ------------ --- 


	 --- 11/16/2032 --- 
 --- -------- Appointments ------------ --- 


	 --- 11/17/2032 --- 
 --- -------- Appointments ------------ --- 


	 --- 11/18/2032 --- 
 --- -------- Appointments ------------ --- 


	 --- 11/19/2032 --- 
 --- -------- Appointments ------------ --- 


	 --- 11/20/2032 --- 
 --- -------- Appointments ------------ --- 


	 --- 11/21/2032 --- 
 --- -------- Appointments ------------ --- 


	 --- 11/22/2032 --- 
 --- -------- Appointments ------------ --- 


	 --- 11/23/2032 --- 
 --- -------- Appointments ------------ --- 


	 --- 11/24/2032 --- 
 --- -------- Appointments ------------ --- 


	 --- 11/25/2032 --- 
 --- -------- Appointments ------------ --- 


	 --- 11/26/2032 --- 
 --- -------- Appointments ------------ --- 


	 --- 11/27/2032 --- 
 --- -------- Appointments ------------ --- 


	 --- 11/28/2032 --- 
 --- -------- Appointments ------------ --- 


	 --- 11/29/2032 --- 
 --- -------- Appointments ------------ --- 


	 --- 11/30/2032 --- 
 --- -------- Appointments ------------ --- 


	 --- 11/31/2032 --- 
 --- -------- Appointments ------------ --- 


	 --- 0/1/2033 --- 
 --- -------- Appointments ------------ --- 
	3/31/2017 at 3:30pm ,Birthday Party, This is my birthday party.
 

	 --- 0/2/2033 --- 
 --- -------- Appointments ------------ --- 


	 --- 0/3/2033 --- 
 --- -------- Appointments ------------ --- 


	 --- 0/4/2033 --- 
 --- -------- Appointments ------------ --- 


	 --- 0/5/2033 --- 
 --- -------- Appointments ------------ --- 


	 --- 0/6/2033 --- 
 --- -------- Appointments ------------ --- 


	 --- 0/7/2033 --- 
 --- -------- Appointments ------------ --- 


	 --- 0/8/2033 --- 
 --- -------- Appointments ------------ --- 


	 --- 0/9/2033 --- 
 --- -------- Appointments ------------ --- 


	 --- 0/10/2033 --- 
 --- -------- Appointments ------------ --- 


	 --- 0/11/2033 --- 
 --- -------- Appointments ------------ --- 


	 --- 0/12/2033 --- 
 --- -------- Appointments ------------ --- 


	 --- 0/13/2033 --- 
 --- -------- Appointments ------------ --- 


	 --- 0/14/2033 --- 
 --- -------- Appointments ------------ --- 


	 --- 0/15/2033 --- 
 --- -------- Appointments ------------ --- 


	 --- 0/16/2033 --- 
 --- -------- Appointments ------------ --- 


	 --- 0/17/2033 --- 
 --- -------- Appointments ------------ --- 


	 --- 0/18/2033 --- 
 --- -------- Appointments ------------ --- 


	 --- 0/19/2033 --- 
 --- -------- Appointments ------------ --- 


	 --- 0/20/2033 --- 
 --- -------- Appointments ------------ --- 


	 --- 0/21/2033 --- 
 --- -------- Appointments ------------ --- 


	 --- 0/22/2033 --- 
 --- -------- Appointments ------------ --- 


	 --- 0/23/2033 --- 
 --- -------- Appointments ------------ --- 


	 --- 0/24/2033 --- 
 --- -------- Appointments ------------ --- 


	 --- 0/25/2033 --- 
 --- -------- Appointments ------------ --- 


	 --- 0/26/2033 --- 
 --- -------- Appointments ------------ --- 


	 --- 0/27/2033 --- 
 --- -------- Appointments ------------ --- 


	 --- 0/28/2033 --- 
 --- -------- Appointments ------------ --- 


	 --- 0/29/2033 --- 
 --- -------- Appointments ------------ --- 


	 --- 0/30/2033 --- 
 --- -------- Appointments ------------ --- 


	 --- 0/31/2033 --- 
 --- -------- Appointments ------------ --- 


	 --- 1/1/2033 --- 
 --- -------- Appointments ------------ --- 
	3/31/2017 at 3:30pm ,Birthday Party, This is my birthday party.
 

	 --- 1/2/2033 --- 
 --- -------- Appointments ------------ --- 


	 --- 1/3/2033 --- 
 --- -------- Appointments ------------ --- 


	 --- 1/4/2033 --- 
 --- -------- Appointments ------------ --- 


	 --- 1/5/2033 --- 
 --- -------- Appointments ------------ --- 


	 --- 1/6/2033 --- 
 --- -------- Appointments ------------ --- 


	 --- 1/7/2033 --- 
 --- -------- Appointments ------------ --- 


	 --- 1/8/2033 --- 
 --- -------- Appointments ------------ --- 


	 --- 1/9/2033 --- 
 --- -------- Appointments ------------ --- 


	 --- 1/10/2033 --- 
 --- -------- Appointments ------------ --- 


	 --- 1/11/2033 --- 
 --- -------- Appointments ------------ --- 


	 --- 1/12/2033 --- 
 --- -------- Appointments ------------ --- 


	 --- 1/13/2033 --- 
 --- -------- Appointments ------------ --- 


	 --- 1/14/2033 --- 
 --- -------- Appointments ------------ --- 


	 --- 1/15/2033 --- 
 --- -------- Appointments ------------ --- 


	 --- 1/16/2033 --- 
 --- -------- Appointments ------------ --- 


	 --- 1/17/2033 --- 
 --- -------- Appointments ------------ --- 


	 --- 1/18/2033 --- 
 --- -------- Appointments ------------ --- 


	 --- 1/19/2033 --- 
 --- -------- Appointments ------------ --- 


	 --- 1/20/2033 --- 
 --- -------- Appointments ------------ --- 


	 --- 1/21/2033 --- 
 --- -------- Appointments ------------ --- 


	 --- 1/22/2033 --- 
 --- -------- Appointments ------------ --- 


	 --- 1/23/2033 --- 
 --- -------- Appointments ------------ --- 


	 --- 1/24/2033 --- 
 --- -------- Appointments ------------ --- 


	 --- 1/25/2033 --- 
 --- -------- Appointments ------------ --- 


	 --- 1/26/2033 --- 
 --- -------- Appointments ------------ --- 


	 --- 1/27/2033 --- 
 --- -------- Appointments ------------ --- 


	 --- 1/28/2033 --- 
 --- -------- Appointments ------------ --- 


	 --- 2/1/2033 --- 
 --- -------- Appointments ------------ --- 
	3/31/2017 at 3:30pm ,Birthday Party, This is my birthday party.
 

	 --- 2/2/2033 --- 
 --- -------- Appointments ------------ --- 


	 --- 2/3/2033 --- 
 --- -------- Appointments ------------ --- 


	 --- 2/4/2033 --- 
 --- -------- Appointments ------------ --- 


	 --- 2/5/2033 --- 
 --- -------- Appointments ------------ --- 


	 --- 2/6/2033 --- 
 --- -------- Appointments ------------ --- 


	 --- 2/7/2033 --- 
 --- -------- Appointments ------------ --- 


	 --- 2/8/2033 --- 
 --- -------- Appointments ------------ --- 


	 --- 2/9/2033 --- 
 --- -------- Appointments ------------ --- 


	 --- 2/10/2033 --- 
 --- -------- Appointments ------------ --- 


	 --- 2/11/2033 --- 
 --- -------- Appointments ------------ --- 


	 --- 2/12/2033 --- 
 --- -------- Appointments ------------ --- 


	 --- 2/13/2033 --- 
 --- -------- Appointments ------------ --- 


	 --- 2/14/2033 --- 
 --- -------- Appointments ------------ --- 


	 --- 2/15/2033 --- 
 --- -------- Appointments ------------ --- 


	 --- 2/16/2033 --- 
 --- -------- Appointments ------------ --- 


	 --- 2/17/2033 --- 
 --- -------- Appointments ------------ --- 


	 --- 2/18/2033 --- 
 --- -------- Appointments ------------ --- 


	 --- 2/19/2033 --- 
 --- -------- Appointments ------------ --- 


	 --- 2/20/2033 --- 
 --- -------- Appointments ------------ --- 


	 --- 2/21/2033 --- 
 --- -------- Appointments ------------ --- 


	 --- 2/22/2033 --- 
 --- -------- Appointments ------------ --- 


	 --- 2/23/2033 --- 
 --- -------- Appointments ------------ --- 


	 --- 2/24/2033 --- 
 --- -------- Appointments ------------ --- 


	 --- 2/25/2033 --- 
 --- -------- Appointments ------------ --- 


	 --- 2/26/2033 --- 
 --- -------- Appointments ------------ --- 
	2/26/2018 at 11:30pm ,Birthday Party, This is my birthday party.
 

	 --- 2/27/2033 --- 
 --- -------- Appointments ------------ --- 


	 --- 2/28/2033 --- 
 --- -------- Appointments ------------ --- 


	 --- 2/29/2033 --- 
 --- -------- Appointments ------------ --- 


	 --- 2/30/2033 --- 
 --- -------- Appointments ------------ --- 


	 --- 2/31/2033 --- 
 --- -------- Appointments ------------ --- 


	 --- 3/1/2033 --- 
 --- -------- Appointments ------------ --- 
	3/31/2017 at 3:30pm ,Birthday Party, This is my birthday party.
 

	 --- 3/2/2033 --- 
 --- -------- Appointments ------------ --- 


	 --- 3/3/2033 --- 
 --- -------- Appointments ------------ --- 


	 --- 3/4/2033 --- 
 --- -------- Appointments ------------ --- 


	 --- 3/5/2033 --- 
 --- -------- Appointments ------------ --- 


	 --- 3/6/2033 --- 
 --- -------- Appointments ------------ --- 


	 --- 3/7/2033 --- 
 --- -------- Appointments ------------ --- 


	 --- 3/8/2033 --- 
 --- -------- Appointments ------------ --- 


	 --- 3/9/2033 --- 
 --- -------- Appointments ------------ --- 


	 --- 3/10/2033 --- 
 --- -------- Appointments ------------ --- 


	 --- 3/11/2033 --- 
 --- -------- Appointments ------------ --- 


	 --- 3/12/2033 --- 
 --- -------- Appointments ------------ --- 


	 --- 3/13/2033 --- 
 --- -------- Appointments ------------ --- 


	 --- 3/14/2033 --- 
 --- -------- Appointments ------------ --- 


	 --- 3/15/2033 --- 
 --- -------- Appointments ------------ --- 


	 --- 3/16/2033 --- 
 --- -------- Appointments ------------ --- 


	 --- 3/17/2033 --- 
 --- -------- Appointments ------------ --- 


	 --- 3/18/2033 --- 
 --- -------- Appointments ------------ --- 


	 --- 3/19/2033 --- 
 --- -------- Appointments ------------ --- 


	 --- 3/20/2033 --- 
 --- -------- Appointments ------------ --- 


	 --- 3/21/2033 --- 
 --- -------- Appointments ------------ --- 


	 --- 3/22/2033 --- 
 --- -------- Appointments ------------ --- 


	 --- 3/23/2033 --- 
 --- -------- Appointments ------------ --- 


	 --- 3/24/2033 --- 
 --- -------- Appointments ------------ --- 


	 --- 3/25/2033 --- 
 --- -------- Appointments ------------ --- 


	 --- 3/26/2033 --- 
 --- -------- Appointments ------------ --- 


	 --- 3/27/2033 --- 
 --- -------- Appointments ------------ --- 


	 --- 3/28/2033 --- 
 --- -------- Appointments ------------ --- 


	 --- 3/29/2033 --- 
 --- -------- Appointments ------------ --- 


	 --- 3/30/2033 --- 
 --- -------- Appointments ------------ --- 


	 --- 4/1/2033 --- 
 --- -------- Appointments ------------ --- 
	3/31/2017 at 3:30pm ,Birthday Party, This is my birthday party.
 

	 --- 4/2/2033 --- 
 --- -------- Appointments ------------ --- 


	 --- 4/3/2033 --- 
 --- -------- Appointments ------------ --- 


	 --- 4/4/2033 --- 
 --- -------- Appointments ------------ --- 


	 --- 4/5/2033 --- 
 --- -------- Appointments ------------ --- 


	 --- 4/6/2033 --- 
 --- -------- Appointments ------------ --- 


	 --- 4/7/2033 --- 
 --- -------- Appointments ------------ --- 


	 --- 4/8/2033 --- 
 --- -------- Appointments ------------ --- 


	 --- 4/9/2033 --- 
 --- -------- Appointments ------------ --- 


	 --- 4/10/2033 --- 
 --- -------- Appointments ------------ --- 


	 --- 4/11/2033 --- 
 --- -------- Appointments ------------ --- 


	 --- 4/12/2033 --- 
 --- -------- Appointments ------------ --- 


	 --- 4/13/2033 --- 
 --- -------- Appointments ------------ --- 


	 --- 4/14/2033 --- 
 --- -------- Appointments ------------ --- 


	 --- 4/15/2033 --- 
 --- -------- Appointments ------------ --- 


	 --- 4/16/2033 --- 
 --- -------- Appointments ------------ --- 


	 --- 4/17/2033 --- 
 --- -------- Appointments ------------ --- 


	 --- 4/18/2033 --- 
 --- -------- Appointments ------------ --- 


	 --- 4/19/2033 --- 
 --- -------- Appointments ------------ --- 


	 --- 4/20/2033 --- 
 --- -------- Appointments ------------ --- 


	 --- 4/21/2033 --- 
 --- -------- Appointments ------------ --- 


	 --- 4/22/2033 --- 
 --- -------- Appointments ------------ --- 


	 --- 4/23/2033 --- 
 --- -------- Appointments ------------ --- 


	 --- 4/24/2033 --- 
 --- -------- Appointments ------------ --- 


	 --- 4/25/2033 --- 
 --- -------- Appointments ------------ --- 


	 --- 4/26/2033 --- 
 --- -------- Appointments ------------ --- 


	 --- 4/27/2033 --- 
 --- -------- Appointments ------------ --- 


	 --- 4/28/2033 --- 
 --- -------- Appointments ------------ --- 


	 --- 4/29/2033 --- 
 --- -------- Appointments ------------ --- 


	 --- 4/30/2033 --- 
 --- -------- Appointments ------------ --- 


	 --- 4/31/2033 --- 
 --- -------- Appointments ------------ --- 


	 --- 5/1/2033 --- 
 --- -------- Appointments ------------ --- 
	3/31/2017 at 3:30pm ,Birthday Party, This is my birthday party.
 

	 --- 5/2/2033 --- 
 --- -------- Appointments ------------ --- 


	 --- 5/3/2033 --- 
 --- -------- Appointments ------------ --- 


	 --- 5/4/2033 --- 
 --- -------- Appointments ------------ --- 


	 --- 5/5/2033 --- 
 --- -------- Appointments ------------ --- 


	 --- 5/6/2033 --- 
 --- -------- Appointments ------------ --- 


	 --- 5/7/2033 --- 
 --- -------- Appointments ------------ --- 


	 --- 5/8/2033 --- 
 --- -------- Appointments ------------ --- 


	 --- 5/9/2033 --- 
 --- -------- Appointments ------------ --- 


	 --- 5/10/2033 --- 
 --- -------- Appointments ------------ --- 


	 --- 5/11/2033 --- 
 --- -------- Appointments ------------ --- 


	 --- 5/12/2033 --- 
 --- -------- Appointments ------------ --- 


	 --- 5/13/2033 --- 
 --- -------- Appointments ------------ --- 


	 --- 5/14/2033 --- 
 --- -------- Appointments ------------ --- 


	 --- 5/15/2033 --- 
 --- -------- Appointments ------------ --- 


	 --- 5/16/2033 --- 
 --- -------- Appointments ------------ --- 


	 --- 5/17/2033 --- 
 --- -------- Appointments ------------ --- 


	 --- 5/18/2033 --- 
 --- -------- Appointments ------------ --- 


	 --- 5/19/2033 --- 
 --- -------- Appointments ------------ --- 


	 --- 5/20/2033 --- 
 --- -------- Appointments ------------ --- 


	 --- 5/21/2033 --- 
 --- -------- Appointments ------------ --- 


	 --- 5/22/2033 --- 
 --- -------- Appointments ------------ --- 


	 --- 5/23/2033 --- 
 --- -------- Appointments ------------ --- 


	 --- 5/24/2033 --- 
 --- -------- Appointments ------------ --- 


	 --- 5/25/2033 --- 
 --- -------- Appointments ------------ --- 


	 --- 5/26/2033 --- 
 --- -------- Appointments ------------ --- 


	 --- 5/27/2033 --- 
 --- -------- Appointments ------------ --- 


	 --- 5/28/2033 --- 
 --- -------- Appointments ------------ --- 


	 --- 5/29/2033 --- 
 --- -------- Appointments ------------ --- 


	 --- 5/30/2033 --- 
 --- -------- Appointments ------------ --- 


	 --- 6/1/2033 --- 
 --- -------- Appointments ------------ --- 
	3/31/2017 at 3:30pm ,Birthday Party, This is my birthday party.
 

	 --- 6/2/2033 --- 
 --- -------- Appointments ------------ --- 


	 --- 6/3/2033 --- 
 --- -------- Appointments ------------ --- 


	 --- 6/4/2033 --- 
 --- -------- Appointments ------------ --- 


	 --- 6/5/2033 --- 
 --- -------- Appointments ------------ --- 


	 --- 6/6/2033 --- 
 --- -------- Appointments ------------ --- 


	 --- 6/7/2033 --- 
 --- -------- Appointments ------------ --- 


	 --- 6/8/2033 --- 
 --- -------- Appointments ------------ --- 


	 --- 6/9/2033 --- 
 --- -------- Appointments ------------ --- 


	 --- 6/10/2033 --- 
 --- -------- Appointments ------------ --- 


	 --- 6/11/2033 --- 
 --- -------- Appointments ------------ --- 


	 --- 6/12/2033 --- 
 --- -------- Appointments ------------ --- 


	 --- 6/13/2033 --- 
 --- -------- Appointments ------------ --- 


	 --- 6/14/2033 --- 
 --- -------- Appointments ------------ --- 


	 --- 6/15/2033 --- 
 --- -------- Appointments ------------ --- 


	 --- 6/16/2033 --- 
 --- -------- Appointments ------------ --- 


	 --- 6/17/2033 --- 
 --- -------- Appointments ------------ --- 


	 --- 6/18/2033 --- 
 --- -------- Appointments ------------ --- 


	 --- 6/19/2033 --- 
 --- -------- Appointments ------------ --- 


	 --- 6/20/2033 --- 
 --- -------- Appointments ------------ --- 


	 --- 6/21/2033 --- 
 --- -------- Appointments ------------ --- 


	 --- 6/22/2033 --- 
 --- -------- Appointments ------------ --- 


	 --- 6/23/2033 --- 
 --- -------- Appointments ------------ --- 


	 --- 6/24/2033 --- 
 --- -------- Appointments ------------ --- 


	 --- 6/25/2033 --- 
 --- -------- Appointments ------------ --- 


	 --- 6/26/2033 --- 
 --- -------- Appointments ------------ --- 


	 --- 6/27/2033 --- 
 --- -------- Appointments ------------ --- 


	 --- 6/28/2033 --- 
 --- -------- Appointments ------------ --- 


	 --- 6/29/2033 --- 
 --- -------- Appointments ------------ --- 


	 --- 6/30/2033 --- 
 --- -------- Appointments ------------ --- 


	 --- 6/31/2033 --- 
 --- -------- Appointments ------------ --- 


	 --- 7/1/2033 --- 
 --- -------- Appointments ------------ --- 
	3/31/2017 at 3:30pm ,Birthday Party, This is my birthday party.
 

	 --- 7/2/2033 --- 
 --- -------- Appointments ------------ --- 


	 --- 7/3/2033 --- 
 --- -------- Appointments ------------ --- 


	 --- 7/4/2033 --- 
 --- -------- Appointments ------------ --- 


	 --- 7/5/2033 --- 
 --- -------- Appointments ------------ --- 


	 --- 7/6/2033 --- 
 --- -------- Appointments ------------ --- 


	 --- 7/7/2033 --- 
 --- -------- Appointments ------------ --- 


	 --- 7/8/2033 --- 
 --- -------- Appointments ------------ --- 


	 --- 7/9/2033 --- 
 --- -------- Appointments ------------ --- 


	 --- 7/10/2033 --- 
 --- -------- Appointments ------------ --- 


	 --- 7/11/2033 --- 
 --- -------- Appointments ------------ --- 


	 --- 7/12/2033 --- 
 --- -------- Appointments ------------ --- 


	 --- 7/13/2033 --- 
 --- -------- Appointments ------------ --- 


	 --- 7/14/2033 --- 
 --- -------- Appointments ------------ --- 


	 --- 7/15/2033 --- 
 --- -------- Appointments ------------ --- 


	 --- 7/16/2033 --- 
 --- -------- Appointments ------------ --- 


	 --- 7/17/2033 --- 
 --- -------- Appointments ------------ --- 


	 --- 7/18/2033 --- 
 --- -------- Appointments ------------ --- 


	 --- 7/19/2033 --- 
 --- -------- Appointments ------------ --- 


	 --- 7/20/2033 --- 
 --- -------- Appointments ------------ --- 


	 --- 7/21/2033 --- 
 --- -------- Appointments ------------ --- 


	 --- 7/22/2033 --- 
 --- -------- Appointments ------------ --- 


	 --- 7/23/2033 --- 
 --- -------- Appointments ------------ --- 


	 --- 7/24/2033 --- 
 --- -------- Appointments ------------ --- 


	 --- 7/25/2033 --- 
 --- -------- Appointments ------------ --- 


	 --- 7/26/2033 --- 
 --- -------- Appointments ------------ --- 


	 --- 7/27/2033 --- 
 --- -------- Appointments ------------ --- 


	 --- 7/28/2033 --- 
 --- -------- Appointments ------------ --- 


	 --- 7/29/2033 --- 
 --- -------- Appointments ------------ --- 


	 --- 7/30/2033 --- 
 --- -------- Appointments ------------ --- 


	 --- 7/31/2033 --- 
 --- -------- Appointments ------------ --- 


	 --- 8/1/2033 --- 
 --- -------- Appointments ------------ --- 
	3/31/2017 at 3:30pm ,Birthday Party, This is my birthday party.
 

	 --- 8/2/2033 --- 
 --- -------- Appointments ------------ --- 


	 --- 8/3/2033 --- 
 --- -------- Appointments ------------ --- 


	 --- 8/4/2033 --- 
 --- -------- Appointments ------------ --- 


	 --- 8/5/2033 --- 
 --- -------- Appointments ------------ --- 


	 --- 8/6/2033 --- 
 --- -------- Appointments ------------ --- 


	 --- 8/7/2033 --- 
 --- -------- Appointments ------------ --- 


	 --- 8/8/2033 --- 
 --- -------- Appointments ------------ --- 


	 --- 8/9/2033 --- 
 --- -------- Appointments ------------ --- 


	 --- 8/10/2033 --- 
 --- -------- Appointments ------------ --- 


	 --- 8/11/2033 --- 
 --- -------- Appointments ------------ --- 


	 --- 8/12/2033 --- 
 --- -------- Appointments ------------ --- 


	 --- 8/13/2033 --- 
 --- -------- Appointments ------------ --- 


	 --- 8/14/2033 --- 
 --- -------- Appointments ------------ --- 


	 --- 8/15/2033 --- 
 --- -------- Appointments ------------ --- 


	 --- 8/16/2033 --- 
 --- -------- Appointments ------------ --- 


	 --- 8/17/2033 --- 
 --- -------- Appointments ------------ --- 


	 --- 8/18/2033 --- 
 --- -------- Appointments ------------ --- 


	 --- 8/19/2033 --- 
 --- -------- Appointments ------------ --- 


	 --- 8/20/2033 --- 
 --- -------- Appointments ------------ --- 


	 --- 8/21/2033 --- 
 --- -------- Appointments ------------ --- 


	 --- 8/22/2033 --- 
 --- -------- Appointments ------------ --- 


	 --- 8/23/2033 --- 
 --- -------- Appointments ------------ --- 


	 --- 8/24/2033 --- 
 --- -------- Appointments ------------ --- 


	 --- 8/25/2033 --- 
 --- -------- Appointments ------------ --- 


	 --- 8/26/2033 --- 
 --- -------- Appointments ------------ --- 


	 --- 8/27/2033 --- 
 --- -------- Appointments ------------ --- 


	 --- 8/28/2033 --- 
 --- -------- Appointments ------------ --- 


	 --- 8/29/2033 --- 
 --- -------- Appointments ------------ --- 


	 --- 8/30/2033 --- 
 --- -------- Appointments ------------ --- 


	 --- 9/1/2033 --- 
 --- -------- Appointments ------------ --- 
	3/31/2017 at 3:30pm ,Birthday Party, This is my birthday party.
 

	 --- 9/2/2033 --- 
 --- -------- Appointments ------------ --- 


	 --- 9/3/2033 --- 
 --- -------- Appointments ------------ --- 


	 --- 9/4/2033 --- 
 --- -------- Appointments ------------ --- 


	 --- 9/5/2033 --- 
 --- -------- Appointments ------------ --- 


	 --- 9/6/2033 --- 
 --- -------- Appointments ------------ --- 


	 --- 9/7/2033 --- 
 --- -------- Appointments ------------ --- 


	 --- 9/8/2033 --- 
 --- -------- Appointments ------------ --- 


	 --- 9/9/2033 --- 
 --- -------- Appointments ------------ --- 


	 --- 9/10/2033 --- 
 --- -------- Appointments ------------ --- 


	 --- 9/11/2033 --- 
 --- -------- Appointments ------------ --- 


	 --- 9/12/2033 --- 
 --- -------- Appointments ------------ --- 


	 --- 9/13/2033 --- 
 --- -------- Appointments ------------ --- 


	 --- 9/14/2033 --- 
 --- -------- Appointments ------------ --- 


	 --- 9/15/2033 --- 
 --- -------- Appointments ------------ --- 


	 --- 9/16/2033 --- 
 --- -------- Appointments ------------ --- 


	 --- 9/17/2033 --- 
 --- -------- Appointments ------------ --- 


	 --- 9/18/2033 --- 
 --- -------- Appointments ------------ --- 


	 --- 9/19/2033 --- 
 --- -------- Appointments ------------ --- 


	 --- 9/20/2033 --- 
 --- -------- Appointments ------------ --- 


	 --- 9/21/2033 --- 
 --- -------- Appointments ------------ --- 


	 --- 9/22/2033 --- 
 --- -------- Appointments ------------ --- 


	 --- 9/23/2033 --- 
 --- -------- Appointments ------------ --- 


	 --- 9/24/2033 --- 
 --- -------- Appointments ------------ --- 


	 --- 9/25/2033 --- 
 --- -------- Appointments ------------ --- 


	 --- 9/26/2033 --- 
 --- -------- Appointments ------------ --- 


	 --- 9/27/2033 --- 
 --- -------- Appointments ------------ --- 


	 --- 9/28/2033 --- 
 --- -------- Appointments ------------ --- 


	 --- 9/29/2033 --- 
 --- -------- Appointments ------------ --- 


	 --- 9/30/2033 --- 
 --- -------- Appointments ------------ --- 


	 --- 9/31/2033 --- 
 --- -------- Appointments ------------ --- 


	 --- 10/1/2033 --- 
 --- -------- Appointments ------------ --- 
	3/31/2017 at 3:30pm ,Birthday Party, This is my birthday party.
 

	 --- 10/2/2033 --- 
 --- -------- Appointments ------------ --- 


	 --- 10/3/2033 --- 
 --- -------- Appointments ------------ --- 


	 --- 10/4/2033 --- 
 --- -------- Appointments ------------ --- 


	 --- 10/5/2033 --- 
 --- -------- Appointments ------------ --- 


	 --- 10/6/2033 --- 
 --- -------- Appointments ------------ --- 


	 --- 10/7/2033 --- 
 --- -------- Appointments ------------ --- 


	 --- 10/8/2033 --- 
 --- -------- Appointments ------------ --- 


	 --- 10/9/2033 --- 
 --- -------- Appointments ------------ --- 


	 --- 10/10/2033 --- 
 --- -------- Appointments ------------ --- 


	 --- 10/11/2033 --- 
 --- -------- Appointments ------------ --- 


	 --- 10/12/2033 --- 
 --- -------- Appointments ------------ --- 


	 --- 10/13/2033 --- 
 --- -------- Appointments ------------ --- 


	 --- 10/14/2033 --- 
 --- -------- Appointments ------------ --- 


	 --- 10/15/2033 --- 
 --- -------- Appointments ------------ --- 


	 --- 10/16/2033 --- 
 --- -------- Appointments ------------ --- 


	 --- 10/17/2033 --- 
 --- -------- Appointments ------------ --- 


	 --- 10/18/2033 --- 
 --- -------- Appointments ------------ --- 


	 --- 10/19/2033 --- 
 --- -------- Appointments ------------ --- 


	 --- 10/20/2033 --- 
 --- -------- Appointments ------------ --- 


	 --- 10/21/2033 --- 
 --- -------- Appointments ------------ --- 


	 --- 10/22/2033 --- 
 --- -------- Appointments ------------ --- 


	 --- 10/23/2033 --- 
 --- -------- Appointments ------------ --- 


	 --- 10/24/2033 --- 
 --- -------- Appointments ------------ --- 


	 --- 10/25/2033 --- 
 --- -------- Appointments ------------ --- 


	 --- 10/26/2033 --- 
 --- -------- Appointments ------------ --- 


	 --- 10/27/2033 --- 
 --- -------- Appointments ------------ --- 


	 --- 10/28/2033 --- 
 --- -------- Appointments ------------ --- 


	 --- 10/29/2033 --- 
 --- -------- Appointments ------------ --- 


	 --- 10/30/2033 --- 
 --- -------- Appointments ------------ --- 


	 --- 11/1/2033 --- 
 --- -------- Appointments ------------ --- 
	3/31/2017 at 3:30pm ,Birthday Party, This is my birthday party.
 

	 --- 11/2/2033 --- 
 --- -------- Appointments ------------ --- 


	 --- 11/3/2033 --- 
 --- -------- Appointments ------------ --- 


	 --- 11/4/2033 --- 
 --- -------- Appointments ------------ --- 


	 --- 11/5/2033 --- 
 --- -------- Appointments ------------ --- 


	 --- 11/6/2033 --- 
 --- -------- Appointments ------------ --- 


	 --- 11/7/2033 --- 
 --- -------- Appointments ------------ --- 


	 --- 11/8/2033 --- 
 --- -------- Appointments ------------ --- 


	 --- 11/9/2033 --- 
 --- -------- Appointments ------------ --- 


	 --- 11/10/2033 --- 
 --- -------- Appointments ------------ --- 


	 --- 11/11/2033 --- 
 --- -------- Appointments ------------ --- 


	 --- 11/12/2033 --- 
 --- -------- Appointments ------------ --- 


	 --- 11/13/2033 --- 
 --- -------- Appointments ------------ --- 


	 --- 11/14/2033 --- 
 --- -------- Appointments ------------ --- 


	 --- 11/15/2033 --- 
 --- -------- Appointments ------------ --- 


	 --- 11/16/2033 --- 
 --- -------- Appointments ------------ --- 


	 --- 11/17/2033 --- 
 --- -------- Appointments ------------ --- 


	 --- 11/18/2033 --- 
 --- -------- Appointments ------------ --- 


	 --- 11/19/2033 --- 
 --- -------- Appointments ------------ --- 


	 --- 11/20/2033 --- 
 --- -------- Appointments ------------ --- 


	 --- 11/21/2033 --- 
 --- -------- Appointments ------------ --- 


	 --- 11/22/2033 --- 
 --- -------- Appointments ------------ --- 


	 --- 11/23/2033 --- 
 --- -------- Appointments ------------ --- 


	 --- 11/24/2033 --- 
 --- -------- Appointments ------------ --- 


	 --- 11/25/2033 --- 
 --- -------- Appointments ------------ --- 


	 --- 11/26/2033 --- 
 --- -------- Appointments ------------ --- 


	 --- 11/27/2033 --- 
 --- -------- Appointments ------------ --- 


	 --- 11/28/2033 --- 
 --- -------- Appointments ------------ --- 


	 --- 11/29/2033 --- 
 --- -------- Appointments ------------ --- 


	 --- 11/30/2033 --- 
 --- -------- Appointments ------------ --- 


	 --- 11/31/2033 --- 
 --- -------- Appointments ------------ --- 


	 --- 0/1/2034 --- 
 --- -------- Appointments ------------ --- 
	3/31/2017 at 3:30pm ,Birthday Party, This is my birthday party.
 

	 --- 0/2/2034 --- 
 --- -------- Appointments ------------ --- 


	 --- 0/3/2034 --- 
 --- -------- Appointments ------------ --- 


	 --- 0/4/2034 --- 
 --- -------- Appointments ------------ --- 


	 --- 0/5/2034 --- 
 --- -------- Appointments ------------ --- 


	 --- 0/6/2034 --- 
 --- -------- Appointments ------------ --- 


	 --- 0/7/2034 --- 
 --- -------- Appointments ------------ --- 


	 --- 0/8/2034 --- 
 --- -------- Appointments ------------ --- 


	 --- 0/9/2034 --- 
 --- -------- Appointments ------------ --- 


	 --- 0/10/2034 --- 
 --- -------- Appointments ------------ --- 


	 --- 0/11/2034 --- 
 --- -------- Appointments ------------ --- 


	 --- 0/12/2034 --- 
 --- -------- Appointments ------------ --- 


	 --- 0/13/2034 --- 
 --- -------- Appointments ------------ --- 


	 --- 0/14/2034 --- 
 --- -------- Appointments ------------ --- 


	 --- 0/15/2034 --- 
 --- -------- Appointments ------------ --- 


	 --- 0/16/2034 --- 
 --- -------- Appointments ------------ --- 


	 --- 0/17/2034 --- 
 --- -------- Appointments ------------ --- 


	 --- 0/18/2034 --- 
 --- -------- Appointments ------------ --- 


	 --- 0/19/2034 --- 
 --- -------- Appointments ------------ --- 


	 --- 0/20/2034 --- 
 --- -------- Appointments ------------ --- 


	 --- 0/21/2034 --- 
 --- -------- Appointments ------------ --- 


	 --- 0/22/2034 --- 
 --- -------- Appointments ------------ --- 


	 --- 0/23/2034 --- 
 --- -------- Appointments ------------ --- 


	 --- 0/24/2034 --- 
 --- -------- Appointments ------------ --- 


	 --- 0/25/2034 --- 
 --- -------- Appointments ------------ --- 


	 --- 0/26/2034 --- 
 --- -------- Appointments ------------ --- 


	 --- 0/27/2034 --- 
 --- -------- Appointments ------------ --- 


	 --- 0/28/2034 --- 
 --- -------- Appointments ------------ --- 


	 --- 0/29/2034 --- 
 --- -------- Appointments ------------ --- 


	 --- 0/30/2034 --- 
 --- -------- Appointments ------------ --- 


	 --- 0/31/2034 --- 
 --- -------- Appointments ------------ --- 


	 --- 1/1/2034 --- 
 --- -------- Appointments ------------ --- 
	3/31/2017 at 3:30pm ,Birthday Party, This is my birthday party.
 

	 --- 1/2/2034 --- 
 --- -------- Appointments ------------ --- 


	 --- 1/3/2034 --- 
 --- -------- Appointments ------------ --- 


	 --- 1/4/2034 --- 
 --- -------- Appointments ------------ --- 


	 --- 1/5/2034 --- 
 --- -------- Appointments ------------ --- 


	 --- 1/6/2034 --- 
 --- -------- Appointments ------------ --- 


	 --- 1/7/2034 --- 
 --- -------- Appointments ------------ --- 


	 --- 1/8/2034 --- 
 --- -------- Appointments ------------ --- 


	 --- 1/9/2034 --- 
 --- -------- Appointments ------------ --- 


	 --- 1/10/2034 --- 
 --- -------- Appointments ------------ --- 


	 --- 1/11/2034 --- 
 --- -------- Appointments ------------ --- 


	 --- 1/12/2034 --- 
 --- -------- Appointments ------------ --- 


	 --- 1/13/2034 --- 
 --- -------- Appointments ------------ --- 


	 --- 1/14/2034 --- 
 --- -------- Appointments ------------ --- 


	 --- 1/15/2034 --- 
 --- -------- Appointments ------------ --- 


	 --- 1/16/2034 --- 
 --- -------- Appointments ------------ --- 


	 --- 1/17/2034 --- 
 --- -------- Appointments ------------ --- 


	 --- 1/18/2034 --- 
 --- -------- Appointments ------------ --- 


	 --- 1/19/2034 --- 
 --- -------- Appointments ------------ --- 


	 --- 1/20/2034 --- 
 --- -------- Appointments ------------ --- 


	 --- 1/21/2034 --- 
 --- -------- Appointments ------------ --- 


	 --- 1/22/2034 --- 
 --- -------- Appointments ------------ --- 


	 --- 1/23/2034 --- 
 --- -------- Appointments ------------ --- 


	 --- 1/24/2034 --- 
 --- -------- Appointments ------------ --- 


	 --- 1/25/2034 --- 
 --- -------- Appointments ------------ --- 


	 --- 1/26/2034 --- 
 --- -------- Appointments ------------ --- 


	 --- 1/27/2034 --- 
 --- -------- Appointments ------------ --- 


	 --- 1/28/2034 --- 
 --- -------- Appointments ------------ --- 


	 --- 2/1/2034 --- 
 --- -------- Appointments ------------ --- 
	3/31/2017 at 3:30pm ,Birthday Party, This is my birthday party.
 

	 --- 2/2/2034 --- 
 --- -------- Appointments ------------ --- 


	 --- 2/3/2034 --- 
 --- -------- Appointments ------------ --- 


	 --- 2/4/2034 --- 
 --- -------- Appointments ------------ --- 


	 --- 2/5/2034 --- 
 --- -------- Appointments ------------ --- 


	 --- 2/6/2034 --- 
 --- -------- Appointments ------------ --- 


	 --- 2/7/2034 --- 
 --- -------- Appointments ------------ --- 


	 --- 2/8/2034 --- 
 --- -------- Appointments ------------ --- 


	 --- 2/9/2034 --- 
 --- -------- Appointments ------------ --- 


	 --- 2/10/2034 --- 
 --- -------- Appointments ------------ --- 


	 --- 2/11/2034 --- 
 --- -------- Appointments ------------ --- 


	 --- 2/12/2034 --- 
 --- -------- Appointments ------------ --- 


	 --- 2/13/2034 --- 
 --- -------- Appointments ------------ --- 


	 --- 2/14/2034 --- 
 --- -------- Appointments ------------ --- 


	 --- 2/15/2034 --- 
 --- -------- Appointments ------------ --- 


	 --- 2/16/2034 --- 
 --- -------- Appointments ------------ --- 


	 --- 2/17/2034 --- 
 --- -------- Appointments ------------ --- 


	 --- 2/18/2034 --- 
 --- -------- Appointments ------------ --- 


	 --- 2/19/2034 --- 
 --- -------- Appointments ------------ --- 


	 --- 2/20/2034 --- 
 --- -------- Appointments ------------ --- 


	 --- 2/21/2034 --- 
 --- -------- Appointments ------------ --- 


	 --- 2/22/2034 --- 
 --- -------- Appointments ------------ --- 


	 --- 2/23/2034 --- 
 --- -------- Appointments ------------ --- 


	 --- 2/24/2034 --- 
 --- -------- Appointments ------------ --- 


	 --- 2/25/2034 --- 
 --- -------- Appointments ------------ --- 


	 --- 2/26/2034 --- 
 --- -------- Appointments ------------ --- 
	2/26/2018 at 11:30pm ,Birthday Party, This is my birthday party.
 

	 --- 2/27/2034 --- 
 --- -------- Appointments ------------ --- 


	 --- 2/28/2034 --- 
 --- -------- Appointments ------------ --- 


	 --- 2/29/2034 --- 
 --- -------- Appointments ------------ --- 


	 --- 2/30/2034 --- 
 --- -------- Appointments ------------ --- 


	 --- 2/31/2034 --- 
 --- -------- Appointments ------------ --- 


	 --- 3/1/2034 --- 
 --- -------- Appointments ------------ --- 
	3/31/2017 at 3:30pm ,Birthday Party, This is my birthday party.
 

	 --- 3/2/2034 --- 
 --- -------- Appointments ------------ --- 


	 --- 3/3/2034 --- 
 --- -------- Appointments ------------ --- 


	 --- 3/4/2034 --- 
 --- -------- Appointments ------------ --- 


	 --- 3/5/2034 --- 
 --- -------- Appointments ------------ --- 


	 --- 3/6/2034 --- 
 --- -------- Appointments ------------ --- 


	 --- 3/7/2034 --- 
 --- -------- Appointments ------------ --- 


	 --- 3/8/2034 --- 
 --- -------- Appointments ------------ --- 


	 --- 3/9/2034 --- 
 --- -------- Appointments ------------ --- 


	 --- 3/10/2034 --- 
 --- -------- Appointments ------------ --- 


	 --- 3/11/2034 --- 
 --- -------- Appointments ------------ --- 


	 --- 3/12/2034 --- 
 --- -------- Appointments ------------ --- 


	 --- 3/13/2034 --- 
 --- -------- Appointments ------------ --- 


	 --- 3/14/2034 --- 
 --- -------- Appointments ------------ --- 


	 --- 3/15/2034 --- 
 --- -------- Appointments ------------ --- 


	 --- 3/16/2034 --- 
 --- -------- Appointments ------------ --- 


	 --- 3/17/2034 --- 
 --- -------- Appointments ------------ --- 


	 --- 3/18/2034 --- 
 --- -------- Appointments ------------ --- 


	 --- 3/19/2034 --- 
 --- -------- Appointments ------------ --- 


	 --- 3/20/2034 --- 
 --- -------- Appointments ------------ --- 


	 --- 3/21/2034 --- 
 --- -------- Appointments ------------ --- 


	 --- 3/22/2034 --- 
 --- -------- Appointments ------------ --- 


	 --- 3/23/2034 --- 
 --- -------- Appointments ------------ --- 


	 --- 3/24/2034 --- 
 --- -------- Appointments ------------ --- 


	 --- 3/25/2034 --- 
 --- -------- Appointments ------------ --- 


	 --- 3/26/2034 --- 
 --- -------- Appointments ------------ --- 


	 --- 3/27/2034 --- 
 --- -------- Appointments ------------ --- 


	 --- 3/28/2034 --- 
 --- -------- Appointments ------------ --- 


	 --- 3/29/2034 --- 
 --- -------- Appointments ------------ --- 


	 --- 3/30/2034 --- 
 --- -------- Appointments ------------ --- 


	 --- 4/1/2034 --- 
 --- -------- Appointments ------------ --- 
	3/31/2017 at 3:30pm ,Birthday Party, This is my birthday party.
 

	 --- 4/2/2034 --- 
 --- -------- Appointments ------------ --- 


	 --- 4/3/2034 --- 
 --- -------- Appointments ------------ --- 


	 --- 4/4/2034 --- 
 --- -------- Appointments ------------ --- 


	 --- 4/5/2034 --- 
 --- -------- Appointments ------------ --- 


	 --- 4/6/2034 --- 
 --- -------- Appointments ------------ --- 


	 --- 4/7/2034 --- 
 --- -------- Appointments ------------ --- 


	 --- 4/8/2034 --- 
 --- -------- Appointments ------------ --- 


	 --- 4/9/2034 --- 
 --- -------- Appointments ------------ --- 


	 --- 4/10/2034 --- 
 --- -------- Appointments ------------ --- 


	 --- 4/11/2034 --- 
 --- -------- Appointments ------------ --- 


	 --- 4/12/2034 --- 
 --- -------- Appointments ------------ --- 


	 --- 4/13/2034 --- 
 --- -------- Appointments ------------ --- 


	 --- 4/14/2034 --- 
 --- -------- Appointments ------------ --- 


	 --- 4/15/2034 --- 
 --- -------- Appointments ------------ --- 


	 --- 4/16/2034 --- 
 --- -------- Appointments ------------ --- 


	 --- 4/17/2034 --- 
 --- -------- Appointments ------------ --- 


	 --- 4/18/2034 --- 
 --- -------- Appointments ------------ --- 


	 --- 4/19/2034 --- 
 --- -------- Appointments ------------ --- 


	 --- 4/20/2034 --- 
 --- -------- Appointments ------------ --- 


	 --- 4/21/2034 --- 
 --- -------- Appointments ------------ --- 


	 --- 4/22/2034 --- 
 --- -------- Appointments ------------ --- 


	 --- 4/23/2034 --- 
 --- -------- Appointments ------------ --- 


	 --- 4/24/2034 --- 
 --- -------- Appointments ------------ --- 


	 --- 4/25/2034 --- 
 --- -------- Appointments ------------ --- 


	 --- 4/26/2034 --- 
 --- -------- Appointments ------------ --- 


	 --- 4/27/2034 --- 
 --- -------- Appointments ------------ --- 


	 --- 4/28/2034 --- 
 --- -------- Appointments ------------ --- 


	 --- 4/29/2034 --- 
 --- -------- Appointments ------------ --- 


	 --- 4/30/2034 --- 
 --- -------- Appointments ------------ --- 


	 --- 4/31/2034 --- 
 --- -------- Appointments ------------ --- 


	 --- 5/1/2034 --- 
 --- -------- Appointments ------------ --- 
	3/31/2017 at 3:30pm ,Birthday Party, This is my birthday party.
 

	 --- 5/2/2034 --- 
 --- -------- Appointments ------------ --- 


	 --- 5/3/2034 --- 
 --- -------- Appointments ------------ --- 


	 --- 5/4/2034 --- 
 --- -------- Appointments ------------ --- 


	 --- 5/5/2034 --- 
 --- -------- Appointments ------------ --- 


	 --- 5/6/2034 --- 
 --- -------- Appointments ------------ --- 


	 --- 5/7/2034 --- 
 --- -------- Appointments ------------ --- 


	 --- 5/8/2034 --- 
 --- -------- Appointments ------------ --- 


	 --- 5/9/2034 --- 
 --- -------- Appointments ------------ --- 


	 --- 5/10/2034 --- 
 --- -------- Appointments ------------ --- 


	 --- 5/11/2034 --- 
 --- -------- Appointments ------------ --- 


	 --- 5/12/2034 --- 
 --- -------- Appointments ------------ --- 


	 --- 5/13/2034 --- 
 --- -------- Appointments ------------ --- 


	 --- 5/14/2034 --- 
 --- -------- Appointments ------------ --- 


	 --- 5/15/2034 --- 
 --- -------- Appointments ------------ --- 


	 --- 5/16/2034 --- 
 --- -------- Appointments ------------ --- 


	 --- 5/17/2034 --- 
 --- -------- Appointments ------------ --- 


	 --- 5/18/2034 --- 
 --- -------- Appointments ------------ --- 


	 --- 5/19/2034 --- 
 --- -------- Appointments ------------ --- 


	 --- 5/20/2034 --- 
 --- -------- Appointments ------------ --- 


	 --- 5/21/2034 --- 
 --- -------- Appointments ------------ --- 


	 --- 5/22/2034 --- 
 --- -------- Appointments ------------ --- 


	 --- 5/23/2034 --- 
 --- -------- Appointments ------------ --- 


	 --- 5/24/2034 --- 
 --- -------- Appointments ------------ --- 


	 --- 5/25/2034 --- 
 --- -------- Appointments ------------ --- 


	 --- 5/26/2034 --- 
 --- -------- Appointments ------------ --- 


	 --- 5/27/2034 --- 
 --- -------- Appointments ------------ --- 


	 --- 5/28/2034 --- 
 --- -------- Appointments ------------ --- 


	 --- 5/29/2034 --- 
 --- -------- Appointments ------------ --- 


	 --- 5/30/2034 --- 
 --- -------- Appointments ------------ --- 


	 --- 6/1/2034 --- 
 --- -------- Appointments ------------ --- 
	3/31/2017 at 3:30pm ,Birthday Party, This is my birthday party.
 

	 --- 6/2/2034 --- 
 --- -------- Appointments ------------ --- 


	 --- 6/3/2034 --- 
 --- -------- Appointments ------------ --- 


	 --- 6/4/2034 --- 
 --- -------- Appointments ------------ --- 


	 --- 6/5/2034 --- 
 --- -------- Appointments ------------ --- 


	 --- 6/6/2034 --- 
 --- -------- Appointments ------------ --- 


	 --- 6/7/2034 --- 
 --- -------- Appointments ------------ --- 


	 --- 6/8/2034 --- 
 --- -------- Appointments ------------ --- 


	 --- 6/9/2034 --- 
 --- -------- Appointments ------------ --- 


	 --- 6/10/2034 --- 
 --- -------- Appointments ------------ --- 


	 --- 6/11/2034 --- 
 --- -------- Appointments ------------ --- 


	 --- 6/12/2034 --- 
 --- -------- Appointments ------------ --- 


	 --- 6/13/2034 --- 
 --- -------- Appointments ------------ --- 


	 --- 6/14/2034 --- 
 --- -------- Appointments ------------ --- 


	 --- 6/15/2034 --- 
 --- -------- Appointments ------------ --- 


	 --- 6/16/2034 --- 
 --- -------- Appointments ------------ --- 


	 --- 6/17/2034 --- 
 --- -------- Appointments ------------ --- 


	 --- 6/18/2034 --- 
 --- -------- Appointments ------------ --- 


	 --- 6/19/2034 --- 
 --- -------- Appointments ------------ --- 


	 --- 6/20/2034 --- 
 --- -------- Appointments ------------ --- 


	 --- 6/21/2034 --- 
 --- -------- Appointments ------------ --- 


	 --- 6/22/2034 --- 
 --- -------- Appointments ------------ --- 


	 --- 6/23/2034 --- 
 --- -------- Appointments ------------ --- 


	 --- 6/24/2034 --- 
 --- -------- Appointments ------------ --- 


	 --- 6/25/2034 --- 
 --- -------- Appointments ------------ --- 


	 --- 6/26/2034 --- 
 --- -------- Appointments ------------ --- 


	 --- 6/27/2034 --- 
 --- -------- Appointments ------------ --- 


	 --- 6/28/2034 --- 
 --- -------- Appointments ------------ --- 


	 --- 6/29/2034 --- 
 --- -------- Appointments ------------ --- 


	 --- 6/30/2034 --- 
 --- -------- Appointments ------------ --- 


	 --- 6/31/2034 --- 
 --- -------- Appointments ------------ --- 


	 --- 7/1/2034 --- 
 --- -------- Appointments ------------ --- 
	3/31/2017 at 3:30pm ,Birthday Party, This is my birthday party.
 

	 --- 7/2/2034 --- 
 --- -------- Appointments ------------ --- 


	 --- 7/3/2034 --- 
 --- -------- Appointments ------------ --- 


	 --- 7/4/2034 --- 
 --- -------- Appointments ------------ --- 


	 --- 7/5/2034 --- 
 --- -------- Appointments ------------ --- 


	 --- 7/6/2034 --- 
 --- -------- Appointments ------------ --- 


	 --- 7/7/2034 --- 
 --- -------- Appointments ------------ --- 


	 --- 7/8/2034 --- 
 --- -------- Appointments ------------ --- 


	 --- 7/9/2034 --- 
 --- -------- Appointments ------------ --- 


	 --- 7/10/2034 --- 
 --- -------- Appointments ------------ --- 


	 --- 7/11/2034 --- 
 --- -------- Appointments ------------ --- 


	 --- 7/12/2034 --- 
 --- -------- Appointments ------------ --- 


	 --- 7/13/2034 --- 
 --- -------- Appointments ------------ --- 


	 --- 7/14/2034 --- 
 --- -------- Appointments ------------ --- 


	 --- 7/15/2034 --- 
 --- -------- Appointments ------------ --- 


	 --- 7/16/2034 --- 
 --- -------- Appointments ------------ --- 


	 --- 7/17/2034 --- 
 --- -------- Appointments ------------ --- 


	 --- 7/18/2034 --- 
 --- -------- Appointments ------------ --- 


	 --- 7/19/2034 --- 
 --- -------- Appointments ------------ --- 


	 --- 7/20/2034 --- 
 --- -------- Appointments ------------ --- 


	 --- 7/21/2034 --- 
 --- -------- Appointments ------------ --- 


	 --- 7/22/2034 --- 
 --- -------- Appointments ------------ --- 


	 --- 7/23/2034 --- 
 --- -------- Appointments ------------ --- 


	 --- 7/24/2034 --- 
 --- -------- Appointments ------------ --- 


	 --- 7/25/2034 --- 
 --- -------- Appointments ------------ --- 


	 --- 7/26/2034 --- 
 --- -------- Appointments ------------ --- 


	 --- 7/27/2034 --- 
 --- -------- Appointments ------------ --- 


	 --- 7/28/2034 --- 
 --- -------- Appointments ------------ --- 


	 --- 7/29/2034 --- 
 --- -------- Appointments ------------ --- 


	 --- 7/30/2034 --- 
 --- -------- Appointments ------------ --- 


	 --- 7/31/2034 --- 
 --- -------- Appointments ------------ --- 


	 --- 8/1/2034 --- 
 --- -------- Appointments ------------ --- 
	3/31/2017 at 3:30pm ,Birthday Party, This is my birthday party.
 

	 --- 8/2/2034 --- 
 --- -------- Appointments ------------ --- 


	 --- 8/3/2034 --- 
 --- -------- Appointments ------------ --- 


	 --- 8/4/2034 --- 
 --- -------- Appointments ------------ --- 


	 --- 8/5/2034 --- 
 --- -------- Appointments ------------ --- 


	 --- 8/6/2034 --- 
 --- -------- Appointments ------------ --- 


	 --- 8/7/2034 --- 
 --- -------- Appointments ------------ --- 


	 --- 8/8/2034 --- 
 --- -------- Appointments ------------ --- 


	 --- 8/9/2034 --- 
 --- -------- Appointments ------------ --- 


	 --- 8/10/2034 --- 
 --- -------- Appointments ------------ --- 


	 --- 8/11/2034 --- 
 --- -------- Appointments ------------ --- 


	 --- 8/12/2034 --- 
 --- -------- Appointments ------------ --- 


	 --- 8/13/2034 --- 
 --- -------- Appointments ------------ --- 


	 --- 8/14/2034 --- 
 --- -------- Appointments ------------ --- 


	 --- 8/15/2034 --- 
 --- -------- Appointments ------------ --- 


	 --- 8/16/2034 --- 
 --- -------- Appointments ------------ --- 


	 --- 8/17/2034 --- 
 --- -------- Appointments ------------ --- 


	 --- 8/18/2034 --- 
 --- -------- Appointments ------------ --- 


	 --- 8/19/2034 --- 
 --- -------- Appointments ------------ --- 


	 --- 8/20/2034 --- 
 --- -------- Appointments ------------ --- 


	 --- 8/21/2034 --- 
 --- -------- Appointments ------------ --- 


	 --- 8/22/2034 --- 
 --- -------- Appointments ------------ --- 


	 --- 8/23/2034 --- 
 --- -------- Appointments ------------ --- 


	 --- 8/24/2034 --- 
 --- -------- Appointments ------------ --- 


	 --- 8/25/2034 --- 
 --- -------- Appointments ------------ --- 


	 --- 8/26/2034 --- 
 --- -------- Appointments ------------ --- 


	 --- 8/27/2034 --- 
 --- -------- Appointments ------------ --- 


	 --- 8/28/2034 --- 
 --- -------- Appointments ------------ --- 


	 --- 8/29/2034 --- 
 --- -------- Appointments ------------ --- 


	 --- 8/30/2034 --- 
 --- -------- Appointments ------------ --- 


	 --- 9/1/2034 --- 
 --- -------- Appointments ------------ --- 
	3/31/2017 at 3:30pm ,Birthday Party, This is my birthday party.
 

	 --- 9/2/2034 --- 
 --- -------- Appointments ------------ --- 


	 --- 9/3/2034 --- 
 --- -------- Appointments ------------ --- 


	 --- 9/4/2034 --- 
 --- -------- Appointments ------------ --- 


	 --- 9/5/2034 --- 
 --- -------- Appointments ------------ --- 


	 --- 9/6/2034 --- 
 --- -------- Appointments ------------ --- 


	 --- 9/7/2034 --- 
 --- -------- Appointments ------------ --- 


	 --- 9/8/2034 --- 
 --- -------- Appointments ------------ --- 


	 --- 9/9/2034 --- 
 --- -------- Appointments ------------ --- 


	 --- 9/10/2034 --- 
 --- -------- Appointments ------------ --- 


	 --- 9/11/2034 --- 
 --- -------- Appointments ------------ --- 


	 --- 9/12/2034 --- 
 --- -------- Appointments ------------ --- 


	 --- 9/13/2034 --- 
 --- -------- Appointments ------------ --- 


	 --- 9/14/2034 --- 
 --- -------- Appointments ------------ --- 


	 --- 9/15/2034 --- 
 --- -------- Appointments ------------ --- 


	 --- 9/16/2034 --- 
 --- -------- Appointments ------------ --- 


	 --- 9/17/2034 --- 
 --- -------- Appointments ------------ --- 


	 --- 9/18/2034 --- 
 --- -------- Appointments ------------ --- 


	 --- 9/19/2034 --- 
 --- -------- Appointments ------------ --- 


	 --- 9/20/2034 --- 
 --- -------- Appointments ------------ --- 


	 --- 9/21/2034 --- 
 --- -------- Appointments ------------ --- 


	 --- 9/22/2034 --- 
 --- -------- Appointments ------------ --- 


	 --- 9/23/2034 --- 
 --- -------- Appointments ------------ --- 


	 --- 9/24/2034 --- 
 --- -------- Appointments ------------ --- 


	 --- 9/25/2034 --- 
 --- -------- Appointments ------------ --- 


	 --- 9/26/2034 --- 
 --- -------- Appointments ------------ --- 


	 --- 9/27/2034 --- 
 --- -------- Appointments ------------ --- 


	 --- 9/28/2034 --- 
 --- -------- Appointments ------------ --- 


	 --- 9/29/2034 --- 
 --- -------- Appointments ------------ --- 


	 --- 9/30/2034 --- 
 --- -------- Appointments ------------ --- 


	 --- 9/31/2034 --- 
 --- -------- Appointments ------------ --- 


	 --- 10/1/2034 --- 
 --- -------- Appointments ------------ --- 
	3/31/2017 at 3:30pm ,Birthday Party, This is my birthday party.
 

	 --- 10/2/2034 --- 
 --- -------- Appointments ------------ --- 


	 --- 10/3/2034 --- 
 --- -------- Appointments ------------ --- 


	 --- 10/4/2034 --- 
 --- -------- Appointments ------------ --- 


	 --- 10/5/2034 --- 
 --- -------- Appointments ------------ --- 


	 --- 10/6/2034 --- 
 --- -------- Appointments ------------ --- 


	 --- 10/7/2034 --- 
 --- -------- Appointments ------------ --- 


	 --- 10/8/2034 --- 
 --- -------- Appointments ------------ --- 


	 --- 10/9/2034 --- 
 --- -------- Appointments ------------ --- 


	 --- 10/10/2034 --- 
 --- -------- Appointments ------------ --- 


	 --- 10/11/2034 --- 
 --- -------- Appointments ------------ --- 


	 --- 10/12/2034 --- 
 --- -------- Appointments ------------ --- 


	 --- 10/13/2034 --- 
 --- -------- Appointments ------------ --- 


	 --- 10/14/2034 --- 
 --- -------- Appointments ------------ --- 


	 --- 10/15/2034 --- 
 --- -------- Appointments ------------ --- 


	 --- 10/16/2034 --- 
 --- -------- Appointments ------------ --- 


	 --- 10/17/2034 --- 
 --- -------- Appointments ------------ --- 


	 --- 10/18/2034 --- 
 --- -------- Appointments ------------ --- 


	 --- 10/19/2034 --- 
 --- -------- Appointments ------------ --- 


	 --- 10/20/2034 --- 
 --- -------- Appointments ------------ --- 


	 --- 10/21/2034 --- 
 --- -------- Appointments ------------ --- 


	 --- 10/22/2034 --- 
 --- -------- Appointments ------------ --- 


	 --- 10/23/2034 --- 
 --- -------- Appointments ------------ --- 


	 --- 10/24/2034 --- 
 --- -------- Appointments ------------ --- 


	 --- 10/25/2034 --- 
 --- -------- Appointments ------------ --- 


	 --- 10/26/2034 --- 
 --- -------- Appointments ------------ --- 


	 --- 10/27/2034 --- 
 --- -------- Appointments ------------ --- 


	 --- 10/28/2034 --- 
 --- -------- Appointments ------------ --- 


	 --- 10/29/2034 --- 
 --- -------- Appointments ------------ --- 


	 --- 10/30/2034 --- 
 --- -------- Appointments ------------ --- 


	 --- 11/1/2034 --- 
 --- -------- Appointments ------------ --- 
	3/31/2017 at 3:30pm ,Birthday Party, This is my birthday party.
 

	 --- 11/2/2034 --- 
 --- -------- Appointments ------------ --- 


	 --- 11/3/2034 --- 
 --- -------- Appointments ------------ --- 


	 --- 11/4/2034 --- 
 --- -------- Appointments ------------ --- 


	 --- 11/5/2034 --- 
 --- -------- Appointments ------------ --- 


	 --- 11/6/2034 --- 
 --- -------- Appointments ------------ --- 


	 --- 11/7/2034 --- 
 --- -------- Appointments ------------ --- 


	 --- 11/8/2034 --- 
 --- -------- Appointments ------------ --- 


	 --- 11/9/2034 --- 
 --- -------- Appointments ------------ --- 


	 --- 11/10/2034 --- 
 --- -------- Appointments ------------ --- 


	 --- 11/11/2034 --- 
 --- -------- Appointments ------------ --- 


	 --- 11/12/2034 --- 
 --- -------- Appointments ------------ --- 


	 --- 11/13/2034 --- 
 --- -------- Appointments ------------ --- 


	 --- 11/14/2034 --- 
 --- -------- Appointments ------------ --- 


	 --- 11/15/2034 --- 
 --- -------- Appointments ------------ --- 


	 --- 11/16/2034 --- 
 --- -------- Appointments ------------ --- 


	 --- 11/17/2034 --- 
 --- -------- Appointments ------------ --- 


	 --- 11/18/2034 --- 
 --- -------- Appointments ------------ --- 


	 --- 11/19/2034 --- 
 --- -------- Appointments ------------ --- 


	 --- 11/20/2034 --- 
 --- -------- Appointments ------------ --- 


	 --- 11/21/2034 --- 
 --- -------- Appointments ------------ --- 


	 --- 11/22/2034 --- 
 --- -------- Appointments ------------ --- 


	 --- 11/23/2034 --- 
 --- -------- Appointments ------------ --- 


	 --- 11/24/2034 --- 
 --- -------- Appointments ------------ --- 


	 --- 11/25/2034 --- 
 --- -------- Appointments ------------ --- 


	 --- 11/26/2034 --- 
 --- -------- Appointments ------------ --- 


	 --- 11/27/2034 --- 
 --- -------- Appointments ------------ --- 


	 --- 11/28/2034 --- 
 --- -------- Appointments ------------ --- 


	 --- 11/29/2034 --- 
 --- -------- Appointments ------------ --- 


	 --- 11/30/2034 --- 
 --- -------- Appointments ------------ --- 


	 --- 11/31/2034 --- 
 --- -------- Appointments ------------ --- 


	 --- 0/1/2035 --- 
 --- -------- Appointments ------------ --- 
	3/31/2017 at 3:30pm ,Birthday Party, This is my birthday party.
 

	 --- 0/2/2035 --- 
 --- -------- Appointments ------------ --- 


	 --- 0/3/2035 --- 
 --- -------- Appointments ------------ --- 


	 --- 0/4/2035 --- 
 --- -------- Appointments ------------ --- 


	 --- 0/5/2035 --- 
 --- -------- Appointments ------------ --- 


	 --- 0/6/2035 --- 
 --- -------- Appointments ------------ --- 


	 --- 0/7/2035 --- 
 --- -------- Appointments ------------ --- 


	 --- 0/8/2035 --- 
 --- -------- Appointments ------------ --- 


	 --- 0/9/2035 --- 
 --- -------- Appointments ------------ --- 


	 --- 0/10/2035 --- 
 --- -------- Appointments ------------ --- 


	 --- 0/11/2035 --- 
 --- -------- Appointments ------------ --- 


	 --- 0/12/2035 --- 
 --- -------- Appointments ------------ --- 


	 --- 0/13/2035 --- 
 --- -------- Appointments ------------ --- 


	 --- 0/14/2035 --- 
 --- -------- Appointments ------------ --- 


	 --- 0/15/2035 --- 
 --- -------- Appointments ------------ --- 


	 --- 0/16/2035 --- 
 --- -------- Appointments ------------ --- 


	 --- 0/17/2035 --- 
 --- -------- Appointments ------------ --- 


	 --- 0/18/2035 --- 
 --- -------- Appointments ------------ --- 


	 --- 0/19/2035 --- 
 --- -------- Appointments ------------ --- 


	 --- 0/20/2035 --- 
 --- -------- Appointments ------------ --- 


	 --- 0/21/2035 --- 
 --- -------- Appointments ------------ --- 


	 --- 0/22/2035 --- 
 --- -------- Appointments ------------ --- 


	 --- 0/23/2035 --- 
 --- -------- Appointments ------------ --- 


	 --- 0/24/2035 --- 
 --- -------- Appointments ------------ --- 


	 --- 0/25/2035 --- 
 --- -------- Appointments ------------ --- 


	 --- 0/26/2035 --- 
 --- -------- Appointments ------------ --- 


	 --- 0/27/2035 --- 
 --- -------- Appointments ------------ --- 


	 --- 0/28/2035 --- 
 --- -------- Appointments ------------ --- 


	 --- 0/29/2035 --- 
 --- -------- Appointments ------------ --- 


	 --- 0/30/2035 --- 
 --- -------- Appointments ------------ --- 


	 --- 0/31/2035 --- 
 --- -------- Appointments ------------ --- 


	 --- 1/1/2035 --- 
 --- -------- Appointments ------------ --- 
	3/31/2017 at 3:30pm ,Birthday Party, This is my birthday party.
 

	 --- 1/2/2035 --- 
 --- -------- Appointments ------------ --- 


	 --- 1/3/2035 --- 
 --- -------- Appointments ------------ --- 


	 --- 1/4/2035 --- 
 --- -------- Appointments ------------ --- 


	 --- 1/5/2035 --- 
 --- -------- Appointments ------------ --- 


	 --- 1/6/2035 --- 
 --- -------- Appointments ------------ --- 


	 --- 1/7/2035 --- 
 --- -------- Appointments ------------ --- 


	 --- 1/8/2035 --- 
 --- -------- Appointments ------------ --- 


	 --- 1/9/2035 --- 
 --- -------- Appointments ------------ --- 


	 --- 1/10/2035 --- 
 --- -------- Appointments ------------ --- 


	 --- 1/11/2035 --- 
 --- -------- Appointments ------------ --- 


	 --- 1/12/2035 --- 
 --- -------- Appointments ------------ --- 


	 --- 1/13/2035 --- 
 --- -------- Appointments ------------ --- 


	 --- 1/14/2035 --- 
 --- -------- Appointments ------------ --- 


	 --- 1/15/2035 --- 
 --- -------- Appointments ------------ --- 


	 --- 1/16/2035 --- 
 --- -------- Appointments ------------ --- 


	 --- 1/17/2035 --- 
 --- -------- Appointments ------------ --- 


	 --- 1/18/2035 --- 
 --- -------- Appointments ------------ --- 


	 --- 1/19/2035 --- 
 --- -------- Appointments ------------ --- 


	 --- 1/20/2035 --- 
 --- -------- Appointments ------------ --- 


	 --- 1/21/2035 --- 
 --- -------- Appointments ------------ --- 


	 --- 1/22/2035 --- 
 --- -------- Appointments ------------ --- 


	 --- 1/23/2035 --- 
 --- -------- Appointments ------------ --- 


	 --- 1/24/2035 --- 
 --- -------- Appointments ------------ --- 


	 --- 1/25/2035 --- 
 --- -------- Appointments ------------ --- 


	 --- 1/26/2035 --- 
 --- -------- Appointments ------------ --- 


	 --- 1/27/2035 --- 
 --- -------- Appointments ------------ --- 


	 --- 1/28/2035 --- 
 --- -------- Appointments ------------ --- 


	 --- 2/1/2035 --- 
 --- -------- Appointments ------------ --- 
	3/31/2017 at 3:30pm ,Birthday Party, This is my birthday party.
 

	 --- 2/2/2035 --- 
 --- -------- Appointments ------------ --- 


	 --- 2/3/2035 --- 
 --- -------- Appointments ------------ --- 


	 --- 2/4/2035 --- 
 --- -------- Appointments ------------ --- 


	 --- 2/5/2035 --- 
 --- -------- Appointments ------------ --- 


	 --- 2/6/2035 --- 
 --- -------- Appointments ------------ --- 


	 --- 2/7/2035 --- 
 --- -------- Appointments ------------ --- 


	 --- 2/8/2035 --- 
 --- -------- Appointments ------------ --- 


	 --- 2/9/2035 --- 
 --- -------- Appointments ------------ --- 


	 --- 2/10/2035 --- 
 --- -------- Appointments ------------ --- 


	 --- 2/11/2035 --- 
 --- -------- Appointments ------------ --- 


	 --- 2/12/2035 --- 
 --- -------- Appointments ------------ --- 


	 --- 2/13/2035 --- 
 --- -------- Appointments ------------ --- 


	 --- 2/14/2035 --- 
 --- -------- Appointments ------------ --- 


	 --- 2/15/2035 --- 
 --- -------- Appointments ------------ --- 


	 --- 2/16/2035 --- 
 --- -------- Appointments ------------ --- 


	 --- 2/17/2035 --- 
 --- -------- Appointments ------------ --- 


	 --- 2/18/2035 --- 
 --- -------- Appointments ------------ --- 


	 --- 2/19/2035 --- 
 --- -------- Appointments ------------ --- 


	 --- 2/20/2035 --- 
 --- -------- Appointments ------------ --- 


	 --- 2/21/2035 --- 
 --- -------- Appointments ------------ --- 


	 --- 2/22/2035 --- 
 --- -------- Appointments ------------ --- 


	 --- 2/23/2035 --- 
 --- -------- Appointments ------------ --- 


	 --- 2/24/2035 --- 
 --- -------- Appointments ------------ --- 


	 --- 2/25/2035 --- 
 --- -------- Appointments ------------ --- 


	 --- 2/26/2035 --- 
 --- -------- Appointments ------------ --- 
	2/26/2018 at 11:30pm ,Birthday Party, This is my birthday party.
 

	 --- 2/27/2035 --- 
 --- -------- Appointments ------------ --- 


	 --- 2/28/2035 --- 
 --- -------- Appointments ------------ --- 


	 --- 2/29/2035 --- 
 --- -------- Appointments ------------ --- 


	 --- 2/30/2035 --- 
 --- -------- Appointments ------------ --- 


	 --- 2/31/2035 --- 
 --- -------- Appointments ------------ --- 


	 --- 3/1/2035 --- 
 --- -------- Appointments ------------ --- 
	3/31/2017 at 3:30pm ,Birthday Party, This is my birthday party.
 

	 --- 3/2/2035 --- 
 --- -------- Appointments ------------ --- 


	 --- 3/3/2035 --- 
 --- -------- Appointments ------------ --- 


	 --- 3/4/2035 --- 
 --- -------- Appointments ------------ --- 


	 --- 3/5/2035 --- 
 --- -------- Appointments ------------ --- 


	 --- 3/6/2035 --- 
 --- -------- Appointments ------------ --- 


	 --- 3/7/2035 --- 
 --- -------- Appointments ------------ --- 


	 --- 3/8/2035 --- 
 --- -------- Appointments ------------ --- 


	 --- 3/9/2035 --- 
 --- -------- Appointments ------------ --- 


	 --- 3/10/2035 --- 
 --- -------- Appointments ------------ --- 


	 --- 3/11/2035 --- 
 --- -------- Appointments ------------ --- 


	 --- 3/12/2035 --- 
 --- -------- Appointments ------------ --- 


	 --- 3/13/2035 --- 
 --- -------- Appointments ------------ --- 


	 --- 3/14/2035 --- 
 --- -------- Appointments ------------ --- 


	 --- 3/15/2035 --- 
 --- -------- Appointments ------------ --- 


	 --- 3/16/2035 --- 
 --- -------- Appointments ------------ --- 


	 --- 3/17/2035 --- 
 --- -------- Appointments ------------ --- 


	 --- 3/18/2035 --- 
 --- -------- Appointments ------------ --- 


	 --- 3/19/2035 --- 
 --- -------- Appointments ------------ --- 


	 --- 3/20/2035 --- 
 --- -------- Appointments ------------ --- 


	 --- 3/21/2035 --- 
 --- -------- Appointments ------------ --- 


	 --- 3/22/2035 --- 
 --- -------- Appointments ------------ --- 


	 --- 3/23/2035 --- 
 --- -------- Appointments ------------ --- 


	 --- 3/24/2035 --- 
 --- -------- Appointments ------------ --- 


	 --- 3/25/2035 --- 
 --- -------- Appointments ------------ --- 


	 --- 3/26/2035 --- 
 --- -------- Appointments ------------ --- 


	 --- 3/27/2035 --- 
 --- -------- Appointments ------------ --- 


	 --- 3/28/2035 --- 
 --- -------- Appointments ------------ --- 


	 --- 3/29/2035 --- 
 --- -------- Appointments ------------ --- 


	 --- 3/30/2035 --- 
 --- -------- Appointments ------------ --- 


	 --- 4/1/2035 --- 
 --- -------- Appointments ------------ --- 
	3/31/2017 at 3:30pm ,Birthday Party, This is my birthday party.
 

	 --- 4/2/2035 --- 
 --- -------- Appointments ------------ --- 


	 --- 4/3/2035 --- 
 --- -------- Appointments ------------ --- 


	 --- 4/4/2035 --- 
 --- -------- Appointments ------------ --- 


	 --- 4/5/2035 --- 
 --- -------- Appointments ------------ --- 


	 --- 4/6/2035 --- 
 --- -------- Appointments ------------ --- 


	 --- 4/7/2035 --- 
 --- -------- Appointments ------------ --- 


	 --- 4/8/2035 --- 
 --- -------- Appointments ------------ --- 


	 --- 4/9/2035 --- 
 --- -------- Appointments ------------ --- 


	 --- 4/10/2035 --- 
 --- -------- Appointments ------------ --- 


	 --- 4/11/2035 --- 
 --- -------- Appointments ------------ --- 


	 --- 4/12/2035 --- 
 --- -------- Appointments ------------ --- 


	 --- 4/13/2035 --- 
 --- -------- Appointments ------------ --- 


	 --- 4/14/2035 --- 
 --- -------- Appointments ------------ --- 


	 --- 4/15/2035 --- 
 --- -------- Appointments ------------ --- 


	 --- 4/16/2035 --- 
 --- -------- Appointments ------------ --- 


	 --- 4/17/2035 --- 
 --- -------- Appointments ------------ --- 


	 --- 4/18/2035 --- 
 --- -------- Appointments ------------ --- 


	 --- 4/19/2035 --- 
 --- -------- Appointments ------------ --- 


	 --- 4/20/2035 --- 
 --- -------- Appointments ------------ --- 


	 --- 4/21/2035 --- 
 --- -------- Appointments ------------ --- 


	 --- 4/22/2035 --- 
 --- -------- Appointments ------------ --- 


	 --- 4/23/2035 --- 
 --- -------- Appointments ------------ --- 


	 --- 4/24/2035 --- 
 --- -------- Appointments ------------ --- 


	 --- 4/25/2035 --- 
 --- -------- Appointments ------------ --- 


	 --- 4/26/2035 --- 
 --- -------- Appointments ------------ --- 


	 --- 4/27/2035 --- 
 --- -------- Appointments ------------ --- 


	 --- 4/28/2035 --- 
 --- -------- Appointments ------------ --- 


	 --- 4/29/2035 --- 
 --- -------- Appointments ------------ --- 


	 --- 4/30/2035 --- 
 --- -------- Appointments ------------ --- 


	 --- 4/31/2035 --- 
 --- -------- Appointments ------------ --- 


	 --- 5/1/2035 --- 
 --- -------- Appointments ------------ --- 
	3/31/2017 at 3:30pm ,Birthday Party, This is my birthday party.
 

	 --- 5/2/2035 --- 
 --- -------- Appointments ------------ --- 


	 --- 5/3/2035 --- 
 --- -------- Appointments ------------ --- 


	 --- 5/4/2035 --- 
 --- -------- Appointments ------------ --- 


	 --- 5/5/2035 --- 
 --- -------- Appointments ------------ --- 


	 --- 5/6/2035 --- 
 --- -------- Appointments ------------ --- 


	 --- 5/7/2035 --- 
 --- -------- Appointments ------------ --- 


	 --- 5/8/2035 --- 
 --- -------- Appointments ------------ --- 


	 --- 5/9/2035 --- 
 --- -------- Appointments ------------ --- 


	 --- 5/10/2035 --- 
 --- -------- Appointments ------------ --- 


	 --- 5/11/2035 --- 
 --- -------- Appointments ------------ --- 


	 --- 5/12/2035 --- 
 --- -------- Appointments ------------ --- 


	 --- 5/13/2035 --- 
 --- -------- Appointments ------------ --- 


	 --- 5/14/2035 --- 
 --- -------- Appointments ------------ --- 


	 --- 5/15/2035 --- 
 --- -------- Appointments ------------ --- 


	 --- 5/16/2035 --- 
 --- -------- Appointments ------------ --- 


	 --- 5/17/2035 --- 
 --- -------- Appointments ------------ --- 


	 --- 5/18/2035 --- 
 --- -------- Appointments ------------ --- 


	 --- 5/19/2035 --- 
 --- -------- Appointments ------------ --- 


	 --- 5/20/2035 --- 
 --- -------- Appointments ------------ --- 


	 --- 5/21/2035 --- 
 --- -------- Appointments ------------ --- 


	 --- 5/22/2035 --- 
 --- -------- Appointments ------------ --- 


	 --- 5/23/2035 --- 
 --- -------- Appointments ------------ --- 


	 --- 5/24/2035 --- 
 --- -------- Appointments ------------ --- 


	 --- 5/25/2035 --- 
 --- -------- Appointments ------------ --- 


	 --- 5/26/2035 --- 
 --- -------- Appointments ------------ --- 


	 --- 5/27/2035 --- 
 --- -------- Appointments ------------ --- 


	 --- 5/28/2035 --- 
 --- -------- Appointments ------------ --- 


	 --- 5/29/2035 --- 
 --- -------- Appointments ------------ --- 


	 --- 5/30/2035 --- 
 --- -------- Appointments ------------ --- 


	 --- 6/1/2035 --- 
 --- -------- Appointments ------------ --- 
	3/31/2017 at 3:30pm ,Birthday Party, This is my birthday party.
 

	 --- 6/2/2035 --- 
 --- -------- Appointments ------------ --- 


	 --- 6/3/2035 --- 
 --- -------- Appointments ------------ --- 


	 --- 6/4/2035 --- 
 --- -------- Appointments ------------ --- 


	 --- 6/5/2035 --- 
 --- -------- Appointments ------------ --- 


	 --- 6/6/2035 --- 
 --- -------- Appointments ------------ --- 


	 --- 6/7/2035 --- 
 --- -------- Appointments ------------ --- 


	 --- 6/8/2035 --- 
 --- -------- Appointments ------------ --- 


	 --- 6/9/2035 --- 
 --- -------- Appointments ------------ --- 


	 --- 6/10/2035 --- 
 --- -------- Appointments ------------ --- 


	 --- 6/11/2035 --- 
 --- -------- Appointments ------------ --- 


	 --- 6/12/2035 --- 
 --- -------- Appointments ------------ --- 


	 --- 6/13/2035 --- 
 --- -------- Appointments ------------ --- 


	 --- 6/14/2035 --- 
 --- -------- Appointments ------------ --- 


	 --- 6/15/2035 --- 
 --- -------- Appointments ------------ --- 


	 --- 6/16/2035 --- 
 --- -------- Appointments ------------ --- 


	 --- 6/17/2035 --- 
 --- -------- Appointments ------------ --- 


	 --- 6/18/2035 --- 
 --- -------- Appointments ------------ --- 


	 --- 6/19/2035 --- 
 --- -------- Appointments ------------ --- 


	 --- 6/20/2035 --- 
 --- -------- Appointments ------------ --- 


	 --- 6/21/2035 --- 
 --- -------- Appointments ------------ --- 


	 --- 6/22/2035 --- 
 --- -------- Appointments ------------ --- 


	 --- 6/23/2035 --- 
 --- -------- Appointments ------------ --- 


	 --- 6/24/2035 --- 
 --- -------- Appointments ------------ --- 


	 --- 6/25/2035 --- 
 --- -------- Appointments ------------ --- 


	 --- 6/26/2035 --- 
 --- -------- Appointments ------------ --- 


	 --- 6/27/2035 --- 
 --- -------- Appointments ------------ --- 


	 --- 6/28/2035 --- 
 --- -------- Appointments ------------ --- 


	 --- 6/29/2035 --- 
 --- -------- Appointments ------------ --- 


	 --- 6/30/2035 --- 
 --- -------- Appointments ------------ --- 


	 --- 6/31/2035 --- 
 --- -------- Appointments ------------ --- 


	 --- 7/1/2035 --- 
 --- -------- Appointments ------------ --- 
	3/31/2017 at 3:30pm ,Birthday Party, This is my birthday party.
 

	 --- 7/2/2035 --- 
 --- -------- Appointments ------------ --- 


	 --- 7/3/2035 --- 
 --- -------- Appointments ------------ --- 


	 --- 7/4/2035 --- 
 --- -------- Appointments ------------ --- 


	 --- 7/5/2035 --- 
 --- -------- Appointments ------------ --- 


	 --- 7/6/2035 --- 
 --- -------- Appointments ------------ --- 


	 --- 7/7/2035 --- 
 --- -------- Appointments ------------ --- 


	 --- 7/8/2035 --- 
 --- -------- Appointments ------------ --- 


	 --- 7/9/2035 --- 
 --- -------- Appointments ------------ --- 


	 --- 7/10/2035 --- 
 --- -------- Appointments ------------ --- 


	 --- 7/11/2035 --- 
 --- -------- Appointments ------------ --- 


	 --- 7/12/2035 --- 
 --- -------- Appointments ------------ --- 


	 --- 7/13/2035 --- 
 --- -------- Appointments ------------ --- 


	 --- 7/14/2035 --- 
 --- -------- Appointments ------------ --- 


	 --- 7/15/2035 --- 
 --- -------- Appointments ------------ --- 


	 --- 7/16/2035 --- 
 --- -------- Appointments ------------ --- 


	 --- 7/17/2035 --- 
 --- -------- Appointments ------------ --- 


	 --- 7/18/2035 --- 
 --- -------- Appointments ------------ --- 


	 --- 7/19/2035 --- 
 --- -------- Appointments ------------ --- 


	 --- 7/20/2035 --- 
 --- -------- Appointments ------------ --- 


	 --- 7/21/2035 --- 
 --- -------- Appointments ------------ --- 


	 --- 7/22/2035 --- 
 --- -------- Appointments ------------ --- 


	 --- 7/23/2035 --- 
 --- -------- Appointments ------------ --- 


	 --- 7/24/2035 --- 
 --- -------- Appointments ------------ --- 


	 --- 7/25/2035 --- 
 --- -------- Appointments ------------ --- 


	 --- 7/26/2035 --- 
 --- -------- Appointments ------------ --- 


	 --- 7/27/2035 --- 
 --- -------- Appointments ------------ --- 


	 --- 7/28/2035 --- 
 --- -------- Appointments ------------ --- 


	 --- 7/29/2035 --- 
 --- -------- Appointments ------------ --- 


	 --- 7/30/2035 --- 
 --- -------- Appointments ------------ --- 


	 --- 7/31/2035 --- 
 --- -------- Appointments ------------ --- 


	 --- 8/1/2035 --- 
 --- -------- Appointments ------------ --- 
	3/31/2017 at 3:30pm ,Birthday Party, This is my birthday party.
 

	 --- 8/2/2035 --- 
 --- -------- Appointments ------------ --- 


	 --- 8/3/2035 --- 
 --- -------- Appointments ------------ --- 


	 --- 8/4/2035 --- 
 --- -------- Appointments ------------ --- 


	 --- 8/5/2035 --- 
 --- -------- Appointments ------------ --- 


	 --- 8/6/2035 --- 
 --- -------- Appointments ------------ --- 


	 --- 8/7/2035 --- 
 --- -------- Appointments ------------ --- 


	 --- 8/8/2035 --- 
 --- -------- Appointments ------------ --- 


	 --- 8/9/2035 --- 
 --- -------- Appointments ------------ --- 


	 --- 8/10/2035 --- 
 --- -------- Appointments ------------ --- 


	 --- 8/11/2035 --- 
 --- -------- Appointments ------------ --- 


	 --- 8/12/2035 --- 
 --- -------- Appointments ------------ --- 


	 --- 8/13/2035 --- 
 --- -------- Appointments ------------ --- 


	 --- 8/14/2035 --- 
 --- -------- Appointments ------------ --- 


	 --- 8/15/2035 --- 
 --- -------- Appointments ------------ --- 


	 --- 8/16/2035 --- 
 --- -------- Appointments ------------ --- 


	 --- 8/17/2035 --- 
 --- -------- Appointments ------------ --- 


	 --- 8/18/2035 --- 
 --- -------- Appointments ------------ --- 


	 --- 8/19/2035 --- 
 --- -------- Appointments ------------ --- 


	 --- 8/20/2035 --- 
 --- -------- Appointments ------------ --- 


	 --- 8/21/2035 --- 
 --- -------- Appointments ------------ --- 


	 --- 8/22/2035 --- 
 --- -------- Appointments ------------ --- 


	 --- 8/23/2035 --- 
 --- -------- Appointments ------------ --- 


	 --- 8/24/2035 --- 
 --- -------- Appointments ------------ --- 


	 --- 8/25/2035 --- 
 --- -------- Appointments ------------ --- 


	 --- 8/26/2035 --- 
 --- -------- Appointments ------------ --- 


	 --- 8/27/2035 --- 
 --- -------- Appointments ------------ --- 


	 --- 8/28/2035 --- 
 --- -------- Appointments ------------ --- 


	 --- 8/29/2035 --- 
 --- -------- Appointments ------------ --- 


	 --- 8/30/2035 --- 
 --- -------- Appointments ------------ --- 


	 --- 9/1/2035 --- 
 --- -------- Appointments ------------ --- 
	3/31/2017 at 3:30pm ,Birthday Party, This is my birthday party.
 

	 --- 9/2/2035 --- 
 --- -------- Appointments ------------ --- 


	 --- 9/3/2035 --- 
 --- -------- Appointments ------------ --- 


	 --- 9/4/2035 --- 
 --- -------- Appointments ------------ --- 


	 --- 9/5/2035 --- 
 --- -------- Appointments ------------ --- 


	 --- 9/6/2035 --- 
 --- -------- Appointments ------------ --- 


	 --- 9/7/2035 --- 
 --- -------- Appointments ------------ --- 


	 --- 9/8/2035 --- 
 --- -------- Appointments ------------ --- 


	 --- 9/9/2035 --- 
 --- -------- Appointments ------------ --- 


	 --- 9/10/2035 --- 
 --- -------- Appointments ------------ --- 


	 --- 9/11/2035 --- 
 --- -------- Appointments ------------ --- 


	 --- 9/12/2035 --- 
 --- -------- Appointments ------------ --- 


	 --- 9/13/2035 --- 
 --- -------- Appointments ------------ --- 


	 --- 9/14/2035 --- 
 --- -------- Appointments ------------ --- 


	 --- 9/15/2035 --- 
 --- -------- Appointments ------------ --- 


	 --- 9/16/2035 --- 
 --- -------- Appointments ------------ --- 


	 --- 9/17/2035 --- 
 --- -------- Appointments ------------ --- 


	 --- 9/18/2035 --- 
 --- -------- Appointments ------------ --- 


	 --- 9/19/2035 --- 
 --- -------- Appointments ------------ --- 


	 --- 9/20/2035 --- 
 --- -------- Appointments ------------ --- 


	 --- 9/21/2035 --- 
 --- -------- Appointments ------------ --- 


	 --- 9/22/2035 --- 
 --- -------- Appointments ------------ --- 


	 --- 9/23/2035 --- 
 --- -------- Appointments ------------ --- 


	 --- 9/24/2035 --- 
 --- -------- Appointments ------------ --- 


	 --- 9/25/2035 --- 
 --- -------- Appointments ------------ --- 


	 --- 9/26/2035 --- 
 --- -------- Appointments ------------ --- 


	 --- 9/27/2035 --- 
 --- -------- Appointments ------------ --- 


	 --- 9/28/2035 --- 
 --- -------- Appointments ------------ --- 


	 --- 9/29/2035 --- 
 --- -------- Appointments ------------ --- 


	 --- 9/30/2035 --- 
 --- -------- Appointments ------------ --- 


	 --- 9/31/2035 --- 
 --- -------- Appointments ------------ --- 


	 --- 10/1/2035 --- 
 --- -------- Appointments ------------ --- 
	3/31/2017 at 3:30pm ,Birthday Party, This is my birthday party.
 

	 --- 10/2/2035 --- 
 --- -------- Appointments ------------ --- 


	 --- 10/3/2035 --- 
 --- -------- Appointments ------------ --- 


	 --- 10/4/2035 --- 
 --- -------- Appointments ------------ --- 


	 --- 10/5/2035 --- 
 --- -------- Appointments ------------ --- 


	 --- 10/6/2035 --- 
 --- -------- Appointments ------------ --- 


	 --- 10/7/2035 --- 
 --- -------- Appointments ------------ --- 


	 --- 10/8/2035 --- 
 --- -------- Appointments ------------ --- 


	 --- 10/9/2035 --- 
 --- -------- Appointments ------------ --- 


	 --- 10/10/2035 --- 
 --- -------- Appointments ------------ --- 


	 --- 10/11/2035 --- 
 --- -------- Appointments ------------ --- 


	 --- 10/12/2035 --- 
 --- -------- Appointments ------------ --- 


	 --- 10/13/2035 --- 
 --- -------- Appointments ------------ --- 


	 --- 10/14/2035 --- 
 --- -------- Appointments ------------ --- 


	 --- 10/15/2035 --- 
 --- -------- Appointments ------------ --- 


	 --- 10/16/2035 --- 
 --- -------- Appointments ------------ --- 


	 --- 10/17/2035 --- 
 --- -------- Appointments ------------ --- 


	 --- 10/18/2035 --- 
 --- -------- Appointments ------------ --- 


	 --- 10/19/2035 --- 
 --- -------- Appointments ------------ --- 


	 --- 10/20/2035 --- 
 --- -------- Appointments ------------ --- 


	 --- 10/21/2035 --- 
 --- -------- Appointments ------------ --- 


	 --- 10/22/2035 --- 
 --- -------- Appointments ------------ --- 


	 --- 10/23/2035 --- 
 --- -------- Appointments ------------ --- 


	 --- 10/24/2035 --- 
 --- -------- Appointments ------------ --- 


	 --- 10/25/2035 --- 
 --- -------- Appointments ------------ --- 


	 --- 10/26/2035 --- 
 --- -------- Appointments ------------ --- 


	 --- 10/27/2035 --- 
 --- -------- Appointments ------------ --- 


	 --- 10/28/2035 --- 
 --- -------- Appointments ------------ --- 


	 --- 10/29/2035 --- 
 --- -------- Appointments ------------ --- 


	 --- 10/30/2035 --- 
 --- -------- Appointments ------------ --- 


	 --- 11/1/2035 --- 
 --- -------- Appointments ------------ --- 
	3/31/2017 at 3:30pm ,Birthday Party, This is my birthday party.
 

	 --- 11/2/2035 --- 
 --- -------- Appointments ------------ --- 


	 --- 11/3/2035 --- 
 --- -------- Appointments ------------ --- 


	 --- 11/4/2035 --- 
 --- -------- Appointments ------------ --- 


	 --- 11/5/2035 --- 
 --- -------- Appointments ------------ --- 


	 --- 11/6/2035 --- 
 --- -------- Appointments ------------ --- 


	 --- 11/7/2035 --- 
 --- -------- Appointments ------------ --- 


	 --- 11/8/2035 --- 
 --- -------- Appointments ------------ --- 


	 --- 11/9/2035 --- 
 --- -------- Appointments ------------ --- 


	 --- 11/10/2035 --- 
 --- -------- Appointments ------------ --- 


	 --- 11/11/2035 --- 
 --- -------- Appointments ------------ --- 


	 --- 11/12/2035 --- 
 --- -------- Appointments ------------ --- 


	 --- 11/13/2035 --- 
 --- -------- Appointments ------------ --- 


	 --- 11/14/2035 --- 
 --- -------- Appointments ------------ --- 


	 --- 11/15/2035 --- 
 --- -------- Appointments ------------ --- 


	 --- 11/16/2035 --- 
 --- -------- Appointments ------------ --- 


	 --- 11/17/2035 --- 
 --- -------- Appointments ------------ --- 


	 --- 11/18/2035 --- 
 --- -------- Appointments ------------ --- 


	 --- 11/19/2035 --- 
 --- -------- Appointments ------------ --- 


	 --- 11/20/2035 --- 
 --- -------- Appointments ------------ --- 


	 --- 11/21/2035 --- 
 --- -------- Appointments ------------ --- 


	 --- 11/22/2035 --- 
 --- -------- Appointments ------------ --- 


	 --- 11/23/2035 --- 
 --- -------- Appointments ------------ --- 


	 --- 11/24/2035 --- 
 --- -------- Appointments ------------ --- 


	 --- 11/25/2035 --- 
 --- -------- Appointments ------------ --- 


	 --- 11/26/2035 --- 
 --- -------- Appointments ------------ --- 


	 --- 11/27/2035 --- 
 --- -------- Appointments ------------ --- 


	 --- 11/28/2035 --- 
 --- -------- Appointments ------------ --- 


	 --- 11/29/2035 --- 
 --- -------- Appointments ------------ --- 


	 --- 11/30/2035 --- 
 --- -------- Appointments ------------ --- 


	 --- 11/31/2035 --- 
 --- -------- Appointments ------------ --- 


	 --- 0/1/2036 --- 
 --- -------- Appointments ------------ --- 
	3/31/2017 at 3:30pm ,Birthday Party, This is my birthday party.
 

	 --- 0/2/2036 --- 
 --- -------- Appointments ------------ --- 


	 --- 0/3/2036 --- 
 --- -------- Appointments ------------ --- 


	 --- 0/4/2036 --- 
 --- -------- Appointments ------------ --- 


	 --- 0/5/2036 --- 
 --- -------- Appointments ------------ --- 


	 --- 0/6/2036 --- 
 --- -------- Appointments ------------ --- 


	 --- 0/7/2036 --- 
 --- -------- Appointments ------------ --- 


	 --- 0/8/2036 --- 
 --- -------- Appointments ------------ --- 


	 --- 0/9/2036 --- 
 --- -------- Appointments ------------ --- 


	 --- 0/10/2036 --- 
 --- -------- Appointments ------------ --- 


	 --- 0/11/2036 --- 
 --- -------- Appointments ------------ --- 


	 --- 0/12/2036 --- 
 --- -------- Appointments ------------ --- 


	 --- 0/13/2036 --- 
 --- -------- Appointments ------------ --- 


	 --- 0/14/2036 --- 
 --- -------- Appointments ------------ --- 


	 --- 0/15/2036 --- 
 --- -------- Appointments ------------ --- 


	 --- 0/16/2036 --- 
 --- -------- Appointments ------------ --- 


	 --- 0/17/2036 --- 
 --- -------- Appointments ------------ --- 


	 --- 0/18/2036 --- 
 --- -------- Appointments ------------ --- 


	 --- 0/19/2036 --- 
 --- -------- Appointments ------------ --- 


	 --- 0/20/2036 --- 
 --- -------- Appointments ------------ --- 


	 --- 0/21/2036 --- 
 --- -------- Appointments ------------ --- 


	 --- 0/22/2036 --- 
 --- -------- Appointments ------------ --- 


	 --- 0/23/2036 --- 
 --- -------- Appointments ------------ --- 


	 --- 0/24/2036 --- 
 --- -------- Appointments ------------ --- 


	 --- 0/25/2036 --- 
 --- -------- Appointments ------------ --- 


	 --- 0/26/2036 --- 
 --- -------- Appointments ------------ --- 


	 --- 0/27/2036 --- 
 --- -------- Appointments ------------ --- 


	 --- 0/28/2036 --- 
 --- -------- Appointments ------------ --- 


	 --- 0/29/2036 --- 
 --- -------- Appointments ------------ --- 


	 --- 0/30/2036 --- 
 --- -------- Appointments ------------ --- 


	 --- 0/31/2036 --- 
 --- -------- Appointments ------------ --- 


	 --- 1/1/2036 --- 
 --- -------- Appointments ------------ --- 
	3/31/2017 at 3:30pm ,Birthday Party, This is my birthday party.
 

	 --- 1/2/2036 --- 
 --- -------- Appointments ------------ --- 


	 --- 1/3/2036 --- 
 --- -------- Appointments ------------ --- 


	 --- 1/4/2036 --- 
 --- -------- Appointments ------------ --- 


	 --- 1/5/2036 --- 
 --- -------- Appointments ------------ --- 


	 --- 1/6/2036 --- 
 --- -------- Appointments ------------ --- 


	 --- 1/7/2036 --- 
 --- -------- Appointments ------------ --- 


	 --- 1/8/2036 --- 
 --- -------- Appointments ------------ --- 


	 --- 1/9/2036 --- 
 --- -------- Appointments ------------ --- 


	 --- 1/10/2036 --- 
 --- -------- Appointments ------------ --- 


	 --- 1/11/2036 --- 
 --- -------- Appointments ------------ --- 


	 --- 1/12/2036 --- 
 --- -------- Appointments ------------ --- 


	 --- 1/13/2036 --- 
 --- -------- Appointments ------------ --- 


	 --- 1/14/2036 --- 
 --- -------- Appointments ------------ --- 


	 --- 1/15/2036 --- 
 --- -------- Appointments ------------ --- 


	 --- 1/16/2036 --- 
 --- -------- Appointments ------------ --- 


	 --- 1/17/2036 --- 
 --- -------- Appointments ------------ --- 


	 --- 1/18/2036 --- 
 --- -------- Appointments ------------ --- 


	 --- 1/19/2036 --- 
 --- -------- Appointments ------------ --- 


	 --- 1/20/2036 --- 
 --- -------- Appointments ------------ --- 


	 --- 1/21/2036 --- 
 --- -------- Appointments ------------ --- 


	 --- 1/22/2036 --- 
 --- -------- Appointments ------------ --- 


	 --- 1/23/2036 --- 
 --- -------- Appointments ------------ --- 


	 --- 1/24/2036 --- 
 --- -------- Appointments ------------ --- 


	 --- 1/25/2036 --- 
 --- -------- Appointments ------------ --- 


	 --- 1/26/2036 --- 
 --- -------- Appointments ------------ --- 


	 --- 1/27/2036 --- 
 --- -------- Appointments ------------ --- 


	 --- 1/28/2036 --- 
 --- -------- Appointments ------------ --- 


	 --- 1/29/2036 --- 
 --- -------- Appointments ------------ --- 


	 --- 2/1/2036 --- 
 --- -------- Appointments ------------ --- 
	3/31/2017 at 3:30pm ,Birthday Party, This is my birthday party.
 

	 --- 2/2/2036 --- 
 --- -------- Appointments ------------ --- 


	 --- 2/3/2036 --- 
 --- -------- Appointments ------------ --- 


	 --- 2/4/2036 --- 
 --- -------- Appointments ------------ --- 


	 --- 2/5/2036 --- 
 --- -------- Appointments ------------ --- 


	 --- 2/6/2036 --- 
 --- -------- Appointments ------------ --- 


	 --- 2/7/2036 --- 
 --- -------- Appointments ------------ --- 


	 --- 2/8/2036 --- 
 --- -------- Appointments ------------ --- 


	 --- 2/9/2036 --- 
 --- -------- Appointments ------------ --- 


	 --- 2/10/2036 --- 
 --- -------- Appointments ------------ --- 


	 --- 2/11/2036 --- 
 --- -------- Appointments ------------ --- 


	 --- 2/12/2036 --- 
 --- -------- Appointments ------------ --- 


	 --- 2/13/2036 --- 
 --- -------- Appointments ------------ --- 


	 --- 2/14/2036 --- 
 --- -------- Appointments ------------ --- 


	 --- 2/15/2036 --- 
 --- -------- Appointments ------------ --- 


	 --- 2/16/2036 --- 
 --- -------- Appointments ------------ --- 


	 --- 2/17/2036 --- 
 --- -------- Appointments ------------ --- 


	 --- 2/18/2036 --- 
 --- -------- Appointments ------------ --- 


	 --- 2/19/2036 --- 
 --- -------- Appointments ------------ --- 


	 --- 2/20/2036 --- 
 --- -------- Appointments ------------ --- 


	 --- 2/21/2036 --- 
 --- -------- Appointments ------------ --- 


	 --- 2/22/2036 --- 
 --- -------- Appointments ------------ --- 


	 --- 2/23/2036 --- 
 --- -------- Appointments ------------ --- 


	 --- 2/24/2036 --- 
 --- -------- Appointments ------------ --- 


	 --- 2/25/2036 --- 
 --- -------- Appointments ------------ --- 


	 --- 2/26/2036 --- 
 --- -------- Appointments ------------ --- 
	2/26/2018 at 11:30pm ,Birthday Party, This is my birthday party.
 

	 --- 2/27/2036 --- 
 --- -------- Appointments ------------ --- 


	 --- 2/28/2036 --- 
 --- -------- Appointments ------------ --- 


	 --- 2/29/2036 --- 
 --- -------- Appointments ------------ --- 


	 --- 2/30/2036 --- 
 --- -------- Appointments ------------ --- 


	 --- 2/31/2036 --- 
 --- -------- Appointments ------------ --- 


	 --- 3/1/2036 --- 
 --- -------- Appointments ------------ --- 
	3/31/2017 at 3:30pm ,Birthday Party, This is my birthday party.
 

	 --- 3/2/2036 --- 
 --- -------- Appointments ------------ --- 


	 --- 3/3/2036 --- 
 --- -------- Appointments ------------ --- 


	 --- 3/4/2036 --- 
 --- -------- Appointments ------------ --- 


	 --- 3/5/2036 --- 
 --- -------- Appointments ------------ --- 


	 --- 3/6/2036 --- 
 --- -------- Appointments ------------ --- 


	 --- 3/7/2036 --- 
 --- -------- Appointments ------------ --- 


	 --- 3/8/2036 --- 
 --- -------- Appointments ------------ --- 


	 --- 3/9/2036 --- 
 --- -------- Appointments ------------ --- 


	 --- 3/10/2036 --- 
 --- -------- Appointments ------------ --- 


	 --- 3/11/2036 --- 
 --- -------- Appointments ------------ --- 


	 --- 3/12/2036 --- 
 --- -------- Appointments ------------ --- 


	 --- 3/13/2036 --- 
 --- -------- Appointments ------------ --- 


	 --- 3/14/2036 --- 
 --- -------- Appointments ------------ --- 


	 --- 3/15/2036 --- 
 --- -------- Appointments ------------ --- 


	 --- 3/16/2036 --- 
 --- -------- Appointments ------------ --- 


	 --- 3/17/2036 --- 
 --- -------- Appointments ------------ --- 


	 --- 3/18/2036 --- 
 --- -------- Appointments ------------ --- 


	 --- 3/19/2036 --- 
 --- -------- Appointments ------------ --- 


	 --- 3/20/2036 --- 
 --- -------- Appointments ------------ --- 


	 --- 3/21/2036 --- 
 --- -------- Appointments ------------ --- 


	 --- 3/22/2036 --- 
 --- -------- Appointments ------------ --- 


	 --- 3/23/2036 --- 
 --- -------- Appointments ------------ --- 


	 --- 3/24/2036 --- 
 --- -------- Appointments ------------ --- 


	 --- 3/25/2036 --- 
 --- -------- Appointments ------------ --- 


	 --- 3/26/2036 --- 
 --- -------- Appointments ------------ --- 


	 --- 3/27/2036 --- 
 --- -------- Appointments ------------ --- 


	 --- 3/28/2036 --- 
 --- -------- Appointments ------------ --- 


	 --- 3/29/2036 --- 
 --- -------- Appointments ------------ --- 


	 --- 3/30/2036 --- 
 --- -------- Appointments ------------ --- 


	 --- 4/1/2036 --- 
 --- -------- Appointments ------------ --- 
	3/31/2017 at 3:30pm ,Birthday Party, This is my birthday party.
 

	 --- 4/2/2036 --- 
 --- -------- Appointments ------------ --- 


	 --- 4/3/2036 --- 
 --- -------- Appointments ------------ --- 


	 --- 4/4/2036 --- 
 --- -------- Appointments ------------ --- 


	 --- 4/5/2036 --- 
 --- -------- Appointments ------------ --- 


	 --- 4/6/2036 --- 
 --- -------- Appointments ------------ --- 


	 --- 4/7/2036 --- 
 --- -------- Appointments ------------ --- 


	 --- 4/8/2036 --- 
 --- -------- Appointments ------------ --- 


	 --- 4/9/2036 --- 
 --- -------- Appointments ------------ --- 


	 --- 4/10/2036 --- 
 --- -------- Appointments ------------ --- 


	 --- 4/11/2036 --- 
 --- -------- Appointments ------------ --- 


	 --- 4/12/2036 --- 
 --- -------- Appointments ------------ --- 


	 --- 4/13/2036 --- 
 --- -------- Appointments ------------ --- 


	 --- 4/14/2036 --- 
 --- -------- Appointments ------------ --- 


	 --- 4/15/2036 --- 
 --- -------- Appointments ------------ --- 


	 --- 4/16/2036 --- 
 --- -------- Appointments ------------ --- 


	 --- 4/17/2036 --- 
 --- -------- Appointments ------------ --- 


	 --- 4/18/2036 --- 
 --- -------- Appointments ------------ --- 


	 --- 4/19/2036 --- 
 --- -------- Appointments ------------ --- 


	 --- 4/20/2036 --- 
 --- -------- Appointments ------------ --- 


	 --- 4/21/2036 --- 
 --- -------- Appointments ------------ --- 


	 --- 4/22/2036 --- 
 --- -------- Appointments ------------ --- 


	 --- 4/23/2036 --- 
 --- -------- Appointments ------------ --- 


	 --- 4/24/2036 --- 
 --- -------- Appointments ------------ --- 


	 --- 4/25/2036 --- 
 --- -------- Appointments ------------ --- 


	 --- 4/26/2036 --- 
 --- -------- Appointments ------------ --- 


	 --- 4/27/2036 --- 
 --- -------- Appointments ------------ --- 


	 --- 4/28/2036 --- 
 --- -------- Appointments ------------ --- 


	 --- 4/29/2036 --- 
 --- -------- Appointments ------------ --- 


	 --- 4/30/2036 --- 
 --- -------- Appointments ------------ --- 


	 --- 4/31/2036 --- 
 --- -------- Appointments ------------ --- 


	 --- 5/1/2036 --- 
 --- -------- Appointments ------------ --- 
	3/31/2017 at 3:30pm ,Birthday Party, This is my birthday party.
 

	 --- 5/2/2036 --- 
 --- -------- Appointments ------------ --- 


	 --- 5/3/2036 --- 
 --- -------- Appointments ------------ --- 


	 --- 5/4/2036 --- 
 --- -------- Appointments ------------ --- 


	 --- 5/5/2036 --- 
 --- -------- Appointments ------------ --- 


	 --- 5/6/2036 --- 
 --- -------- Appointments ------------ --- 


	 --- 5/7/2036 --- 
 --- -------- Appointments ------------ --- 


	 --- 5/8/2036 --- 
 --- -------- Appointments ------------ --- 


	 --- 5/9/2036 --- 
 --- -------- Appointments ------------ --- 


	 --- 5/10/2036 --- 
 --- -------- Appointments ------------ --- 


	 --- 5/11/2036 --- 
 --- -------- Appointments ------------ --- 


	 --- 5/12/2036 --- 
 --- -------- Appointments ------------ --- 


	 --- 5/13/2036 --- 
 --- -------- Appointments ------------ --- 


	 --- 5/14/2036 --- 
 --- -------- Appointments ------------ --- 


	 --- 5/15/2036 --- 
 --- -------- Appointments ------------ --- 


	 --- 5/16/2036 --- 
 --- -------- Appointments ------------ --- 


	 --- 5/17/2036 --- 
 --- -------- Appointments ------------ --- 


	 --- 5/18/2036 --- 
 --- -------- Appointments ------------ --- 


	 --- 5/19/2036 --- 
 --- -------- Appointments ------------ --- 


	 --- 5/20/2036 --- 
 --- -------- Appointments ------------ --- 


	 --- 5/21/2036 --- 
 --- -------- Appointments ------------ --- 


	 --- 5/22/2036 --- 
 --- -------- Appointments ------------ --- 


	 --- 5/23/2036 --- 
 --- -------- Appointments ------------ --- 


	 --- 5/24/2036 --- 
 --- -------- Appointments ------------ --- 


	 --- 5/25/2036 --- 
 --- -------- Appointments ------------ --- 


	 --- 5/26/2036 --- 
 --- -------- Appointments ------------ --- 


	 --- 5/27/2036 --- 
 --- -------- Appointments ------------ --- 


	 --- 5/28/2036 --- 
 --- -------- Appointments ------------ --- 


	 --- 5/29/2036 --- 
 --- -------- Appointments ------------ --- 


	 --- 5/30/2036 --- 
 --- -------- Appointments ------------ --- 


	 --- 6/1/2036 --- 
 --- -------- Appointments ------------ --- 
	3/31/2017 at 3:30pm ,Birthday Party, This is my birthday party.
 

	 --- 6/2/2036 --- 
 --- -------- Appointments ------------ --- 


	 --- 6/3/2036 --- 
 --- -------- Appointments ------------ --- 


	 --- 6/4/2036 --- 
 --- -------- Appointments ------------ --- 


	 --- 6/5/2036 --- 
 --- -------- Appointments ------------ --- 


	 --- 6/6/2036 --- 
 --- -------- Appointments ------------ --- 


	 --- 6/7/2036 --- 
 --- -------- Appointments ------------ --- 


	 --- 6/8/2036 --- 
 --- -------- Appointments ------------ --- 


	 --- 6/9/2036 --- 
 --- -------- Appointments ------------ --- 


	 --- 6/10/2036 --- 
 --- -------- Appointments ------------ --- 


	 --- 6/11/2036 --- 
 --- -------- Appointments ------------ --- 


	 --- 6/12/2036 --- 
 --- -------- Appointments ------------ --- 


	 --- 6/13/2036 --- 
 --- -------- Appointments ------------ --- 


	 --- 6/14/2036 --- 
 --- -------- Appointments ------------ --- 


	 --- 6/15/2036 --- 
 --- -------- Appointments ------------ --- 


	 --- 6/16/2036 --- 
 --- -------- Appointments ------------ --- 


	 --- 6/17/2036 --- 
 --- -------- Appointments ------------ --- 


	 --- 6/18/2036 --- 
 --- -------- Appointments ------------ --- 


	 --- 6/19/2036 --- 
 --- -------- Appointments ------------ --- 


	 --- 6/20/2036 --- 
 --- -------- Appointments ------------ --- 


	 --- 6/21/2036 --- 
 --- -------- Appointments ------------ --- 


	 --- 6/22/2036 --- 
 --- -------- Appointments ------------ --- 


	 --- 6/23/2036 --- 
 --- -------- Appointments ------------ --- 


	 --- 6/24/2036 --- 
 --- -------- Appointments ------------ --- 


	 --- 6/25/2036 --- 
 --- -------- Appointments ------------ --- 


	 --- 6/26/2036 --- 
 --- -------- Appointments ------------ --- 


	 --- 6/27/2036 --- 
 --- -------- Appointments ------------ --- 


	 --- 6/28/2036 --- 
 --- -------- Appointments ------------ --- 


	 --- 6/29/2036 --- 
 --- -------- Appointments ------------ --- 


	 --- 6/30/2036 --- 
 --- -------- Appointments ------------ --- 


	 --- 6/31/2036 --- 
 --- -------- Appointments ------------ --- 


	 --- 7/1/2036 --- 
 --- -------- Appointments ------------ --- 
	3/31/2017 at 3:30pm ,Birthday Party, This is my birthday party.
 

	 --- 7/2/2036 --- 
 --- -------- Appointments ------------ --- 


	 --- 7/3/2036 --- 
 --- -------- Appointments ------------ --- 


	 --- 7/4/2036 --- 
 --- -------- Appointments ------------ --- 


	 --- 7/5/2036 --- 
 --- -------- Appointments ------------ --- 


	 --- 7/6/2036 --- 
 --- -------- Appointments ------------ --- 


	 --- 7/7/2036 --- 
 --- -------- Appointments ------------ --- 


	 --- 7/8/2036 --- 
 --- -------- Appointments ------------ --- 


	 --- 7/9/2036 --- 
 --- -------- Appointments ------------ --- 


	 --- 7/10/2036 --- 
 --- -------- Appointments ------------ --- 


	 --- 7/11/2036 --- 
 --- -------- Appointments ------------ --- 


	 --- 7/12/2036 --- 
 --- -------- Appointments ------------ --- 


	 --- 7/13/2036 --- 
 --- -------- Appointments ------------ --- 


	 --- 7/14/2036 --- 
 --- -------- Appointments ------------ --- 


	 --- 7/15/2036 --- 
 --- -------- Appointments ------------ --- 


	 --- 7/16/2036 --- 
 --- -------- Appointments ------------ --- 


	 --- 7/17/2036 --- 
 --- -------- Appointments ------------ --- 


	 --- 7/18/2036 --- 
 --- -------- Appointments ------------ --- 


	 --- 7/19/2036 --- 
 --- -------- Appointments ------------ --- 


	 --- 7/20/2036 --- 
 --- -------- Appointments ------------ --- 


	 --- 7/21/2036 --- 
 --- -------- Appointments ------------ --- 


	 --- 7/22/2036 --- 
 --- -------- Appointments ------------ --- 


	 --- 7/23/2036 --- 
 --- -------- Appointments ------------ --- 


	 --- 7/24/2036 --- 
 --- -------- Appointments ------------ --- 


	 --- 7/25/2036 --- 
 --- -------- Appointments ------------ --- 


	 --- 7/26/2036 --- 
 --- -------- Appointments ------------ --- 


	 --- 7/27/2036 --- 
 --- -------- Appointments ------------ --- 


	 --- 7/28/2036 --- 
 --- -------- Appointments ------------ --- 


	 --- 7/29/2036 --- 
 --- -------- Appointments ------------ --- 


	 --- 7/30/2036 --- 
 --- -------- Appointments ------------ --- 


	 --- 7/31/2036 --- 
 --- -------- Appointments ------------ --- 


	 --- 8/1/2036 --- 
 --- -------- Appointments ------------ --- 
	3/31/2017 at 3:30pm ,Birthday Party, This is my birthday party.
 

	 --- 8/2/2036 --- 
 --- -------- Appointments ------------ --- 


	 --- 8/3/2036 --- 
 --- -------- Appointments ------------ --- 


	 --- 8/4/2036 --- 
 --- -------- Appointments ------------ --- 


	 --- 8/5/2036 --- 
 --- -------- Appointments ------------ --- 


	 --- 8/6/2036 --- 
 --- -------- Appointments ------------ --- 


	 --- 8/7/2036 --- 
 --- -------- Appointments ------------ --- 


	 --- 8/8/2036 --- 
 --- -------- Appointments ------------ --- 


	 --- 8/9/2036 --- 
 --- -------- Appointments ------------ --- 


	 --- 8/10/2036 --- 
 --- -------- Appointments ------------ --- 


	 --- 8/11/2036 --- 
 --- -------- Appointments ------------ --- 


	 --- 8/12/2036 --- 
 --- -------- Appointments ------------ --- 


	 --- 8/13/2036 --- 
 --- -------- Appointments ------------ --- 


	 --- 8/14/2036 --- 
 --- -------- Appointments ------------ --- 


	 --- 8/15/2036 --- 
 --- -------- Appointments ------------ --- 


	 --- 8/16/2036 --- 
 --- -------- Appointments ------------ --- 


	 --- 8/17/2036 --- 
 --- -------- Appointments ------------ --- 


	 --- 8/18/2036 --- 
 --- -------- Appointments ------------ --- 


	 --- 8/19/2036 --- 
 --- -------- Appointments ------------ --- 


	 --- 8/20/2036 --- 
 --- -------- Appointments ------------ --- 


	 --- 8/21/2036 --- 
 --- -------- Appointments ------------ --- 


	 --- 8/22/2036 --- 
 --- -------- Appointments ------------ --- 


	 --- 8/23/2036 --- 
 --- -------- Appointments ------------ --- 


	 --- 8/24/2036 --- 
 --- -------- Appointments ------------ --- 


	 --- 8/25/2036 --- 
 --- -------- Appointments ------------ --- 


	 --- 8/26/2036 --- 
 --- -------- Appointments ------------ --- 


	 --- 8/27/2036 --- 
 --- -------- Appointments ------------ --- 


	 --- 8/28/2036 --- 
 --- -------- Appointments ------------ --- 


	 --- 8/29/2036 --- 
 --- -------- Appointments ------------ --- 


	 --- 8/30/2036 --- 
 --- -------- Appointments ------------ --- 


	 --- 9/1/2036 --- 
 --- -------- Appointments ------------ --- 
	3/31/2017 at 3:30pm ,Birthday Party, This is my birthday party.
 

	 --- 9/2/2036 --- 
 --- -------- Appointments ------------ --- 


	 --- 9/3/2036 --- 
 --- -------- Appointments ------------ --- 


	 --- 9/4/2036 --- 
 --- -------- Appointments ------------ --- 


	 --- 9/5/2036 --- 
 --- -------- Appointments ------------ --- 


	 --- 9/6/2036 --- 
 --- -------- Appointments ------------ --- 


	 --- 9/7/2036 --- 
 --- -------- Appointments ------------ --- 


	 --- 9/8/2036 --- 
 --- -------- Appointments ------------ --- 


	 --- 9/9/2036 --- 
 --- -------- Appointments ------------ --- 


	 --- 9/10/2036 --- 
 --- -------- Appointments ------------ --- 


	 --- 9/11/2036 --- 
 --- -------- Appointments ------------ --- 


	 --- 9/12/2036 --- 
 --- -------- Appointments ------------ --- 


	 --- 9/13/2036 --- 
 --- -------- Appointments ------------ --- 


	 --- 9/14/2036 --- 
 --- -------- Appointments ------------ --- 


	 --- 9/15/2036 --- 
 --- -------- Appointments ------------ --- 


	 --- 9/16/2036 --- 
 --- -------- Appointments ------------ --- 


	 --- 9/17/2036 --- 
 --- -------- Appointments ------------ --- 


	 --- 9/18/2036 --- 
 --- -------- Appointments ------------ --- 


	 --- 9/19/2036 --- 
 --- -------- Appointments ------------ --- 


	 --- 9/20/2036 --- 
 --- -------- Appointments ------------ --- 


	 --- 9/21/2036 --- 
 --- -------- Appointments ------------ --- 


	 --- 9/22/2036 --- 
 --- -------- Appointments ------------ --- 


	 --- 9/23/2036 --- 
 --- -------- Appointments ------------ --- 


	 --- 9/24/2036 --- 
 --- -------- Appointments ------------ --- 


	 --- 9/25/2036 --- 
 --- -------- Appointments ------------ --- 


	 --- 9/26/2036 --- 
 --- -------- Appointments ------------ --- 


	 --- 9/27/2036 --- 
 --- -------- Appointments ------------ --- 


	 --- 9/28/2036 --- 
 --- -------- Appointments ------------ --- 


	 --- 9/29/2036 --- 
 --- -------- Appointments ------------ --- 


	 --- 9/30/2036 --- 
 --- -------- Appointments ------------ --- 


	 --- 9/31/2036 --- 
 --- -------- Appointments ------------ --- 


	 --- 10/1/2036 --- 
 --- -------- Appointments ------------ --- 
	3/31/2017 at 3:30pm ,Birthday Party, This is my birthday party.
 

	 --- 10/2/2036 --- 
 --- -------- Appointments ------------ --- 


	 --- 10/3/2036 --- 
 --- -------- Appointments ------------ --- 


	 --- 10/4/2036 --- 
 --- -------- Appointments ------------ --- 


	 --- 10/5/2036 --- 
 --- -------- Appointments ------------ --- 


	 --- 10/6/2036 --- 
 --- -------- Appointments ------------ --- 


	 --- 10/7/2036 --- 
 --- -------- Appointments ------------ --- 


	 --- 10/8/2036 --- 
 --- -------- Appointments ------------ --- 


	 --- 10/9/2036 --- 
 --- -------- Appointments ------------ --- 


	 --- 10/10/2036 --- 
 --- -------- Appointments ------------ --- 


	 --- 10/11/2036 --- 
 --- -------- Appointments ------------ --- 


	 --- 10/12/2036 --- 
 --- -------- Appointments ------------ --- 


	 --- 10/13/2036 --- 
 --- -------- Appointments ------------ --- 


	 --- 10/14/2036 --- 
 --- -------- Appointments ------------ --- 


	 --- 10/15/2036 --- 
 --- -------- Appointments ------------ --- 


	 --- 10/16/2036 --- 
 --- -------- Appointments ------------ --- 


	 --- 10/17/2036 --- 
 --- -------- Appointments ------------ --- 


	 --- 10/18/2036 --- 
 --- -------- Appointments ------------ --- 


	 --- 10/19/2036 --- 
 --- -------- Appointments ------------ --- 


	 --- 10/20/2036 --- 
 --- -------- Appointments ------------ --- 


	 --- 10/21/2036 --- 
 --- -------- Appointments ------------ --- 


	 --- 10/22/2036 --- 
 --- -------- Appointments ------------ --- 


	 --- 10/23/2036 --- 
 --- -------- Appointments ------------ --- 


	 --- 10/24/2036 --- 
 --- -------- Appointments ------------ --- 


	 --- 10/25/2036 --- 
 --- -------- Appointments ------------ --- 


	 --- 10/26/2036 --- 
 --- -------- Appointments ------------ --- 


	 --- 10/27/2036 --- 
 --- -------- Appointments ------------ --- 


	 --- 10/28/2036 --- 
 --- -------- Appointments ------------ --- 


	 --- 10/29/2036 --- 
 --- -------- Appointments ------------ --- 


	 --- 10/30/2036 --- 
 --- -------- Appointments ------------ --- 


	 --- 11/1/2036 --- 
 --- -------- Appointments ------------ --- 
	3/31/2017 at 3:30pm ,Birthday Party, This is my birthday party.
 

	 --- 11/2/2036 --- 
 --- -------- Appointments ------------ --- 


	 --- 11/3/2036 --- 
 --- -------- Appointments ------------ --- 


	 --- 11/4/2036 --- 
 --- -------- Appointments ------------ --- 


	 --- 11/5/2036 --- 
 --- -------- Appointments ------------ --- 


	 --- 11/6/2036 --- 
 --- -------- Appointments ------------ --- 


	 --- 11/7/2036 --- 
 --- -------- Appointments ------------ --- 


	 --- 11/8/2036 --- 
 --- -------- Appointments ------------ --- 


	 --- 11/9/2036 --- 
 --- -------- Appointments ------------ --- 


	 --- 11/10/2036 --- 
 --- -------- Appointments ------------ --- 


	 --- 11/11/2036 --- 
 --- -------- Appointments ------------ --- 


	 --- 11/12/2036 --- 
 --- -------- Appointments ------------ --- 


	 --- 11/13/2036 --- 
 --- -------- Appointments ------------ --- 


	 --- 11/14/2036 --- 
 --- -------- Appointments ------------ --- 


	 --- 11/15/2036 --- 
 --- -------- Appointments ------------ --- 


	 --- 11/16/2036 --- 
 --- -------- Appointments ------------ --- 


	 --- 11/17/2036 --- 
 --- -------- Appointments ------------ --- 


	 --- 11/18/2036 --- 
 --- -------- Appointments ------------ --- 


	 --- 11/19/2036 --- 
 --- -------- Appointments ------------ --- 


	 --- 11/20/2036 --- 
 --- -------- Appointments ------------ --- 


	 --- 11/21/2036 --- 
 --- -------- Appointments ------------ --- 


	 --- 11/22/2036 --- 
 --- -------- Appointments ------------ --- 


	 --- 11/23/2036 --- 
 --- -------- Appointments ------------ --- 


	 --- 11/24/2036 --- 
 --- -------- Appointments ------------ --- 


	 --- 11/25/2036 --- 
 --- -------- Appointments ------------ --- 


	 --- 11/26/2036 --- 
 --- -------- Appointments ------------ --- 


	 --- 11/27/2036 --- 
 --- -------- Appointments ------------ --- 


	 --- 11/28/2036 --- 
 --- -------- Appointments ------------ --- 


	 --- 11/29/2036 --- 
 --- -------- Appointments ------------ --- 


	 --- 11/30/2036 --- 
 --- -------- Appointments ------------ --- 


	 --- 11/31/2036 --- 
 --- -------- Appointments ------------ --- 


	 --- 0/1/2037 --- 
 --- -------- Appointments ------------ --- 
	3/31/2017 at 3:30pm ,Birthday Party, This is my birthday party.
 

	 --- 0/2/2037 --- 
 --- -------- Appointments ------------ --- 


	 --- 0/3/2037 --- 
 --- -------- Appointments ------------ --- 


	 --- 0/4/2037 --- 
 --- -------- Appointments ------------ --- 


	 --- 0/5/2037 --- 
 --- -------- Appointments ------------ --- 


	 --- 0/6/2037 --- 
 --- -------- Appointments ------------ --- 


	 --- 0/7/2037 --- 
 --- -------- Appointments ------------ --- 


	 --- 0/8/2037 --- 
 --- -------- Appointments ------------ --- 


	 --- 0/9/2037 --- 
 --- -------- Appointments ------------ --- 


	 --- 0/10/2037 --- 
 --- -------- Appointments ------------ --- 


	 --- 0/11/2037 --- 
 --- -------- Appointments ------------ --- 


	 --- 0/12/2037 --- 
 --- -------- Appointments ------------ --- 


	 --- 0/13/2037 --- 
 --- -------- Appointments ------------ --- 


	 --- 0/14/2037 --- 
 --- -------- Appointments ------------ --- 


	 --- 0/15/2037 --- 
 --- -------- Appointments ------------ --- 


	 --- 0/16/2037 --- 
 --- -------- Appointments ------------ --- 


	 --- 0/17/2037 --- 
 --- -------- Appointments ------------ --- 


	 --- 0/18/2037 --- 
 --- -------- Appointments ------------ --- 


	 --- 0/19/2037 --- 
 --- -------- Appointments ------------ --- 


	 --- 0/20/2037 --- 
 --- -------- Appointments ------------ --- 


	 --- 0/21/2037 --- 
 --- -------- Appointments ------------ --- 


	 --- 0/22/2037 --- 
 --- -------- Appointments ------------ --- 


	 --- 0/23/2037 --- 
 --- -------- Appointments ------------ --- 


	 --- 0/24/2037 --- 
 --- -------- Appointments ------------ --- 


	 --- 0/25/2037 --- 
 --- -------- Appointments ------------ --- 


	 --- 0/26/2037 --- 
 --- -------- Appointments ------------ --- 


	 --- 0/27/2037 --- 
 --- -------- Appointments ------------ --- 


	 --- 0/28/2037 --- 
 --- -------- Appointments ------------ --- 


	 --- 0/29/2037 --- 
 --- -------- Appointments ------------ --- 


	 --- 0/30/2037 --- 
 --- -------- Appointments ------------ --- 


	 --- 0/31/2037 --- 
 --- -------- Appointments ------------ --- 


	 --- 1/1/2037 --- 
 --- -------- Appointments ------------ --- 
	3/31/2017 at 3:30pm ,Birthday Party, This is my birthday party.
 

	 --- 1/2/2037 --- 
 --- -------- Appointments ------------ --- 


	 --- 1/3/2037 --- 
 --- -------- Appointments ------------ --- 


	 --- 1/4/2037 --- 
 --- -------- Appointments ------------ --- 


	 --- 1/5/2037 --- 
 --- -------- Appointments ------------ --- 


	 --- 1/6/2037 --- 
 --- -------- Appointments ------------ --- 


	 --- 1/7/2037 --- 
 --- -------- Appointments ------------ --- 


	 --- 1/8/2037 --- 
 --- -------- Appointments ------------ --- 


	 --- 1/9/2037 --- 
 --- -------- Appointments ------------ --- 


	 --- 1/10/2037 --- 
 --- -------- Appointments ------------ --- 


	 --- 1/11/2037 --- 
 --- -------- Appointments ------------ --- 


	 --- 1/12/2037 --- 
 --- -------- Appointments ------------ --- 


	 --- 1/13/2037 --- 
 --- -------- Appointments ------------ --- 


	 --- 1/14/2037 --- 
 --- -------- Appointments ------------ --- 


	 --- 1/15/2037 --- 
 --- -------- Appointments ------------ --- 


	 --- 1/16/2037 --- 
 --- -------- Appointments ------------ --- 


	 --- 1/17/2037 --- 
 --- -------- Appointments ------------ --- 


	 --- 1/18/2037 --- 
 --- -------- Appointments ------------ --- 


	 --- 1/19/2037 --- 
 --- -------- Appointments ------------ --- 


	 --- 1/20/2037 --- 
 --- -------- Appointments ------------ --- 


	 --- 1/21/2037 --- 
 --- -------- Appointments ------------ --- 


	 --- 1/22/2037 --- 
 --- -------- Appointments ------------ --- 


	 --- 1/23/2037 --- 
 --- -------- Appointments ------------ --- 


	 --- 1/24/2037 --- 
 --- -------- Appointments ------------ --- 


	 --- 1/25/2037 --- 
 --- -------- Appointments ------------ --- 


	 --- 1/26/2037 --- 
 --- -------- Appointments ------------ --- 


	 --- 1/27/2037 --- 
 --- -------- Appointments ------------ --- 


	 --- 1/28/2037 --- 
 --- -------- Appointments ------------ --- 


	 --- 2/1/2037 --- 
 --- -------- Appointments ------------ --- 
	3/31/2017 at 3:30pm ,Birthday Party, This is my birthday party.
 

	 --- 2/2/2037 --- 
 --- -------- Appointments ------------ --- 


	 --- 2/3/2037 --- 
 --- -------- Appointments ------------ --- 


	 --- 2/4/2037 --- 
 --- -------- Appointments ------------ --- 


	 --- 2/5/2037 --- 
 --- -------- Appointments ------------ --- 


	 --- 2/6/2037 --- 
 --- -------- Appointments ------------ --- 


	 --- 2/7/2037 --- 
 --- -------- Appointments ------------ --- 


	 --- 2/8/2037 --- 
 --- -------- Appointments ------------ --- 


	 --- 2/9/2037 --- 
 --- -------- Appointments ------------ --- 


	 --- 2/10/2037 --- 
 --- -------- Appointments ------------ --- 


	 --- 2/11/2037 --- 
 --- -------- Appointments ------------ --- 


	 --- 2/12/2037 --- 
 --- -------- Appointments ------------ --- 


	 --- 2/13/2037 --- 
 --- -------- Appointments ------------ --- 


	 --- 2/14/2037 --- 
 --- -------- Appointments ------------ --- 


	 --- 2/15/2037 --- 
 --- -------- Appointments ------------ --- 


	 --- 2/16/2037 --- 
 --- -------- Appointments ------------ --- 


	 --- 2/17/2037 --- 
 --- -------- Appointments ------------ --- 


	 --- 2/18/2037 --- 
 --- -------- Appointments ------------ --- 


	 --- 2/19/2037 --- 
 --- -------- Appointments ------------ --- 


	 --- 2/20/2037 --- 
 --- -------- Appointments ------------ --- 


	 --- 2/21/2037 --- 
 --- -------- Appointments ------------ --- 


	 --- 2/22/2037 --- 
 --- -------- Appointments ------------ --- 


	 --- 2/23/2037 --- 
 --- -------- Appointments ------------ --- 


	 --- 2/24/2037 --- 
 --- -------- Appointments ------------ --- 


	 --- 2/25/2037 --- 
 --- -------- Appointments ------------ --- 


	 --- 2/26/2037 --- 
 --- -------- Appointments ------------ --- 
	2/26/2018 at 11:30pm ,Birthday Party, This is my birthday party.
 

	 --- 2/27/2037 --- 
 --- -------- Appointments ------------ --- 


	 --- 2/28/2037 --- 
 --- -------- Appointments ------------ --- 


	 --- 2/29/2037 --- 
 --- -------- Appointments ------------ --- 


	 --- 2/30/2037 --- 
 --- -------- Appointments ------------ --- 


	 --- 2/31/2037 --- 
 --- -------- Appointments ------------ --- 


	 --- 3/1/2037 --- 
 --- -------- Appointments ------------ --- 
	3/31/2017 at 3:30pm ,Birthday Party, This is my birthday party.
 

	 --- 3/2/2037 --- 
 --- -------- Appointments ------------ --- 


	 --- 3/3/2037 --- 
 --- -------- Appointments ------------ --- 


	 --- 3/4/2037 --- 
 --- -------- Appointments ------------ --- 


	 --- 3/5/2037 --- 
 --- -------- Appointments ------------ --- 


	 --- 3/6/2037 --- 
 --- -------- Appointments ------------ --- 


	 --- 3/7/2037 --- 
 --- -------- Appointments ------------ --- 


	 --- 3/8/2037 --- 
 --- -------- Appointments ------------ --- 


	 --- 3/9/2037 --- 
 --- -------- Appointments ------------ --- 


	 --- 3/10/2037 --- 
 --- -------- Appointments ------------ --- 


	 --- 3/11/2037 --- 
 --- -------- Appointments ------------ --- 


	 --- 3/12/2037 --- 
 --- -------- Appointments ------------ --- 


	 --- 3/13/2037 --- 
 --- -------- Appointments ------------ --- 


	 --- 3/14/2037 --- 
 --- -------- Appointments ------------ --- 


	 --- 3/15/2037 --- 
 --- -------- Appointments ------------ --- 


	 --- 3/16/2037 --- 
 --- -------- Appointments ------------ --- 


	 --- 3/17/2037 --- 
 --- -------- Appointments ------------ --- 


	 --- 3/18/2037 --- 
 --- -------- Appointments ------------ --- 


	 --- 3/19/2037 --- 
 --- -------- Appointments ------------ --- 


	 --- 3/20/2037 --- 
 --- -------- Appointments ------------ --- 


	 --- 3/21/2037 --- 
 --- -------- Appointments ------------ --- 


	 --- 3/22/2037 --- 
 --- -------- Appointments ------------ --- 


	 --- 3/23/2037 --- 
 --- -------- Appointments ------------ --- 


	 --- 3/24/2037 --- 
 --- -------- Appointments ------------ --- 


	 --- 3/25/2037 --- 
 --- -------- Appointments ------------ --- 


	 --- 3/26/2037 --- 
 --- -------- Appointments ------------ --- 


	 --- 3/27/2037 --- 
 --- -------- Appointments ------------ --- 


	 --- 3/28/2037 --- 
 --- -------- Appointments ------------ --- 


	 --- 3/29/2037 --- 
 --- -------- Appointments ------------ --- 


	 --- 3/30/2037 --- 
 --- -------- Appointments ------------ --- 


	 --- 4/1/2037 --- 
 --- -------- Appointments ------------ --- 
	3/31/2017 at 3:30pm ,Birthday Party, This is my birthday party.
 

	 --- 4/2/2037 --- 
 --- -------- Appointments ------------ --- 


	 --- 4/3/2037 --- 
 --- -------- Appointments ------------ --- 


	 --- 4/4/2037 --- 
 --- -------- Appointments ------------ --- 


	 --- 4/5/2037 --- 
 --- -------- Appointments ------------ --- 


	 --- 4/6/2037 --- 
 --- -------- Appointments ------------ --- 


	 --- 4/7/2037 --- 
 --- -------- Appointments ------------ --- 


	 --- 4/8/2037 --- 
 --- -------- Appointments ------------ --- 


	 --- 4/9/2037 --- 
 --- -------- Appointments ------------ --- 


	 --- 4/10/2037 --- 
 --- -------- Appointments ------------ --- 


	 --- 4/11/2037 --- 
 --- -------- Appointments ------------ --- 


	 --- 4/12/2037 --- 
 --- -------- Appointments ------------ --- 


	 --- 4/13/2037 --- 
 --- -------- Appointments ------------ --- 


	 --- 4/14/2037 --- 
 --- -------- Appointments ------------ --- 


	 --- 4/15/2037 --- 
 --- -------- Appointments ------------ --- 


	 --- 4/16/2037 --- 
 --- -------- Appointments ------------ --- 


	 --- 4/17/2037 --- 
 --- -------- Appointments ------------ --- 


	 --- 4/18/2037 --- 
 --- -------- Appointments ------------ --- 


	 --- 4/19/2037 --- 
 --- -------- Appointments ------------ --- 


	 --- 4/20/2037 --- 
 --- -------- Appointments ------------ --- 


	 --- 4/21/2037 --- 
 --- -------- Appointments ------------ --- 


	 --- 4/22/2037 --- 
 --- -------- Appointments ------------ --- 


	 --- 4/23/2037 --- 
 --- -------- Appointments ------------ --- 


	 --- 4/24/2037 --- 
 --- -------- Appointments ------------ --- 


	 --- 4/25/2037 --- 
 --- -------- Appointments ------------ --- 


	 --- 4/26/2037 --- 
 --- -------- Appointments ------------ --- 


	 --- 4/27/2037 --- 
 --- -------- Appointments ------------ --- 


	 --- 4/28/2037 --- 
 --- -------- Appointments ------------ --- 


	 --- 4/29/2037 --- 
 --- -------- Appointments ------------ --- 


	 --- 4/30/2037 --- 
 --- -------- Appointments ------------ --- 


	 --- 4/31/2037 --- 
 --- -------- Appointments ------------ --- 


	 --- 5/1/2037 --- 
 --- -------- Appointments ------------ --- 
	3/31/2017 at 3:30pm ,Birthday Party, This is my birthday party.
 

	 --- 5/2/2037 --- 
 --- -------- Appointments ------------ --- 


	 --- 5/3/2037 --- 
 --- -------- Appointments ------------ --- 


	 --- 5/4/2037 --- 
 --- -------- Appointments ------------ --- 


	 --- 5/5/2037 --- 
 --- -------- Appointments ------------ --- 


	 --- 5/6/2037 --- 
 --- -------- Appointments ------------ --- 


	 --- 5/7/2037 --- 
 --- -------- Appointments ------------ --- 


	 --- 5/8/2037 --- 
 --- -------- Appointments ------------ --- 


	 --- 5/9/2037 --- 
 --- -------- Appointments ------------ --- 


	 --- 5/10/2037 --- 
 --- -------- Appointments ------------ --- 


	 --- 5/11/2037 --- 
 --- -------- Appointments ------------ --- 


	 --- 5/12/2037 --- 
 --- -------- Appointments ------------ --- 


	 --- 5/13/2037 --- 
 --- -------- Appointments ------------ --- 


	 --- 5/14/2037 --- 
 --- -------- Appointments ------------ --- 


	 --- 5/15/2037 --- 
 --- -------- Appointments ------------ --- 


	 --- 5/16/2037 --- 
 --- -------- Appointments ------------ --- 


	 --- 5/17/2037 --- 
 --- -------- Appointments ------------ --- 


	 --- 5/18/2037 --- 
 --- -------- Appointments ------------ --- 


	 --- 5/19/2037 --- 
 --- -------- Appointments ------------ --- 


	 --- 5/20/2037 --- 
 --- -------- Appointments ------------ --- 


	 --- 5/21/2037 --- 
 --- -------- Appointments ------------ --- 


	 --- 5/22/2037 --- 
 --- -------- Appointments ------------ --- 


	 --- 5/23/2037 --- 
 --- -------- Appointments ------------ --- 


	 --- 5/24/2037 --- 
 --- -------- Appointments ------------ --- 


	 --- 5/25/2037 --- 
 --- -------- Appointments ------------ --- 


	 --- 5/26/2037 --- 
 --- -------- Appointments ------------ --- 


	 --- 5/27/2037 --- 
 --- -------- Appointments ------------ --- 


	 --- 5/28/2037 --- 
 --- -------- Appointments ------------ --- 


	 --- 5/29/2037 --- 
 --- -------- Appointments ------------ --- 


	 --- 5/30/2037 --- 
 --- -------- Appointments ------------ --- 


	 --- 6/1/2037 --- 
 --- -------- Appointments ------------ --- 
	3/31/2017 at 3:30pm ,Birthday Party, This is my birthday party.
 

	 --- 6/2/2037 --- 
 --- -------- Appointments ------------ --- 


	 --- 6/3/2037 --- 
 --- -------- Appointments ------------ --- 


	 --- 6/4/2037 --- 
 --- -------- Appointments ------------ --- 


	 --- 6/5/2037 --- 
 --- -------- Appointments ------------ --- 


	 --- 6/6/2037 --- 
 --- -------- Appointments ------------ --- 


	 --- 6/7/2037 --- 
 --- -------- Appointments ------------ --- 


	 --- 6/8/2037 --- 
 --- -------- Appointments ------------ --- 


	 --- 6/9/2037 --- 
 --- -------- Appointments ------------ --- 


	 --- 6/10/2037 --- 
 --- -------- Appointments ------------ --- 


	 --- 6/11/2037 --- 
 --- -------- Appointments ------------ --- 


	 --- 6/12/2037 --- 
 --- -------- Appointments ------------ --- 


	 --- 6/13/2037 --- 
 --- -------- Appointments ------------ --- 


	 --- 6/14/2037 --- 
 --- -------- Appointments ------------ --- 


	 --- 6/15/2037 --- 
 --- -------- Appointments ------------ --- 


	 --- 6/16/2037 --- 
 --- -------- Appointments ------------ --- 


	 --- 6/17/2037 --- 
 --- -------- Appointments ------------ --- 


	 --- 6/18/2037 --- 
 --- -------- Appointments ------------ --- 


	 --- 6/19/2037 --- 
 --- -------- Appointments ------------ --- 


	 --- 6/20/2037 --- 
 --- -------- Appointments ------------ --- 


	 --- 6/21/2037 --- 
 --- -------- Appointments ------------ --- 


	 --- 6/22/2037 --- 
 --- -------- Appointments ------------ --- 


	 --- 6/23/2037 --- 
 --- -------- Appointments ------------ --- 


	 --- 6/24/2037 --- 
 --- -------- Appointments ------------ --- 


	 --- 6/25/2037 --- 
 --- -------- Appointments ------------ --- 


	 --- 6/26/2037 --- 
 --- -------- Appointments ------------ --- 


	 --- 6/27/2037 --- 
 --- -------- Appointments ------------ --- 


	 --- 6/28/2037 --- 
 --- -------- Appointments ------------ --- 


	 --- 6/29/2037 --- 
 --- -------- Appointments ------------ --- 


	 --- 6/30/2037 --- 
 --- -------- Appointments ------------ --- 


	 --- 6/31/2037 --- 
 --- -------- Appointments ------------ --- 


	 --- 7/1/2037 --- 
 --- -------- Appointments ------------ --- 
	3/31/2017 at 3:30pm ,Birthday Party, This is my birthday party.
 

	 --- 7/2/2037 --- 
 --- -------- Appointments ------------ --- 


	 --- 7/3/2037 --- 
 --- -------- Appointments ------------ --- 


	 --- 7/4/2037 --- 
 --- -------- Appointments ------------ --- 


	 --- 7/5/2037 --- 
 --- -------- Appointments ------------ --- 


	 --- 7/6/2037 --- 
 --- -------- Appointments ------------ --- 


	 --- 7/7/2037 --- 
 --- -------- Appointments ------------ --- 


	 --- 7/8/2037 --- 
 --- -------- Appointments ------------ --- 


	 --- 7/9/2037 --- 
 --- -------- Appointments ------------ --- 


	 --- 7/10/2037 --- 
 --- -------- Appointments ------------ --- 


	 --- 7/11/2037 --- 
 --- -------- Appointments ------------ --- 


	 --- 7/12/2037 --- 
 --- -------- Appointments ------------ --- 


	 --- 7/13/2037 --- 
 --- -------- Appointments ------------ --- 


	 --- 7/14/2037 --- 
 --- -------- Appointments ------------ --- 


	 --- 7/15/2037 --- 
 --- -------- Appointments ------------ --- 


	 --- 7/16/2037 --- 
 --- -------- Appointments ------------ --- 


	 --- 7/17/2037 --- 
 --- -------- Appointments ------------ --- 


	 --- 7/18/2037 --- 
 --- -------- Appointments ------------ --- 


	 --- 7/19/2037 --- 
 --- -------- Appointments ------------ --- 


	 --- 7/20/2037 --- 
 --- -------- Appointments ------------ --- 


	 --- 7/21/2037 --- 
 --- -------- Appointments ------------ --- 


	 --- 7/22/2037 --- 
 --- -------- Appointments ------------ --- 


	 --- 7/23/2037 --- 
 --- -------- Appointments ------------ --- 


	 --- 7/24/2037 --- 
 --- -------- Appointments ------------ --- 


	 --- 7/25/2037 --- 
 --- -------- Appointments ------------ --- 


	 --- 7/26/2037 --- 
 --- -------- Appointments ------------ --- 


	 --- 7/27/2037 --- 
 --- -------- Appointments ------------ --- 


	 --- 7/28/2037 --- 
 --- -------- Appointments ------------ --- 


	 --- 7/29/2037 --- 
 --- -------- Appointments ------------ --- 


	 --- 7/30/2037 --- 
 --- -------- Appointments ------------ --- 


	 --- 7/31/2037 --- 
 --- -------- Appointments ------------ --- 


	 --- 8/1/2037 --- 
 --- -------- Appointments ------------ --- 
	3/31/2017 at 3:30pm ,Birthday Party, This is my birthday party.
 

	 --- 8/2/2037 --- 
 --- -------- Appointments ------------ --- 


	 --- 8/3/2037 --- 
 --- -------- Appointments ------------ --- 


	 --- 8/4/2037 --- 
 --- -------- Appointments ------------ --- 


	 --- 8/5/2037 --- 
 --- -------- Appointments ------------ --- 


	 --- 8/6/2037 --- 
 --- -------- Appointments ------------ --- 


	 --- 8/7/2037 --- 
 --- -------- Appointments ------------ --- 


	 --- 8/8/2037 --- 
 --- -------- Appointments ------------ --- 


	 --- 8/9/2037 --- 
 --- -------- Appointments ------------ --- 


	 --- 8/10/2037 --- 
 --- -------- Appointments ------------ --- 


	 --- 8/11/2037 --- 
 --- -------- Appointments ------------ --- 


	 --- 8/12/2037 --- 
 --- -------- Appointments ------------ --- 


	 --- 8/13/2037 --- 
 --- -------- Appointments ------------ --- 


	 --- 8/14/2037 --- 
 --- -------- Appointments ------------ --- 


	 --- 8/15/2037 --- 
 --- -------- Appointments ------------ --- 


	 --- 8/16/2037 --- 
 --- -------- Appointments ------------ --- 


	 --- 8/17/2037 --- 
 --- -------- Appointments ------------ --- 


	 --- 8/18/2037 --- 
 --- -------- Appointments ------------ --- 


	 --- 8/19/2037 --- 
 --- -------- Appointments ------------ --- 


	 --- 8/20/2037 --- 
 --- -------- Appointments ------------ --- 


	 --- 8/21/2037 --- 
 --- -------- Appointments ------------ --- 


	 --- 8/22/2037 --- 
 --- -------- Appointments ------------ --- 


	 --- 8/23/2037 --- 
 --- -------- Appointments ------------ --- 


	 --- 8/24/2037 --- 
 --- -------- Appointments ------------ --- 


	 --- 8/25/2037 --- 
 --- -------- Appointments ------------ --- 


	 --- 8/26/2037 --- 
 --- -------- Appointments ------------ --- 


	 --- 8/27/2037 --- 
 --- -------- Appointments ------------ --- 


	 --- 8/28/2037 --- 
 --- -------- Appointments ------------ --- 


	 --- 8/29/2037 --- 
 --- -------- Appointments ------------ --- 


	 --- 8/30/2037 --- 
 --- -------- Appointments ------------ --- 


	 --- 9/1/2037 --- 
 --- -------- Appointments ------------ --- 
	3/31/2017 at 3:30pm ,Birthday Party, This is my birthday party.
 

	 --- 9/2/2037 --- 
 --- -------- Appointments ------------ --- 


	 --- 9/3/2037 --- 
 --- -------- Appointments ------------ --- 


	 --- 9/4/2037 --- 
 --- -------- Appointments ------------ --- 


	 --- 9/5/2037 --- 
 --- -------- Appointments ------------ --- 


	 --- 9/6/2037 --- 
 --- -------- Appointments ------------ --- 


	 --- 9/7/2037 --- 
 --- -------- Appointments ------------ --- 


	 --- 9/8/2037 --- 
 --- -------- Appointments ------------ --- 


	 --- 9/9/2037 --- 
 --- -------- Appointments ------------ --- 


	 --- 9/10/2037 --- 
 --- -------- Appointments ------------ --- 


	 --- 9/11/2037 --- 
 --- -------- Appointments ------------ --- 


	 --- 9/12/2037 --- 
 --- -------- Appointments ------------ --- 


	 --- 9/13/2037 --- 
 --- -------- Appointments ------------ --- 


	 --- 9/14/2037 --- 
 --- -------- Appointments ------------ --- 


	 --- 9/15/2037 --- 
 --- -------- Appointments ------------ --- 


	 --- 9/16/2037 --- 
 --- -------- Appointments ------------ --- 


	 --- 9/17/2037 --- 
 --- -------- Appointments ------------ --- 


	 --- 9/18/2037 --- 
 --- -------- Appointments ------------ --- 


	 --- 9/19/2037 --- 
 --- -------- Appointments ------------ --- 


	 --- 9/20/2037 --- 
 --- -------- Appointments ------------ --- 


	 --- 9/21/2037 --- 
 --- -------- Appointments ------------ --- 


	 --- 9/22/2037 --- 
 --- -------- Appointments ------------ --- 


	 --- 9/23/2037 --- 
 --- -------- Appointments ------------ --- 


	 --- 9/24/2037 --- 
 --- -------- Appointments ------------ --- 


	 --- 9/25/2037 --- 
 --- -------- Appointments ------------ --- 


	 --- 9/26/2037 --- 
 --- -------- Appointments ------------ --- 


	 --- 9/27/2037 --- 
 --- -------- Appointments ------------ --- 


	 --- 9/28/2037 --- 
 --- -------- Appointments ------------ --- 


	 --- 9/29/2037 --- 
 --- -------- Appointments ------------ --- 


	 --- 9/30/2037 --- 
 --- -------- Appointments ------------ --- 


	 --- 9/31/2037 --- 
 --- -------- Appointments ------------ --- 


	 --- 10/1/2037 --- 
 --- -------- Appointments ------------ --- 
	3/31/2017 at 3:30pm ,Birthday Party, This is my birthday party.
 

	 --- 10/2/2037 --- 
 --- -------- Appointments ------------ --- 


	 --- 10/3/2037 --- 
 --- -------- Appointments ------------ --- 


	 --- 10/4/2037 --- 
 --- -------- Appointments ------------ --- 


	 --- 10/5/2037 --- 
 --- -------- Appointments ------------ --- 


	 --- 10/6/2037 --- 
 --- -------- Appointments ------------ --- 


	 --- 10/7/2037 --- 
 --- -------- Appointments ------------ --- 


	 --- 10/8/2037 --- 
 --- -------- Appointments ------------ --- 


	 --- 10/9/2037 --- 
 --- -------- Appointments ------------ --- 


	 --- 10/10/2037 --- 
 --- -------- Appointments ------------ --- 


	 --- 10/11/2037 --- 
 --- -------- Appointments ------------ --- 


	 --- 10/12/2037 --- 
 --- -------- Appointments ------------ --- 


	 --- 10/13/2037 --- 
 --- -------- Appointments ------------ --- 


	 --- 10/14/2037 --- 
 --- -------- Appointments ------------ --- 


	 --- 10/15/2037 --- 
 --- -------- Appointments ------------ --- 


	 --- 10/16/2037 --- 
 --- -------- Appointments ------------ --- 


	 --- 10/17/2037 --- 
 --- -------- Appointments ------------ --- 


	 --- 10/18/2037 --- 
 --- -------- Appointments ------------ --- 


	 --- 10/19/2037 --- 
 --- -------- Appointments ------------ --- 


	 --- 10/20/2037 --- 
 --- -------- Appointments ------------ --- 


	 --- 10/21/2037 --- 
 --- -------- Appointments ------------ --- 


	 --- 10/22/2037 --- 
 --- -------- Appointments ------------ --- 


	 --- 10/23/2037 --- 
 --- -------- Appointments ------------ --- 


	 --- 10/24/2037 --- 
 --- -------- Appointments ------------ --- 


	 --- 10/25/2037 --- 
 --- -------- Appointments ------------ --- 


	 --- 10/26/2037 --- 
 --- -------- Appointments ------------ --- 


	 --- 10/27/2037 --- 
 --- -------- Appointments ------------ --- 


	 --- 10/28/2037 --- 
 --- -------- Appointments ------------ --- 


	 --- 10/29/2037 --- 
 --- -------- Appointments ------------ --- 


	 --- 10/30/2037 --- 
 --- -------- Appointments ------------ --- 


	 --- 11/1/2037 --- 
 --- -------- Appointments ------------ --- 
	3/31/2017 at 3:30pm ,Birthday Party, This is my birthday party.
 

	 --- 11/2/2037 --- 
 --- -------- Appointments ------------ --- 


	 --- 11/3/2037 --- 
 --- -------- Appointments ------------ --- 


	 --- 11/4/2037 --- 
 --- -------- Appointments ------------ --- 


	 --- 11/5/2037 --- 
 --- -------- Appointments ------------ --- 


	 --- 11/6/2037 --- 
 --- -------- Appointments ------------ --- 


	 --- 11/7/2037 --- 
 --- -------- Appointments ------------ --- 


	 --- 11/8/2037 --- 
 --- -------- Appointments ------------ --- 


	 --- 11/9/2037 --- 
 --- -------- Appointments ------------ --- 


	 --- 11/10/2037 --- 
 --- -------- Appointments ------------ --- 


	 --- 11/11/2037 --- 
 --- -------- Appointments ------------ --- 


	 --- 11/12/2037 --- 
 --- -------- Appointments ------------ --- 


	 --- 11/13/2037 --- 
 --- -------- Appointments ------------ --- 


	 --- 11/14/2037 --- 
 --- -------- Appointments ------------ --- 


	 --- 11/15/2037 --- 
 --- -------- Appointments ------------ --- 


	 --- 11/16/2037 --- 
 --- -------- Appointments ------------ --- 


	 --- 11/17/2037 --- 
 --- -------- Appointments ------------ --- 


	 --- 11/18/2037 --- 
 --- -------- Appointments ------------ --- 


	 --- 11/19/2037 --- 
 --- -------- Appointments ------------ --- 


	 --- 11/20/2037 --- 
 --- -------- Appointments ------------ --- 


	 --- 11/21/2037 --- 
 --- -------- Appointments ------------ --- 


	 --- 11/22/2037 --- 
 --- -------- Appointments ------------ --- 


	 --- 11/23/2037 --- 
 --- -------- Appointments ------------ --- 


	 --- 11/24/2037 --- 
 --- -------- Appointments ------------ --- 


	 --- 11/25/2037 --- 
 --- -------- Appointments ------------ --- 


	 --- 11/26/2037 --- 
 --- -------- Appointments ------------ --- 


	 --- 11/27/2037 --- 
 --- -------- Appointments ------------ --- 


	 --- 11/28/2037 --- 
 --- -------- Appointments ------------ --- 


	 --- 11/29/2037 --- 
 --- -------- Appointments ------------ --- 


	 --- 11/30/2037 --- 
 --- -------- Appointments ------------ --- 


	 --- 11/31/2037 --- 
 --- -------- Appointments ------------ --- 


	 --- 0/1/2038 --- 
 --- -------- Appointments ------------ --- 
	3/31/2017 at 3:30pm ,Birthday Party, This is my birthday party.
 

	 --- 0/2/2038 --- 
 --- -------- Appointments ------------ --- 


	 --- 0/3/2038 --- 
 --- -------- Appointments ------------ --- 


	 --- 0/4/2038 --- 
 --- -------- Appointments ------------ --- 


	 --- 0/5/2038 --- 
 --- -------- Appointments ------------ --- 


	 --- 0/6/2038 --- 
 --- -------- Appointments ------------ --- 


	 --- 0/7/2038 --- 
 --- -------- Appointments ------------ --- 


	 --- 0/8/2038 --- 
 --- -------- Appointments ------------ --- 


	 --- 0/9/2038 --- 
 --- -------- Appointments ------------ --- 


	 --- 0/10/2038 --- 
 --- -------- Appointments ------------ --- 


	 --- 0/11/2038 --- 
 --- -------- Appointments ------------ --- 


	 --- 0/12/2038 --- 
 --- -------- Appointments ------------ --- 


	 --- 0/13/2038 --- 
 --- -------- Appointments ------------ --- 


	 --- 0/14/2038 --- 
 --- -------- Appointments ------------ --- 


	 --- 0/15/2038 --- 
 --- -------- Appointments ------------ --- 


	 --- 0/16/2038 --- 
 --- -------- Appointments ------------ --- 


	 --- 0/17/2038 --- 
 --- -------- Appointments ------------ --- 


	 --- 0/18/2038 --- 
 --- -------- Appointments ------------ --- 


	 --- 0/19/2038 --- 
 --- -------- Appointments ------------ --- 


	 --- 0/20/2038 --- 
 --- -------- Appointments ------------ --- 


	 --- 0/21/2038 --- 
 --- -------- Appointments ------------ --- 


	 --- 0/22/2038 --- 
 --- -------- Appointments ------------ --- 


	 --- 0/23/2038 --- 
 --- -------- Appointments ------------ --- 


	 --- 0/24/2038 --- 
 --- -------- Appointments ------------ --- 


	 --- 0/25/2038 --- 
 --- -------- Appointments ------------ --- 


	 --- 0/26/2038 --- 
 --- -------- Appointments ------------ --- 


	 --- 0/27/2038 --- 
 --- -------- Appointments ------------ --- 


	 --- 0/28/2038 --- 
 --- -------- Appointments ------------ --- 


	 --- 0/29/2038 --- 
 --- -------- Appointments ------------ --- 


	 --- 0/30/2038 --- 
 --- -------- Appointments ------------ --- 


	 --- 0/31/2038 --- 
 --- -------- Appointments ------------ --- 


	 --- 1/1/2038 --- 
 --- -------- Appointments ------------ --- 
	3/31/2017 at 3:30pm ,Birthday Party, This is my birthday party.
 

	 --- 1/2/2038 --- 
 --- -------- Appointments ------------ --- 


	 --- 1/3/2038 --- 
 --- -------- Appointments ------------ --- 


	 --- 1/4/2038 --- 
 --- -------- Appointments ------------ --- 


	 --- 1/5/2038 --- 
 --- -------- Appointments ------------ --- 


	 --- 1/6/2038 --- 
 --- -------- Appointments ------------ --- 


	 --- 1/7/2038 --- 
 --- -------- Appointments ------------ --- 


	 --- 1/8/2038 --- 
 --- -------- Appointments ------------ --- 


	 --- 1/9/2038 --- 
 --- -------- Appointments ------------ --- 


	 --- 1/10/2038 --- 
 --- -------- Appointments ------------ --- 


	 --- 1/11/2038 --- 
 --- -------- Appointments ------------ --- 


	 --- 1/12/2038 --- 
 --- -------- Appointments ------------ --- 


	 --- 1/13/2038 --- 
 --- -------- Appointments ------------ --- 


	 --- 1/14/2038 --- 
 --- -------- Appointments ------------ --- 


	 --- 1/15/2038 --- 
 --- -------- Appointments ------------ --- 


	 --- 1/16/2038 --- 
 --- -------- Appointments ------------ --- 


	 --- 1/17/2038 --- 
 --- -------- Appointments ------------ --- 


	 --- 1/18/2038 --- 
 --- -------- Appointments ------------ --- 


	 --- 1/19/2038 --- 
 --- -------- Appointments ------------ --- 


	 --- 1/20/2038 --- 
 --- -------- Appointments ------------ --- 


	 --- 1/21/2038 --- 
 --- -------- Appointments ------------ --- 


	 --- 1/22/2038 --- 
 --- -------- Appointments ------------ --- 


	 --- 1/23/2038 --- 
 --- -------- Appointments ------------ --- 


	 --- 1/24/2038 --- 
 --- -------- Appointments ------------ --- 


	 --- 1/25/2038 --- 
 --- -------- Appointments ------------ --- 


	 --- 1/26/2038 --- 
 --- -------- Appointments ------------ --- 


	 --- 1/27/2038 --- 
 --- -------- Appointments ------------ --- 


	 --- 1/28/2038 --- 
 --- -------- Appointments ------------ --- 


	 --- 2/1/2038 --- 
 --- -------- Appointments ------------ --- 
	3/31/2017 at 3:30pm ,Birthday Party, This is my birthday party.
 

	 --- 2/2/2038 --- 
 --- -------- Appointments ------------ --- 


	 --- 2/3/2038 --- 
 --- -------- Appointments ------------ --- 


	 --- 2/4/2038 --- 
 --- -------- Appointments ------------ --- 


	 --- 2/5/2038 --- 
 --- -------- Appointments ------------ --- 


	 --- 2/6/2038 --- 
 --- -------- Appointments ------------ --- 


	 --- 2/7/2038 --- 
 --- -------- Appointments ------------ --- 


	 --- 2/8/2038 --- 
 --- -------- Appointments ------------ --- 


	 --- 2/9/2038 --- 
 --- -------- Appointments ------------ --- 


	 --- 2/10/2038 --- 
 --- -------- Appointments ------------ --- 


	 --- 2/11/2038 --- 
 --- -------- Appointments ------------ --- 


	 --- 2/12/2038 --- 
 --- -------- Appointments ------------ --- 


	 --- 2/13/2038 --- 
 --- -------- Appointments ------------ --- 


	 --- 2/14/2038 --- 
 --- -------- Appointments ------------ --- 


	 --- 2/15/2038 --- 
 --- -------- Appointments ------------ --- 


	 --- 2/16/2038 --- 
 --- -------- Appointments ------------ --- 


	 --- 2/17/2038 --- 
 --- -------- Appointments ------------ --- 


	 --- 2/18/2038 --- 
 --- -------- Appointments ------------ --- 


	 --- 2/19/2038 --- 
 --- -------- Appointments ------------ --- 


	 --- 2/20/2038 --- 
 --- -------- Appointments ------------ --- 


	 --- 2/21/2038 --- 
 --- -------- Appointments ------------ --- 


	 --- 2/22/2038 --- 
 --- -------- Appointments ------------ --- 


	 --- 2/23/2038 --- 
 --- -------- Appointments ------------ --- 


	 --- 2/24/2038 --- 
 --- -------- Appointments ------------ --- 


	 --- 2/25/2038 --- 
 --- -------- Appointments ------------ --- 


	 --- 2/26/2038 --- 
 --- -------- Appointments ------------ --- 
	2/26/2018 at 11:30pm ,Birthday Party, This is my birthday party.
 

	 --- 2/27/2038 --- 
 --- -------- Appointments ------------ --- 


	 --- 2/28/2038 --- 
 --- -------- Appointments ------------ --- 


	 --- 2/29/2038 --- 
 --- -------- Appointments ------------ --- 


	 --- 2/30/2038 --- 
 --- -------- Appointments ------------ --- 


	 --- 2/31/2038 --- 
 --- -------- Appointments ------------ --- 


	 --- 3/1/2038 --- 
 --- -------- Appointments ------------ --- 
	3/31/2017 at 3:30pm ,Birthday Party, This is my birthday party.
 

	 --- 3/2/2038 --- 
 --- -------- Appointments ------------ --- 


	 --- 3/3/2038 --- 
 --- -------- Appointments ------------ --- 


	 --- 3/4/2038 --- 
 --- -------- Appointments ------------ --- 


	 --- 3/5/2038 --- 
 --- -------- Appointments ------------ --- 


	 --- 3/6/2038 --- 
 --- -------- Appointments ------------ --- 


	 --- 3/7/2038 --- 
 --- -------- Appointments ------------ --- 


	 --- 3/8/2038 --- 
 --- -------- Appointments ------------ --- 


	 --- 3/9/2038 --- 
 --- -------- Appointments ------------ --- 


	 --- 3/10/2038 --- 
 --- -------- Appointments ------------ --- 


	 --- 3/11/2038 --- 
 --- -------- Appointments ------------ --- 


	 --- 3/12/2038 --- 
 --- -------- Appointments ------------ --- 


	 --- 3/13/2038 --- 
 --- -------- Appointments ------------ --- 


	 --- 3/14/2038 --- 
 --- -------- Appointments ------------ --- 


	 --- 3/15/2038 --- 
 --- -------- Appointments ------------ --- 


	 --- 3/16/2038 --- 
 --- -------- Appointments ------------ --- 


	 --- 3/17/2038 --- 
 --- -------- Appointments ------------ --- 


	 --- 3/18/2038 --- 
 --- -------- Appointments ------------ --- 


	 --- 3/19/2038 --- 
 --- -------- Appointments ------------ --- 


	 --- 3/20/2038 --- 
 --- -------- Appointments ------------ --- 


	 --- 3/21/2038 --- 
 --- -------- Appointments ------------ --- 


	 --- 3/22/2038 --- 
 --- -------- Appointments ------------ --- 


	 --- 3/23/2038 --- 
 --- -------- Appointments ------------ --- 


	 --- 3/24/2038 --- 
 --- -------- Appointments ------------ --- 


	 --- 3/25/2038 --- 
 --- -------- Appointments ------------ --- 


	 --- 3/26/2038 --- 
 --- -------- Appointments ------------ --- 


	 --- 3/27/2038 --- 
 --- -------- Appointments ------------ --- 


	 --- 3/28/2038 --- 
 --- -------- Appointments ------------ --- 


	 --- 3/29/2038 --- 
 --- -------- Appointments ------------ --- 


	 --- 3/30/2038 --- 
 --- -------- Appointments ------------ --- 


	 --- 4/1/2038 --- 
 --- -------- Appointments ------------ --- 
	3/31/2017 at 3:30pm ,Birthday Party, This is my birthday party.
 

	 --- 4/2/2038 --- 
 --- -------- Appointments ------------ --- 


	 --- 4/3/2038 --- 
 --- -------- Appointments ------------ --- 


	 --- 4/4/2038 --- 
 --- -------- Appointments ------------ --- 


	 --- 4/5/2038 --- 
 --- -------- Appointments ------------ --- 


	 --- 4/6/2038 --- 
 --- -------- Appointments ------------ --- 


	 --- 4/7/2038 --- 
 --- -------- Appointments ------------ --- 


	 --- 4/8/2038 --- 
 --- -------- Appointments ------------ --- 


	 --- 4/9/2038 --- 
 --- -------- Appointments ------------ --- 


	 --- 4/10/2038 --- 
 --- -------- Appointments ------------ --- 


	 --- 4/11/2038 --- 
 --- -------- Appointments ------------ --- 


	 --- 4/12/2038 --- 
 --- -------- Appointments ------------ --- 


	 --- 4/13/2038 --- 
 --- -------- Appointments ------------ --- 


	 --- 4/14/2038 --- 
 --- -------- Appointments ------------ --- 


	 --- 4/15/2038 --- 
 --- -------- Appointments ------------ --- 


	 --- 4/16/2038 --- 
 --- -------- Appointments ------------ --- 


	 --- 4/17/2038 --- 
 --- -------- Appointments ------------ --- 


	 --- 4/18/2038 --- 
 --- -------- Appointments ------------ --- 


	 --- 4/19/2038 --- 
 --- -------- Appointments ------------ --- 


	 --- 4/20/2038 --- 
 --- -------- Appointments ------------ --- 


	 --- 4/21/2038 --- 
 --- -------- Appointments ------------ --- 


	 --- 4/22/2038 --- 
 --- -------- Appointments ------------ --- 


	 --- 4/23/2038 --- 
 --- -------- Appointments ------------ --- 


	 --- 4/24/2038 --- 
 --- -------- Appointments ------------ --- 


	 --- 4/25/2038 --- 
 --- -------- Appointments ------------ --- 


	 --- 4/26/2038 --- 
 --- -------- Appointments ------------ --- 


	 --- 4/27/2038 --- 
 --- -------- Appointments ------------ --- 


	 --- 4/28/2038 --- 
 --- -------- Appointments ------------ --- 


	 --- 4/29/2038 --- 
 --- -------- Appointments ------------ --- 


	 --- 4/30/2038 --- 
 --- -------- Appointments ------------ --- 


	 --- 4/31/2038 --- 
 --- -------- Appointments ------------ --- 


	 --- 5/1/2038 --- 
 --- -------- Appointments ------------ --- 
	3/31/2017 at 3:30pm ,Birthday Party, This is my birthday party.
 

	 --- 5/2/2038 --- 
 --- -------- Appointments ------------ --- 


	 --- 5/3/2038 --- 
 --- -------- Appointments ------------ --- 


	 --- 5/4/2038 --- 
 --- -------- Appointments ------------ --- 


	 --- 5/5/2038 --- 
 --- -------- Appointments ------------ --- 


	 --- 5/6/2038 --- 
 --- -------- Appointments ------------ --- 


	 --- 5/7/2038 --- 
 --- -------- Appointments ------------ --- 


	 --- 5/8/2038 --- 
 --- -------- Appointments ------------ --- 


	 --- 5/9/2038 --- 
 --- -------- Appointments ------------ --- 


	 --- 5/10/2038 --- 
 --- -------- Appointments ------------ --- 


	 --- 5/11/2038 --- 
 --- -------- Appointments ------------ --- 


	 --- 5/12/2038 --- 
 --- -------- Appointments ------------ --- 


	 --- 5/13/2038 --- 
 --- -------- Appointments ------------ --- 


	 --- 5/14/2038 --- 
 --- -------- Appointments ------------ --- 


	 --- 5/15/2038 --- 
 --- -------- Appointments ------------ --- 


	 --- 5/16/2038 --- 
 --- -------- Appointments ------------ --- 


	 --- 5/17/2038 --- 
 --- -------- Appointments ------------ --- 


	 --- 5/18/2038 --- 
 --- -------- Appointments ------------ --- 


	 --- 5/19/2038 --- 
 --- -------- Appointments ------------ --- 


	 --- 5/20/2038 --- 
 --- -------- Appointments ------------ --- 


	 --- 5/21/2038 --- 
 --- -------- Appointments ------------ --- 


	 --- 5/22/2038 --- 
 --- -------- Appointments ------------ --- 


	 --- 5/23/2038 --- 
 --- -------- Appointments ------------ --- 


	 --- 5/24/2038 --- 
 --- -------- Appointments ------------ --- 


	 --- 5/25/2038 --- 
 --- -------- Appointments ------------ --- 


	 --- 5/26/2038 --- 
 --- -------- Appointments ------------ --- 


	 --- 5/27/2038 --- 
 --- -------- Appointments ------------ --- 


	 --- 5/28/2038 --- 
 --- -------- Appointments ------------ --- 


	 --- 5/29/2038 --- 
 --- -------- Appointments ------------ --- 


	 --- 5/30/2038 --- 
 --- -------- Appointments ------------ --- 


	 --- 6/1/2038 --- 
 --- -------- Appointments ------------ --- 
	3/31/2017 at 3:30pm ,Birthday Party, This is my birthday party.
 

	 --- 6/2/2038 --- 
 --- -------- Appointments ------------ --- 


	 --- 6/3/2038 --- 
 --- -------- Appointments ------------ --- 


	 --- 6/4/2038 --- 
 --- -------- Appointments ------------ --- 


	 --- 6/5/2038 --- 
 --- -------- Appointments ------------ --- 


	 --- 6/6/2038 --- 
 --- -------- Appointments ------------ --- 


	 --- 6/7/2038 --- 
 --- -------- Appointments ------------ --- 


	 --- 6/8/2038 --- 
 --- -------- Appointments ------------ --- 


	 --- 6/9/2038 --- 
 --- -------- Appointments ------------ --- 


	 --- 6/10/2038 --- 
 --- -------- Appointments ------------ --- 


	 --- 6/11/2038 --- 
 --- -------- Appointments ------------ --- 


	 --- 6/12/2038 --- 
 --- -------- Appointments ------------ --- 


	 --- 6/13/2038 --- 
 --- -------- Appointments ------------ --- 


	 --- 6/14/2038 --- 
 --- -------- Appointments ------------ --- 


	 --- 6/15/2038 --- 
 --- -------- Appointments ------------ --- 


	 --- 6/16/2038 --- 
 --- -------- Appointments ------------ --- 


	 --- 6/17/2038 --- 
 --- -------- Appointments ------------ --- 


	 --- 6/18/2038 --- 
 --- -------- Appointments ------------ --- 


	 --- 6/19/2038 --- 
 --- -------- Appointments ------------ --- 


	 --- 6/20/2038 --- 
 --- -------- Appointments ------------ --- 


	 --- 6/21/2038 --- 
 --- -------- Appointments ------------ --- 


	 --- 6/22/2038 --- 
 --- -------- Appointments ------------ --- 


	 --- 6/23/2038 --- 
 --- -------- Appointments ------------ --- 


	 --- 6/24/2038 --- 
 --- -------- Appointments ------------ --- 


	 --- 6/25/2038 --- 
 --- -------- Appointments ------------ --- 


	 --- 6/26/2038 --- 
 --- -------- Appointments ------------ --- 


	 --- 6/27/2038 --- 
 --- -------- Appointments ------------ --- 


	 --- 6/28/2038 --- 
 --- -------- Appointments ------------ --- 


	 --- 6/29/2038 --- 
 --- -------- Appointments ------------ --- 


	 --- 6/30/2038 --- 
 --- -------- Appointments ------------ --- 


	 --- 6/31/2038 --- 
 --- -------- Appointments ------------ --- 


	 --- 7/1/2038 --- 
 --- -------- Appointments ------------ --- 
	3/31/2017 at 3:30pm ,Birthday Party, This is my birthday party.
 

	 --- 7/2/2038 --- 
 --- -------- Appointments ------------ --- 


	 --- 7/3/2038 --- 
 --- -------- Appointments ------------ --- 


	 --- 7/4/2038 --- 
 --- -------- Appointments ------------ --- 


	 --- 7/5/2038 --- 
 --- -------- Appointments ------------ --- 


	 --- 7/6/2038 --- 
 --- -------- Appointments ------------ --- 


	 --- 7/7/2038 --- 
 --- -------- Appointments ------------ --- 


	 --- 7/8/2038 --- 
 --- -------- Appointments ------------ --- 


	 --- 7/9/2038 --- 
 --- -------- Appointments ------------ --- 


	 --- 7/10/2038 --- 
 --- -------- Appointments ------------ --- 


	 --- 7/11/2038 --- 
 --- -------- Appointments ------------ --- 


	 --- 7/12/2038 --- 
 --- -------- Appointments ------------ --- 


	 --- 7/13/2038 --- 
 --- -------- Appointments ------------ --- 


	 --- 7/14/2038 --- 
 --- -------- Appointments ------------ --- 


	 --- 7/15/2038 --- 
 --- -------- Appointments ------------ --- 


	 --- 7/16/2038 --- 
 --- -------- Appointments ------------ --- 


	 --- 7/17/2038 --- 
 --- -------- Appointments ------------ --- 


	 --- 7/18/2038 --- 
 --- -------- Appointments ------------ --- 


	 --- 7/19/2038 --- 
 --- -------- Appointments ------------ --- 


	 --- 7/20/2038 --- 
 --- -------- Appointments ------------ --- 


	 --- 7/21/2038 --- 
 --- -------- Appointments ------------ --- 


	 --- 7/22/2038 --- 
 --- -------- Appointments ------------ --- 


	 --- 7/23/2038 --- 
 --- -------- Appointments ------------ --- 


	 --- 7/24/2038 --- 
 --- -------- Appointments ------------ --- 


	 --- 7/25/2038 --- 
 --- -------- Appointments ------------ --- 


	 --- 7/26/2038 --- 
 --- -------- Appointments ------------ --- 


	 --- 7/27/2038 --- 
 --- -------- Appointments ------------ --- 


	 --- 7/28/2038 --- 
 --- -------- Appointments ------------ --- 


	 --- 7/29/2038 --- 
 --- -------- Appointments ------------ --- 


	 --- 7/30/2038 --- 
 --- -------- Appointments ------------ --- 


	 --- 7/31/2038 --- 
 --- -------- Appointments ------------ --- 


	 --- 8/1/2038 --- 
 --- -------- Appointments ------------ --- 
	3/31/2017 at 3:30pm ,Birthday Party, This is my birthday party.
 

	 --- 8/2/2038 --- 
 --- -------- Appointments ------------ --- 


	 --- 8/3/2038 --- 
 --- -------- Appointments ------------ --- 


	 --- 8/4/2038 --- 
 --- -------- Appointments ------------ --- 


	 --- 8/5/2038 --- 
 --- -------- Appointments ------------ --- 


	 --- 8/6/2038 --- 
 --- -------- Appointments ------------ --- 


	 --- 8/7/2038 --- 
 --- -------- Appointments ------------ --- 


	 --- 8/8/2038 --- 
 --- -------- Appointments ------------ --- 


	 --- 8/9/2038 --- 
 --- -------- Appointments ------------ --- 


	 --- 8/10/2038 --- 
 --- -------- Appointments ------------ --- 


	 --- 8/11/2038 --- 
 --- -------- Appointments ------------ --- 


	 --- 8/12/2038 --- 
 --- -------- Appointments ------------ --- 


	 --- 8/13/2038 --- 
 --- -------- Appointments ------------ --- 


	 --- 8/14/2038 --- 
 --- -------- Appointments ------------ --- 


	 --- 8/15/2038 --- 
 --- -------- Appointments ------------ --- 


	 --- 8/16/2038 --- 
 --- -------- Appointments ------------ --- 


	 --- 8/17/2038 --- 
 --- -------- Appointments ------------ --- 


	 --- 8/18/2038 --- 
 --- -------- Appointments ------------ --- 


	 --- 8/19/2038 --- 
 --- -------- Appointments ------------ --- 


	 --- 8/20/2038 --- 
 --- -------- Appointments ------------ --- 


	 --- 8/21/2038 --- 
 --- -------- Appointments ------------ --- 


	 --- 8/22/2038 --- 
 --- -------- Appointments ------------ --- 


	 --- 8/23/2038 --- 
 --- -------- Appointments ------------ --- 


	 --- 8/24/2038 --- 
 --- -------- Appointments ------------ --- 


	 --- 8/25/2038 --- 
 --- -------- Appointments ------------ --- 


	 --- 8/26/2038 --- 
 --- -------- Appointments ------------ --- 


	 --- 8/27/2038 --- 
 --- -------- Appointments ------------ --- 


	 --- 8/28/2038 --- 
 --- -------- Appointments ------------ --- 


	 --- 8/29/2038 --- 
 --- -------- Appointments ------------ --- 


	 --- 8/30/2038 --- 
 --- -------- Appointments ------------ --- 


	 --- 9/1/2038 --- 
 --- -------- Appointments ------------ --- 
	3/31/2017 at 3:30pm ,Birthday Party, This is my birthday party.
 

	 --- 9/2/2038 --- 
 --- -------- Appointments ------------ --- 


	 --- 9/3/2038 --- 
 --- -------- Appointments ------------ --- 


	 --- 9/4/2038 --- 
 --- -------- Appointments ------------ --- 


	 --- 9/5/2038 --- 
 --- -------- Appointments ------------ --- 


	 --- 9/6/2038 --- 
 --- -------- Appointments ------------ --- 


	 --- 9/7/2038 --- 
 --- -------- Appointments ------------ --- 


	 --- 9/8/2038 --- 
 --- -------- Appointments ------------ --- 


	 --- 9/9/2038 --- 
 --- -------- Appointments ------------ --- 


	 --- 9/10/2038 --- 
 --- -------- Appointments ------------ --- 


	 --- 9/11/2038 --- 
 --- -------- Appointments ------------ --- 


	 --- 9/12/2038 --- 
 --- -------- Appointments ------------ --- 


	 --- 9/13/2038 --- 
 --- -------- Appointments ------------ --- 


	 --- 9/14/2038 --- 
 --- -------- Appointments ------------ --- 


	 --- 9/15/2038 --- 
 --- -------- Appointments ------------ --- 


	 --- 9/16/2038 --- 
 --- -------- Appointments ------------ --- 


	 --- 9/17/2038 --- 
 --- -------- Appointments ------------ --- 


	 --- 9/18/2038 --- 
 --- -------- Appointments ------------ --- 


	 --- 9/19/2038 --- 
 --- -------- Appointments ------------ --- 


	 --- 9/20/2038 --- 
 --- -------- Appointments ------------ --- 


	 --- 9/21/2038 --- 
 --- -------- Appointments ------------ --- 


	 --- 9/22/2038 --- 
 --- -------- Appointments ------------ --- 


	 --- 9/23/2038 --- 
 --- -------- Appointments ------------ --- 


	 --- 9/24/2038 --- 
 --- -------- Appointments ------------ --- 


	 --- 9/25/2038 --- 
 --- -------- Appointments ------------ --- 


	 --- 9/26/2038 --- 
 --- -------- Appointments ------------ --- 


	 --- 9/27/2038 --- 
 --- -------- Appointments ------------ --- 


	 --- 9/28/2038 --- 
 --- -------- Appointments ------------ --- 


	 --- 9/29/2038 --- 
 --- -------- Appointments ------------ --- 


	 --- 9/30/2038 --- 
 --- -------- Appointments ------------ --- 


	 --- 9/31/2038 --- 
 --- -------- Appointments ------------ --- 


	 --- 10/1/2038 --- 
 --- -------- Appointments ------------ --- 
	3/31/2017 at 3:30pm ,Birthday Party, This is my birthday party.
 

	 --- 10/2/2038 --- 
 --- -------- Appointments ------------ --- 


	 --- 10/3/2038 --- 
 --- -------- Appointments ------------ --- 


	 --- 10/4/2038 --- 
 --- -------- Appointments ------------ --- 


	 --- 10/5/2038 --- 
 --- -------- Appointments ------------ --- 


	 --- 10/6/2038 --- 
 --- -------- Appointments ------------ --- 


	 --- 10/7/2038 --- 
 --- -------- Appointments ------------ --- 


	 --- 10/8/2038 --- 
 --- -------- Appointments ------------ --- 


	 --- 10/9/2038 --- 
 --- -------- Appointments ------------ --- 


	 --- 10/10/2038 --- 
 --- -------- Appointments ------------ --- 


	 --- 10/11/2038 --- 
 --- -------- Appointments ------------ --- 


	 --- 10/12/2038 --- 
 --- -------- Appointments ------------ --- 


	 --- 10/13/2038 --- 
 --- -------- Appointments ------------ --- 


	 --- 10/14/2038 --- 
 --- -------- Appointments ------------ --- 


	 --- 10/15/2038 --- 
 --- -------- Appointments ------------ --- 


	 --- 10/16/2038 --- 
 --- -------- Appointments ------------ --- 


	 --- 10/17/2038 --- 
 --- -------- Appointments ------------ --- 


	 --- 10/18/2038 --- 
 --- -------- Appointments ------------ --- 


	 --- 10/19/2038 --- 
 --- -------- Appointments ------------ --- 


	 --- 10/20/2038 --- 
 --- -------- Appointments ------------ --- 


	 --- 10/21/2038 --- 
 --- -------- Appointments ------------ --- 


	 --- 10/22/2038 --- 
 --- -------- Appointments ------------ --- 


	 --- 10/23/2038 --- 
 --- -------- Appointments ------------ --- 


	 --- 10/24/2038 --- 
 --- -------- Appointments ------------ --- 


	 --- 10/25/2038 --- 
 --- -------- Appointments ------------ --- 


	 --- 10/26/2038 --- 
 --- -------- Appointments ------------ --- 


	 --- 10/27/2038 --- 
 --- -------- Appointments ------------ --- 


	 --- 10/28/2038 --- 
 --- -------- Appointments ------------ --- 


	 --- 10/29/2038 --- 
 --- -------- Appointments ------------ --- 


	 --- 10/30/2038 --- 
 --- -------- Appointments ------------ --- 


	 --- 11/1/2038 --- 
 --- -------- Appointments ------------ --- 
	3/31/2017 at 3:30pm ,Birthday Party, This is my birthday party.
 

	 --- 11/2/2038 --- 
 --- -------- Appointments ------------ --- 


	 --- 11/3/2038 --- 
 --- -------- Appointments ------------ --- 


	 --- 11/4/2038 --- 
 --- -------- Appointments ------------ --- 


	 --- 11/5/2038 --- 
 --- -------- Appointments ------------ --- 


	 --- 11/6/2038 --- 
 --- -------- Appointments ------------ --- 


	 --- 11/7/2038 --- 
 --- -------- Appointments ------------ --- 


	 --- 11/8/2038 --- 
 --- -------- Appointments ------------ --- 


	 --- 11/9/2038 --- 
 --- -------- Appointments ------------ --- 


	 --- 11/10/2038 --- 
 --- -------- Appointments ------------ --- 


	 --- 11/11/2038 --- 
 --- -------- Appointments ------------ --- 


	 --- 11/12/2038 --- 
 --- -------- Appointments ------------ --- 


	 --- 11/13/2038 --- 
 --- -------- Appointments ------------ --- 


	 --- 11/14/2038 --- 
 --- -------- Appointments ------------ --- 


	 --- 11/15/2038 --- 
 --- -------- Appointments ------------ --- 


	 --- 11/16/2038 --- 
 --- -------- Appointments ------------ --- 


	 --- 11/17/2038 --- 
 --- -------- Appointments ------------ --- 


	 --- 11/18/2038 --- 
 --- -------- Appointments ------------ --- 


	 --- 11/19/2038 --- 
 --- -------- Appointments ------------ --- 


	 --- 11/20/2038 --- 
 --- -------- Appointments ------------ --- 


	 --- 11/21/2038 --- 
 --- -------- Appointments ------------ --- 


	 --- 11/22/2038 --- 
 --- -------- Appointments ------------ --- 


	 --- 11/23/2038 --- 
 --- -------- Appointments ------------ --- 


	 --- 11/24/2038 --- 
 --- -------- Appointments ------------ --- 


	 --- 11/25/2038 --- 
 --- -------- Appointments ------------ --- 


	 --- 11/26/2038 --- 
 --- -------- Appointments ------------ --- 


	 --- 11/27/2038 --- 
 --- -------- Appointments ------------ --- 


	 --- 11/28/2038 --- 
 --- -------- Appointments ------------ --- 


	 --- 11/29/2038 --- 
 --- -------- Appointments ------------ --- 


	 --- 11/30/2038 --- 
 --- -------- Appointments ------------ --- 


	 --- 11/31/2038 --- 
 --- -------- Appointments ------------ --- 


	 --- 0/1/2039 --- 
 --- -------- Appointments ------------ --- 
	3/31/2017 at 3:30pm ,Birthday Party, This is my birthday party.
 

	 --- 0/2/2039 --- 
 --- -------- Appointments ------------ --- 


	 --- 0/3/2039 --- 
 --- -------- Appointments ------------ --- 


	 --- 0/4/2039 --- 
 --- -------- Appointments ------------ --- 


	 --- 0/5/2039 --- 
 --- -------- Appointments ------------ --- 


	 --- 0/6/2039 --- 
 --- -------- Appointments ------------ --- 


	 --- 0/7/2039 --- 
 --- -------- Appointments ------------ --- 


	 --- 0/8/2039 --- 
 --- -------- Appointments ------------ --- 


	 --- 0/9/2039 --- 
 --- -------- Appointments ------------ --- 


	 --- 0/10/2039 --- 
 --- -------- Appointments ------------ --- 


	 --- 0/11/2039 --- 
 --- -------- Appointments ------------ --- 


	 --- 0/12/2039 --- 
 --- -------- Appointments ------------ --- 


	 --- 0/13/2039 --- 
 --- -------- Appointments ------------ --- 


	 --- 0/14/2039 --- 
 --- -------- Appointments ------------ --- 


	 --- 0/15/2039 --- 
 --- -------- Appointments ------------ --- 


	 --- 0/16/2039 --- 
 --- -------- Appointments ------------ --- 


	 --- 0/17/2039 --- 
 --- -------- Appointments ------------ --- 


	 --- 0/18/2039 --- 
 --- -------- Appointments ------------ --- 


	 --- 0/19/2039 --- 
 --- -------- Appointments ------------ --- 


	 --- 0/20/2039 --- 
 --- -------- Appointments ------------ --- 


	 --- 0/21/2039 --- 
 --- -------- Appointments ------------ --- 


	 --- 0/22/2039 --- 
 --- -------- Appointments ------------ --- 


	 --- 0/23/2039 --- 
 --- -------- Appointments ------------ --- 


	 --- 0/24/2039 --- 
 --- -------- Appointments ------------ --- 


	 --- 0/25/2039 --- 
 --- -------- Appointments ------------ --- 


	 --- 0/26/2039 --- 
 --- -------- Appointments ------------ --- 


	 --- 0/27/2039 --- 
 --- -------- Appointments ------------ --- 


	 --- 0/28/2039 --- 
 --- -------- Appointments ------------ --- 


	 --- 0/29/2039 --- 
 --- -------- Appointments ------------ --- 


	 --- 0/30/2039 --- 
 --- -------- Appointments ------------ --- 


	 --- 0/31/2039 --- 
 --- -------- Appointments ------------ --- 


	 --- 1/1/2039 --- 
 --- -------- Appointments ------------ --- 
	3/31/2017 at 3:30pm ,Birthday Party, This is my birthday party.
 

	 --- 1/2/2039 --- 
 --- -------- Appointments ------------ --- 


	 --- 1/3/2039 --- 
 --- -------- Appointments ------------ --- 


	 --- 1/4/2039 --- 
 --- -------- Appointments ------------ --- 


	 --- 1/5/2039 --- 
 --- -------- Appointments ------------ --- 


	 --- 1/6/2039 --- 
 --- -------- Appointments ------------ --- 


	 --- 1/7/2039 --- 
 --- -------- Appointments ------------ --- 


	 --- 1/8/2039 --- 
 --- -------- Appointments ------------ --- 


	 --- 1/9/2039 --- 
 --- -------- Appointments ------------ --- 


	 --- 1/10/2039 --- 
 --- -------- Appointments ------------ --- 


	 --- 1/11/2039 --- 
 --- -------- Appointments ------------ --- 


	 --- 1/12/2039 --- 
 --- -------- Appointments ------------ --- 


	 --- 1/13/2039 --- 
 --- -------- Appointments ------------ --- 


	 --- 1/14/2039 --- 
 --- -------- Appointments ------------ --- 


	 --- 1/15/2039 --- 
 --- -------- Appointments ------------ --- 


	 --- 1/16/2039 --- 
 --- -------- Appointments ------------ --- 


	 --- 1/17/2039 --- 
 --- -------- Appointments ------------ --- 


	 --- 1/18/2039 --- 
 --- -------- Appointments ------------ --- 


	 --- 1/19/2039 --- 
 --- -------- Appointments ------------ --- 


	 --- 1/20/2039 --- 
 --- -------- Appointments ------------ --- 


	 --- 1/21/2039 --- 
 --- -------- Appointments ------------ --- 


	 --- 1/22/2039 --- 
 --- -------- Appointments ------------ --- 


	 --- 1/23/2039 --- 
 --- -------- Appointments ------------ --- 


	 --- 1/24/2039 --- 
 --- -------- Appointments ------------ --- 


	 --- 1/25/2039 --- 
 --- -------- Appointments ------------ --- 


	 --- 1/26/2039 --- 
 --- -------- Appointments ------------ --- 


	 --- 1/27/2039 --- 
 --- -------- Appointments ------------ --- 


	 --- 1/28/2039 --- 
 --- -------- Appointments ------------ --- 


	 --- 2/1/2039 --- 
 --- -------- Appointments ------------ --- 
	3/31/2017 at 3:30pm ,Birthday Party, This is my birthday party.
 

	 --- 2/2/2039 --- 
 --- -------- Appointments ------------ --- 


	 --- 2/3/2039 --- 
 --- -------- Appointments ------------ --- 


	 --- 2/4/2039 --- 
 --- -------- Appointments ------------ --- 


	 --- 2/5/2039 --- 
 --- -------- Appointments ------------ --- 


	 --- 2/6/2039 --- 
 --- -------- Appointments ------------ --- 


	 --- 2/7/2039 --- 
 --- -------- Appointments ------------ --- 


	 --- 2/8/2039 --- 
 --- -------- Appointments ------------ --- 


	 --- 2/9/2039 --- 
 --- -------- Appointments ------------ --- 


	 --- 2/10/2039 --- 
 --- -------- Appointments ------------ --- 


	 --- 2/11/2039 --- 
 --- -------- Appointments ------------ --- 


	 --- 2/12/2039 --- 
 --- -------- Appointments ------------ --- 


	 --- 2/13/2039 --- 
 --- -------- Appointments ------------ --- 


	 --- 2/14/2039 --- 
 --- -------- Appointments ------------ --- 


	 --- 2/15/2039 --- 
 --- -------- Appointments ------------ --- 


	 --- 2/16/2039 --- 
 --- -------- Appointments ------------ --- 


	 --- 2/17/2039 --- 
 --- -------- Appointments ------------ --- 


	 --- 2/18/2039 --- 
 --- -------- Appointments ------------ --- 


	 --- 2/19/2039 --- 
 --- -------- Appointments ------------ --- 


	 --- 2/20/2039 --- 
 --- -------- Appointments ------------ --- 


	 --- 2/21/2039 --- 
 --- -------- Appointments ------------ --- 


	 --- 2/22/2039 --- 
 --- -------- Appointments ------------ --- 


	 --- 2/23/2039 --- 
 --- -------- Appointments ------------ --- 


	 --- 2/24/2039 --- 
 --- -------- Appointments ------------ --- 


	 --- 2/25/2039 --- 
 --- -------- Appointments ------------ --- 


	 --- 2/26/2039 --- 
 --- -------- Appointments ------------ --- 
	2/26/2018 at 11:30pm ,Birthday Party, This is my birthday party.
 

	 --- 2/27/2039 --- 
 --- -------- Appointments ------------ --- 


	 --- 2/28/2039 --- 
 --- -------- Appointments ------------ --- 


	 --- 2/29/2039 --- 
 --- -------- Appointments ------------ --- 


	 --- 2/30/2039 --- 
 --- -------- Appointments ------------ --- 


	 --- 2/31/2039 --- 
 --- -------- Appointments ------------ --- 


	 --- 3/1/2039 --- 
 --- -------- Appointments ------------ --- 
	3/31/2017 at 3:30pm ,Birthday Party, This is my birthday party.
 

	 --- 3/2/2039 --- 
 --- -------- Appointments ------------ --- 


	 --- 3/3/2039 --- 
 --- -------- Appointments ------------ --- 


	 --- 3/4/2039 --- 
 --- -------- Appointments ------------ --- 


	 --- 3/5/2039 --- 
 --- -------- Appointments ------------ --- 


	 --- 3/6/2039 --- 
 --- -------- Appointments ------------ --- 


	 --- 3/7/2039 --- 
 --- -------- Appointments ------------ --- 


	 --- 3/8/2039 --- 
 --- -------- Appointments ------------ --- 


	 --- 3/9/2039 --- 
 --- -------- Appointments ------------ --- 


	 --- 3/10/2039 --- 
 --- -------- Appointments ------------ --- 


	 --- 3/11/2039 --- 
 --- -------- Appointments ------------ --- 


	 --- 3/12/2039 --- 
 --- -------- Appointments ------------ --- 


	 --- 3/13/2039 --- 
 --- -------- Appointments ------------ --- 


	 --- 3/14/2039 --- 
 --- -------- Appointments ------------ --- 


	 --- 3/15/2039 --- 
 --- -------- Appointments ------------ --- 


	 --- 3/16/2039 --- 
 --- -------- Appointments ------------ --- 


	 --- 3/17/2039 --- 
 --- -------- Appointments ------------ --- 


	 --- 3/18/2039 --- 
 --- -------- Appointments ------------ --- 


	 --- 3/19/2039 --- 
 --- -------- Appointments ------------ --- 


	 --- 3/20/2039 --- 
 --- -------- Appointments ------------ --- 


	 --- 3/21/2039 --- 
 --- -------- Appointments ------------ --- 


	 --- 3/22/2039 --- 
 --- -------- Appointments ------------ --- 


	 --- 3/23/2039 --- 
 --- -------- Appointments ------------ --- 


	 --- 3/24/2039 --- 
 --- -------- Appointments ------------ --- 


	 --- 3/25/2039 --- 
 --- -------- Appointments ------------ --- 


	 --- 3/26/2039 --- 
 --- -------- Appointments ------------ --- 


	 --- 3/27/2039 --- 
 --- -------- Appointments ------------ --- 


	 --- 3/28/2039 --- 
 --- -------- Appointments ------------ --- 


	 --- 3/29/2039 --- 
 --- -------- Appointments ------------ --- 


	 --- 3/30/2039 --- 
 --- -------- Appointments ------------ --- 


	 --- 4/1/2039 --- 
 --- -------- Appointments ------------ --- 
	3/31/2017 at 3:30pm ,Birthday Party, This is my birthday party.
 

	 --- 4/2/2039 --- 
 --- -------- Appointments ------------ --- 


	 --- 4/3/2039 --- 
 --- -------- Appointments ------------ --- 


	 --- 4/4/2039 --- 
 --- -------- Appointments ------------ --- 


	 --- 4/5/2039 --- 
 --- -------- Appointments ------------ --- 


	 --- 4/6/2039 --- 
 --- -------- Appointments ------------ --- 


	 --- 4/7/2039 --- 
 --- -------- Appointments ------------ --- 


	 --- 4/8/2039 --- 
 --- -------- Appointments ------------ --- 


	 --- 4/9/2039 --- 
 --- -------- Appointments ------------ --- 


	 --- 4/10/2039 --- 
 --- -------- Appointments ------------ --- 


	 --- 4/11/2039 --- 
 --- -------- Appointments ------------ --- 


	 --- 4/12/2039 --- 
 --- -------- Appointments ------------ --- 


	 --- 4/13/2039 --- 
 --- -------- Appointments ------------ --- 


	 --- 4/14/2039 --- 
 --- -------- Appointments ------------ --- 


	 --- 4/15/2039 --- 
 --- -------- Appointments ------------ --- 


	 --- 4/16/2039 --- 
 --- -------- Appointments ------------ --- 


	 --- 4/17/2039 --- 
 --- -------- Appointments ------------ --- 


	 --- 4/18/2039 --- 
 --- -------- Appointments ------------ --- 


	 --- 4/19/2039 --- 
 --- -------- Appointments ------------ --- 


	 --- 4/20/2039 --- 
 --- -------- Appointments ------------ --- 


	 --- 4/21/2039 --- 
 --- -------- Appointments ------------ --- 


	 --- 4/22/2039 --- 
 --- -------- Appointments ------------ --- 


	 --- 4/23/2039 --- 
 --- -------- Appointments ------------ --- 


	 --- 4/24/2039 --- 
 --- -------- Appointments ------------ --- 


	 --- 4/25/2039 --- 
 --- -------- Appointments ------------ --- 


	 --- 4/26/2039 --- 
 --- -------- Appointments ------------ --- 


	 --- 4/27/2039 --- 
 --- -------- Appointments ------------ --- 


	 --- 4/28/2039 --- 
 --- -------- Appointments ------------ --- 


	 --- 4/29/2039 --- 
 --- -------- Appointments ------------ --- 


	 --- 4/30/2039 --- 
 --- -------- Appointments ------------ --- 


	 --- 4/31/2039 --- 
 --- -------- Appointments ------------ --- 


	 --- 5/1/2039 --- 
 --- -------- Appointments ------------ --- 
	3/31/2017 at 3:30pm ,Birthday Party, This is my birthday party.
 

	 --- 5/2/2039 --- 
 --- -------- Appointments ------------ --- 


	 --- 5/3/2039 --- 
 --- -------- Appointments ------------ --- 


	 --- 5/4/2039 --- 
 --- -------- Appointments ------------ --- 


	 --- 5/5/2039 --- 
 --- -------- Appointments ------------ --- 


	 --- 5/6/2039 --- 
 --- -------- Appointments ------------ --- 


	 --- 5/7/2039 --- 
 --- -------- Appointments ------------ --- 


	 --- 5/8/2039 --- 
 --- -------- Appointments ------------ --- 


	 --- 5/9/2039 --- 
 --- -------- Appointments ------------ --- 


	 --- 5/10/2039 --- 
 --- -------- Appointments ------------ --- 


	 --- 5/11/2039 --- 
 --- -------- Appointments ------------ --- 


	 --- 5/12/2039 --- 
 --- -------- Appointments ------------ --- 


	 --- 5/13/2039 --- 
 --- -------- Appointments ------------ --- 


	 --- 5/14/2039 --- 
 --- -------- Appointments ------------ --- 


	 --- 5/15/2039 --- 
 --- -------- Appointments ------------ --- 


	 --- 5/16/2039 --- 
 --- -------- Appointments ------------ --- 


	 --- 5/17/2039 --- 
 --- -------- Appointments ------------ --- 


	 --- 5/18/2039 --- 
 --- -------- Appointments ------------ --- 


	 --- 5/19/2039 --- 
 --- -------- Appointments ------------ --- 


	 --- 5/20/2039 --- 
 --- -------- Appointments ------------ --- 


	 --- 5/21/2039 --- 
 --- -------- Appointments ------------ --- 


	 --- 5/22/2039 --- 
 --- -------- Appointments ------------ --- 


	 --- 5/23/2039 --- 
 --- -------- Appointments ------------ --- 


	 --- 5/24/2039 --- 
 --- -------- Appointments ------------ --- 


	 --- 5/25/2039 --- 
 --- -------- Appointments ------------ --- 


	 --- 5/26/2039 --- 
 --- -------- Appointments ------------ --- 


	 --- 5/27/2039 --- 
 --- -------- Appointments ------------ --- 


	 --- 5/28/2039 --- 
 --- -------- Appointments ------------ --- 


	 --- 5/29/2039 --- 
 --- -------- Appointments ------------ --- 


	 --- 5/30/2039 --- 
 --- -------- Appointments ------------ --- 


	 --- 6/1/2039 --- 
 --- -------- Appointments ------------ --- 
	3/31/2017 at 3:30pm ,Birthday Party, This is my birthday party.
 

	 --- 6/2/2039 --- 
 --- -------- Appointments ------------ --- 


	 --- 6/3/2039 --- 
 --- -------- Appointments ------------ --- 


	 --- 6/4/2039 --- 
 --- -------- Appointments ------------ --- 


	 --- 6/5/2039 --- 
 --- -------- Appointments ------------ --- 


	 --- 6/6/2039 --- 
 --- -------- Appointments ------------ --- 


	 --- 6/7/2039 --- 
 --- -------- Appointments ------------ --- 


	 --- 6/8/2039 --- 
 --- -------- Appointments ------------ --- 


	 --- 6/9/2039 --- 
 --- -------- Appointments ------------ --- 


	 --- 6/10/2039 --- 
 --- -------- Appointments ------------ --- 


	 --- 6/11/2039 --- 
 --- -------- Appointments ------------ --- 


	 --- 6/12/2039 --- 
 --- -------- Appointments ------------ --- 


	 --- 6/13/2039 --- 
 --- -------- Appointments ------------ --- 


	 --- 6/14/2039 --- 
 --- -------- Appointments ------------ --- 


	 --- 6/15/2039 --- 
 --- -------- Appointments ------------ --- 


	 --- 6/16/2039 --- 
 --- -------- Appointments ------------ --- 


	 --- 6/17/2039 --- 
 --- -------- Appointments ------------ --- 


	 --- 6/18/2039 --- 
 --- -------- Appointments ------------ --- 


	 --- 6/19/2039 --- 
 --- -------- Appointments ------------ --- 


	 --- 6/20/2039 --- 
 --- -------- Appointments ------------ --- 


	 --- 6/21/2039 --- 
 --- -------- Appointments ------------ --- 


	 --- 6/22/2039 --- 
 --- -------- Appointments ------------ --- 


	 --- 6/23/2039 --- 
 --- -------- Appointments ------------ --- 


	 --- 6/24/2039 --- 
 --- -------- Appointments ------------ --- 


	 --- 6/25/2039 --- 
 --- -------- Appointments ------------ --- 


	 --- 6/26/2039 --- 
 --- -------- Appointments ------------ --- 


	 --- 6/27/2039 --- 
 --- -------- Appointments ------------ --- 


	 --- 6/28/2039 --- 
 --- -------- Appointments ------------ --- 


	 --- 6/29/2039 --- 
 --- -------- Appointments ------------ --- 


	 --- 6/30/2039 --- 
 --- -------- Appointments ------------ --- 


	 --- 6/31/2039 --- 
 --- -------- Appointments ------------ --- 


	 --- 7/1/2039 --- 
 --- -------- Appointments ------------ --- 
	3/31/2017 at 3:30pm ,Birthday Party, This is my birthday party.
 

	 --- 7/2/2039 --- 
 --- -------- Appointments ------------ --- 


	 --- 7/3/2039 --- 
 --- -------- Appointments ------------ --- 


	 --- 7/4/2039 --- 
 --- -------- Appointments ------------ --- 


	 --- 7/5/2039 --- 
 --- -------- Appointments ------------ --- 


	 --- 7/6/2039 --- 
 --- -------- Appointments ------------ --- 


	 --- 7/7/2039 --- 
 --- -------- Appointments ------------ --- 


	 --- 7/8/2039 --- 
 --- -------- Appointments ------------ --- 


	 --- 7/9/2039 --- 
 --- -------- Appointments ------------ --- 


	 --- 7/10/2039 --- 
 --- -------- Appointments ------------ --- 


	 --- 7/11/2039 --- 
 --- -------- Appointments ------------ --- 


	 --- 7/12/2039 --- 
 --- -------- Appointments ------------ --- 


	 --- 7/13/2039 --- 
 --- -------- Appointments ------------ --- 


	 --- 7/14/2039 --- 
 --- -------- Appointments ------------ --- 


	 --- 7/15/2039 --- 
 --- -------- Appointments ------------ --- 


	 --- 7/16/2039 --- 
 --- -------- Appointments ------------ --- 


	 --- 7/17/2039 --- 
 --- -------- Appointments ------------ --- 


	 --- 7/18/2039 --- 
 --- -------- Appointments ------------ --- 


	 --- 7/19/2039 --- 
 --- -------- Appointments ------------ --- 


	 --- 7/20/2039 --- 
 --- -------- Appointments ------------ --- 


	 --- 7/21/2039 --- 
 --- -------- Appointments ------------ --- 


	 --- 7/22/2039 --- 
 --- -------- Appointments ------------ --- 


	 --- 7/23/2039 --- 
 --- -------- Appointments ------------ --- 


	 --- 7/24/2039 --- 
 --- -------- Appointments ------------ --- 


	 --- 7/25/2039 --- 
 --- -------- Appointments ------------ --- 


	 --- 7/26/2039 --- 
 --- -------- Appointments ------------ --- 


	 --- 7/27/2039 --- 
 --- -------- Appointments ------------ --- 


	 --- 7/28/2039 --- 
 --- -------- Appointments ------------ --- 


	 --- 7/29/2039 --- 
 --- -------- Appointments ------------ --- 


	 --- 7/30/2039 --- 
 --- -------- Appointments ------------ --- 


	 --- 7/31/2039 --- 
 --- -------- Appointments ------------ --- 


	 --- 8/1/2039 --- 
 --- -------- Appointments ------------ --- 
	3/31/2017 at 3:30pm ,Birthday Party, This is my birthday party.
 

	 --- 8/2/2039 --- 
 --- -------- Appointments ------------ --- 


	 --- 8/3/2039 --- 
 --- -------- Appointments ------------ --- 


	 --- 8/4/2039 --- 
 --- -------- Appointments ------------ --- 


	 --- 8/5/2039 --- 
 --- -------- Appointments ------------ --- 


	 --- 8/6/2039 --- 
 --- -------- Appointments ------------ --- 


	 --- 8/7/2039 --- 
 --- -------- Appointments ------------ --- 


	 --- 8/8/2039 --- 
 --- -------- Appointments ------------ --- 


	 --- 8/9/2039 --- 
 --- -------- Appointments ------------ --- 


	 --- 8/10/2039 --- 
 --- -------- Appointments ------------ --- 


	 --- 8/11/2039 --- 
 --- -------- Appointments ------------ --- 


	 --- 8/12/2039 --- 
 --- -------- Appointments ------------ --- 


	 --- 8/13/2039 --- 
 --- -------- Appointments ------------ --- 


	 --- 8/14/2039 --- 
 --- -------- Appointments ------------ --- 


	 --- 8/15/2039 --- 
 --- -------- Appointments ------------ --- 


	 --- 8/16/2039 --- 
 --- -------- Appointments ------------ --- 


	 --- 8/17/2039 --- 
 --- -------- Appointments ------------ --- 


	 --- 8/18/2039 --- 
 --- -------- Appointments ------------ --- 


	 --- 8/19/2039 --- 
 --- -------- Appointments ------------ --- 


	 --- 8/20/2039 --- 
 --- -------- Appointments ------------ --- 


	 --- 8/21/2039 --- 
 --- -------- Appointments ------------ --- 


	 --- 8/22/2039 --- 
 --- -------- Appointments ------------ --- 


	 --- 8/23/2039 --- 
 --- -------- Appointments ------------ --- 


	 --- 8/24/2039 --- 
 --- -------- Appointments ------------ --- 


	 --- 8/25/2039 --- 
 --- -------- Appointments ------------ --- 


	 --- 8/26/2039 --- 
 --- -------- Appointments ------------ --- 


	 --- 8/27/2039 --- 
 --- -------- Appointments ------------ --- 


	 --- 8/28/2039 --- 
 --- -------- Appointments ------------ --- 


	 --- 8/29/2039 --- 
 --- -------- Appointments ------------ --- 


	 --- 8/30/2039 --- 
 --- -------- Appointments ------------ --- 


	 --- 9/1/2039 --- 
 --- -------- Appointments ------------ --- 
	3/31/2017 at 3:30pm ,Birthday Party, This is my birthday party.
 

	 --- 9/2/2039 --- 
 --- -------- Appointments ------------ --- 


	 --- 9/3/2039 --- 
 --- -------- Appointments ------------ --- 


	 --- 9/4/2039 --- 
 --- -------- Appointments ------------ --- 


	 --- 9/5/2039 --- 
 --- -------- Appointments ------------ --- 


	 --- 9/6/2039 --- 
 --- -------- Appointments ------------ --- 


	 --- 9/7/2039 --- 
 --- -------- Appointments ------------ --- 


	 --- 9/8/2039 --- 
 --- -------- Appointments ------------ --- 


	 --- 9/9/2039 --- 
 --- -------- Appointments ------------ --- 


	 --- 9/10/2039 --- 
 --- -------- Appointments ------------ --- 


	 --- 9/11/2039 --- 
 --- -------- Appointments ------------ --- 


	 --- 9/12/2039 --- 
 --- -------- Appointments ------------ --- 


	 --- 9/13/2039 --- 
 --- -------- Appointments ------------ --- 


	 --- 9/14/2039 --- 
 --- -------- Appointments ------------ --- 


	 --- 9/15/2039 --- 
 --- -------- Appointments ------------ --- 


	 --- 9/16/2039 --- 
 --- -------- Appointments ------------ --- 


	 --- 9/17/2039 --- 
 --- -------- Appointments ------------ --- 


	 --- 9/18/2039 --- 
 --- -------- Appointments ------------ --- 


	 --- 9/19/2039 --- 
 --- -------- Appointments ------------ --- 


	 --- 9/20/2039 --- 
 --- -------- Appointments ------------ --- 


	 --- 9/21/2039 --- 
 --- -------- Appointments ------------ --- 


	 --- 9/22/2039 --- 
 --- -------- Appointments ------------ --- 


	 --- 9/23/2039 --- 
 --- -------- Appointments ------------ --- 


	 --- 9/24/2039 --- 
 --- -------- Appointments ------------ --- 


	 --- 9/25/2039 --- 
 --- -------- Appointments ------------ --- 


	 --- 9/26/2039 --- 
 --- -------- Appointments ------------ --- 


	 --- 9/27/2039 --- 
 --- -------- Appointments ------------ --- 


	 --- 9/28/2039 --- 
 --- -------- Appointments ------------ --- 


	 --- 9/29/2039 --- 
 --- -------- Appointments ------------ --- 


	 --- 9/30/2039 --- 
 --- -------- Appointments ------------ --- 


	 --- 9/31/2039 --- 
 --- -------- Appointments ------------ --- 


	 --- 10/1/2039 --- 
 --- -------- Appointments ------------ --- 
	3/31/2017 at 3:30pm ,Birthday Party, This is my birthday party.
 

	 --- 10/2/2039 --- 
 --- -------- Appointments ------------ --- 


	 --- 10/3/2039 --- 
 --- -------- Appointments ------------ --- 


	 --- 10/4/2039 --- 
 --- -------- Appointments ------------ --- 


	 --- 10/5/2039 --- 
 --- -------- Appointments ------------ --- 


	 --- 10/6/2039 --- 
 --- -------- Appointments ------------ --- 


	 --- 10/7/2039 --- 
 --- -------- Appointments ------------ --- 


	 --- 10/8/2039 --- 
 --- -------- Appointments ------------ --- 


	 --- 10/9/2039 --- 
 --- -------- Appointments ------------ --- 


	 --- 10/10/2039 --- 
 --- -------- Appointments ------------ --- 


	 --- 10/11/2039 --- 
 --- -------- Appointments ------------ --- 


	 --- 10/12/2039 --- 
 --- -------- Appointments ------------ --- 


	 --- 10/13/2039 --- 
 --- -------- Appointments ------------ --- 


	 --- 10/14/2039 --- 
 --- -------- Appointments ------------ --- 


	 --- 10/15/2039 --- 
 --- -------- Appointments ------------ --- 


	 --- 10/16/2039 --- 
 --- -------- Appointments ------------ --- 


	 --- 10/17/2039 --- 
 --- -------- Appointments ------------ --- 


	 --- 10/18/2039 --- 
 --- -------- Appointments ------------ --- 


	 --- 10/19/2039 --- 
 --- -------- Appointments ------------ --- 


	 --- 10/20/2039 --- 
 --- -------- Appointments ------------ --- 


	 --- 10/21/2039 --- 
 --- -------- Appointments ------------ --- 


	 --- 10/22/2039 --- 
 --- -------- Appointments ------------ --- 


	 --- 10/23/2039 --- 
 --- -------- Appointments ------------ --- 


	 --- 10/24/2039 --- 
 --- -------- Appointments ------------ --- 


	 --- 10/25/2039 --- 
 --- -------- Appointments ------------ --- 


	 --- 10/26/2039 --- 
 --- -------- Appointments ------------ --- 


	 --- 10/27/2039 --- 
 --- -------- Appointments ------------ --- 


	 --- 10/28/2039 --- 
 --- -------- Appointments ------------ --- 


	 --- 10/29/2039 --- 
 --- -------- Appointments ------------ --- 


	 --- 10/30/2039 --- 
 --- -------- Appointments ------------ --- 


	 --- 11/1/2039 --- 
 --- -------- Appointments ------------ --- 
	3/31/2017 at 3:30pm ,Birthday Party, This is my birthday party.
 

	 --- 11/2/2039 --- 
 --- -------- Appointments ------------ --- 


	 --- 11/3/2039 --- 
 --- -------- Appointments ------------ --- 


	 --- 11/4/2039 --- 
 --- -------- Appointments ------------ --- 


	 --- 11/5/2039 --- 
 --- -------- Appointments ------------ --- 


	 --- 11/6/2039 --- 
 --- -------- Appointments ------------ --- 


	 --- 11/7/2039 --- 
 --- -------- Appointments ------------ --- 


	 --- 11/8/2039 --- 
 --- -------- Appointments ------------ --- 


	 --- 11/9/2039 --- 
 --- -------- Appointments ------------ --- 


	 --- 11/10/2039 --- 
 --- -------- Appointments ------------ --- 


	 --- 11/11/2039 --- 
 --- -------- Appointments ------------ --- 


	 --- 11/12/2039 --- 
 --- -------- Appointments ------------ --- 


	 --- 11/13/2039 --- 
 --- -------- Appointments ------------ --- 


	 --- 11/14/2039 --- 
 --- -------- Appointments ------------ --- 


	 --- 11/15/2039 --- 
 --- -------- Appointments ------------ --- 


	 --- 11/16/2039 --- 
 --- -------- Appointments ------------ --- 


	 --- 11/17/2039 --- 
 --- -------- Appointments ------------ --- 


	 --- 11/18/2039 --- 
 --- -------- Appointments ------------ --- 


	 --- 11/19/2039 --- 
 --- -------- Appointments ------------ --- 


	 --- 11/20/2039 --- 
 --- -------- Appointments ------------ --- 


	 --- 11/21/2039 --- 
 --- -------- Appointments ------------ --- 


	 --- 11/22/2039 --- 
 --- -------- Appointments ------------ --- 


	 --- 11/23/2039 --- 
 --- -------- Appointments ------------ --- 


	 --- 11/24/2039 --- 
 --- -------- Appointments ------------ --- 


	 --- 11/25/2039 --- 
 --- -------- Appointments ------------ --- 


	 --- 11/26/2039 --- 
 --- -------- Appointments ------------ --- 


	 --- 11/27/2039 --- 
 --- -------- Appointments ------------ --- 


	 --- 11/28/2039 --- 
 --- -------- Appointments ------------ --- 


	 --- 11/29/2039 --- 
 --- -------- Appointments ------------ --- 


	 --- 11/30/2039 --- 
 --- -------- Appointments ------------ --- 


	 --- 11/31/2039 --- 
 --- -------- Appointments ------------ --- 


	 --- 0/1/2040 --- 
 --- -------- Appointments ------------ --- 
	3/31/2017 at 3:30pm ,Birthday Party, This is my birthday party.
 

	 --- 0/2/2040 --- 
 --- -------- Appointments ------------ --- 


	 --- 0/3/2040 --- 
 --- -------- Appointments ------------ --- 


	 --- 0/4/2040 --- 
 --- -------- Appointments ------------ --- 


	 --- 0/5/2040 --- 
 --- -------- Appointments ------------ --- 


	 --- 0/6/2040 --- 
 --- -------- Appointments ------------ --- 


	 --- 0/7/2040 --- 
 --- -------- Appointments ------------ --- 


	 --- 0/8/2040 --- 
 --- -------- Appointments ------------ --- 


	 --- 0/9/2040 --- 
 --- -------- Appointments ------------ --- 


	 --- 0/10/2040 --- 
 --- -------- Appointments ------------ --- 


	 --- 0/11/2040 --- 
 --- -------- Appointments ------------ --- 


	 --- 0/12/2040 --- 
 --- -------- Appointments ------------ --- 


	 --- 0/13/2040 --- 
 --- -------- Appointments ------------ --- 


	 --- 0/14/2040 --- 
 --- -------- Appointments ------------ --- 


	 --- 0/15/2040 --- 
 --- -------- Appointments ------------ --- 


	 --- 0/16/2040 --- 
 --- -------- Appointments ------------ --- 


	 --- 0/17/2040 --- 
 --- -------- Appointments ------------ --- 


	 --- 0/18/2040 --- 
 --- -------- Appointments ------------ --- 


	 --- 0/19/2040 --- 
 --- -------- Appointments ------------ --- 


	 --- 0/20/2040 --- 
 --- -------- Appointments ------------ --- 


	 --- 0/21/2040 --- 
 --- -------- Appointments ------------ --- 


	 --- 0/22/2040 --- 
 --- -------- Appointments ------------ --- 


	 --- 0/23/2040 --- 
 --- -------- Appointments ------------ --- 


	 --- 0/24/2040 --- 
 --- -------- Appointments ------------ --- 


	 --- 0/25/2040 --- 
 --- -------- Appointments ------------ --- 


	 --- 0/26/2040 --- 
 --- -------- Appointments ------------ --- 


	 --- 0/27/2040 --- 
 --- -------- Appointments ------------ --- 


	 --- 0/28/2040 --- 
 --- -------- Appointments ------------ --- 


	 --- 0/29/2040 --- 
 --- -------- Appointments ------------ --- 


	 --- 0/30/2040 --- 
 --- -------- Appointments ------------ --- 


	 --- 0/31/2040 --- 
 --- -------- Appointments ------------ --- 


	 --- 1/1/2040 --- 
 --- -------- Appointments ------------ --- 
	3/31/2017 at 3:30pm ,Birthday Party, This is my birthday party.
 

	 --- 1/2/2040 --- 
 --- -------- Appointments ------------ --- 


	 --- 1/3/2040 --- 
 --- -------- Appointments ------------ --- 


	 --- 1/4/2040 --- 
 --- -------- Appointments ------------ --- 


	 --- 1/5/2040 --- 
 --- -------- Appointments ------------ --- 


	 --- 1/6/2040 --- 
 --- -------- Appointments ------------ --- 


	 --- 1/7/2040 --- 
 --- -------- Appointments ------------ --- 


	 --- 1/8/2040 --- 
 --- -------- Appointments ------------ --- 


	 --- 1/9/2040 --- 
 --- -------- Appointments ------------ --- 


	 --- 1/10/2040 --- 
 --- -------- Appointments ------------ --- 


	 --- 1/11/2040 --- 
 --- -------- Appointments ------------ --- 


	 --- 1/12/2040 --- 
 --- -------- Appointments ------------ --- 


	 --- 1/13/2040 --- 
 --- -------- Appointments ------------ --- 


	 --- 1/14/2040 --- 
 --- -------- Appointments ------------ --- 


	 --- 1/15/2040 --- 
 --- -------- Appointments ------------ --- 


	 --- 1/16/2040 --- 
 --- -------- Appointments ------------ --- 


	 --- 1/17/2040 --- 
 --- -------- Appointments ------------ --- 


	 --- 1/18/2040 --- 
 --- -------- Appointments ------------ --- 


	 --- 1/19/2040 --- 
 --- -------- Appointments ------------ --- 


	 --- 1/20/2040 --- 
 --- -------- Appointments ------------ --- 


	 --- 1/21/2040 --- 
 --- -------- Appointments ------------ --- 


	 --- 1/22/2040 --- 
 --- -------- Appointments ------------ --- 


	 --- 1/23/2040 --- 
 --- -------- Appointments ------------ --- 


	 --- 1/24/2040 --- 
 --- -------- Appointments ------------ --- 


	 --- 1/25/2040 --- 
 --- -------- Appointments ------------ --- 


	 --- 1/26/2040 --- 
 --- -------- Appointments ------------ --- 


	 --- 1/27/2040 --- 
 --- -------- Appointments ------------ --- 


	 --- 1/28/2040 --- 
 --- -------- Appointments ------------ --- 


	 --- 1/29/2040 --- 
 --- -------- Appointments ------------ --- 


	 --- 2/1/2040 --- 
 --- -------- Appointments ------------ --- 
	3/31/2017 at 3:30pm ,Birthday Party, This is my birthday party.
 

	 --- 2/2/2040 --- 
 --- -------- Appointments ------------ --- 


	 --- 2/3/2040 --- 
 --- -------- Appointments ------------ --- 


	 --- 2/4/2040 --- 
 --- -------- Appointments ------------ --- 


	 --- 2/5/2040 --- 
 --- -------- Appointments ------------ --- 


	 --- 2/6/2040 --- 
 --- -------- Appointments ------------ --- 


	 --- 2/7/2040 --- 
 --- -------- Appointments ------------ --- 


	 --- 2/8/2040 --- 
 --- -------- Appointments ------------ --- 


	 --- 2/9/2040 --- 
 --- -------- Appointments ------------ --- 


	 --- 2/10/2040 --- 
 --- -------- Appointments ------------ --- 


	 --- 2/11/2040 --- 
 --- -------- Appointments ------------ --- 


	 --- 2/12/2040 --- 
 --- -------- Appointments ------------ --- 


	 --- 2/13/2040 --- 
 --- -------- Appointments ------------ --- 


	 --- 2/14/2040 --- 
 --- -------- Appointments ------------ --- 


	 --- 2/15/2040 --- 
 --- -------- Appointments ------------ --- 


	 --- 2/16/2040 --- 
 --- -------- Appointments ------------ --- 


	 --- 2/17/2040 --- 
 --- -------- Appointments ------------ --- 


	 --- 2/18/2040 --- 
 --- -------- Appointments ------------ --- 


	 --- 2/19/2040 --- 
 --- -------- Appointments ------------ --- 


	 --- 2/20/2040 --- 
 --- -------- Appointments ------------ --- 


	 --- 2/21/2040 --- 
 --- -------- Appointments ------------ --- 


	 --- 2/22/2040 --- 
 --- -------- Appointments ------------ --- 


	 --- 2/23/2040 --- 
 --- -------- Appointments ------------ --- 


	 --- 2/24/2040 --- 
 --- -------- Appointments ------------ --- 


	 --- 2/25/2040 --- 
 --- -------- Appointments ------------ --- 


	 --- 2/26/2040 --- 
 --- -------- Appointments ------------ --- 
	2/26/2018 at 11:30pm ,Birthday Party, This is my birthday party.
 

	 --- 2/27/2040 --- 
 --- -------- Appointments ------------ --- 


	 --- 2/28/2040 --- 
 --- -------- Appointments ------------ --- 


	 --- 2/29/2040 --- 
 --- -------- Appointments ------------ --- 


	 --- 2/30/2040 --- 
 --- -------- Appointments ------------ --- 


	 --- 2/31/2040 --- 
 --- -------- Appointments ------------ --- 


	 --- 3/1/2040 --- 
 --- -------- Appointments ------------ --- 
	3/31/2017 at 3:30pm ,Birthday Party, This is my birthday party.
 

	 --- 3/2/2040 --- 
 --- -------- Appointments ------------ --- 


	 --- 3/3/2040 --- 
 --- -------- Appointments ------------ --- 


	 --- 3/4/2040 --- 
 --- -------- Appointments ------------ --- 


	 --- 3/5/2040 --- 
 --- -------- Appointments ------------ --- 


	 --- 3/6/2040 --- 
 --- -------- Appointments ------------ --- 


	 --- 3/7/2040 --- 
 --- -------- Appointments ------------ --- 


	 --- 3/8/2040 --- 
 --- -------- Appointments ------------ --- 


	 --- 3/9/2040 --- 
 --- -------- Appointments ------------ --- 


	 --- 3/10/2040 --- 
 --- -------- Appointments ------------ --- 


	 --- 3/11/2040 --- 
 --- -------- Appointments ------------ --- 


	 --- 3/12/2040 --- 
 --- -------- Appointments ------------ --- 


	 --- 3/13/2040 --- 
 --- -------- Appointments ------------ --- 


	 --- 3/14/2040 --- 
 --- -------- Appointments ------------ --- 


	 --- 3/15/2040 --- 
 --- -------- Appointments ------------ --- 


	 --- 3/16/2040 --- 
 --- -------- Appointments ------------ --- 


	 --- 3/17/2040 --- 
 --- -------- Appointments ------------ --- 


	 --- 3/18/2040 --- 
 --- -------- Appointments ------------ --- 


	 --- 3/19/2040 --- 
 --- -------- Appointments ------------ --- 


	 --- 3/20/2040 --- 
 --- -------- Appointments ------------ --- 


	 --- 3/21/2040 --- 
 --- -------- Appointments ------------ --- 


	 --- 3/22/2040 --- 
 --- -------- Appointments ------------ --- 


	 --- 3/23/2040 --- 
 --- -------- Appointments ------------ --- 


	 --- 3/24/2040 --- 
 --- -------- Appointments ------------ --- 


	 --- 3/25/2040 --- 
 --- -------- Appointments ------------ --- 


	 --- 3/26/2040 --- 
 --- -------- Appointments ------------ --- 


	 --- 3/27/2040 --- 
 --- -------- Appointments ------------ --- 


	 --- 3/28/2040 --- 
 --- -------- Appointments ------------ --- 


	 --- 3/29/2040 --- 
 --- -------- Appointments ------------ --- 


	 --- 3/30/2040 --- 
 --- -------- Appointments ------------ --- 


	 --- 4/1/2040 --- 
 --- -------- Appointments ------------ --- 
	3/31/2017 at 3:30pm ,Birthday Party, This is my birthday party.
 

	 --- 4/2/2040 --- 
 --- -------- Appointments ------------ --- 


	 --- 4/3/2040 --- 
 --- -------- Appointments ------------ --- 


	 --- 4/4/2040 --- 
 --- -------- Appointments ------------ --- 


	 --- 4/5/2040 --- 
 --- -------- Appointments ------------ --- 


	 --- 4/6/2040 --- 
 --- -------- Appointments ------------ --- 


	 --- 4/7/2040 --- 
 --- -------- Appointments ------------ --- 


	 --- 4/8/2040 --- 
 --- -------- Appointments ------------ --- 


	 --- 4/9/2040 --- 
 --- -------- Appointments ------------ --- 


	 --- 4/10/2040 --- 
 --- -------- Appointments ------------ --- 


	 --- 4/11/2040 --- 
 --- -------- Appointments ------------ --- 


	 --- 4/12/2040 --- 
 --- -------- Appointments ------------ --- 


	 --- 4/13/2040 --- 
 --- -------- Appointments ------------ --- 


	 --- 4/14/2040 --- 
 --- -------- Appointments ------------ --- 


	 --- 4/15/2040 --- 
 --- -------- Appointments ------------ --- 


	 --- 4/16/2040 --- 
 --- -------- Appointments ------------ --- 


	 --- 4/17/2040 --- 
 --- -------- Appointments ------------ --- 


	 --- 4/18/2040 --- 
 --- -------- Appointments ------------ --- 


	 --- 4/19/2040 --- 
 --- -------- Appointments ------------ --- 


	 --- 4/20/2040 --- 
 --- -------- Appointments ------------ --- 


	 --- 4/21/2040 --- 
 --- -------- Appointments ------------ --- 


	 --- 4/22/2040 --- 
 --- -------- Appointments ------------ --- 


	 --- 4/23/2040 --- 
 --- -------- Appointments ------------ --- 


	 --- 4/24/2040 --- 
 --- -------- Appointments ------------ --- 


	 --- 4/25/2040 --- 
 --- -------- Appointments ------------ --- 


	 --- 4/26/2040 --- 
 --- -------- Appointments ------------ --- 


	 --- 4/27/2040 --- 
 --- -------- Appointments ------------ --- 


	 --- 4/28/2040 --- 
 --- -------- Appointments ------------ --- 


	 --- 4/29/2040 --- 
 --- -------- Appointments ------------ --- 


	 --- 4/30/2040 --- 
 --- -------- Appointments ------------ --- 


	 --- 4/31/2040 --- 
 --- -------- Appointments ------------ --- 


	 --- 5/1/2040 --- 
 --- -------- Appointments ------------ --- 
	3/31/2017 at 3:30pm ,Birthday Party, This is my birthday party.
 

	 --- 5/2/2040 --- 
 --- -------- Appointments ------------ --- 


	 --- 5/3/2040 --- 
 --- -------- Appointments ------------ --- 


	 --- 5/4/2040 --- 
 --- -------- Appointments ------------ --- 


	 --- 5/5/2040 --- 
 --- -------- Appointments ------------ --- 


	 --- 5/6/2040 --- 
 --- -------- Appointments ------------ --- 


	 --- 5/7/2040 --- 
 --- -------- Appointments ------------ --- 


	 --- 5/8/2040 --- 
 --- -------- Appointments ------------ --- 


	 --- 5/9/2040 --- 
 --- -------- Appointments ------------ --- 


	 --- 5/10/2040 --- 
 --- -------- Appointments ------------ --- 


	 --- 5/11/2040 --- 
 --- -------- Appointments ------------ --- 


	 --- 5/12/2040 --- 
 --- -------- Appointments ------------ --- 


	 --- 5/13/2040 --- 
 --- -------- Appointments ------------ --- 


	 --- 5/14/2040 --- 
 --- -------- Appointments ------------ --- 


	 --- 5/15/2040 --- 
 --- -------- Appointments ------------ --- 


	 --- 5/16/2040 --- 
 --- -------- Appointments ------------ --- 


	 --- 5/17/2040 --- 
 --- -------- Appointments ------------ --- 


	 --- 5/18/2040 --- 
 --- -------- Appointments ------------ --- 


	 --- 5/19/2040 --- 
 --- -------- Appointments ------------ --- 


	 --- 5/20/2040 --- 
 --- -------- Appointments ------------ --- 


	 --- 5/21/2040 --- 
 --- -------- Appointments ------------ --- 


	 --- 5/22/2040 --- 
 --- -------- Appointments ------------ --- 


	 --- 5/23/2040 --- 
 --- -------- Appointments ------------ --- 


	 --- 5/24/2040 --- 
 --- -------- Appointments ------------ --- 


	 --- 5/25/2040 --- 
 --- -------- Appointments ------------ --- 


	 --- 5/26/2040 --- 
 --- -------- Appointments ------------ --- 


	 --- 5/27/2040 --- 
 --- -------- Appointments ------------ --- 


	 --- 5/28/2040 --- 
 --- -------- Appointments ------------ --- 


	 --- 5/29/2040 --- 
 --- -------- Appointments ------------ --- 


	 --- 5/30/2040 --- 
 --- -------- Appointments ------------ --- 


	 --- 6/1/2040 --- 
 --- -------- Appointments ------------ --- 
	3/31/2017 at 3:30pm ,Birthday Party, This is my birthday party.
 

	 --- 6/2/2040 --- 
 --- -------- Appointments ------------ --- 


	 --- 6/3/2040 --- 
 --- -------- Appointments ------------ --- 


	 --- 6/4/2040 --- 
 --- -------- Appointments ------------ --- 


	 --- 6/5/2040 --- 
 --- -------- Appointments ------------ --- 


	 --- 6/6/2040 --- 
 --- -------- Appointments ------------ --- 


	 --- 6/7/2040 --- 
 --- -------- Appointments ------------ --- 


	 --- 6/8/2040 --- 
 --- -------- Appointments ------------ --- 


	 --- 6/9/2040 --- 
 --- -------- Appointments ------------ --- 


	 --- 6/10/2040 --- 
 --- -------- Appointments ------------ --- 


	 --- 6/11/2040 --- 
 --- -------- Appointments ------------ --- 


	 --- 6/12/2040 --- 
 --- -------- Appointments ------------ --- 


	 --- 6/13/2040 --- 
 --- -------- Appointments ------------ --- 


	 --- 6/14/2040 --- 
 --- -------- Appointments ------------ --- 


	 --- 6/15/2040 --- 
 --- -------- Appointments ------------ --- 


	 --- 6/16/2040 --- 
 --- -------- Appointments ------------ --- 


	 --- 6/17/2040 --- 
 --- -------- Appointments ------------ --- 


	 --- 6/18/2040 --- 
 --- -------- Appointments ------------ --- 


	 --- 6/19/2040 --- 
 --- -------- Appointments ------------ --- 


	 --- 6/20/2040 --- 
 --- -------- Appointments ------------ --- 


	 --- 6/21/2040 --- 
 --- -------- Appointments ------------ --- 


	 --- 6/22/2040 --- 
 --- -------- Appointments ------------ --- 


	 --- 6/23/2040 --- 
 --- -------- Appointments ------------ --- 


	 --- 6/24/2040 --- 
 --- -------- Appointments ------------ --- 


	 --- 6/25/2040 --- 
 --- -------- Appointments ------------ --- 


	 --- 6/26/2040 --- 
 --- -------- Appointments ------------ --- 


	 --- 6/27/2040 --- 
 --- -------- Appointments ------------ --- 


	 --- 6/28/2040 --- 
 --- -------- Appointments ------------ --- 


	 --- 6/29/2040 --- 
 --- -------- Appointments ------------ --- 


	 --- 6/30/2040 --- 
 --- -------- Appointments ------------ --- 


	 --- 6/31/2040 --- 
 --- -------- Appointments ------------ --- 


	 --- 7/1/2040 --- 
 --- -------- Appointments ------------ --- 
	3/31/2017 at 3:30pm ,Birthday Party, This is my birthday party.
 

	 --- 7/2/2040 --- 
 --- -------- Appointments ------------ --- 


	 --- 7/3/2040 --- 
 --- -------- Appointments ------------ --- 


	 --- 7/4/2040 --- 
 --- -------- Appointments ------------ --- 


	 --- 7/5/2040 --- 
 --- -------- Appointments ------------ --- 


	 --- 7/6/2040 --- 
 --- -------- Appointments ------------ --- 


	 --- 7/7/2040 --- 
 --- -------- Appointments ------------ --- 


	 --- 7/8/2040 --- 
 --- -------- Appointments ------------ --- 


	 --- 7/9/2040 --- 
 --- -------- Appointments ------------ --- 


	 --- 7/10/2040 --- 
 --- -------- Appointments ------------ --- 


	 --- 7/11/2040 --- 
 --- -------- Appointments ------------ --- 


	 --- 7/12/2040 --- 
 --- -------- Appointments ------------ --- 


	 --- 7/13/2040 --- 
 --- -------- Appointments ------------ --- 


	 --- 7/14/2040 --- 
 --- -------- Appointments ------------ --- 


	 --- 7/15/2040 --- 
 --- -------- Appointments ------------ --- 


	 --- 7/16/2040 --- 
 --- -------- Appointments ------------ --- 


	 --- 7/17/2040 --- 
 --- -------- Appointments ------------ --- 


	 --- 7/18/2040 --- 
 --- -------- Appointments ------------ --- 


	 --- 7/19/2040 --- 
 --- -------- Appointments ------------ --- 


	 --- 7/20/2040 --- 
 --- -------- Appointments ------------ --- 


	 --- 7/21/2040 --- 
 --- -------- Appointments ------------ --- 


	 --- 7/22/2040 --- 
 --- -------- Appointments ------------ --- 


	 --- 7/23/2040 --- 
 --- -------- Appointments ------------ --- 


	 --- 7/24/2040 --- 
 --- -------- Appointments ------------ --- 


	 --- 7/25/2040 --- 
 --- -------- Appointments ------------ --- 


	 --- 7/26/2040 --- 
 --- -------- Appointments ------------ --- 


	 --- 7/27/2040 --- 
 --- -------- Appointments ------------ --- 


	 --- 7/28/2040 --- 
 --- -------- Appointments ------------ --- 


	 --- 7/29/2040 --- 
 --- -------- Appointments ------------ --- 


	 --- 7/30/2040 --- 
 --- -------- Appointments ------------ --- 


	 --- 7/31/2040 --- 
 --- -------- Appointments ------------ --- 


	 --- 8/1/2040 --- 
 --- -------- Appointments ------------ --- 
	3/31/2017 at 3:30pm ,Birthday Party, This is my birthday party.
 

	 --- 8/2/2040 --- 
 --- -------- Appointments ------------ --- 


	 --- 8/3/2040 --- 
 --- -------- Appointments ------------ --- 


	 --- 8/4/2040 --- 
 --- -------- Appointments ------------ --- 


	 --- 8/5/2040 --- 
 --- -------- Appointments ------------ --- 


	 --- 8/6/2040 --- 
 --- -------- Appointments ------------ --- 


	 --- 8/7/2040 --- 
 --- -------- Appointments ------------ --- 


	 --- 8/8/2040 --- 
 --- -------- Appointments ------------ --- 


	 --- 8/9/2040 --- 
 --- -------- Appointments ------------ --- 


	 --- 8/10/2040 --- 
 --- -------- Appointments ------------ --- 


	 --- 8/11/2040 --- 
 --- -------- Appointments ------------ --- 


	 --- 8/12/2040 --- 
 --- -------- Appointments ------------ --- 


	 --- 8/13/2040 --- 
 --- -------- Appointments ------------ --- 


	 --- 8/14/2040 --- 
 --- -------- Appointments ------------ --- 


	 --- 8/15/2040 --- 
 --- -------- Appointments ------------ --- 


	 --- 8/16/2040 --- 
 --- -------- Appointments ------------ --- 


	 --- 8/17/2040 --- 
 --- -------- Appointments ------------ --- 


	 --- 8/18/2040 --- 
 --- -------- Appointments ------------ --- 


	 --- 8/19/2040 --- 
 --- -------- Appointments ------------ --- 


	 --- 8/20/2040 --- 
 --- -------- Appointments ------------ --- 


	 --- 8/21/2040 --- 
 --- -------- Appointments ------------ --- 


	 --- 8/22/2040 --- 
 --- -------- Appointments ------------ --- 


	 --- 8/23/2040 --- 
 --- -------- Appointments ------------ --- 


	 --- 8/24/2040 --- 
 --- -------- Appointments ------------ --- 


	 --- 8/25/2040 --- 
 --- -------- Appointments ------------ --- 


	 --- 8/26/2040 --- 
 --- -------- Appointments ------------ --- 


	 --- 8/27/2040 --- 
 --- -------- Appointments ------------ --- 


	 --- 8/28/2040 --- 
 --- -------- Appointments ------------ --- 


	 --- 8/29/2040 --- 
 --- -------- Appointments ------------ --- 


	 --- 8/30/2040 --- 
 --- -------- Appointments ------------ --- 


	 --- 9/1/2040 --- 
 --- -------- Appointments ------------ --- 
	3/31/2017 at 3:30pm ,Birthday Party, This is my birthday party.
 

	 --- 9/2/2040 --- 
 --- -------- Appointments ------------ --- 


	 --- 9/3/2040 --- 
 --- -------- Appointments ------------ --- 


	 --- 9/4/2040 --- 
 --- -------- Appointments ------------ --- 


	 --- 9/5/2040 --- 
 --- -------- Appointments ------------ --- 


	 --- 9/6/2040 --- 
 --- -------- Appointments ------------ --- 


	 --- 9/7/2040 --- 
 --- -------- Appointments ------------ --- 


	 --- 9/8/2040 --- 
 --- -------- Appointments ------------ --- 


	 --- 9/9/2040 --- 
 --- -------- Appointments ------------ --- 


	 --- 9/10/2040 --- 
 --- -------- Appointments ------------ --- 


	 --- 9/11/2040 --- 
 --- -------- Appointments ------------ --- 


	 --- 9/12/2040 --- 
 --- -------- Appointments ------------ --- 


	 --- 9/13/2040 --- 
 --- -------- Appointments ------------ --- 


	 --- 9/14/2040 --- 
 --- -------- Appointments ------------ --- 


	 --- 9/15/2040 --- 
 --- -------- Appointments ------------ --- 


	 --- 9/16/2040 --- 
 --- -------- Appointments ------------ --- 


	 --- 9/17/2040 --- 
 --- -------- Appointments ------------ --- 


	 --- 9/18/2040 --- 
 --- -------- Appointments ------------ --- 


	 --- 9/19/2040 --- 
 --- -------- Appointments ------------ --- 


	 --- 9/20/2040 --- 
 --- -------- Appointments ------------ --- 


	 --- 9/21/2040 --- 
 --- -------- Appointments ------------ --- 


	 --- 9/22/2040 --- 
 --- -------- Appointments ------------ --- 


	 --- 9/23/2040 --- 
 --- -------- Appointments ------------ --- 


	 --- 9/24/2040 --- 
 --- -------- Appointments ------------ --- 


	 --- 9/25/2040 --- 
 --- -------- Appointments ------------ --- 


	 --- 9/26/2040 --- 
 --- -------- Appointments ------------ --- 


	 --- 9/27/2040 --- 
 --- -------- Appointments ------------ --- 


	 --- 9/28/2040 --- 
 --- -------- Appointments ------------ --- 


	 --- 9/29/2040 --- 
 --- -------- Appointments ------------ --- 


	 --- 9/30/2040 --- 
 --- -------- Appointments ------------ --- 


	 --- 9/31/2040 --- 
 --- -------- Appointments ------------ --- 


	 --- 10/1/2040 --- 
 --- -------- Appointments ------------ --- 
	3/31/2017 at 3:30pm ,Birthday Party, This is my birthday party.
 

	 --- 10/2/2040 --- 
 --- -------- Appointments ------------ --- 


	 --- 10/3/2040 --- 
 --- -------- Appointments ------------ --- 


	 --- 10/4/2040 --- 
 --- -------- Appointments ------------ --- 


	 --- 10/5/2040 --- 
 --- -------- Appointments ------------ --- 


	 --- 10/6/2040 --- 
 --- -------- Appointments ------------ --- 


	 --- 10/7/2040 --- 
 --- -------- Appointments ------------ --- 


	 --- 10/8/2040 --- 
 --- -------- Appointments ------------ --- 


	 --- 10/9/2040 --- 
 --- -------- Appointments ------------ --- 


	 --- 10/10/2040 --- 
 --- -------- Appointments ------------ --- 


	 --- 10/11/2040 --- 
 --- -------- Appointments ------------ --- 


	 --- 10/12/2040 --- 
 --- -------- Appointments ------------ --- 


	 --- 10/13/2040 --- 
 --- -------- Appointments ------------ --- 


	 --- 10/14/2040 --- 
 --- -------- Appointments ------------ --- 


	 --- 10/15/2040 --- 
 --- -------- Appointments ------------ --- 


	 --- 10/16/2040 --- 
 --- -------- Appointments ------------ --- 


	 --- 10/17/2040 --- 
 --- -------- Appointments ------------ --- 


	 --- 10/18/2040 --- 
 --- -------- Appointments ------------ --- 


	 --- 10/19/2040 --- 
 --- -------- Appointments ------------ --- 


	 --- 10/20/2040 --- 
 --- -------- Appointments ------------ --- 


	 --- 10/21/2040 --- 
 --- -------- Appointments ------------ --- 


	 --- 10/22/2040 --- 
 --- -------- Appointments ------------ --- 


	 --- 10/23/2040 --- 
 --- -------- Appointments ------------ --- 


	 --- 10/24/2040 --- 
 --- -------- Appointments ------------ --- 


	 --- 10/25/2040 --- 
 --- -------- Appointments ------------ --- 


	 --- 10/26/2040 --- 
 --- -------- Appointments ------------ --- 


	 --- 10/27/2040 --- 
 --- -------- Appointments ------------ --- 


	 --- 10/28/2040 --- 
 --- -------- Appointments ------------ --- 


	 --- 10/29/2040 --- 
 --- -------- Appointments ------------ --- 


	 --- 10/30/2040 --- 
 --- -------- Appointments ------------ --- 


	 --- 11/1/2040 --- 
 --- -------- Appointments ------------ --- 
	3/31/2017 at 3:30pm ,Birthday Party, This is my birthday party.
 

	 --- 11/2/2040 --- 
 --- -------- Appointments ------------ --- 


	 --- 11/3/2040 --- 
 --- -------- Appointments ------------ --- 


	 --- 11/4/2040 --- 
 --- -------- Appointments ------------ --- 


	 --- 11/5/2040 --- 
 --- -------- Appointments ------------ --- 


	 --- 11/6/2040 --- 
 --- -------- Appointments ------------ --- 


	 --- 11/7/2040 --- 
 --- -------- Appointments ------------ --- 


	 --- 11/8/2040 --- 
 --- -------- Appointments ------------ --- 


	 --- 11/9/2040 --- 
 --- -------- Appointments ------------ --- 


	 --- 11/10/2040 --- 
 --- -------- Appointments ------------ --- 


	 --- 11/11/2040 --- 
 --- -------- Appointments ------------ --- 


	 --- 11/12/2040 --- 
 --- -------- Appointments ------------ --- 


	 --- 11/13/2040 --- 
 --- -------- Appointments ------------ --- 


	 --- 11/14/2040 --- 
 --- -------- Appointments ------------ --- 


	 --- 11/15/2040 --- 
 --- -------- Appointments ------------ --- 


	 --- 11/16/2040 --- 
 --- -------- Appointments ------------ --- 


	 --- 11/17/2040 --- 
 --- -------- Appointments ------------ --- 


	 --- 11/18/2040 --- 
 --- -------- Appointments ------------ --- 


	 --- 11/19/2040 --- 
 --- -------- Appointments ------------ --- 


	 --- 11/20/2040 --- 
 --- -------- Appointments ------------ --- 


	 --- 11/21/2040 --- 
 --- -------- Appointments ------------ --- 


	 --- 11/22/2040 --- 
 --- -------- Appointments ------------ --- 


	 --- 11/23/2040 --- 
 --- -------- Appointments ------------ --- 


	 --- 11/24/2040 --- 
 --- -------- Appointments ------------ --- 


	 --- 11/25/2040 --- 
 --- -------- Appointments ------------ --- 


	 --- 11/26/2040 --- 
 --- -------- Appointments ------------ --- 


	 --- 11/27/2040 --- 
 --- -------- Appointments ------------ --- 


	 --- 11/28/2040 --- 
 --- -------- Appointments ------------ --- 


	 --- 11/29/2040 --- 
 --- -------- Appointments ------------ --- 


	 --- 11/30/2040 --- 
 --- -------- Appointments ------------ --- 


	 --- 11/31/2040 --- 
 --- -------- Appointments ------------ --- 


	 --- 0/1/2041 --- 
 --- -------- Appointments ------------ --- 
	3/31/2017 at 3:30pm ,Birthday Party, This is my birthday party.
 

	 --- 0/2/2041 --- 
 --- -------- Appointments ------------ --- 


	 --- 0/3/2041 --- 
 --- -------- Appointments ------------ --- 


	 --- 0/4/2041 --- 
 --- -------- Appointments ------------ --- 


	 --- 0/5/2041 --- 
 --- -------- Appointments ------------ --- 


	 --- 0/6/2041 --- 
 --- -------- Appointments ------------ --- 


	 --- 0/7/2041 --- 
 --- -------- Appointments ------------ --- 


	 --- 0/8/2041 --- 
 --- -------- Appointments ------------ --- 


	 --- 0/9/2041 --- 
 --- -------- Appointments ------------ --- 


	 --- 0/10/2041 --- 
 --- -------- Appointments ------------ --- 


	 --- 0/11/2041 --- 
 --- -------- Appointments ------------ --- 


	 --- 0/12/2041 --- 
 --- -------- Appointments ------------ --- 


	 --- 0/13/2041 --- 
 --- -------- Appointments ------------ --- 


	 --- 0/14/2041 --- 
 --- -------- Appointments ------------ --- 


	 --- 0/15/2041 --- 
 --- -------- Appointments ------------ --- 


	 --- 0/16/2041 --- 
 --- -------- Appointments ------------ --- 


	 --- 0/17/2041 --- 
 --- -------- Appointments ------------ --- 


	 --- 0/18/2041 --- 
 --- -------- Appointments ------------ --- 


	 --- 0/19/2041 --- 
 --- -------- Appointments ------------ --- 


	 --- 0/20/2041 --- 
 --- -------- Appointments ------------ --- 


	 --- 0/21/2041 --- 
 --- -------- Appointments ------------ --- 


	 --- 0/22/2041 --- 
 --- -------- Appointments ------------ --- 


	 --- 0/23/2041 --- 
 --- -------- Appointments ------------ --- 


	 --- 0/24/2041 --- 
 --- -------- Appointments ------------ --- 


	 --- 0/25/2041 --- 
 --- -------- Appointments ------------ --- 


	 --- 0/26/2041 --- 
 --- -------- Appointments ------------ --- 


	 --- 0/27/2041 --- 
 --- -------- Appointments ------------ --- 


	 --- 0/28/2041 --- 
 --- -------- Appointments ------------ --- 


	 --- 0/29/2041 --- 
 --- -------- Appointments ------------ --- 


	 --- 0/30/2041 --- 
 --- -------- Appointments ------------ --- 


	 --- 0/31/2041 --- 
 --- -------- Appointments ------------ --- 


	 --- 1/1/2041 --- 
 --- -------- Appointments ------------ --- 
	3/31/2017 at 3:30pm ,Birthday Party, This is my birthday party.
 

	 --- 1/2/2041 --- 
 --- -------- Appointments ------------ --- 


	 --- 1/3/2041 --- 
 --- -------- Appointments ------------ --- 


	 --- 1/4/2041 --- 
 --- -------- Appointments ------------ --- 


	 --- 1/5/2041 --- 
 --- -------- Appointments ------------ --- 


	 --- 1/6/2041 --- 
 --- -------- Appointments ------------ --- 


	 --- 1/7/2041 --- 
 --- -------- Appointments ------------ --- 


	 --- 1/8/2041 --- 
 --- -------- Appointments ------------ --- 


	 --- 1/9/2041 --- 
 --- -------- Appointments ------------ --- 


	 --- 1/10/2041 --- 
 --- -------- Appointments ------------ --- 


	 --- 1/11/2041 --- 
 --- -------- Appointments ------------ --- 


	 --- 1/12/2041 --- 
 --- -------- Appointments ------------ --- 


	 --- 1/13/2041 --- 
 --- -------- Appointments ------------ --- 


	 --- 1/14/2041 --- 
 --- -------- Appointments ------------ --- 


	 --- 1/15/2041 --- 
 --- -------- Appointments ------------ --- 


	 --- 1/16/2041 --- 
 --- -------- Appointments ------------ --- 


	 --- 1/17/2041 --- 
 --- -------- Appointments ------------ --- 


	 --- 1/18/2041 --- 
 --- -------- Appointments ------------ --- 


	 --- 1/19/2041 --- 
 --- -------- Appointments ------------ --- 


	 --- 1/20/2041 --- 
 --- -------- Appointments ------------ --- 


	 --- 1/21/2041 --- 
 --- -------- Appointments ------------ --- 


	 --- 1/22/2041 --- 
 --- -------- Appointments ------------ --- 


	 --- 1/23/2041 --- 
 --- -------- Appointments ------------ --- 


	 --- 1/24/2041 --- 
 --- -------- Appointments ------------ --- 


	 --- 1/25/2041 --- 
 --- -------- Appointments ------------ --- 


	 --- 1/26/2041 --- 
 --- -------- Appointments ------------ --- 


	 --- 1/27/2041 --- 
 --- -------- Appointments ------------ --- 


	 --- 1/28/2041 --- 
 --- -------- Appointments ------------ --- 


	 --- 2/1/2041 --- 
 --- -------- Appointments ------------ --- 
	3/31/2017 at 3:30pm ,Birthday Party, This is my birthday party.
 

	 --- 2/2/2041 --- 
 --- -------- Appointments ------------ --- 


	 --- 2/3/2041 --- 
 --- -------- Appointments ------------ --- 


	 --- 2/4/2041 --- 
 --- -------- Appointments ------------ --- 


	 --- 2/5/2041 --- 
 --- -------- Appointments ------------ --- 


	 --- 2/6/2041 --- 
 --- -------- Appointments ------------ --- 


	 --- 2/7/2041 --- 
 --- -------- Appointments ------------ --- 


	 --- 2/8/2041 --- 
 --- -------- Appointments ------------ --- 


	 --- 2/9/2041 --- 
 --- -------- Appointments ------------ --- 


	 --- 2/10/2041 --- 
 --- -------- Appointments ------------ --- 


	 --- 2/11/2041 --- 
 --- -------- Appointments ------------ --- 


	 --- 2/12/2041 --- 
 --- -------- Appointments ------------ --- 


	 --- 2/13/2041 --- 
 --- -------- Appointments ------------ --- 


	 --- 2/14/2041 --- 
 --- -------- Appointments ------------ --- 


	 --- 2/15/2041 --- 
 --- -------- Appointments ------------ --- 


	 --- 2/16/2041 --- 
 --- -------- Appointments ------------ --- 


	 --- 2/17/2041 --- 
 --- -------- Appointments ------------ --- 


	 --- 2/18/2041 --- 
 --- -------- Appointments ------------ --- 


	 --- 2/19/2041 --- 
 --- -------- Appointments ------------ --- 


	 --- 2/20/2041 --- 
 --- -------- Appointments ------------ --- 


	 --- 2/21/2041 --- 
 --- -------- Appointments ------------ --- 


	 --- 2/22/2041 --- 
 --- -------- Appointments ------------ --- 


	 --- 2/23/2041 --- 
 --- -------- Appointments ------------ --- 


	 --- 2/24/2041 --- 
 --- -------- Appointments ------------ --- 


	 --- 2/25/2041 --- 
 --- -------- Appointments ------------ --- 


	 --- 2/26/2041 --- 
 --- -------- Appointments ------------ --- 
	2/26/2018 at 11:30pm ,Birthday Party, This is my birthday party.
 

	 --- 2/27/2041 --- 
 --- -------- Appointments ------------ --- 


	 --- 2/28/2041 --- 
 --- -------- Appointments ------------ --- 


	 --- 2/29/2041 --- 
 --- -------- Appointments ------------ --- 


	 --- 2/30/2041 --- 
 --- -------- Appointments ------------ --- 


	 --- 2/31/2041 --- 
 --- -------- Appointments ------------ --- 


	 --- 3/1/2041 --- 
 --- -------- Appointments ------------ --- 
	3/31/2017 at 3:30pm ,Birthday Party, This is my birthday party.
 

	 --- 3/2/2041 --- 
 --- -------- Appointments ------------ --- 


	 --- 3/3/2041 --- 
 --- -------- Appointments ------------ --- 


	 --- 3/4/2041 --- 
 --- -------- Appointments ------------ --- 


	 --- 3/5/2041 --- 
 --- -------- Appointments ------------ --- 


	 --- 3/6/2041 --- 
 --- -------- Appointments ------------ --- 


	 --- 3/7/2041 --- 
 --- -------- Appointments ------------ --- 


	 --- 3/8/2041 --- 
 --- -------- Appointments ------------ --- 


	 --- 3/9/2041 --- 
 --- -------- Appointments ------------ --- 


	 --- 3/10/2041 --- 
 --- -------- Appointments ------------ --- 


	 --- 3/11/2041 --- 
 --- -------- Appointments ------------ --- 


	 --- 3/12/2041 --- 
 --- -------- Appointments ------------ --- 


	 --- 3/13/2041 --- 
 --- -------- Appointments ------------ --- 


	 --- 3/14/2041 --- 
 --- -------- Appointments ------------ --- 


	 --- 3/15/2041 --- 
 --- -------- Appointments ------------ --- 


	 --- 3/16/2041 --- 
 --- -------- Appointments ------------ --- 


	 --- 3/17/2041 --- 
 --- -------- Appointments ------------ --- 


	 --- 3/18/2041 --- 
 --- -------- Appointments ------------ --- 


	 --- 3/19/2041 --- 
 --- -------- Appointments ------------ --- 


	 --- 3/20/2041 --- 
 --- -------- Appointments ------------ --- 


	 --- 3/21/2041 --- 
 --- -------- Appointments ------------ --- 


	 --- 3/22/2041 --- 
 --- -------- Appointments ------------ --- 


	 --- 3/23/2041 --- 
 --- -------- Appointments ------------ --- 


	 --- 3/24/2041 --- 
 --- -------- Appointments ------------ --- 


	 --- 3/25/2041 --- 
 --- -------- Appointments ------------ --- 


	 --- 3/26/2041 --- 
 --- -------- Appointments ------------ --- 


	 --- 3/27/2041 --- 
 --- -------- Appointments ------------ --- 


	 --- 3/28/2041 --- 
 --- -------- Appointments ------------ --- 


	 --- 3/29/2041 --- 
 --- -------- Appointments ------------ --- 


	 --- 3/30/2041 --- 
 --- -------- Appointments ------------ --- 


	 --- 4/1/2041 --- 
 --- -------- Appointments ------------ --- 
	3/31/2017 at 3:30pm ,Birthday Party, This is my birthday party.
 

	 --- 4/2/2041 --- 
 --- -------- Appointments ------------ --- 


	 --- 4/3/2041 --- 
 --- -------- Appointments ------------ --- 


	 --- 4/4/2041 --- 
 --- -------- Appointments ------------ --- 


	 --- 4/5/2041 --- 
 --- -------- Appointments ------------ --- 


	 --- 4/6/2041 --- 
 --- -------- Appointments ------------ --- 


	 --- 4/7/2041 --- 
 --- -------- Appointments ------------ --- 


	 --- 4/8/2041 --- 
 --- -------- Appointments ------------ --- 


	 --- 4/9/2041 --- 
 --- -------- Appointments ------------ --- 


	 --- 4/10/2041 --- 
 --- -------- Appointments ------------ --- 


	 --- 4/11/2041 --- 
 --- -------- Appointments ------------ --- 


	 --- 4/12/2041 --- 
 --- -------- Appointments ------------ --- 


	 --- 4/13/2041 --- 
 --- -------- Appointments ------------ --- 


	 --- 4/14/2041 --- 
 --- -------- Appointments ------------ --- 


	 --- 4/15/2041 --- 
 --- -------- Appointments ------------ --- 


	 --- 4/16/2041 --- 
 --- -------- Appointments ------------ --- 


	 --- 4/17/2041 --- 
 --- -------- Appointments ------------ --- 


	 --- 4/18/2041 --- 
 --- -------- Appointments ------------ --- 


	 --- 4/19/2041 --- 
 --- -------- Appointments ------------ --- 


	 --- 4/20/2041 --- 
 --- -------- Appointments ------------ --- 


	 --- 4/21/2041 --- 
 --- -------- Appointments ------------ --- 


	 --- 4/22/2041 --- 
 --- -------- Appointments ------------ --- 


	 --- 4/23/2041 --- 
 --- -------- Appointments ------------ --- 


	 --- 4/24/2041 --- 
 --- -------- Appointments ------------ --- 


	 --- 4/25/2041 --- 
 --- -------- Appointments ------------ --- 


	 --- 4/26/2041 --- 
 --- -------- Appointments ------------ --- 


	 --- 4/27/2041 --- 
 --- -------- Appointments ------------ --- 


	 --- 4/28/2041 --- 
 --- -------- Appointments ------------ --- 


	 --- 4/29/2041 --- 
 --- -------- Appointments ------------ --- 


	 --- 4/30/2041 --- 
 --- -------- Appointments ------------ --- 


	 --- 4/31/2041 --- 
 --- -------- Appointments ------------ --- 


	 --- 5/1/2041 --- 
 --- -------- Appointments ------------ --- 
	3/31/2017 at 3:30pm ,Birthday Party, This is my birthday party.
 

	 --- 5/2/2041 --- 
 --- -------- Appointments ------------ --- 


	 --- 5/3/2041 --- 
 --- -------- Appointments ------------ --- 


	 --- 5/4/2041 --- 
 --- -------- Appointments ------------ --- 


	 --- 5/5/2041 --- 
 --- -------- Appointments ------------ --- 


	 --- 5/6/2041 --- 
 --- -------- Appointments ------------ --- 


	 --- 5/7/2041 --- 
 --- -------- Appointments ------------ --- 


	 --- 5/8/2041 --- 
 --- -------- Appointments ------------ --- 


	 --- 5/9/2041 --- 
 --- -------- Appointments ------------ --- 


	 --- 5/10/2041 --- 
 --- -------- Appointments ------------ --- 


	 --- 5/11/2041 --- 
 --- -------- Appointments ------------ --- 


	 --- 5/12/2041 --- 
 --- -------- Appointments ------------ --- 


	 --- 5/13/2041 --- 
 --- -------- Appointments ------------ --- 


	 --- 5/14/2041 --- 
 --- -------- Appointments ------------ --- 


	 --- 5/15/2041 --- 
 --- -------- Appointments ------------ --- 


	 --- 5/16/2041 --- 
 --- -------- Appointments ------------ --- 


	 --- 5/17/2041 --- 
 --- -------- Appointments ------------ --- 


	 --- 5/18/2041 --- 
 --- -------- Appointments ------------ --- 


	 --- 5/19/2041 --- 
 --- -------- Appointments ------------ --- 


	 --- 5/20/2041 --- 
 --- -------- Appointments ------------ --- 


	 --- 5/21/2041 --- 
 --- -------- Appointments ------------ --- 


	 --- 5/22/2041 --- 
 --- -------- Appointments ------------ --- 


	 --- 5/23/2041 --- 
 --- -------- Appointments ------------ --- 


	 --- 5/24/2041 --- 
 --- -------- Appointments ------------ --- 


	 --- 5/25/2041 --- 
 --- -------- Appointments ------------ --- 


	 --- 5/26/2041 --- 
 --- -------- Appointments ------------ --- 


	 --- 5/27/2041 --- 
 --- -------- Appointments ------------ --- 


	 --- 5/28/2041 --- 
 --- -------- Appointments ------------ --- 


	 --- 5/29/2041 --- 
 --- -------- Appointments ------------ --- 


	 --- 5/30/2041 --- 
 --- -------- Appointments ------------ --- 


	 --- 6/1/2041 --- 
 --- -------- Appointments ------------ --- 
	3/31/2017 at 3:30pm ,Birthday Party, This is my birthday party.
 

	 --- 6/2/2041 --- 
 --- -------- Appointments ------------ --- 


	 --- 6/3/2041 --- 
 --- -------- Appointments ------------ --- 


	 --- 6/4/2041 --- 
 --- -------- Appointments ------------ --- 


	 --- 6/5/2041 --- 
 --- -------- Appointments ------------ --- 


	 --- 6/6/2041 --- 
 --- -------- Appointments ------------ --- 


	 --- 6/7/2041 --- 
 --- -------- Appointments ------------ --- 


	 --- 6/8/2041 --- 
 --- -------- Appointments ------------ --- 


	 --- 6/9/2041 --- 
 --- -------- Appointments ------------ --- 


	 --- 6/10/2041 --- 
 --- -------- Appointments ------------ --- 


	 --- 6/11/2041 --- 
 --- -------- Appointments ------------ --- 


	 --- 6/12/2041 --- 
 --- -------- Appointments ------------ --- 


	 --- 6/13/2041 --- 
 --- -------- Appointments ------------ --- 


	 --- 6/14/2041 --- 
 --- -------- Appointments ------------ --- 


	 --- 6/15/2041 --- 
 --- -------- Appointments ------------ --- 


	 --- 6/16/2041 --- 
 --- -------- Appointments ------------ --- 


	 --- 6/17/2041 --- 
 --- -------- Appointments ------------ --- 


	 --- 6/18/2041 --- 
 --- -------- Appointments ------------ --- 


	 --- 6/19/2041 --- 
 --- -------- Appointments ------------ --- 


	 --- 6/20/2041 --- 
 --- -------- Appointments ------------ --- 


	 --- 6/21/2041 --- 
 --- -------- Appointments ------------ --- 


	 --- 6/22/2041 --- 
 --- -------- Appointments ------------ --- 


	 --- 6/23/2041 --- 
 --- -------- Appointments ------------ --- 


	 --- 6/24/2041 --- 
 --- -------- Appointments ------------ --- 


	 --- 6/25/2041 --- 
 --- -------- Appointments ------------ --- 


	 --- 6/26/2041 --- 
 --- -------- Appointments ------------ --- 


	 --- 6/27/2041 --- 
 --- -------- Appointments ------------ --- 


	 --- 6/28/2041 --- 
 --- -------- Appointments ------------ --- 


	 --- 6/29/2041 --- 
 --- -------- Appointments ------------ --- 


	 --- 6/30/2041 --- 
 --- -------- Appointments ------------ --- 


	 --- 6/31/2041 --- 
 --- -------- Appointments ------------ --- 


	 --- 7/1/2041 --- 
 --- -------- Appointments ------------ --- 
	3/31/2017 at 3:30pm ,Birthday Party, This is my birthday party.
 

	 --- 7/2/2041 --- 
 --- -------- Appointments ------------ --- 


	 --- 7/3/2041 --- 
 --- -------- Appointments ------------ --- 


	 --- 7/4/2041 --- 
 --- -------- Appointments ------------ --- 


	 --- 7/5/2041 --- 
 --- -------- Appointments ------------ --- 


	 --- 7/6/2041 --- 
 --- -------- Appointments ------------ --- 


	 --- 7/7/2041 --- 
 --- -------- Appointments ------------ --- 


	 --- 7/8/2041 --- 
 --- -------- Appointments ------------ --- 


	 --- 7/9/2041 --- 
 --- -------- Appointments ------------ --- 


	 --- 7/10/2041 --- 
 --- -------- Appointments ------------ --- 


	 --- 7/11/2041 --- 
 --- -------- Appointments ------------ --- 


	 --- 7/12/2041 --- 
 --- -------- Appointments ------------ --- 


	 --- 7/13/2041 --- 
 --- -------- Appointments ------------ --- 


	 --- 7/14/2041 --- 
 --- -------- Appointments ------------ --- 


	 --- 7/15/2041 --- 
 --- -------- Appointments ------------ --- 


	 --- 7/16/2041 --- 
 --- -------- Appointments ------------ --- 


	 --- 7/17/2041 --- 
 --- -------- Appointments ------------ --- 


	 --- 7/18/2041 --- 
 --- -------- Appointments ------------ --- 


	 --- 7/19/2041 --- 
 --- -------- Appointments ------------ --- 


	 --- 7/20/2041 --- 
 --- -------- Appointments ------------ --- 


	 --- 7/21/2041 --- 
 --- -------- Appointments ------------ --- 


	 --- 7/22/2041 --- 
 --- -------- Appointments ------------ --- 


	 --- 7/23/2041 --- 
 --- -------- Appointments ------------ --- 


	 --- 7/24/2041 --- 
 --- -------- Appointments ------------ --- 


	 --- 7/25/2041 --- 
 --- -------- Appointments ------------ --- 


	 --- 7/26/2041 --- 
 --- -------- Appointments ------------ --- 


	 --- 7/27/2041 --- 
 --- -------- Appointments ------------ --- 


	 --- 7/28/2041 --- 
 --- -------- Appointments ------------ --- 


	 --- 7/29/2041 --- 
 --- -------- Appointments ------------ --- 


	 --- 7/30/2041 --- 
 --- -------- Appointments ------------ --- 


	 --- 7/31/2041 --- 
 --- -------- Appointments ------------ --- 


	 --- 8/1/2041 --- 
 --- -------- Appointments ------------ --- 
	3/31/2017 at 3:30pm ,Birthday Party, This is my birthday party.
 

	 --- 8/2/2041 --- 
 --- -------- Appointments ------------ --- 


	 --- 8/3/2041 --- 
 --- -------- Appointments ------------ --- 


	 --- 8/4/2041 --- 
 --- -------- Appointments ------------ --- 


	 --- 8/5/2041 --- 
 --- -------- Appointments ------------ --- 


	 --- 8/6/2041 --- 
 --- -------- Appointments ------------ --- 


	 --- 8/7/2041 --- 
 --- -------- Appointments ------------ --- 


	 --- 8/8/2041 --- 
 --- -------- Appointments ------------ --- 


	 --- 8/9/2041 --- 
 --- -------- Appointments ------------ --- 


	 --- 8/10/2041 --- 
 --- -------- Appointments ------------ --- 


	 --- 8/11/2041 --- 
 --- -------- Appointments ------------ --- 


	 --- 8/12/2041 --- 
 --- -------- Appointments ------------ --- 


	 --- 8/13/2041 --- 
 --- -------- Appointments ------------ --- 


	 --- 8/14/2041 --- 
 --- -------- Appointments ------------ --- 


	 --- 8/15/2041 --- 
 --- -------- Appointments ------------ --- 


	 --- 8/16/2041 --- 
 --- -------- Appointments ------------ --- 


	 --- 8/17/2041 --- 
 --- -------- Appointments ------------ --- 


	 --- 8/18/2041 --- 
 --- -------- Appointments ------------ --- 


	 --- 8/19/2041 --- 
 --- -------- Appointments ------------ --- 


	 --- 8/20/2041 --- 
 --- -------- Appointments ------------ --- 


	 --- 8/21/2041 --- 
 --- -------- Appointments ------------ --- 


	 --- 8/22/2041 --- 
 --- -------- Appointments ------------ --- 


	 --- 8/23/2041 --- 
 --- -------- Appointments ------------ --- 


	 --- 8/24/2041 --- 
 --- -------- Appointments ------------ --- 


	 --- 8/25/2041 --- 
 --- -------- Appointments ------------ --- 


	 --- 8/26/2041 --- 
 --- -------- Appointments ------------ --- 


	 --- 8/27/2041 --- 
 --- -------- Appointments ------------ --- 


	 --- 8/28/2041 --- 
 --- -------- Appointments ------------ --- 


	 --- 8/29/2041 --- 
 --- -------- Appointments ------------ --- 


	 --- 8/30/2041 --- 
 --- -------- Appointments ------------ --- 


	 --- 9/1/2041 --- 
 --- -------- Appointments ------------ --- 
	3/31/2017 at 3:30pm ,Birthday Party, This is my birthday party.
 

	 --- 9/2/2041 --- 
 --- -------- Appointments ------------ --- 


	 --- 9/3/2041 --- 
 --- -------- Appointments ------------ --- 


	 --- 9/4/2041 --- 
 --- -------- Appointments ------------ --- 


	 --- 9/5/2041 --- 
 --- -------- Appointments ------------ --- 


	 --- 9/6/2041 --- 
 --- -------- Appointments ------------ --- 


	 --- 9/7/2041 --- 
 --- -------- Appointments ------------ --- 


	 --- 9/8/2041 --- 
 --- -------- Appointments ------------ --- 


	 --- 9/9/2041 --- 
 --- -------- Appointments ------------ --- 


	 --- 9/10/2041 --- 
 --- -------- Appointments ------------ --- 


	 --- 9/11/2041 --- 
 --- -------- Appointments ------------ --- 


	 --- 9/12/2041 --- 
 --- -------- Appointments ------------ --- 


	 --- 9/13/2041 --- 
 --- -------- Appointments ------------ --- 


	 --- 9/14/2041 --- 
 --- -------- Appointments ------------ --- 


	 --- 9/15/2041 --- 
 --- -------- Appointments ------------ --- 


	 --- 9/16/2041 --- 
 --- -------- Appointments ------------ --- 


	 --- 9/17/2041 --- 
 --- -------- Appointments ------------ --- 


	 --- 9/18/2041 --- 
 --- -------- Appointments ------------ --- 


	 --- 9/19/2041 --- 
 --- -------- Appointments ------------ --- 


	 --- 9/20/2041 --- 
 --- -------- Appointments ------------ --- 


	 --- 9/21/2041 --- 
 --- -------- Appointments ------------ --- 


	 --- 9/22/2041 --- 
 --- -------- Appointments ------------ --- 


	 --- 9/23/2041 --- 
 --- -------- Appointments ------------ --- 


	 --- 9/24/2041 --- 
 --- -------- Appointments ------------ --- 


	 --- 9/25/2041 --- 
 --- -------- Appointments ------------ --- 


	 --- 9/26/2041 --- 
 --- -------- Appointments ------------ --- 


	 --- 9/27/2041 --- 
 --- -------- Appointments ------------ --- 


	 --- 9/28/2041 --- 
 --- -------- Appointments ------------ --- 


	 --- 9/29/2041 --- 
 --- -------- Appointments ------------ --- 


	 --- 9/30/2041 --- 
 --- -------- Appointments ------------ --- 


	 --- 9/31/2041 --- 
 --- -------- Appointments ------------ --- 


	 --- 10/1/2041 --- 
 --- -------- Appointments ------------ --- 
	3/31/2017 at 3:30pm ,Birthday Party, This is my birthday party.
 

	 --- 10/2/2041 --- 
 --- -------- Appointments ------------ --- 


	 --- 10/3/2041 --- 
 --- -------- Appointments ------------ --- 


	 --- 10/4/2041 --- 
 --- -------- Appointments ------------ --- 


	 --- 10/5/2041 --- 
 --- -------- Appointments ------------ --- 


	 --- 10/6/2041 --- 
 --- -------- Appointments ------------ --- 


	 --- 10/7/2041 --- 
 --- -------- Appointments ------------ --- 


	 --- 10/8/2041 --- 
 --- -------- Appointments ------------ --- 


	 --- 10/9/2041 --- 
 --- -------- Appointments ------------ --- 


	 --- 10/10/2041 --- 
 --- -------- Appointments ------------ --- 


	 --- 10/11/2041 --- 
 --- -------- Appointments ------------ --- 


	 --- 10/12/2041 --- 
 --- -------- Appointments ------------ --- 


	 --- 10/13/2041 --- 
 --- -------- Appointments ------------ --- 


	 --- 10/14/2041 --- 
 --- -------- Appointments ------------ --- 


	 --- 10/15/2041 --- 
 --- -------- Appointments ------------ --- 


	 --- 10/16/2041 --- 
 --- -------- Appointments ------------ --- 


	 --- 10/17/2041 --- 
 --- -------- Appointments ------------ --- 


	 --- 10/18/2041 --- 
 --- -------- Appointments ------------ --- 


	 --- 10/19/2041 --- 
 --- -------- Appointments ------------ --- 


	 --- 10/20/2041 --- 
 --- -------- Appointments ------------ --- 


	 --- 10/21/2041 --- 
 --- -------- Appointments ------------ --- 


	 --- 10/22/2041 --- 
 --- -------- Appointments ------------ --- 


	 --- 10/23/2041 --- 
 --- -------- Appointments ------------ --- 


	 --- 10/24/2041 --- 
 --- -------- Appointments ------------ --- 


	 --- 10/25/2041 --- 
 --- -------- Appointments ------------ --- 


	 --- 10/26/2041 --- 
 --- -------- Appointments ------------ --- 


	 --- 10/27/2041 --- 
 --- -------- Appointments ------------ --- 


	 --- 10/28/2041 --- 
 --- -------- Appointments ------------ --- 


	 --- 10/29/2041 --- 
 --- -------- Appointments ------------ --- 


	 --- 10/30/2041 --- 
 --- -------- Appointments ------------ --- 


	 --- 11/1/2041 --- 
 --- -------- Appointments ------------ --- 
	3/31/2017 at 3:30pm ,Birthday Party, This is my birthday party.
 

	 --- 11/2/2041 --- 
 --- -------- Appointments ------------ --- 


	 --- 11/3/2041 --- 
 --- -------- Appointments ------------ --- 


	 --- 11/4/2041 --- 
 --- -------- Appointments ------------ --- 


	 --- 11/5/2041 --- 
 --- -------- Appointments ------------ --- 


	 --- 11/6/2041 --- 
 --- -------- Appointments ------------ --- 


	 --- 11/7/2041 --- 
 --- -------- Appointments ------------ --- 


	 --- 11/8/2041 --- 
 --- -------- Appointments ------------ --- 


	 --- 11/9/2041 --- 
 --- -------- Appointments ------------ --- 


	 --- 11/10/2041 --- 
 --- -------- Appointments ------------ --- 


	 --- 11/11/2041 --- 
 --- -------- Appointments ------------ --- 


	 --- 11/12/2041 --- 
 --- -------- Appointments ------------ --- 


	 --- 11/13/2041 --- 
 --- -------- Appointments ------------ --- 


	 --- 11/14/2041 --- 
 --- -------- Appointments ------------ --- 


	 --- 11/15/2041 --- 
 --- -------- Appointments ------------ --- 


	 --- 11/16/2041 --- 
 --- -------- Appointments ------------ --- 


	 --- 11/17/2041 --- 
 --- -------- Appointments ------------ --- 


	 --- 11/18/2041 --- 
 --- -------- Appointments ------------ --- 


	 --- 11/19/2041 --- 
 --- -------- Appointments ------------ --- 


	 --- 11/20/2041 --- 
 --- -------- Appointments ------------ --- 


	 --- 11/21/2041 --- 
 --- -------- Appointments ------------ --- 


	 --- 11/22/2041 --- 
 --- -------- Appointments ------------ --- 


	 --- 11/23/2041 --- 
 --- -------- Appointments ------------ --- 


	 --- 11/24/2041 --- 
 --- -------- Appointments ------------ --- 


	 --- 11/25/2041 --- 
 --- -------- Appointments ------------ --- 


	 --- 11/26/2041 --- 
 --- -------- Appointments ------------ --- 


	 --- 11/27/2041 --- 
 --- -------- Appointments ------------ --- 


	 --- 11/28/2041 --- 
 --- -------- Appointments ------------ --- 


	 --- 11/29/2041 --- 
 --- -------- Appointments ------------ --- 


	 --- 11/30/2041 --- 
 --- -------- Appointments ------------ --- 


	 --- 11/31/2041 --- 
 --- -------- Appointments ------------ --- 


	 --- 0/1/2042 --- 
 --- -------- Appointments ------------ --- 
	3/31/2017 at 3:30pm ,Birthday Party, This is my birthday party.
 

	 --- 0/2/2042 --- 
 --- -------- Appointments ------------ --- 


	 --- 0/3/2042 --- 
 --- -------- Appointments ------------ --- 


	 --- 0/4/2042 --- 
 --- -------- Appointments ------------ --- 


	 --- 0/5/2042 --- 
 --- -------- Appointments ------------ --- 


	 --- 0/6/2042 --- 
 --- -------- Appointments ------------ --- 


	 --- 0/7/2042 --- 
 --- -------- Appointments ------------ --- 


	 --- 0/8/2042 --- 
 --- -------- Appointments ------------ --- 


	 --- 0/9/2042 --- 
 --- -------- Appointments ------------ --- 


	 --- 0/10/2042 --- 
 --- -------- Appointments ------------ --- 


	 --- 0/11/2042 --- 
 --- -------- Appointments ------------ --- 


	 --- 0/12/2042 --- 
 --- -------- Appointments ------------ --- 


	 --- 0/13/2042 --- 
 --- -------- Appointments ------------ --- 


	 --- 0/14/2042 --- 
 --- -------- Appointments ------------ --- 


	 --- 0/15/2042 --- 
 --- -------- Appointments ------------ --- 


	 --- 0/16/2042 --- 
 --- -------- Appointments ------------ --- 


	 --- 0/17/2042 --- 
 --- -------- Appointments ------------ --- 


	 --- 0/18/2042 --- 
 --- -------- Appointments ------------ --- 


	 --- 0/19/2042 --- 
 --- -------- Appointments ------------ --- 


	 --- 0/20/2042 --- 
 --- -------- Appointments ------------ --- 


	 --- 0/21/2042 --- 
 --- -------- Appointments ------------ --- 


	 --- 0/22/2042 --- 
 --- -------- Appointments ------------ --- 


	 --- 0/23/2042 --- 
 --- -------- Appointments ------------ --- 


	 --- 0/24/2042 --- 
 --- -------- Appointments ------------ --- 


	 --- 0/25/2042 --- 
 --- -------- Appointments ------------ --- 


	 --- 0/26/2042 --- 
 --- -------- Appointments ------------ --- 


	 --- 0/27/2042 --- 
 --- -------- Appointments ------------ --- 


	 --- 0/28/2042 --- 
 --- -------- Appointments ------------ --- 


	 --- 0/29/2042 --- 
 --- -------- Appointments ------------ --- 


	 --- 0/30/2042 --- 
 --- -------- Appointments ------------ --- 


	 --- 0/31/2042 --- 
 --- -------- Appointments ------------ --- 


	 --- 1/1/2042 --- 
 --- -------- Appointments ------------ --- 
	3/31/2017 at 3:30pm ,Birthday Party, This is my birthday party.
 

	 --- 1/2/2042 --- 
 --- -------- Appointments ------------ --- 


	 --- 1/3/2042 --- 
 --- -------- Appointments ------------ --- 


	 --- 1/4/2042 --- 
 --- -------- Appointments ------------ --- 


	 --- 1/5/2042 --- 
 --- -------- Appointments ------------ --- 


	 --- 1/6/2042 --- 
 --- -------- Appointments ------------ --- 


	 --- 1/7/2042 --- 
 --- -------- Appointments ------------ --- 


	 --- 1/8/2042 --- 
 --- -------- Appointments ------------ --- 


	 --- 1/9/2042 --- 
 --- -------- Appointments ------------ --- 


	 --- 1/10/2042 --- 
 --- -------- Appointments ------------ --- 


	 --- 1/11/2042 --- 
 --- -------- Appointments ------------ --- 


	 --- 1/12/2042 --- 
 --- -------- Appointments ------------ --- 


	 --- 1/13/2042 --- 
 --- -------- Appointments ------------ --- 


	 --- 1/14/2042 --- 
 --- -------- Appointments ------------ --- 


	 --- 1/15/2042 --- 
 --- -------- Appointments ------------ --- 


	 --- 1/16/2042 --- 
 --- -------- Appointments ------------ --- 


	 --- 1/17/2042 --- 
 --- -------- Appointments ------------ --- 


	 --- 1/18/2042 --- 
 --- -------- Appointments ------------ --- 


	 --- 1/19/2042 --- 
 --- -------- Appointments ------------ --- 


	 --- 1/20/2042 --- 
 --- -------- Appointments ------------ --- 


	 --- 1/21/2042 --- 
 --- -------- Appointments ------------ --- 


	 --- 1/22/2042 --- 
 --- -------- Appointments ------------ --- 


	 --- 1/23/2042 --- 
 --- -------- Appointments ------------ --- 


	 --- 1/24/2042 --- 
 --- -------- Appointments ------------ --- 


	 --- 1/25/2042 --- 
 --- -------- Appointments ------------ --- 


	 --- 1/26/2042 --- 
 --- -------- Appointments ------------ --- 


	 --- 1/27/2042 --- 
 --- -------- Appointments ------------ --- 


	 --- 1/28/2042 --- 
 --- -------- Appointments ------------ --- 


	 --- 2/1/2042 --- 
 --- -------- Appointments ------------ --- 
	3/31/2017 at 3:30pm ,Birthday Party, This is my birthday party.
 

	 --- 2/2/2042 --- 
 --- -------- Appointments ------------ --- 


	 --- 2/3/2042 --- 
 --- -------- Appointments ------------ --- 


	 --- 2/4/2042 --- 
 --- -------- Appointments ------------ --- 


	 --- 2/5/2042 --- 
 --- -------- Appointments ------------ --- 


	 --- 2/6/2042 --- 
 --- -------- Appointments ------------ --- 


	 --- 2/7/2042 --- 
 --- -------- Appointments ------------ --- 


	 --- 2/8/2042 --- 
 --- -------- Appointments ------------ --- 


	 --- 2/9/2042 --- 
 --- -------- Appointments ------------ --- 


	 --- 2/10/2042 --- 
 --- -------- Appointments ------------ --- 


	 --- 2/11/2042 --- 
 --- -------- Appointments ------------ --- 


	 --- 2/12/2042 --- 
 --- -------- Appointments ------------ --- 


	 --- 2/13/2042 --- 
 --- -------- Appointments ------------ --- 


	 --- 2/14/2042 --- 
 --- -------- Appointments ------------ --- 


	 --- 2/15/2042 --- 
 --- -------- Appointments ------------ --- 


	 --- 2/16/2042 --- 
 --- -------- Appointments ------------ --- 


	 --- 2/17/2042 --- 
 --- -------- Appointments ------------ --- 


	 --- 2/18/2042 --- 
 --- -------- Appointments ------------ --- 


	 --- 2/19/2042 --- 
 --- -------- Appointments ------------ --- 


	 --- 2/20/2042 --- 
 --- -------- Appointments ------------ --- 


	 --- 2/21/2042 --- 
 --- -------- Appointments ------------ --- 


	 --- 2/22/2042 --- 
 --- -------- Appointments ------------ --- 


	 --- 2/23/2042 --- 
 --- -------- Appointments ------------ --- 


	 --- 2/24/2042 --- 
 --- -------- Appointments ------------ --- 


	 --- 2/25/2042 --- 
 --- -------- Appointments ------------ --- 


	 --- 2/26/2042 --- 
 --- -------- Appointments ------------ --- 
	2/26/2018 at 11:30pm ,Birthday Party, This is my birthday party.
 

	 --- 2/27/2042 --- 
 --- -------- Appointments ------------ --- 


	 --- 2/28/2042 --- 
 --- -------- Appointments ------------ --- 


	 --- 2/29/2042 --- 
 --- -------- Appointments ------------ --- 


	 --- 2/30/2042 --- 
 --- -------- Appointments ------------ --- 


	 --- 2/31/2042 --- 
 --- -------- Appointments ------------ --- 


	 --- 3/1/2042 --- 
 --- -------- Appointments ------------ --- 
	3/31/2017 at 3:30pm ,Birthday Party, This is my birthday party.
 

	 --- 3/2/2042 --- 
 --- -------- Appointments ------------ --- 


	 --- 3/3/2042 --- 
 --- -------- Appointments ------------ --- 


	 --- 3/4/2042 --- 
 --- -------- Appointments ------------ --- 


	 --- 3/5/2042 --- 
 --- -------- Appointments ------------ --- 


	 --- 3/6/2042 --- 
 --- -------- Appointments ------------ --- 


	 --- 3/7/2042 --- 
 --- -------- Appointments ------------ --- 


	 --- 3/8/2042 --- 
 --- -------- Appointments ------------ --- 


	 --- 3/9/2042 --- 
 --- -------- Appointments ------------ --- 


	 --- 3/10/2042 --- 
 --- -------- Appointments ------------ --- 


	 --- 3/11/2042 --- 
 --- -------- Appointments ------------ --- 


	 --- 3/12/2042 --- 
 --- -------- Appointments ------------ --- 


	 --- 3/13/2042 --- 
 --- -------- Appointments ------------ --- 


	 --- 3/14/2042 --- 
 --- -------- Appointments ------------ --- 


	 --- 3/15/2042 --- 
 --- -------- Appointments ------------ --- 


	 --- 3/16/2042 --- 
 --- -------- Appointments ------------ --- 


	 --- 3/17/2042 --- 
 --- -------- Appointments ------------ --- 


	 --- 3/18/2042 --- 
 --- -------- Appointments ------------ --- 


	 --- 3/19/2042 --- 
 --- -------- Appointments ------------ --- 


	 --- 3/20/2042 --- 
 --- -------- Appointments ------------ --- 


	 --- 3/21/2042 --- 
 --- -------- Appointments ------------ --- 


	 --- 3/22/2042 --- 
 --- -------- Appointments ------------ --- 


	 --- 3/23/2042 --- 
 --- -------- Appointments ------------ --- 


	 --- 3/24/2042 --- 
 --- -------- Appointments ------------ --- 


	 --- 3/25/2042 --- 
 --- -------- Appointments ------------ --- 


	 --- 3/26/2042 --- 
 --- -------- Appointments ------------ --- 


	 --- 3/27/2042 --- 
 --- -------- Appointments ------------ --- 


	 --- 3/28/2042 --- 
 --- -------- Appointments ------------ --- 


	 --- 3/29/2042 --- 
 --- -------- Appointments ------------ --- 


	 --- 3/30/2042 --- 
 --- -------- Appointments ------------ --- 


	 --- 4/1/2042 --- 
 --- -------- Appointments ------------ --- 
	3/31/2017 at 3:30pm ,Birthday Party, This is my birthday party.
 

	 --- 4/2/2042 --- 
 --- -------- Appointments ------------ --- 


	 --- 4/3/2042 --- 
 --- -------- Appointments ------------ --- 


	 --- 4/4/2042 --- 
 --- -------- Appointments ------------ --- 


	 --- 4/5/2042 --- 
 --- -------- Appointments ------------ --- 


	 --- 4/6/2042 --- 
 --- -------- Appointments ------------ --- 


	 --- 4/7/2042 --- 
 --- -------- Appointments ------------ --- 


	 --- 4/8/2042 --- 
 --- -------- Appointments ------------ --- 


	 --- 4/9/2042 --- 
 --- -------- Appointments ------------ --- 


	 --- 4/10/2042 --- 
 --- -------- Appointments ------------ --- 


	 --- 4/11/2042 --- 
 --- -------- Appointments ------------ --- 


	 --- 4/12/2042 --- 
 --- -------- Appointments ------------ --- 


	 --- 4/13/2042 --- 
 --- -------- Appointments ------------ --- 


	 --- 4/14/2042 --- 
 --- -------- Appointments ------------ --- 


	 --- 4/15/2042 --- 
 --- -------- Appointments ------------ --- 


	 --- 4/16/2042 --- 
 --- -------- Appointments ------------ --- 


	 --- 4/17/2042 --- 
 --- -------- Appointments ------------ --- 


	 --- 4/18/2042 --- 
 --- -------- Appointments ------------ --- 


	 --- 4/19/2042 --- 
 --- -------- Appointments ------------ --- 


	 --- 4/20/2042 --- 
 --- -------- Appointments ------------ --- 


	 --- 4/21/2042 --- 
 --- -------- Appointments ------------ --- 


	 --- 4/22/2042 --- 
 --- -------- Appointments ------------ --- 


	 --- 4/23/2042 --- 
 --- -------- Appointments ------------ --- 


	 --- 4/24/2042 --- 
 --- -------- Appointments ------------ --- 


	 --- 4/25/2042 --- 
 --- -------- Appointments ------------ --- 


	 --- 4/26/2042 --- 
 --- -------- Appointments ------------ --- 


	 --- 4/27/2042 --- 
 --- -------- Appointments ------------ --- 


	 --- 4/28/2042 --- 
 --- -------- Appointments ------------ --- 


	 --- 4/29/2042 --- 
 --- -------- Appointments ------------ --- 


	 --- 4/30/2042 --- 
 --- -------- Appointments ------------ --- 


	 --- 4/31/2042 --- 
 --- -------- Appointments ------------ --- 


	 --- 5/1/2042 --- 
 --- -------- Appointments ------------ --- 
	3/31/2017 at 3:30pm ,Birthday Party, This is my birthday party.
 

	 --- 5/2/2042 --- 
 --- -------- Appointments ------------ --- 


	 --- 5/3/2042 --- 
 --- -------- Appointments ------------ --- 


	 --- 5/4/2042 --- 
 --- -------- Appointments ------------ --- 


	 --- 5/5/2042 --- 
 --- -------- Appointments ------------ --- 


	 --- 5/6/2042 --- 
 --- -------- Appointments ------------ --- 


	 --- 5/7/2042 --- 
 --- -------- Appointments ------------ --- 


	 --- 5/8/2042 --- 
 --- -------- Appointments ------------ --- 


	 --- 5/9/2042 --- 
 --- -------- Appointments ------------ --- 


	 --- 5/10/2042 --- 
 --- -------- Appointments ------------ --- 


	 --- 5/11/2042 --- 
 --- -------- Appointments ------------ --- 


	 --- 5/12/2042 --- 
 --- -------- Appointments ------------ --- 


	 --- 5/13/2042 --- 
 --- -------- Appointments ------------ --- 


	 --- 5/14/2042 --- 
 --- -------- Appointments ------------ --- 


	 --- 5/15/2042 --- 
 --- -------- Appointments ------------ --- 


	 --- 5/16/2042 --- 
 --- -------- Appointments ------------ --- 


	 --- 5/17/2042 --- 
 --- -------- Appointments ------------ --- 


	 --- 5/18/2042 --- 
 --- -------- Appointments ------------ --- 


	 --- 5/19/2042 --- 
 --- -------- Appointments ------------ --- 


	 --- 5/20/2042 --- 
 --- -------- Appointments ------------ --- 


	 --- 5/21/2042 --- 
 --- -------- Appointments ------------ --- 


	 --- 5/22/2042 --- 
 --- -------- Appointments ------------ --- 


	 --- 5/23/2042 --- 
 --- -------- Appointments ------------ --- 


	 --- 5/24/2042 --- 
 --- -------- Appointments ------------ --- 


	 --- 5/25/2042 --- 
 --- -------- Appointments ------------ --- 


	 --- 5/26/2042 --- 
 --- -------- Appointments ------------ --- 


	 --- 5/27/2042 --- 
 --- -------- Appointments ------------ --- 


	 --- 5/28/2042 --- 
 --- -------- Appointments ------------ --- 


	 --- 5/29/2042 --- 
 --- -------- Appointments ------------ --- 


	 --- 5/30/2042 --- 
 --- -------- Appointments ------------ --- 


	 --- 6/1/2042 --- 
 --- -------- Appointments ------------ --- 
	3/31/2017 at 3:30pm ,Birthday Party, This is my birthday party.
 

	 --- 6/2/2042 --- 
 --- -------- Appointments ------------ --- 


	 --- 6/3/2042 --- 
 --- -------- Appointments ------------ --- 


	 --- 6/4/2042 --- 
 --- -------- Appointments ------------ --- 


	 --- 6/5/2042 --- 
 --- -------- Appointments ------------ --- 


	 --- 6/6/2042 --- 
 --- -------- Appointments ------------ --- 


	 --- 6/7/2042 --- 
 --- -------- Appointments ------------ --- 


	 --- 6/8/2042 --- 
 --- -------- Appointments ------------ --- 


	 --- 6/9/2042 --- 
 --- -------- Appointments ------------ --- 


	 --- 6/10/2042 --- 
 --- -------- Appointments ------------ --- 


	 --- 6/11/2042 --- 
 --- -------- Appointments ------------ --- 


	 --- 6/12/2042 --- 
 --- -------- Appointments ------------ --- 


	 --- 6/13/2042 --- 
 --- -------- Appointments ------------ --- 


	 --- 6/14/2042 --- 
 --- -------- Appointments ------------ --- 


	 --- 6/15/2042 --- 
 --- -------- Appointments ------------ --- 


	 --- 6/16/2042 --- 
 --- -------- Appointments ------------ --- 


	 --- 6/17/2042 --- 
 --- -------- Appointments ------------ --- 


	 --- 6/18/2042 --- 
 --- -------- Appointments ------------ --- 


	 --- 6/19/2042 --- 
 --- -------- Appointments ------------ --- 


	 --- 6/20/2042 --- 
 --- -------- Appointments ------------ --- 


	 --- 6/21/2042 --- 
 --- -------- Appointments ------------ --- 


	 --- 6/22/2042 --- 
 --- -------- Appointments ------------ --- 


	 --- 6/23/2042 --- 
 --- -------- Appointments ------------ --- 


	 --- 6/24/2042 --- 
 --- -------- Appointments ------------ --- 


	 --- 6/25/2042 --- 
 --- -------- Appointments ------------ --- 


	 --- 6/26/2042 --- 
 --- -------- Appointments ------------ --- 


	 --- 6/27/2042 --- 
 --- -------- Appointments ------------ --- 


	 --- 6/28/2042 --- 
 --- -------- Appointments ------------ --- 


	 --- 6/29/2042 --- 
 --- -------- Appointments ------------ --- 


	 --- 6/30/2042 --- 
 --- -------- Appointments ------------ --- 


	 --- 6/31/2042 --- 
 --- -------- Appointments ------------ --- 


	 --- 7/1/2042 --- 
 --- -------- Appointments ------------ --- 
	3/31/2017 at 3:30pm ,Birthday Party, This is my birthday party.
 

	 --- 7/2/2042 --- 
 --- -------- Appointments ------------ --- 


	 --- 7/3/2042 --- 
 --- -------- Appointments ------------ --- 


	 --- 7/4/2042 --- 
 --- -------- Appointments ------------ --- 


	 --- 7/5/2042 --- 
 --- -------- Appointments ------------ --- 


	 --- 7/6/2042 --- 
 --- -------- Appointments ------------ --- 


	 --- 7/7/2042 --- 
 --- -------- Appointments ------------ --- 


	 --- 7/8/2042 --- 
 --- -------- Appointments ------------ --- 


	 --- 7/9/2042 --- 
 --- -------- Appointments ------------ --- 


	 --- 7/10/2042 --- 
 --- -------- Appointments ------------ --- 


	 --- 7/11/2042 --- 
 --- -------- Appointments ------------ --- 


	 --- 7/12/2042 --- 
 --- -------- Appointments ------------ --- 


	 --- 7/13/2042 --- 
 --- -------- Appointments ------------ --- 


	 --- 7/14/2042 --- 
 --- -------- Appointments ------------ --- 


	 --- 7/15/2042 --- 
 --- -------- Appointments ------------ --- 


	 --- 7/16/2042 --- 
 --- -------- Appointments ------------ --- 


	 --- 7/17/2042 --- 
 --- -------- Appointments ------------ --- 


	 --- 7/18/2042 --- 
 --- -------- Appointments ------------ --- 


	 --- 7/19/2042 --- 
 --- -------- Appointments ------------ --- 


	 --- 7/20/2042 --- 
 --- -------- Appointments ------------ --- 


	 --- 7/21/2042 --- 
 --- -------- Appointments ------------ --- 


	 --- 7/22/2042 --- 
 --- -------- Appointments ------------ --- 


	 --- 7/23/2042 --- 
 --- -------- Appointments ------------ --- 


	 --- 7/24/2042 --- 
 --- -------- Appointments ------------ --- 


	 --- 7/25/2042 --- 
 --- -------- Appointments ------------ --- 


	 --- 7/26/2042 --- 
 --- -------- Appointments ------------ --- 


	 --- 7/27/2042 --- 
 --- -------- Appointments ------------ --- 


	 --- 7/28/2042 --- 
 --- -------- Appointments ------------ --- 


	 --- 7/29/2042 --- 
 --- -------- Appointments ------------ --- 


	 --- 7/30/2042 --- 
 --- -------- Appointments ------------ --- 


	 --- 7/31/2042 --- 
 --- -------- Appointments ------------ --- 


	 --- 8/1/2042 --- 
 --- -------- Appointments ------------ --- 
	3/31/2017 at 3:30pm ,Birthday Party, This is my birthday party.
 

	 --- 8/2/2042 --- 
 --- -------- Appointments ------------ --- 


	 --- 8/3/2042 --- 
 --- -------- Appointments ------------ --- 


	 --- 8/4/2042 --- 
 --- -------- Appointments ------------ --- 


	 --- 8/5/2042 --- 
 --- -------- Appointments ------------ --- 


	 --- 8/6/2042 --- 
 --- -------- Appointments ------------ --- 


	 --- 8/7/2042 --- 
 --- -------- Appointments ------------ --- 


	 --- 8/8/2042 --- 
 --- -------- Appointments ------------ --- 


	 --- 8/9/2042 --- 
 --- -------- Appointments ------------ --- 


	 --- 8/10/2042 --- 
 --- -------- Appointments ------------ --- 


	 --- 8/11/2042 --- 
 --- -------- Appointments ------------ --- 


	 --- 8/12/2042 --- 
 --- -------- Appointments ------------ --- 


	 --- 8/13/2042 --- 
 --- -------- Appointments ------------ --- 


	 --- 8/14/2042 --- 
 --- -------- Appointments ------------ --- 


	 --- 8/15/2042 --- 
 --- -------- Appointments ------------ --- 


	 --- 8/16/2042 --- 
 --- -------- Appointments ------------ --- 


	 --- 8/17/2042 --- 
 --- -------- Appointments ------------ --- 


	 --- 8/18/2042 --- 
 --- -------- Appointments ------------ --- 


	 --- 8/19/2042 --- 
 --- -------- Appointments ------------ --- 


	 --- 8/20/2042 --- 
 --- -------- Appointments ------------ --- 


	 --- 8/21/2042 --- 
 --- -------- Appointments ------------ --- 


	 --- 8/22/2042 --- 
 --- -------- Appointments ------------ --- 


	 --- 8/23/2042 --- 
 --- -------- Appointments ------------ --- 


	 --- 8/24/2042 --- 
 --- -------- Appointments ------------ --- 


	 --- 8/25/2042 --- 
 --- -------- Appointments ------------ --- 


	 --- 8/26/2042 --- 
 --- -------- Appointments ------------ --- 


	 --- 8/27/2042 --- 
 --- -------- Appointments ------------ --- 


	 --- 8/28/2042 --- 
 --- -------- Appointments ------------ --- 


	 --- 8/29/2042 --- 
 --- -------- Appointments ------------ --- 


	 --- 8/30/2042 --- 
 --- -------- Appointments ------------ --- 


	 --- 9/1/2042 --- 
 --- -------- Appointments ------------ --- 
	3/31/2017 at 3:30pm ,Birthday Party, This is my birthday party.
 

	 --- 9/2/2042 --- 
 --- -------- Appointments ------------ --- 


	 --- 9/3/2042 --- 
 --- -------- Appointments ------------ --- 


	 --- 9/4/2042 --- 
 --- -------- Appointments ------------ --- 


	 --- 9/5/2042 --- 
 --- -------- Appointments ------------ --- 


	 --- 9/6/2042 --- 
 --- -------- Appointments ------------ --- 


	 --- 9/7/2042 --- 
 --- -------- Appointments ------------ --- 


	 --- 9/8/2042 --- 
 --- -------- Appointments ------------ --- 


	 --- 9/9/2042 --- 
 --- -------- Appointments ------------ --- 


	 --- 9/10/2042 --- 
 --- -------- Appointments ------------ --- 


	 --- 9/11/2042 --- 
 --- -------- Appointments ------------ --- 


	 --- 9/12/2042 --- 
 --- -------- Appointments ------------ --- 


	 --- 9/13/2042 --- 
 --- -------- Appointments ------------ --- 


	 --- 9/14/2042 --- 
 --- -------- Appointments ------------ --- 


	 --- 9/15/2042 --- 
 --- -------- Appointments ------------ --- 


	 --- 9/16/2042 --- 
 --- -------- Appointments ------------ --- 


	 --- 9/17/2042 --- 
 --- -------- Appointments ------------ --- 


	 --- 9/18/2042 --- 
 --- -------- Appointments ------------ --- 


	 --- 9/19/2042 --- 
 --- -------- Appointments ------------ --- 


	 --- 9/20/2042 --- 
 --- -------- Appointments ------------ --- 


	 --- 9/21/2042 --- 
 --- -------- Appointments ------------ --- 


	 --- 9/22/2042 --- 
 --- -------- Appointments ------------ --- 


	 --- 9/23/2042 --- 
 --- -------- Appointments ------------ --- 


	 --- 9/24/2042 --- 
 --- -------- Appointments ------------ --- 


	 --- 9/25/2042 --- 
 --- -------- Appointments ------------ --- 


	 --- 9/26/2042 --- 
 --- -------- Appointments ------------ --- 


	 --- 9/27/2042 --- 
 --- -------- Appointments ------------ --- 


	 --- 9/28/2042 --- 
 --- -------- Appointments ------------ --- 


	 --- 9/29/2042 --- 
 --- -------- Appointments ------------ --- 


	 --- 9/30/2042 --- 
 --- -------- Appointments ------------ --- 


	 --- 9/31/2042 --- 
 --- -------- Appointments ------------ --- 


	 --- 10/1/2042 --- 
 --- -------- Appointments ------------ --- 
	3/31/2017 at 3:30pm ,Birthday Party, This is my birthday party.
 

	 --- 10/2/2042 --- 
 --- -------- Appointments ------------ --- 


	 --- 10/3/2042 --- 
 --- -------- Appointments ------------ --- 


	 --- 10/4/2042 --- 
 --- -------- Appointments ------------ --- 


	 --- 10/5/2042 --- 
 --- -------- Appointments ------------ --- 


	 --- 10/6/2042 --- 
 --- -------- Appointments ------------ --- 


	 --- 10/7/2042 --- 
 --- -------- Appointments ------------ --- 


	 --- 10/8/2042 --- 
 --- -------- Appointments ------------ --- 


	 --- 10/9/2042 --- 
 --- -------- Appointments ------------ --- 


	 --- 10/10/2042 --- 
 --- -------- Appointments ------------ --- 


	 --- 10/11/2042 --- 
 --- -------- Appointments ------------ --- 


	 --- 10/12/2042 --- 
 --- -------- Appointments ------------ --- 


	 --- 10/13/2042 --- 
 --- -------- Appointments ------------ --- 


	 --- 10/14/2042 --- 
 --- -------- Appointments ------------ --- 


	 --- 10/15/2042 --- 
 --- -------- Appointments ------------ --- 


	 --- 10/16/2042 --- 
 --- -------- Appointments ------------ --- 


	 --- 10/17/2042 --- 
 --- -------- Appointments ------------ --- 


	 --- 10/18/2042 --- 
 --- -------- Appointments ------------ --- 


	 --- 10/19/2042 --- 
 --- -------- Appointments ------------ --- 


	 --- 10/20/2042 --- 
 --- -------- Appointments ------------ --- 


	 --- 10/21/2042 --- 
 --- -------- Appointments ------------ --- 


	 --- 10/22/2042 --- 
 --- -------- Appointments ------------ --- 


	 --- 10/23/2042 --- 
 --- -------- Appointments ------------ --- 


	 --- 10/24/2042 --- 
 --- -------- Appointments ------------ --- 


	 --- 10/25/2042 --- 
 --- -------- Appointments ------------ --- 


	 --- 10/26/2042 --- 
 --- -------- Appointments ------------ --- 


	 --- 10/27/2042 --- 
 --- -------- Appointments ------------ --- 


	 --- 10/28/2042 --- 
 --- -------- Appointments ------------ --- 


	 --- 10/29/2042 --- 
 --- -------- Appointments ------------ --- 


	 --- 10/30/2042 --- 
 --- -------- Appointments ------------ --- 


	 --- 11/1/2042 --- 
 --- -------- Appointments ------------ --- 
	3/31/2017 at 3:30pm ,Birthday Party, This is my birthday party.
 

	 --- 11/2/2042 --- 
 --- -------- Appointments ------------ --- 


	 --- 11/3/2042 --- 
 --- -------- Appointments ------------ --- 


	 --- 11/4/2042 --- 
 --- -------- Appointments ------------ --- 


	 --- 11/5/2042 --- 
 --- -------- Appointments ------------ --- 


	 --- 11/6/2042 --- 
 --- -------- Appointments ------------ --- 


	 --- 11/7/2042 --- 
 --- -------- Appointments ------------ --- 


	 --- 11/8/2042 --- 
 --- -------- Appointments ------------ --- 


	 --- 11/9/2042 --- 
 --- -------- Appointments ------------ --- 


	 --- 11/10/2042 --- 
 --- -------- Appointments ------------ --- 


	 --- 11/11/2042 --- 
 --- -------- Appointments ------------ --- 


	 --- 11/12/2042 --- 
 --- -------- Appointments ------------ --- 


	 --- 11/13/2042 --- 
 --- -------- Appointments ------------ --- 


	 --- 11/14/2042 --- 
 --- -------- Appointments ------------ --- 


	 --- 11/15/2042 --- 
 --- -------- Appointments ------------ --- 


	 --- 11/16/2042 --- 
 --- -------- Appointments ------------ --- 


	 --- 11/17/2042 --- 
 --- -------- Appointments ------------ --- 


	 --- 11/18/2042 --- 
 --- -------- Appointments ------------ --- 


	 --- 11/19/2042 --- 
 --- -------- Appointments ------------ --- 


	 --- 11/20/2042 --- 
 --- -------- Appointments ------------ --- 


	 --- 11/21/2042 --- 
 --- -------- Appointments ------------ --- 


	 --- 11/22/2042 --- 
 --- -------- Appointments ------------ --- 


	 --- 11/23/2042 --- 
 --- -------- Appointments ------------ --- 


	 --- 11/24/2042 --- 
 --- -------- Appointments ------------ --- 


	 --- 11/25/2042 --- 
 --- -------- Appointments ------------ --- 


	 --- 11/26/2042 --- 
 --- -------- Appointments ------------ --- 


	 --- 11/27/2042 --- 
 --- -------- Appointments ------------ --- 


	 --- 11/28/2042 --- 
 --- -------- Appointments ------------ --- 


	 --- 11/29/2042 --- 
 --- -------- Appointments ------------ --- 


	 --- 11/30/2042 --- 
 --- -------- Appointments ------------ --- 


	 --- 11/31/2042 --- 
 --- -------- Appointments ------------ --- 


	 --- 0/1/2043 --- 
 --- -------- Appointments ------------ --- 
	3/31/2017 at 3:30pm ,Birthday Party, This is my birthday party.
 

	 --- 0/2/2043 --- 
 --- -------- Appointments ------------ --- 


	 --- 0/3/2043 --- 
 --- -------- Appointments ------------ --- 


	 --- 0/4/2043 --- 
 --- -------- Appointments ------------ --- 


	 --- 0/5/2043 --- 
 --- -------- Appointments ------------ --- 


	 --- 0/6/2043 --- 
 --- -------- Appointments ------------ --- 


	 --- 0/7/2043 --- 
 --- -------- Appointments ------------ --- 


	 --- 0/8/2043 --- 
 --- -------- Appointments ------------ --- 


	 --- 0/9/2043 --- 
 --- -------- Appointments ------------ --- 


	 --- 0/10/2043 --- 
 --- -------- Appointments ------------ --- 


	 --- 0/11/2043 --- 
 --- -------- Appointments ------------ --- 


	 --- 0/12/2043 --- 
 --- -------- Appointments ------------ --- 


	 --- 0/13/2043 --- 
 --- -------- Appointments ------------ --- 


	 --- 0/14/2043 --- 
 --- -------- Appointments ------------ --- 


	 --- 0/15/2043 --- 
 --- -------- Appointments ------------ --- 


	 --- 0/16/2043 --- 
 --- -------- Appointments ------------ --- 


	 --- 0/17/2043 --- 
 --- -------- Appointments ------------ --- 


	 --- 0/18/2043 --- 
 --- -------- Appointments ------------ --- 


	 --- 0/19/2043 --- 
 --- -------- Appointments ------------ --- 


	 --- 0/20/2043 --- 
 --- -------- Appointments ------------ --- 


	 --- 0/21/2043 --- 
 --- -------- Appointments ------------ --- 


	 --- 0/22/2043 --- 
 --- -------- Appointments ------------ --- 


	 --- 0/23/2043 --- 
 --- -------- Appointments ------------ --- 


	 --- 0/24/2043 --- 
 --- -------- Appointments ------------ --- 


	 --- 0/25/2043 --- 
 --- -------- Appointments ------------ --- 


	 --- 0/26/2043 --- 
 --- -------- Appointments ------------ --- 


	 --- 0/27/2043 --- 
 --- -------- Appointments ------------ --- 


	 --- 0/28/2043 --- 
 --- -------- Appointments ------------ --- 


	 --- 0/29/2043 --- 
 --- -------- Appointments ------------ --- 


	 --- 0/30/2043 --- 
 --- -------- Appointments ------------ --- 


	 --- 0/31/2043 --- 
 --- -------- Appointments ------------ --- 


	 --- 1/1/2043 --- 
 --- -------- Appointments ------------ --- 
	3/31/2017 at 3:30pm ,Birthday Party, This is my birthday party.
 

	 --- 1/2/2043 --- 
 --- -------- Appointments ------------ --- 


	 --- 1/3/2043 --- 
 --- -------- Appointments ------------ --- 


	 --- 1/4/2043 --- 
 --- -------- Appointments ------------ --- 


	 --- 1/5/2043 --- 
 --- -------- Appointments ------------ --- 


	 --- 1/6/2043 --- 
 --- -------- Appointments ------------ --- 


	 --- 1/7/2043 --- 
 --- -------- Appointments ------------ --- 


	 --- 1/8/2043 --- 
 --- -------- Appointments ------------ --- 


	 --- 1/9/2043 --- 
 --- -------- Appointments ------------ --- 


	 --- 1/10/2043 --- 
 --- -------- Appointments ------------ --- 


	 --- 1/11/2043 --- 
 --- -------- Appointments ------------ --- 


	 --- 1/12/2043 --- 
 --- -------- Appointments ------------ --- 


	 --- 1/13/2043 --- 
 --- -------- Appointments ------------ --- 


	 --- 1/14/2043 --- 
 --- -------- Appointments ------------ --- 


	 --- 1/15/2043 --- 
 --- -------- Appointments ------------ --- 


	 --- 1/16/2043 --- 
 --- -------- Appointments ------------ --- 


	 --- 1/17/2043 --- 
 --- -------- Appointments ------------ --- 


	 --- 1/18/2043 --- 
 --- -------- Appointments ------------ --- 


	 --- 1/19/2043 --- 
 --- -------- Appointments ------------ --- 


	 --- 1/20/2043 --- 
 --- -------- Appointments ------------ --- 


	 --- 1/21/2043 --- 
 --- -------- Appointments ------------ --- 


	 --- 1/22/2043 --- 
 --- -------- Appointments ------------ --- 


	 --- 1/23/2043 --- 
 --- -------- Appointments ------------ --- 


	 --- 1/24/2043 --- 
 --- -------- Appointments ------------ --- 


	 --- 1/25/2043 --- 
 --- -------- Appointments ------------ --- 


	 --- 1/26/2043 --- 
 --- -------- Appointments ------------ --- 


	 --- 1/27/2043 --- 
 --- -------- Appointments ------------ --- 


	 --- 1/28/2043 --- 
 --- -------- Appointments ------------ --- 


	 --- 2/1/2043 --- 
 --- -------- Appointments ------------ --- 
	3/31/2017 at 3:30pm ,Birthday Party, This is my birthday party.
 

	 --- 2/2/2043 --- 
 --- -------- Appointments ------------ --- 


	 --- 2/3/2043 --- 
 --- -------- Appointments ------------ --- 


	 --- 2/4/2043 --- 
 --- -------- Appointments ------------ --- 


	 --- 2/5/2043 --- 
 --- -------- Appointments ------------ --- 


	 --- 2/6/2043 --- 
 --- -------- Appointments ------------ --- 


	 --- 2/7/2043 --- 
 --- -------- Appointments ------------ --- 


	 --- 2/8/2043 --- 
 --- -------- Appointments ------------ --- 


	 --- 2/9/2043 --- 
 --- -------- Appointments ------------ --- 


	 --- 2/10/2043 --- 
 --- -------- Appointments ------------ --- 


	 --- 2/11/2043 --- 
 --- -------- Appointments ------------ --- 


	 --- 2/12/2043 --- 
 --- -------- Appointments ------------ --- 


	 --- 2/13/2043 --- 
 --- -------- Appointments ------------ --- 


	 --- 2/14/2043 --- 
 --- -------- Appointments ------------ --- 


	 --- 2/15/2043 --- 
 --- -------- Appointments ------------ --- 


	 --- 2/16/2043 --- 
 --- -------- Appointments ------------ --- 


	 --- 2/17/2043 --- 
 --- -------- Appointments ------------ --- 


	 --- 2/18/2043 --- 
 --- -------- Appointments ------------ --- 


	 --- 2/19/2043 --- 
 --- -------- Appointments ------------ --- 


	 --- 2/20/2043 --- 
 --- -------- Appointments ------------ --- 


	 --- 2/21/2043 --- 
 --- -------- Appointments ------------ --- 


	 --- 2/22/2043 --- 
 --- -------- Appointments ------------ --- 


	 --- 2/23/2043 --- 
 --- -------- Appointments ------------ --- 


	 --- 2/24/2043 --- 
 --- -------- Appointments ------------ --- 


	 --- 2/25/2043 --- 
 --- -------- Appointments ------------ --- 


	 --- 2/26/2043 --- 
 --- -------- Appointments ------------ --- 
	2/26/2018 at 11:30pm ,Birthday Party, This is my birthday party.
 

	 --- 2/27/2043 --- 
 --- -------- Appointments ------------ --- 


	 --- 2/28/2043 --- 
 --- -------- Appointments ------------ --- 


	 --- 2/29/2043 --- 
 --- -------- Appointments ------------ --- 


	 --- 2/30/2043 --- 
 --- -------- Appointments ------------ --- 


	 --- 2/31/2043 --- 
 --- -------- Appointments ------------ --- 


	 --- 3/1/2043 --- 
 --- -------- Appointments ------------ --- 
	3/31/2017 at 3:30pm ,Birthday Party, This is my birthday party.
 

	 --- 3/2/2043 --- 
 --- -------- Appointments ------------ --- 


	 --- 3/3/2043 --- 
 --- -------- Appointments ------------ --- 


	 --- 3/4/2043 --- 
 --- -------- Appointments ------------ --- 


	 --- 3/5/2043 --- 
 --- -------- Appointments ------------ --- 


	 --- 3/6/2043 --- 
 --- -------- Appointments ------------ --- 


	 --- 3/7/2043 --- 
 --- -------- Appointments ------------ --- 


	 --- 3/8/2043 --- 
 --- -------- Appointments ------------ --- 


	 --- 3/9/2043 --- 
 --- -------- Appointments ------------ --- 


	 --- 3/10/2043 --- 
 --- -------- Appointments ------------ --- 


	 --- 3/11/2043 --- 
 --- -------- Appointments ------------ --- 


	 --- 3/12/2043 --- 
 --- -------- Appointments ------------ --- 


	 --- 3/13/2043 --- 
 --- -------- Appointments ------------ --- 


	 --- 3/14/2043 --- 
 --- -------- Appointments ------------ --- 


	 --- 3/15/2043 --- 
 --- -------- Appointments ------------ --- 


	 --- 3/16/2043 --- 
 --- -------- Appointments ------------ --- 


	 --- 3/17/2043 --- 
 --- -------- Appointments ------------ --- 


	 --- 3/18/2043 --- 
 --- -------- Appointments ------------ --- 


	 --- 3/19/2043 --- 
 --- -------- Appointments ------------ --- 


	 --- 3/20/2043 --- 
 --- -------- Appointments ------------ --- 


	 --- 3/21/2043 --- 
 --- -------- Appointments ------------ --- 


	 --- 3/22/2043 --- 
 --- -------- Appointments ------------ --- 


	 --- 3/23/2043 --- 
 --- -------- Appointments ------------ --- 


	 --- 3/24/2043 --- 
 --- -------- Appointments ------------ --- 


	 --- 3/25/2043 --- 
 --- -------- Appointments ------------ --- 


	 --- 3/26/2043 --- 
 --- -------- Appointments ------------ --- 


	 --- 3/27/2043 --- 
 --- -------- Appointments ------------ --- 


	 --- 3/28/2043 --- 
 --- -------- Appointments ------------ --- 


	 --- 3/29/2043 --- 
 --- -------- Appointments ------------ --- 


	 --- 3/30/2043 --- 
 --- -------- Appointments ------------ --- 


	 --- 4/1/2043 --- 
 --- -------- Appointments ------------ --- 
	3/31/2017 at 3:30pm ,Birthday Party, This is my birthday party.
 

	 --- 4/2/2043 --- 
 --- -------- Appointments ------------ --- 


	 --- 4/3/2043 --- 
 --- -------- Appointments ------------ --- 


	 --- 4/4/2043 --- 
 --- -------- Appointments ------------ --- 


	 --- 4/5/2043 --- 
 --- -------- Appointments ------------ --- 


	 --- 4/6/2043 --- 
 --- -------- Appointments ------------ --- 


	 --- 4/7/2043 --- 
 --- -------- Appointments ------------ --- 


	 --- 4/8/2043 --- 
 --- -------- Appointments ------------ --- 


	 --- 4/9/2043 --- 
 --- -------- Appointments ------------ --- 


	 --- 4/10/2043 --- 
 --- -------- Appointments ------------ --- 


	 --- 4/11/2043 --- 
 --- -------- Appointments ------------ --- 


	 --- 4/12/2043 --- 
 --- -------- Appointments ------------ --- 


	 --- 4/13/2043 --- 
 --- -------- Appointments ------------ --- 


	 --- 4/14/2043 --- 
 --- -------- Appointments ------------ --- 


	 --- 4/15/2043 --- 
 --- -------- Appointments ------------ --- 


	 --- 4/16/2043 --- 
 --- -------- Appointments ------------ --- 


	 --- 4/17/2043 --- 
 --- -------- Appointments ------------ --- 


	 --- 4/18/2043 --- 
 --- -------- Appointments ------------ --- 


	 --- 4/19/2043 --- 
 --- -------- Appointments ------------ --- 


	 --- 4/20/2043 --- 
 --- -------- Appointments ------------ --- 


	 --- 4/21/2043 --- 
 --- -------- Appointments ------------ --- 


	 --- 4/22/2043 --- 
 --- -------- Appointments ------------ --- 


	 --- 4/23/2043 --- 
 --- -------- Appointments ------------ --- 


	 --- 4/24/2043 --- 
 --- -------- Appointments ------------ --- 


	 --- 4/25/2043 --- 
 --- -------- Appointments ------------ --- 


	 --- 4/26/2043 --- 
 --- -------- Appointments ------------ --- 


	 --- 4/27/2043 --- 
 --- -------- Appointments ------------ --- 


	 --- 4/28/2043 --- 
 --- -------- Appointments ------------ --- 


	 --- 4/29/2043 --- 
 --- -------- Appointments ------------ --- 


	 --- 4/30/2043 --- 
 --- -------- Appointments ------------ --- 


	 --- 4/31/2043 --- 
 --- -------- Appointments ------------ --- 


	 --- 5/1/2043 --- 
 --- -------- Appointments ------------ --- 
	3/31/2017 at 3:30pm ,Birthday Party, This is my birthday party.
 

	 --- 5/2/2043 --- 
 --- -------- Appointments ------------ --- 


	 --- 5/3/2043 --- 
 --- -------- Appointments ------------ --- 


	 --- 5/4/2043 --- 
 --- -------- Appointments ------------ --- 


	 --- 5/5/2043 --- 
 --- -------- Appointments ------------ --- 


	 --- 5/6/2043 --- 
 --- -------- Appointments ------------ --- 


	 --- 5/7/2043 --- 
 --- -------- Appointments ------------ --- 


	 --- 5/8/2043 --- 
 --- -------- Appointments ------------ --- 


	 --- 5/9/2043 --- 
 --- -------- Appointments ------------ --- 


	 --- 5/10/2043 --- 
 --- -------- Appointments ------------ --- 


	 --- 5/11/2043 --- 
 --- -------- Appointments ------------ --- 


	 --- 5/12/2043 --- 
 --- -------- Appointments ------------ --- 


	 --- 5/13/2043 --- 
 --- -------- Appointments ------------ --- 


	 --- 5/14/2043 --- 
 --- -------- Appointments ------------ --- 


	 --- 5/15/2043 --- 
 --- -------- Appointments ------------ --- 


	 --- 5/16/2043 --- 
 --- -------- Appointments ------------ --- 


	 --- 5/17/2043 --- 
 --- -------- Appointments ------------ --- 


	 --- 5/18/2043 --- 
 --- -------- Appointments ------------ --- 


	 --- 5/19/2043 --- 
 --- -------- Appointments ------------ --- 


	 --- 5/20/2043 --- 
 --- -------- Appointments ------------ --- 


	 --- 5/21/2043 --- 
 --- -------- Appointments ------------ --- 


	 --- 5/22/2043 --- 
 --- -------- Appointments ------------ --- 


	 --- 5/23/2043 --- 
 --- -------- Appointments ------------ --- 


	 --- 5/24/2043 --- 
 --- -------- Appointments ------------ --- 


	 --- 5/25/2043 --- 
 --- -------- Appointments ------------ --- 


	 --- 5/26/2043 --- 
 --- -------- Appointments ------------ --- 


	 --- 5/27/2043 --- 
 --- -------- Appointments ------------ --- 


	 --- 5/28/2043 --- 
 --- -------- Appointments ------------ --- 


	 --- 5/29/2043 --- 
 --- -------- Appointments ------------ --- 


	 --- 5/30/2043 --- 
 --- -------- Appointments ------------ --- 


	 --- 6/1/2043 --- 
 --- -------- Appointments ------------ --- 
	3/31/2017 at 3:30pm ,Birthday Party, This is my birthday party.
 

	 --- 6/2/2043 --- 
 --- -------- Appointments ------------ --- 


	 --- 6/3/2043 --- 
 --- -------- Appointments ------------ --- 


	 --- 6/4/2043 --- 
 --- -------- Appointments ------------ --- 


	 --- 6/5/2043 --- 
 --- -------- Appointments ------------ --- 


	 --- 6/6/2043 --- 
 --- -------- Appointments ------------ --- 


	 --- 6/7/2043 --- 
 --- -------- Appointments ------------ --- 


	 --- 6/8/2043 --- 
 --- -------- Appointments ------------ --- 


	 --- 6/9/2043 --- 
 --- -------- Appointments ------------ --- 


	 --- 6/10/2043 --- 
 --- -------- Appointments ------------ --- 


	 --- 6/11/2043 --- 
 --- -------- Appointments ------------ --- 


	 --- 6/12/2043 --- 
 --- -------- Appointments ------------ --- 


	 --- 6/13/2043 --- 
 --- -------- Appointments ------------ --- 


	 --- 6/14/2043 --- 
 --- -------- Appointments ------------ --- 


	 --- 6/15/2043 --- 
 --- -------- Appointments ------------ --- 


	 --- 6/16/2043 --- 
 --- -------- Appointments ------------ --- 


	 --- 6/17/2043 --- 
 --- -------- Appointments ------------ --- 


	 --- 6/18/2043 --- 
 --- -------- Appointments ------------ --- 


	 --- 6/19/2043 --- 
 --- -------- Appointments ------------ --- 


	 --- 6/20/2043 --- 
 --- -------- Appointments ------------ --- 


	 --- 6/21/2043 --- 
 --- -------- Appointments ------------ --- 


	 --- 6/22/2043 --- 
 --- -------- Appointments ------------ --- 


	 --- 6/23/2043 --- 
 --- -------- Appointments ------------ --- 


	 --- 6/24/2043 --- 
 --- -------- Appointments ------------ --- 


	 --- 6/25/2043 --- 
 --- -------- Appointments ------------ --- 


	 --- 6/26/2043 --- 
 --- -------- Appointments ------------ --- 


	 --- 6/27/2043 --- 
 --- -------- Appointments ------------ --- 


	 --- 6/28/2043 --- 
 --- -------- Appointments ------------ --- 


	 --- 6/29/2043 --- 
 --- -------- Appointments ------------ --- 


	 --- 6/30/2043 --- 
 --- -------- Appointments ------------ --- 


	 --- 6/31/2043 --- 
 --- -------- Appointments ------------ --- 


	 --- 7/1/2043 --- 
 --- -------- Appointments ------------ --- 
	3/31/2017 at 3:30pm ,Birthday Party, This is my birthday party.
 

	 --- 7/2/2043 --- 
 --- -------- Appointments ------------ --- 


	 --- 7/3/2043 --- 
 --- -------- Appointments ------------ --- 


	 --- 7/4/2043 --- 
 --- -------- Appointments ------------ --- 


	 --- 7/5/2043 --- 
 --- -------- Appointments ------------ --- 


	 --- 7/6/2043 --- 
 --- -------- Appointments ------------ --- 


	 --- 7/7/2043 --- 
 --- -------- Appointments ------------ --- 


	 --- 7/8/2043 --- 
 --- -------- Appointments ------------ --- 


	 --- 7/9/2043 --- 
 --- -------- Appointments ------------ --- 


	 --- 7/10/2043 --- 
 --- -------- Appointments ------------ --- 


	 --- 7/11/2043 --- 
 --- -------- Appointments ------------ --- 


	 --- 7/12/2043 --- 
 --- -------- Appointments ------------ --- 


	 --- 7/13/2043 --- 
 --- -------- Appointments ------------ --- 


	 --- 7/14/2043 --- 
 --- -------- Appointments ------------ --- 


	 --- 7/15/2043 --- 
 --- -------- Appointments ------------ --- 


	 --- 7/16/2043 --- 
 --- -------- Appointments ------------ --- 


	 --- 7/17/2043 --- 
 --- -------- Appointments ------------ --- 


	 --- 7/18/2043 --- 
 --- -------- Appointments ------------ --- 


	 --- 7/19/2043 --- 
 --- -------- Appointments ------------ --- 


	 --- 7/20/2043 --- 
 --- -------- Appointments ------------ --- 


	 --- 7/21/2043 --- 
 --- -------- Appointments ------------ --- 


	 --- 7/22/2043 --- 
 --- -------- Appointments ------------ --- 


	 --- 7/23/2043 --- 
 --- -------- Appointments ------------ --- 


	 --- 7/24/2043 --- 
 --- -------- Appointments ------------ --- 


	 --- 7/25/2043 --- 
 --- -------- Appointments ------------ --- 


	 --- 7/26/2043 --- 
 --- -------- Appointments ------------ --- 


	 --- 7/27/2043 --- 
 --- -------- Appointments ------------ --- 


	 --- 7/28/2043 --- 
 --- -------- Appointments ------------ --- 


	 --- 7/29/2043 --- 
 --- -------- Appointments ------------ --- 


	 --- 7/30/2043 --- 
 --- -------- Appointments ------------ --- 


	 --- 7/31/2043 --- 
 --- -------- Appointments ------------ --- 


	 --- 8/1/2043 --- 
 --- -------- Appointments ------------ --- 
	3/31/2017 at 3:30pm ,Birthday Party, This is my birthday party.
 

	 --- 8/2/2043 --- 
 --- -------- Appointments ------------ --- 


	 --- 8/3/2043 --- 
 --- -------- Appointments ------------ --- 


	 --- 8/4/2043 --- 
 --- -------- Appointments ------------ --- 


	 --- 8/5/2043 --- 
 --- -------- Appointments ------------ --- 


	 --- 8/6/2043 --- 
 --- -------- Appointments ------------ --- 


	 --- 8/7/2043 --- 
 --- -------- Appointments ------------ --- 


	 --- 8/8/2043 --- 
 --- -------- Appointments ------------ --- 


	 --- 8/9/2043 --- 
 --- -------- Appointments ------------ --- 


	 --- 8/10/2043 --- 
 --- -------- Appointments ------------ --- 


	 --- 8/11/2043 --- 
 --- -------- Appointments ------------ --- 


	 --- 8/12/2043 --- 
 --- -------- Appointments ------------ --- 


	 --- 8/13/2043 --- 
 --- -------- Appointments ------------ --- 


	 --- 8/14/2043 --- 
 --- -------- Appointments ------------ --- 


	 --- 8/15/2043 --- 
 --- -------- Appointments ------------ --- 


	 --- 8/16/2043 --- 
 --- -------- Appointments ------------ --- 


	 --- 8/17/2043 --- 
 --- -------- Appointments ------------ --- 


	 --- 8/18/2043 --- 
 --- -------- Appointments ------------ --- 


	 --- 8/19/2043 --- 
 --- -------- Appointments ------------ --- 


	 --- 8/20/2043 --- 
 --- -------- Appointments ------------ --- 


	 --- 8/21/2043 --- 
 --- -------- Appointments ------------ --- 


	 --- 8/22/2043 --- 
 --- -------- Appointments ------------ --- 


	 --- 8/23/2043 --- 
 --- -------- Appointments ------------ --- 


	 --- 8/24/2043 --- 
 --- -------- Appointments ------------ --- 


	 --- 8/25/2043 --- 
 --- -------- Appointments ------------ --- 


	 --- 8/26/2043 --- 
 --- -------- Appointments ------------ --- 


	 --- 8/27/2043 --- 
 --- -------- Appointments ------------ --- 


	 --- 8/28/2043 --- 
 --- -------- Appointments ------------ --- 


	 --- 8/29/2043 --- 
 --- -------- Appointments ------------ --- 


	 --- 8/30/2043 --- 
 --- -------- Appointments ------------ --- 


	 --- 9/1/2043 --- 
 --- -------- Appointments ------------ --- 
	3/31/2017 at 3:30pm ,Birthday Party, This is my birthday party.
 

	 --- 9/2/2043 --- 
 --- -------- Appointments ------------ --- 


	 --- 9/3/2043 --- 
 --- -------- Appointments ------------ --- 


	 --- 9/4/2043 --- 
 --- -------- Appointments ------------ --- 


	 --- 9/5/2043 --- 
 --- -------- Appointments ------------ --- 


	 --- 9/6/2043 --- 
 --- -------- Appointments ------------ --- 


	 --- 9/7/2043 --- 
 --- -------- Appointments ------------ --- 


	 --- 9/8/2043 --- 
 --- -------- Appointments ------------ --- 


	 --- 9/9/2043 --- 
 --- -------- Appointments ------------ --- 


	 --- 9/10/2043 --- 
 --- -------- Appointments ------------ --- 


	 --- 9/11/2043 --- 
 --- -------- Appointments ------------ --- 


	 --- 9/12/2043 --- 
 --- -------- Appointments ------------ --- 


	 --- 9/13/2043 --- 
 --- -------- Appointments ------------ --- 


	 --- 9/14/2043 --- 
 --- -------- Appointments ------------ --- 


	 --- 9/15/2043 --- 
 --- -------- Appointments ------------ --- 


	 --- 9/16/2043 --- 
 --- -------- Appointments ------------ --- 


	 --- 9/17/2043 --- 
 --- -------- Appointments ------------ --- 


	 --- 9/18/2043 --- 
 --- -------- Appointments ------------ --- 


	 --- 9/19/2043 --- 
 --- -------- Appointments ------------ --- 


	 --- 9/20/2043 --- 
 --- -------- Appointments ------------ --- 


	 --- 9/21/2043 --- 
 --- -------- Appointments ------------ --- 


	 --- 9/22/2043 --- 
 --- -------- Appointments ------------ --- 


	 --- 9/23/2043 --- 
 --- -------- Appointments ------------ --- 


	 --- 9/24/2043 --- 
 --- -------- Appointments ------------ --- 


	 --- 9/25/2043 --- 
 --- -------- Appointments ------------ --- 


	 --- 9/26/2043 --- 
 --- -------- Appointments ------------ --- 


	 --- 9/27/2043 --- 
 --- -------- Appointments ------------ --- 


	 --- 9/28/2043 --- 
 --- -------- Appointments ------------ --- 


	 --- 9/29/2043 --- 
 --- -------- Appointments ------------ --- 


	 --- 9/30/2043 --- 
 --- -------- Appointments ------------ --- 


	 --- 9/31/2043 --- 
 --- -------- Appointments ------------ --- 


	 --- 10/1/2043 --- 
 --- -------- Appointments ------------ --- 
	3/31/2017 at 3:30pm ,Birthday Party, This is my birthday party.
 

	 --- 10/2/2043 --- 
 --- -------- Appointments ------------ --- 


	 --- 10/3/2043 --- 
 --- -------- Appointments ------------ --- 


	 --- 10/4/2043 --- 
 --- -------- Appointments ------------ --- 


	 --- 10/5/2043 --- 
 --- -------- Appointments ------------ --- 


	 --- 10/6/2043 --- 
 --- -------- Appointments ------------ --- 


	 --- 10/7/2043 --- 
 --- -------- Appointments ------------ --- 


	 --- 10/8/2043 --- 
 --- -------- Appointments ------------ --- 


	 --- 10/9/2043 --- 
 --- -------- Appointments ------------ --- 


	 --- 10/10/2043 --- 
 --- -------- Appointments ------------ --- 


	 --- 10/11/2043 --- 
 --- -------- Appointments ------------ --- 


	 --- 10/12/2043 --- 
 --- -------- Appointments ------------ --- 


	 --- 10/13/2043 --- 
 --- -------- Appointments ------------ --- 


	 --- 10/14/2043 --- 
 --- -------- Appointments ------------ --- 


	 --- 10/15/2043 --- 
 --- -------- Appointments ------------ --- 


	 --- 10/16/2043 --- 
 --- -------- Appointments ------------ --- 


	 --- 10/17/2043 --- 
 --- -------- Appointments ------------ --- 


	 --- 10/18/2043 --- 
 --- -------- Appointments ------------ --- 


	 --- 10/19/2043 --- 
 --- -------- Appointments ------------ --- 


	 --- 10/20/2043 --- 
 --- -------- Appointments ------------ --- 


	 --- 10/21/2043 --- 
 --- -------- Appointments ------------ --- 


	 --- 10/22/2043 --- 
 --- -------- Appointments ------------ --- 


	 --- 10/23/2043 --- 
 --- -------- Appointments ------------ --- 


	 --- 10/24/2043 --- 
 --- -------- Appointments ------------ --- 


	 --- 10/25/2043 --- 
 --- -------- Appointments ------------ --- 


	 --- 10/26/2043 --- 
 --- -------- Appointments ------------ --- 


	 --- 10/27/2043 --- 
 --- -------- Appointments ------------ --- 


	 --- 10/28/2043 --- 
 --- -------- Appointments ------------ --- 


	 --- 10/29/2043 --- 
 --- -------- Appointments ------------ --- 


	 --- 10/30/2043 --- 
 --- -------- Appointments ------------ --- 


	 --- 11/1/2043 --- 
 --- -------- Appointments ------------ --- 
	3/31/2017 at 3:30pm ,Birthday Party, This is my birthday party.
 

	 --- 11/2/2043 --- 
 --- -------- Appointments ------------ --- 


	 --- 11/3/2043 --- 
 --- -------- Appointments ------------ --- 


	 --- 11/4/2043 --- 
 --- -------- Appointments ------------ --- 


	 --- 11/5/2043 --- 
 --- -------- Appointments ------------ --- 


	 --- 11/6/2043 --- 
 --- -------- Appointments ------------ --- 


	 --- 11/7/2043 --- 
 --- -------- Appointments ------------ --- 


	 --- 11/8/2043 --- 
 --- -------- Appointments ------------ --- 


	 --- 11/9/2043 --- 
 --- -------- Appointments ------------ --- 


	 --- 11/10/2043 --- 
 --- -------- Appointments ------------ --- 


	 --- 11/11/2043 --- 
 --- -------- Appointments ------------ --- 


	 --- 11/12/2043 --- 
 --- -------- Appointments ------------ --- 


	 --- 11/13/2043 --- 
 --- -------- Appointments ------------ --- 


	 --- 11/14/2043 --- 
 --- -------- Appointments ------------ --- 


	 --- 11/15/2043 --- 
 --- -------- Appointments ------------ --- 


	 --- 11/16/2043 --- 
 --- -------- Appointments ------------ --- 


	 --- 11/17/2043 --- 
 --- -------- Appointments ------------ --- 


	 --- 11/18/2043 --- 
 --- -------- Appointments ------------ --- 


	 --- 11/19/2043 --- 
 --- -------- Appointments ------------ --- 


	 --- 11/20/2043 --- 
 --- -------- Appointments ------------ --- 


	 --- 11/21/2043 --- 
 --- -------- Appointments ------------ --- 


	 --- 11/22/2043 --- 
 --- -------- Appointments ------------ --- 


	 --- 11/23/2043 --- 
 --- -------- Appointments ------------ --- 


	 --- 11/24/2043 --- 
 --- -------- Appointments ------------ --- 


	 --- 11/25/2043 --- 
 --- -------- Appointments ------------ --- 


	 --- 11/26/2043 --- 
 --- -------- Appointments ------------ --- 


	 --- 11/27/2043 --- 
 --- -------- Appointments ------------ --- 


	 --- 11/28/2043 --- 
 --- -------- Appointments ------------ --- 


	 --- 11/29/2043 --- 
 --- -------- Appointments ------------ --- 


	 --- 11/30/2043 --- 
 --- -------- Appointments ------------ --- 


	 --- 11/31/2043 --- 
 --- -------- Appointments ------------ --- 


	 --- 0/1/2044 --- 
 --- -------- Appointments ------------ --- 
	3/31/2017 at 3:30pm ,Birthday Party, This is my birthday party.
 

	 --- 0/2/2044 --- 
 --- -------- Appointments ------------ --- 


	 --- 0/3/2044 --- 
 --- -------- Appointments ------------ --- 


	 --- 0/4/2044 --- 
 --- -------- Appointments ------------ --- 


	 --- 0/5/2044 --- 
 --- -------- Appointments ------------ --- 


	 --- 0/6/2044 --- 
 --- -------- Appointments ------------ --- 


	 --- 0/7/2044 --- 
 --- -------- Appointments ------------ --- 


	 --- 0/8/2044 --- 
 --- -------- Appointments ------------ --- 


	 --- 0/9/2044 --- 
 --- -------- Appointments ------------ --- 


	 --- 0/10/2044 --- 
 --- -------- Appointments ------------ --- 


	 --- 0/11/2044 --- 
 --- -------- Appointments ------------ --- 


	 --- 0/12/2044 --- 
 --- -------- Appointments ------------ --- 


	 --- 0/13/2044 --- 
 --- -------- Appointments ------------ --- 


	 --- 0/14/2044 --- 
 --- -------- Appointments ------------ --- 


	 --- 0/15/2044 --- 
 --- -------- Appointments ------------ --- 


	 --- 0/16/2044 --- 
 --- -------- Appointments ------------ --- 


	 --- 0/17/2044 --- 
 --- -------- Appointments ------------ --- 


	 --- 0/18/2044 --- 
 --- -------- Appointments ------------ --- 


	 --- 0/19/2044 --- 
 --- -------- Appointments ------------ --- 


	 --- 0/20/2044 --- 
 --- -------- Appointments ------------ --- 


	 --- 0/21/2044 --- 
 --- -------- Appointments ------------ --- 


	 --- 0/22/2044 --- 
 --- -------- Appointments ------------ --- 


	 --- 0/23/2044 --- 
 --- -------- Appointments ------------ --- 


	 --- 0/24/2044 --- 
 --- -------- Appointments ------------ --- 


	 --- 0/25/2044 --- 
 --- -------- Appointments ------------ --- 


	 --- 0/26/2044 --- 
 --- -------- Appointments ------------ --- 


	 --- 0/27/2044 --- 
 --- -------- Appointments ------------ --- 


	 --- 0/28/2044 --- 
 --- -------- Appointments ------------ --- 


	 --- 0/29/2044 --- 
 --- -------- Appointments ------------ --- 


	 --- 0/30/2044 --- 
 --- -------- Appointments ------------ --- 


	 --- 0/31/2044 --- 
 --- -------- Appointments ------------ --- 


	 --- 1/1/2044 --- 
 --- -------- Appointments ------------ --- 
	3/31/2017 at 3:30pm ,Birthday Party, This is my birthday party.
 

	 --- 1/2/2044 --- 
 --- -------- Appointments ------------ --- 


	 --- 1/3/2044 --- 
 --- -------- Appointments ------------ --- 


	 --- 1/4/2044 --- 
 --- -------- Appointments ------------ --- 


	 --- 1/5/2044 --- 
 --- -------- Appointments ------------ --- 


	 --- 1/6/2044 --- 
 --- -------- Appointments ------------ --- 


	 --- 1/7/2044 --- 
 --- -------- Appointments ------------ --- 


	 --- 1/8/2044 --- 
 --- -------- Appointments ------------ --- 


	 --- 1/9/2044 --- 
 --- -------- Appointments ------------ --- 


	 --- 1/10/2044 --- 
 --- -------- Appointments ------------ --- 


	 --- 1/11/2044 --- 
 --- -------- Appointments ------------ --- 


	 --- 1/12/2044 --- 
 --- -------- Appointments ------------ --- 


	 --- 1/13/2044 --- 
 --- -------- Appointments ------------ --- 


	 --- 1/14/2044 --- 
 --- -------- Appointments ------------ --- 


	 --- 1/15/2044 --- 
 --- -------- Appointments ------------ --- 


	 --- 1/16/2044 --- 
 --- -------- Appointments ------------ --- 


	 --- 1/17/2044 --- 
 --- -------- Appointments ------------ --- 


	 --- 1/18/2044 --- 
 --- -------- Appointments ------------ --- 


	 --- 1/19/2044 --- 
 --- -------- Appointments ------------ --- 


	 --- 1/20/2044 --- 
 --- -------- Appointments ------------ --- 


	 --- 1/21/2044 --- 
 --- -------- Appointments ------------ --- 


	 --- 1/22/2044 --- 
 --- -------- Appointments ------------ --- 


	 --- 1/23/2044 --- 
 --- -------- Appointments ------------ --- 


	 --- 1/24/2044 --- 
 --- -------- Appointments ------------ --- 


	 --- 1/25/2044 --- 
 --- -------- Appointments ------------ --- 


	 --- 1/26/2044 --- 
 --- -------- Appointments ------------ --- 


	 --- 1/27/2044 --- 
 --- -------- Appointments ------------ --- 


	 --- 1/28/2044 --- 
 --- -------- Appointments ------------ --- 


	 --- 1/29/2044 --- 
 --- -------- Appointments ------------ --- 


	 --- 2/1/2044 --- 
 --- -------- Appointments ------------ --- 
	3/31/2017 at 3:30pm ,Birthday Party, This is my birthday party.
 

	 --- 2/2/2044 --- 
 --- -------- Appointments ------------ --- 


	 --- 2/3/2044 --- 
 --- -------- Appointments ------------ --- 


	 --- 2/4/2044 --- 
 --- -------- Appointments ------------ --- 


	 --- 2/5/2044 --- 
 --- -------- Appointments ------------ --- 


	 --- 2/6/2044 --- 
 --- -------- Appointments ------------ --- 


	 --- 2/7/2044 --- 
 --- -------- Appointments ------------ --- 


	 --- 2/8/2044 --- 
 --- -------- Appointments ------------ --- 


	 --- 2/9/2044 --- 
 --- -------- Appointments ------------ --- 


	 --- 2/10/2044 --- 
 --- -------- Appointments ------------ --- 


	 --- 2/11/2044 --- 
 --- -------- Appointments ------------ --- 


	 --- 2/12/2044 --- 
 --- -------- Appointments ------------ --- 


	 --- 2/13/2044 --- 
 --- -------- Appointments ------------ --- 


	 --- 2/14/2044 --- 
 --- -------- Appointments ------------ --- 


	 --- 2/15/2044 --- 
 --- -------- Appointments ------------ --- 


	 --- 2/16/2044 --- 
 --- -------- Appointments ------------ --- 


	 --- 2/17/2044 --- 
 --- -------- Appointments ------------ --- 


	 --- 2/18/2044 --- 
 --- -------- Appointments ------------ --- 


	 --- 2/19/2044 --- 
 --- -------- Appointments ------------ --- 


	 --- 2/20/2044 --- 
 --- -------- Appointments ------------ --- 


	 --- 2/21/2044 --- 
 --- -------- Appointments ------------ --- 


	 --- 2/22/2044 --- 
 --- -------- Appointments ------------ --- 


	 --- 2/23/2044 --- 
 --- -------- Appointments ------------ --- 


	 --- 2/24/2044 --- 
 --- -------- Appointments ------------ --- 


	 --- 2/25/2044 --- 
 --- -------- Appointments ------------ --- 


	 --- 2/26/2044 --- 
 --- -------- Appointments ------------ --- 
	2/26/2018 at 11:30pm ,Birthday Party, This is my birthday party.
 

	 --- 2/27/2044 --- 
 --- -------- Appointments ------------ --- 


	 --- 2/28/2044 --- 
 --- -------- Appointments ------------ --- 


	 --- 2/29/2044 --- 
 --- -------- Appointments ------------ --- 


	 --- 2/30/2044 --- 
 --- -------- Appointments ------------ --- 


	 --- 2/31/2044 --- 
 --- -------- Appointments ------------ --- 


	 --- 3/1/2044 --- 
 --- -------- Appointments ------------ --- 
	3/31/2017 at 3:30pm ,Birthday Party, This is my birthday party.
 

	 --- 3/2/2044 --- 
 --- -------- Appointments ------------ --- 


	 --- 3/3/2044 --- 
 --- -------- Appointments ------------ --- 


	 --- 3/4/2044 --- 
 --- -------- Appointments ------------ --- 


	 --- 3/5/2044 --- 
 --- -------- Appointments ------------ --- 


	 --- 3/6/2044 --- 
 --- -------- Appointments ------------ --- 


	 --- 3/7/2044 --- 
 --- -------- Appointments ------------ --- 


	 --- 3/8/2044 --- 
 --- -------- Appointments ------------ --- 


	 --- 3/9/2044 --- 
 --- -------- Appointments ------------ --- 


	 --- 3/10/2044 --- 
 --- -------- Appointments ------------ --- 


	 --- 3/11/2044 --- 
 --- -------- Appointments ------------ --- 


	 --- 3/12/2044 --- 
 --- -------- Appointments ------------ --- 


	 --- 3/13/2044 --- 
 --- -------- Appointments ------------ --- 


	 --- 3/14/2044 --- 
 --- -------- Appointments ------------ --- 


	 --- 3/15/2044 --- 
 --- -------- Appointments ------------ --- 


	 --- 3/16/2044 --- 
 --- -------- Appointments ------------ --- 


	 --- 3/17/2044 --- 
 --- -------- Appointments ------------ --- 


	 --- 3/18/2044 --- 
 --- -------- Appointments ------------ --- 


	 --- 3/19/2044 --- 
 --- -------- Appointments ------------ --- 


	 --- 3/20/2044 --- 
 --- -------- Appointments ------------ --- 


	 --- 3/21/2044 --- 
 --- -------- Appointments ------------ --- 


	 --- 3/22/2044 --- 
 --- -------- Appointments ------------ --- 


	 --- 3/23/2044 --- 
 --- -------- Appointments ------------ --- 


	 --- 3/24/2044 --- 
 --- -------- Appointments ------------ --- 


	 --- 3/25/2044 --- 
 --- -------- Appointments ------------ --- 


	 --- 3/26/2044 --- 
 --- -------- Appointments ------------ --- 


	 --- 3/27/2044 --- 
 --- -------- Appointments ------------ --- 


	 --- 3/28/2044 --- 
 --- -------- Appointments ------------ --- 


	 --- 3/29/2044 --- 
 --- -------- Appointments ------------ --- 


	 --- 3/30/2044 --- 
 --- -------- Appointments ------------ --- 


	 --- 4/1/2044 --- 
 --- -------- Appointments ------------ --- 
	3/31/2017 at 3:30pm ,Birthday Party, This is my birthday party.
 

	 --- 4/2/2044 --- 
 --- -------- Appointments ------------ --- 


	 --- 4/3/2044 --- 
 --- -------- Appointments ------------ --- 


	 --- 4/4/2044 --- 
 --- -------- Appointments ------------ --- 


	 --- 4/5/2044 --- 
 --- -------- Appointments ------------ --- 


	 --- 4/6/2044 --- 
 --- -------- Appointments ------------ --- 


	 --- 4/7/2044 --- 
 --- -------- Appointments ------------ --- 


	 --- 4/8/2044 --- 
 --- -------- Appointments ------------ --- 


	 --- 4/9/2044 --- 
 --- -------- Appointments ------------ --- 


	 --- 4/10/2044 --- 
 --- -------- Appointments ------------ --- 


	 --- 4/11/2044 --- 
 --- -------- Appointments ------------ --- 


	 --- 4/12/2044 --- 
 --- -------- Appointments ------------ --- 


	 --- 4/13/2044 --- 
 --- -------- Appointments ------------ --- 


	 --- 4/14/2044 --- 
 --- -------- Appointments ------------ --- 


	 --- 4/15/2044 --- 
 --- -------- Appointments ------------ --- 


	 --- 4/16/2044 --- 
 --- -------- Appointments ------------ --- 


	 --- 4/17/2044 --- 
 --- -------- Appointments ------------ --- 


	 --- 4/18/2044 --- 
 --- -------- Appointments ------------ --- 


	 --- 4/19/2044 --- 
 --- -------- Appointments ------------ --- 


	 --- 4/20/2044 --- 
 --- -------- Appointments ------------ --- 


	 --- 4/21/2044 --- 
 --- -------- Appointments ------------ --- 


	 --- 4/22/2044 --- 
 --- -------- Appointments ------------ --- 


	 --- 4/23/2044 --- 
 --- -------- Appointments ------------ --- 


	 --- 4/24/2044 --- 
 --- -------- Appointments ------------ --- 


	 --- 4/25/2044 --- 
 --- -------- Appointments ------------ --- 


	 --- 4/26/2044 --- 
 --- -------- Appointments ------------ --- 


	 --- 4/27/2044 --- 
 --- -------- Appointments ------------ --- 


	 --- 4/28/2044 --- 
 --- -------- Appointments ------------ --- 


	 --- 4/29/2044 --- 
 --- -------- Appointments ------------ --- 


	 --- 4/30/2044 --- 
 --- -------- Appointments ------------ --- 


	 --- 4/31/2044 --- 
 --- -------- Appointments ------------ --- 


	 --- 5/1/2044 --- 
 --- -------- Appointments ------------ --- 
	3/31/2017 at 3:30pm ,Birthday Party, This is my birthday party.
 

	 --- 5/2/2044 --- 
 --- -------- Appointments ------------ --- 


	 --- 5/3/2044 --- 
 --- -------- Appointments ------------ --- 


	 --- 5/4/2044 --- 
 --- -------- Appointments ------------ --- 


	 --- 5/5/2044 --- 
 --- -------- Appointments ------------ --- 


	 --- 5/6/2044 --- 
 --- -------- Appointments ------------ --- 


	 --- 5/7/2044 --- 
 --- -------- Appointments ------------ --- 


	 --- 5/8/2044 --- 
 --- -------- Appointments ------------ --- 


	 --- 5/9/2044 --- 
 --- -------- Appointments ------------ --- 


	 --- 5/10/2044 --- 
 --- -------- Appointments ------------ --- 


	 --- 5/11/2044 --- 
 --- -------- Appointments ------------ --- 


	 --- 5/12/2044 --- 
 --- -------- Appointments ------------ --- 


	 --- 5/13/2044 --- 
 --- -------- Appointments ------------ --- 


	 --- 5/14/2044 --- 
 --- -------- Appointments ------------ --- 


	 --- 5/15/2044 --- 
 --- -------- Appointments ------------ --- 


	 --- 5/16/2044 --- 
 --- -------- Appointments ------------ --- 


	 --- 5/17/2044 --- 
 --- -------- Appointments ------------ --- 


	 --- 5/18/2044 --- 
 --- -------- Appointments ------------ --- 


	 --- 5/19/2044 --- 
 --- -------- Appointments ------------ --- 


	 --- 5/20/2044 --- 
 --- -------- Appointments ------------ --- 


	 --- 5/21/2044 --- 
 --- -------- Appointments ------------ --- 


	 --- 5/22/2044 --- 
 --- -------- Appointments ------------ --- 


	 --- 5/23/2044 --- 
 --- -------- Appointments ------------ --- 


	 --- 5/24/2044 --- 
 --- -------- Appointments ------------ --- 


	 --- 5/25/2044 --- 
 --- -------- Appointments ------------ --- 


	 --- 5/26/2044 --- 
 --- -------- Appointments ------------ --- 


	 --- 5/27/2044 --- 
 --- -------- Appointments ------------ --- 


	 --- 5/28/2044 --- 
 --- -------- Appointments ------------ --- 


	 --- 5/29/2044 --- 
 --- -------- Appointments ------------ --- 


	 --- 5/30/2044 --- 
 --- -------- Appointments ------------ --- 


	 --- 6/1/2044 --- 
 --- -------- Appointments ------------ --- 
	3/31/2017 at 3:30pm ,Birthday Party, This is my birthday party.
 

	 --- 6/2/2044 --- 
 --- -------- Appointments ------------ --- 


	 --- 6/3/2044 --- 
 --- -------- Appointments ------------ --- 


	 --- 6/4/2044 --- 
 --- -------- Appointments ------------ --- 


	 --- 6/5/2044 --- 
 --- -------- Appointments ------------ --- 


	 --- 6/6/2044 --- 
 --- -------- Appointments ------------ --- 


	 --- 6/7/2044 --- 
 --- -------- Appointments ------------ --- 


	 --- 6/8/2044 --- 
 --- -------- Appointments ------------ --- 


	 --- 6/9/2044 --- 
 --- -------- Appointments ------------ --- 


	 --- 6/10/2044 --- 
 --- -------- Appointments ------------ --- 


	 --- 6/11/2044 --- 
 --- -------- Appointments ------------ --- 


	 --- 6/12/2044 --- 
 --- -------- Appointments ------------ --- 


	 --- 6/13/2044 --- 
 --- -------- Appointments ------------ --- 


	 --- 6/14/2044 --- 
 --- -------- Appointments ------------ --- 


	 --- 6/15/2044 --- 
 --- -------- Appointments ------------ --- 


	 --- 6/16/2044 --- 
 --- -------- Appointments ------------ --- 


	 --- 6/17/2044 --- 
 --- -------- Appointments ------------ --- 


	 --- 6/18/2044 --- 
 --- -------- Appointments ------------ --- 


	 --- 6/19/2044 --- 
 --- -------- Appointments ------------ --- 


	 --- 6/20/2044 --- 
 --- -------- Appointments ------------ --- 


	 --- 6/21/2044 --- 
 --- -------- Appointments ------------ --- 


	 --- 6/22/2044 --- 
 --- -------- Appointments ------------ --- 


	 --- 6/23/2044 --- 
 --- -------- Appointments ------------ --- 


	 --- 6/24/2044 --- 
 --- -------- Appointments ------------ --- 


	 --- 6/25/2044 --- 
 --- -------- Appointments ------------ --- 


	 --- 6/26/2044 --- 
 --- -------- Appointments ------------ --- 


	 --- 6/27/2044 --- 
 --- -------- Appointments ------------ --- 


	 --- 6/28/2044 --- 
 --- -------- Appointments ------------ --- 


	 --- 6/29/2044 --- 
 --- -------- Appointments ------------ --- 


	 --- 6/30/2044 --- 
 --- -------- Appointments ------------ --- 


	 --- 6/31/2044 --- 
 --- -------- Appointments ------------ --- 


	 --- 7/1/2044 --- 
 --- -------- Appointments ------------ --- 
	3/31/2017 at 3:30pm ,Birthday Party, This is my birthday party.
 

	 --- 7/2/2044 --- 
 --- -------- Appointments ------------ --- 


	 --- 7/3/2044 --- 
 --- -------- Appointments ------------ --- 


	 --- 7/4/2044 --- 
 --- -------- Appointments ------------ --- 


	 --- 7/5/2044 --- 
 --- -------- Appointments ------------ --- 


	 --- 7/6/2044 --- 
 --- -------- Appointments ------------ --- 


	 --- 7/7/2044 --- 
 --- -------- Appointments ------------ --- 


	 --- 7/8/2044 --- 
 --- -------- Appointments ------------ --- 


	 --- 7/9/2044 --- 
 --- -------- Appointments ------------ --- 


	 --- 7/10/2044 --- 
 --- -------- Appointments ------------ --- 


	 --- 7/11/2044 --- 
 --- -------- Appointments ------------ --- 


	 --- 7/12/2044 --- 
 --- -------- Appointments ------------ --- 


	 --- 7/13/2044 --- 
 --- -------- Appointments ------------ --- 


	 --- 7/14/2044 --- 
 --- -------- Appointments ------------ --- 


	 --- 7/15/2044 --- 
 --- -------- Appointments ------------ --- 


	 --- 7/16/2044 --- 
 --- -------- Appointments ------------ --- 


	 --- 7/17/2044 --- 
 --- -------- Appointments ------------ --- 


	 --- 7/18/2044 --- 
 --- -------- Appointments ------------ --- 


	 --- 7/19/2044 --- 
 --- -------- Appointments ------------ --- 


	 --- 7/20/2044 --- 
 --- -------- Appointments ------------ --- 


	 --- 7/21/2044 --- 
 --- -------- Appointments ------------ --- 


	 --- 7/22/2044 --- 
 --- -------- Appointments ------------ --- 


	 --- 7/23/2044 --- 
 --- -------- Appointments ------------ --- 


	 --- 7/24/2044 --- 
 --- -------- Appointments ------------ --- 


	 --- 7/25/2044 --- 
 --- -------- Appointments ------------ --- 


	 --- 7/26/2044 --- 
 --- -------- Appointments ------------ --- 


	 --- 7/27/2044 --- 
 --- -------- Appointments ------------ --- 


	 --- 7/28/2044 --- 
 --- -------- Appointments ------------ --- 


	 --- 7/29/2044 --- 
 --- -------- Appointments ------------ --- 


	 --- 7/30/2044 --- 
 --- -------- Appointments ------------ --- 


	 --- 7/31/2044 --- 
 --- -------- Appointments ------------ --- 


	 --- 8/1/2044 --- 
 --- -------- Appointments ------------ --- 
	3/31/2017 at 3:30pm ,Birthday Party, This is my birthday party.
 

	 --- 8/2/2044 --- 
 --- -------- Appointments ------------ --- 


	 --- 8/3/2044 --- 
 --- -------- Appointments ------------ --- 


	 --- 8/4/2044 --- 
 --- -------- Appointments ------------ --- 


	 --- 8/5/2044 --- 
 --- -------- Appointments ------------ --- 


	 --- 8/6/2044 --- 
 --- -------- Appointments ------------ --- 


	 --- 8/7/2044 --- 
 --- -------- Appointments ------------ --- 


	 --- 8/8/2044 --- 
 --- -------- Appointments ------------ --- 


	 --- 8/9/2044 --- 
 --- -------- Appointments ------------ --- 


	 --- 8/10/2044 --- 
 --- -------- Appointments ------------ --- 


	 --- 8/11/2044 --- 
 --- -------- Appointments ------------ --- 


	 --- 8/12/2044 --- 
 --- -------- Appointments ------------ --- 


	 --- 8/13/2044 --- 
 --- -------- Appointments ------------ --- 


	 --- 8/14/2044 --- 
 --- -------- Appointments ------------ --- 


	 --- 8/15/2044 --- 
 --- -------- Appointments ------------ --- 


	 --- 8/16/2044 --- 
 --- -------- Appointments ------------ --- 


	 --- 8/17/2044 --- 
 --- -------- Appointments ------------ --- 


	 --- 8/18/2044 --- 
 --- -------- Appointments ------------ --- 


	 --- 8/19/2044 --- 
 --- -------- Appointments ------------ --- 


	 --- 8/20/2044 --- 
 --- -------- Appointments ------------ --- 


	 --- 8/21/2044 --- 
 --- -------- Appointments ------------ --- 


	 --- 8/22/2044 --- 
 --- -------- Appointments ------------ --- 


	 --- 8/23/2044 --- 
 --- -------- Appointments ------------ --- 


	 --- 8/24/2044 --- 
 --- -------- Appointments ------------ --- 


	 --- 8/25/2044 --- 
 --- -------- Appointments ------------ --- 


	 --- 8/26/2044 --- 
 --- -------- Appointments ------------ --- 


	 --- 8/27/2044 --- 
 --- -------- Appointments ------------ --- 


	 --- 8/28/2044 --- 
 --- -------- Appointments ------------ --- 


	 --- 8/29/2044 --- 
 --- -------- Appointments ------------ --- 


	 --- 8/30/2044 --- 
 --- -------- Appointments ------------ --- 


	 --- 9/1/2044 --- 
 --- -------- Appointments ------------ --- 
	3/31/2017 at 3:30pm ,Birthday Party, This is my birthday party.
 

	 --- 9/2/2044 --- 
 --- -------- Appointments ------------ --- 


	 --- 9/3/2044 --- 
 --- -------- Appointments ------------ --- 


	 --- 9/4/2044 --- 
 --- -------- Appointments ------------ --- 


	 --- 9/5/2044 --- 
 --- -------- Appointments ------------ --- 


	 --- 9/6/2044 --- 
 --- -------- Appointments ------------ --- 


	 --- 9/7/2044 --- 
 --- -------- Appointments ------------ --- 


	 --- 9/8/2044 --- 
 --- -------- Appointments ------------ --- 


	 --- 9/9/2044 --- 
 --- -------- Appointments ------------ --- 


	 --- 9/10/2044 --- 
 --- -------- Appointments ------------ --- 


	 --- 9/11/2044 --- 
 --- -------- Appointments ------------ --- 


	 --- 9/12/2044 --- 
 --- -------- Appointments ------------ --- 


	 --- 9/13/2044 --- 
 --- -------- Appointments ------------ --- 


	 --- 9/14/2044 --- 
 --- -------- Appointments ------------ --- 


	 --- 9/15/2044 --- 
 --- -------- Appointments ------------ --- 


	 --- 9/16/2044 --- 
 --- -------- Appointments ------------ --- 


	 --- 9/17/2044 --- 
 --- -------- Appointments ------------ --- 


	 --- 9/18/2044 --- 
 --- -------- Appointments ------------ --- 


	 --- 9/19/2044 --- 
 --- -------- Appointments ------------ --- 


	 --- 9/20/2044 --- 
 --- -------- Appointments ------------ --- 


	 --- 9/21/2044 --- 
 --- -------- Appointments ------------ --- 


	 --- 9/22/2044 --- 
 --- -------- Appointments ------------ --- 


	 --- 9/23/2044 --- 
 --- -------- Appointments ------------ --- 


	 --- 9/24/2044 --- 
 --- -------- Appointments ------------ --- 


	 --- 9/25/2044 --- 
 --- -------- Appointments ------------ --- 


	 --- 9/26/2044 --- 
 --- -------- Appointments ------------ --- 


	 --- 9/27/2044 --- 
 --- -------- Appointments ------------ --- 


	 --- 9/28/2044 --- 
 --- -------- Appointments ------------ --- 


	 --- 9/29/2044 --- 
 --- -------- Appointments ------------ --- 


	 --- 9/30/2044 --- 
 --- -------- Appointments ------------ --- 


	 --- 9/31/2044 --- 
 --- -------- Appointments ------------ --- 


	 --- 10/1/2044 --- 
 --- -------- Appointments ------------ --- 
	3/31/2017 at 3:30pm ,Birthday Party, This is my birthday party.
 

	 --- 10/2/2044 --- 
 --- -------- Appointments ------------ --- 


	 --- 10/3/2044 --- 
 --- -------- Appointments ------------ --- 


	 --- 10/4/2044 --- 
 --- -------- Appointments ------------ --- 


	 --- 10/5/2044 --- 
 --- -------- Appointments ------------ --- 


	 --- 10/6/2044 --- 
 --- -------- Appointments ------------ --- 


	 --- 10/7/2044 --- 
 --- -------- Appointments ------------ --- 


	 --- 10/8/2044 --- 
 --- -------- Appointments ------------ --- 


	 --- 10/9/2044 --- 
 --- -------- Appointments ------------ --- 


	 --- 10/10/2044 --- 
 --- -------- Appointments ------------ --- 


	 --- 10/11/2044 --- 
 --- -------- Appointments ------------ --- 


	 --- 10/12/2044 --- 
 --- -------- Appointments ------------ --- 


	 --- 10/13/2044 --- 
 --- -------- Appointments ------------ --- 


	 --- 10/14/2044 --- 
 --- -------- Appointments ------------ --- 


	 --- 10/15/2044 --- 
 --- -------- Appointments ------------ --- 


	 --- 10/16/2044 --- 
 --- -------- Appointments ------------ --- 


	 --- 10/17/2044 --- 
 --- -------- Appointments ------------ --- 


	 --- 10/18/2044 --- 
 --- -------- Appointments ------------ --- 


	 --- 10/19/2044 --- 
 --- -------- Appointments ------------ --- 


	 --- 10/20/2044 --- 
 --- -------- Appointments ------------ --- 


	 --- 10/21/2044 --- 
 --- -------- Appointments ------------ --- 


	 --- 10/22/2044 --- 
 --- -------- Appointments ------------ --- 


	 --- 10/23/2044 --- 
 --- -------- Appointments ------------ --- 


	 --- 10/24/2044 --- 
 --- -------- Appointments ------------ --- 


	 --- 10/25/2044 --- 
 --- -------- Appointments ------------ --- 


	 --- 10/26/2044 --- 
 --- -------- Appointments ------------ --- 


	 --- 10/27/2044 --- 
 --- -------- Appointments ------------ --- 


	 --- 10/28/2044 --- 
 --- -------- Appointments ------------ --- 


	 --- 10/29/2044 --- 
 --- -------- Appointments ------------ --- 


	 --- 10/30/2044 --- 
 --- -------- Appointments ------------ --- 


	 --- 11/1/2044 --- 
 --- -------- Appointments ------------ --- 
	3/31/2017 at 3:30pm ,Birthday Party, This is my birthday party.
 

	 --- 11/2/2044 --- 
 --- -------- Appointments ------------ --- 


	 --- 11/3/2044 --- 
 --- -------- Appointments ------------ --- 


	 --- 11/4/2044 --- 
 --- -------- Appointments ------------ --- 


	 --- 11/5/2044 --- 
 --- -------- Appointments ------------ --- 


	 --- 11/6/2044 --- 
 --- -------- Appointments ------------ --- 


	 --- 11/7/2044 --- 
 --- -------- Appointments ------------ --- 


	 --- 11/8/2044 --- 
 --- -------- Appointments ------------ --- 


	 --- 11/9/2044 --- 
 --- -------- Appointments ------------ --- 


	 --- 11/10/2044 --- 
 --- -------- Appointments ------------ --- 


	 --- 11/11/2044 --- 
 --- -------- Appointments ------------ --- 


	 --- 11/12/2044 --- 
 --- -------- Appointments ------------ --- 


	 --- 11/13/2044 --- 
 --- -------- Appointments ------------ --- 


	 --- 11/14/2044 --- 
 --- -------- Appointments ------------ --- 


	 --- 11/15/2044 --- 
 --- -------- Appointments ------------ --- 


	 --- 11/16/2044 --- 
 --- -------- Appointments ------------ --- 


	 --- 11/17/2044 --- 
 --- -------- Appointments ------------ --- 


	 --- 11/18/2044 --- 
 --- -------- Appointments ------------ --- 


	 --- 11/19/2044 --- 
 --- -------- Appointments ------------ --- 


	 --- 11/20/2044 --- 
 --- -------- Appointments ------------ --- 


	 --- 11/21/2044 --- 
 --- -------- Appointments ------------ --- 


	 --- 11/22/2044 --- 
 --- -------- Appointments ------------ --- 


	 --- 11/23/2044 --- 
 --- -------- Appointments ------------ --- 


	 --- 11/24/2044 --- 
 --- -------- Appointments ------------ --- 


	 --- 11/25/2044 --- 
 --- -------- Appointments ------------ --- 


	 --- 11/26/2044 --- 
 --- -------- Appointments ------------ --- 


	 --- 11/27/2044 --- 
 --- -------- Appointments ------------ --- 


	 --- 11/28/2044 --- 
 --- -------- Appointments ------------ --- 


	 --- 11/29/2044 --- 
 --- -------- Appointments ------------ --- 


	 --- 11/30/2044 --- 
 --- -------- Appointments ------------ --- 


	 --- 11/31/2044 --- 
 --- -------- Appointments ------------ --- 


	 --- 0/1/2045 --- 
 --- -------- Appointments ------------ --- 
	3/31/2017 at 3:30pm ,Birthday Party, This is my birthday party.
 

	 --- 0/2/2045 --- 
 --- -------- Appointments ------------ --- 


	 --- 0/3/2045 --- 
 --- -------- Appointments ------------ --- 


	 --- 0/4/2045 --- 
 --- -------- Appointments ------------ --- 


	 --- 0/5/2045 --- 
 --- -------- Appointments ------------ --- 


	 --- 0/6/2045 --- 
 --- -------- Appointments ------------ --- 


	 --- 0/7/2045 --- 
 --- -------- Appointments ------------ --- 


	 --- 0/8/2045 --- 
 --- -------- Appointments ------------ --- 


	 --- 0/9/2045 --- 
 --- -------- Appointments ------------ --- 


	 --- 0/10/2045 --- 
 --- -------- Appointments ------------ --- 


	 --- 0/11/2045 --- 
 --- -------- Appointments ------------ --- 


	 --- 0/12/2045 --- 
 --- -------- Appointments ------------ --- 


	 --- 0/13/2045 --- 
 --- -------- Appointments ------------ --- 


	 --- 0/14/2045 --- 
 --- -------- Appointments ------------ --- 


	 --- 0/15/2045 --- 
 --- -------- Appointments ------------ --- 


	 --- 0/16/2045 --- 
 --- -------- Appointments ------------ --- 


	 --- 0/17/2045 --- 
 --- -------- Appointments ------------ --- 


	 --- 0/18/2045 --- 
 --- -------- Appointments ------------ --- 


	 --- 0/19/2045 --- 
 --- -------- Appointments ------------ --- 


	 --- 0/20/2045 --- 
 --- -------- Appointments ------------ --- 


	 --- 0/21/2045 --- 
 --- -------- Appointments ------------ --- 


	 --- 0/22/2045 --- 
 --- -------- Appointments ------------ --- 


	 --- 0/23/2045 --- 
 --- -------- Appointments ------------ --- 


	 --- 0/24/2045 --- 
 --- -------- Appointments ------------ --- 


	 --- 0/25/2045 --- 
 --- -------- Appointments ------------ --- 


	 --- 0/26/2045 --- 
 --- -------- Appointments ------------ --- 


	 --- 0/27/2045 --- 
 --- -------- Appointments ------------ --- 


	 --- 0/28/2045 --- 
 --- -------- Appointments ------------ --- 


	 --- 0/29/2045 --- 
 --- -------- Appointments ------------ --- 


	 --- 0/30/2045 --- 
 --- -------- Appointments ------------ --- 


	 --- 0/31/2045 --- 
 --- -------- Appointments ------------ --- 


	 --- 1/1/2045 --- 
 --- -------- Appointments ------------ --- 
	3/31/2017 at 3:30pm ,Birthday Party, This is my birthday party.
 

	 --- 1/2/2045 --- 
 --- -------- Appointments ------------ --- 


	 --- 1/3/2045 --- 
 --- -------- Appointments ------------ --- 


	 --- 1/4/2045 --- 
 --- -------- Appointments ------------ --- 


	 --- 1/5/2045 --- 
 --- -------- Appointments ------------ --- 


	 --- 1/6/2045 --- 
 --- -------- Appointments ------------ --- 


	 --- 1/7/2045 --- 
 --- -------- Appointments ------------ --- 


	 --- 1/8/2045 --- 
 --- -------- Appointments ------------ --- 


	 --- 1/9/2045 --- 
 --- -------- Appointments ------------ --- 


	 --- 1/10/2045 --- 
 --- -------- Appointments ------------ --- 


	 --- 1/11/2045 --- 
 --- -------- Appointments ------------ --- 


	 --- 1/12/2045 --- 
 --- -------- Appointments ------------ --- 


	 --- 1/13/2045 --- 
 --- -------- Appointments ------------ --- 


	 --- 1/14/2045 --- 
 --- -------- Appointments ------------ --- 


	 --- 1/15/2045 --- 
 --- -------- Appointments ------------ --- 


	 --- 1/16/2045 --- 
 --- -------- Appointments ------------ --- 


	 --- 1/17/2045 --- 
 --- -------- Appointments ------------ --- 


	 --- 1/18/2045 --- 
 --- -------- Appointments ------------ --- 


	 --- 1/19/2045 --- 
 --- -------- Appointments ------------ --- 


	 --- 1/20/2045 --- 
 --- -------- Appointments ------------ --- 


	 --- 1/21/2045 --- 
 --- -------- Appointments ------------ --- 


	 --- 1/22/2045 --- 
 --- -------- Appointments ------------ --- 


	 --- 1/23/2045 --- 
 --- -------- Appointments ------------ --- 


	 --- 1/24/2045 --- 
 --- -------- Appointments ------------ --- 


	 --- 1/25/2045 --- 
 --- -------- Appointments ------------ --- 


	 --- 1/26/2045 --- 
 --- -------- Appointments ------------ --- 


	 --- 1/27/2045 --- 
 --- -------- Appointments ------------ --- 


	 --- 1/28/2045 --- 
 --- -------- Appointments ------------ --- 


	 --- 2/1/2045 --- 
 --- -------- Appointments ------------ --- 
	3/31/2017 at 3:30pm ,Birthday Party, This is my birthday party.
 

	 --- 2/2/2045 --- 
 --- -------- Appointments ------------ --- 


	 --- 2/3/2045 --- 
 --- -------- Appointments ------------ --- 


	 --- 2/4/2045 --- 
 --- -------- Appointments ------------ --- 


	 --- 2/5/2045 --- 
 --- -------- Appointments ------------ --- 


	 --- 2/6/2045 --- 
 --- -------- Appointments ------------ --- 


	 --- 2/7/2045 --- 
 --- -------- Appointments ------------ --- 


	 --- 2/8/2045 --- 
 --- -------- Appointments ------------ --- 


	 --- 2/9/2045 --- 
 --- -------- Appointments ------------ --- 


	 --- 2/10/2045 --- 
 --- -------- Appointments ------------ --- 


	 --- 2/11/2045 --- 
 --- -------- Appointments ------------ --- 


	 --- 2/12/2045 --- 
 --- -------- Appointments ------------ --- 


	 --- 2/13/2045 --- 
 --- -------- Appointments ------------ --- 


	 --- 2/14/2045 --- 
 --- -------- Appointments ------------ --- 


	 --- 2/15/2045 --- 
 --- -------- Appointments ------------ --- 


	 --- 2/16/2045 --- 
 --- -------- Appointments ------------ --- 


	 --- 2/17/2045 --- 
 --- -------- Appointments ------------ --- 


	 --- 2/18/2045 --- 
 --- -------- Appointments ------------ --- 


	 --- 2/19/2045 --- 
 --- -------- Appointments ------------ --- 


	 --- 2/20/2045 --- 
 --- -------- Appointments ------------ --- 


	 --- 2/21/2045 --- 
 --- -------- Appointments ------------ --- 


	 --- 2/22/2045 --- 
 --- -------- Appointments ------------ --- 


	 --- 2/23/2045 --- 
 --- -------- Appointments ------------ --- 


	 --- 2/24/2045 --- 
 --- -------- Appointments ------------ --- 


	 --- 2/25/2045 --- 
 --- -------- Appointments ------------ --- 


	 --- 2/26/2045 --- 
 --- -------- Appointments ------------ --- 
	2/26/2018 at 11:30pm ,Birthday Party, This is my birthday party.
 

	 --- 2/27/2045 --- 
 --- -------- Appointments ------------ --- 


	 --- 2/28/2045 --- 
 --- -------- Appointments ------------ --- 


	 --- 2/29/2045 --- 
 --- -------- Appointments ------------ --- 


	 --- 2/30/2045 --- 
 --- -------- Appointments ------------ --- 


	 --- 2/31/2045 --- 
 --- -------- Appointments ------------ --- 


	 --- 3/1/2045 --- 
 --- -------- Appointments ------------ --- 
	3/31/2017 at 3:30pm ,Birthday Party, This is my birthday party.
 

	 --- 3/2/2045 --- 
 --- -------- Appointments ------------ --- 


	 --- 3/3/2045 --- 
 --- -------- Appointments ------------ --- 


	 --- 3/4/2045 --- 
 --- -------- Appointments ------------ --- 


	 --- 3/5/2045 --- 
 --- -------- Appointments ------------ --- 


	 --- 3/6/2045 --- 
 --- -------- Appointments ------------ --- 


	 --- 3/7/2045 --- 
 --- -------- Appointments ------------ --- 


	 --- 3/8/2045 --- 
 --- -------- Appointments ------------ --- 


	 --- 3/9/2045 --- 
 --- -------- Appointments ------------ --- 


	 --- 3/10/2045 --- 
 --- -------- Appointments ------------ --- 


	 --- 3/11/2045 --- 
 --- -------- Appointments ------------ --- 


	 --- 3/12/2045 --- 
 --- -------- Appointments ------------ --- 


	 --- 3/13/2045 --- 
 --- -------- Appointments ------------ --- 


	 --- 3/14/2045 --- 
 --- -------- Appointments ------------ --- 


	 --- 3/15/2045 --- 
 --- -------- Appointments ------------ --- 


	 --- 3/16/2045 --- 
 --- -------- Appointments ------------ --- 


	 --- 3/17/2045 --- 
 --- -------- Appointments ------------ --- 


	 --- 3/18/2045 --- 
 --- -------- Appointments ------------ --- 


	 --- 3/19/2045 --- 
 --- -------- Appointments ------------ --- 


	 --- 3/20/2045 --- 
 --- -------- Appointments ------------ --- 


	 --- 3/21/2045 --- 
 --- -------- Appointments ------------ --- 


	 --- 3/22/2045 --- 
 --- -------- Appointments ------------ --- 


	 --- 3/23/2045 --- 
 --- -------- Appointments ------------ --- 


	 --- 3/24/2045 --- 
 --- -------- Appointments ------------ --- 


	 --- 3/25/2045 --- 
 --- -------- Appointments ------------ --- 


	 --- 3/26/2045 --- 
 --- -------- Appointments ------------ --- 


	 --- 3/27/2045 --- 
 --- -------- Appointments ------------ --- 


	 --- 3/28/2045 --- 
 --- -------- Appointments ------------ --- 


	 --- 3/29/2045 --- 
 --- -------- Appointments ------------ --- 


	 --- 3/30/2045 --- 
 --- -------- Appointments ------------ --- 


	 --- 4/1/2045 --- 
 --- -------- Appointments ------------ --- 
	3/31/2017 at 3:30pm ,Birthday Party, This is my birthday party.
 

	 --- 4/2/2045 --- 
 --- -------- Appointments ------------ --- 


	 --- 4/3/2045 --- 
 --- -------- Appointments ------------ --- 


	 --- 4/4/2045 --- 
 --- -------- Appointments ------------ --- 


	 --- 4/5/2045 --- 
 --- -------- Appointments ------------ --- 


	 --- 4/6/2045 --- 
 --- -------- Appointments ------------ --- 


	 --- 4/7/2045 --- 
 --- -------- Appointments ------------ --- 


	 --- 4/8/2045 --- 
 --- -------- Appointments ------------ --- 


	 --- 4/9/2045 --- 
 --- -------- Appointments ------------ --- 


	 --- 4/10/2045 --- 
 --- -------- Appointments ------------ --- 


	 --- 4/11/2045 --- 
 --- -------- Appointments ------------ --- 


	 --- 4/12/2045 --- 
 --- -------- Appointments ------------ --- 


	 --- 4/13/2045 --- 
 --- -------- Appointments ------------ --- 


	 --- 4/14/2045 --- 
 --- -------- Appointments ------------ --- 


	 --- 4/15/2045 --- 
 --- -------- Appointments ------------ --- 


	 --- 4/16/2045 --- 
 --- -------- Appointments ------------ --- 


	 --- 4/17/2045 --- 
 --- -------- Appointments ------------ --- 


	 --- 4/18/2045 --- 
 --- -------- Appointments ------------ --- 


	 --- 4/19/2045 --- 
 --- -------- Appointments ------------ --- 


	 --- 4/20/2045 --- 
 --- -------- Appointments ------------ --- 


	 --- 4/21/2045 --- 
 --- -------- Appointments ------------ --- 


	 --- 4/22/2045 --- 
 --- -------- Appointments ------------ --- 


	 --- 4/23/2045 --- 
 --- -------- Appointments ------------ --- 


	 --- 4/24/2045 --- 
 --- -------- Appointments ------------ --- 


	 --- 4/25/2045 --- 
 --- -------- Appointments ------------ --- 


	 --- 4/26/2045 --- 
 --- -------- Appointments ------------ --- 


	 --- 4/27/2045 --- 
 --- -------- Appointments ------------ --- 


	 --- 4/28/2045 --- 
 --- -------- Appointments ------------ --- 


	 --- 4/29/2045 --- 
 --- -------- Appointments ------------ --- 


	 --- 4/30/2045 --- 
 --- -------- Appointments ------------ --- 


	 --- 4/31/2045 --- 
 --- -------- Appointments ------------ --- 


	 --- 5/1/2045 --- 
 --- -------- Appointments ------------ --- 
	3/31/2017 at 3:30pm ,Birthday Party, This is my birthday party.
 

	 --- 5/2/2045 --- 
 --- -------- Appointments ------------ --- 


	 --- 5/3/2045 --- 
 --- -------- Appointments ------------ --- 


	 --- 5/4/2045 --- 
 --- -------- Appointments ------------ --- 


	 --- 5/5/2045 --- 
 --- -------- Appointments ------------ --- 


	 --- 5/6/2045 --- 
 --- -------- Appointments ------------ --- 


	 --- 5/7/2045 --- 
 --- -------- Appointments ------------ --- 


	 --- 5/8/2045 --- 
 --- -------- Appointments ------------ --- 


	 --- 5/9/2045 --- 
 --- -------- Appointments ------------ --- 


	 --- 5/10/2045 --- 
 --- -------- Appointments ------------ --- 


	 --- 5/11/2045 --- 
 --- -------- Appointments ------------ --- 


	 --- 5/12/2045 --- 
 --- -------- Appointments ------------ --- 


	 --- 5/13/2045 --- 
 --- -------- Appointments ------------ --- 


	 --- 5/14/2045 --- 
 --- -------- Appointments ------------ --- 


	 --- 5/15/2045 --- 
 --- -------- Appointments ------------ --- 


	 --- 5/16/2045 --- 
 --- -------- Appointments ------------ --- 


	 --- 5/17/2045 --- 
 --- -------- Appointments ------------ --- 


	 --- 5/18/2045 --- 
 --- -------- Appointments ------------ --- 


	 --- 5/19/2045 --- 
 --- -------- Appointments ------------ --- 


	 --- 5/20/2045 --- 
 --- -------- Appointments ------------ --- 


	 --- 5/21/2045 --- 
 --- -------- Appointments ------------ --- 


	 --- 5/22/2045 --- 
 --- -------- Appointments ------------ --- 


	 --- 5/23/2045 --- 
 --- -------- Appointments ------------ --- 


	 --- 5/24/2045 --- 
 --- -------- Appointments ------------ --- 


	 --- 5/25/2045 --- 
 --- -------- Appointments ------------ --- 


	 --- 5/26/2045 --- 
 --- -------- Appointments ------------ --- 


	 --- 5/27/2045 --- 
 --- -------- Appointments ------------ --- 


	 --- 5/28/2045 --- 
 --- -------- Appointments ------------ --- 


	 --- 5/29/2045 --- 
 --- -------- Appointments ------------ --- 


	 --- 5/30/2045 --- 
 --- -------- Appointments ------------ --- 


	 --- 6/1/2045 --- 
 --- -------- Appointments ------------ --- 
	3/31/2017 at 3:30pm ,Birthday Party, This is my birthday party.
 

	 --- 6/2/2045 --- 
 --- -------- Appointments ------------ --- 


	 --- 6/3/2045 --- 
 --- -------- Appointments ------------ --- 


	 --- 6/4/2045 --- 
 --- -------- Appointments ------------ --- 


	 --- 6/5/2045 --- 
 --- -------- Appointments ------------ --- 


	 --- 6/6/2045 --- 
 --- -------- Appointments ------------ --- 


	 --- 6/7/2045 --- 
 --- -------- Appointments ------------ --- 


	 --- 6/8/2045 --- 
 --- -------- Appointments ------------ --- 


	 --- 6/9/2045 --- 
 --- -------- Appointments ------------ --- 


	 --- 6/10/2045 --- 
 --- -------- Appointments ------------ --- 


	 --- 6/11/2045 --- 
 --- -------- Appointments ------------ --- 


	 --- 6/12/2045 --- 
 --- -------- Appointments ------------ --- 


	 --- 6/13/2045 --- 
 --- -------- Appointments ------------ --- 


	 --- 6/14/2045 --- 
 --- -------- Appointments ------------ --- 


	 --- 6/15/2045 --- 
 --- -------- Appointments ------------ --- 


	 --- 6/16/2045 --- 
 --- -------- Appointments ------------ --- 


	 --- 6/17/2045 --- 
 --- -------- Appointments ------------ --- 


	 --- 6/18/2045 --- 
 --- -------- Appointments ------------ --- 


	 --- 6/19/2045 --- 
 --- -------- Appointments ------------ --- 


	 --- 6/20/2045 --- 
 --- -------- Appointments ------------ --- 


	 --- 6/21/2045 --- 
 --- -------- Appointments ------------ --- 


	 --- 6/22/2045 --- 
 --- -------- Appointments ------------ --- 


	 --- 6/23/2045 --- 
 --- -------- Appointments ------------ --- 


	 --- 6/24/2045 --- 
 --- -------- Appointments ------------ --- 


	 --- 6/25/2045 --- 
 --- -------- Appointments ------------ --- 


	 --- 6/26/2045 --- 
 --- -------- Appointments ------------ --- 


	 --- 6/27/2045 --- 
 --- -------- Appointments ------------ --- 


	 --- 6/28/2045 --- 
 --- -------- Appointments ------------ --- 


	 --- 6/29/2045 --- 
 --- -------- Appointments ------------ --- 


	 --- 6/30/2045 --- 
 --- -------- Appointments ------------ --- 


	 --- 6/31/2045 --- 
 --- -------- Appointments ------------ --- 


	 --- 7/1/2045 --- 
 --- -------- Appointments ------------ --- 
	3/31/2017 at 3:30pm ,Birthday Party, This is my birthday party.
 

	 --- 7/2/2045 --- 
 --- -------- Appointments ------------ --- 


	 --- 7/3/2045 --- 
 --- -------- Appointments ------------ --- 


	 --- 7/4/2045 --- 
 --- -------- Appointments ------------ --- 


	 --- 7/5/2045 --- 
 --- -------- Appointments ------------ --- 


	 --- 7/6/2045 --- 
 --- -------- Appointments ------------ --- 


	 --- 7/7/2045 --- 
 --- -------- Appointments ------------ --- 


	 --- 7/8/2045 --- 
 --- -------- Appointments ------------ --- 


	 --- 7/9/2045 --- 
 --- -------- Appointments ------------ --- 


	 --- 7/10/2045 --- 
 --- -------- Appointments ------------ --- 


	 --- 7/11/2045 --- 
 --- -------- Appointments ------------ --- 


	 --- 7/12/2045 --- 
 --- -------- Appointments ------------ --- 


	 --- 7/13/2045 --- 
 --- -------- Appointments ------------ --- 


	 --- 7/14/2045 --- 
 --- -------- Appointments ------------ --- 


	 --- 7/15/2045 --- 
 --- -------- Appointments ------------ --- 


	 --- 7/16/2045 --- 
 --- -------- Appointments ------------ --- 


	 --- 7/17/2045 --- 
 --- -------- Appointments ------------ --- 


	 --- 7/18/2045 --- 
 --- -------- Appointments ------------ --- 


	 --- 7/19/2045 --- 
 --- -------- Appointments ------------ --- 


	 --- 7/20/2045 --- 
 --- -------- Appointments ------------ --- 


	 --- 7/21/2045 --- 
 --- -------- Appointments ------------ --- 


	 --- 7/22/2045 --- 
 --- -------- Appointments ------------ --- 


	 --- 7/23/2045 --- 
 --- -------- Appointments ------------ --- 


	 --- 7/24/2045 --- 
 --- -------- Appointments ------------ --- 


	 --- 7/25/2045 --- 
 --- -------- Appointments ------------ --- 


	 --- 7/26/2045 --- 
 --- -------- Appointments ------------ --- 


	 --- 7/27/2045 --- 
 --- -------- Appointments ------------ --- 


	 --- 7/28/2045 --- 
 --- -------- Appointments ------------ --- 


	 --- 7/29/2045 --- 
 --- -------- Appointments ------------ --- 


	 --- 7/30/2045 --- 
 --- -------- Appointments ------------ --- 


	 --- 7/31/2045 --- 
 --- -------- Appointments ------------ --- 


	 --- 8/1/2045 --- 
 --- -------- Appointments ------------ --- 
	3/31/2017 at 3:30pm ,Birthday Party, This is my birthday party.
 

	 --- 8/2/2045 --- 
 --- -------- Appointments ------------ --- 


	 --- 8/3/2045 --- 
 --- -------- Appointments ------------ --- 


	 --- 8/4/2045 --- 
 --- -------- Appointments ------------ --- 


	 --- 8/5/2045 --- 
 --- -------- Appointments ------------ --- 


	 --- 8/6/2045 --- 
 --- -------- Appointments ------------ --- 


	 --- 8/7/2045 --- 
 --- -------- Appointments ------------ --- 


	 --- 8/8/2045 --- 
 --- -------- Appointments ------------ --- 


	 --- 8/9/2045 --- 
 --- -------- Appointments ------------ --- 


	 --- 8/10/2045 --- 
 --- -------- Appointments ------------ --- 


	 --- 8/11/2045 --- 
 --- -------- Appointments ------------ --- 


	 --- 8/12/2045 --- 
 --- -------- Appointments ------------ --- 


	 --- 8/13/2045 --- 
 --- -------- Appointments ------------ --- 


	 --- 8/14/2045 --- 
 --- -------- Appointments ------------ --- 


	 --- 8/15/2045 --- 
 --- -------- Appointments ------------ --- 


	 --- 8/16/2045 --- 
 --- -------- Appointments ------------ --- 


	 --- 8/17/2045 --- 
 --- -------- Appointments ------------ --- 


	 --- 8/18/2045 --- 
 --- -------- Appointments ------------ --- 


	 --- 8/19/2045 --- 
 --- -------- Appointments ------------ --- 


	 --- 8/20/2045 --- 
 --- -------- Appointments ------------ --- 


	 --- 8/21/2045 --- 
 --- -------- Appointments ------------ --- 


	 --- 8/22/2045 --- 
 --- -------- Appointments ------------ --- 


	 --- 8/23/2045 --- 
 --- -------- Appointments ------------ --- 


	 --- 8/24/2045 --- 
 --- -------- Appointments ------------ --- 


	 --- 8/25/2045 --- 
 --- -------- Appointments ------------ --- 


	 --- 8/26/2045 --- 
 --- -------- Appointments ------------ --- 


	 --- 8/27/2045 --- 
 --- -------- Appointments ------------ --- 


	 --- 8/28/2045 --- 
 --- -------- Appointments ------------ --- 


	 --- 8/29/2045 --- 
 --- -------- Appointments ------------ --- 


	 --- 8/30/2045 --- 
 --- -------- Appointments ------------ --- 


	 --- 9/1/2045 --- 
 --- -------- Appointments ------------ --- 
	3/31/2017 at 3:30pm ,Birthday Party, This is my birthday party.
 

	 --- 9/2/2045 --- 
 --- -------- Appointments ------------ --- 


	 --- 9/3/2045 --- 
 --- -------- Appointments ------------ --- 


	 --- 9/4/2045 --- 
 --- -------- Appointments ------------ --- 


	 --- 9/5/2045 --- 
 --- -------- Appointments ------------ --- 


	 --- 9/6/2045 --- 
 --- -------- Appointments ------------ --- 


	 --- 9/7/2045 --- 
 --- -------- Appointments ------------ --- 


	 --- 9/8/2045 --- 
 --- -------- Appointments ------------ --- 


	 --- 9/9/2045 --- 
 --- -------- Appointments ------------ --- 


	 --- 9/10/2045 --- 
 --- -------- Appointments ------------ --- 


	 --- 9/11/2045 --- 
 --- -------- Appointments ------------ --- 


	 --- 9/12/2045 --- 
 --- -------- Appointments ------------ --- 


	 --- 9/13/2045 --- 
 --- -------- Appointments ------------ --- 


	 --- 9/14/2045 --- 
 --- -------- Appointments ------------ --- 


	 --- 9/15/2045 --- 
 --- -------- Appointments ------------ --- 


	 --- 9/16/2045 --- 
 --- -------- Appointments ------------ --- 


	 --- 9/17/2045 --- 
 --- -------- Appointments ------------ --- 


	 --- 9/18/2045 --- 
 --- -------- Appointments ------------ --- 


	 --- 9/19/2045 --- 
 --- -------- Appointments ------------ --- 


	 --- 9/20/2045 --- 
 --- -------- Appointments ------------ --- 


	 --- 9/21/2045 --- 
 --- -------- Appointments ------------ --- 


	 --- 9/22/2045 --- 
 --- -------- Appointments ------------ --- 


	 --- 9/23/2045 --- 
 --- -------- Appointments ------------ --- 


	 --- 9/24/2045 --- 
 --- -------- Appointments ------------ --- 


	 --- 9/25/2045 --- 
 --- -------- Appointments ------------ --- 


	 --- 9/26/2045 --- 
 --- -------- Appointments ------------ --- 


	 --- 9/27/2045 --- 
 --- -------- Appointments ------------ --- 


	 --- 9/28/2045 --- 
 --- -------- Appointments ------------ --- 


	 --- 9/29/2045 --- 
 --- -------- Appointments ------------ --- 


	 --- 9/30/2045 --- 
 --- -------- Appointments ------------ --- 


	 --- 9/31/2045 --- 
 --- -------- Appointments ------------ --- 


	 --- 10/1/2045 --- 
 --- -------- Appointments ------------ --- 
	3/31/2017 at 3:30pm ,Birthday Party, This is my birthday party.
 

	 --- 10/2/2045 --- 
 --- -------- Appointments ------------ --- 


	 --- 10/3/2045 --- 
 --- -------- Appointments ------------ --- 


	 --- 10/4/2045 --- 
 --- -------- Appointments ------------ --- 


	 --- 10/5/2045 --- 
 --- -------- Appointments ------------ --- 


	 --- 10/6/2045 --- 
 --- -------- Appointments ------------ --- 


	 --- 10/7/2045 --- 
 --- -------- Appointments ------------ --- 


	 --- 10/8/2045 --- 
 --- -------- Appointments ------------ --- 


	 --- 10/9/2045 --- 
 --- -------- Appointments ------------ --- 


	 --- 10/10/2045 --- 
 --- -------- Appointments ------------ --- 


	 --- 10/11/2045 --- 
 --- -------- Appointments ------------ --- 


	 --- 10/12/2045 --- 
 --- -------- Appointments ------------ --- 


	 --- 10/13/2045 --- 
 --- -------- Appointments ------------ --- 


	 --- 10/14/2045 --- 
 --- -------- Appointments ------------ --- 


	 --- 10/15/2045 --- 
 --- -------- Appointments ------------ --- 


	 --- 10/16/2045 --- 
 --- -------- Appointments ------------ --- 


	 --- 10/17/2045 --- 
 --- -------- Appointments ------------ --- 


	 --- 10/18/2045 --- 
 --- -------- Appointments ------------ --- 


	 --- 10/19/2045 --- 
 --- -------- Appointments ------------ --- 


	 --- 10/20/2045 --- 
 --- -------- Appointments ------------ --- 


	 --- 10/21/2045 --- 
 --- -------- Appointments ------------ --- 


	 --- 10/22/2045 --- 
 --- -------- Appointments ------------ --- 


	 --- 10/23/2045 --- 
 --- -------- Appointments ------------ --- 


	 --- 10/24/2045 --- 
 --- -------- Appointments ------------ --- 


	 --- 10/25/2045 --- 
 --- -------- Appointments ------------ --- 


	 --- 10/26/2045 --- 
 --- -------- Appointments ------------ --- 


	 --- 10/27/2045 --- 
 --- -------- Appointments ------------ --- 


	 --- 10/28/2045 --- 
 --- -------- Appointments ------------ --- 


	 --- 10/29/2045 --- 
 --- -------- Appointments ------------ --- 


	 --- 10/30/2045 --- 
 --- -------- Appointments ------------ --- 


	 --- 11/1/2045 --- 
 --- -------- Appointments ------------ --- 
	3/31/2017 at 3:30pm ,Birthday Party, This is my birthday party.
 

	 --- 11/2/2045 --- 
 --- -------- Appointments ------------ --- 


	 --- 11/3/2045 --- 
 --- -------- Appointments ------------ --- 


	 --- 11/4/2045 --- 
 --- -------- Appointments ------------ --- 


	 --- 11/5/2045 --- 
 --- -------- Appointments ------------ --- 


	 --- 11/6/2045 --- 
 --- -------- Appointments ------------ --- 


	 --- 11/7/2045 --- 
 --- -------- Appointments ------------ --- 


	 --- 11/8/2045 --- 
 --- -------- Appointments ------------ --- 


	 --- 11/9/2045 --- 
 --- -------- Appointments ------------ --- 


	 --- 11/10/2045 --- 
 --- -------- Appointments ------------ --- 


	 --- 11/11/2045 --- 
 --- -------- Appointments ------------ --- 


	 --- 11/12/2045 --- 
 --- -------- Appointments ------------ --- 


	 --- 11/13/2045 --- 
 --- -------- Appointments ------------ --- 


	 --- 11/14/2045 --- 
 --- -------- Appointments ------------ --- 


	 --- 11/15/2045 --- 
 --- -------- Appointments ------------ --- 


	 --- 11/16/2045 --- 
 --- -------- Appointments ------------ --- 


	 --- 11/17/2045 --- 
 --- -------- Appointments ------------ --- 


	 --- 11/18/2045 --- 
 --- -------- Appointments ------------ --- 


	 --- 11/19/2045 --- 
 --- -------- Appointments ------------ --- 


	 --- 11/20/2045 --- 
 --- -------- Appointments ------------ --- 


	 --- 11/21/2045 --- 
 --- -------- Appointments ------------ --- 


	 --- 11/22/2045 --- 
 --- -------- Appointments ------------ --- 


	 --- 11/23/2045 --- 
 --- -------- Appointments ------------ --- 


	 --- 11/24/2045 --- 
 --- -------- Appointments ------------ --- 


	 --- 11/25/2045 --- 
 --- -------- Appointments ------------ --- 


	 --- 11/26/2045 --- 
 --- -------- Appointments ------------ --- 


	 --- 11/27/2045 --- 
 --- -------- Appointments ------------ --- 


	 --- 11/28/2045 --- 
 --- -------- Appointments ------------ --- 


	 --- 11/29/2045 --- 
 --- -------- Appointments ------------ --- 


	 --- 11/30/2045 --- 
 --- -------- Appointments ------------ --- 


	 --- 11/31/2045 --- 
 --- -------- Appointments ------------ --- 


	 --- 0/1/2046 --- 
 --- -------- Appointments ------------ --- 
	3/31/2017 at 3:30pm ,Birthday Party, This is my birthday party.
 

	 --- 0/2/2046 --- 
 --- -------- Appointments ------------ --- 


	 --- 0/3/2046 --- 
 --- -------- Appointments ------------ --- 


	 --- 0/4/2046 --- 
 --- -------- Appointments ------------ --- 


	 --- 0/5/2046 --- 
 --- -------- Appointments ------------ --- 


	 --- 0/6/2046 --- 
 --- -------- Appointments ------------ --- 


	 --- 0/7/2046 --- 
 --- -------- Appointments ------------ --- 


	 --- 0/8/2046 --- 
 --- -------- Appointments ------------ --- 


	 --- 0/9/2046 --- 
 --- -------- Appointments ------------ --- 


	 --- 0/10/2046 --- 
 --- -------- Appointments ------------ --- 


	 --- 0/11/2046 --- 
 --- -------- Appointments ------------ --- 


	 --- 0/12/2046 --- 
 --- -------- Appointments ------------ --- 


	 --- 0/13/2046 --- 
 --- -------- Appointments ------------ --- 


	 --- 0/14/2046 --- 
 --- -------- Appointments ------------ --- 


	 --- 0/15/2046 --- 
 --- -------- Appointments ------------ --- 


	 --- 0/16/2046 --- 
 --- -------- Appointments ------------ --- 


	 --- 0/17/2046 --- 
 --- -------- Appointments ------------ --- 


	 --- 0/18/2046 --- 
 --- -------- Appointments ------------ --- 


	 --- 0/19/2046 --- 
 --- -------- Appointments ------------ --- 


	 --- 0/20/2046 --- 
 --- -------- Appointments ------------ --- 


	 --- 0/21/2046 --- 
 --- -------- Appointments ------------ --- 


	 --- 0/22/2046 --- 
 --- -------- Appointments ------------ --- 


	 --- 0/23/2046 --- 
 --- -------- Appointments ------------ --- 


	 --- 0/24/2046 --- 
 --- -------- Appointments ------------ --- 


	 --- 0/25/2046 --- 
 --- -------- Appointments ------------ --- 


	 --- 0/26/2046 --- 
 --- -------- Appointments ------------ --- 


	 --- 0/27/2046 --- 
 --- -------- Appointments ------------ --- 


	 --- 0/28/2046 --- 
 --- -------- Appointments ------------ --- 


	 --- 0/29/2046 --- 
 --- -------- Appointments ------------ --- 


	 --- 0/30/2046 --- 
 --- -------- Appointments ------------ --- 


	 --- 0/31/2046 --- 
 --- -------- Appointments ------------ --- 


	 --- 1/1/2046 --- 
 --- -------- Appointments ------------ --- 
	3/31/2017 at 3:30pm ,Birthday Party, This is my birthday party.
 

	 --- 1/2/2046 --- 
 --- -------- Appointments ------------ --- 


	 --- 1/3/2046 --- 
 --- -------- Appointments ------------ --- 


	 --- 1/4/2046 --- 
 --- -------- Appointments ------------ --- 


	 --- 1/5/2046 --- 
 --- -------- Appointments ------------ --- 


	 --- 1/6/2046 --- 
 --- -------- Appointments ------------ --- 


	 --- 1/7/2046 --- 
 --- -------- Appointments ------------ --- 


	 --- 1/8/2046 --- 
 --- -------- Appointments ------------ --- 


	 --- 1/9/2046 --- 
 --- -------- Appointments ------------ --- 


	 --- 1/10/2046 --- 
 --- -------- Appointments ------------ --- 


	 --- 1/11/2046 --- 
 --- -------- Appointments ------------ --- 


	 --- 1/12/2046 --- 
 --- -------- Appointments ------------ --- 


	 --- 1/13/2046 --- 
 --- -------- Appointments ------------ --- 


	 --- 1/14/2046 --- 
 --- -------- Appointments ------------ --- 


	 --- 1/15/2046 --- 
 --- -------- Appointments ------------ --- 


	 --- 1/16/2046 --- 
 --- -------- Appointments ------------ --- 


	 --- 1/17/2046 --- 
 --- -------- Appointments ------------ --- 


	 --- 1/18/2046 --- 
 --- -------- Appointments ------------ --- 


	 --- 1/19/2046 --- 
 --- -------- Appointments ------------ --- 


	 --- 1/20/2046 --- 
 --- -------- Appointments ------------ --- 


	 --- 1/21/2046 --- 
 --- -------- Appointments ------------ --- 


	 --- 1/22/2046 --- 
 --- -------- Appointments ------------ --- 


	 --- 1/23/2046 --- 
 --- -------- Appointments ------------ --- 


	 --- 1/24/2046 --- 
 --- -------- Appointments ------------ --- 


	 --- 1/25/2046 --- 
 --- -------- Appointments ------------ --- 


	 --- 1/26/2046 --- 
 --- -------- Appointments ------------ --- 


	 --- 1/27/2046 --- 
 --- -------- Appointments ------------ --- 


	 --- 1/28/2046 --- 
 --- -------- Appointments ------------ --- 


	 --- 2/1/2046 --- 
 --- -------- Appointments ------------ --- 
	3/31/2017 at 3:30pm ,Birthday Party, This is my birthday party.
 

	 --- 2/2/2046 --- 
 --- -------- Appointments ------------ --- 


	 --- 2/3/2046 --- 
 --- -------- Appointments ------------ --- 


	 --- 2/4/2046 --- 
 --- -------- Appointments ------------ --- 


	 --- 2/5/2046 --- 
 --- -------- Appointments ------------ --- 


	 --- 2/6/2046 --- 
 --- -------- Appointments ------------ --- 


	 --- 2/7/2046 --- 
 --- -------- Appointments ------------ --- 


	 --- 2/8/2046 --- 
 --- -------- Appointments ------------ --- 


	 --- 2/9/2046 --- 
 --- -------- Appointments ------------ --- 


	 --- 2/10/2046 --- 
 --- -------- Appointments ------------ --- 


	 --- 2/11/2046 --- 
 --- -------- Appointments ------------ --- 


	 --- 2/12/2046 --- 
 --- -------- Appointments ------------ --- 


	 --- 2/13/2046 --- 
 --- -------- Appointments ------------ --- 


	 --- 2/14/2046 --- 
 --- -------- Appointments ------------ --- 


	 --- 2/15/2046 --- 
 --- -------- Appointments ------------ --- 


	 --- 2/16/2046 --- 
 --- -------- Appointments ------------ --- 


	 --- 2/17/2046 --- 
 --- -------- Appointments ------------ --- 


	 --- 2/18/2046 --- 
 --- -------- Appointments ------------ --- 


	 --- 2/19/2046 --- 
 --- -------- Appointments ------------ --- 


	 --- 2/20/2046 --- 
 --- -------- Appointments ------------ --- 


	 --- 2/21/2046 --- 
 --- -------- Appointments ------------ --- 


	 --- 2/22/2046 --- 
 --- -------- Appointments ------------ --- 


	 --- 2/23/2046 --- 
 --- -------- Appointments ------------ --- 


	 --- 2/24/2046 --- 
 --- -------- Appointments ------------ --- 


	 --- 2/25/2046 --- 
 --- -------- Appointments ------------ --- 


	 --- 2/26/2046 --- 
 --- -------- Appointments ------------ --- 
	2/26/2018 at 11:30pm ,Birthday Party, This is my birthday party.
 

	 --- 2/27/2046 --- 
 --- -------- Appointments ------------ --- 


	 --- 2/28/2046 --- 
 --- -------- Appointments ------------ --- 


	 --- 2/29/2046 --- 
 --- -------- Appointments ------------ --- 


	 --- 2/30/2046 --- 
 --- -------- Appointments ------------ --- 


	 --- 2/31/2046 --- 
 --- -------- Appointments ------------ --- 


	 --- 3/1/2046 --- 
 --- -------- Appointments ------------ --- 
	3/31/2017 at 3:30pm ,Birthday Party, This is my birthday party.
 

	 --- 3/2/2046 --- 
 --- -------- Appointments ------------ --- 


	 --- 3/3/2046 --- 
 --- -------- Appointments ------------ --- 


	 --- 3/4/2046 --- 
 --- -------- Appointments ------------ --- 


	 --- 3/5/2046 --- 
 --- -------- Appointments ------------ --- 


	 --- 3/6/2046 --- 
 --- -------- Appointments ------------ --- 


	 --- 3/7/2046 --- 
 --- -------- Appointments ------------ --- 


	 --- 3/8/2046 --- 
 --- -------- Appointments ------------ --- 


	 --- 3/9/2046 --- 
 --- -------- Appointments ------------ --- 


	 --- 3/10/2046 --- 
 --- -------- Appointments ------------ --- 


	 --- 3/11/2046 --- 
 --- -------- Appointments ------------ --- 


	 --- 3/12/2046 --- 
 --- -------- Appointments ------------ --- 


	 --- 3/13/2046 --- 
 --- -------- Appointments ------------ --- 


	 --- 3/14/2046 --- 
 --- -------- Appointments ------------ --- 


	 --- 3/15/2046 --- 
 --- -------- Appointments ------------ --- 


	 --- 3/16/2046 --- 
 --- -------- Appointments ------------ --- 


	 --- 3/17/2046 --- 
 --- -------- Appointments ------------ --- 


	 --- 3/18/2046 --- 
 --- -------- Appointments ------------ --- 


	 --- 3/19/2046 --- 
 --- -------- Appointments ------------ --- 


	 --- 3/20/2046 --- 
 --- -------- Appointments ------------ --- 


	 --- 3/21/2046 --- 
 --- -------- Appointments ------------ --- 


	 --- 3/22/2046 --- 
 --- -------- Appointments ------------ --- 


	 --- 3/23/2046 --- 
 --- -------- Appointments ------------ --- 


	 --- 3/24/2046 --- 
 --- -------- Appointments ------------ --- 


	 --- 3/25/2046 --- 
 --- -------- Appointments ------------ --- 


	 --- 3/26/2046 --- 
 --- -------- Appointments ------------ --- 


	 --- 3/27/2046 --- 
 --- -------- Appointments ------------ --- 


	 --- 3/28/2046 --- 
 --- -------- Appointments ------------ --- 


	 --- 3/29/2046 --- 
 --- -------- Appointments ------------ --- 


	 --- 3/30/2046 --- 
 --- -------- Appointments ------------ --- 


	 --- 4/1/2046 --- 
 --- -------- Appointments ------------ --- 
	3/31/2017 at 3:30pm ,Birthday Party, This is my birthday party.
 

	 --- 4/2/2046 --- 
 --- -------- Appointments ------------ --- 


	 --- 4/3/2046 --- 
 --- -------- Appointments ------------ --- 


	 --- 4/4/2046 --- 
 --- -------- Appointments ------------ --- 


	 --- 4/5/2046 --- 
 --- -------- Appointments ------------ --- 


	 --- 4/6/2046 --- 
 --- -------- Appointments ------------ --- 


	 --- 4/7/2046 --- 
 --- -------- Appointments ------------ --- 


	 --- 4/8/2046 --- 
 --- -------- Appointments ------------ --- 


	 --- 4/9/2046 --- 
 --- -------- Appointments ------------ --- 


	 --- 4/10/2046 --- 
 --- -------- Appointments ------------ --- 


	 --- 4/11/2046 --- 
 --- -------- Appointments ------------ --- 


	 --- 4/12/2046 --- 
 --- -------- Appointments ------------ --- 


	 --- 4/13/2046 --- 
 --- -------- Appointments ------------ --- 


	 --- 4/14/2046 --- 
 --- -------- Appointments ------------ --- 


	 --- 4/15/2046 --- 
 --- -------- Appointments ------------ --- 


	 --- 4/16/2046 --- 
 --- -------- Appointments ------------ --- 


	 --- 4/17/2046 --- 
 --- -------- Appointments ------------ --- 


	 --- 4/18/2046 --- 
 --- -------- Appointments ------------ --- 


	 --- 4/19/2046 --- 
 --- -------- Appointments ------------ --- 


	 --- 4/20/2046 --- 
 --- -------- Appointments ------------ --- 


	 --- 4/21/2046 --- 
 --- -------- Appointments ------------ --- 


	 --- 4/22/2046 --- 
 --- -------- Appointments ------------ --- 


	 --- 4/23/2046 --- 
 --- -------- Appointments ------------ --- 


	 --- 4/24/2046 --- 
 --- -------- Appointments ------------ --- 


	 --- 4/25/2046 --- 
 --- -------- Appointments ------------ --- 


	 --- 4/26/2046 --- 
 --- -------- Appointments ------------ --- 


	 --- 4/27/2046 --- 
 --- -------- Appointments ------------ --- 


	 --- 4/28/2046 --- 
 --- -------- Appointments ------------ --- 


	 --- 4/29/2046 --- 
 --- -------- Appointments ------------ --- 


	 --- 4/30/2046 --- 
 --- -------- Appointments ------------ --- 


	 --- 4/31/2046 --- 
 --- -------- Appointments ------------ --- 


	 --- 5/1/2046 --- 
 --- -------- Appointments ------------ --- 
	3/31/2017 at 3:30pm ,Birthday Party, This is my birthday party.
 

	 --- 5/2/2046 --- 
 --- -------- Appointments ------------ --- 


	 --- 5/3/2046 --- 
 --- -------- Appointments ------------ --- 


	 --- 5/4/2046 --- 
 --- -------- Appointments ------------ --- 


	 --- 5/5/2046 --- 
 --- -------- Appointments ------------ --- 


	 --- 5/6/2046 --- 
 --- -------- Appointments ------------ --- 


	 --- 5/7/2046 --- 
 --- -------- Appointments ------------ --- 


	 --- 5/8/2046 --- 
 --- -------- Appointments ------------ --- 


	 --- 5/9/2046 --- 
 --- -------- Appointments ------------ --- 


	 --- 5/10/2046 --- 
 --- -------- Appointments ------------ --- 


	 --- 5/11/2046 --- 
 --- -------- Appointments ------------ --- 


	 --- 5/12/2046 --- 
 --- -------- Appointments ------------ --- 


	 --- 5/13/2046 --- 
 --- -------- Appointments ------------ --- 


	 --- 5/14/2046 --- 
 --- -------- Appointments ------------ --- 


	 --- 5/15/2046 --- 
 --- -------- Appointments ------------ --- 


	 --- 5/16/2046 --- 
 --- -------- Appointments ------------ --- 


	 --- 5/17/2046 --- 
 --- -------- Appointments ------------ --- 


	 --- 5/18/2046 --- 
 --- -------- Appointments ------------ --- 


	 --- 5/19/2046 --- 
 --- -------- Appointments ------------ --- 


	 --- 5/20/2046 --- 
 --- -------- Appointments ------------ --- 


	 --- 5/21/2046 --- 
 --- -------- Appointments ------------ --- 


	 --- 5/22/2046 --- 
 --- -------- Appointments ------------ --- 


	 --- 5/23/2046 --- 
 --- -------- Appointments ------------ --- 


	 --- 5/24/2046 --- 
 --- -------- Appointments ------------ --- 


	 --- 5/25/2046 --- 
 --- -------- Appointments ------------ --- 


	 --- 5/26/2046 --- 
 --- -------- Appointments ------------ --- 


	 --- 5/27/2046 --- 
 --- -------- Appointments ------------ --- 


	 --- 5/28/2046 --- 
 --- -------- Appointments ------------ --- 


	 --- 5/29/2046 --- 
 --- -------- Appointments ------------ --- 


	 --- 5/30/2046 --- 
 --- -------- Appointments ------------ --- 


	 --- 6/1/2046 --- 
 --- -------- Appointments ------------ --- 
	3/31/2017 at 3:30pm ,Birthday Party, This is my birthday party.
 

	 --- 6/2/2046 --- 
 --- -------- Appointments ------------ --- 


	 --- 6/3/2046 --- 
 --- -------- Appointments ------------ --- 


	 --- 6/4/2046 --- 
 --- -------- Appointments ------------ --- 


	 --- 6/5/2046 --- 
 --- -------- Appointments ------------ --- 


	 --- 6/6/2046 --- 
 --- -------- Appointments ------------ --- 


	 --- 6/7/2046 --- 
 --- -------- Appointments ------------ --- 


	 --- 6/8/2046 --- 
 --- -------- Appointments ------------ --- 


	 --- 6/9/2046 --- 
 --- -------- Appointments ------------ --- 


	 --- 6/10/2046 --- 
 --- -------- Appointments ------------ --- 


	 --- 6/11/2046 --- 
 --- -------- Appointments ------------ --- 


	 --- 6/12/2046 --- 
 --- -------- Appointments ------------ --- 


	 --- 6/13/2046 --- 
 --- -------- Appointments ------------ --- 


	 --- 6/14/2046 --- 
 --- -------- Appointments ------------ --- 


	 --- 6/15/2046 --- 
 --- -------- Appointments ------------ --- 


	 --- 6/16/2046 --- 
 --- -------- Appointments ------------ --- 


	 --- 6/17/2046 --- 
 --- -------- Appointments ------------ --- 


	 --- 6/18/2046 --- 
 --- -------- Appointments ------------ --- 


	 --- 6/19/2046 --- 
 --- -------- Appointments ------------ --- 


	 --- 6/20/2046 --- 
 --- -------- Appointments ------------ --- 


	 --- 6/21/2046 --- 
 --- -------- Appointments ------------ --- 


	 --- 6/22/2046 --- 
 --- -------- Appointments ------------ --- 


	 --- 6/23/2046 --- 
 --- -------- Appointments ------------ --- 


	 --- 6/24/2046 --- 
 --- -------- Appointments ------------ --- 


	 --- 6/25/2046 --- 
 --- -------- Appointments ------------ --- 


	 --- 6/26/2046 --- 
 --- -------- Appointments ------------ --- 


	 --- 6/27/2046 --- 
 --- -------- Appointments ------------ --- 


	 --- 6/28/2046 --- 
 --- -------- Appointments ------------ --- 


	 --- 6/29/2046 --- 
 --- -------- Appointments ------------ --- 


	 --- 6/30/2046 --- 
 --- -------- Appointments ------------ --- 


	 --- 6/31/2046 --- 
 --- -------- Appointments ------------ --- 


	 --- 7/1/2046 --- 
 --- -------- Appointments ------------ --- 
	3/31/2017 at 3:30pm ,Birthday Party, This is my birthday party.
 

	 --- 7/2/2046 --- 
 --- -------- Appointments ------------ --- 


	 --- 7/3/2046 --- 
 --- -------- Appointments ------------ --- 


	 --- 7/4/2046 --- 
 --- -------- Appointments ------------ --- 


	 --- 7/5/2046 --- 
 --- -------- Appointments ------------ --- 


	 --- 7/6/2046 --- 
 --- -------- Appointments ------------ --- 


	 --- 7/7/2046 --- 
 --- -------- Appointments ------------ --- 


	 --- 7/8/2046 --- 
 --- -------- Appointments ------------ --- 


	 --- 7/9/2046 --- 
 --- -------- Appointments ------------ --- 


	 --- 7/10/2046 --- 
 --- -------- Appointments ------------ --- 


	 --- 7/11/2046 --- 
 --- -------- Appointments ------------ --- 


	 --- 7/12/2046 --- 
 --- -------- Appointments ------------ --- 


	 --- 7/13/2046 --- 
 --- -------- Appointments ------------ --- 


	 --- 7/14/2046 --- 
 --- -------- Appointments ------------ --- 


	 --- 7/15/2046 --- 
 --- -------- Appointments ------------ --- 


	 --- 7/16/2046 --- 
 --- -------- Appointments ------------ --- 


	 --- 7/17/2046 --- 
 --- -------- Appointments ------------ --- 


	 --- 7/18/2046 --- 
 --- -------- Appointments ------------ --- 


	 --- 7/19/2046 --- 
 --- -------- Appointments ------------ --- 


	 --- 7/20/2046 --- 
 --- -------- Appointments ------------ --- 


	 --- 7/21/2046 --- 
 --- -------- Appointments ------------ --- 


	 --- 7/22/2046 --- 
 --- -------- Appointments ------------ --- 


	 --- 7/23/2046 --- 
 --- -------- Appointments ------------ --- 


	 --- 7/24/2046 --- 
 --- -------- Appointments ------------ --- 


	 --- 7/25/2046 --- 
 --- -------- Appointments ------------ --- 


	 --- 7/26/2046 --- 
 --- -------- Appointments ------------ --- 


	 --- 7/27/2046 --- 
 --- -------- Appointments ------------ --- 


	 --- 7/28/2046 --- 
 --- -------- Appointments ------------ --- 


	 --- 7/29/2046 --- 
 --- -------- Appointments ------------ --- 


	 --- 7/30/2046 --- 
 --- -------- Appointments ------------ --- 


	 --- 7/31/2046 --- 
 --- -------- Appointments ------------ --- 


	 --- 8/1/2046 --- 
 --- -------- Appointments ------------ --- 
	3/31/2017 at 3:30pm ,Birthday Party, This is my birthday party.
 

	 --- 8/2/2046 --- 
 --- -------- Appointments ------------ --- 


	 --- 8/3/2046 --- 
 --- -------- Appointments ------------ --- 


	 --- 8/4/2046 --- 
 --- -------- Appointments ------------ --- 


	 --- 8/5/2046 --- 
 --- -------- Appointments ------------ --- 


	 --- 8/6/2046 --- 
 --- -------- Appointments ------------ --- 


	 --- 8/7/2046 --- 
 --- -------- Appointments ------------ --- 


	 --- 8/8/2046 --- 
 --- -------- Appointments ------------ --- 


	 --- 8/9/2046 --- 
 --- -------- Appointments ------------ --- 


	 --- 8/10/2046 --- 
 --- -------- Appointments ------------ --- 


	 --- 8/11/2046 --- 
 --- -------- Appointments ------------ --- 


	 --- 8/12/2046 --- 
 --- -------- Appointments ------------ --- 


	 --- 8/13/2046 --- 
 --- -------- Appointments ------------ --- 


	 --- 8/14/2046 --- 
 --- -------- Appointments ------------ --- 


	 --- 8/15/2046 --- 
 --- -------- Appointments ------------ --- 


	 --- 8/16/2046 --- 
 --- -------- Appointments ------------ --- 


	 --- 8/17/2046 --- 
 --- -------- Appointments ------------ --- 


	 --- 8/18/2046 --- 
 --- -------- Appointments ------------ --- 


	 --- 8/19/2046 --- 
 --- -------- Appointments ------------ --- 


	 --- 8/20/2046 --- 
 --- -------- Appointments ------------ --- 


	 --- 8/21/2046 --- 
 --- -------- Appointments ------------ --- 


	 --- 8/22/2046 --- 
 --- -------- Appointments ------------ --- 


	 --- 8/23/2046 --- 
 --- -------- Appointments ------------ --- 


	 --- 8/24/2046 --- 
 --- -------- Appointments ------------ --- 


	 --- 8/25/2046 --- 
 --- -------- Appointments ------------ --- 


	 --- 8/26/2046 --- 
 --- -------- Appointments ------------ --- 


	 --- 8/27/2046 --- 
 --- -------- Appointments ------------ --- 


	 --- 8/28/2046 --- 
 --- -------- Appointments ------------ --- 


	 --- 8/29/2046 --- 
 --- -------- Appointments ------------ --- 


	 --- 8/30/2046 --- 
 --- -------- Appointments ------------ --- 


	 --- 9/1/2046 --- 
 --- -------- Appointments ------------ --- 
	3/31/2017 at 3:30pm ,Birthday Party, This is my birthday party.
 

	 --- 9/2/2046 --- 
 --- -------- Appointments ------------ --- 


	 --- 9/3/2046 --- 
 --- -------- Appointments ------------ --- 


	 --- 9/4/2046 --- 
 --- -------- Appointments ------------ --- 


	 --- 9/5/2046 --- 
 --- -------- Appointments ------------ --- 


	 --- 9/6/2046 --- 
 --- -------- Appointments ------------ --- 


	 --- 9/7/2046 --- 
 --- -------- Appointments ------------ --- 


	 --- 9/8/2046 --- 
 --- -------- Appointments ------------ --- 


	 --- 9/9/2046 --- 
 --- -------- Appointments ------------ --- 


	 --- 9/10/2046 --- 
 --- -------- Appointments ------------ --- 


	 --- 9/11/2046 --- 
 --- -------- Appointments ------------ --- 


	 --- 9/12/2046 --- 
 --- -------- Appointments ------------ --- 


	 --- 9/13/2046 --- 
 --- -------- Appointments ------------ --- 


	 --- 9/14/2046 --- 
 --- -------- Appointments ------------ --- 


	 --- 9/15/2046 --- 
 --- -------- Appointments ------------ --- 


	 --- 9/16/2046 --- 
 --- -------- Appointments ------------ --- 


	 --- 9/17/2046 --- 
 --- -------- Appointments ------------ --- 


	 --- 9/18/2046 --- 
 --- -------- Appointments ------------ --- 


	 --- 9/19/2046 --- 
 --- -------- Appointments ------------ --- 


	 --- 9/20/2046 --- 
 --- -------- Appointments ------------ --- 


	 --- 9/21/2046 --- 
 --- -------- Appointments ------------ --- 


	 --- 9/22/2046 --- 
 --- -------- Appointments ------------ --- 


	 --- 9/23/2046 --- 
 --- -------- Appointments ------------ --- 


	 --- 9/24/2046 --- 
 --- -------- Appointments ------------ --- 


	 --- 9/25/2046 --- 
 --- -------- Appointments ------------ --- 


	 --- 9/26/2046 --- 
 --- -------- Appointments ------------ --- 


	 --- 9/27/2046 --- 
 --- -------- Appointments ------------ --- 


	 --- 9/28/2046 --- 
 --- -------- Appointments ------------ --- 


	 --- 9/29/2046 --- 
 --- -------- Appointments ------------ --- 


	 --- 9/30/2046 --- 
 --- -------- Appointments ------------ --- 


	 --- 9/31/2046 --- 
 --- -------- Appointments ------------ --- 


	 --- 10/1/2046 --- 
 --- -------- Appointments ------------ --- 
	3/31/2017 at 3:30pm ,Birthday Party, This is my birthday party.
 

	 --- 10/2/2046 --- 
 --- -------- Appointments ------------ --- 


	 --- 10/3/2046 --- 
 --- -------- Appointments ------------ --- 


	 --- 10/4/2046 --- 
 --- -------- Appointments ------------ --- 


	 --- 10/5/2046 --- 
 --- -------- Appointments ------------ --- 


	 --- 10/6/2046 --- 
 --- -------- Appointments ------------ --- 


	 --- 10/7/2046 --- 
 --- -------- Appointments ------------ --- 


	 --- 10/8/2046 --- 
 --- -------- Appointments ------------ --- 


	 --- 10/9/2046 --- 
 --- -------- Appointments ------------ --- 


	 --- 10/10/2046 --- 
 --- -------- Appointments ------------ --- 


	 --- 10/11/2046 --- 
 --- -------- Appointments ------------ --- 


	 --- 10/12/2046 --- 
 --- -------- Appointments ------------ --- 


	 --- 10/13/2046 --- 
 --- -------- Appointments ------------ --- 


	 --- 10/14/2046 --- 
 --- -------- Appointments ------------ --- 


	 --- 10/15/2046 --- 
 --- -------- Appointments ------------ --- 


	 --- 10/16/2046 --- 
 --- -------- Appointments ------------ --- 


	 --- 10/17/2046 --- 
 --- -------- Appointments ------------ --- 


	 --- 10/18/2046 --- 
 --- -------- Appointments ------------ --- 


	 --- 10/19/2046 --- 
 --- -------- Appointments ------------ --- 


	 --- 10/20/2046 --- 
 --- -------- Appointments ------------ --- 


	 --- 10/21/2046 --- 
 --- -------- Appointments ------------ --- 


	 --- 10/22/2046 --- 
 --- -------- Appointments ------------ --- 


	 --- 10/23/2046 --- 
 --- -------- Appointments ------------ --- 


	 --- 10/24/2046 --- 
 --- -------- Appointments ------------ --- 


	 --- 10/25/2046 --- 
 --- -------- Appointments ------------ --- 


	 --- 10/26/2046 --- 
 --- -------- Appointments ------------ --- 


	 --- 10/27/2046 --- 
 --- -------- Appointments ------------ --- 


	 --- 10/28/2046 --- 
 --- -------- Appointments ------------ --- 


	 --- 10/29/2046 --- 
 --- -------- Appointments ------------ --- 


	 --- 10/30/2046 --- 
 --- -------- Appointments ------------ --- 


	 --- 11/1/2046 --- 
 --- -------- Appointments ------------ --- 
	3/31/2017 at 3:30pm ,Birthday Party, This is my birthday party.
 

	 --- 11/2/2046 --- 
 --- -------- Appointments ------------ --- 


	 --- 11/3/2046 --- 
 --- -------- Appointments ------------ --- 


	 --- 11/4/2046 --- 
 --- -------- Appointments ------------ --- 


	 --- 11/5/2046 --- 
 --- -------- Appointments ------------ --- 


	 --- 11/6/2046 --- 
 --- -------- Appointments ------------ --- 


	 --- 11/7/2046 --- 
 --- -------- Appointments ------------ --- 


	 --- 11/8/2046 --- 
 --- -------- Appointments ------------ --- 


	 --- 11/9/2046 --- 
 --- -------- Appointments ------------ --- 


	 --- 11/10/2046 --- 
 --- -------- Appointments ------------ --- 


	 --- 11/11/2046 --- 
 --- -------- Appointments ------------ --- 


	 --- 11/12/2046 --- 
 --- -------- Appointments ------------ --- 


	 --- 11/13/2046 --- 
 --- -------- Appointments ------------ --- 


	 --- 11/14/2046 --- 
 --- -------- Appointments ------------ --- 


	 --- 11/15/2046 --- 
 --- -------- Appointments ------------ --- 


	 --- 11/16/2046 --- 
 --- -------- Appointments ------------ --- 


	 --- 11/17/2046 --- 
 --- -------- Appointments ------------ --- 


	 --- 11/18/2046 --- 
 --- -------- Appointments ------------ --- 


	 --- 11/19/2046 --- 
 --- -------- Appointments ------------ --- 


	 --- 11/20/2046 --- 
 --- -------- Appointments ------------ --- 


	 --- 11/21/2046 --- 
 --- -------- Appointments ------------ --- 


	 --- 11/22/2046 --- 
 --- -------- Appointments ------------ --- 


	 --- 11/23/2046 --- 
 --- -------- Appointments ------------ --- 


	 --- 11/24/2046 --- 
 --- -------- Appointments ------------ --- 


	 --- 11/25/2046 --- 
 --- -------- Appointments ------------ --- 


	 --- 11/26/2046 --- 
 --- -------- Appointments ------------ --- 


	 --- 11/27/2046 --- 
 --- -------- Appointments ------------ --- 


	 --- 11/28/2046 --- 
 --- -------- Appointments ------------ --- 


	 --- 11/29/2046 --- 
 --- -------- Appointments ------------ --- 


	 --- 11/30/2046 --- 
 --- -------- Appointments ------------ --- 


	 --- 11/31/2046 --- 
 --- -------- Appointments ------------ --- 


	 --- 0/1/2047 --- 
 --- -------- Appointments ------------ --- 
	3/31/2017 at 3:30pm ,Birthday Party, This is my birthday party.
 

	 --- 0/2/2047 --- 
 --- -------- Appointments ------------ --- 


	 --- 0/3/2047 --- 
 --- -------- Appointments ------------ --- 


	 --- 0/4/2047 --- 
 --- -------- Appointments ------------ --- 


	 --- 0/5/2047 --- 
 --- -------- Appointments ------------ --- 


	 --- 0/6/2047 --- 
 --- -------- Appointments ------------ --- 


	 --- 0/7/2047 --- 
 --- -------- Appointments ------------ --- 


	 --- 0/8/2047 --- 
 --- -------- Appointments ------------ --- 


	 --- 0/9/2047 --- 
 --- -------- Appointments ------------ --- 


	 --- 0/10/2047 --- 
 --- -------- Appointments ------------ --- 


	 --- 0/11/2047 --- 
 --- -------- Appointments ------------ --- 


	 --- 0/12/2047 --- 
 --- -------- Appointments ------------ --- 


	 --- 0/13/2047 --- 
 --- -------- Appointments ------------ --- 


	 --- 0/14/2047 --- 
 --- -------- Appointments ------------ --- 


	 --- 0/15/2047 --- 
 --- -------- Appointments ------------ --- 


	 --- 0/16/2047 --- 
 --- -------- Appointments ------------ --- 


	 --- 0/17/2047 --- 
 --- -------- Appointments ------------ --- 


	 --- 0/18/2047 --- 
 --- -------- Appointments ------------ --- 


	 --- 0/19/2047 --- 
 --- -------- Appointments ------------ --- 


	 --- 0/20/2047 --- 
 --- -------- Appointments ------------ --- 


	 --- 0/21/2047 --- 
 --- -------- Appointments ------------ --- 


	 --- 0/22/2047 --- 
 --- -------- Appointments ------------ --- 


	 --- 0/23/2047 --- 
 --- -------- Appointments ------------ --- 


	 --- 0/24/2047 --- 
 --- -------- Appointments ------------ --- 


	 --- 0/25/2047 --- 
 --- -------- Appointments ------------ --- 


	 --- 0/26/2047 --- 
 --- -------- Appointments ------------ --- 


	 --- 0/27/2047 --- 
 --- -------- Appointments ------------ --- 


	 --- 0/28/2047 --- 
 --- -------- Appointments ------------ --- 


	 --- 0/29/2047 --- 
 --- -------- Appointments ------------ --- 


	 --- 0/30/2047 --- 
 --- -------- Appointments ------------ --- 


	 --- 0/31/2047 --- 
 --- -------- Appointments ------------ --- 


	 --- 1/1/2047 --- 
 --- -------- Appointments ------------ --- 
	3/31/2017 at 3:30pm ,Birthday Party, This is my birthday party.
 

	 --- 1/2/2047 --- 
 --- -------- Appointments ------------ --- 


	 --- 1/3/2047 --- 
 --- -------- Appointments ------------ --- 


	 --- 1/4/2047 --- 
 --- -------- Appointments ------------ --- 


	 --- 1/5/2047 --- 
 --- -------- Appointments ------------ --- 


	 --- 1/6/2047 --- 
 --- -------- Appointments ------------ --- 


	 --- 1/7/2047 --- 
 --- -------- Appointments ------------ --- 


	 --- 1/8/2047 --- 
 --- -------- Appointments ------------ --- 


	 --- 1/9/2047 --- 
 --- -------- Appointments ------------ --- 


	 --- 1/10/2047 --- 
 --- -------- Appointments ------------ --- 


	 --- 1/11/2047 --- 
 --- -------- Appointments ------------ --- 


	 --- 1/12/2047 --- 
 --- -------- Appointments ------------ --- 


	 --- 1/13/2047 --- 
 --- -------- Appointments ------------ --- 


	 --- 1/14/2047 --- 
 --- -------- Appointments ------------ --- 


	 --- 1/15/2047 --- 
 --- -------- Appointments ------------ --- 


	 --- 1/16/2047 --- 
 --- -------- Appointments ------------ --- 


	 --- 1/17/2047 --- 
 --- -------- Appointments ------------ --- 


	 --- 1/18/2047 --- 
 --- -------- Appointments ------------ --- 


	 --- 1/19/2047 --- 
 --- -------- Appointments ------------ --- 


	 --- 1/20/2047 --- 
 --- -------- Appointments ------------ --- 


	 --- 1/21/2047 --- 
 --- -------- Appointments ------------ --- 


	 --- 1/22/2047 --- 
 --- -------- Appointments ------------ --- 


	 --- 1/23/2047 --- 
 --- -------- Appointments ------------ --- 


	 --- 1/24/2047 --- 
 --- -------- Appointments ------------ --- 


	 --- 1/25/2047 --- 
 --- -------- Appointments ------------ --- 


	 --- 1/26/2047 --- 
 --- -------- Appointments ------------ --- 


	 --- 1/27/2047 --- 
 --- -------- Appointments ------------ --- 


	 --- 1/28/2047 --- 
 --- -------- Appointments ------------ --- 


	 --- 2/1/2047 --- 
 --- -------- Appointments ------------ --- 
	3/31/2017 at 3:30pm ,Birthday Party, This is my birthday party.
 

	 --- 2/2/2047 --- 
 --- -------- Appointments ------------ --- 


	 --- 2/3/2047 --- 
 --- -------- Appointments ------------ --- 


	 --- 2/4/2047 --- 
 --- -------- Appointments ------------ --- 


	 --- 2/5/2047 --- 
 --- -------- Appointments ------------ --- 


	 --- 2/6/2047 --- 
 --- -------- Appointments ------------ --- 


	 --- 2/7/2047 --- 
 --- -------- Appointments ------------ --- 


	 --- 2/8/2047 --- 
 --- -------- Appointments ------------ --- 


	 --- 2/9/2047 --- 
 --- -------- Appointments ------------ --- 


	 --- 2/10/2047 --- 
 --- -------- Appointments ------------ --- 


	 --- 2/11/2047 --- 
 --- -------- Appointments ------------ --- 


	 --- 2/12/2047 --- 
 --- -------- Appointments ------------ --- 


	 --- 2/13/2047 --- 
 --- -------- Appointments ------------ --- 


	 --- 2/14/2047 --- 
 --- -------- Appointments ------------ --- 


	 --- 2/15/2047 --- 
 --- -------- Appointments ------------ --- 


	 --- 2/16/2047 --- 
 --- -------- Appointments ------------ --- 


	 --- 2/17/2047 --- 
 --- -------- Appointments ------------ --- 


	 --- 2/18/2047 --- 
 --- -------- Appointments ------------ --- 


	 --- 2/19/2047 --- 
 --- -------- Appointments ------------ --- 


	 --- 2/20/2047 --- 
 --- -------- Appointments ------------ --- 


	 --- 2/21/2047 --- 
 --- -------- Appointments ------------ --- 


	 --- 2/22/2047 --- 
 --- -------- Appointments ------------ --- 


	 --- 2/23/2047 --- 
 --- -------- Appointments ------------ --- 


	 --- 2/24/2047 --- 
 --- -------- Appointments ------------ --- 


	 --- 2/25/2047 --- 
 --- -------- Appointments ------------ --- 


	 --- 2/26/2047 --- 
 --- -------- Appointments ------------ --- 
	2/26/2018 at 11:30pm ,Birthday Party, This is my birthday party.
 

	 --- 2/27/2047 --- 
 --- -------- Appointments ------------ --- 


	 --- 2/28/2047 --- 
 --- -------- Appointments ------------ --- 


	 --- 2/29/2047 --- 
 --- -------- Appointments ------------ --- 


	 --- 2/30/2047 --- 
 --- -------- Appointments ------------ --- 


	 --- 2/31/2047 --- 
 --- -------- Appointments ------------ --- 


	 --- 3/1/2047 --- 
 --- -------- Appointments ------------ --- 
	3/31/2017 at 3:30pm ,Birthday Party, This is my birthday party.
 

	 --- 3/2/2047 --- 
 --- -------- Appointments ------------ --- 


	 --- 3/3/2047 --- 
 --- -------- Appointments ------------ --- 


	 --- 3/4/2047 --- 
 --- -------- Appointments ------------ --- 


	 --- 3/5/2047 --- 
 --- -------- Appointments ------------ --- 


	 --- 3/6/2047 --- 
 --- -------- Appointments ------------ --- 


	 --- 3/7/2047 --- 
 --- -------- Appointments ------------ --- 


	 --- 3/8/2047 --- 
 --- -------- Appointments ------------ --- 


	 --- 3/9/2047 --- 
 --- -------- Appointments ------------ --- 


	 --- 3/10/2047 --- 
 --- -------- Appointments ------------ --- 


	 --- 3/11/2047 --- 
 --- -------- Appointments ------------ --- 


	 --- 3/12/2047 --- 
 --- -------- Appointments ------------ --- 


	 --- 3/13/2047 --- 
 --- -------- Appointments ------------ --- 


	 --- 3/14/2047 --- 
 --- -------- Appointments ------------ --- 


	 --- 3/15/2047 --- 
 --- -------- Appointments ------------ --- 


	 --- 3/16/2047 --- 
 --- -------- Appointments ------------ --- 


	 --- 3/17/2047 --- 
 --- -------- Appointments ------------ --- 


	 --- 3/18/2047 --- 
 --- -------- Appointments ------------ --- 


	 --- 3/19/2047 --- 
 --- -------- Appointments ------------ --- 


	 --- 3/20/2047 --- 
 --- -------- Appointments ------------ --- 


	 --- 3/21/2047 --- 
 --- -------- Appointments ------------ --- 


	 --- 3/22/2047 --- 
 --- -------- Appointments ------------ --- 


	 --- 3/23/2047 --- 
 --- -------- Appointments ------------ --- 


	 --- 3/24/2047 --- 
 --- -------- Appointments ------------ --- 


	 --- 3/25/2047 --- 
 --- -------- Appointments ------------ --- 


	 --- 3/26/2047 --- 
 --- -------- Appointments ------------ --- 


	 --- 3/27/2047 --- 
 --- -------- Appointments ------------ --- 


	 --- 3/28/2047 --- 
 --- -------- Appointments ------------ --- 


	 --- 3/29/2047 --- 
 --- -------- Appointments ------------ --- 


	 --- 3/30/2047 --- 
 --- -------- Appointments ------------ --- 


	 --- 4/1/2047 --- 
 --- -------- Appointments ------------ --- 
	3/31/2017 at 3:30pm ,Birthday Party, This is my birthday party.
 

	 --- 4/2/2047 --- 
 --- -------- Appointments ------------ --- 


	 --- 4/3/2047 --- 
 --- -------- Appointments ------------ --- 


	 --- 4/4/2047 --- 
 --- -------- Appointments ------------ --- 


	 --- 4/5/2047 --- 
 --- -------- Appointments ------------ --- 


	 --- 4/6/2047 --- 
 --- -------- Appointments ------------ --- 


	 --- 4/7/2047 --- 
 --- -------- Appointments ------------ --- 


	 --- 4/8/2047 --- 
 --- -------- Appointments ------------ --- 


	 --- 4/9/2047 --- 
 --- -------- Appointments ------------ --- 


	 --- 4/10/2047 --- 
 --- -------- Appointments ------------ --- 


	 --- 4/11/2047 --- 
 --- -------- Appointments ------------ --- 


	 --- 4/12/2047 --- 
 --- -------- Appointments ------------ --- 


	 --- 4/13/2047 --- 
 --- -------- Appointments ------------ --- 


	 --- 4/14/2047 --- 
 --- -------- Appointments ------------ --- 


	 --- 4/15/2047 --- 
 --- -------- Appointments ------------ --- 


	 --- 4/16/2047 --- 
 --- -------- Appointments ------------ --- 


	 --- 4/17/2047 --- 
 --- -------- Appointments ------------ --- 


	 --- 4/18/2047 --- 
 --- -------- Appointments ------------ --- 


	 --- 4/19/2047 --- 
 --- -------- Appointments ------------ --- 


	 --- 4/20/2047 --- 
 --- -------- Appointments ------------ --- 


	 --- 4/21/2047 --- 
 --- -------- Appointments ------------ --- 


	 --- 4/22/2047 --- 
 --- -------- Appointments ------------ --- 


	 --- 4/23/2047 --- 
 --- -------- Appointments ------------ --- 


	 --- 4/24/2047 --- 
 --- -------- Appointments ------------ --- 


	 --- 4/25/2047 --- 
 --- -------- Appointments ------------ --- 


	 --- 4/26/2047 --- 
 --- -------- Appointments ------------ --- 


	 --- 4/27/2047 --- 
 --- -------- Appointments ------------ --- 


	 --- 4/28/2047 --- 
 --- -------- Appointments ------------ --- 


	 --- 4/29/2047 --- 
 --- -------- Appointments ------------ --- 


	 --- 4/30/2047 --- 
 --- -------- Appointments ------------ --- 


	 --- 4/31/2047 --- 
 --- -------- Appointments ------------ --- 


	 --- 5/1/2047 --- 
 --- -------- Appointments ------------ --- 
	3/31/2017 at 3:30pm ,Birthday Party, This is my birthday party.
 

	 --- 5/2/2047 --- 
 --- -------- Appointments ------------ --- 


	 --- 5/3/2047 --- 
 --- -------- Appointments ------------ --- 


	 --- 5/4/2047 --- 
 --- -------- Appointments ------------ --- 


	 --- 5/5/2047 --- 
 --- -------- Appointments ------------ --- 


	 --- 5/6/2047 --- 
 --- -------- Appointments ------------ --- 


	 --- 5/7/2047 --- 
 --- -------- Appointments ------------ --- 


	 --- 5/8/2047 --- 
 --- -------- Appointments ------------ --- 


	 --- 5/9/2047 --- 
 --- -------- Appointments ------------ --- 


	 --- 5/10/2047 --- 
 --- -------- Appointments ------------ --- 


	 --- 5/11/2047 --- 
 --- -------- Appointments ------------ --- 


	 --- 5/12/2047 --- 
 --- -------- Appointments ------------ --- 


	 --- 5/13/2047 --- 
 --- -------- Appointments ------------ --- 


	 --- 5/14/2047 --- 
 --- -------- Appointments ------------ --- 


	 --- 5/15/2047 --- 
 --- -------- Appointments ------------ --- 


	 --- 5/16/2047 --- 
 --- -------- Appointments ------------ --- 


	 --- 5/17/2047 --- 
 --- -------- Appointments ------------ --- 


	 --- 5/18/2047 --- 
 --- -------- Appointments ------------ --- 


	 --- 5/19/2047 --- 
 --- -------- Appointments ------------ --- 


	 --- 5/20/2047 --- 
 --- -------- Appointments ------------ --- 


	 --- 5/21/2047 --- 
 --- -------- Appointments ------------ --- 


	 --- 5/22/2047 --- 
 --- -------- Appointments ------------ --- 


	 --- 5/23/2047 --- 
 --- -------- Appointments ------------ --- 


	 --- 5/24/2047 --- 
 --- -------- Appointments ------------ --- 


	 --- 5/25/2047 --- 
 --- -------- Appointments ------------ --- 


	 --- 5/26/2047 --- 
 --- -------- Appointments ------------ --- 


	 --- 5/27/2047 --- 
 --- -------- Appointments ------------ --- 


	 --- 5/28/2047 --- 
 --- -------- Appointments ------------ --- 


	 --- 5/29/2047 --- 
 --- -------- Appointments ------------ --- 


	 --- 5/30/2047 --- 
 --- -------- Appointments ------------ --- 


	 --- 6/1/2047 --- 
 --- -------- Appointments ------------ --- 
	3/31/2017 at 3:30pm ,Birthday Party, This is my birthday party.
 

	 --- 6/2/2047 --- 
 --- -------- Appointments ------------ --- 


	 --- 6/3/2047 --- 
 --- -------- Appointments ------------ --- 


	 --- 6/4/2047 --- 
 --- -------- Appointments ------------ --- 


	 --- 6/5/2047 --- 
 --- -------- Appointments ------------ --- 


	 --- 6/6/2047 --- 
 --- -------- Appointments ------------ --- 


	 --- 6/7/2047 --- 
 --- -------- Appointments ------------ --- 


	 --- 6/8/2047 --- 
 --- -------- Appointments ------------ --- 


	 --- 6/9/2047 --- 
 --- -------- Appointments ------------ --- 


	 --- 6/10/2047 --- 
 --- -------- Appointments ------------ --- 


	 --- 6/11/2047 --- 
 --- -------- Appointments ------------ --- 


	 --- 6/12/2047 --- 
 --- -------- Appointments ------------ --- 


	 --- 6/13/2047 --- 
 --- -------- Appointments ------------ --- 


	 --- 6/14/2047 --- 
 --- -------- Appointments ------------ --- 


	 --- 6/15/2047 --- 
 --- -------- Appointments ------------ --- 


	 --- 6/16/2047 --- 
 --- -------- Appointments ------------ --- 


	 --- 6/17/2047 --- 
 --- -------- Appointments ------------ --- 


	 --- 6/18/2047 --- 
 --- -------- Appointments ------------ --- 


	 --- 6/19/2047 --- 
 --- -------- Appointments ------------ --- 


	 --- 6/20/2047 --- 
 --- -------- Appointments ------------ --- 


	 --- 6/21/2047 --- 
 --- -------- Appointments ------------ --- 


	 --- 6/22/2047 --- 
 --- -------- Appointments ------------ --- 


	 --- 6/23/2047 --- 
 --- -------- Appointments ------------ --- 


	 --- 6/24/2047 --- 
 --- -------- Appointments ------------ --- 


	 --- 6/25/2047 --- 
 --- -------- Appointments ------------ --- 


	 --- 6/26/2047 --- 
 --- -------- Appointments ------------ --- 


	 --- 6/27/2047 --- 
 --- -------- Appointments ------------ --- 


	 --- 6/28/2047 --- 
 --- -------- Appointments ------------ --- 


	 --- 6/29/2047 --- 
 --- -------- Appointments ------------ --- 


	 --- 6/30/2047 --- 
 --- -------- Appointments ------------ --- 


	 --- 6/31/2047 --- 
 --- -------- Appointments ------------ --- 


	 --- 7/1/2047 --- 
 --- -------- Appointments ------------ --- 
	3/31/2017 at 3:30pm ,Birthday Party, This is my birthday party.
 

	 --- 7/2/2047 --- 
 --- -------- Appointments ------------ --- 


	 --- 7/3/2047 --- 
 --- -------- Appointments ------------ --- 


	 --- 7/4/2047 --- 
 --- -------- Appointments ------------ --- 


	 --- 7/5/2047 --- 
 --- -------- Appointments ------------ --- 


	 --- 7/6/2047 --- 
 --- -------- Appointments ------------ --- 


	 --- 7/7/2047 --- 
 --- -------- Appointments ------------ --- 


	 --- 7/8/2047 --- 
 --- -------- Appointments ------------ --- 


	 --- 7/9/2047 --- 
 --- -------- Appointments ------------ --- 


	 --- 7/10/2047 --- 
 --- -------- Appointments ------------ --- 


	 --- 7/11/2047 --- 
 --- -------- Appointments ------------ --- 


	 --- 7/12/2047 --- 
 --- -------- Appointments ------------ --- 


	 --- 7/13/2047 --- 
 --- -------- Appointments ------------ --- 


	 --- 7/14/2047 --- 
 --- -------- Appointments ------------ --- 


	 --- 7/15/2047 --- 
 --- -------- Appointments ------------ --- 


	 --- 7/16/2047 --- 
 --- -------- Appointments ------------ --- 


	 --- 7/17/2047 --- 
 --- -------- Appointments ------------ --- 


	 --- 7/18/2047 --- 
 --- -------- Appointments ------------ --- 


	 --- 7/19/2047 --- 
 --- -------- Appointments ------------ --- 


	 --- 7/20/2047 --- 
 --- -------- Appointments ------------ --- 


	 --- 7/21/2047 --- 
 --- -------- Appointments ------------ --- 


	 --- 7/22/2047 --- 
 --- -------- Appointments ------------ --- 


	 --- 7/23/2047 --- 
 --- -------- Appointments ------------ --- 


	 --- 7/24/2047 --- 
 --- -------- Appointments ------------ --- 


	 --- 7/25/2047 --- 
 --- -------- Appointments ------------ --- 


	 --- 7/26/2047 --- 
 --- -------- Appointments ------------ --- 


	 --- 7/27/2047 --- 
 --- -------- Appointments ------------ --- 


	 --- 7/28/2047 --- 
 --- -------- Appointments ------------ --- 


	 --- 7/29/2047 --- 
 --- -------- Appointments ------------ --- 


	 --- 7/30/2047 --- 
 --- -------- Appointments ------------ --- 


	 --- 7/31/2047 --- 
 --- -------- Appointments ------------ --- 


	 --- 8/1/2047 --- 
 --- -------- Appointments ------------ --- 
	3/31/2017 at 3:30pm ,Birthday Party, This is my birthday party.
 

	 --- 8/2/2047 --- 
 --- -------- Appointments ------------ --- 


	 --- 8/3/2047 --- 
 --- -------- Appointments ------------ --- 


	 --- 8/4/2047 --- 
 --- -------- Appointments ------------ --- 


	 --- 8/5/2047 --- 
 --- -------- Appointments ------------ --- 


	 --- 8/6/2047 --- 
 --- -------- Appointments ------------ --- 


	 --- 8/7/2047 --- 
 --- -------- Appointments ------------ --- 


	 --- 8/8/2047 --- 
 --- -------- Appointments ------------ --- 


	 --- 8/9/2047 --- 
 --- -------- Appointments ------------ --- 


	 --- 8/10/2047 --- 
 --- -------- Appointments ------------ --- 


	 --- 8/11/2047 --- 
 --- -------- Appointments ------------ --- 


	 --- 8/12/2047 --- 
 --- -------- Appointments ------------ --- 


	 --- 8/13/2047 --- 
 --- -------- Appointments ------------ --- 


	 --- 8/14/2047 --- 
 --- -------- Appointments ------------ --- 


	 --- 8/15/2047 --- 
 --- -------- Appointments ------------ --- 


	 --- 8/16/2047 --- 
 --- -------- Appointments ------------ --- 


	 --- 8/17/2047 --- 
 --- -------- Appointments ------------ --- 


	 --- 8/18/2047 --- 
 --- -------- Appointments ------------ --- 


	 --- 8/19/2047 --- 
 --- -------- Appointments ------------ --- 


	 --- 8/20/2047 --- 
 --- -------- Appointments ------------ --- 


	 --- 8/21/2047 --- 
 --- -------- Appointments ------------ --- 


	 --- 8/22/2047 --- 
 --- -------- Appointments ------------ --- 


	 --- 8/23/2047 --- 
 --- -------- Appointments ------------ --- 


	 --- 8/24/2047 --- 
 --- -------- Appointments ------------ --- 


	 --- 8/25/2047 --- 
 --- -------- Appointments ------------ --- 


	 --- 8/26/2047 --- 
 --- -------- Appointments ------------ --- 


	 --- 8/27/2047 --- 
 --- -------- Appointments ------------ --- 


	 --- 8/28/2047 --- 
 --- -------- Appointments ------------ --- 


	 --- 8/29/2047 --- 
 --- -------- Appointments ------------ --- 


	 --- 8/30/2047 --- 
 --- -------- Appointments ------------ --- 


	 --- 9/1/2047 --- 
 --- -------- Appointments ------------ --- 
	3/31/2017 at 3:30pm ,Birthday Party, This is my birthday party.
 

	 --- 9/2/2047 --- 
 --- -------- Appointments ------------ --- 


	 --- 9/3/2047 --- 
 --- -------- Appointments ------------ --- 


	 --- 9/4/2047 --- 
 --- -------- Appointments ------------ --- 


	 --- 9/5/2047 --- 
 --- -------- Appointments ------------ --- 


	 --- 9/6/2047 --- 
 --- -------- Appointments ------------ --- 


	 --- 9/7/2047 --- 
 --- -------- Appointments ------------ --- 


	 --- 9/8/2047 --- 
 --- -------- Appointments ------------ --- 


	 --- 9/9/2047 --- 
 --- -------- Appointments ------------ --- 


	 --- 9/10/2047 --- 
 --- -------- Appointments ------------ --- 


	 --- 9/11/2047 --- 
 --- -------- Appointments ------------ --- 


	 --- 9/12/2047 --- 
 --- -------- Appointments ------------ --- 


	 --- 9/13/2047 --- 
 --- -------- Appointments ------------ --- 


	 --- 9/14/2047 --- 
 --- -------- Appointments ------------ --- 


	 --- 9/15/2047 --- 
 --- -------- Appointments ------------ --- 


	 --- 9/16/2047 --- 
 --- -------- Appointments ------------ --- 


	 --- 9/17/2047 --- 
 --- -------- Appointments ------------ --- 


	 --- 9/18/2047 --- 
 --- -------- Appointments ------------ --- 


	 --- 9/19/2047 --- 
 --- -------- Appointments ------------ --- 


	 --- 9/20/2047 --- 
 --- -------- Appointments ------------ --- 


	 --- 9/21/2047 --- 
 --- -------- Appointments ------------ --- 


	 --- 9/22/2047 --- 
 --- -------- Appointments ------------ --- 


	 --- 9/23/2047 --- 
 --- -------- Appointments ------------ --- 


	 --- 9/24/2047 --- 
 --- -------- Appointments ------------ --- 


	 --- 9/25/2047 --- 
 --- -------- Appointments ------------ --- 


	 --- 9/26/2047 --- 
 --- -------- Appointments ------------ --- 


	 --- 9/27/2047 --- 
 --- -------- Appointments ------------ --- 


	 --- 9/28/2047 --- 
 --- -------- Appointments ------------ --- 


	 --- 9/29/2047 --- 
 --- -------- Appointments ------------ --- 


	 --- 9/30/2047 --- 
 --- -------- Appointments ------------ --- 


	 --- 9/31/2047 --- 
 --- -------- Appointments ------------ --- 


	 --- 10/1/2047 --- 
 --- -------- Appointments ------------ --- 
	3/31/2017 at 3:30pm ,Birthday Party, This is my birthday party.
 

	 --- 10/2/2047 --- 
 --- -------- Appointments ------------ --- 


	 --- 10/3/2047 --- 
 --- -------- Appointments ------------ --- 


	 --- 10/4/2047 --- 
 --- -------- Appointments ------------ --- 


	 --- 10/5/2047 --- 
 --- -------- Appointments ------------ --- 


	 --- 10/6/2047 --- 
 --- -------- Appointments ------------ --- 


	 --- 10/7/2047 --- 
 --- -------- Appointments ------------ --- 


	 --- 10/8/2047 --- 
 --- -------- Appointments ------------ --- 


	 --- 10/9/2047 --- 
 --- -------- Appointments ------------ --- 


	 --- 10/10/2047 --- 
 --- -------- Appointments ------------ --- 


	 --- 10/11/2047 --- 
 --- -------- Appointments ------------ --- 


	 --- 10/12/2047 --- 
 --- -------- Appointments ------------ --- 


	 --- 10/13/2047 --- 
 --- -------- Appointments ------------ --- 


	 --- 10/14/2047 --- 
 --- -------- Appointments ------------ --- 


	 --- 10/15/2047 --- 
 --- -------- Appointments ------------ --- 


	 --- 10/16/2047 --- 
 --- -------- Appointments ------------ --- 


	 --- 10/17/2047 --- 
 --- -------- Appointments ------------ --- 


	 --- 10/18/2047 --- 
 --- -------- Appointments ------------ --- 


	 --- 10/19/2047 --- 
 --- -------- Appointments ------------ --- 


	 --- 10/20/2047 --- 
 --- -------- Appointments ------------ --- 


	 --- 10/21/2047 --- 
 --- -------- Appointments ------------ --- 


	 --- 10/22/2047 --- 
 --- -------- Appointments ------------ --- 


	 --- 10/23/2047 --- 
 --- -------- Appointments ------------ --- 


	 --- 10/24/2047 --- 
 --- -------- Appointments ------------ --- 


	 --- 10/25/2047 --- 
 --- -------- Appointments ------------ --- 


	 --- 10/26/2047 --- 
 --- -------- Appointments ------------ --- 


	 --- 10/27/2047 --- 
 --- -------- Appointments ------------ --- 


	 --- 10/28/2047 --- 
 --- -------- Appointments ------------ --- 


	 --- 10/29/2047 --- 
 --- -------- Appointments ------------ --- 


	 --- 10/30/2047 --- 
 --- -------- Appointments ------------ --- 


	 --- 11/1/2047 --- 
 --- -------- Appointments ------------ --- 
	3/31/2017 at 3:30pm ,Birthday Party, This is my birthday party.
 

	 --- 11/2/2047 --- 
 --- -------- Appointments ------------ --- 


	 --- 11/3/2047 --- 
 --- -------- Appointments ------------ --- 


	 --- 11/4/2047 --- 
 --- -------- Appointments ------------ --- 


	 --- 11/5/2047 --- 
 --- -------- Appointments ------------ --- 


	 --- 11/6/2047 --- 
 --- -------- Appointments ------------ --- 


	 --- 11/7/2047 --- 
 --- -------- Appointments ------------ --- 


	 --- 11/8/2047 --- 
 --- -------- Appointments ------------ --- 


	 --- 11/9/2047 --- 
 --- -------- Appointments ------------ --- 


	 --- 11/10/2047 --- 
 --- -------- Appointments ------------ --- 


	 --- 11/11/2047 --- 
 --- -------- Appointments ------------ --- 


	 --- 11/12/2047 --- 
 --- -------- Appointments ------------ --- 


	 --- 11/13/2047 --- 
 --- -------- Appointments ------------ --- 


	 --- 11/14/2047 --- 
 --- -------- Appointments ------------ --- 


	 --- 11/15/2047 --- 
 --- -------- Appointments ------------ --- 


	 --- 11/16/2047 --- 
 --- -------- Appointments ------------ --- 


	 --- 11/17/2047 --- 
 --- -------- Appointments ------------ --- 


	 --- 11/18/2047 --- 
 --- -------- Appointments ------------ --- 


	 --- 11/19/2047 --- 
 --- -------- Appointments ------------ --- 


	 --- 11/20/2047 --- 
 --- -------- Appointments ------------ --- 


	 --- 11/21/2047 --- 
 --- -------- Appointments ------------ --- 


	 --- 11/22/2047 --- 
 --- -------- Appointments ------------ --- 


	 --- 11/23/2047 --- 
 --- -------- Appointments ------------ --- 


	 --- 11/24/2047 --- 
 --- -------- Appointments ------------ --- 


	 --- 11/25/2047 --- 
 --- -------- Appointments ------------ --- 


	 --- 11/26/2047 --- 
 --- -------- Appointments ------------ --- 


	 --- 11/27/2047 --- 
 --- -------- Appointments ------------ --- 


	 --- 11/28/2047 --- 
 --- -------- Appointments ------------ --- 


	 --- 11/29/2047 --- 
 --- -------- Appointments ------------ --- 


	 --- 11/30/2047 --- 
 --- -------- Appointments ------------ --- 


	 --- 11/31/2047 --- 
 --- -------- Appointments ------------ --- 


	 --- 0/1/2048 --- 
 --- -------- Appointments ------------ --- 
	3/31/2017 at 3:30pm ,Birthday Party, This is my birthday party.
 

	 --- 0/2/2048 --- 
 --- -------- Appointments ------------ --- 


	 --- 0/3/2048 --- 
 --- -------- Appointments ------------ --- 


	 --- 0/4/2048 --- 
 --- -------- Appointments ------------ --- 


	 --- 0/5/2048 --- 
 --- -------- Appointments ------------ --- 


	 --- 0/6/2048 --- 
 --- -------- Appointments ------------ --- 


	 --- 0/7/2048 --- 
 --- -------- Appointments ------------ --- 


	 --- 0/8/2048 --- 
 --- -------- Appointments ------------ --- 


	 --- 0/9/2048 --- 
 --- -------- Appointments ------------ --- 


	 --- 0/10/2048 --- 
 --- -------- Appointments ------------ --- 


	 --- 0/11/2048 --- 
 --- -------- Appointments ------------ --- 


	 --- 0/12/2048 --- 
 --- -------- Appointments ------------ --- 


	 --- 0/13/2048 --- 
 --- -------- Appointments ------------ --- 


	 --- 0/14/2048 --- 
 --- -------- Appointments ------------ --- 


	 --- 0/15/2048 --- 
 --- -------- Appointments ------------ --- 


	 --- 0/16/2048 --- 
 --- -------- Appointments ------------ --- 


	 --- 0/17/2048 --- 
 --- -------- Appointments ------------ --- 


	 --- 0/18/2048 --- 
 --- -------- Appointments ------------ --- 


	 --- 0/19/2048 --- 
 --- -------- Appointments ------------ --- 


	 --- 0/20/2048 --- 
 --- -------- Appointments ------------ --- 


	 --- 0/21/2048 --- 
 --- -------- Appointments ------------ --- 


	 --- 0/22/2048 --- 
 --- -------- Appointments ------------ --- 


	 --- 0/23/2048 --- 
 --- -------- Appointments ------------ --- 


	 --- 0/24/2048 --- 
 --- -------- Appointments ------------ --- 


	 --- 0/25/2048 --- 
 --- -------- Appointments ------------ --- 


	 --- 0/26/2048 --- 
 --- -------- Appointments ------------ --- 


	 --- 0/27/2048 --- 
 --- -------- Appointments ------------ --- 


	 --- 0/28/2048 --- 
 --- -------- Appointments ------------ --- 


	 --- 0/29/2048 --- 
 --- -------- Appointments ------------ --- 


	 --- 0/30/2048 --- 
 --- -------- Appointments ------------ --- 


	 --- 0/31/2048 --- 
 --- -------- Appointments ------------ --- 


	 --- 1/1/2048 --- 
 --- -------- Appointments ------------ --- 
	3/31/2017 at 3:30pm ,Birthday Party, This is my birthday party.
 

	 --- 1/2/2048 --- 
 --- -------- Appointments ------------ --- 


	 --- 1/3/2048 --- 
 --- -------- Appointments ------------ --- 


	 --- 1/4/2048 --- 
 --- -------- Appointments ------------ --- 


	 --- 1/5/2048 --- 
 --- -------- Appointments ------------ --- 


	 --- 1/6/2048 --- 
 --- -------- Appointments ------------ --- 


	 --- 1/7/2048 --- 
 --- -------- Appointments ------------ --- 


	 --- 1/8/2048 --- 
 --- -------- Appointments ------------ --- 


	 --- 1/9/2048 --- 
 --- -------- Appointments ------------ --- 


	 --- 1/10/2048 --- 
 --- -------- Appointments ------------ --- 


	 --- 1/11/2048 --- 
 --- -------- Appointments ------------ --- 


	 --- 1/12/2048 --- 
 --- -------- Appointments ------------ --- 


	 --- 1/13/2048 --- 
 --- -------- Appointments ------------ --- 


	 --- 1/14/2048 --- 
 --- -------- Appointments ------------ --- 


	 --- 1/15/2048 --- 
 --- -------- Appointments ------------ --- 


	 --- 1/16/2048 --- 
 --- -------- Appointments ------------ --- 


	 --- 1/17/2048 --- 
 --- -------- Appointments ------------ --- 


	 --- 1/18/2048 --- 
 --- -------- Appointments ------------ --- 


	 --- 1/19/2048 --- 
 --- -------- Appointments ------------ --- 


	 --- 1/20/2048 --- 
 --- -------- Appointments ------------ --- 


	 --- 1/21/2048 --- 
 --- -------- Appointments ------------ --- 


	 --- 1/22/2048 --- 
 --- -------- Appointments ------------ --- 


	 --- 1/23/2048 --- 
 --- -------- Appointments ------------ --- 


	 --- 1/24/2048 --- 
 --- -------- Appointments ------------ --- 


	 --- 1/25/2048 --- 
 --- -------- Appointments ------------ --- 


	 --- 1/26/2048 --- 
 --- -------- Appointments ------------ --- 


	 --- 1/27/2048 --- 
 --- -------- Appointments ------------ --- 


	 --- 1/28/2048 --- 
 --- -------- Appointments ------------ --- 


	 --- 1/29/2048 --- 
 --- -------- Appointments ------------ --- 


	 --- 2/1/2048 --- 
 --- -------- Appointments ------------ --- 
	3/31/2017 at 3:30pm ,Birthday Party, This is my birthday party.
 

	 --- 2/2/2048 --- 
 --- -------- Appointments ------------ --- 


	 --- 2/3/2048 --- 
 --- -------- Appointments ------------ --- 


	 --- 2/4/2048 --- 
 --- -------- Appointments ------------ --- 


	 --- 2/5/2048 --- 
 --- -------- Appointments ------------ --- 


	 --- 2/6/2048 --- 
 --- -------- Appointments ------------ --- 


	 --- 2/7/2048 --- 
 --- -------- Appointments ------------ --- 


	 --- 2/8/2048 --- 
 --- -------- Appointments ------------ --- 


	 --- 2/9/2048 --- 
 --- -------- Appointments ------------ --- 


	 --- 2/10/2048 --- 
 --- -------- Appointments ------------ --- 


	 --- 2/11/2048 --- 
 --- -------- Appointments ------------ --- 


	 --- 2/12/2048 --- 
 --- -------- Appointments ------------ --- 


	 --- 2/13/2048 --- 
 --- -------- Appointments ------------ --- 


	 --- 2/14/2048 --- 
 --- -------- Appointments ------------ --- 


	 --- 2/15/2048 --- 
 --- -------- Appointments ------------ --- 


	 --- 2/16/2048 --- 
 --- -------- Appointments ------------ --- 


	 --- 2/17/2048 --- 
 --- -------- Appointments ------------ --- 


	 --- 2/18/2048 --- 
 --- -------- Appointments ------------ --- 


	 --- 2/19/2048 --- 
 --- -------- Appointments ------------ --- 


	 --- 2/20/2048 --- 
 --- -------- Appointments ------------ --- 


	 --- 2/21/2048 --- 
 --- -------- Appointments ------------ --- 


	 --- 2/22/2048 --- 
 --- -------- Appointments ------------ --- 


	 --- 2/23/2048 --- 
 --- -------- Appointments ------------ --- 


	 --- 2/24/2048 --- 
 --- -------- Appointments ------------ --- 


	 --- 2/25/2048 --- 
 --- -------- Appointments ------------ --- 


	 --- 2/26/2048 --- 
 --- -------- Appointments ------------ --- 
	2/26/2018 at 11:30pm ,Birthday Party, This is my birthday party.
 

	 --- 2/27/2048 --- 
 --- -------- Appointments ------------ --- 


	 --- 2/28/2048 --- 
 --- -------- Appointments ------------ --- 


	 --- 2/29/2048 --- 
 --- -------- Appointments ------------ --- 


	 --- 2/30/2048 --- 
 --- -------- Appointments ------------ --- 


	 --- 2/31/2048 --- 
 --- -------- Appointments ------------ --- 


	 --- 3/1/2048 --- 
 --- -------- Appointments ------------ --- 
	3/31/2017 at 3:30pm ,Birthday Party, This is my birthday party.
 

	 --- 3/2/2048 --- 
 --- -------- Appointments ------------ --- 


	 --- 3/3/2048 --- 
 --- -------- Appointments ------------ --- 


	 --- 3/4/2048 --- 
 --- -------- Appointments ------------ --- 


	 --- 3/5/2048 --- 
 --- -------- Appointments ------------ --- 


	 --- 3/6/2048 --- 
 --- -------- Appointments ------------ --- 


	 --- 3/7/2048 --- 
 --- -------- Appointments ------------ --- 


	 --- 3/8/2048 --- 
 --- -------- Appointments ------------ --- 


	 --- 3/9/2048 --- 
 --- -------- Appointments ------------ --- 


	 --- 3/10/2048 --- 
 --- -------- Appointments ------------ --- 


	 --- 3/11/2048 --- 
 --- -------- Appointments ------------ --- 


	 --- 3/12/2048 --- 
 --- -------- Appointments ------------ --- 


	 --- 3/13/2048 --- 
 --- -------- Appointments ------------ --- 


	 --- 3/14/2048 --- 
 --- -------- Appointments ------------ --- 


	 --- 3/15/2048 --- 
 --- -------- Appointments ------------ --- 


	 --- 3/16/2048 --- 
 --- -------- Appointments ------------ --- 


	 --- 3/17/2048 --- 
 --- -------- Appointments ------------ --- 


	 --- 3/18/2048 --- 
 --- -------- Appointments ------------ --- 


	 --- 3/19/2048 --- 
 --- -------- Appointments ------------ --- 


	 --- 3/20/2048 --- 
 --- -------- Appointments ------------ --- 


	 --- 3/21/2048 --- 
 --- -------- Appointments ------------ --- 


	 --- 3/22/2048 --- 
 --- -------- Appointments ------------ --- 


	 --- 3/23/2048 --- 
 --- -------- Appointments ------------ --- 


	 --- 3/24/2048 --- 
 --- -------- Appointments ------------ --- 


	 --- 3/25/2048 --- 
 --- -------- Appointments ------------ --- 


	 --- 3/26/2048 --- 
 --- -------- Appointments ------------ --- 


	 --- 3/27/2048 --- 
 --- -------- Appointments ------------ --- 


	 --- 3/28/2048 --- 
 --- -------- Appointments ------------ --- 


	 --- 3/29/2048 --- 
 --- -------- Appointments ------------ --- 


	 --- 3/30/2048 --- 
 --- -------- Appointments ------------ --- 


	 --- 4/1/2048 --- 
 --- -------- Appointments ------------ --- 
	3/31/2017 at 3:30pm ,Birthday Party, This is my birthday party.
 

	 --- 4/2/2048 --- 
 --- -------- Appointments ------------ --- 


	 --- 4/3/2048 --- 
 --- -------- Appointments ------------ --- 


	 --- 4/4/2048 --- 
 --- -------- Appointments ------------ --- 


	 --- 4/5/2048 --- 
 --- -------- Appointments ------------ --- 


	 --- 4/6/2048 --- 
 --- -------- Appointments ------------ --- 


	 --- 4/7/2048 --- 
 --- -------- Appointments ------------ --- 


	 --- 4/8/2048 --- 
 --- -------- Appointments ------------ --- 


	 --- 4/9/2048 --- 
 --- -------- Appointments ------------ --- 


	 --- 4/10/2048 --- 
 --- -------- Appointments ------------ --- 


	 --- 4/11/2048 --- 
 --- -------- Appointments ------------ --- 


	 --- 4/12/2048 --- 
 --- -------- Appointments ------------ --- 


	 --- 4/13/2048 --- 
 --- -------- Appointments ------------ --- 


	 --- 4/14/2048 --- 
 --- -------- Appointments ------------ --- 


	 --- 4/15/2048 --- 
 --- -------- Appointments ------------ --- 


	 --- 4/16/2048 --- 
 --- -------- Appointments ------------ --- 


	 --- 4/17/2048 --- 
 --- -------- Appointments ------------ --- 


	 --- 4/18/2048 --- 
 --- -------- Appointments ------------ --- 


	 --- 4/19/2048 --- 
 --- -------- Appointments ------------ --- 


	 --- 4/20/2048 --- 
 --- -------- Appointments ------------ --- 


	 --- 4/21/2048 --- 
 --- -------- Appointments ------------ --- 


	 --- 4/22/2048 --- 
 --- -------- Appointments ------------ --- 


	 --- 4/23/2048 --- 
 --- -------- Appointments ------------ --- 


	 --- 4/24/2048 --- 
 --- -------- Appointments ------------ --- 


	 --- 4/25/2048 --- 
 --- -------- Appointments ------------ --- 


	 --- 4/26/2048 --- 
 --- -------- Appointments ------------ --- 


	 --- 4/27/2048 --- 
 --- -------- Appointments ------------ --- 


	 --- 4/28/2048 --- 
 --- -------- Appointments ------------ --- 


	 --- 4/29/2048 --- 
 --- -------- Appointments ------------ --- 


	 --- 4/30/2048 --- 
 --- -------- Appointments ------------ --- 


	 --- 4/31/2048 --- 
 --- -------- Appointments ------------ --- 


	 --- 5/1/2048 --- 
 --- -------- Appointments ------------ --- 
	3/31/2017 at 3:30pm ,Birthday Party, This is my birthday party.
 

	 --- 5/2/2048 --- 
 --- -------- Appointments ------------ --- 


	 --- 5/3/2048 --- 
 --- -------- Appointments ------------ --- 


	 --- 5/4/2048 --- 
 --- -------- Appointments ------------ --- 


	 --- 5/5/2048 --- 
 --- -------- Appointments ------------ --- 


	 --- 5/6/2048 --- 
 --- -------- Appointments ------------ --- 


	 --- 5/7/2048 --- 
 --- -------- Appointments ------------ --- 


	 --- 5/8/2048 --- 
 --- -------- Appointments ------------ --- 


	 --- 5/9/2048 --- 
 --- -------- Appointments ------------ --- 


	 --- 5/10/2048 --- 
 --- -------- Appointments ------------ --- 


	 --- 5/11/2048 --- 
 --- -------- Appointments ------------ --- 


	 --- 5/12/2048 --- 
 --- -------- Appointments ------------ --- 


	 --- 5/13/2048 --- 
 --- -------- Appointments ------------ --- 


	 --- 5/14/2048 --- 
 --- -------- Appointments ------------ --- 


	 --- 5/15/2048 --- 
 --- -------- Appointments ------------ --- 


	 --- 5/16/2048 --- 
 --- -------- Appointments ------------ --- 


	 --- 5/17/2048 --- 
 --- -------- Appointments ------------ --- 


	 --- 5/18/2048 --- 
 --- -------- Appointments ------------ --- 


	 --- 5/19/2048 --- 
 --- -------- Appointments ------------ --- 


	 --- 5/20/2048 --- 
 --- -------- Appointments ------------ --- 


	 --- 5/21/2048 --- 
 --- -------- Appointments ------------ --- 


	 --- 5/22/2048 --- 
 --- -------- Appointments ------------ --- 


	 --- 5/23/2048 --- 
 --- -------- Appointments ------------ --- 


	 --- 5/24/2048 --- 
 --- -------- Appointments ------------ --- 


	 --- 5/25/2048 --- 
 --- -------- Appointments ------------ --- 


	 --- 5/26/2048 --- 
 --- -------- Appointments ------------ --- 


	 --- 5/27/2048 --- 
 --- -------- Appointments ------------ --- 


	 --- 5/28/2048 --- 
 --- -------- Appointments ------------ --- 


	 --- 5/29/2048 --- 
 --- -------- Appointments ------------ --- 


	 --- 5/30/2048 --- 
 --- -------- Appointments ------------ --- 


	 --- 6/1/2048 --- 
 --- -------- Appointments ------------ --- 
	3/31/2017 at 3:30pm ,Birthday Party, This is my birthday party.
 

	 --- 6/2/2048 --- 
 --- -------- Appointments ------------ --- 


	 --- 6/3/2048 --- 
 --- -------- Appointments ------------ --- 


	 --- 6/4/2048 --- 
 --- -------- Appointments ------------ --- 


	 --- 6/5/2048 --- 
 --- -------- Appointments ------------ --- 


	 --- 6/6/2048 --- 
 --- -------- Appointments ------------ --- 


	 --- 6/7/2048 --- 
 --- -------- Appointments ------------ --- 


	 --- 6/8/2048 --- 
 --- -------- Appointments ------------ --- 


	 --- 6/9/2048 --- 
 --- -------- Appointments ------------ --- 


	 --- 6/10/2048 --- 
 --- -------- Appointments ------------ --- 


	 --- 6/11/2048 --- 
 --- -------- Appointments ------------ --- 


	 --- 6/12/2048 --- 
 --- -------- Appointments ------------ --- 


	 --- 6/13/2048 --- 
 --- -------- Appointments ------------ --- 


	 --- 6/14/2048 --- 
 --- -------- Appointments ------------ --- 


	 --- 6/15/2048 --- 
 --- -------- Appointments ------------ --- 


	 --- 6/16/2048 --- 
 --- -------- Appointments ------------ --- 


	 --- 6/17/2048 --- 
 --- -------- Appointments ------------ --- 


	 --- 6/18/2048 --- 
 --- -------- Appointments ------------ --- 


	 --- 6/19/2048 --- 
 --- -------- Appointments ------------ --- 


	 --- 6/20/2048 --- 
 --- -------- Appointments ------------ --- 


	 --- 6/21/2048 --- 
 --- -------- Appointments ------------ --- 


	 --- 6/22/2048 --- 
 --- -------- Appointments ------------ --- 


	 --- 6/23/2048 --- 
 --- -------- Appointments ------------ --- 


	 --- 6/24/2048 --- 
 --- -------- Appointments ------------ --- 


	 --- 6/25/2048 --- 
 --- -------- Appointments ------------ --- 


	 --- 6/26/2048 --- 
 --- -------- Appointments ------------ --- 


	 --- 6/27/2048 --- 
 --- -------- Appointments ------------ --- 


	 --- 6/28/2048 --- 
 --- -------- Appointments ------------ --- 


	 --- 6/29/2048 --- 
 --- -------- Appointments ------------ --- 


	 --- 6/30/2048 --- 
 --- -------- Appointments ------------ --- 


	 --- 6/31/2048 --- 
 --- -------- Appointments ------------ --- 


	 --- 7/1/2048 --- 
 --- -------- Appointments ------------ --- 
	3/31/2017 at 3:30pm ,Birthday Party, This is my birthday party.
 

	 --- 7/2/2048 --- 
 --- -------- Appointments ------------ --- 


	 --- 7/3/2048 --- 
 --- -------- Appointments ------------ --- 


	 --- 7/4/2048 --- 
 --- -------- Appointments ------------ --- 


	 --- 7/5/2048 --- 
 --- -------- Appointments ------------ --- 


	 --- 7/6/2048 --- 
 --- -------- Appointments ------------ --- 


	 --- 7/7/2048 --- 
 --- -------- Appointments ------------ --- 


	 --- 7/8/2048 --- 
 --- -------- Appointments ------------ --- 


	 --- 7/9/2048 --- 
 --- -------- Appointments ------------ --- 


	 --- 7/10/2048 --- 
 --- -------- Appointments ------------ --- 


	 --- 7/11/2048 --- 
 --- -------- Appointments ------------ --- 


	 --- 7/12/2048 --- 
 --- -------- Appointments ------------ --- 


	 --- 7/13/2048 --- 
 --- -------- Appointments ------------ --- 


	 --- 7/14/2048 --- 
 --- -------- Appointments ------------ --- 


	 --- 7/15/2048 --- 
 --- -------- Appointments ------------ --- 


	 --- 7/16/2048 --- 
 --- -------- Appointments ------------ --- 


	 --- 7/17/2048 --- 
 --- -------- Appointments ------------ --- 


	 --- 7/18/2048 --- 
 --- -------- Appointments ------------ --- 


	 --- 7/19/2048 --- 
 --- -------- Appointments ------------ --- 


	 --- 7/20/2048 --- 
 --- -------- Appointments ------------ --- 


	 --- 7/21/2048 --- 
 --- -------- Appointments ------------ --- 


	 --- 7/22/2048 --- 
 --- -------- Appointments ------------ --- 


	 --- 7/23/2048 --- 
 --- -------- Appointments ------------ --- 


	 --- 7/24/2048 --- 
 --- -------- Appointments ------------ --- 


	 --- 7/25/2048 --- 
 --- -------- Appointments ------------ --- 


	 --- 7/26/2048 --- 
 --- -------- Appointments ------------ --- 


	 --- 7/27/2048 --- 
 --- -------- Appointments ------------ --- 


	 --- 7/28/2048 --- 
 --- -------- Appointments ------------ --- 


	 --- 7/29/2048 --- 
 --- -------- Appointments ------------ --- 


	 --- 7/30/2048 --- 
 --- -------- Appointments ------------ --- 


	 --- 7/31/2048 --- 
 --- -------- Appointments ------------ --- 


	 --- 8/1/2048 --- 
 --- -------- Appointments ------------ --- 
	3/31/2017 at 3:30pm ,Birthday Party, This is my birthday party.
 

	 --- 8/2/2048 --- 
 --- -------- Appointments ------------ --- 


	 --- 8/3/2048 --- 
 --- -------- Appointments ------------ --- 


	 --- 8/4/2048 --- 
 --- -------- Appointments ------------ --- 


	 --- 8/5/2048 --- 
 --- -------- Appointments ------------ --- 


	 --- 8/6/2048 --- 
 --- -------- Appointments ------------ --- 


	 --- 8/7/2048 --- 
 --- -------- Appointments ------------ --- 


	 --- 8/8/2048 --- 
 --- -------- Appointments ------------ --- 


	 --- 8/9/2048 --- 
 --- -------- Appointments ------------ --- 


	 --- 8/10/2048 --- 
 --- -------- Appointments ------------ --- 


	 --- 8/11/2048 --- 
 --- -------- Appointments ------------ --- 


	 --- 8/12/2048 --- 
 --- -------- Appointments ------------ --- 


	 --- 8/13/2048 --- 
 --- -------- Appointments ------------ --- 


	 --- 8/14/2048 --- 
 --- -------- Appointments ------------ --- 


	 --- 8/15/2048 --- 
 --- -------- Appointments ------------ --- 


	 --- 8/16/2048 --- 
 --- -------- Appointments ------------ --- 


	 --- 8/17/2048 --- 
 --- -------- Appointments ------------ --- 


	 --- 8/18/2048 --- 
 --- -------- Appointments ------------ --- 


	 --- 8/19/2048 --- 
 --- -------- Appointments ------------ --- 


	 --- 8/20/2048 --- 
 --- -------- Appointments ------------ --- 


	 --- 8/21/2048 --- 
 --- -------- Appointments ------------ --- 


	 --- 8/22/2048 --- 
 --- -------- Appointments ------------ --- 


	 --- 8/23/2048 --- 
 --- -------- Appointments ------------ --- 


	 --- 8/24/2048 --- 
 --- -------- Appointments ------------ --- 


	 --- 8/25/2048 --- 
 --- -------- Appointments ------------ --- 


	 --- 8/26/2048 --- 
 --- -------- Appointments ------------ --- 


	 --- 8/27/2048 --- 
 --- -------- Appointments ------------ --- 


	 --- 8/28/2048 --- 
 --- -------- Appointments ------------ --- 


	 --- 8/29/2048 --- 
 --- -------- Appointments ------------ --- 


	 --- 8/30/2048 --- 
 --- -------- Appointments ------------ --- 


	 --- 9/1/2048 --- 
 --- -------- Appointments ------------ --- 
	3/31/2017 at 3:30pm ,Birthday Party, This is my birthday party.
 

	 --- 9/2/2048 --- 
 --- -------- Appointments ------------ --- 


	 --- 9/3/2048 --- 
 --- -------- Appointments ------------ --- 


	 --- 9/4/2048 --- 
 --- -------- Appointments ------------ --- 


	 --- 9/5/2048 --- 
 --- -------- Appointments ------------ --- 


	 --- 9/6/2048 --- 
 --- -------- Appointments ------------ --- 


	 --- 9/7/2048 --- 
 --- -------- Appointments ------------ --- 


	 --- 9/8/2048 --- 
 --- -------- Appointments ------------ --- 


	 --- 9/9/2048 --- 
 --- -------- Appointments ------------ --- 


	 --- 9/10/2048 --- 
 --- -------- Appointments ------------ --- 


	 --- 9/11/2048 --- 
 --- -------- Appointments ------------ --- 


	 --- 9/12/2048 --- 
 --- -------- Appointments ------------ --- 


	 --- 9/13/2048 --- 
 --- -------- Appointments ------------ --- 


	 --- 9/14/2048 --- 
 --- -------- Appointments ------------ --- 


	 --- 9/15/2048 --- 
 --- -------- Appointments ------------ --- 


	 --- 9/16/2048 --- 
 --- -------- Appointments ------------ --- 


	 --- 9/17/2048 --- 
 --- -------- Appointments ------------ --- 


	 --- 9/18/2048 --- 
 --- -------- Appointments ------------ --- 


	 --- 9/19/2048 --- 
 --- -------- Appointments ------------ --- 


	 --- 9/20/2048 --- 
 --- -------- Appointments ------------ --- 


	 --- 9/21/2048 --- 
 --- -------- Appointments ------------ --- 


	 --- 9/22/2048 --- 
 --- -------- Appointments ------------ --- 


	 --- 9/23/2048 --- 
 --- -------- Appointments ------------ --- 


	 --- 9/24/2048 --- 
 --- -------- Appointments ------------ --- 


	 --- 9/25/2048 --- 
 --- -------- Appointments ------------ --- 


	 --- 9/26/2048 --- 
 --- -------- Appointments ------------ --- 


	 --- 9/27/2048 --- 
 --- -------- Appointments ------------ --- 


	 --- 9/28/2048 --- 
 --- -------- Appointments ------------ --- 


	 --- 9/29/2048 --- 
 --- -------- Appointments ------------ --- 


	 --- 9/30/2048 --- 
 --- -------- Appointments ------------ --- 


	 --- 9/31/2048 --- 
 --- -------- Appointments ------------ --- 


	 --- 10/1/2048 --- 
 --- -------- Appointments ------------ --- 
	3/31/2017 at 3:30pm ,Birthday Party, This is my birthday party.
 

	 --- 10/2/2048 --- 
 --- -------- Appointments ------------ --- 


	 --- 10/3/2048 --- 
 --- -------- Appointments ------------ --- 


	 --- 10/4/2048 --- 
 --- -------- Appointments ------------ --- 


	 --- 10/5/2048 --- 
 --- -------- Appointments ------------ --- 


	 --- 10/6/2048 --- 
 --- -------- Appointments ------------ --- 


	 --- 10/7/2048 --- 
 --- -------- Appointments ------------ --- 


	 --- 10/8/2048 --- 
 --- -------- Appointments ------------ --- 


	 --- 10/9/2048 --- 
 --- -------- Appointments ------------ --- 


	 --- 10/10/2048 --- 
 --- -------- Appointments ------------ --- 


	 --- 10/11/2048 --- 
 --- -------- Appointments ------------ --- 


	 --- 10/12/2048 --- 
 --- -------- Appointments ------------ --- 


	 --- 10/13/2048 --- 
 --- -------- Appointments ------------ --- 


	 --- 10/14/2048 --- 
 --- -------- Appointments ------------ --- 


	 --- 10/15/2048 --- 
 --- -------- Appointments ------------ --- 


	 --- 10/16/2048 --- 
 --- -------- Appointments ------------ --- 


	 --- 10/17/2048 --- 
 --- -------- Appointments ------------ --- 


	 --- 10/18/2048 --- 
 --- -------- Appointments ------------ --- 


	 --- 10/19/2048 --- 
 --- -------- Appointments ------------ --- 


	 --- 10/20/2048 --- 
 --- -------- Appointments ------------ --- 


	 --- 10/21/2048 --- 
 --- -------- Appointments ------------ --- 


	 --- 10/22/2048 --- 
 --- -------- Appointments ------------ --- 


	 --- 10/23/2048 --- 
 --- -------- Appointments ------------ --- 


	 --- 10/24/2048 --- 
 --- -------- Appointments ------------ --- 


	 --- 10/25/2048 --- 
 --- -------- Appointments ------------ --- 


	 --- 10/26/2048 --- 
 --- -------- Appointments ------------ --- 


	 --- 10/27/2048 --- 
 --- -------- Appointments ------------ --- 


	 --- 10/28/2048 --- 
 --- -------- Appointments ------------ --- 


	 --- 10/29/2048 --- 
 --- -------- Appointments ------------ --- 


	 --- 10/30/2048 --- 
 --- -------- Appointments ------------ --- 


	 --- 11/1/2048 --- 
 --- -------- Appointments ------------ --- 
	3/31/2017 at 3:30pm ,Birthday Party, This is my birthday party.
 

	 --- 11/2/2048 --- 
 --- -------- Appointments ------------ --- 


	 --- 11/3/2048 --- 
 --- -------- Appointments ------------ --- 


	 --- 11/4/2048 --- 
 --- -------- Appointments ------------ --- 


	 --- 11/5/2048 --- 
 --- -------- Appointments ------------ --- 


	 --- 11/6/2048 --- 
 --- -------- Appointments ------------ --- 


	 --- 11/7/2048 --- 
 --- -------- Appointments ------------ --- 


	 --- 11/8/2048 --- 
 --- -------- Appointments ------------ --- 


	 --- 11/9/2048 --- 
 --- -------- Appointments ------------ --- 


	 --- 11/10/2048 --- 
 --- -------- Appointments ------------ --- 


	 --- 11/11/2048 --- 
 --- -------- Appointments ------------ --- 


	 --- 11/12/2048 --- 
 --- -------- Appointments ------------ --- 


	 --- 11/13/2048 --- 
 --- -------- Appointments ------------ --- 


	 --- 11/14/2048 --- 
 --- -------- Appointments ------------ --- 


	 --- 11/15/2048 --- 
 --- -------- Appointments ------------ --- 


	 --- 11/16/2048 --- 
 --- -------- Appointments ------------ --- 


	 --- 11/17/2048 --- 
 --- -------- Appointments ------------ --- 


	 --- 11/18/2048 --- 
 --- -------- Appointments ------------ --- 


	 --- 11/19/2048 --- 
 --- -------- Appointments ------------ --- 


	 --- 11/20/2048 --- 
 --- -------- Appointments ------------ --- 


	 --- 11/21/2048 --- 
 --- -------- Appointments ------------ --- 


	 --- 11/22/2048 --- 
 --- -------- Appointments ------------ --- 


	 --- 11/23/2048 --- 
 --- -------- Appointments ------------ --- 


	 --- 11/24/2048 --- 
 --- -------- Appointments ------------ --- 


	 --- 11/25/2048 --- 
 --- -------- Appointments ------------ --- 


	 --- 11/26/2048 --- 
 --- -------- Appointments ------------ --- 


	 --- 11/27/2048 --- 
 --- -------- Appointments ------------ --- 


	 --- 11/28/2048 --- 
 --- -------- Appointments ------------ --- 


	 --- 11/29/2048 --- 
 --- -------- Appointments ------------ --- 


	 --- 11/30/2048 --- 
 --- -------- Appointments ------------ --- 


	 --- 11/31/2048 --- 
 --- -------- Appointments ------------ --- 


	 --- 0/1/2049 --- 
 --- -------- Appointments ------------ --- 
	3/31/2017 at 3:30pm ,Birthday Party, This is my birthday party.
 

	 --- 0/2/2049 --- 
 --- -------- Appointments ------------ --- 


	 --- 0/3/2049 --- 
 --- -------- Appointments ------------ --- 


	 --- 0/4/2049 --- 
 --- -------- Appointments ------------ --- 


	 --- 0/5/2049 --- 
 --- -------- Appointments ------------ --- 


	 --- 0/6/2049 --- 
 --- -------- Appointments ------------ --- 


	 --- 0/7/2049 --- 
 --- -------- Appointments ------------ --- 


	 --- 0/8/2049 --- 
 --- -------- Appointments ------------ --- 


	 --- 0/9/2049 --- 
 --- -------- Appointments ------------ --- 


	 --- 0/10/2049 --- 
 --- -------- Appointments ------------ --- 


	 --- 0/11/2049 --- 
 --- -------- Appointments ------------ --- 


	 --- 0/12/2049 --- 
 --- -------- Appointments ------------ --- 


	 --- 0/13/2049 --- 
 --- -------- Appointments ------------ --- 


	 --- 0/14/2049 --- 
 --- -------- Appointments ------------ --- 


	 --- 0/15/2049 --- 
 --- -------- Appointments ------------ --- 


	 --- 0/16/2049 --- 
 --- -------- Appointments ------------ --- 


	 --- 0/17/2049 --- 
 --- -------- Appointments ------------ --- 


	 --- 0/18/2049 --- 
 --- -------- Appointments ------------ --- 


	 --- 0/19/2049 --- 
 --- -------- Appointments ------------ --- 


	 --- 0/20/2049 --- 
 --- -------- Appointments ------------ --- 


	 --- 0/21/2049 --- 
 --- -------- Appointments ------------ --- 


	 --- 0/22/2049 --- 
 --- -------- Appointments ------------ --- 


	 --- 0/23/2049 --- 
 --- -------- Appointments ------------ --- 


	 --- 0/24/2049 --- 
 --- -------- Appointments ------------ --- 


	 --- 0/25/2049 --- 
 --- -------- Appointments ------------ --- 


	 --- 0/26/2049 --- 
 --- -------- Appointments ------------ --- 


	 --- 0/27/2049 --- 
 --- -------- Appointments ------------ --- 


	 --- 0/28/2049 --- 
 --- -------- Appointments ------------ --- 


	 --- 0/29/2049 --- 
 --- -------- Appointments ------------ --- 


	 --- 0/30/2049 --- 
 --- -------- Appointments ------------ --- 


	 --- 0/31/2049 --- 
 --- -------- Appointments ------------ --- 


	 --- 1/1/2049 --- 
 --- -------- Appointments ------------ --- 
	3/31/2017 at 3:30pm ,Birthday Party, This is my birthday party.
 

	 --- 1/2/2049 --- 
 --- -------- Appointments ------------ --- 


	 --- 1/3/2049 --- 
 --- -------- Appointments ------------ --- 


	 --- 1/4/2049 --- 
 --- -------- Appointments ------------ --- 


	 --- 1/5/2049 --- 
 --- -------- Appointments ------------ --- 


	 --- 1/6/2049 --- 
 --- -------- Appointments ------------ --- 


	 --- 1/7/2049 --- 
 --- -------- Appointments ------------ --- 


	 --- 1/8/2049 --- 
 --- -------- Appointments ------------ --- 


	 --- 1/9/2049 --- 
 --- -------- Appointments ------------ --- 


	 --- 1/10/2049 --- 
 --- -------- Appointments ------------ --- 


	 --- 1/11/2049 --- 
 --- -------- Appointments ------------ --- 


	 --- 1/12/2049 --- 
 --- -------- Appointments ------------ --- 


	 --- 1/13/2049 --- 
 --- -------- Appointments ------------ --- 


	 --- 1/14/2049 --- 
 --- -------- Appointments ------------ --- 


	 --- 1/15/2049 --- 
 --- -------- Appointments ------------ --- 


	 --- 1/16/2049 --- 
 --- -------- Appointments ------------ --- 


	 --- 1/17/2049 --- 
 --- -------- Appointments ------------ --- 


	 --- 1/18/2049 --- 
 --- -------- Appointments ------------ --- 


	 --- 1/19/2049 --- 
 --- -------- Appointments ------------ --- 


	 --- 1/20/2049 --- 
 --- -------- Appointments ------------ --- 


	 --- 1/21/2049 --- 
 --- -------- Appointments ------------ --- 


	 --- 1/22/2049 --- 
 --- -------- Appointments ------------ --- 


	 --- 1/23/2049 --- 
 --- -------- Appointments ------------ --- 


	 --- 1/24/2049 --- 
 --- -------- Appointments ------------ --- 


	 --- 1/25/2049 --- 
 --- -------- Appointments ------------ --- 


	 --- 1/26/2049 --- 
 --- -------- Appointments ------------ --- 


	 --- 1/27/2049 --- 
 --- -------- Appointments ------------ --- 


	 --- 1/28/2049 --- 
 --- -------- Appointments ------------ --- 


	 --- 2/1/2049 --- 
 --- -------- Appointments ------------ --- 
	3/31/2017 at 3:30pm ,Birthday Party, This is my birthday party.
 

	 --- 2/2/2049 --- 
 --- -------- Appointments ------------ --- 


	 --- 2/3/2049 --- 
 --- -------- Appointments ------------ --- 


	 --- 2/4/2049 --- 
 --- -------- Appointments ------------ --- 


	 --- 2/5/2049 --- 
 --- -------- Appointments ------------ --- 


	 --- 2/6/2049 --- 
 --- -------- Appointments ------------ --- 


	 --- 2/7/2049 --- 
 --- -------- Appointments ------------ --- 


	 --- 2/8/2049 --- 
 --- -------- Appointments ------------ --- 


	 --- 2/9/2049 --- 
 --- -------- Appointments ------------ --- 


	 --- 2/10/2049 --- 
 --- -------- Appointments ------------ --- 


	 --- 2/11/2049 --- 
 --- -------- Appointments ------------ --- 


	 --- 2/12/2049 --- 
 --- -------- Appointments ------------ --- 


	 --- 2/13/2049 --- 
 --- -------- Appointments ------------ --- 


	 --- 2/14/2049 --- 
 --- -------- Appointments ------------ --- 


	 --- 2/15/2049 --- 
 --- -------- Appointments ------------ --- 


	 --- 2/16/2049 --- 
 --- -------- Appointments ------------ --- 


	 --- 2/17/2049 --- 
 --- -------- Appointments ------------ --- 


	 --- 2/18/2049 --- 
 --- -------- Appointments ------------ --- 


	 --- 2/19/2049 --- 
 --- -------- Appointments ------------ --- 


	 --- 2/20/2049 --- 
 --- -------- Appointments ------------ --- 


	 --- 2/21/2049 --- 
 --- -------- Appointments ------------ --- 


	 --- 2/22/2049 --- 
 --- -------- Appointments ------------ --- 


	 --- 2/23/2049 --- 
 --- -------- Appointments ------------ --- 


	 --- 2/24/2049 --- 
 --- -------- Appointments ------------ --- 


	 --- 2/25/2049 --- 
 --- -------- Appointments ------------ --- 


	 --- 2/26/2049 --- 
 --- -------- Appointments ------------ --- 
	2/26/2018 at 11:30pm ,Birthday Party, This is my birthday party.
 

	 --- 2/27/2049 --- 
 --- -------- Appointments ------------ --- 


	 --- 2/28/2049 --- 
 --- -------- Appointments ------------ --- 


	 --- 2/29/2049 --- 
 --- -------- Appointments ------------ --- 


	 --- 2/30/2049 --- 
 --- -------- Appointments ------------ --- 


	 --- 2/31/2049 --- 
 --- -------- Appointments ------------ --- 


	 --- 3/1/2049 --- 
 --- -------- Appointments ------------ --- 
	3/31/2017 at 3:30pm ,Birthday Party, This is my birthday party.
 

	 --- 3/2/2049 --- 
 --- -------- Appointments ------------ --- 


	 --- 3/3/2049 --- 
 --- -------- Appointments ------------ --- 


	 --- 3/4/2049 --- 
 --- -------- Appointments ------------ --- 


	 --- 3/5/2049 --- 
 --- -------- Appointments ------------ --- 


	 --- 3/6/2049 --- 
 --- -------- Appointments ------------ --- 


	 --- 3/7/2049 --- 
 --- -------- Appointments ------------ --- 


	 --- 3/8/2049 --- 
 --- -------- Appointments ------------ --- 


	 --- 3/9/2049 --- 
 --- -------- Appointments ------------ --- 


	 --- 3/10/2049 --- 
 --- -------- Appointments ------------ --- 


	 --- 3/11/2049 --- 
 --- -------- Appointments ------------ --- 


	 --- 3/12/2049 --- 
 --- -------- Appointments ------------ --- 


	 --- 3/13/2049 --- 
 --- -------- Appointments ------------ --- 


	 --- 3/14/2049 --- 
 --- -------- Appointments ------------ --- 


	 --- 3/15/2049 --- 
 --- -------- Appointments ------------ --- 


	 --- 3/16/2049 --- 
 --- -------- Appointments ------------ --- 


	 --- 3/17/2049 --- 
 --- -------- Appointments ------------ --- 


	 --- 3/18/2049 --- 
 --- -------- Appointments ------------ --- 


	 --- 3/19/2049 --- 
 --- -------- Appointments ------------ --- 


	 --- 3/20/2049 --- 
 --- -------- Appointments ------------ --- 


	 --- 3/21/2049 --- 
 --- -------- Appointments ------------ --- 


	 --- 3/22/2049 --- 
 --- -------- Appointments ------------ --- 


	 --- 3/23/2049 --- 
 --- -------- Appointments ------------ --- 


	 --- 3/24/2049 --- 
 --- -------- Appointments ------------ --- 


	 --- 3/25/2049 --- 
 --- -------- Appointments ------------ --- 


	 --- 3/26/2049 --- 
 --- -------- Appointments ------------ --- 


	 --- 3/27/2049 --- 
 --- -------- Appointments ------------ --- 


	 --- 3/28/2049 --- 
 --- -------- Appointments ------------ --- 


	 --- 3/29/2049 --- 
 --- -------- Appointments ------------ --- 


	 --- 3/30/2049 --- 
 --- -------- Appointments ------------ --- 


	 --- 4/1/2049 --- 
 --- -------- Appointments ------------ --- 
	3/31/2017 at 3:30pm ,Birthday Party, This is my birthday party.
 

	 --- 4/2/2049 --- 
 --- -------- Appointments ------------ --- 


	 --- 4/3/2049 --- 
 --- -------- Appointments ------------ --- 


	 --- 4/4/2049 --- 
 --- -------- Appointments ------------ --- 


	 --- 4/5/2049 --- 
 --- -------- Appointments ------------ --- 


	 --- 4/6/2049 --- 
 --- -------- Appointments ------------ --- 


	 --- 4/7/2049 --- 
 --- -------- Appointments ------------ --- 


	 --- 4/8/2049 --- 
 --- -------- Appointments ------------ --- 


	 --- 4/9/2049 --- 
 --- -------- Appointments ------------ --- 


	 --- 4/10/2049 --- 
 --- -------- Appointments ------------ --- 


	 --- 4/11/2049 --- 
 --- -------- Appointments ------------ --- 


	 --- 4/12/2049 --- 
 --- -------- Appointments ------------ --- 


	 --- 4/13/2049 --- 
 --- -------- Appointments ------------ --- 


	 --- 4/14/2049 --- 
 --- -------- Appointments ------------ --- 


	 --- 4/15/2049 --- 
 --- -------- Appointments ------------ --- 


	 --- 4/16/2049 --- 
 --- -------- Appointments ------------ --- 


	 --- 4/17/2049 --- 
 --- -------- Appointments ------------ --- 


	 --- 4/18/2049 --- 
 --- -------- Appointments ------------ --- 


	 --- 4/19/2049 --- 
 --- -------- Appointments ------------ --- 


	 --- 4/20/2049 --- 
 --- -------- Appointments ------------ --- 


	 --- 4/21/2049 --- 
 --- -------- Appointments ------------ --- 


	 --- 4/22/2049 --- 
 --- -------- Appointments ------------ --- 


	 --- 4/23/2049 --- 
 --- -------- Appointments ------------ --- 


	 --- 4/24/2049 --- 
 --- -------- Appointments ------------ --- 


	 --- 4/25/2049 --- 
 --- -------- Appointments ------------ --- 


	 --- 4/26/2049 --- 
 --- -------- Appointments ------------ --- 


	 --- 4/27/2049 --- 
 --- -------- Appointments ------------ --- 


	 --- 4/28/2049 --- 
 --- -------- Appointments ------------ --- 


	 --- 4/29/2049 --- 
 --- -------- Appointments ------------ --- 


	 --- 4/30/2049 --- 
 --- -------- Appointments ------------ --- 


	 --- 4/31/2049 --- 
 --- -------- Appointments ------------ --- 


	 --- 5/1/2049 --- 
 --- -------- Appointments ------------ --- 
	3/31/2017 at 3:30pm ,Birthday Party, This is my birthday party.
 

	 --- 5/2/2049 --- 
 --- -------- Appointments ------------ --- 


	 --- 5/3/2049 --- 
 --- -------- Appointments ------------ --- 


	 --- 5/4/2049 --- 
 --- -------- Appointments ------------ --- 


	 --- 5/5/2049 --- 
 --- -------- Appointments ------------ --- 


	 --- 5/6/2049 --- 
 --- -------- Appointments ------------ --- 


	 --- 5/7/2049 --- 
 --- -------- Appointments ------------ --- 


	 --- 5/8/2049 --- 
 --- -------- Appointments ------------ --- 


	 --- 5/9/2049 --- 
 --- -------- Appointments ------------ --- 


	 --- 5/10/2049 --- 
 --- -------- Appointments ------------ --- 


	 --- 5/11/2049 --- 
 --- -------- Appointments ------------ --- 


	 --- 5/12/2049 --- 
 --- -------- Appointments ------------ --- 


	 --- 5/13/2049 --- 
 --- -------- Appointments ------------ --- 


	 --- 5/14/2049 --- 
 --- -------- Appointments ------------ --- 


	 --- 5/15/2049 --- 
 --- -------- Appointments ------------ --- 


	 --- 5/16/2049 --- 
 --- -------- Appointments ------------ --- 


	 --- 5/17/2049 --- 
 --- -------- Appointments ------------ --- 


	 --- 5/18/2049 --- 
 --- -------- Appointments ------------ --- 


	 --- 5/19/2049 --- 
 --- -------- Appointments ------------ --- 


	 --- 5/20/2049 --- 
 --- -------- Appointments ------------ --- 


	 --- 5/21/2049 --- 
 --- -------- Appointments ------------ --- 


	 --- 5/22/2049 --- 
 --- -------- Appointments ------------ --- 


	 --- 5/23/2049 --- 
 --- -------- Appointments ------------ --- 


	 --- 5/24/2049 --- 
 --- -------- Appointments ------------ --- 


	 --- 5/25/2049 --- 
 --- -------- Appointments ------------ --- 


	 --- 5/26/2049 --- 
 --- -------- Appointments ------------ --- 


	 --- 5/27/2049 --- 
 --- -------- Appointments ------------ --- 


	 --- 5/28/2049 --- 
 --- -------- Appointments ------------ --- 


	 --- 5/29/2049 --- 
 --- -------- Appointments ------------ --- 


	 --- 5/30/2049 --- 
 --- -------- Appointments ------------ --- 


	 --- 6/1/2049 --- 
 --- -------- Appointments ------------ --- 
	3/31/2017 at 3:30pm ,Birthday Party, This is my birthday party.
 

	 --- 6/2/2049 --- 
 --- -------- Appointments ------------ --- 


	 --- 6/3/2049 --- 
 --- -------- Appointments ------------ --- 


	 --- 6/4/2049 --- 
 --- -------- Appointments ------------ --- 


	 --- 6/5/2049 --- 
 --- -------- Appointments ------------ --- 


	 --- 6/6/2049 --- 
 --- -------- Appointments ------------ --- 


	 --- 6/7/2049 --- 
 --- -------- Appointments ------------ --- 


	 --- 6/8/2049 --- 
 --- -------- Appointments ------------ --- 


	 --- 6/9/2049 --- 
 --- -------- Appointments ------------ --- 


	 --- 6/10/2049 --- 
 --- -------- Appointments ------------ --- 


	 --- 6/11/2049 --- 
 --- -------- Appointments ------------ --- 


	 --- 6/12/2049 --- 
 --- -------- Appointments ------------ --- 


	 --- 6/13/2049 --- 
 --- -------- Appointments ------------ --- 


	 --- 6/14/2049 --- 
 --- -------- Appointments ------------ --- 


	 --- 6/15/2049 --- 
 --- -------- Appointments ------------ --- 


	 --- 6/16/2049 --- 
 --- -------- Appointments ------------ --- 


	 --- 6/17/2049 --- 
 --- -------- Appointments ------------ --- 


	 --- 6/18/2049 --- 
 --- -------- Appointments ------------ --- 


	 --- 6/19/2049 --- 
 --- -------- Appointments ------------ --- 


	 --- 6/20/2049 --- 
 --- -------- Appointments ------------ --- 


	 --- 6/21/2049 --- 
 --- -------- Appointments ------------ --- 


	 --- 6/22/2049 --- 
 --- -------- Appointments ------------ --- 


	 --- 6/23/2049 --- 
 --- -------- Appointments ------------ --- 


	 --- 6/24/2049 --- 
 --- -------- Appointments ------------ --- 


	 --- 6/25/2049 --- 
 --- -------- Appointments ------------ --- 


	 --- 6/26/2049 --- 
 --- -------- Appointments ------------ --- 


	 --- 6/27/2049 --- 
 --- -------- Appointments ------------ --- 


	 --- 6/28/2049 --- 
 --- -------- Appointments ------------ --- 


	 --- 6/29/2049 --- 
 --- -------- Appointments ------------ --- 


	 --- 6/30/2049 --- 
 --- -------- Appointments ------------ --- 


	 --- 6/31/2049 --- 
 --- -------- Appointments ------------ --- 


	 --- 7/1/2049 --- 
 --- -------- Appointments ------------ --- 
	3/31/2017 at 3:30pm ,Birthday Party, This is my birthday party.
 

	 --- 7/2/2049 --- 
 --- -------- Appointments ------------ --- 


	 --- 7/3/2049 --- 
 --- -------- Appointments ------------ --- 


	 --- 7/4/2049 --- 
 --- -------- Appointments ------------ --- 


	 --- 7/5/2049 --- 
 --- -------- Appointments ------------ --- 


	 --- 7/6/2049 --- 
 --- -------- Appointments ------------ --- 


	 --- 7/7/2049 --- 
 --- -------- Appointments ------------ --- 


	 --- 7/8/2049 --- 
 --- -------- Appointments ------------ --- 


	 --- 7/9/2049 --- 
 --- -------- Appointments ------------ --- 


	 --- 7/10/2049 --- 
 --- -------- Appointments ------------ --- 


	 --- 7/11/2049 --- 
 --- -------- Appointments ------------ --- 


	 --- 7/12/2049 --- 
 --- -------- Appointments ------------ --- 


	 --- 7/13/2049 --- 
 --- -------- Appointments ------------ --- 


	 --- 7/14/2049 --- 
 --- -------- Appointments ------------ --- 


	 --- 7/15/2049 --- 
 --- -------- Appointments ------------ --- 


	 --- 7/16/2049 --- 
 --- -------- Appointments ------------ --- 


	 --- 7/17/2049 --- 
 --- -------- Appointments ------------ --- 


	 --- 7/18/2049 --- 
 --- -------- Appointments ------------ --- 


	 --- 7/19/2049 --- 
 --- -------- Appointments ------------ --- 


	 --- 7/20/2049 --- 
 --- -------- Appointments ------------ --- 


	 --- 7/21/2049 --- 
 --- -------- Appointments ------------ --- 


	 --- 7/22/2049 --- 
 --- -------- Appointments ------------ --- 


	 --- 7/23/2049 --- 
 --- -------- Appointments ------------ --- 


	 --- 7/24/2049 --- 
 --- -------- Appointments ------------ --- 


	 --- 7/25/2049 --- 
 --- -------- Appointments ------------ --- 


	 --- 7/26/2049 --- 
 --- -------- Appointments ------------ --- 


	 --- 7/27/2049 --- 
 --- -------- Appointments ------------ --- 


	 --- 7/28/2049 --- 
 --- -------- Appointments ------------ --- 


	 --- 7/29/2049 --- 
 --- -------- Appointments ------------ --- 


	 --- 7/30/2049 --- 
 --- -------- Appointments ------------ --- 


	 --- 7/31/2049 --- 
 --- -------- Appointments ------------ --- 


	 --- 8/1/2049 --- 
 --- -------- Appointments ------------ --- 
	3/31/2017 at 3:30pm ,Birthday Party, This is my birthday party.
 

	 --- 8/2/2049 --- 
 --- -------- Appointments ------------ --- 


	 --- 8/3/2049 --- 
 --- -------- Appointments ------------ --- 


	 --- 8/4/2049 --- 
 --- -------- Appointments ------------ --- 


	 --- 8/5/2049 --- 
 --- -------- Appointments ------------ --- 


	 --- 8/6/2049 --- 
 --- -------- Appointments ------------ --- 


	 --- 8/7/2049 --- 
 --- -------- Appointments ------------ --- 


	 --- 8/8/2049 --- 
 --- -------- Appointments ------------ --- 


	 --- 8/9/2049 --- 
 --- -------- Appointments ------------ --- 


	 --- 8/10/2049 --- 
 --- -------- Appointments ------------ --- 


	 --- 8/11/2049 --- 
 --- -------- Appointments ------------ --- 


	 --- 8/12/2049 --- 
 --- -------- Appointments ------------ --- 


	 --- 8/13/2049 --- 
 --- -------- Appointments ------------ --- 


	 --- 8/14/2049 --- 
 --- -------- Appointments ------------ --- 


	 --- 8/15/2049 --- 
 --- -------- Appointments ------------ --- 


	 --- 8/16/2049 --- 
 --- -------- Appointments ------------ --- 


	 --- 8/17/2049 --- 
 --- -------- Appointments ------------ --- 


	 --- 8/18/2049 --- 
 --- -------- Appointments ------------ --- 


	 --- 8/19/2049 --- 
 --- -------- Appointments ------------ --- 


	 --- 8/20/2049 --- 
 --- -------- Appointments ------------ --- 


	 --- 8/21/2049 --- 
 --- -------- Appointments ------------ --- 


	 --- 8/22/2049 --- 
 --- -------- Appointments ------------ --- 


	 --- 8/23/2049 --- 
 --- -------- Appointments ------------ --- 


	 --- 8/24/2049 --- 
 --- -------- Appointments ------------ --- 


	 --- 8/25/2049 --- 
 --- -------- Appointments ------------ --- 


	 --- 8/26/2049 --- 
 --- -------- Appointments ------------ --- 


	 --- 8/27/2049 --- 
 --- -------- Appointments ------------ --- 


	 --- 8/28/2049 --- 
 --- -------- Appointments ------------ --- 


	 --- 8/29/2049 --- 
 --- -------- Appointments ------------ --- 


	 --- 8/30/2049 --- 
 --- -------- Appointments ------------ --- 


	 --- 9/1/2049 --- 
 --- -------- Appointments ------------ --- 
	3/31/2017 at 3:30pm ,Birthday Party, This is my birthday party.
 

	 --- 9/2/2049 --- 
 --- -------- Appointments ------------ --- 


	 --- 9/3/2049 --- 
 --- -------- Appointments ------------ --- 


	 --- 9/4/2049 --- 
 --- -------- Appointments ------------ --- 


	 --- 9/5/2049 --- 
 --- -------- Appointments ------------ --- 


	 --- 9/6/2049 --- 
 --- -------- Appointments ------------ --- 


	 --- 9/7/2049 --- 
 --- -------- Appointments ------------ --- 


	 --- 9/8/2049 --- 
 --- -------- Appointments ------------ --- 


	 --- 9/9/2049 --- 
 --- -------- Appointments ------------ --- 


	 --- 9/10/2049 --- 
 --- -------- Appointments ------------ --- 


	 --- 9/11/2049 --- 
 --- -------- Appointments ------------ --- 


	 --- 9/12/2049 --- 
 --- -------- Appointments ------------ --- 


	 --- 9/13/2049 --- 
 --- -------- Appointments ------------ --- 


	 --- 9/14/2049 --- 
 --- -------- Appointments ------------ --- 


	 --- 9/15/2049 --- 
 --- -------- Appointments ------------ --- 


	 --- 9/16/2049 --- 
 --- -------- Appointments ------------ --- 


	 --- 9/17/2049 --- 
 --- -------- Appointments ------------ --- 


	 --- 9/18/2049 --- 
 --- -------- Appointments ------------ --- 


	 --- 9/19/2049 --- 
 --- -------- Appointments ------------ --- 


	 --- 9/20/2049 --- 
 --- -------- Appointments ------------ --- 


	 --- 9/21/2049 --- 
 --- -------- Appointments ------------ --- 


	 --- 9/22/2049 --- 
 --- -------- Appointments ------------ --- 


	 --- 9/23/2049 --- 
 --- -------- Appointments ------------ --- 


	 --- 9/24/2049 --- 
 --- -------- Appointments ------------ --- 


	 --- 9/25/2049 --- 
 --- -------- Appointments ------------ --- 


	 --- 9/26/2049 --- 
 --- -------- Appointments ------------ --- 


	 --- 9/27/2049 --- 
 --- -------- Appointments ------------ --- 


	 --- 9/28/2049 --- 
 --- -------- Appointments ------------ --- 


	 --- 9/29/2049 --- 
 --- -------- Appointments ------------ --- 


	 --- 9/30/2049 --- 
 --- -------- Appointments ------------ --- 


	 --- 9/31/2049 --- 
 --- -------- Appointments ------------ --- 


	 --- 10/1/2049 --- 
 --- -------- Appointments ------------ --- 
	3/31/2017 at 3:30pm ,Birthday Party, This is my birthday party.
 

	 --- 10/2/2049 --- 
 --- -------- Appointments ------------ --- 


	 --- 10/3/2049 --- 
 --- -------- Appointments ------------ --- 


	 --- 10/4/2049 --- 
 --- -------- Appointments ------------ --- 


	 --- 10/5/2049 --- 
 --- -------- Appointments ------------ --- 


	 --- 10/6/2049 --- 
 --- -------- Appointments ------------ --- 


	 --- 10/7/2049 --- 
 --- -------- Appointments ------------ --- 


	 --- 10/8/2049 --- 
 --- -------- Appointments ------------ --- 


	 --- 10/9/2049 --- 
 --- -------- Appointments ------------ --- 


	 --- 10/10/2049 --- 
 --- -------- Appointments ------------ --- 


	 --- 10/11/2049 --- 
 --- -------- Appointments ------------ --- 


	 --- 10/12/2049 --- 
 --- -------- Appointments ------------ --- 


	 --- 10/13/2049 --- 
 --- -------- Appointments ------------ --- 


	 --- 10/14/2049 --- 
 --- -------- Appointments ------------ --- 


	 --- 10/15/2049 --- 
 --- -------- Appointments ------------ --- 


	 --- 10/16/2049 --- 
 --- -------- Appointments ------------ --- 


	 --- 10/17/2049 --- 
 --- -------- Appointments ------------ --- 


	 --- 10/18/2049 --- 
 --- -------- Appointments ------------ --- 


	 --- 10/19/2049 --- 
 --- -------- Appointments ------------ --- 


	 --- 10/20/2049 --- 
 --- -------- Appointments ------------ --- 


	 --- 10/21/2049 --- 
 --- -------- Appointments ------------ --- 


	 --- 10/22/2049 --- 
 --- -------- Appointments ------------ --- 


	 --- 10/23/2049 --- 
 --- -------- Appointments ------------ --- 


	 --- 10/24/2049 --- 
 --- -------- Appointments ------------ --- 


	 --- 10/25/2049 --- 
 --- -------- Appointments ------------ --- 


	 --- 10/26/2049 --- 
 --- -------- Appointments ------------ --- 


	 --- 10/27/2049 --- 
 --- -------- Appointments ------------ --- 


	 --- 10/28/2049 --- 
 --- -------- Appointments ------------ --- 


	 --- 10/29/2049 --- 
 --- -------- Appointments ------------ --- 


	 --- 10/30/2049 --- 
 --- -------- Appointments ------------ --- 


	 --- 11/1/2049 --- 
 --- -------- Appointments ------------ --- 
	3/31/2017 at 3:30pm ,Birthday Party, This is my birthday party.
 

	 --- 11/2/2049 --- 
 --- -------- Appointments ------------ --- 


	 --- 11/3/2049 --- 
 --- -------- Appointments ------------ --- 


	 --- 11/4/2049 --- 
 --- -------- Appointments ------------ --- 


	 --- 11/5/2049 --- 
 --- -------- Appointments ------------ --- 


	 --- 11/6/2049 --- 
 --- -------- Appointments ------------ --- 


	 --- 11/7/2049 --- 
 --- -------- Appointments ------------ --- 


	 --- 11/8/2049 --- 
 --- -------- Appointments ------------ --- 


	 --- 11/9/2049 --- 
 --- -------- Appointments ------------ --- 


	 --- 11/10/2049 --- 
 --- -------- Appointments ------------ --- 


	 --- 11/11/2049 --- 
 --- -------- Appointments ------------ --- 


	 --- 11/12/2049 --- 
 --- -------- Appointments ------------ --- 


	 --- 11/13/2049 --- 
 --- -------- Appointments ------------ --- 


	 --- 11/14/2049 --- 
 --- -------- Appointments ------------ --- 


	 --- 11/15/2049 --- 
 --- -------- Appointments ------------ --- 


	 --- 11/16/2049 --- 
 --- -------- Appointments ------------ --- 


	 --- 11/17/2049 --- 
 --- -------- Appointments ------------ --- 


	 --- 11/18/2049 --- 
 --- -------- Appointments ------------ --- 


	 --- 11/19/2049 --- 
 --- -------- Appointments ------------ --- 


	 --- 11/20/2049 --- 
 --- -------- Appointments ------------ --- 


	 --- 11/21/2049 --- 
 --- -------- Appointments ------------ --- 


	 --- 11/22/2049 --- 
 --- -------- Appointments ------------ --- 


	 --- 11/23/2049 --- 
 --- -------- Appointments ------------ --- 


	 --- 11/24/2049 --- 
 --- -------- Appointments ------------ --- 


	 --- 11/25/2049 --- 
 --- -------- Appointments ------------ --- 


	 --- 11/26/2049 --- 
 --- -------- Appointments ------------ --- 


	 --- 11/27/2049 --- 
 --- -------- Appointments ------------ --- 


	 --- 11/28/2049 --- 
 --- -------- Appointments ------------ --- 


	 --- 11/29/2049 --- 
 --- -------- Appointments ------------ --- 


	 --- 11/30/2049 --- 
 --- -------- Appointments ------------ --- 


	 --- 11/31/2049 --- 
 --- -------- Appointments ------------ --- 


	 --- 0/1/2050 --- 
 --- -------- Appointments ------------ --- 
	3/31/2017 at 3:30pm ,Birthday Party, This is my birthday party.
 

	 --- 0/2/2050 --- 
 --- -------- Appointments ------------ --- 


	 --- 0/3/2050 --- 
 --- -------- Appointments ------------ --- 


	 --- 0/4/2050 --- 
 --- -------- Appointments ------------ --- 


	 --- 0/5/2050 --- 
 --- -------- Appointments ------------ --- 


	 --- 0/6/2050 --- 
 --- -------- Appointments ------------ --- 


	 --- 0/7/2050 --- 
 --- -------- Appointments ------------ --- 


	 --- 0/8/2050 --- 
 --- -------- Appointments ------------ --- 


	 --- 0/9/2050 --- 
 --- -------- Appointments ------------ --- 


	 --- 0/10/2050 --- 
 --- -------- Appointments ------------ --- 


	 --- 0/11/2050 --- 
 --- -------- Appointments ------------ --- 


	 --- 0/12/2050 --- 
 --- -------- Appointments ------------ --- 


	 --- 0/13/2050 --- 
 --- -------- Appointments ------------ --- 


	 --- 0/14/2050 --- 
 --- -------- Appointments ------------ --- 


	 --- 0/15/2050 --- 
 --- -------- Appointments ------------ --- 


	 --- 0/16/2050 --- 
 --- -------- Appointments ------------ --- 


	 --- 0/17/2050 --- 
 --- -------- Appointments ------------ --- 


	 --- 0/18/2050 --- 
 --- -------- Appointments ------------ --- 


	 --- 0/19/2050 --- 
 --- -------- Appointments ------------ --- 


	 --- 0/20/2050 --- 
 --- -------- Appointments ------------ --- 


	 --- 0/21/2050 --- 
 --- -------- Appointments ------------ --- 


	 --- 0/22/2050 --- 
 --- -------- Appointments ------------ --- 


	 --- 0/23/2050 --- 
 --- -------- Appointments ------------ --- 


	 --- 0/24/2050 --- 
 --- -------- Appointments ------------ --- 


	 --- 0/25/2050 --- 
 --- -------- Appointments ------------ --- 


	 --- 0/26/2050 --- 
 --- -------- Appointments ------------ --- 


	 --- 0/27/2050 --- 
 --- -------- Appointments ------------ --- 


	 --- 0/28/2050 --- 
 --- -------- Appointments ------------ --- 


	 --- 0/29/2050 --- 
 --- -------- Appointments ------------ --- 


	 --- 0/30/2050 --- 
 --- -------- Appointments ------------ --- 


	 --- 0/31/2050 --- 
 --- -------- Appointments ------------ --- 


	 --- 1/1/2050 --- 
 --- -------- Appointments ------------ --- 
	3/31/2017 at 3:30pm ,Birthday Party, This is my birthday party.
 

	 --- 1/2/2050 --- 
 --- -------- Appointments ------------ --- 


	 --- 1/3/2050 --- 
 --- -------- Appointments ------------ --- 


	 --- 1/4/2050 --- 
 --- -------- Appointments ------------ --- 


	 --- 1/5/2050 --- 
 --- -------- Appointments ------------ --- 


	 --- 1/6/2050 --- 
 --- -------- Appointments ------------ --- 


	 --- 1/7/2050 --- 
 --- -------- Appointments ------------ --- 


	 --- 1/8/2050 --- 
 --- -------- Appointments ------------ --- 


	 --- 1/9/2050 --- 
 --- -------- Appointments ------------ --- 


	 --- 1/10/2050 --- 
 --- -------- Appointments ------------ --- 


	 --- 1/11/2050 --- 
 --- -------- Appointments ------------ --- 


	 --- 1/12/2050 --- 
 --- -------- Appointments ------------ --- 


	 --- 1/13/2050 --- 
 --- -------- Appointments ------------ --- 


	 --- 1/14/2050 --- 
 --- -------- Appointments ------------ --- 


	 --- 1/15/2050 --- 
 --- -------- Appointments ------------ --- 


	 --- 1/16/2050 --- 
 --- -------- Appointments ------------ --- 


	 --- 1/17/2050 --- 
 --- -------- Appointments ------------ --- 


	 --- 1/18/2050 --- 
 --- -------- Appointments ------------ --- 


	 --- 1/19/2050 --- 
 --- -------- Appointments ------------ --- 


	 --- 1/20/2050 --- 
 --- -------- Appointments ------------ --- 


	 --- 1/21/2050 --- 
 --- -------- Appointments ------------ --- 


	 --- 1/22/2050 --- 
 --- -------- Appointments ------------ --- 


	 --- 1/23/2050 --- 
 --- -------- Appointments ------------ --- 


	 --- 1/24/2050 --- 
 --- -------- Appointments ------------ --- 


	 --- 1/25/2050 --- 
 --- -------- Appointments ------------ --- 


	 --- 1/26/2050 --- 
 --- -------- Appointments ------------ --- 


	 --- 1/27/2050 --- 
 --- -------- Appointments ------------ --- 


	 --- 1/28/2050 --- 
 --- -------- Appointments ------------ --- 


	 --- 2/1/2050 --- 
 --- -------- Appointments ------------ --- 
	3/31/2017 at 3:30pm ,Birthday Party, This is my birthday party.
 

	 --- 2/2/2050 --- 
 --- -------- Appointments ------------ --- 


	 --- 2/3/2050 --- 
 --- -------- Appointments ------------ --- 


	 --- 2/4/2050 --- 
 --- -------- Appointments ------------ --- 


	 --- 2/5/2050 --- 
 --- -------- Appointments ------------ --- 


	 --- 2/6/2050 --- 
 --- -------- Appointments ------------ --- 


	 --- 2/7/2050 --- 
 --- -------- Appointments ------------ --- 


	 --- 2/8/2050 --- 
 --- -------- Appointments ------------ --- 


	 --- 2/9/2050 --- 
 --- -------- Appointments ------------ --- 


	 --- 2/10/2050 --- 
 --- -------- Appointments ------------ --- 


	 --- 2/11/2050 --- 
 --- -------- Appointments ------------ --- 


	 --- 2/12/2050 --- 
 --- -------- Appointments ------------ --- 


	 --- 2/13/2050 --- 
 --- -------- Appointments ------------ --- 


	 --- 2/14/2050 --- 
 --- -------- Appointments ------------ --- 


	 --- 2/15/2050 --- 
 --- -------- Appointments ------------ --- 


	 --- 2/16/2050 --- 
 --- -------- Appointments ------------ --- 


	 --- 2/17/2050 --- 
 --- -------- Appointments ------------ --- 


	 --- 2/18/2050 --- 
 --- -------- Appointments ------------ --- 


	 --- 2/19/2050 --- 
 --- -------- Appointments ------------ --- 


	 --- 2/20/2050 --- 
 --- -------- Appointments ------------ --- 


	 --- 2/21/2050 --- 
 --- -------- Appointments ------------ --- 


	 --- 2/22/2050 --- 
 --- -------- Appointments ------------ --- 


	 --- 2/23/2050 --- 
 --- -------- Appointments ------------ --- 


	 --- 2/24/2050 --- 
 --- -------- Appointments ------------ --- 


	 --- 2/25/2050 --- 
 --- -------- Appointments ------------ --- 


	 --- 2/26/2050 --- 
 --- -------- Appointments ------------ --- 
	2/26/2018 at 11:30pm ,Birthday Party, This is my birthday party.
 

	 --- 2/27/2050 --- 
 --- -------- Appointments ------------ --- 


	 --- 2/28/2050 --- 
 --- -------- Appointments ------------ --- 


	 --- 2/29/2050 --- 
 --- -------- Appointments ------------ --- 


	 --- 2/30/2050 --- 
 --- -------- Appointments ------------ --- 


	 --- 2/31/2050 --- 
 --- -------- Appointments ------------ --- 


	 --- 3/1/2050 --- 
 --- -------- Appointments ------------ --- 
	3/31/2017 at 3:30pm ,Birthday Party, This is my birthday party.
 

	 --- 3/2/2050 --- 
 --- -------- Appointments ------------ --- 


	 --- 3/3/2050 --- 
 --- -------- Appointments ------------ --- 


	 --- 3/4/2050 --- 
 --- -------- Appointments ------------ --- 


	 --- 3/5/2050 --- 
 --- -------- Appointments ------------ --- 


	 --- 3/6/2050 --- 
 --- -------- Appointments ------------ --- 


	 --- 3/7/2050 --- 
 --- -------- Appointments ------------ --- 


	 --- 3/8/2050 --- 
 --- -------- Appointments ------------ --- 


	 --- 3/9/2050 --- 
 --- -------- Appointments ------------ --- 


	 --- 3/10/2050 --- 
 --- -------- Appointments ------------ --- 


	 --- 3/11/2050 --- 
 --- -------- Appointments ------------ --- 


	 --- 3/12/2050 --- 
 --- -------- Appointments ------------ --- 


	 --- 3/13/2050 --- 
 --- -------- Appointments ------------ --- 


	 --- 3/14/2050 --- 
 --- -------- Appointments ------------ --- 


	 --- 3/15/2050 --- 
 --- -------- Appointments ------------ --- 


	 --- 3/16/2050 --- 
 --- -------- Appointments ------------ --- 


	 --- 3/17/2050 --- 
 --- -------- Appointments ------------ --- 


	 --- 3/18/2050 --- 
 --- -------- Appointments ------------ --- 


	 --- 3/19/2050 --- 
 --- -------- Appointments ------------ --- 


	 --- 3/20/2050 --- 
 --- -------- Appointments ------------ --- 


	 --- 3/21/2050 --- 
 --- -------- Appointments ------------ --- 


	 --- 3/22/2050 --- 
 --- -------- Appointments ------------ --- 


	 --- 3/23/2050 --- 
 --- -------- Appointments ------------ --- 


	 --- 3/24/2050 --- 
 --- -------- Appointments ------------ --- 


	 --- 3/25/2050 --- 
 --- -------- Appointments ------------ --- 


	 --- 3/26/2050 --- 
 --- -------- Appointments ------------ --- 


	 --- 3/27/2050 --- 
 --- -------- Appointments ------------ --- 


	 --- 3/28/2050 --- 
 --- -------- Appointments ------------ --- 


	 --- 3/29/2050 --- 
 --- -------- Appointments ------------ --- 


	 --- 3/30/2050 --- 
 --- -------- Appointments ------------ --- 


	 --- 4/1/2050 --- 
 --- -------- Appointments ------------ --- 
	3/31/2017 at 3:30pm ,Birthday Party, This is my birthday party.
 

	 --- 4/2/2050 --- 
 --- -------- Appointments ------------ --- 


	 --- 4/3/2050 --- 
 --- -------- Appointments ------------ --- 


	 --- 4/4/2050 --- 
 --- -------- Appointments ------------ --- 


	 --- 4/5/2050 --- 
 --- -------- Appointments ------------ --- 


	 --- 4/6/2050 --- 
 --- -------- Appointments ------------ --- 


	 --- 4/7/2050 --- 
 --- -------- Appointments ------------ --- 


	 --- 4/8/2050 --- 
 --- -------- Appointments ------------ --- 


	 --- 4/9/2050 --- 
 --- -------- Appointments ------------ --- 


	 --- 4/10/2050 --- 
 --- -------- Appointments ------------ --- 


	 --- 4/11/2050 --- 
 --- -------- Appointments ------------ --- 


	 --- 4/12/2050 --- 
 --- -------- Appointments ------------ --- 


	 --- 4/13/2050 --- 
 --- -------- Appointments ------------ --- 


	 --- 4/14/2050 --- 
 --- -------- Appointments ------------ --- 


	 --- 4/15/2050 --- 
 --- -------- Appointments ------------ --- 


	 --- 4/16/2050 --- 
 --- -------- Appointments ------------ --- 


	 --- 4/17/2050 --- 
 --- -------- Appointments ------------ --- 


	 --- 4/18/2050 --- 
 --- -------- Appointments ------------ --- 


	 --- 4/19/2050 --- 
 --- -------- Appointments ------------ --- 


	 --- 4/20/2050 --- 
 --- -------- Appointments ------------ --- 


	 --- 4/21/2050 --- 
 --- -------- Appointments ------------ --- 


	 --- 4/22/2050 --- 
 --- -------- Appointments ------------ --- 


	 --- 4/23/2050 --- 
 --- -------- Appointments ------------ --- 


	 --- 4/24/2050 --- 
 --- -------- Appointments ------------ --- 


	 --- 4/25/2050 --- 
 --- -------- Appointments ------------ --- 


	 --- 4/26/2050 --- 
 --- -------- Appointments ------------ --- 


	 --- 4/27/2050 --- 
 --- -------- Appointments ------------ --- 


	 --- 4/28/2050 --- 
 --- -------- Appointments ------------ --- 


	 --- 4/29/2050 --- 
 --- -------- Appointments ------------ --- 


	 --- 4/30/2050 --- 
 --- -------- Appointments ------------ --- 


	 --- 4/31/2050 --- 
 --- -------- Appointments ------------ --- 


	 --- 5/1/2050 --- 
 --- -------- Appointments ------------ --- 
	3/31/2017 at 3:30pm ,Birthday Party, This is my birthday party.
 

	 --- 5/2/2050 --- 
 --- -------- Appointments ------------ --- 


	 --- 5/3/2050 --- 
 --- -------- Appointments ------------ --- 


	 --- 5/4/2050 --- 
 --- -------- Appointments ------------ --- 


	 --- 5/5/2050 --- 
 --- -------- Appointments ------------ --- 


	 --- 5/6/2050 --- 
 --- -------- Appointments ------------ --- 


	 --- 5/7/2050 --- 
 --- -------- Appointments ------------ --- 


	 --- 5/8/2050 --- 
 --- -------- Appointments ------------ --- 


	 --- 5/9/2050 --- 
 --- -------- Appointments ------------ --- 


	 --- 5/10/2050 --- 
 --- -------- Appointments ------------ --- 


	 --- 5/11/2050 --- 
 --- -------- Appointments ------------ --- 


	 --- 5/12/2050 --- 
 --- -------- Appointments ------------ --- 


	 --- 5/13/2050 --- 
 --- -------- Appointments ------------ --- 


	 --- 5/14/2050 --- 
 --- -------- Appointments ------------ --- 


	 --- 5/15/2050 --- 
 --- -------- Appointments ------------ --- 


	 --- 5/16/2050 --- 
 --- -------- Appointments ------------ --- 


	 --- 5/17/2050 --- 
 --- -------- Appointments ------------ --- 


	 --- 5/18/2050 --- 
 --- -------- Appointments ------------ --- 


	 --- 5/19/2050 --- 
 --- -------- Appointments ------------ --- 


	 --- 5/20/2050 --- 
 --- -------- Appointments ------------ --- 


	 --- 5/21/2050 --- 
 --- -------- Appointments ------------ --- 


	 --- 5/22/2050 --- 
 --- -------- Appointments ------------ --- 


	 --- 5/23/2050 --- 
 --- -------- Appointments ------------ --- 


	 --- 5/24/2050 --- 
 --- -------- Appointments ------------ --- 


	 --- 5/25/2050 --- 
 --- -------- Appointments ------------ --- 


	 --- 5/26/2050 --- 
 --- -------- Appointments ------------ --- 


	 --- 5/27/2050 --- 
 --- -------- Appointments ------------ --- 


	 --- 5/28/2050 --- 
 --- -------- Appointments ------------ --- 


	 --- 5/29/2050 --- 
 --- -------- Appointments ------------ --- 


	 --- 5/30/2050 --- 
 --- -------- Appointments ------------ --- 


	 --- 6/1/2050 --- 
 --- -------- Appointments ------------ --- 
	3/31/2017 at 3:30pm ,Birthday Party, This is my birthday party.
 

	 --- 6/2/2050 --- 
 --- -------- Appointments ------------ --- 


	 --- 6/3/2050 --- 
 --- -------- Appointments ------------ --- 


	 --- 6/4/2050 --- 
 --- -------- Appointments ------------ --- 


	 --- 6/5/2050 --- 
 --- -------- Appointments ------------ --- 


	 --- 6/6/2050 --- 
 --- -------- Appointments ------------ --- 


	 --- 6/7/2050 --- 
 --- -------- Appointments ------------ --- 


	 --- 6/8/2050 --- 
 --- -------- Appointments ------------ --- 


	 --- 6/9/2050 --- 
 --- -------- Appointments ------------ --- 


	 --- 6/10/2050 --- 
 --- -------- Appointments ------------ --- 


	 --- 6/11/2050 --- 
 --- -------- Appointments ------------ --- 


	 --- 6/12/2050 --- 
 --- -------- Appointments ------------ --- 


	 --- 6/13/2050 --- 
 --- -------- Appointments ------------ --- 


	 --- 6/14/2050 --- 
 --- -------- Appointments ------------ --- 


	 --- 6/15/2050 --- 
 --- -------- Appointments ------------ --- 


	 --- 6/16/2050 --- 
 --- -------- Appointments ------------ --- 


	 --- 6/17/2050 --- 
 --- -------- Appointments ------------ --- 


	 --- 6/18/2050 --- 
 --- -------- Appointments ------------ --- 


	 --- 6/19/2050 --- 
 --- -------- Appointments ------------ --- 


	 --- 6/20/2050 --- 
 --- -------- Appointments ------------ --- 


	 --- 6/21/2050 --- 
 --- -------- Appointments ------------ --- 


	 --- 6/22/2050 --- 
 --- -------- Appointments ------------ --- 


	 --- 6/23/2050 --- 
 --- -------- Appointments ------------ --- 


	 --- 6/24/2050 --- 
 --- -------- Appointments ------------ --- 


	 --- 6/25/2050 --- 
 --- -------- Appointments ------------ --- 


	 --- 6/26/2050 --- 
 --- -------- Appointments ------------ --- 


	 --- 6/27/2050 --- 
 --- -------- Appointments ------------ --- 


	 --- 6/28/2050 --- 
 --- -------- Appointments ------------ --- 


	 --- 6/29/2050 --- 
 --- -------- Appointments ------------ --- 


	 --- 6/30/2050 --- 
 --- -------- Appointments ------------ --- 


	 --- 6/31/2050 --- 
 --- -------- Appointments ------------ --- 


	 --- 7/1/2050 --- 
 --- -------- Appointments ------------ --- 
	3/31/2017 at 3:30pm ,Birthday Party, This is my birthday party.
 

	 --- 7/2/2050 --- 
 --- -------- Appointments ------------ --- 


	 --- 7/3/2050 --- 
 --- -------- Appointments ------------ --- 


	 --- 7/4/2050 --- 
 --- -------- Appointments ------------ --- 


	 --- 7/5/2050 --- 
 --- -------- Appointments ------------ --- 


	 --- 7/6/2050 --- 
 --- -------- Appointments ------------ --- 


	 --- 7/7/2050 --- 
 --- -------- Appointments ------------ --- 


	 --- 7/8/2050 --- 
 --- -------- Appointments ------------ --- 


	 --- 7/9/2050 --- 
 --- -------- Appointments ------------ --- 


	 --- 7/10/2050 --- 
 --- -------- Appointments ------------ --- 


	 --- 7/11/2050 --- 
 --- -------- Appointments ------------ --- 


	 --- 7/12/2050 --- 
 --- -------- Appointments ------------ --- 


	 --- 7/13/2050 --- 
 --- -------- Appointments ------------ --- 


	 --- 7/14/2050 --- 
 --- -------- Appointments ------------ --- 


	 --- 7/15/2050 --- 
 --- -------- Appointments ------------ --- 


	 --- 7/16/2050 --- 
 --- -------- Appointments ------------ --- 


	 --- 7/17/2050 --- 
 --- -------- Appointments ------------ --- 


	 --- 7/18/2050 --- 
 --- -------- Appointments ------------ --- 


	 --- 7/19/2050 --- 
 --- -------- Appointments ------------ --- 


	 --- 7/20/2050 --- 
 --- -------- Appointments ------------ --- 


	 --- 7/21/2050 --- 
 --- -------- Appointments ------------ --- 


	 --- 7/22/2050 --- 
 --- -------- Appointments ------------ --- 


	 --- 7/23/2050 --- 
 --- -------- Appointments ------------ --- 


	 --- 7/24/2050 --- 
 --- -------- Appointments ------------ --- 


	 --- 7/25/2050 --- 
 --- -------- Appointments ------------ --- 


	 --- 7/26/2050 --- 
 --- -------- Appointments ------------ --- 


	 --- 7/27/2050 --- 
 --- -------- Appointments ------------ --- 


	 --- 7/28/2050 --- 
 --- -------- Appointments ------------ --- 


	 --- 7/29/2050 --- 
 --- -------- Appointments ------------ --- 


	 --- 7/30/2050 --- 
 --- -------- Appointments ------------ --- 


	 --- 7/31/2050 --- 
 --- -------- Appointments ------------ --- 


	 --- 8/1/2050 --- 
 --- -------- Appointments ------------ --- 
	3/31/2017 at 3:30pm ,Birthday Party, This is my birthday party.
 

	 --- 8/2/2050 --- 
 --- -------- Appointments ------------ --- 


	 --- 8/3/2050 --- 
 --- -------- Appointments ------------ --- 


	 --- 8/4/2050 --- 
 --- -------- Appointments ------------ --- 


	 --- 8/5/2050 --- 
 --- -------- Appointments ------------ --- 


	 --- 8/6/2050 --- 
 --- -------- Appointments ------------ --- 


	 --- 8/7/2050 --- 
 --- -------- Appointments ------------ --- 


	 --- 8/8/2050 --- 
 --- -------- Appointments ------------ --- 


	 --- 8/9/2050 --- 
 --- -------- Appointments ------------ --- 


	 --- 8/10/2050 --- 
 --- -------- Appointments ------------ --- 


	 --- 8/11/2050 --- 
 --- -------- Appointments ------------ --- 


	 --- 8/12/2050 --- 
 --- -------- Appointments ------------ --- 


	 --- 8/13/2050 --- 
 --- -------- Appointments ------------ --- 


	 --- 8/14/2050 --- 
 --- -------- Appointments ------------ --- 


	 --- 8/15/2050 --- 
 --- -------- Appointments ------------ --- 


	 --- 8/16/2050 --- 
 --- -------- Appointments ------------ --- 


	 --- 8/17/2050 --- 
 --- -------- Appointments ------------ --- 


	 --- 8/18/2050 --- 
 --- -------- Appointments ------------ --- 


	 --- 8/19/2050 --- 
 --- -------- Appointments ------------ --- 


	 --- 8/20/2050 --- 
 --- -------- Appointments ------------ --- 


	 --- 8/21/2050 --- 
 --- -------- Appointments ------------ --- 


	 --- 8/22/2050 --- 
 --- -------- Appointments ------------ --- 


	 --- 8/23/2050 --- 
 --- -------- Appointments ------------ --- 


	 --- 8/24/2050 --- 
 --- -------- Appointments ------------ --- 


	 --- 8/25/2050 --- 
 --- -------- Appointments ------------ --- 


	 --- 8/26/2050 --- 
 --- -------- Appointments ------------ --- 


	 --- 8/27/2050 --- 
 --- -------- Appointments ------------ --- 


	 --- 8/28/2050 --- 
 --- -------- Appointments ------------ --- 


	 --- 8/29/2050 --- 
 --- -------- Appointments ------------ --- 


	 --- 8/30/2050 --- 
 --- -------- Appointments ------------ --- 


	 --- 9/1/2050 --- 
 --- -------- Appointments ------------ --- 
	3/31/2017 at 3:30pm ,Birthday Party, This is my birthday party.
 

	 --- 9/2/2050 --- 
 --- -------- Appointments ------------ --- 


	 --- 9/3/2050 --- 
 --- -------- Appointments ------------ --- 


	 --- 9/4/2050 --- 
 --- -------- Appointments ------------ --- 


	 --- 9/5/2050 --- 
 --- -------- Appointments ------------ --- 


	 --- 9/6/2050 --- 
 --- -------- Appointments ------------ --- 


	 --- 9/7/2050 --- 
 --- -------- Appointments ------------ --- 


	 --- 9/8/2050 --- 
 --- -------- Appointments ------------ --- 


	 --- 9/9/2050 --- 
 --- -------- Appointments ------------ --- 


	 --- 9/10/2050 --- 
 --- -------- Appointments ------------ --- 


	 --- 9/11/2050 --- 
 --- -------- Appointments ------------ --- 


	 --- 9/12/2050 --- 
 --- -------- Appointments ------------ --- 


	 --- 9/13/2050 --- 
 --- -------- Appointments ------------ --- 


	 --- 9/14/2050 --- 
 --- -------- Appointments ------------ --- 


	 --- 9/15/2050 --- 
 --- -------- Appointments ------------ --- 


	 --- 9/16/2050 --- 
 --- -------- Appointments ------------ --- 


	 --- 9/17/2050 --- 
 --- -------- Appointments ------------ --- 


	 --- 9/18/2050 --- 
 --- -------- Appointments ------------ --- 


	 --- 9/19/2050 --- 
 --- -------- Appointments ------------ --- 


	 --- 9/20/2050 --- 
 --- -------- Appointments ------------ --- 


	 --- 9/21/2050 --- 
 --- -------- Appointments ------------ --- 


	 --- 9/22/2050 --- 
 --- -------- Appointments ------------ --- 


	 --- 9/23/2050 --- 
 --- -------- Appointments ------------ --- 


	 --- 9/24/2050 --- 
 --- -------- Appointments ------------ --- 


	 --- 9/25/2050 --- 
 --- -------- Appointments ------------ --- 


	 --- 9/26/2050 --- 
 --- -------- Appointments ------------ --- 


	 --- 9/27/2050 --- 
 --- -------- Appointments ------------ --- 


	 --- 9/28/2050 --- 
 --- -------- Appointments ------------ --- 


	 --- 9/29/2050 --- 
 --- -------- Appointments ------------ --- 


	 --- 9/30/2050 --- 
 --- -------- Appointments ------------ --- 


	 --- 9/31/2050 --- 
 --- -------- Appointments ------------ --- 


	 --- 10/1/2050 --- 
 --- -------- Appointments ------------ --- 
	3/31/2017 at 3:30pm ,Birthday Party, This is my birthday party.
 

	 --- 10/2/2050 --- 
 --- -------- Appointments ------------ --- 


	 --- 10/3/2050 --- 
 --- -------- Appointments ------------ --- 


	 --- 10/4/2050 --- 
 --- -------- Appointments ------------ --- 


	 --- 10/5/2050 --- 
 --- -------- Appointments ------------ --- 


	 --- 10/6/2050 --- 
 --- -------- Appointments ------------ --- 


	 --- 10/7/2050 --- 
 --- -------- Appointments ------------ --- 


	 --- 10/8/2050 --- 
 --- -------- Appointments ------------ --- 


	 --- 10/9/2050 --- 
 --- -------- Appointments ------------ --- 


	 --- 10/10/2050 --- 
 --- -------- Appointments ------------ --- 


	 --- 10/11/2050 --- 
 --- -------- Appointments ------------ --- 


	 --- 10/12/2050 --- 
 --- -------- Appointments ------------ --- 


	 --- 10/13/2050 --- 
 --- -------- Appointments ------------ --- 


	 --- 10/14/2050 --- 
 --- -------- Appointments ------------ --- 


	 --- 10/15/2050 --- 
 --- -------- Appointments ------------ --- 


	 --- 10/16/2050 --- 
 --- -------- Appointments ------------ --- 


	 --- 10/17/2050 --- 
 --- -------- Appointments ------------ --- 


	 --- 10/18/2050 --- 
 --- -------- Appointments ------------ --- 


	 --- 10/19/2050 --- 
 --- -------- Appointments ------------ --- 


	 --- 10/20/2050 --- 
 --- -------- Appointments ------------ --- 


	 --- 10/21/2050 --- 
 --- -------- Appointments ------------ --- 


	 --- 10/22/2050 --- 
 --- -------- Appointments ------------ --- 


	 --- 10/23/2050 --- 
 --- -------- Appointments ------------ --- 


	 --- 10/24/2050 --- 
 --- -------- Appointments ------------ --- 


	 --- 10/25/2050 --- 
 --- -------- Appointments ------------ --- 


	 --- 10/26/2050 --- 
 --- -------- Appointments ------------ --- 


	 --- 10/27/2050 --- 
 --- -------- Appointments ------------ --- 


	 --- 10/28/2050 --- 
 --- -------- Appointments ------------ --- 


	 --- 10/29/2050 --- 
 --- -------- Appointments ------------ --- 


	 --- 10/30/2050 --- 
 --- -------- Appointments ------------ --- 


	 --- 11/1/2050 --- 
 --- -------- Appointments ------------ --- 
	3/31/2017 at 3:30pm ,Birthday Party, This is my birthday party.
 

	 --- 11/2/2050 --- 
 --- -------- Appointments ------------ --- 


	 --- 11/3/2050 --- 
 --- -------- Appointments ------------ --- 


	 --- 11/4/2050 --- 
 --- -------- Appointments ------------ --- 


	 --- 11/5/2050 --- 
 --- -------- Appointments ------------ --- 


	 --- 11/6/2050 --- 
 --- -------- Appointments ------------ --- 


	 --- 11/7/2050 --- 
 --- -------- Appointments ------------ --- 


	 --- 11/8/2050 --- 
 --- -------- Appointments ------------ --- 


	 --- 11/9/2050 --- 
 --- -------- Appointments ------------ --- 


	 --- 11/10/2050 --- 
 --- -------- Appointments ------------ --- 


	 --- 11/11/2050 --- 
 --- -------- Appointments ------------ --- 


	 --- 11/12/2050 --- 
 --- -------- Appointments ------------ --- 


	 --- 11/13/2050 --- 
 --- -------- Appointments ------------ --- 


	 --- 11/14/2050 --- 
 --- -------- Appointments ------------ --- 


	 --- 11/15/2050 --- 
 --- -------- Appointments ------------ --- 


	 --- 11/16/2050 --- 
 --- -------- Appointments ------------ --- 


	 --- 11/17/2050 --- 
 --- -------- Appointments ------------ --- 


	 --- 11/18/2050 --- 
 --- -------- Appointments ------------ --- 


	 --- 11/19/2050 --- 
 --- -------- Appointments ------------ --- 


	 --- 11/20/2050 --- 
 --- -------- Appointments ------------ --- 


	 --- 11/21/2050 --- 
 --- -------- Appointments ------------ --- 


	 --- 11/22/2050 --- 
 --- -------- Appointments ------------ --- 


	 --- 11/23/2050 --- 
 --- -------- Appointments ------------ --- 


	 --- 11/24/2050 --- 
 --- -------- Appointments ------------ --- 


	 --- 11/25/2050 --- 
 --- -------- Appointments ------------ --- 


	 --- 11/26/2050 --- 
 --- -------- Appointments ------------ --- 


	 --- 11/27/2050 --- 
 --- -------- Appointments ------------ --- 


	 --- 11/28/2050 --- 
 --- -------- Appointments ------------ --- 


	 --- 11/29/2050 --- 
 --- -------- Appointments ------------ --- 


	 --- 11/30/2050 --- 
 --- -------- Appointments ------------ --- 


	 --- 11/31/2050 --- 
 --- -------- Appointments ------------ --- 


	 --- 0/1/2051 --- 
 --- -------- Appointments ------------ --- 
	3/31/2017 at 3:30pm ,Birthday Party, This is my birthday party.
 

	 --- 0/2/2051 --- 
 --- -------- Appointments ------------ --- 


	 --- 0/3/2051 --- 
 --- -------- Appointments ------------ --- 


	 --- 0/4/2051 --- 
 --- -------- Appointments ------------ --- 


	 --- 0/5/2051 --- 
 --- -------- Appointments ------------ --- 


	 --- 0/6/2051 --- 
 --- -------- Appointments ------------ --- 


	 --- 0/7/2051 --- 
 --- -------- Appointments ------------ --- 


	 --- 0/8/2051 --- 
 --- -------- Appointments ------------ --- 


	 --- 0/9/2051 --- 
 --- -------- Appointments ------------ --- 


	 --- 0/10/2051 --- 
 --- -------- Appointments ------------ --- 


	 --- 0/11/2051 --- 
 --- -------- Appointments ------------ --- 


	 --- 0/12/2051 --- 
 --- -------- Appointments ------------ --- 


	 --- 0/13/2051 --- 
 --- -------- Appointments ------------ --- 


	 --- 0/14/2051 --- 
 --- -------- Appointments ------------ --- 


	 --- 0/15/2051 --- 
 --- -------- Appointments ------------ --- 


	 --- 0/16/2051 --- 
 --- -------- Appointments ------------ --- 


	 --- 0/17/2051 --- 
 --- -------- Appointments ------------ --- 


	 --- 0/18/2051 --- 
 --- -------- Appointments ------------ --- 


	 --- 0/19/2051 --- 
 --- -------- Appointments ------------ --- 


	 --- 0/20/2051 --- 
 --- -------- Appointments ------------ --- 


	 --- 0/21/2051 --- 
 --- -------- Appointments ------------ --- 


	 --- 0/22/2051 --- 
 --- -------- Appointments ------------ --- 


	 --- 0/23/2051 --- 
 --- -------- Appointments ------------ --- 


	 --- 0/24/2051 --- 
 --- -------- Appointments ------------ --- 


	 --- 0/25/2051 --- 
 --- -------- Appointments ------------ --- 


	 --- 0/26/2051 --- 
 --- -------- Appointments ------------ --- 


	 --- 0/27/2051 --- 
 --- -------- Appointments ------------ --- 


	 --- 0/28/2051 --- 
 --- -------- Appointments ------------ --- 


	 --- 0/29/2051 --- 
 --- -------- Appointments ------------ --- 


	 --- 0/30/2051 --- 
 --- -------- Appointments ------------ --- 


	 --- 0/31/2051 --- 
 --- -------- Appointments ------------ --- 


	 --- 1/1/2051 --- 
 --- -------- Appointments ------------ --- 
	3/31/2017 at 3:30pm ,Birthday Party, This is my birthday party.
 

	 --- 1/2/2051 --- 
 --- -------- Appointments ------------ --- 


	 --- 1/3/2051 --- 
 --- -------- Appointments ------------ --- 


	 --- 1/4/2051 --- 
 --- -------- Appointments ------------ --- 


	 --- 1/5/2051 --- 
 --- -------- Appointments ------------ --- 


	 --- 1/6/2051 --- 
 --- -------- Appointments ------------ --- 


	 --- 1/7/2051 --- 
 --- -------- Appointments ------------ --- 


	 --- 1/8/2051 --- 
 --- -------- Appointments ------------ --- 


	 --- 1/9/2051 --- 
 --- -------- Appointments ------------ --- 


	 --- 1/10/2051 --- 
 --- -------- Appointments ------------ --- 


	 --- 1/11/2051 --- 
 --- -------- Appointments ------------ --- 


	 --- 1/12/2051 --- 
 --- -------- Appointments ------------ --- 


	 --- 1/13/2051 --- 
 --- -------- Appointments ------------ --- 


	 --- 1/14/2051 --- 
 --- -------- Appointments ------------ --- 


	 --- 1/15/2051 --- 
 --- -------- Appointments ------------ --- 


	 --- 1/16/2051 --- 
 --- -------- Appointments ------------ --- 


	 --- 1/17/2051 --- 
 --- -------- Appointments ------------ --- 


	 --- 1/18/2051 --- 
 --- -------- Appointments ------------ --- 


	 --- 1/19/2051 --- 
 --- -------- Appointments ------------ --- 


	 --- 1/20/2051 --- 
 --- -------- Appointments ------------ --- 


	 --- 1/21/2051 --- 
 --- -------- Appointments ------------ --- 


	 --- 1/22/2051 --- 
 --- -------- Appointments ------------ --- 


	 --- 1/23/2051 --- 
 --- -------- Appointments ------------ --- 


	 --- 1/24/2051 --- 
 --- -------- Appointments ------------ --- 


	 --- 1/25/2051 --- 
 --- -------- Appointments ------------ --- 


	 --- 1/26/2051 --- 
 --- -------- Appointments ------------ --- 


	 --- 1/27/2051 --- 
 --- -------- Appointments ------------ --- 


	 --- 1/28/2051 --- 
 --- -------- Appointments ------------ --- 


	 --- 2/1/2051 --- 
 --- -------- Appointments ------------ --- 
	3/31/2017 at 3:30pm ,Birthday Party, This is my birthday party.
 

	 --- 2/2/2051 --- 
 --- -------- Appointments ------------ --- 


	 --- 2/3/2051 --- 
 --- -------- Appointments ------------ --- 


	 --- 2/4/2051 --- 
 --- -------- Appointments ------------ --- 


	 --- 2/5/2051 --- 
 --- -------- Appointments ------------ --- 


	 --- 2/6/2051 --- 
 --- -------- Appointments ------------ --- 


	 --- 2/7/2051 --- 
 --- -------- Appointments ------------ --- 


	 --- 2/8/2051 --- 
 --- -------- Appointments ------------ --- 


	 --- 2/9/2051 --- 
 --- -------- Appointments ------------ --- 


	 --- 2/10/2051 --- 
 --- -------- Appointments ------------ --- 


	 --- 2/11/2051 --- 
 --- -------- Appointments ------------ --- 


	 --- 2/12/2051 --- 
 --- -------- Appointments ------------ --- 


	 --- 2/13/2051 --- 
 --- -------- Appointments ------------ --- 


	 --- 2/14/2051 --- 
 --- -------- Appointments ------------ --- 


	 --- 2/15/2051 --- 
 --- -------- Appointments ------------ --- 


	 --- 2/16/2051 --- 
 --- -------- Appointments ------------ --- 


	 --- 2/17/2051 --- 
 --- -------- Appointments ------------ --- 


	 --- 2/18/2051 --- 
 --- -------- Appointments ------------ --- 


	 --- 2/19/2051 --- 
 --- -------- Appointments ------------ --- 


	 --- 2/20/2051 --- 
 --- -------- Appointments ------------ --- 


	 --- 2/21/2051 --- 
 --- -------- Appointments ------------ --- 


	 --- 2/22/2051 --- 
 --- -------- Appointments ------------ --- 


	 --- 2/23/2051 --- 
 --- -------- Appointments ------------ --- 


	 --- 2/24/2051 --- 
 --- -------- Appointments ------------ --- 


	 --- 2/25/2051 --- 
 --- -------- Appointments ------------ --- 


	 --- 2/26/2051 --- 
 --- -------- Appointments ------------ --- 
	2/26/2018 at 11:30pm ,Birthday Party, This is my birthday party.
 

	 --- 2/27/2051 --- 
 --- -------- Appointments ------------ --- 


	 --- 2/28/2051 --- 
 --- -------- Appointments ------------ --- 


	 --- 2/29/2051 --- 
 --- -------- Appointments ------------ --- 


	 --- 2/30/2051 --- 
 --- -------- Appointments ------------ --- 


	 --- 2/31/2051 --- 
 --- -------- Appointments ------------ --- 


	 --- 3/1/2051 --- 
 --- -------- Appointments ------------ --- 
	3/31/2017 at 3:30pm ,Birthday Party, This is my birthday party.
 

	 --- 3/2/2051 --- 
 --- -------- Appointments ------------ --- 


	 --- 3/3/2051 --- 
 --- -------- Appointments ------------ --- 


	 --- 3/4/2051 --- 
 --- -------- Appointments ------------ --- 


	 --- 3/5/2051 --- 
 --- -------- Appointments ------------ --- 


	 --- 3/6/2051 --- 
 --- -------- Appointments ------------ --- 


	 --- 3/7/2051 --- 
 --- -------- Appointments ------------ --- 


	 --- 3/8/2051 --- 
 --- -------- Appointments ------------ --- 


	 --- 3/9/2051 --- 
 --- -------- Appointments ------------ --- 


	 --- 3/10/2051 --- 
 --- -------- Appointments ------------ --- 


	 --- 3/11/2051 --- 
 --- -------- Appointments ------------ --- 


	 --- 3/12/2051 --- 
 --- -------- Appointments ------------ --- 


	 --- 3/13/2051 --- 
 --- -------- Appointments ------------ --- 


	 --- 3/14/2051 --- 
 --- -------- Appointments ------------ --- 


	 --- 3/15/2051 --- 
 --- -------- Appointments ------------ --- 


	 --- 3/16/2051 --- 
 --- -------- Appointments ------------ --- 


	 --- 3/17/2051 --- 
 --- -------- Appointments ------------ --- 


	 --- 3/18/2051 --- 
 --- -------- Appointments ------------ --- 


	 --- 3/19/2051 --- 
 --- -------- Appointments ------------ --- 


	 --- 3/20/2051 --- 
 --- -------- Appointments ------------ --- 


	 --- 3/21/2051 --- 
 --- -------- Appointments ------------ --- 


	 --- 3/22/2051 --- 
 --- -------- Appointments ------------ --- 


	 --- 3/23/2051 --- 
 --- -------- Appointments ------------ --- 


	 --- 3/24/2051 --- 
 --- -------- Appointments ------------ --- 


	 --- 3/25/2051 --- 
 --- -------- Appointments ------------ --- 


	 --- 3/26/2051 --- 
 --- -------- Appointments ------------ --- 


	 --- 3/27/2051 --- 
 --- -------- Appointments ------------ --- 


	 --- 3/28/2051 --- 
 --- -------- Appointments ------------ --- 


	 --- 3/29/2051 --- 
 --- -------- Appointments ------------ --- 


	 --- 3/30/2051 --- 
 --- -------- Appointments ------------ --- 


	 --- 4/1/2051 --- 
 --- -------- Appointments ------------ --- 
	3/31/2017 at 3:30pm ,Birthday Party, This is my birthday party.
 

	 --- 4/2/2051 --- 
 --- -------- Appointments ------------ --- 


	 --- 4/3/2051 --- 
 --- -------- Appointments ------------ --- 


	 --- 4/4/2051 --- 
 --- -------- Appointments ------------ --- 


	 --- 4/5/2051 --- 
 --- -------- Appointments ------------ --- 


	 --- 4/6/2051 --- 
 --- -------- Appointments ------------ --- 


	 --- 4/7/2051 --- 
 --- -------- Appointments ------------ --- 


	 --- 4/8/2051 --- 
 --- -------- Appointments ------------ --- 


	 --- 4/9/2051 --- 
 --- -------- Appointments ------------ --- 


	 --- 4/10/2051 --- 
 --- -------- Appointments ------------ --- 


	 --- 4/11/2051 --- 
 --- -------- Appointments ------------ --- 


	 --- 4/12/2051 --- 
 --- -------- Appointments ------------ --- 


	 --- 4/13/2051 --- 
 --- -------- Appointments ------------ --- 


	 --- 4/14/2051 --- 
 --- -------- Appointments ------------ --- 


	 --- 4/15/2051 --- 
 --- -------- Appointments ------------ --- 


	 --- 4/16/2051 --- 
 --- -------- Appointments ------------ --- 


	 --- 4/17/2051 --- 
 --- -------- Appointments ------------ --- 


	 --- 4/18/2051 --- 
 --- -------- Appointments ------------ --- 


	 --- 4/19/2051 --- 
 --- -------- Appointments ------------ --- 


	 --- 4/20/2051 --- 
 --- -------- Appointments ------------ --- 


	 --- 4/21/2051 --- 
 --- -------- Appointments ------------ --- 


	 --- 4/22/2051 --- 
 --- -------- Appointments ------------ --- 


	 --- 4/23/2051 --- 
 --- -------- Appointments ------------ --- 


	 --- 4/24/2051 --- 
 --- -------- Appointments ------------ --- 


	 --- 4/25/2051 --- 
 --- -------- Appointments ------------ --- 


	 --- 4/26/2051 --- 
 --- -------- Appointments ------------ --- 


	 --- 4/27/2051 --- 
 --- -------- Appointments ------------ --- 


	 --- 4/28/2051 --- 
 --- -------- Appointments ------------ --- 


	 --- 4/29/2051 --- 
 --- -------- Appointments ------------ --- 


	 --- 4/30/2051 --- 
 --- -------- Appointments ------------ --- 


	 --- 4/31/2051 --- 
 --- -------- Appointments ------------ --- 


	 --- 5/1/2051 --- 
 --- -------- Appointments ------------ --- 
	3/31/2017 at 3:30pm ,Birthday Party, This is my birthday party.
 

	 --- 5/2/2051 --- 
 --- -------- Appointments ------------ --- 


	 --- 5/3/2051 --- 
 --- -------- Appointments ------------ --- 


	 --- 5/4/2051 --- 
 --- -------- Appointments ------------ --- 


	 --- 5/5/2051 --- 
 --- -------- Appointments ------------ --- 


	 --- 5/6/2051 --- 
 --- -------- Appointments ------------ --- 


	 --- 5/7/2051 --- 
 --- -------- Appointments ------------ --- 


	 --- 5/8/2051 --- 
 --- -------- Appointments ------------ --- 


	 --- 5/9/2051 --- 
 --- -------- Appointments ------------ --- 


	 --- 5/10/2051 --- 
 --- -------- Appointments ------------ --- 


	 --- 5/11/2051 --- 
 --- -------- Appointments ------------ --- 


	 --- 5/12/2051 --- 
 --- -------- Appointments ------------ --- 


	 --- 5/13/2051 --- 
 --- -------- Appointments ------------ --- 


	 --- 5/14/2051 --- 
 --- -------- Appointments ------------ --- 


	 --- 5/15/2051 --- 
 --- -------- Appointments ------------ --- 


	 --- 5/16/2051 --- 
 --- -------- Appointments ------------ --- 


	 --- 5/17/2051 --- 
 --- -------- Appointments ------------ --- 


	 --- 5/18/2051 --- 
 --- -------- Appointments ------------ --- 


	 --- 5/19/2051 --- 
 --- -------- Appointments ------------ --- 


	 --- 5/20/2051 --- 
 --- -------- Appointments ------------ --- 


	 --- 5/21/2051 --- 
 --- -------- Appointments ------------ --- 


	 --- 5/22/2051 --- 
 --- -------- Appointments ------------ --- 


	 --- 5/23/2051 --- 
 --- -------- Appointments ------------ --- 


	 --- 5/24/2051 --- 
 --- -------- Appointments ------------ --- 


	 --- 5/25/2051 --- 
 --- -------- Appointments ------------ --- 


	 --- 5/26/2051 --- 
 --- -------- Appointments ------------ --- 


	 --- 5/27/2051 --- 
 --- -------- Appointments ------------ --- 


	 --- 5/28/2051 --- 
 --- -------- Appointments ------------ --- 


	 --- 5/29/2051 --- 
 --- -------- Appointments ------------ --- 


	 --- 5/30/2051 --- 
 --- -------- Appointments ------------ --- 


	 --- 6/1/2051 --- 
 --- -------- Appointments ------------ --- 
	3/31/2017 at 3:30pm ,Birthday Party, This is my birthday party.
 

	 --- 6/2/2051 --- 
 --- -------- Appointments ------------ --- 


	 --- 6/3/2051 --- 
 --- -------- Appointments ------------ --- 


	 --- 6/4/2051 --- 
 --- -------- Appointments ------------ --- 


	 --- 6/5/2051 --- 
 --- -------- Appointments ------------ --- 


	 --- 6/6/2051 --- 
 --- -------- Appointments ------------ --- 


	 --- 6/7/2051 --- 
 --- -------- Appointments ------------ --- 


	 --- 6/8/2051 --- 
 --- -------- Appointments ------------ --- 


	 --- 6/9/2051 --- 
 --- -------- Appointments ------------ --- 


	 --- 6/10/2051 --- 
 --- -------- Appointments ------------ --- 


	 --- 6/11/2051 --- 
 --- -------- Appointments ------------ --- 


	 --- 6/12/2051 --- 
 --- -------- Appointments ------------ --- 


	 --- 6/13/2051 --- 
 --- -------- Appointments ------------ --- 


	 --- 6/14/2051 --- 
 --- -------- Appointments ------------ --- 


	 --- 6/15/2051 --- 
 --- -------- Appointments ------------ --- 


	 --- 6/16/2051 --- 
 --- -------- Appointments ------------ --- 


	 --- 6/17/2051 --- 
 --- -------- Appointments ------------ --- 


	 --- 6/18/2051 --- 
 --- -------- Appointments ------------ --- 


	 --- 6/19/2051 --- 
 --- -------- Appointments ------------ --- 


	 --- 6/20/2051 --- 
 --- -------- Appointments ------------ --- 


	 --- 6/21/2051 --- 
 --- -------- Appointments ------------ --- 


	 --- 6/22/2051 --- 
 --- -------- Appointments ------------ --- 


	 --- 6/23/2051 --- 
 --- -------- Appointments ------------ --- 


	 --- 6/24/2051 --- 
 --- -------- Appointments ------------ --- 


	 --- 6/25/2051 --- 
 --- -------- Appointments ------------ --- 


	 --- 6/26/2051 --- 
 --- -------- Appointments ------------ --- 


	 --- 6/27/2051 --- 
 --- -------- Appointments ------------ --- 


	 --- 6/28/2051 --- 
 --- -------- Appointments ------------ --- 


	 --- 6/29/2051 --- 
 --- -------- Appointments ------------ --- 


	 --- 6/30/2051 --- 
 --- -------- Appointments ------------ --- 


	 --- 6/31/2051 --- 
 --- -------- Appointments ------------ --- 


	 --- 7/1/2051 --- 
 --- -------- Appointments ------------ --- 
	3/31/2017 at 3:30pm ,Birthday Party, This is my birthday party.
 

	 --- 7/2/2051 --- 
 --- -------- Appointments ------------ --- 


	 --- 7/3/2051 --- 
 --- -------- Appointments ------------ --- 


	 --- 7/4/2051 --- 
 --- -------- Appointments ------------ --- 


	 --- 7/5/2051 --- 
 --- -------- Appointments ------------ --- 


	 --- 7/6/2051 --- 
 --- -------- Appointments ------------ --- 


	 --- 7/7/2051 --- 
 --- -------- Appointments ------------ --- 


	 --- 7/8/2051 --- 
 --- -------- Appointments ------------ --- 


	 --- 7/9/2051 --- 
 --- -------- Appointments ------------ --- 


	 --- 7/10/2051 --- 
 --- -------- Appointments ------------ --- 


	 --- 7/11/2051 --- 
 --- -------- Appointments ------------ --- 


	 --- 7/12/2051 --- 
 --- -------- Appointments ------------ --- 


	 --- 7/13/2051 --- 
 --- -------- Appointments ------------ --- 


	 --- 7/14/2051 --- 
 --- -------- Appointments ------------ --- 


	 --- 7/15/2051 --- 
 --- -------- Appointments ------------ --- 


	 --- 7/16/2051 --- 
 --- -------- Appointments ------------ --- 


	 --- 7/17/2051 --- 
 --- -------- Appointments ------------ --- 


	 --- 7/18/2051 --- 
 --- -------- Appointments ------------ --- 


	 --- 7/19/2051 --- 
 --- -------- Appointments ------------ --- 


	 --- 7/20/2051 --- 
 --- -------- Appointments ------------ --- 


	 --- 7/21/2051 --- 
 --- -------- Appointments ------------ --- 


	 --- 7/22/2051 --- 
 --- -------- Appointments ------------ --- 


	 --- 7/23/2051 --- 
 --- -------- Appointments ------------ --- 


	 --- 7/24/2051 --- 
 --- -------- Appointments ------------ --- 


	 --- 7/25/2051 --- 
 --- -------- Appointments ------------ --- 


	 --- 7/26/2051 --- 
 --- -------- Appointments ------------ --- 


	 --- 7/27/2051 --- 
 --- -------- Appointments ------------ --- 


	 --- 7/28/2051 --- 
 --- -------- Appointments ------------ --- 


	 --- 7/29/2051 --- 
 --- -------- Appointments ------------ --- 


	 --- 7/30/2051 --- 
 --- -------- Appointments ------------ --- 


	 --- 7/31/2051 --- 
 --- -------- Appointments ------------ --- 


	 --- 8/1/2051 --- 
 --- -------- Appointments ------------ --- 
	3/31/2017 at 3:30pm ,Birthday Party, This is my birthday party.
 

	 --- 8/2/2051 --- 
 --- -------- Appointments ------------ --- 


	 --- 8/3/2051 --- 
 --- -------- Appointments ------------ --- 


	 --- 8/4/2051 --- 
 --- -------- Appointments ------------ --- 


	 --- 8/5/2051 --- 
 --- -------- Appointments ------------ --- 


	 --- 8/6/2051 --- 
 --- -------- Appointments ------------ --- 


	 --- 8/7/2051 --- 
 --- -------- Appointments ------------ --- 


	 --- 8/8/2051 --- 
 --- -------- Appointments ------------ --- 


	 --- 8/9/2051 --- 
 --- -------- Appointments ------------ --- 


	 --- 8/10/2051 --- 
 --- -------- Appointments ------------ --- 


	 --- 8/11/2051 --- 
 --- -------- Appointments ------------ --- 


	 --- 8/12/2051 --- 
 --- -------- Appointments ------------ --- 


	 --- 8/13/2051 --- 
 --- -------- Appointments ------------ --- 


	 --- 8/14/2051 --- 
 --- -------- Appointments ------------ --- 


	 --- 8/15/2051 --- 
 --- -------- Appointments ------------ --- 


	 --- 8/16/2051 --- 
 --- -------- Appointments ------------ --- 


	 --- 8/17/2051 --- 
 --- -------- Appointments ------------ --- 


	 --- 8/18/2051 --- 
 --- -------- Appointments ------------ --- 


	 --- 8/19/2051 --- 
 --- -------- Appointments ------------ --- 


	 --- 8/20/2051 --- 
 --- -------- Appointments ------------ --- 


	 --- 8/21/2051 --- 
 --- -------- Appointments ------------ --- 


	 --- 8/22/2051 --- 
 --- -------- Appointments ------------ --- 


	 --- 8/23/2051 --- 
 --- -------- Appointments ------------ --- 


	 --- 8/24/2051 --- 
 --- -------- Appointments ------------ --- 


	 --- 8/25/2051 --- 
 --- -------- Appointments ------------ --- 


	 --- 8/26/2051 --- 
 --- -------- Appointments ------------ --- 


	 --- 8/27/2051 --- 
 --- -------- Appointments ------------ --- 


	 --- 8/28/2051 --- 
 --- -------- Appointments ------------ --- 


	 --- 8/29/2051 --- 
 --- -------- Appointments ------------ --- 


	 --- 8/30/2051 --- 
 --- -------- Appointments ------------ --- 


	 --- 9/1/2051 --- 
 --- -------- Appointments ------------ --- 
	3/31/2017 at 3:30pm ,Birthday Party, This is my birthday party.
 

	 --- 9/2/2051 --- 
 --- -------- Appointments ------------ --- 


	 --- 9/3/2051 --- 
 --- -------- Appointments ------------ --- 


	 --- 9/4/2051 --- 
 --- -------- Appointments ------------ --- 


	 --- 9/5/2051 --- 
 --- -------- Appointments ------------ --- 


	 --- 9/6/2051 --- 
 --- -------- Appointments ------------ --- 


	 --- 9/7/2051 --- 
 --- -------- Appointments ------------ --- 


	 --- 9/8/2051 --- 
 --- -------- Appointments ------------ --- 


	 --- 9/9/2051 --- 
 --- -------- Appointments ------------ --- 


	 --- 9/10/2051 --- 
 --- -------- Appointments ------------ --- 


	 --- 9/11/2051 --- 
 --- -------- Appointments ------------ --- 


	 --- 9/12/2051 --- 
 --- -------- Appointments ------------ --- 


	 --- 9/13/2051 --- 
 --- -------- Appointments ------------ --- 


	 --- 9/14/2051 --- 
 --- -------- Appointments ------------ --- 


	 --- 9/15/2051 --- 
 --- -------- Appointments ------------ --- 


	 --- 9/16/2051 --- 
 --- -------- Appointments ------------ --- 


	 --- 9/17/2051 --- 
 --- -------- Appointments ------------ --- 


	 --- 9/18/2051 --- 
 --- -------- Appointments ------------ --- 


	 --- 9/19/2051 --- 
 --- -------- Appointments ------------ --- 


	 --- 9/20/2051 --- 
 --- -------- Appointments ------------ --- 


	 --- 9/21/2051 --- 
 --- -------- Appointments ------------ --- 


	 --- 9/22/2051 --- 
 --- -------- Appointments ------------ --- 


	 --- 9/23/2051 --- 
 --- -------- Appointments ------------ --- 


	 --- 9/24/2051 --- 
 --- -------- Appointments ------------ --- 


	 --- 9/25/2051 --- 
 --- -------- Appointments ------------ --- 


	 --- 9/26/2051 --- 
 --- -------- Appointments ------------ --- 


	 --- 9/27/2051 --- 
 --- -------- Appointments ------------ --- 


	 --- 9/28/2051 --- 
 --- -------- Appointments ------------ --- 


	 --- 9/29/2051 --- 
 --- -------- Appointments ------------ --- 


	 --- 9/30/2051 --- 
 --- -------- Appointments ------------ --- 


	 --- 9/31/2051 --- 
 --- -------- Appointments ------------ --- 


	 --- 10/1/2051 --- 
 --- -------- Appointments ------------ --- 
	3/31/2017 at 3:30pm ,Birthday Party, This is my birthday party.
 

	 --- 10/2/2051 --- 
 --- -------- Appointments ------------ --- 


	 --- 10/3/2051 --- 
 --- -------- Appointments ------------ --- 


	 --- 10/4/2051 --- 
 --- -------- Appointments ------------ --- 


	 --- 10/5/2051 --- 
 --- -------- Appointments ------------ --- 


	 --- 10/6/2051 --- 
 --- -------- Appointments ------------ --- 


	 --- 10/7/2051 --- 
 --- -------- Appointments ------------ --- 


	 --- 10/8/2051 --- 
 --- -------- Appointments ------------ --- 


	 --- 10/9/2051 --- 
 --- -------- Appointments ------------ --- 


	 --- 10/10/2051 --- 
 --- -------- Appointments ------------ --- 


	 --- 10/11/2051 --- 
 --- -------- Appointments ------------ --- 


	 --- 10/12/2051 --- 
 --- -------- Appointments ------------ --- 


	 --- 10/13/2051 --- 
 --- -------- Appointments ------------ --- 


	 --- 10/14/2051 --- 
 --- -------- Appointments ------------ --- 


	 --- 10/15/2051 --- 
 --- -------- Appointments ------------ --- 


	 --- 10/16/2051 --- 
 --- -------- Appointments ------------ --- 


	 --- 10/17/2051 --- 
 --- -------- Appointments ------------ --- 


	 --- 10/18/2051 --- 
 --- -------- Appointments ------------ --- 


	 --- 10/19/2051 --- 
 --- -------- Appointments ------------ --- 


	 --- 10/20/2051 --- 
 --- -------- Appointments ------------ --- 


	 --- 10/21/2051 --- 
 --- -------- Appointments ------------ --- 


	 --- 10/22/2051 --- 
 --- -------- Appointments ------------ --- 


	 --- 10/23/2051 --- 
 --- -------- Appointments ------------ --- 


	 --- 10/24/2051 --- 
 --- -------- Appointments ------------ --- 


	 --- 10/25/2051 --- 
 --- -------- Appointments ------------ --- 


	 --- 10/26/2051 --- 
 --- -------- Appointments ------------ --- 


	 --- 10/27/2051 --- 
 --- -------- Appointments ------------ --- 


	 --- 10/28/2051 --- 
 --- -------- Appointments ------------ --- 


	 --- 10/29/2051 --- 
 --- -------- Appointments ------------ --- 


	 --- 10/30/2051 --- 
 --- -------- Appointments ------------ --- 


	 --- 11/1/2051 --- 
 --- -------- Appointments ------------ --- 
	3/31/2017 at 3:30pm ,Birthday Party, This is my birthday party.
 

	 --- 11/2/2051 --- 
 --- -------- Appointments ------------ --- 


	 --- 11/3/2051 --- 
 --- -------- Appointments ------------ --- 


	 --- 11/4/2051 --- 
 --- -------- Appointments ------------ --- 


	 --- 11/5/2051 --- 
 --- -------- Appointments ------------ --- 


	 --- 11/6/2051 --- 
 --- -------- Appointments ------------ --- 


	 --- 11/7/2051 --- 
 --- -------- Appointments ------------ --- 


	 --- 11/8/2051 --- 
 --- -------- Appointments ------------ --- 


	 --- 11/9/2051 --- 
 --- -------- Appointments ------------ --- 


	 --- 11/10/2051 --- 
 --- -------- Appointments ------------ --- 


	 --- 11/11/2051 --- 
 --- -------- Appointments ------------ --- 


	 --- 11/12/2051 --- 
 --- -------- Appointments ------------ --- 


	 --- 11/13/2051 --- 
 --- -------- Appointments ------------ --- 


	 --- 11/14/2051 --- 
 --- -------- Appointments ------------ --- 


	 --- 11/15/2051 --- 
 --- -------- Appointments ------------ --- 


	 --- 11/16/2051 --- 
 --- -------- Appointments ------------ --- 


	 --- 11/17/2051 --- 
 --- -------- Appointments ------------ --- 


	 --- 11/18/2051 --- 
 --- -------- Appointments ------------ --- 


	 --- 11/19/2051 --- 
 --- -------- Appointments ------------ --- 


	 --- 11/20/2051 --- 
 --- -------- Appointments ------------ --- 


	 --- 11/21/2051 --- 
 --- -------- Appointments ------------ --- 


	 --- 11/22/2051 --- 
 --- -------- Appointments ------------ --- 


	 --- 11/23/2051 --- 
 --- -------- Appointments ------------ --- 


	 --- 11/24/2051 --- 
 --- -------- Appointments ------------ --- 


	 --- 11/25/2051 --- 
 --- -------- Appointments ------------ --- 


	 --- 11/26/2051 --- 
 --- -------- Appointments ------------ --- 


	 --- 11/27/2051 --- 
 --- -------- Appointments ------------ --- 


	 --- 11/28/2051 --- 
 --- -------- Appointments ------------ --- 


	 --- 11/29/2051 --- 
 --- -------- Appointments ------------ --- 


	 --- 11/30/2051 --- 
 --- -------- Appointments ------------ --- 


	 --- 11/31/2051 --- 
 --- -------- Appointments ------------ --- 


	 --- 0/1/2052 --- 
 --- -------- Appointments ------------ --- 
	3/31/2017 at 3:30pm ,Birthday Party, This is my birthday party.
 

	 --- 0/2/2052 --- 
 --- -------- Appointments ------------ --- 


	 --- 0/3/2052 --- 
 --- -------- Appointments ------------ --- 


	 --- 0/4/2052 --- 
 --- -------- Appointments ------------ --- 


	 --- 0/5/2052 --- 
 --- -------- Appointments ------------ --- 


	 --- 0/6/2052 --- 
 --- -------- Appointments ------------ --- 


	 --- 0/7/2052 --- 
 --- -------- Appointments ------------ --- 


	 --- 0/8/2052 --- 
 --- -------- Appointments ------------ --- 


	 --- 0/9/2052 --- 
 --- -------- Appointments ------------ --- 


	 --- 0/10/2052 --- 
 --- -------- Appointments ------------ --- 


	 --- 0/11/2052 --- 
 --- -------- Appointments ------------ --- 


	 --- 0/12/2052 --- 
 --- -------- Appointments ------------ --- 


	 --- 0/13/2052 --- 
 --- -------- Appointments ------------ --- 


	 --- 0/14/2052 --- 
 --- -------- Appointments ------------ --- 


	 --- 0/15/2052 --- 
 --- -------- Appointments ------------ --- 


	 --- 0/16/2052 --- 
 --- -------- Appointments ------------ --- 


	 --- 0/17/2052 --- 
 --- -------- Appointments ------------ --- 


	 --- 0/18/2052 --- 
 --- -------- Appointments ------------ --- 


	 --- 0/19/2052 --- 
 --- -------- Appointments ------------ --- 


	 --- 0/20/2052 --- 
 --- -------- Appointments ------------ --- 


	 --- 0/21/2052 --- 
 --- -------- Appointments ------------ --- 


	 --- 0/22/2052 --- 
 --- -------- Appointments ------------ --- 


	 --- 0/23/2052 --- 
 --- -------- Appointments ------------ --- 


	 --- 0/24/2052 --- 
 --- -------- Appointments ------------ --- 


	 --- 0/25/2052 --- 
 --- -------- Appointments ------------ --- 


	 --- 0/26/2052 --- 
 --- -------- Appointments ------------ --- 


	 --- 0/27/2052 --- 
 --- -------- Appointments ------------ --- 


	 --- 0/28/2052 --- 
 --- -------- Appointments ------------ --- 


	 --- 0/29/2052 --- 
 --- -------- Appointments ------------ --- 


	 --- 0/30/2052 --- 
 --- -------- Appointments ------------ --- 


	 --- 0/31/2052 --- 
 --- -------- Appointments ------------ --- 


	 --- 1/1/2052 --- 
 --- -------- Appointments ------------ --- 
	3/31/2017 at 3:30pm ,Birthday Party, This is my birthday party.
 

	 --- 1/2/2052 --- 
 --- -------- Appointments ------------ --- 


	 --- 1/3/2052 --- 
 --- -------- Appointments ------------ --- 


	 --- 1/4/2052 --- 
 --- -------- Appointments ------------ --- 


	 --- 1/5/2052 --- 
 --- -------- Appointments ------------ --- 


	 --- 1/6/2052 --- 
 --- -------- Appointments ------------ --- 


	 --- 1/7/2052 --- 
 --- -------- Appointments ------------ --- 


	 --- 1/8/2052 --- 
 --- -------- Appointments ------------ --- 


	 --- 1/9/2052 --- 
 --- -------- Appointments ------------ --- 


	 --- 1/10/2052 --- 
 --- -------- Appointments ------------ --- 


	 --- 1/11/2052 --- 
 --- -------- Appointments ------------ --- 


	 --- 1/12/2052 --- 
 --- -------- Appointments ------------ --- 


	 --- 1/13/2052 --- 
 --- -------- Appointments ------------ --- 


	 --- 1/14/2052 --- 
 --- -------- Appointments ------------ --- 


	 --- 1/15/2052 --- 
 --- -------- Appointments ------------ --- 


	 --- 1/16/2052 --- 
 --- -------- Appointments ------------ --- 


	 --- 1/17/2052 --- 
 --- -------- Appointments ------------ --- 


	 --- 1/18/2052 --- 
 --- -------- Appointments ------------ --- 


	 --- 1/19/2052 --- 
 --- -------- Appointments ------------ --- 


	 --- 1/20/2052 --- 
 --- -------- Appointments ------------ --- 


	 --- 1/21/2052 --- 
 --- -------- Appointments ------------ --- 


	 --- 1/22/2052 --- 
 --- -------- Appointments ------------ --- 


	 --- 1/23/2052 --- 
 --- -------- Appointments ------------ --- 


	 --- 1/24/2052 --- 
 --- -------- Appointments ------------ --- 


	 --- 1/25/2052 --- 
 --- -------- Appointments ------------ --- 


	 --- 1/26/2052 --- 
 --- -------- Appointments ------------ --- 


	 --- 1/27/2052 --- 
 --- -------- Appointments ------------ --- 


	 --- 1/28/2052 --- 
 --- -------- Appointments ------------ --- 


	 --- 1/29/2052 --- 
 --- -------- Appointments ------------ --- 


	 --- 2/1/2052 --- 
 --- -------- Appointments ------------ --- 
	3/31/2017 at 3:30pm ,Birthday Party, This is my birthday party.
 

	 --- 2/2/2052 --- 
 --- -------- Appointments ------------ --- 


	 --- 2/3/2052 --- 
 --- -------- Appointments ------------ --- 


	 --- 2/4/2052 --- 
 --- -------- Appointments ------------ --- 


	 --- 2/5/2052 --- 
 --- -------- Appointments ------------ --- 


	 --- 2/6/2052 --- 
 --- -------- Appointments ------------ --- 


	 --- 2/7/2052 --- 
 --- -------- Appointments ------------ --- 


	 --- 2/8/2052 --- 
 --- -------- Appointments ------------ --- 


	 --- 2/9/2052 --- 
 --- -------- Appointments ------------ --- 


	 --- 2/10/2052 --- 
 --- -------- Appointments ------------ --- 


	 --- 2/11/2052 --- 
 --- -------- Appointments ------------ --- 


	 --- 2/12/2052 --- 
 --- -------- Appointments ------------ --- 


	 --- 2/13/2052 --- 
 --- -------- Appointments ------------ --- 


	 --- 2/14/2052 --- 
 --- -------- Appointments ------------ --- 


	 --- 2/15/2052 --- 
 --- -------- Appointments ------------ --- 


	 --- 2/16/2052 --- 
 --- -------- Appointments ------------ --- 


	 --- 2/17/2052 --- 
 --- -------- Appointments ------------ --- 


	 --- 2/18/2052 --- 
 --- -------- Appointments ------------ --- 


	 --- 2/19/2052 --- 
 --- -------- Appointments ------------ --- 


	 --- 2/20/2052 --- 
 --- -------- Appointments ------------ --- 


	 --- 2/21/2052 --- 
 --- -------- Appointments ------------ --- 


	 --- 2/22/2052 --- 
 --- -------- Appointments ------------ --- 


	 --- 2/23/2052 --- 
 --- -------- Appointments ------------ --- 


	 --- 2/24/2052 --- 
 --- -------- Appointments ------------ --- 


	 --- 2/25/2052 --- 
 --- -------- Appointments ------------ --- 


	 --- 2/26/2052 --- 
 --- -------- Appointments ------------ --- 
	2/26/2018 at 11:30pm ,Birthday Party, This is my birthday party.
 

	 --- 2/27/2052 --- 
 --- -------- Appointments ------------ --- 


	 --- 2/28/2052 --- 
 --- -------- Appointments ------------ --- 


	 --- 2/29/2052 --- 
 --- -------- Appointments ------------ --- 


	 --- 2/30/2052 --- 
 --- -------- Appointments ------------ --- 


	 --- 2/31/2052 --- 
 --- -------- Appointments ------------ --- 


	 --- 3/1/2052 --- 
 --- -------- Appointments ------------ --- 
	3/31/2017 at 3:30pm ,Birthday Party, This is my birthday party.
 

	 --- 3/2/2052 --- 
 --- -------- Appointments ------------ --- 


	 --- 3/3/2052 --- 
 --- -------- Appointments ------------ --- 


	 --- 3/4/2052 --- 
 --- -------- Appointments ------------ --- 


	 --- 3/5/2052 --- 
 --- -------- Appointments ------------ --- 


	 --- 3/6/2052 --- 
 --- -------- Appointments ------------ --- 


	 --- 3/7/2052 --- 
 --- -------- Appointments ------------ --- 


	 --- 3/8/2052 --- 
 --- -------- Appointments ------------ --- 


	 --- 3/9/2052 --- 
 --- -------- Appointments ------------ --- 


	 --- 3/10/2052 --- 
 --- -------- Appointments ------------ --- 


	 --- 3/11/2052 --- 
 --- -------- Appointments ------------ --- 


	 --- 3/12/2052 --- 
 --- -------- Appointments ------------ --- 


	 --- 3/13/2052 --- 
 --- -------- Appointments ------------ --- 


	 --- 3/14/2052 --- 
 --- -------- Appointments ------------ --- 


	 --- 3/15/2052 --- 
 --- -------- Appointments ------------ --- 


	 --- 3/16/2052 --- 
 --- -------- Appointments ------------ --- 


	 --- 3/17/2052 --- 
 --- -------- Appointments ------------ --- 


	 --- 3/18/2052 --- 
 --- -------- Appointments ------------ --- 


	 --- 3/19/2052 --- 
 --- -------- Appointments ------------ --- 


	 --- 3/20/2052 --- 
 --- -------- Appointments ------------ --- 


	 --- 3/21/2052 --- 
 --- -------- Appointments ------------ --- 


	 --- 3/22/2052 --- 
 --- -------- Appointments ------------ --- 


	 --- 3/23/2052 --- 
 --- -------- Appointments ------------ --- 


	 --- 3/24/2052 --- 
 --- -------- Appointments ------------ --- 


	 --- 3/25/2052 --- 
 --- -------- Appointments ------------ --- 


	 --- 3/26/2052 --- 
 --- -------- Appointments ------------ --- 


	 --- 3/27/2052 --- 
 --- -------- Appointments ------------ --- 


	 --- 3/28/2052 --- 
 --- -------- Appointments ------------ --- 


	 --- 3/29/2052 --- 
 --- -------- Appointments ------------ --- 


	 --- 3/30/2052 --- 
 --- -------- Appointments ------------ --- 


	 --- 4/1/2052 --- 
 --- -------- Appointments ------------ --- 
	3/31/2017 at 3:30pm ,Birthday Party, This is my birthday party.
 

	 --- 4/2/2052 --- 
 --- -------- Appointments ------------ --- 


	 --- 4/3/2052 --- 
 --- -------- Appointments ------------ --- 


	 --- 4/4/2052 --- 
 --- -------- Appointments ------------ --- 


	 --- 4/5/2052 --- 
 --- -------- Appointments ------------ --- 


	 --- 4/6/2052 --- 
 --- -------- Appointments ------------ --- 


	 --- 4/7/2052 --- 
 --- -------- Appointments ------------ --- 


	 --- 4/8/2052 --- 
 --- -------- Appointments ------------ --- 


	 --- 4/9/2052 --- 
 --- -------- Appointments ------------ --- 


	 --- 4/10/2052 --- 
 --- -------- Appointments ------------ --- 


	 --- 4/11/2052 --- 
 --- -------- Appointments ------------ --- 


	 --- 4/12/2052 --- 
 --- -------- Appointments ------------ --- 


	 --- 4/13/2052 --- 
 --- -------- Appointments ------------ --- 


	 --- 4/14/2052 --- 
 --- -------- Appointments ------------ --- 


	 --- 4/15/2052 --- 
 --- -------- Appointments ------------ --- 


	 --- 4/16/2052 --- 
 --- -------- Appointments ------------ --- 


	 --- 4/17/2052 --- 
 --- -------- Appointments ------------ --- 


	 --- 4/18/2052 --- 
 --- -------- Appointments ------------ --- 


	 --- 4/19/2052 --- 
 --- -------- Appointments ------------ --- 


	 --- 4/20/2052 --- 
 --- -------- Appointments ------------ --- 


	 --- 4/21/2052 --- 
 --- -------- Appointments ------------ --- 


	 --- 4/22/2052 --- 
 --- -------- Appointments ------------ --- 


	 --- 4/23/2052 --- 
 --- -------- Appointments ------------ --- 


	 --- 4/24/2052 --- 
 --- -------- Appointments ------------ --- 


	 --- 4/25/2052 --- 
 --- -------- Appointments ------------ --- 


	 --- 4/26/2052 --- 
 --- -------- Appointments ------------ --- 


	 --- 4/27/2052 --- 
 --- -------- Appointments ------------ --- 


	 --- 4/28/2052 --- 
 --- -------- Appointments ------------ --- 


	 --- 4/29/2052 --- 
 --- -------- Appointments ------------ --- 


	 --- 4/30/2052 --- 
 --- -------- Appointments ------------ --- 


	 --- 4/31/2052 --- 
 --- -------- Appointments ------------ --- 


	 --- 5/1/2052 --- 
 --- -------- Appointments ------------ --- 
	3/31/2017 at 3:30pm ,Birthday Party, This is my birthday party.
 

	 --- 5/2/2052 --- 
 --- -------- Appointments ------------ --- 


	 --- 5/3/2052 --- 
 --- -------- Appointments ------------ --- 


	 --- 5/4/2052 --- 
 --- -------- Appointments ------------ --- 


	 --- 5/5/2052 --- 
 --- -------- Appointments ------------ --- 


	 --- 5/6/2052 --- 
 --- -------- Appointments ------------ --- 


	 --- 5/7/2052 --- 
 --- -------- Appointments ------------ --- 


	 --- 5/8/2052 --- 
 --- -------- Appointments ------------ --- 


	 --- 5/9/2052 --- 
 --- -------- Appointments ------------ --- 


	 --- 5/10/2052 --- 
 --- -------- Appointments ------------ --- 


	 --- 5/11/2052 --- 
 --- -------- Appointments ------------ --- 


	 --- 5/12/2052 --- 
 --- -------- Appointments ------------ --- 


	 --- 5/13/2052 --- 
 --- -------- Appointments ------------ --- 


	 --- 5/14/2052 --- 
 --- -------- Appointments ------------ --- 


	 --- 5/15/2052 --- 
 --- -------- Appointments ------------ --- 


	 --- 5/16/2052 --- 
 --- -------- Appointments ------------ --- 


	 --- 5/17/2052 --- 
 --- -------- Appointments ------------ --- 


	 --- 5/18/2052 --- 
 --- -------- Appointments ------------ --- 


	 --- 5/19/2052 --- 
 --- -------- Appointments ------------ --- 


	 --- 5/20/2052 --- 
 --- -------- Appointments ------------ --- 


	 --- 5/21/2052 --- 
 --- -------- Appointments ------------ --- 


	 --- 5/22/2052 --- 
 --- -------- Appointments ------------ --- 


	 --- 5/23/2052 --- 
 --- -------- Appointments ------------ --- 


	 --- 5/24/2052 --- 
 --- -------- Appointments ------------ --- 


	 --- 5/25/2052 --- 
 --- -------- Appointments ------------ --- 


	 --- 5/26/2052 --- 
 --- -------- Appointments ------------ --- 


	 --- 5/27/2052 --- 
 --- -------- Appointments ------------ --- 


	 --- 5/28/2052 --- 
 --- -------- Appointments ------------ --- 


	 --- 5/29/2052 --- 
 --- -------- Appointments ------------ --- 


	 --- 5/30/2052 --- 
 --- -------- Appointments ------------ --- 


	 --- 6/1/2052 --- 
 --- -------- Appointments ------------ --- 
	3/31/2017 at 3:30pm ,Birthday Party, This is my birthday party.
 

	 --- 6/2/2052 --- 
 --- -------- Appointments ------------ --- 


	 --- 6/3/2052 --- 
 --- -------- Appointments ------------ --- 


	 --- 6/4/2052 --- 
 --- -------- Appointments ------------ --- 


	 --- 6/5/2052 --- 
 --- -------- Appointments ------------ --- 


	 --- 6/6/2052 --- 
 --- -------- Appointments ------------ --- 


	 --- 6/7/2052 --- 
 --- -------- Appointments ------------ --- 


	 --- 6/8/2052 --- 
 --- -------- Appointments ------------ --- 


	 --- 6/9/2052 --- 
 --- -------- Appointments ------------ --- 


	 --- 6/10/2052 --- 
 --- -------- Appointments ------------ --- 


	 --- 6/11/2052 --- 
 --- -------- Appointments ------------ --- 


	 --- 6/12/2052 --- 
 --- -------- Appointments ------------ --- 


	 --- 6/13/2052 --- 
 --- -------- Appointments ------------ --- 


	 --- 6/14/2052 --- 
 --- -------- Appointments ------------ --- 


	 --- 6/15/2052 --- 
 --- -------- Appointments ------------ --- 


	 --- 6/16/2052 --- 
 --- -------- Appointments ------------ --- 


	 --- 6/17/2052 --- 
 --- -------- Appointments ------------ --- 


	 --- 6/18/2052 --- 
 --- -------- Appointments ------------ --- 


	 --- 6/19/2052 --- 
 --- -------- Appointments ------------ --- 


	 --- 6/20/2052 --- 
 --- -------- Appointments ------------ --- 


	 --- 6/21/2052 --- 
 --- -------- Appointments ------------ --- 


	 --- 6/22/2052 --- 
 --- -------- Appointments ------------ --- 


	 --- 6/23/2052 --- 
 --- -------- Appointments ------------ --- 


	 --- 6/24/2052 --- 
 --- -------- Appointments ------------ --- 


	 --- 6/25/2052 --- 
 --- -------- Appointments ------------ --- 


	 --- 6/26/2052 --- 
 --- -------- Appointments ------------ --- 


	 --- 6/27/2052 --- 
 --- -------- Appointments ------------ --- 


	 --- 6/28/2052 --- 
 --- -------- Appointments ------------ --- 


	 --- 6/29/2052 --- 
 --- -------- Appointments ------------ --- 


	 --- 6/30/2052 --- 
 --- -------- Appointments ------------ --- 


	 --- 6/31/2052 --- 
 --- -------- Appointments ------------ --- 


	 --- 7/1/2052 --- 
 --- -------- Appointments ------------ --- 
	3/31/2017 at 3:30pm ,Birthday Party, This is my birthday party.
 

	 --- 7/2/2052 --- 
 --- -------- Appointments ------------ --- 


	 --- 7/3/2052 --- 
 --- -------- Appointments ------------ --- 


	 --- 7/4/2052 --- 
 --- -------- Appointments ------------ --- 


	 --- 7/5/2052 --- 
 --- -------- Appointments ------------ --- 


	 --- 7/6/2052 --- 
 --- -------- Appointments ------------ --- 


	 --- 7/7/2052 --- 
 --- -------- Appointments ------------ --- 


	 --- 7/8/2052 --- 
 --- -------- Appointments ------------ --- 


	 --- 7/9/2052 --- 
 --- -------- Appointments ------------ --- 


	 --- 7/10/2052 --- 
 --- -------- Appointments ------------ --- 


	 --- 7/11/2052 --- 
 --- -------- Appointments ------------ --- 


	 --- 7/12/2052 --- 
 --- -------- Appointments ------------ --- 


	 --- 7/13/2052 --- 
 --- -------- Appointments ------------ --- 


	 --- 7/14/2052 --- 
 --- -------- Appointments ------------ --- 


	 --- 7/15/2052 --- 
 --- -------- Appointments ------------ --- 


	 --- 7/16/2052 --- 
 --- -------- Appointments ------------ --- 


	 --- 7/17/2052 --- 
 --- -------- Appointments ------------ --- 


	 --- 7/18/2052 --- 
 --- -------- Appointments ------------ --- 


	 --- 7/19/2052 --- 
 --- -------- Appointments ------------ --- 


	 --- 7/20/2052 --- 
 --- -------- Appointments ------------ --- 


	 --- 7/21/2052 --- 
 --- -------- Appointments ------------ --- 


	 --- 7/22/2052 --- 
 --- -------- Appointments ------------ --- 


	 --- 7/23/2052 --- 
 --- -------- Appointments ------------ --- 


	 --- 7/24/2052 --- 
 --- -------- Appointments ------------ --- 


	 --- 7/25/2052 --- 
 --- -------- Appointments ------------ --- 


	 --- 7/26/2052 --- 
 --- -------- Appointments ------------ --- 


	 --- 7/27/2052 --- 
 --- -------- Appointments ------------ --- 


	 --- 7/28/2052 --- 
 --- -------- Appointments ------------ --- 


	 --- 7/29/2052 --- 
 --- -------- Appointments ------------ --- 


	 --- 7/30/2052 --- 
 --- -------- Appointments ------------ --- 


	 --- 7/31/2052 --- 
 --- -------- Appointments ------------ --- 


	 --- 8/1/2052 --- 
 --- -------- Appointments ------------ --- 
	3/31/2017 at 3:30pm ,Birthday Party, This is my birthday party.
 

	 --- 8/2/2052 --- 
 --- -------- Appointments ------------ --- 


	 --- 8/3/2052 --- 
 --- -------- Appointments ------------ --- 


	 --- 8/4/2052 --- 
 --- -------- Appointments ------------ --- 


	 --- 8/5/2052 --- 
 --- -------- Appointments ------------ --- 


	 --- 8/6/2052 --- 
 --- -------- Appointments ------------ --- 


	 --- 8/7/2052 --- 
 --- -------- Appointments ------------ --- 


	 --- 8/8/2052 --- 
 --- -------- Appointments ------------ --- 


	 --- 8/9/2052 --- 
 --- -------- Appointments ------------ --- 


	 --- 8/10/2052 --- 
 --- -------- Appointments ------------ --- 


	 --- 8/11/2052 --- 
 --- -------- Appointments ------------ --- 


	 --- 8/12/2052 --- 
 --- -------- Appointments ------------ --- 


	 --- 8/13/2052 --- 
 --- -------- Appointments ------------ --- 


	 --- 8/14/2052 --- 
 --- -------- Appointments ------------ --- 


	 --- 8/15/2052 --- 
 --- -------- Appointments ------------ --- 


	 --- 8/16/2052 --- 
 --- -------- Appointments ------------ --- 


	 --- 8/17/2052 --- 
 --- -------- Appointments ------------ --- 


	 --- 8/18/2052 --- 
 --- -------- Appointments ------------ --- 


	 --- 8/19/2052 --- 
 --- -------- Appointments ------------ --- 


	 --- 8/20/2052 --- 
 --- -------- Appointments ------------ --- 


	 --- 8/21/2052 --- 
 --- -------- Appointments ------------ --- 


	 --- 8/22/2052 --- 
 --- -------- Appointments ------------ --- 


	 --- 8/23/2052 --- 
 --- -------- Appointments ------------ --- 


	 --- 8/24/2052 --- 
 --- -------- Appointments ------------ --- 


	 --- 8/25/2052 --- 
 --- -------- Appointments ------------ --- 


	 --- 8/26/2052 --- 
 --- -------- Appointments ------------ --- 


	 --- 8/27/2052 --- 
 --- -------- Appointments ------------ --- 


	 --- 8/28/2052 --- 
 --- -------- Appointments ------------ --- 


	 --- 8/29/2052 --- 
 --- -------- Appointments ------------ --- 


	 --- 8/30/2052 --- 
 --- -------- Appointments ------------ --- 


	 --- 9/1/2052 --- 
 --- -------- Appointments ------------ --- 
	3/31/2017 at 3:30pm ,Birthday Party, This is my birthday party.
 

	 --- 9/2/2052 --- 
 --- -------- Appointments ------------ --- 


	 --- 9/3/2052 --- 
 --- -------- Appointments ------------ --- 


	 --- 9/4/2052 --- 
 --- -------- Appointments ------------ --- 


	 --- 9/5/2052 --- 
 --- -------- Appointments ------------ --- 


	 --- 9/6/2052 --- 
 --- -------- Appointments ------------ --- 


	 --- 9/7/2052 --- 
 --- -------- Appointments ------------ --- 


	 --- 9/8/2052 --- 
 --- -------- Appointments ------------ --- 


	 --- 9/9/2052 --- 
 --- -------- Appointments ------------ --- 


	 --- 9/10/2052 --- 
 --- -------- Appointments ------------ --- 


	 --- 9/11/2052 --- 
 --- -------- Appointments ------------ --- 


	 --- 9/12/2052 --- 
 --- -------- Appointments ------------ --- 


	 --- 9/13/2052 --- 
 --- -------- Appointments ------------ --- 


	 --- 9/14/2052 --- 
 --- -------- Appointments ------------ --- 


	 --- 9/15/2052 --- 
 --- -------- Appointments ------------ --- 


	 --- 9/16/2052 --- 
 --- -------- Appointments ------------ --- 


	 --- 9/17/2052 --- 
 --- -------- Appointments ------------ --- 


	 --- 9/18/2052 --- 
 --- -------- Appointments ------------ --- 


	 --- 9/19/2052 --- 
 --- -------- Appointments ------------ --- 


	 --- 9/20/2052 --- 
 --- -------- Appointments ------------ --- 


	 --- 9/21/2052 --- 
 --- -------- Appointments ------------ --- 


	 --- 9/22/2052 --- 
 --- -------- Appointments ------------ --- 


	 --- 9/23/2052 --- 
 --- -------- Appointments ------------ --- 


	 --- 9/24/2052 --- 
 --- -------- Appointments ------------ --- 


	 --- 9/25/2052 --- 
 --- -------- Appointments ------------ --- 


	 --- 9/26/2052 --- 
 --- -------- Appointments ------------ --- 


	 --- 9/27/2052 --- 
 --- -------- Appointments ------------ --- 


	 --- 9/28/2052 --- 
 --- -------- Appointments ------------ --- 


	 --- 9/29/2052 --- 
 --- -------- Appointments ------------ --- 


	 --- 9/30/2052 --- 
 --- -------- Appointments ------------ --- 


	 --- 9/31/2052 --- 
 --- -------- Appointments ------------ --- 


	 --- 10/1/2052 --- 
 --- -------- Appointments ------------ --- 
	3/31/2017 at 3:30pm ,Birthday Party, This is my birthday party.
 

	 --- 10/2/2052 --- 
 --- -------- Appointments ------------ --- 


	 --- 10/3/2052 --- 
 --- -------- Appointments ------------ --- 


	 --- 10/4/2052 --- 
 --- -------- Appointments ------------ --- 


	 --- 10/5/2052 --- 
 --- -------- Appointments ------------ --- 


	 --- 10/6/2052 --- 
 --- -------- Appointments ------------ --- 


	 --- 10/7/2052 --- 
 --- -------- Appointments ------------ --- 


	 --- 10/8/2052 --- 
 --- -------- Appointments ------------ --- 


	 --- 10/9/2052 --- 
 --- -------- Appointments ------------ --- 


	 --- 10/10/2052 --- 
 --- -------- Appointments ------------ --- 


	 --- 10/11/2052 --- 
 --- -------- Appointments ------------ --- 


	 --- 10/12/2052 --- 
 --- -------- Appointments ------------ --- 


	 --- 10/13/2052 --- 
 --- -------- Appointments ------------ --- 


	 --- 10/14/2052 --- 
 --- -------- Appointments ------------ --- 


	 --- 10/15/2052 --- 
 --- -------- Appointments ------------ --- 


	 --- 10/16/2052 --- 
 --- -------- Appointments ------------ --- 


	 --- 10/17/2052 --- 
 --- -------- Appointments ------------ --- 


	 --- 10/18/2052 --- 
 --- -------- Appointments ------------ --- 


	 --- 10/19/2052 --- 
 --- -------- Appointments ------------ --- 


	 --- 10/20/2052 --- 
 --- -------- Appointments ------------ --- 


	 --- 10/21/2052 --- 
 --- -------- Appointments ------------ --- 


	 --- 10/22/2052 --- 
 --- -------- Appointments ------------ --- 


	 --- 10/23/2052 --- 
 --- -------- Appointments ------------ --- 


	 --- 10/24/2052 --- 
 --- -------- Appointments ------------ --- 


	 --- 10/25/2052 --- 
 --- -------- Appointments ------------ --- 


	 --- 10/26/2052 --- 
 --- -------- Appointments ------------ --- 


	 --- 10/27/2052 --- 
 --- -------- Appointments ------------ --- 


	 --- 10/28/2052 --- 
 --- -------- Appointments ------------ --- 


	 --- 10/29/2052 --- 
 --- -------- Appointments ------------ --- 


	 --- 10/30/2052 --- 
 --- -------- Appointments ------------ --- 


	 --- 11/1/2052 --- 
 --- -------- Appointments ------------ --- 
	3/31/2017 at 3:30pm ,Birthday Party, This is my birthday party.
 

	 --- 11/2/2052 --- 
 --- -------- Appointments ------------ --- 


	 --- 11/3/2052 --- 
 --- -------- Appointments ------------ --- 


	 --- 11/4/2052 --- 
 --- -------- Appointments ------------ --- 


	 --- 11/5/2052 --- 
 --- -------- Appointments ------------ --- 


	 --- 11/6/2052 --- 
 --- -------- Appointments ------------ --- 


	 --- 11/7/2052 --- 
 --- -------- Appointments ------------ --- 


	 --- 11/8/2052 --- 
 --- -------- Appointments ------------ --- 


	 --- 11/9/2052 --- 
 --- -------- Appointments ------------ --- 


	 --- 11/10/2052 --- 
 --- -------- Appointments ------------ --- 


	 --- 11/11/2052 --- 
 --- -------- Appointments ------------ --- 


	 --- 11/12/2052 --- 
 --- -------- Appointments ------------ --- 


	 --- 11/13/2052 --- 
 --- -------- Appointments ------------ --- 


	 --- 11/14/2052 --- 
 --- -------- Appointments ------------ --- 


	 --- 11/15/2052 --- 
 --- -------- Appointments ------------ --- 


	 --- 11/16/2052 --- 
 --- -------- Appointments ------------ --- 


	 --- 11/17/2052 --- 
 --- -------- Appointments ------------ --- 


	 --- 11/18/2052 --- 
 --- -------- Appointments ------------ --- 


	 --- 11/19/2052 --- 
 --- -------- Appointments ------------ --- 


	 --- 11/20/2052 --- 
 --- -------- Appointments ------------ --- 


	 --- 11/21/2052 --- 
 --- -------- Appointments ------------ --- 


	 --- 11/22/2052 --- 
 --- -------- Appointments ------------ --- 


	 --- 11/23/2052 --- 
 --- -------- Appointments ------------ --- 


	 --- 11/24/2052 --- 
 --- -------- Appointments ------------ --- 


	 --- 11/25/2052 --- 
 --- -------- Appointments ------------ --- 


	 --- 11/26/2052 --- 
 --- -------- Appointments ------------ --- 


	 --- 11/27/2052 --- 
 --- -------- Appointments ------------ --- 


	 --- 11/28/2052 --- 
 --- -------- Appointments ------------ --- 


	 --- 11/29/2052 --- 
 --- -------- Appointments ------------ --- 


	 --- 11/30/2052 --- 
 --- -------- Appointments ------------ --- 


	 --- 11/31/2052 --- 
 --- -------- Appointments ------------ --- 


	 --- 0/1/2053 --- 
 --- -------- Appointments ------------ --- 
	3/31/2017 at 3:30pm ,Birthday Party, This is my birthday party.
 

	 --- 0/2/2053 --- 
 --- -------- Appointments ------------ --- 


	 --- 0/3/2053 --- 
 --- -------- Appointments ------------ --- 


	 --- 0/4/2053 --- 
 --- -------- Appointments ------------ --- 


	 --- 0/5/2053 --- 
 --- -------- Appointments ------------ --- 


	 --- 0/6/2053 --- 
 --- -------- Appointments ------------ --- 


	 --- 0/7/2053 --- 
 --- -------- Appointments ------------ --- 


	 --- 0/8/2053 --- 
 --- -------- Appointments ------------ --- 


	 --- 0/9/2053 --- 
 --- -------- Appointments ------------ --- 


	 --- 0/10/2053 --- 
 --- -------- Appointments ------------ --- 


	 --- 0/11/2053 --- 
 --- -------- Appointments ------------ --- 


	 --- 0/12/2053 --- 
 --- -------- Appointments ------------ --- 


	 --- 0/13/2053 --- 
 --- -------- Appointments ------------ --- 


	 --- 0/14/2053 --- 
 --- -------- Appointments ------------ --- 


	 --- 0/15/2053 --- 
 --- -------- Appointments ------------ --- 


	 --- 0/16/2053 --- 
 --- -------- Appointments ------------ --- 


	 --- 0/17/2053 --- 
 --- -------- Appointments ------------ --- 


	 --- 0/18/2053 --- 
 --- -------- Appointments ------------ --- 


	 --- 0/19/2053 --- 
 --- -------- Appointments ------------ --- 


	 --- 0/20/2053 --- 
 --- -------- Appointments ------------ --- 


	 --- 0/21/2053 --- 
 --- -------- Appointments ------------ --- 


	 --- 0/22/2053 --- 
 --- -------- Appointments ------------ --- 


	 --- 0/23/2053 --- 
 --- -------- Appointments ------------ --- 


	 --- 0/24/2053 --- 
 --- -------- Appointments ------------ --- 


	 --- 0/25/2053 --- 
 --- -------- Appointments ------------ --- 


	 --- 0/26/2053 --- 
 --- -------- Appointments ------------ --- 


	 --- 0/27/2053 --- 
 --- -------- Appointments ------------ --- 


	 --- 0/28/2053 --- 
 --- -------- Appointments ------------ --- 


	 --- 0/29/2053 --- 
 --- -------- Appointments ------------ --- 


	 --- 0/30/2053 --- 
 --- -------- Appointments ------------ --- 


	 --- 0/31/2053 --- 
 --- -------- Appointments ------------ --- 


	 --- 1/1/2053 --- 
 --- -------- Appointments ------------ --- 
	3/31/2017 at 3:30pm ,Birthday Party, This is my birthday party.
 

	 --- 1/2/2053 --- 
 --- -------- Appointments ------------ --- 


	 --- 1/3/2053 --- 
 --- -------- Appointments ------------ --- 


	 --- 1/4/2053 --- 
 --- -------- Appointments ------------ --- 


	 --- 1/5/2053 --- 
 --- -------- Appointments ------------ --- 


	 --- 1/6/2053 --- 
 --- -------- Appointments ------------ --- 


	 --- 1/7/2053 --- 
 --- -------- Appointments ------------ --- 


	 --- 1/8/2053 --- 
 --- -------- Appointments ------------ --- 


	 --- 1/9/2053 --- 
 --- -------- Appointments ------------ --- 


	 --- 1/10/2053 --- 
 --- -------- Appointments ------------ --- 


	 --- 1/11/2053 --- 
 --- -------- Appointments ------------ --- 


	 --- 1/12/2053 --- 
 --- -------- Appointments ------------ --- 


	 --- 1/13/2053 --- 
 --- -------- Appointments ------------ --- 


	 --- 1/14/2053 --- 
 --- -------- Appointments ------------ --- 


	 --- 1/15/2053 --- 
 --- -------- Appointments ------------ --- 


	 --- 1/16/2053 --- 
 --- -------- Appointments ------------ --- 


	 --- 1/17/2053 --- 
 --- -------- Appointments ------------ --- 


	 --- 1/18/2053 --- 
 --- -------- Appointments ------------ --- 


	 --- 1/19/2053 --- 
 --- -------- Appointments ------------ --- 


	 --- 1/20/2053 --- 
 --- -------- Appointments ------------ --- 


	 --- 1/21/2053 --- 
 --- -------- Appointments ------------ --- 


	 --- 1/22/2053 --- 
 --- -------- Appointments ------------ --- 


	 --- 1/23/2053 --- 
 --- -------- Appointments ------------ --- 


	 --- 1/24/2053 --- 
 --- -------- Appointments ------------ --- 


	 --- 1/25/2053 --- 
 --- -------- Appointments ------------ --- 


	 --- 1/26/2053 --- 
 --- -------- Appointments ------------ --- 


	 --- 1/27/2053 --- 
 --- -------- Appointments ------------ --- 


	 --- 1/28/2053 --- 
 --- -------- Appointments ------------ --- 


	 --- 2/1/2053 --- 
 --- -------- Appointments ------------ --- 
	3/31/2017 at 3:30pm ,Birthday Party, This is my birthday party.
 

	 --- 2/2/2053 --- 
 --- -------- Appointments ------------ --- 


	 --- 2/3/2053 --- 
 --- -------- Appointments ------------ --- 


	 --- 2/4/2053 --- 
 --- -------- Appointments ------------ --- 


	 --- 2/5/2053 --- 
 --- -------- Appointments ------------ --- 


	 --- 2/6/2053 --- 
 --- -------- Appointments ------------ --- 


	 --- 2/7/2053 --- 
 --- -------- Appointments ------------ --- 


	 --- 2/8/2053 --- 
 --- -------- Appointments ------------ --- 


	 --- 2/9/2053 --- 
 --- -------- Appointments ------------ --- 


	 --- 2/10/2053 --- 
 --- -------- Appointments ------------ --- 


	 --- 2/11/2053 --- 
 --- -------- Appointments ------------ --- 


	 --- 2/12/2053 --- 
 --- -------- Appointments ------------ --- 


	 --- 2/13/2053 --- 
 --- -------- Appointments ------------ --- 


	 --- 2/14/2053 --- 
 --- -------- Appointments ------------ --- 


	 --- 2/15/2053 --- 
 --- -------- Appointments ------------ --- 


	 --- 2/16/2053 --- 
 --- -------- Appointments ------------ --- 


	 --- 2/17/2053 --- 
 --- -------- Appointments ------------ --- 


	 --- 2/18/2053 --- 
 --- -------- Appointments ------------ --- 


	 --- 2/19/2053 --- 
 --- -------- Appointments ------------ --- 


	 --- 2/20/2053 --- 
 --- -------- Appointments ------------ --- 


	 --- 2/21/2053 --- 
 --- -------- Appointments ------------ --- 


	 --- 2/22/2053 --- 
 --- -------- Appointments ------------ --- 


	 --- 2/23/2053 --- 
 --- -------- Appointments ------------ --- 


	 --- 2/24/2053 --- 
 --- -------- Appointments ------------ --- 


	 --- 2/25/2053 --- 
 --- -------- Appointments ------------ --- 


	 --- 2/26/2053 --- 
 --- -------- Appointments ------------ --- 
	2/26/2018 at 11:30pm ,Birthday Party, This is my birthday party.
 

	 --- 2/27/2053 --- 
 --- -------- Appointments ------------ --- 


	 --- 2/28/2053 --- 
 --- -------- Appointments ------------ --- 


	 --- 2/29/2053 --- 
 --- -------- Appointments ------------ --- 


	 --- 2/30/2053 --- 
 --- -------- Appointments ------------ --- 


	 --- 2/31/2053 --- 
 --- -------- Appointments ------------ --- 


	 --- 3/1/2053 --- 
 --- -------- Appointments ------------ --- 
	3/31/2017 at 3:30pm ,Birthday Party, This is my birthday party.
 

	 --- 3/2/2053 --- 
 --- -------- Appointments ------------ --- 


	 --- 3/3/2053 --- 
 --- -------- Appointments ------------ --- 


	 --- 3/4/2053 --- 
 --- -------- Appointments ------------ --- 


	 --- 3/5/2053 --- 
 --- -------- Appointments ------------ --- 


	 --- 3/6/2053 --- 
 --- -------- Appointments ------------ --- 


	 --- 3/7/2053 --- 
 --- -------- Appointments ------------ --- 


	 --- 3/8/2053 --- 
 --- -------- Appointments ------------ --- 


	 --- 3/9/2053 --- 
 --- -------- Appointments ------------ --- 


	 --- 3/10/2053 --- 
 --- -------- Appointments ------------ --- 


	 --- 3/11/2053 --- 
 --- -------- Appointments ------------ --- 


	 --- 3/12/2053 --- 
 --- -------- Appointments ------------ --- 


	 --- 3/13/2053 --- 
 --- -------- Appointments ------------ --- 


	 --- 3/14/2053 --- 
 --- -------- Appointments ------------ --- 


	 --- 3/15/2053 --- 
 --- -------- Appointments ------------ --- 


	 --- 3/16/2053 --- 
 --- -------- Appointments ------------ --- 


	 --- 3/17/2053 --- 
 --- -------- Appointments ------------ --- 


	 --- 3/18/2053 --- 
 --- -------- Appointments ------------ --- 


	 --- 3/19/2053 --- 
 --- -------- Appointments ------------ --- 


	 --- 3/20/2053 --- 
 --- -------- Appointments ------------ --- 


	 --- 3/21/2053 --- 
 --- -------- Appointments ------------ --- 


	 --- 3/22/2053 --- 
 --- -------- Appointments ------------ --- 


	 --- 3/23/2053 --- 
 --- -------- Appointments ------------ --- 


	 --- 3/24/2053 --- 
 --- -------- Appointments ------------ --- 


	 --- 3/25/2053 --- 
 --- -------- Appointments ------------ --- 


	 --- 3/26/2053 --- 
 --- -------- Appointments ------------ --- 


	 --- 3/27/2053 --- 
 --- -------- Appointments ------------ --- 


	 --- 3/28/2053 --- 
 --- -------- Appointments ------------ --- 


	 --- 3/29/2053 --- 
 --- -------- Appointments ------------ --- 


	 --- 3/30/2053 --- 
 --- -------- Appointments ------------ --- 


	 --- 4/1/2053 --- 
 --- -------- Appointments ------------ --- 
	3/31/2017 at 3:30pm ,Birthday Party, This is my birthday party.
 

	 --- 4/2/2053 --- 
 --- -------- Appointments ------------ --- 


	 --- 4/3/2053 --- 
 --- -------- Appointments ------------ --- 


	 --- 4/4/2053 --- 
 --- -------- Appointments ------------ --- 


	 --- 4/5/2053 --- 
 --- -------- Appointments ------------ --- 


	 --- 4/6/2053 --- 
 --- -------- Appointments ------------ --- 


	 --- 4/7/2053 --- 
 --- -------- Appointments ------------ --- 


	 --- 4/8/2053 --- 
 --- -------- Appointments ------------ --- 


	 --- 4/9/2053 --- 
 --- -------- Appointments ------------ --- 


	 --- 4/10/2053 --- 
 --- -------- Appointments ------------ --- 


	 --- 4/11/2053 --- 
 --- -------- Appointments ------------ --- 


	 --- 4/12/2053 --- 
 --- -------- Appointments ------------ --- 


	 --- 4/13/2053 --- 
 --- -------- Appointments ------------ --- 


	 --- 4/14/2053 --- 
 --- -------- Appointments ------------ --- 


	 --- 4/15/2053 --- 
 --- -------- Appointments ------------ --- 


	 --- 4/16/2053 --- 
 --- -------- Appointments ------------ --- 


	 --- 4/17/2053 --- 
 --- -------- Appointments ------------ --- 


	 --- 4/18/2053 --- 
 --- -------- Appointments ------------ --- 


	 --- 4/19/2053 --- 
 --- -------- Appointments ------------ --- 


	 --- 4/20/2053 --- 
 --- -------- Appointments ------------ --- 


	 --- 4/21/2053 --- 
 --- -------- Appointments ------------ --- 


	 --- 4/22/2053 --- 
 --- -------- Appointments ------------ --- 


	 --- 4/23/2053 --- 
 --- -------- Appointments ------------ --- 


	 --- 4/24/2053 --- 
 --- -------- Appointments ------------ --- 


	 --- 4/25/2053 --- 
 --- -------- Appointments ------------ --- 


	 --- 4/26/2053 --- 
 --- -------- Appointments ------------ --- 


	 --- 4/27/2053 --- 
 --- -------- Appointments ------------ --- 


	 --- 4/28/2053 --- 
 --- -------- Appointments ------------ --- 


	 --- 4/29/2053 --- 
 --- -------- Appointments ------------ --- 


	 --- 4/30/2053 --- 
 --- -------- Appointments ------------ --- 


	 --- 4/31/2053 --- 
 --- -------- Appointments ------------ --- 


	 --- 5/1/2053 --- 
 --- -------- Appointments ------------ --- 
	3/31/2017 at 3:30pm ,Birthday Party, This is my birthday party.
 

	 --- 5/2/2053 --- 
 --- -------- Appointments ------------ --- 


	 --- 5/3/2053 --- 
 --- -------- Appointments ------------ --- 


	 --- 5/4/2053 --- 
 --- -------- Appointments ------------ --- 


	 --- 5/5/2053 --- 
 --- -------- Appointments ------------ --- 


	 --- 5/6/2053 --- 
 --- -------- Appointments ------------ --- 


	 --- 5/7/2053 --- 
 --- -------- Appointments ------------ --- 


	 --- 5/8/2053 --- 
 --- -------- Appointments ------------ --- 


	 --- 5/9/2053 --- 
 --- -------- Appointments ------------ --- 


	 --- 5/10/2053 --- 
 --- -------- Appointments ------------ --- 


	 --- 5/11/2053 --- 
 --- -------- Appointments ------------ --- 


	 --- 5/12/2053 --- 
 --- -------- Appointments ------------ --- 


	 --- 5/13/2053 --- 
 --- -------- Appointments ------------ --- 


	 --- 5/14/2053 --- 
 --- -------- Appointments ------------ --- 


	 --- 5/15/2053 --- 
 --- -------- Appointments ------------ --- 


	 --- 5/16/2053 --- 
 --- -------- Appointments ------------ --- 


	 --- 5/17/2053 --- 
 --- -------- Appointments ------------ --- 


	 --- 5/18/2053 --- 
 --- -------- Appointments ------------ --- 


	 --- 5/19/2053 --- 
 --- -------- Appointments ------------ --- 


	 --- 5/20/2053 --- 
 --- -------- Appointments ------------ --- 


	 --- 5/21/2053 --- 
 --- -------- Appointments ------------ --- 


	 --- 5/22/2053 --- 
 --- -------- Appointments ------------ --- 


	 --- 5/23/2053 --- 
 --- -------- Appointments ------------ --- 


	 --- 5/24/2053 --- 
 --- -------- Appointments ------------ --- 


	 --- 5/25/2053 --- 
 --- -------- Appointments ------------ --- 


	 --- 5/26/2053 --- 
 --- -------- Appointments ------------ --- 


	 --- 5/27/2053 --- 
 --- -------- Appointments ------------ --- 


	 --- 5/28/2053 --- 
 --- -------- Appointments ------------ --- 


	 --- 5/29/2053 --- 
 --- -------- Appointments ------------ --- 


	 --- 5/30/2053 --- 
 --- -------- Appointments ------------ --- 


	 --- 6/1/2053 --- 
 --- -------- Appointments ------------ --- 
	3/31/2017 at 3:30pm ,Birthday Party, This is my birthday party.
 

	 --- 6/2/2053 --- 
 --- -------- Appointments ------------ --- 


	 --- 6/3/2053 --- 
 --- -------- Appointments ------------ --- 


	 --- 6/4/2053 --- 
 --- -------- Appointments ------------ --- 


	 --- 6/5/2053 --- 
 --- -------- Appointments ------------ --- 


	 --- 6/6/2053 --- 
 --- -------- Appointments ------------ --- 


	 --- 6/7/2053 --- 
 --- -------- Appointments ------------ --- 


	 --- 6/8/2053 --- 
 --- -------- Appointments ------------ --- 


	 --- 6/9/2053 --- 
 --- -------- Appointments ------------ --- 


	 --- 6/10/2053 --- 
 --- -------- Appointments ------------ --- 


	 --- 6/11/2053 --- 
 --- -------- Appointments ------------ --- 


	 --- 6/12/2053 --- 
 --- -------- Appointments ------------ --- 


	 --- 6/13/2053 --- 
 --- -------- Appointments ------------ --- 


	 --- 6/14/2053 --- 
 --- -------- Appointments ------------ --- 


	 --- 6/15/2053 --- 
 --- -------- Appointments ------------ --- 


	 --- 6/16/2053 --- 
 --- -------- Appointments ------------ --- 


	 --- 6/17/2053 --- 
 --- -------- Appointments ------------ --- 


	 --- 6/18/2053 --- 
 --- -------- Appointments ------------ --- 


	 --- 6/19/2053 --- 
 --- -------- Appointments ------------ --- 


	 --- 6/20/2053 --- 
 --- -------- Appointments ------------ --- 


	 --- 6/21/2053 --- 
 --- -------- Appointments ------------ --- 


	 --- 6/22/2053 --- 
 --- -------- Appointments ------------ --- 


	 --- 6/23/2053 --- 
 --- -------- Appointments ------------ --- 


	 --- 6/24/2053 --- 
 --- -------- Appointments ------------ --- 


	 --- 6/25/2053 --- 
 --- -------- Appointments ------------ --- 


	 --- 6/26/2053 --- 
 --- -------- Appointments ------------ --- 


	 --- 6/27/2053 --- 
 --- -------- Appointments ------------ --- 


	 --- 6/28/2053 --- 
 --- -------- Appointments ------------ --- 


	 --- 6/29/2053 --- 
 --- -------- Appointments ------------ --- 


	 --- 6/30/2053 --- 
 --- -------- Appointments ------------ --- 


	 --- 6/31/2053 --- 
 --- -------- Appointments ------------ --- 


	 --- 7/1/2053 --- 
 --- -------- Appointments ------------ --- 
	3/31/2017 at 3:30pm ,Birthday Party, This is my birthday party.
 

	 --- 7/2/2053 --- 
 --- -------- Appointments ------------ --- 


	 --- 7/3/2053 --- 
 --- -------- Appointments ------------ --- 


	 --- 7/4/2053 --- 
 --- -------- Appointments ------------ --- 


	 --- 7/5/2053 --- 
 --- -------- Appointments ------------ --- 


	 --- 7/6/2053 --- 
 --- -------- Appointments ------------ --- 


	 --- 7/7/2053 --- 
 --- -------- Appointments ------------ --- 


	 --- 7/8/2053 --- 
 --- -------- Appointments ------------ --- 


	 --- 7/9/2053 --- 
 --- -------- Appointments ------------ --- 


	 --- 7/10/2053 --- 
 --- -------- Appointments ------------ --- 


	 --- 7/11/2053 --- 
 --- -------- Appointments ------------ --- 


	 --- 7/12/2053 --- 
 --- -------- Appointments ------------ --- 


	 --- 7/13/2053 --- 
 --- -------- Appointments ------------ --- 


	 --- 7/14/2053 --- 
 --- -------- Appointments ------------ --- 


	 --- 7/15/2053 --- 
 --- -------- Appointments ------------ --- 


	 --- 7/16/2053 --- 
 --- -------- Appointments ------------ --- 


	 --- 7/17/2053 --- 
 --- -------- Appointments ------------ --- 


	 --- 7/18/2053 --- 
 --- -------- Appointments ------------ --- 


	 --- 7/19/2053 --- 
 --- -------- Appointments ------------ --- 


	 --- 7/20/2053 --- 
 --- -------- Appointments ------------ --- 


	 --- 7/21/2053 --- 
 --- -------- Appointments ------------ --- 


	 --- 7/22/2053 --- 
 --- -------- Appointments ------------ --- 


	 --- 7/23/2053 --- 
 --- -------- Appointments ------------ --- 


	 --- 7/24/2053 --- 
 --- -------- Appointments ------------ --- 


	 --- 7/25/2053 --- 
 --- -------- Appointments ------------ --- 


	 --- 7/26/2053 --- 
 --- -------- Appointments ------------ --- 


	 --- 7/27/2053 --- 
 --- -------- Appointments ------------ --- 


	 --- 7/28/2053 --- 
 --- -------- Appointments ------------ --- 


	 --- 7/29/2053 --- 
 --- -------- Appointments ------------ --- 


	 --- 7/30/2053 --- 
 --- -------- Appointments ------------ --- 


	 --- 7/31/2053 --- 
 --- -------- Appointments ------------ --- 


	 --- 8/1/2053 --- 
 --- -------- Appointments ------------ --- 
	3/31/2017 at 3:30pm ,Birthday Party, This is my birthday party.
 

	 --- 8/2/2053 --- 
 --- -------- Appointments ------------ --- 


	 --- 8/3/2053 --- 
 --- -------- Appointments ------------ --- 


	 --- 8/4/2053 --- 
 --- -------- Appointments ------------ --- 


	 --- 8/5/2053 --- 
 --- -------- Appointments ------------ --- 


	 --- 8/6/2053 --- 
 --- -------- Appointments ------------ --- 


	 --- 8/7/2053 --- 
 --- -------- Appointments ------------ --- 


	 --- 8/8/2053 --- 
 --- -------- Appointments ------------ --- 


	 --- 8/9/2053 --- 
 --- -------- Appointments ------------ --- 


	 --- 8/10/2053 --- 
 --- -------- Appointments ------------ --- 


	 --- 8/11/2053 --- 
 --- -------- Appointments ------------ --- 


	 --- 8/12/2053 --- 
 --- -------- Appointments ------------ --- 


	 --- 8/13/2053 --- 
 --- -------- Appointments ------------ --- 


	 --- 8/14/2053 --- 
 --- -------- Appointments ------------ --- 


	 --- 8/15/2053 --- 
 --- -------- Appointments ------------ --- 


	 --- 8/16/2053 --- 
 --- -------- Appointments ------------ --- 


	 --- 8/17/2053 --- 
 --- -------- Appointments ------------ --- 


	 --- 8/18/2053 --- 
 --- -------- Appointments ------------ --- 


	 --- 8/19/2053 --- 
 --- -------- Appointments ------------ --- 


	 --- 8/20/2053 --- 
 --- -------- Appointments ------------ --- 


	 --- 8/21/2053 --- 
 --- -------- Appointments ------------ --- 


	 --- 8/22/2053 --- 
 --- -------- Appointments ------------ --- 


	 --- 8/23/2053 --- 
 --- -------- Appointments ------------ --- 


	 --- 8/24/2053 --- 
 --- -------- Appointments ------------ --- 


	 --- 8/25/2053 --- 
 --- -------- Appointments ------------ --- 


	 --- 8/26/2053 --- 
 --- -------- Appointments ------------ --- 


	 --- 8/27/2053 --- 
 --- -------- Appointments ------------ --- 


	 --- 8/28/2053 --- 
 --- -------- Appointments ------------ --- 


	 --- 8/29/2053 --- 
 --- -------- Appointments ------------ --- 


	 --- 8/30/2053 --- 
 --- -------- Appointments ------------ --- 


	 --- 9/1/2053 --- 
 --- -------- Appointments ------------ --- 
	3/31/2017 at 3:30pm ,Birthday Party, This is my birthday party.
 

	 --- 9/2/2053 --- 
 --- -------- Appointments ------------ --- 


	 --- 9/3/2053 --- 
 --- -------- Appointments ------------ --- 


	 --- 9/4/2053 --- 
 --- -------- Appointments ------------ --- 


	 --- 9/5/2053 --- 
 --- -------- Appointments ------------ --- 


	 --- 9/6/2053 --- 
 --- -------- Appointments ------------ --- 


	 --- 9/7/2053 --- 
 --- -------- Appointments ------------ --- 


	 --- 9/8/2053 --- 
 --- -------- Appointments ------------ --- 


	 --- 9/9/2053 --- 
 --- -------- Appointments ------------ --- 


	 --- 9/10/2053 --- 
 --- -------- Appointments ------------ --- 


	 --- 9/11/2053 --- 
 --- -------- Appointments ------------ --- 


	 --- 9/12/2053 --- 
 --- -------- Appointments ------------ --- 


	 --- 9/13/2053 --- 
 --- -------- Appointments ------------ --- 


	 --- 9/14/2053 --- 
 --- -------- Appointments ------------ --- 


	 --- 9/15/2053 --- 
 --- -------- Appointments ------------ --- 


	 --- 9/16/2053 --- 
 --- -------- Appointments ------------ --- 


	 --- 9/17/2053 --- 
 --- -------- Appointments ------------ --- 


	 --- 9/18/2053 --- 
 --- -------- Appointments ------------ --- 


	 --- 9/19/2053 --- 
 --- -------- Appointments ------------ --- 


	 --- 9/20/2053 --- 
 --- -------- Appointments ------------ --- 


	 --- 9/21/2053 --- 
 --- -------- Appointments ------------ --- 


	 --- 9/22/2053 --- 
 --- -------- Appointments ------------ --- 


	 --- 9/23/2053 --- 
 --- -------- Appointments ------------ --- 


	 --- 9/24/2053 --- 
 --- -------- Appointments ------------ --- 


	 --- 9/25/2053 --- 
 --- -------- Appointments ------------ --- 


	 --- 9/26/2053 --- 
 --- -------- Appointments ------------ --- 


	 --- 9/27/2053 --- 
 --- -------- Appointments ------------ --- 


	 --- 9/28/2053 --- 
 --- -------- Appointments ------------ --- 


	 --- 9/29/2053 --- 
 --- -------- Appointments ------------ --- 


	 --- 9/30/2053 --- 
 --- -------- Appointments ------------ --- 


	 --- 9/31/2053 --- 
 --- -------- Appointments ------------ --- 


	 --- 10/1/2053 --- 
 --- -------- Appointments ------------ --- 
	3/31/2017 at 3:30pm ,Birthday Party, This is my birthday party.
 

	 --- 10/2/2053 --- 
 --- -------- Appointments ------------ --- 


	 --- 10/3/2053 --- 
 --- -------- Appointments ------------ --- 


	 --- 10/4/2053 --- 
 --- -------- Appointments ------------ --- 


	 --- 10/5/2053 --- 
 --- -------- Appointments ------------ --- 


	 --- 10/6/2053 --- 
 --- -------- Appointments ------------ --- 


	 --- 10/7/2053 --- 
 --- -------- Appointments ------------ --- 


	 --- 10/8/2053 --- 
 --- -------- Appointments ------------ --- 


	 --- 10/9/2053 --- 
 --- -------- Appointments ------------ --- 


	 --- 10/10/2053 --- 
 --- -------- Appointments ------------ --- 


	 --- 10/11/2053 --- 
 --- -------- Appointments ------------ --- 


	 --- 10/12/2053 --- 
 --- -------- Appointments ------------ --- 


	 --- 10/13/2053 --- 
 --- -------- Appointments ------------ --- 


	 --- 10/14/2053 --- 
 --- -------- Appointments ------------ --- 


	 --- 10/15/2053 --- 
 --- -------- Appointments ------------ --- 


	 --- 10/16/2053 --- 
 --- -------- Appointments ------------ --- 


	 --- 10/17/2053 --- 
 --- -------- Appointments ------------ --- 


	 --- 10/18/2053 --- 
 --- -------- Appointments ------------ --- 


	 --- 10/19/2053 --- 
 --- -------- Appointments ------------ --- 


	 --- 10/20/2053 --- 
 --- -------- Appointments ------------ --- 


	 --- 10/21/2053 --- 
 --- -------- Appointments ------------ --- 


	 --- 10/22/2053 --- 
 --- -------- Appointments ------------ --- 


	 --- 10/23/2053 --- 
 --- -------- Appointments ------------ --- 


	 --- 10/24/2053 --- 
 --- -------- Appointments ------------ --- 


	 --- 10/25/2053 --- 
 --- -------- Appointments ------------ --- 


	 --- 10/26/2053 --- 
 --- -------- Appointments ------------ --- 


	 --- 10/27/2053 --- 
 --- -------- Appointments ------------ --- 


	 --- 10/28/2053 --- 
 --- -------- Appointments ------------ --- 


	 --- 10/29/2053 --- 
 --- -------- Appointments ------------ --- 


	 --- 10/30/2053 --- 
 --- -------- Appointments ------------ --- 


	 --- 11/1/2053 --- 
 --- -------- Appointments ------------ --- 
	3/31/2017 at 3:30pm ,Birthday Party, This is my birthday party.
 

	 --- 11/2/2053 --- 
 --- -------- Appointments ------------ --- 


	 --- 11/3/2053 --- 
 --- -------- Appointments ------------ --- 


	 --- 11/4/2053 --- 
 --- -------- Appointments ------------ --- 


	 --- 11/5/2053 --- 
 --- -------- Appointments ------------ --- 


	 --- 11/6/2053 --- 
 --- -------- Appointments ------------ --- 


	 --- 11/7/2053 --- 
 --- -------- Appointments ------------ --- 


	 --- 11/8/2053 --- 
 --- -------- Appointments ------------ --- 


	 --- 11/9/2053 --- 
 --- -------- Appointments ------------ --- 


	 --- 11/10/2053 --- 
 --- -------- Appointments ------------ --- 


	 --- 11/11/2053 --- 
 --- -------- Appointments ------------ --- 


	 --- 11/12/2053 --- 
 --- -------- Appointments ------------ --- 


	 --- 11/13/2053 --- 
 --- -------- Appointments ------------ --- 


	 --- 11/14/2053 --- 
 --- -------- Appointments ------------ --- 


	 --- 11/15/2053 --- 
 --- -------- Appointments ------------ --- 


	 --- 11/16/2053 --- 
 --- -------- Appointments ------------ --- 


	 --- 11/17/2053 --- 
 --- -------- Appointments ------------ --- 


	 --- 11/18/2053 --- 
 --- -------- Appointments ------------ --- 


	 --- 11/19/2053 --- 
 --- -------- Appointments ------------ --- 


	 --- 11/20/2053 --- 
 --- -------- Appointments ------------ --- 


	 --- 11/21/2053 --- 
 --- -------- Appointments ------------ --- 


	 --- 11/22/2053 --- 
 --- -------- Appointments ------------ --- 


	 --- 11/23/2053 --- 
 --- -------- Appointments ------------ --- 


	 --- 11/24/2053 --- 
 --- -------- Appointments ------------ --- 


	 --- 11/25/2053 --- 
 --- -------- Appointments ------------ --- 


	 --- 11/26/2053 --- 
 --- -------- Appointments ------------ --- 


	 --- 11/27/2053 --- 
 --- -------- Appointments ------------ --- 


	 --- 11/28/2053 --- 
 --- -------- Appointments ------------ --- 


	 --- 11/29/2053 --- 
 --- -------- Appointments ------------ --- 


	 --- 11/30/2053 --- 
 --- -------- Appointments ------------ --- 


	 --- 11/31/2053 --- 
 --- -------- Appointments ------------ --- 


	 --- 0/1/2054 --- 
 --- -------- Appointments ------------ --- 
	3/31/2017 at 3:30pm ,Birthday Party, This is my birthday party.
 

	 --- 0/2/2054 --- 
 --- -------- Appointments ------------ --- 


	 --- 0/3/2054 --- 
 --- -------- Appointments ------------ --- 


	 --- 0/4/2054 --- 
 --- -------- Appointments ------------ --- 


	 --- 0/5/2054 --- 
 --- -------- Appointments ------------ --- 


	 --- 0/6/2054 --- 
 --- -------- Appointments ------------ --- 


	 --- 0/7/2054 --- 
 --- -------- Appointments ------------ --- 


	 --- 0/8/2054 --- 
 --- -------- Appointments ------------ --- 


	 --- 0/9/2054 --- 
 --- -------- Appointments ------------ --- 


	 --- 0/10/2054 --- 
 --- -------- Appointments ------------ --- 


	 --- 0/11/2054 --- 
 --- -------- Appointments ------------ --- 


	 --- 0/12/2054 --- 
 --- -------- Appointments ------------ --- 


	 --- 0/13/2054 --- 
 --- -------- Appointments ------------ --- 


	 --- 0/14/2054 --- 
 --- -------- Appointments ------------ --- 


	 --- 0/15/2054 --- 
 --- -------- Appointments ------------ --- 


	 --- 0/16/2054 --- 
 --- -------- Appointments ------------ --- 


	 --- 0/17/2054 --- 
 --- -------- Appointments ------------ --- 


	 --- 0/18/2054 --- 
 --- -------- Appointments ------------ --- 


	 --- 0/19/2054 --- 
 --- -------- Appointments ------------ --- 


	 --- 0/20/2054 --- 
 --- -------- Appointments ------------ --- 


	 --- 0/21/2054 --- 
 --- -------- Appointments ------------ --- 


	 --- 0/22/2054 --- 
 --- -------- Appointments ------------ --- 


	 --- 0/23/2054 --- 
 --- -------- Appointments ------------ --- 


	 --- 0/24/2054 --- 
 --- -------- Appointments ------------ --- 


	 --- 0/25/2054 --- 
 --- -------- Appointments ------------ --- 


	 --- 0/26/2054 --- 
 --- -------- Appointments ------------ --- 


	 --- 0/27/2054 --- 
 --- -------- Appointments ------------ --- 


	 --- 0/28/2054 --- 
 --- -------- Appointments ------------ --- 


	 --- 0/29/2054 --- 
 --- -------- Appointments ------------ --- 


	 --- 0/30/2054 --- 
 --- -------- Appointments ------------ --- 


	 --- 0/31/2054 --- 
 --- -------- Appointments ------------ --- 


	 --- 1/1/2054 --- 
 --- -------- Appointments ------------ --- 
	3/31/2017 at 3:30pm ,Birthday Party, This is my birthday party.
 

	 --- 1/2/2054 --- 
 --- -------- Appointments ------------ --- 


	 --- 1/3/2054 --- 
 --- -------- Appointments ------------ --- 


	 --- 1/4/2054 --- 
 --- -------- Appointments ------------ --- 


	 --- 1/5/2054 --- 
 --- -------- Appointments ------------ --- 


	 --- 1/6/2054 --- 
 --- -------- Appointments ------------ --- 


	 --- 1/7/2054 --- 
 --- -------- Appointments ------------ --- 


	 --- 1/8/2054 --- 
 --- -------- Appointments ------------ --- 


	 --- 1/9/2054 --- 
 --- -------- Appointments ------------ --- 


	 --- 1/10/2054 --- 
 --- -------- Appointments ------------ --- 


	 --- 1/11/2054 --- 
 --- -------- Appointments ------------ --- 


	 --- 1/12/2054 --- 
 --- -------- Appointments ------------ --- 


	 --- 1/13/2054 --- 
 --- -------- Appointments ------------ --- 


	 --- 1/14/2054 --- 
 --- -------- Appointments ------------ --- 


	 --- 1/15/2054 --- 
 --- -------- Appointments ------------ --- 


	 --- 1/16/2054 --- 
 --- -------- Appointments ------------ --- 


	 --- 1/17/2054 --- 
 --- -------- Appointments ------------ --- 


	 --- 1/18/2054 --- 
 --- -------- Appointments ------------ --- 


	 --- 1/19/2054 --- 
 --- -------- Appointments ------------ --- 


	 --- 1/20/2054 --- 
 --- -------- Appointments ------------ --- 


	 --- 1/21/2054 --- 
 --- -------- Appointments ------------ --- 


	 --- 1/22/2054 --- 
 --- -------- Appointments ------------ --- 


	 --- 1/23/2054 --- 
 --- -------- Appointments ------------ --- 


	 --- 1/24/2054 --- 
 --- -------- Appointments ------------ --- 


	 --- 1/25/2054 --- 
 --- -------- Appointments ------------ --- 


	 --- 1/26/2054 --- 
 --- -------- Appointments ------------ --- 


	 --- 1/27/2054 --- 
 --- -------- Appointments ------------ --- 


	 --- 1/28/2054 --- 
 --- -------- Appointments ------------ --- 


	 --- 2/1/2054 --- 
 --- -------- Appointments ------------ --- 
	3/31/2017 at 3:30pm ,Birthday Party, This is my birthday party.
 

	 --- 2/2/2054 --- 
 --- -------- Appointments ------------ --- 


	 --- 2/3/2054 --- 
 --- -------- Appointments ------------ --- 


	 --- 2/4/2054 --- 
 --- -------- Appointments ------------ --- 


	 --- 2/5/2054 --- 
 --- -------- Appointments ------------ --- 


	 --- 2/6/2054 --- 
 --- -------- Appointments ------------ --- 


	 --- 2/7/2054 --- 
 --- -------- Appointments ------------ --- 


	 --- 2/8/2054 --- 
 --- -------- Appointments ------------ --- 


	 --- 2/9/2054 --- 
 --- -------- Appointments ------------ --- 


	 --- 2/10/2054 --- 
 --- -------- Appointments ------------ --- 


	 --- 2/11/2054 --- 
 --- -------- Appointments ------------ --- 


	 --- 2/12/2054 --- 
 --- -------- Appointments ------------ --- 


	 --- 2/13/2054 --- 
 --- -------- Appointments ------------ --- 


	 --- 2/14/2054 --- 
 --- -------- Appointments ------------ --- 


	 --- 2/15/2054 --- 
 --- -------- Appointments ------------ --- 


	 --- 2/16/2054 --- 
 --- -------- Appointments ------------ --- 


	 --- 2/17/2054 --- 
 --- -------- Appointments ------------ --- 


	 --- 2/18/2054 --- 
 --- -------- Appointments ------------ --- 


	 --- 2/19/2054 --- 
 --- -------- Appointments ------------ --- 


	 --- 2/20/2054 --- 
 --- -------- Appointments ------------ --- 


	 --- 2/21/2054 --- 
 --- -------- Appointments ------------ --- 


	 --- 2/22/2054 --- 
 --- -------- Appointments ------------ --- 


	 --- 2/23/2054 --- 
 --- -------- Appointments ------------ --- 


	 --- 2/24/2054 --- 
 --- -------- Appointments ------------ --- 


	 --- 2/25/2054 --- 
 --- -------- Appointments ------------ --- 


	 --- 2/26/2054 --- 
 --- -------- Appointments ------------ --- 
	2/26/2018 at 11:30pm ,Birthday Party, This is my birthday party.
 

	 --- 2/27/2054 --- 
 --- -------- Appointments ------------ --- 


	 --- 2/28/2054 --- 
 --- -------- Appointments ------------ --- 


	 --- 2/29/2054 --- 
 --- -------- Appointments ------------ --- 


	 --- 2/30/2054 --- 
 --- -------- Appointments ------------ --- 


	 --- 2/31/2054 --- 
 --- -------- Appointments ------------ --- 


	 --- 3/1/2054 --- 
 --- -------- Appointments ------------ --- 
	3/31/2017 at 3:30pm ,Birthday Party, This is my birthday party.
 

	 --- 3/2/2054 --- 
 --- -------- Appointments ------------ --- 


	 --- 3/3/2054 --- 
 --- -------- Appointments ------------ --- 


	 --- 3/4/2054 --- 
 --- -------- Appointments ------------ --- 


	 --- 3/5/2054 --- 
 --- -------- Appointments ------------ --- 


	 --- 3/6/2054 --- 
 --- -------- Appointments ------------ --- 


	 --- 3/7/2054 --- 
 --- -------- Appointments ------------ --- 


	 --- 3/8/2054 --- 
 --- -------- Appointments ------------ --- 


	 --- 3/9/2054 --- 
 --- -------- Appointments ------------ --- 


	 --- 3/10/2054 --- 
 --- -------- Appointments ------------ --- 


	 --- 3/11/2054 --- 
 --- -------- Appointments ------------ --- 


	 --- 3/12/2054 --- 
 --- -------- Appointments ------------ --- 


	 --- 3/13/2054 --- 
 --- -------- Appointments ------------ --- 


	 --- 3/14/2054 --- 
 --- -------- Appointments ------------ --- 


	 --- 3/15/2054 --- 
 --- -------- Appointments ------------ --- 


	 --- 3/16/2054 --- 
 --- -------- Appointments ------------ --- 


	 --- 3/17/2054 --- 
 --- -------- Appointments ------------ --- 


	 --- 3/18/2054 --- 
 --- -------- Appointments ------------ --- 


	 --- 3/19/2054 --- 
 --- -------- Appointments ------------ --- 


	 --- 3/20/2054 --- 
 --- -------- Appointments ------------ --- 


	 --- 3/21/2054 --- 
 --- -------- Appointments ------------ --- 


	 --- 3/22/2054 --- 
 --- -------- Appointments ------------ --- 


	 --- 3/23/2054 --- 
 --- -------- Appointments ------------ --- 


	 --- 3/24/2054 --- 
 --- -------- Appointments ------------ --- 


	 --- 3/25/2054 --- 
 --- -------- Appointments ------------ --- 


	 --- 3/26/2054 --- 
 --- -------- Appointments ------------ --- 


	 --- 3/27/2054 --- 
 --- -------- Appointments ------------ --- 


	 --- 3/28/2054 --- 
 --- -------- Appointments ------------ --- 


	 --- 3/29/2054 --- 
 --- -------- Appointments ------------ --- 


	 --- 3/30/2054 --- 
 --- -------- Appointments ------------ --- 


	 --- 4/1/2054 --- 
 --- -------- Appointments ------------ --- 
	3/31/2017 at 3:30pm ,Birthday Party, This is my birthday party.
 

	 --- 4/2/2054 --- 
 --- -------- Appointments ------------ --- 


	 --- 4/3/2054 --- 
 --- -------- Appointments ------------ --- 


	 --- 4/4/2054 --- 
 --- -------- Appointments ------------ --- 


	 --- 4/5/2054 --- 
 --- -------- Appointments ------------ --- 


	 --- 4/6/2054 --- 
 --- -------- Appointments ------------ --- 


	 --- 4/7/2054 --- 
 --- -------- Appointments ------------ --- 


	 --- 4/8/2054 --- 
 --- -------- Appointments ------------ --- 


	 --- 4/9/2054 --- 
 --- -------- Appointments ------------ --- 


	 --- 4/10/2054 --- 
 --- -------- Appointments ------------ --- 


	 --- 4/11/2054 --- 
 --- -------- Appointments ------------ --- 


	 --- 4/12/2054 --- 
 --- -------- Appointments ------------ --- 


	 --- 4/13/2054 --- 
 --- -------- Appointments ------------ --- 


	 --- 4/14/2054 --- 
 --- -------- Appointments ------------ --- 


	 --- 4/15/2054 --- 
 --- -------- Appointments ------------ --- 


	 --- 4/16/2054 --- 
 --- -------- Appointments ------------ --- 


	 --- 4/17/2054 --- 
 --- -------- Appointments ------------ --- 


	 --- 4/18/2054 --- 
 --- -------- Appointments ------------ --- 


	 --- 4/19/2054 --- 
 --- -------- Appointments ------------ --- 


	 --- 4/20/2054 --- 
 --- -------- Appointments ------------ --- 


	 --- 4/21/2054 --- 
 --- -------- Appointments ------------ --- 


	 --- 4/22/2054 --- 
 --- -------- Appointments ------------ --- 


	 --- 4/23/2054 --- 
 --- -------- Appointments ------------ --- 


	 --- 4/24/2054 --- 
 --- -------- Appointments ------------ --- 


	 --- 4/25/2054 --- 
 --- -------- Appointments ------------ --- 


	 --- 4/26/2054 --- 
 --- -------- Appointments ------------ --- 


	 --- 4/27/2054 --- 
 --- -------- Appointments ------------ --- 


	 --- 4/28/2054 --- 
 --- -------- Appointments ------------ --- 


	 --- 4/29/2054 --- 
 --- -------- Appointments ------------ --- 


	 --- 4/30/2054 --- 
 --- -------- Appointments ------------ --- 


	 --- 4/31/2054 --- 
 --- -------- Appointments ------------ --- 


	 --- 5/1/2054 --- 
 --- -------- Appointments ------------ --- 
	3/31/2017 at 3:30pm ,Birthday Party, This is my birthday party.
 

	 --- 5/2/2054 --- 
 --- -------- Appointments ------------ --- 


	 --- 5/3/2054 --- 
 --- -------- Appointments ------------ --- 


	 --- 5/4/2054 --- 
 --- -------- Appointments ------------ --- 


	 --- 5/5/2054 --- 
 --- -------- Appointments ------------ --- 


	 --- 5/6/2054 --- 
 --- -------- Appointments ------------ --- 


	 --- 5/7/2054 --- 
 --- -------- Appointments ------------ --- 


	 --- 5/8/2054 --- 
 --- -------- Appointments ------------ --- 


	 --- 5/9/2054 --- 
 --- -------- Appointments ------------ --- 


	 --- 5/10/2054 --- 
 --- -------- Appointments ------------ --- 


	 --- 5/11/2054 --- 
 --- -------- Appointments ------------ --- 


	 --- 5/12/2054 --- 
 --- -------- Appointments ------------ --- 


	 --- 5/13/2054 --- 
 --- -------- Appointments ------------ --- 


	 --- 5/14/2054 --- 
 --- -------- Appointments ------------ --- 


	 --- 5/15/2054 --- 
 --- -------- Appointments ------------ --- 


	 --- 5/16/2054 --- 
 --- -------- Appointments ------------ --- 


	 --- 5/17/2054 --- 
 --- -------- Appointments ------------ --- 


	 --- 5/18/2054 --- 
 --- -------- Appointments ------------ --- 


	 --- 5/19/2054 --- 
 --- -------- Appointments ------------ --- 


	 --- 5/20/2054 --- 
 --- -------- Appointments ------------ --- 


	 --- 5/21/2054 --- 
 --- -------- Appointments ------------ --- 


	 --- 5/22/2054 --- 
 --- -------- Appointments ------------ --- 


	 --- 5/23/2054 --- 
 --- -------- Appointments ------------ --- 


	 --- 5/24/2054 --- 
 --- -------- Appointments ------------ --- 


	 --- 5/25/2054 --- 
 --- -------- Appointments ------------ --- 


	 --- 5/26/2054 --- 
 --- -------- Appointments ------------ --- 


	 --- 5/27/2054 --- 
 --- -------- Appointments ------------ --- 


	 --- 5/28/2054 --- 
 --- -------- Appointments ------------ --- 


	 --- 5/29/2054 --- 
 --- -------- Appointments ------------ --- 


	 --- 5/30/2054 --- 
 --- -------- Appointments ------------ --- 


	 --- 6/1/2054 --- 
 --- -------- Appointments ------------ --- 
	3/31/2017 at 3:30pm ,Birthday Party, This is my birthday party.
 

	 --- 6/2/2054 --- 
 --- -------- Appointments ------------ --- 


	 --- 6/3/2054 --- 
 --- -------- Appointments ------------ --- 


	 --- 6/4/2054 --- 
 --- -------- Appointments ------------ --- 


	 --- 6/5/2054 --- 
 --- -------- Appointments ------------ --- 


	 --- 6/6/2054 --- 
 --- -------- Appointments ------------ --- 


	 --- 6/7/2054 --- 
 --- -------- Appointments ------------ --- 


	 --- 6/8/2054 --- 
 --- -------- Appointments ------------ --- 


	 --- 6/9/2054 --- 
 --- -------- Appointments ------------ --- 


	 --- 6/10/2054 --- 
 --- -------- Appointments ------------ --- 


	 --- 6/11/2054 --- 
 --- -------- Appointments ------------ --- 


	 --- 6/12/2054 --- 
 --- -------- Appointments ------------ --- 


	 --- 6/13/2054 --- 
 --- -------- Appointments ------------ --- 


	 --- 6/14/2054 --- 
 --- -------- Appointments ------------ --- 


	 --- 6/15/2054 --- 
 --- -------- Appointments ------------ --- 


	 --- 6/16/2054 --- 
 --- -------- Appointments ------------ --- 


	 --- 6/17/2054 --- 
 --- -------- Appointments ------------ --- 


	 --- 6/18/2054 --- 
 --- -------- Appointments ------------ --- 


	 --- 6/19/2054 --- 
 --- -------- Appointments ------------ --- 


	 --- 6/20/2054 --- 
 --- -------- Appointments ------------ --- 


	 --- 6/21/2054 --- 
 --- -------- Appointments ------------ --- 


	 --- 6/22/2054 --- 
 --- -------- Appointments ------------ --- 


	 --- 6/23/2054 --- 
 --- -------- Appointments ------------ --- 


	 --- 6/24/2054 --- 
 --- -------- Appointments ------------ --- 


	 --- 6/25/2054 --- 
 --- -------- Appointments ------------ --- 


	 --- 6/26/2054 --- 
 --- -------- Appointments ------------ --- 


	 --- 6/27/2054 --- 
 --- -------- Appointments ------------ --- 


	 --- 6/28/2054 --- 
 --- -------- Appointments ------------ --- 


	 --- 6/29/2054 --- 
 --- -------- Appointments ------------ --- 


	 --- 6/30/2054 --- 
 --- -------- Appointments ------------ --- 


	 --- 6/31/2054 --- 
 --- -------- Appointments ------------ --- 


	 --- 7/1/2054 --- 
 --- -------- Appointments ------------ --- 
	3/31/2017 at 3:30pm ,Birthday Party, This is my birthday party.
 

	 --- 7/2/2054 --- 
 --- -------- Appointments ------------ --- 


	 --- 7/3/2054 --- 
 --- -------- Appointments ------------ --- 


	 --- 7/4/2054 --- 
 --- -------- Appointments ------------ --- 


	 --- 7/5/2054 --- 
 --- -------- Appointments ------------ --- 


	 --- 7/6/2054 --- 
 --- -------- Appointments ------------ --- 


	 --- 7/7/2054 --- 
 --- -------- Appointments ------------ --- 


	 --- 7/8/2054 --- 
 --- -------- Appointments ------------ --- 


	 --- 7/9/2054 --- 
 --- -------- Appointments ------------ --- 


	 --- 7/10/2054 --- 
 --- -------- Appointments ------------ --- 


	 --- 7/11/2054 --- 
 --- -------- Appointments ------------ --- 


	 --- 7/12/2054 --- 
 --- -------- Appointments ------------ --- 


	 --- 7/13/2054 --- 
 --- -------- Appointments ------------ --- 


	 --- 7/14/2054 --- 
 --- -------- Appointments ------------ --- 


	 --- 7/15/2054 --- 
 --- -------- Appointments ------------ --- 


	 --- 7/16/2054 --- 
 --- -------- Appointments ------------ --- 


	 --- 7/17/2054 --- 
 --- -------- Appointments ------------ --- 


	 --- 7/18/2054 --- 
 --- -------- Appointments ------------ --- 


	 --- 7/19/2054 --- 
 --- -------- Appointments ------------ --- 


	 --- 7/20/2054 --- 
 --- -------- Appointments ------------ --- 


	 --- 7/21/2054 --- 
 --- -------- Appointments ------------ --- 


	 --- 7/22/2054 --- 
 --- -------- Appointments ------------ --- 


	 --- 7/23/2054 --- 
 --- -------- Appointments ------------ --- 


	 --- 7/24/2054 --- 
 --- -------- Appointments ------------ --- 


	 --- 7/25/2054 --- 
 --- -------- Appointments ------------ --- 


	 --- 7/26/2054 --- 
 --- -------- Appointments ------------ --- 


	 --- 7/27/2054 --- 
 --- -------- Appointments ------------ --- 


	 --- 7/28/2054 --- 
 --- -------- Appointments ------------ --- 


	 --- 7/29/2054 --- 
 --- -------- Appointments ------------ --- 


	 --- 7/30/2054 --- 
 --- -------- Appointments ------------ --- 


	 --- 7/31/2054 --- 
 --- -------- Appointments ------------ --- 


	 --- 8/1/2054 --- 
 --- -------- Appointments ------------ --- 
	3/31/2017 at 3:30pm ,Birthday Party, This is my birthday party.
 

	 --- 8/2/2054 --- 
 --- -------- Appointments ------------ --- 


	 --- 8/3/2054 --- 
 --- -------- Appointments ------------ --- 


	 --- 8/4/2054 --- 
 --- -------- Appointments ------------ --- 


	 --- 8/5/2054 --- 
 --- -------- Appointments ------------ --- 


	 --- 8/6/2054 --- 
 --- -------- Appointments ------------ --- 


	 --- 8/7/2054 --- 
 --- -------- Appointments ------------ --- 


	 --- 8/8/2054 --- 
 --- -------- Appointments ------------ --- 


	 --- 8/9/2054 --- 
 --- -------- Appointments ------------ --- 


	 --- 8/10/2054 --- 
 --- -------- Appointments ------------ --- 


	 --- 8/11/2054 --- 
 --- -------- Appointments ------------ --- 


	 --- 8/12/2054 --- 
 --- -------- Appointments ------------ --- 


	 --- 8/13/2054 --- 
 --- -------- Appointments ------------ --- 


	 --- 8/14/2054 --- 
 --- -------- Appointments ------------ --- 


	 --- 8/15/2054 --- 
 --- -------- Appointments ------------ --- 


	 --- 8/16/2054 --- 
 --- -------- Appointments ------------ --- 


	 --- 8/17/2054 --- 
 --- -------- Appointments ------------ --- 


	 --- 8/18/2054 --- 
 --- -------- Appointments ------------ --- 


	 --- 8/19/2054 --- 
 --- -------- Appointments ------------ --- 


	 --- 8/20/2054 --- 
 --- -------- Appointments ------------ --- 


	 --- 8/21/2054 --- 
 --- -------- Appointments ------------ --- 


	 --- 8/22/2054 --- 
 --- -------- Appointments ------------ --- 


	 --- 8/23/2054 --- 
 --- -------- Appointments ------------ --- 


	 --- 8/24/2054 --- 
 --- -------- Appointments ------------ --- 


	 --- 8/25/2054 --- 
 --- -------- Appointments ------------ --- 


	 --- 8/26/2054 --- 
 --- -------- Appointments ------------ --- 


	 --- 8/27/2054 --- 
 --- -------- Appointments ------------ --- 


	 --- 8/28/2054 --- 
 --- -------- Appointments ------------ --- 


	 --- 8/29/2054 --- 
 --- -------- Appointments ------------ --- 


	 --- 8/30/2054 --- 
 --- -------- Appointments ------------ --- 


	 --- 9/1/2054 --- 
 --- -------- Appointments ------------ --- 
	3/31/2017 at 3:30pm ,Birthday Party, This is my birthday party.
 

	 --- 9/2/2054 --- 
 --- -------- Appointments ------------ --- 


	 --- 9/3/2054 --- 
 --- -------- Appointments ------------ --- 


	 --- 9/4/2054 --- 
 --- -------- Appointments ------------ --- 


	 --- 9/5/2054 --- 
 --- -------- Appointments ------------ --- 


	 --- 9/6/2054 --- 
 --- -------- Appointments ------------ --- 


	 --- 9/7/2054 --- 
 --- -------- Appointments ------------ --- 


	 --- 9/8/2054 --- 
 --- -------- Appointments ------------ --- 


	 --- 9/9/2054 --- 
 --- -------- Appointments ------------ --- 


	 --- 9/10/2054 --- 
 --- -------- Appointments ------------ --- 


	 --- 9/11/2054 --- 
 --- -------- Appointments ------------ --- 


	 --- 9/12/2054 --- 
 --- -------- Appointments ------------ --- 


	 --- 9/13/2054 --- 
 --- -------- Appointments ------------ --- 


	 --- 9/14/2054 --- 
 --- -------- Appointments ------------ --- 


	 --- 9/15/2054 --- 
 --- -------- Appointments ------------ --- 


	 --- 9/16/2054 --- 
 --- -------- Appointments ------------ --- 


	 --- 9/17/2054 --- 
 --- -------- Appointments ------------ --- 


	 --- 9/18/2054 --- 
 --- -------- Appointments ------------ --- 


	 --- 9/19/2054 --- 
 --- -------- Appointments ------------ --- 


	 --- 9/20/2054 --- 
 --- -------- Appointments ------------ --- 


	 --- 9/21/2054 --- 
 --- -------- Appointments ------------ --- 


	 --- 9/22/2054 --- 
 --- -------- Appointments ------------ --- 


	 --- 9/23/2054 --- 
 --- -------- Appointments ------------ --- 


	 --- 9/24/2054 --- 
 --- -------- Appointments ------------ --- 


	 --- 9/25/2054 --- 
 --- -------- Appointments ------------ --- 


	 --- 9/26/2054 --- 
 --- -------- Appointments ------------ --- 


	 --- 9/27/2054 --- 
 --- -------- Appointments ------------ --- 


	 --- 9/28/2054 --- 
 --- -------- Appointments ------------ --- 


	 --- 9/29/2054 --- 
 --- -------- Appointments ------------ --- 


	 --- 9/30/2054 --- 
 --- -------- Appointments ------------ --- 


	 --- 9/31/2054 --- 
 --- -------- Appointments ------------ --- 


	 --- 10/1/2054 --- 
 --- -------- Appointments ------------ --- 
	3/31/2017 at 3:30pm ,Birthday Party, This is my birthday party.
 

	 --- 10/2/2054 --- 
 --- -------- Appointments ------------ --- 


	 --- 10/3/2054 --- 
 --- -------- Appointments ------------ --- 


	 --- 10/4/2054 --- 
 --- -------- Appointments ------------ --- 


	 --- 10/5/2054 --- 
 --- -------- Appointments ------------ --- 


	 --- 10/6/2054 --- 
 --- -------- Appointments ------------ --- 


	 --- 10/7/2054 --- 
 --- -------- Appointments ------------ --- 


	 --- 10/8/2054 --- 
 --- -------- Appointments ------------ --- 


	 --- 10/9/2054 --- 
 --- -------- Appointments ------------ --- 


	 --- 10/10/2054 --- 
 --- -------- Appointments ------------ --- 


	 --- 10/11/2054 --- 
 --- -------- Appointments ------------ --- 


	 --- 10/12/2054 --- 
 --- -------- Appointments ------------ --- 


	 --- 10/13/2054 --- 
 --- -------- Appointments ------------ --- 


	 --- 10/14/2054 --- 
 --- -------- Appointments ------------ --- 


	 --- 10/15/2054 --- 
 --- -------- Appointments ------------ --- 


	 --- 10/16/2054 --- 
 --- -------- Appointments ------------ --- 


	 --- 10/17/2054 --- 
 --- -------- Appointments ------------ --- 


	 --- 10/18/2054 --- 
 --- -------- Appointments ------------ --- 


	 --- 10/19/2054 --- 
 --- -------- Appointments ------------ --- 


	 --- 10/20/2054 --- 
 --- -------- Appointments ------------ --- 


	 --- 10/21/2054 --- 
 --- -------- Appointments ------------ --- 


	 --- 10/22/2054 --- 
 --- -------- Appointments ------------ --- 


	 --- 10/23/2054 --- 
 --- -------- Appointments ------------ --- 


	 --- 10/24/2054 --- 
 --- -------- Appointments ------------ --- 


	 --- 10/25/2054 --- 
 --- -------- Appointments ------------ --- 


	 --- 10/26/2054 --- 
 --- -------- Appointments ------------ --- 


	 --- 10/27/2054 --- 
 --- -------- Appointments ------------ --- 


	 --- 10/28/2054 --- 
 --- -------- Appointments ------------ --- 


	 --- 10/29/2054 --- 
 --- -------- Appointments ------------ --- 


	 --- 10/30/2054 --- 
 --- -------- Appointments ------------ --- 


	 --- 11/1/2054 --- 
 --- -------- Appointments ------------ --- 
	3/31/2017 at 3:30pm ,Birthday Party, This is my birthday party.
 

	 --- 11/2/2054 --- 
 --- -------- Appointments ------------ --- 


	 --- 11/3/2054 --- 
 --- -------- Appointments ------------ --- 


	 --- 11/4/2054 --- 
 --- -------- Appointments ------------ --- 


	 --- 11/5/2054 --- 
 --- -------- Appointments ------------ --- 


	 --- 11/6/2054 --- 
 --- -------- Appointments ------------ --- 


	 --- 11/7/2054 --- 
 --- -------- Appointments ------------ --- 


	 --- 11/8/2054 --- 
 --- -------- Appointments ------------ --- 


	 --- 11/9/2054 --- 
 --- -------- Appointments ------------ --- 


	 --- 11/10/2054 --- 
 --- -------- Appointments ------------ --- 


	 --- 11/11/2054 --- 
 --- -------- Appointments ------------ --- 


	 --- 11/12/2054 --- 
 --- -------- Appointments ------------ --- 


	 --- 11/13/2054 --- 
 --- -------- Appointments ------------ --- 


	 --- 11/14/2054 --- 
 --- -------- Appointments ------------ --- 


	 --- 11/15/2054 --- 
 --- -------- Appointments ------------ --- 


	 --- 11/16/2054 --- 
 --- -------- Appointments ------------ --- 


	 --- 11/17/2054 --- 
 --- -------- Appointments ------------ --- 


	 --- 11/18/2054 --- 
 --- -------- Appointments ------------ --- 


	 --- 11/19/2054 --- 
 --- -------- Appointments ------------ --- 


	 --- 11/20/2054 --- 
 --- -------- Appointments ------------ --- 


	 --- 11/21/2054 --- 
 --- -------- Appointments ------------ --- 


	 --- 11/22/2054 --- 
 --- -------- Appointments ------------ --- 


	 --- 11/23/2054 --- 
 --- -------- Appointments ------------ --- 


	 --- 11/24/2054 --- 
 --- -------- Appointments ------------ --- 


	 --- 11/25/2054 --- 
 --- -------- Appointments ------------ --- 


	 --- 11/26/2054 --- 
 --- -------- Appointments ------------ --- 


	 --- 11/27/2054 --- 
 --- -------- Appointments ------------ --- 


	 --- 11/28/2054 --- 
 --- -------- Appointments ------------ --- 


	 --- 11/29/2054 --- 
 --- -------- Appointments ------------ --- 


	 --- 11/30/2054 --- 
 --- -------- Appointments ------------ --- 


	 --- 11/31/2054 --- 
 --- -------- Appointments ------------ --- 


	 --- 0/1/2055 --- 
 --- -------- Appointments ------------ --- 
	3/31/2017 at 3:30pm ,Birthday Party, This is my birthday party.
 

	 --- 0/2/2055 --- 
 --- -------- Appointments ------------ --- 


	 --- 0/3/2055 --- 
 --- -------- Appointments ------------ --- 


	 --- 0/4/2055 --- 
 --- -------- Appointments ------------ --- 


	 --- 0/5/2055 --- 
 --- -------- Appointments ------------ --- 


	 --- 0/6/2055 --- 
 --- -------- Appointments ------------ --- 


	 --- 0/7/2055 --- 
 --- -------- Appointments ------------ --- 


	 --- 0/8/2055 --- 
 --- -------- Appointments ------------ --- 


	 --- 0/9/2055 --- 
 --- -------- Appointments ------------ --- 


	 --- 0/10/2055 --- 
 --- -------- Appointments ------------ --- 


	 --- 0/11/2055 --- 
 --- -------- Appointments ------------ --- 


	 --- 0/12/2055 --- 
 --- -------- Appointments ------------ --- 


	 --- 0/13/2055 --- 
 --- -------- Appointments ------------ --- 


	 --- 0/14/2055 --- 
 --- -------- Appointments ------------ --- 


	 --- 0/15/2055 --- 
 --- -------- Appointments ------------ --- 


	 --- 0/16/2055 --- 
 --- -------- Appointments ------------ --- 


	 --- 0/17/2055 --- 
 --- -------- Appointments ------------ --- 


	 --- 0/18/2055 --- 
 --- -------- Appointments ------------ --- 


	 --- 0/19/2055 --- 
 --- -------- Appointments ------------ --- 


	 --- 0/20/2055 --- 
 --- -------- Appointments ------------ --- 


	 --- 0/21/2055 --- 
 --- -------- Appointments ------------ --- 


	 --- 0/22/2055 --- 
 --- -------- Appointments ------------ --- 


	 --- 0/23/2055 --- 
 --- -------- Appointments ------------ --- 


	 --- 0/24/2055 --- 
 --- -------- Appointments ------------ --- 


	 --- 0/25/2055 --- 
 --- -------- Appointments ------------ --- 


	 --- 0/26/2055 --- 
 --- -------- Appointments ------------ --- 


	 --- 0/27/2055 --- 
 --- -------- Appointments ------------ --- 


	 --- 0/28/2055 --- 
 --- -------- Appointments ------------ --- 


	 --- 0/29/2055 --- 
 --- -------- Appointments ------------ --- 


	 --- 0/30/2055 --- 
 --- -------- Appointments ------------ --- 


	 --- 0/31/2055 --- 
 --- -------- Appointments ------------ --- 


	 --- 1/1/2055 --- 
 --- -------- Appointments ------------ --- 
	3/31/2017 at 3:30pm ,Birthday Party, This is my birthday party.
 

	 --- 1/2/2055 --- 
 --- -------- Appointments ------------ --- 


	 --- 1/3/2055 --- 
 --- -------- Appointments ------------ --- 


	 --- 1/4/2055 --- 
 --- -------- Appointments ------------ --- 


	 --- 1/5/2055 --- 
 --- -------- Appointments ------------ --- 


	 --- 1/6/2055 --- 
 --- -------- Appointments ------------ --- 


	 --- 1/7/2055 --- 
 --- -------- Appointments ------------ --- 


	 --- 1/8/2055 --- 
 --- -------- Appointments ------------ --- 


	 --- 1/9/2055 --- 
 --- -------- Appointments ------------ --- 


	 --- 1/10/2055 --- 
 --- -------- Appointments ------------ --- 


	 --- 1/11/2055 --- 
 --- -------- Appointments ------------ --- 


	 --- 1/12/2055 --- 
 --- -------- Appointments ------------ --- 


	 --- 1/13/2055 --- 
 --- -------- Appointments ------------ --- 


	 --- 1/14/2055 --- 
 --- -------- Appointments ------------ --- 


	 --- 1/15/2055 --- 
 --- -------- Appointments ------------ --- 


	 --- 1/16/2055 --- 
 --- -------- Appointments ------------ --- 


	 --- 1/17/2055 --- 
 --- -------- Appointments ------------ --- 


	 --- 1/18/2055 --- 
 --- -------- Appointments ------------ --- 


	 --- 1/19/2055 --- 
 --- -------- Appointments ------------ --- 


	 --- 1/20/2055 --- 
 --- -------- Appointments ------------ --- 


	 --- 1/21/2055 --- 
 --- -------- Appointments ------------ --- 


	 --- 1/22/2055 --- 
 --- -------- Appointments ------------ --- 


	 --- 1/23/2055 --- 
 --- -------- Appointments ------------ --- 


	 --- 1/24/2055 --- 
 --- -------- Appointments ------------ --- 


	 --- 1/25/2055 --- 
 --- -------- Appointments ------------ --- 


	 --- 1/26/2055 --- 
 --- -------- Appointments ------------ --- 


	 --- 1/27/2055 --- 
 --- -------- Appointments ------------ --- 


	 --- 1/28/2055 --- 
 --- -------- Appointments ------------ --- 


	 --- 2/1/2055 --- 
 --- -------- Appointments ------------ --- 
	3/31/2017 at 3:30pm ,Birthday Party, This is my birthday party.
 

	 --- 2/2/2055 --- 
 --- -------- Appointments ------------ --- 


	 --- 2/3/2055 --- 
 --- -------- Appointments ------------ --- 


	 --- 2/4/2055 --- 
 --- -------- Appointments ------------ --- 


	 --- 2/5/2055 --- 
 --- -------- Appointments ------------ --- 


	 --- 2/6/2055 --- 
 --- -------- Appointments ------------ --- 


	 --- 2/7/2055 --- 
 --- -------- Appointments ------------ --- 


	 --- 2/8/2055 --- 
 --- -------- Appointments ------------ --- 


	 --- 2/9/2055 --- 
 --- -------- Appointments ------------ --- 


	 --- 2/10/2055 --- 
 --- -------- Appointments ------------ --- 


	 --- 2/11/2055 --- 
 --- -------- Appointments ------------ --- 


	 --- 2/12/2055 --- 
 --- -------- Appointments ------------ --- 


	 --- 2/13/2055 --- 
 --- -------- Appointments ------------ --- 


	 --- 2/14/2055 --- 
 --- -------- Appointments ------------ --- 


	 --- 2/15/2055 --- 
 --- -------- Appointments ------------ --- 


	 --- 2/16/2055 --- 
 --- -------- Appointments ------------ --- 


	 --- 2/17/2055 --- 
 --- -------- Appointments ------------ --- 


	 --- 2/18/2055 --- 
 --- -------- Appointments ------------ --- 


	 --- 2/19/2055 --- 
 --- -------- Appointments ------------ --- 


	 --- 2/20/2055 --- 
 --- -------- Appointments ------------ --- 


	 --- 2/21/2055 --- 
 --- -------- Appointments ------------ --- 


	 --- 2/22/2055 --- 
 --- -------- Appointments ------------ --- 


	 --- 2/23/2055 --- 
 --- -------- Appointments ------------ --- 


	 --- 2/24/2055 --- 
 --- -------- Appointments ------------ --- 


	 --- 2/25/2055 --- 
 --- -------- Appointments ------------ --- 


	 --- 2/26/2055 --- 
 --- -------- Appointments ------------ --- 
	2/26/2018 at 11:30pm ,Birthday Party, This is my birthday party.
 

	 --- 2/27/2055 --- 
 --- -------- Appointments ------------ --- 


	 --- 2/28/2055 --- 
 --- -------- Appointments ------------ --- 


	 --- 2/29/2055 --- 
 --- -------- Appointments ------------ --- 


	 --- 2/30/2055 --- 
 --- -------- Appointments ------------ --- 


	 --- 2/31/2055 --- 
 --- -------- Appointments ------------ --- 


	 --- 3/1/2055 --- 
 --- -------- Appointments ------------ --- 
	3/31/2017 at 3:30pm ,Birthday Party, This is my birthday party.
 

	 --- 3/2/2055 --- 
 --- -------- Appointments ------------ --- 


	 --- 3/3/2055 --- 
 --- -------- Appointments ------------ --- 


	 --- 3/4/2055 --- 
 --- -------- Appointments ------------ --- 


	 --- 3/5/2055 --- 
 --- -------- Appointments ------------ --- 


	 --- 3/6/2055 --- 
 --- -------- Appointments ------------ --- 


	 --- 3/7/2055 --- 
 --- -------- Appointments ------------ --- 


	 --- 3/8/2055 --- 
 --- -------- Appointments ------------ --- 


	 --- 3/9/2055 --- 
 --- -------- Appointments ------------ --- 


	 --- 3/10/2055 --- 
 --- -------- Appointments ------------ --- 


	 --- 3/11/2055 --- 
 --- -------- Appointments ------------ --- 


	 --- 3/12/2055 --- 
 --- -------- Appointments ------------ --- 


	 --- 3/13/2055 --- 
 --- -------- Appointments ------------ --- 


	 --- 3/14/2055 --- 
 --- -------- Appointments ------------ --- 


	 --- 3/15/2055 --- 
 --- -------- Appointments ------------ --- 


	 --- 3/16/2055 --- 
 --- -------- Appointments ------------ --- 


	 --- 3/17/2055 --- 
 --- -------- Appointments ------------ --- 


	 --- 3/18/2055 --- 
 --- -------- Appointments ------------ --- 


	 --- 3/19/2055 --- 
 --- -------- Appointments ------------ --- 


	 --- 3/20/2055 --- 
 --- -------- Appointments ------------ --- 


	 --- 3/21/2055 --- 
 --- -------- Appointments ------------ --- 


	 --- 3/22/2055 --- 
 --- -------- Appointments ------------ --- 


	 --- 3/23/2055 --- 
 --- -------- Appointments ------------ --- 


	 --- 3/24/2055 --- 
 --- -------- Appointments ------------ --- 


	 --- 3/25/2055 --- 
 --- -------- Appointments ------------ --- 


	 --- 3/26/2055 --- 
 --- -------- Appointments ------------ --- 


	 --- 3/27/2055 --- 
 --- -------- Appointments ------------ --- 


	 --- 3/28/2055 --- 
 --- -------- Appointments ------------ --- 


	 --- 3/29/2055 --- 
 --- -------- Appointments ------------ --- 


	 --- 3/30/2055 --- 
 --- -------- Appointments ------------ --- 


	 --- 4/1/2055 --- 
 --- -------- Appointments ------------ --- 
	3/31/2017 at 3:30pm ,Birthday Party, This is my birthday party.
 

	 --- 4/2/2055 --- 
 --- -------- Appointments ------------ --- 


	 --- 4/3/2055 --- 
 --- -------- Appointments ------------ --- 


	 --- 4/4/2055 --- 
 --- -------- Appointments ------------ --- 


	 --- 4/5/2055 --- 
 --- -------- Appointments ------------ --- 


	 --- 4/6/2055 --- 
 --- -------- Appointments ------------ --- 


	 --- 4/7/2055 --- 
 --- -------- Appointments ------------ --- 


	 --- 4/8/2055 --- 
 --- -------- Appointments ------------ --- 


	 --- 4/9/2055 --- 
 --- -------- Appointments ------------ --- 


	 --- 4/10/2055 --- 
 --- -------- Appointments ------------ --- 


	 --- 4/11/2055 --- 
 --- -------- Appointments ------------ --- 


	 --- 4/12/2055 --- 
 --- -------- Appointments ------------ --- 


	 --- 4/13/2055 --- 
 --- -------- Appointments ------------ --- 


	 --- 4/14/2055 --- 
 --- -------- Appointments ------------ --- 


	 --- 4/15/2055 --- 
 --- -------- Appointments ------------ --- 


	 --- 4/16/2055 --- 
 --- -------- Appointments ------------ --- 


	 --- 4/17/2055 --- 
 --- -------- Appointments ------------ --- 


	 --- 4/18/2055 --- 
 --- -------- Appointments ------------ --- 


	 --- 4/19/2055 --- 
 --- -------- Appointments ------------ --- 


	 --- 4/20/2055 --- 
 --- -------- Appointments ------------ --- 


	 --- 4/21/2055 --- 
 --- -------- Appointments ------------ --- 


	 --- 4/22/2055 --- 
 --- -------- Appointments ------------ --- 


	 --- 4/23/2055 --- 
 --- -------- Appointments ------------ --- 


	 --- 4/24/2055 --- 
 --- -------- Appointments ------------ --- 


	 --- 4/25/2055 --- 
 --- -------- Appointments ------------ --- 


	 --- 4/26/2055 --- 
 --- -------- Appointments ------------ --- 


	 --- 4/27/2055 --- 
 --- -------- Appointments ------------ --- 


	 --- 4/28/2055 --- 
 --- -------- Appointments ------------ --- 


	 --- 4/29/2055 --- 
 --- -------- Appointments ------------ --- 


	 --- 4/30/2055 --- 
 --- -------- Appointments ------------ --- 


	 --- 4/31/2055 --- 
 --- -------- Appointments ------------ --- 


	 --- 5/1/2055 --- 
 --- -------- Appointments ------------ --- 
	3/31/2017 at 3:30pm ,Birthday Party, This is my birthday party.
 

	 --- 5/2/2055 --- 
 --- -------- Appointments ------------ --- 


	 --- 5/3/2055 --- 
 --- -------- Appointments ------------ --- 


	 --- 5/4/2055 --- 
 --- -------- Appointments ------------ --- 


	 --- 5/5/2055 --- 
 --- -------- Appointments ------------ --- 


	 --- 5/6/2055 --- 
 --- -------- Appointments ------------ --- 


	 --- 5/7/2055 --- 
 --- -------- Appointments ------------ --- 


	 --- 5/8/2055 --- 
 --- -------- Appointments ------------ --- 


	 --- 5/9/2055 --- 
 --- -------- Appointments ------------ --- 


	 --- 5/10/2055 --- 
 --- -------- Appointments ------------ --- 


	 --- 5/11/2055 --- 
 --- -------- Appointments ------------ --- 


	 --- 5/12/2055 --- 
 --- -------- Appointments ------------ --- 


	 --- 5/13/2055 --- 
 --- -------- Appointments ------------ --- 


	 --- 5/14/2055 --- 
 --- -------- Appointments ------------ --- 


	 --- 5/15/2055 --- 
 --- -------- Appointments ------------ --- 


	 --- 5/16/2055 --- 
 --- -------- Appointments ------------ --- 


	 --- 5/17/2055 --- 
 --- -------- Appointments ------------ --- 


	 --- 5/18/2055 --- 
 --- -------- Appointments ------------ --- 


	 --- 5/19/2055 --- 
 --- -------- Appointments ------------ --- 


	 --- 5/20/2055 --- 
 --- -------- Appointments ------------ --- 


	 --- 5/21/2055 --- 
 --- -------- Appointments ------------ --- 


	 --- 5/22/2055 --- 
 --- -------- Appointments ------------ --- 


	 --- 5/23/2055 --- 
 --- -------- Appointments ------------ --- 


	 --- 5/24/2055 --- 
 --- -------- Appointments ------------ --- 


	 --- 5/25/2055 --- 
 --- -------- Appointments ------------ --- 


	 --- 5/26/2055 --- 
 --- -------- Appointments ------------ --- 


	 --- 5/27/2055 --- 
 --- -------- Appointments ------------ --- 


	 --- 5/28/2055 --- 
 --- -------- Appointments ------------ --- 


	 --- 5/29/2055 --- 
 --- -------- Appointments ------------ --- 


	 --- 5/30/2055 --- 
 --- -------- Appointments ------------ --- 


	 --- 6/1/2055 --- 
 --- -------- Appointments ------------ --- 
	3/31/2017 at 3:30pm ,Birthday Party, This is my birthday party.
 

	 --- 6/2/2055 --- 
 --- -------- Appointments ------------ --- 


	 --- 6/3/2055 --- 
 --- -------- Appointments ------------ --- 


	 --- 6/4/2055 --- 
 --- -------- Appointments ------------ --- 


	 --- 6/5/2055 --- 
 --- -------- Appointments ------------ --- 


	 --- 6/6/2055 --- 
 --- -------- Appointments ------------ --- 


	 --- 6/7/2055 --- 
 --- -------- Appointments ------------ --- 


	 --- 6/8/2055 --- 
 --- -------- Appointments ------------ --- 


	 --- 6/9/2055 --- 
 --- -------- Appointments ------------ --- 


	 --- 6/10/2055 --- 
 --- -------- Appointments ------------ --- 


	 --- 6/11/2055 --- 
 --- -------- Appointments ------------ --- 


	 --- 6/12/2055 --- 
 --- -------- Appointments ------------ --- 


	 --- 6/13/2055 --- 
 --- -------- Appointments ------------ --- 


	 --- 6/14/2055 --- 
 --- -------- Appointments ------------ --- 


	 --- 6/15/2055 --- 
 --- -------- Appointments ------------ --- 


	 --- 6/16/2055 --- 
 --- -------- Appointments ------------ --- 


	 --- 6/17/2055 --- 
 --- -------- Appointments ------------ --- 


	 --- 6/18/2055 --- 
 --- -------- Appointments ------------ --- 


	 --- 6/19/2055 --- 
 --- -------- Appointments ------------ --- 


	 --- 6/20/2055 --- 
 --- -------- Appointments ------------ --- 


	 --- 6/21/2055 --- 
 --- -------- Appointments ------------ --- 


	 --- 6/22/2055 --- 
 --- -------- Appointments ------------ --- 


	 --- 6/23/2055 --- 
 --- -------- Appointments ------------ --- 


	 --- 6/24/2055 --- 
 --- -------- Appointments ------------ --- 


	 --- 6/25/2055 --- 
 --- -------- Appointments ------------ --- 


	 --- 6/26/2055 --- 
 --- -------- Appointments ------------ --- 


	 --- 6/27/2055 --- 
 --- -------- Appointments ------------ --- 


	 --- 6/28/2055 --- 
 --- -------- Appointments ------------ --- 


	 --- 6/29/2055 --- 
 --- -------- Appointments ------------ --- 


	 --- 6/30/2055 --- 
 --- -------- Appointments ------------ --- 


	 --- 6/31/2055 --- 
 --- -------- Appointments ------------ --- 


	 --- 7/1/2055 --- 
 --- -------- Appointments ------------ --- 
	3/31/2017 at 3:30pm ,Birthday Party, This is my birthday party.
 

	 --- 7/2/2055 --- 
 --- -------- Appointments ------------ --- 


	 --- 7/3/2055 --- 
 --- -------- Appointments ------------ --- 


	 --- 7/4/2055 --- 
 --- -------- Appointments ------------ --- 


	 --- 7/5/2055 --- 
 --- -------- Appointments ------------ --- 


	 --- 7/6/2055 --- 
 --- -------- Appointments ------------ --- 


	 --- 7/7/2055 --- 
 --- -------- Appointments ------------ --- 


	 --- 7/8/2055 --- 
 --- -------- Appointments ------------ --- 


	 --- 7/9/2055 --- 
 --- -------- Appointments ------------ --- 


	 --- 7/10/2055 --- 
 --- -------- Appointments ------------ --- 


	 --- 7/11/2055 --- 
 --- -------- Appointments ------------ --- 


	 --- 7/12/2055 --- 
 --- -------- Appointments ------------ --- 


	 --- 7/13/2055 --- 
 --- -------- Appointments ------------ --- 


	 --- 7/14/2055 --- 
 --- -------- Appointments ------------ --- 


	 --- 7/15/2055 --- 
 --- -------- Appointments ------------ --- 


	 --- 7/16/2055 --- 
 --- -------- Appointments ------------ --- 


	 --- 7/17/2055 --- 
 --- -------- Appointments ------------ --- 


	 --- 7/18/2055 --- 
 --- -------- Appointments ------------ --- 


	 --- 7/19/2055 --- 
 --- -------- Appointments ------------ --- 


	 --- 7/20/2055 --- 
 --- -------- Appointments ------------ --- 


	 --- 7/21/2055 --- 
 --- -------- Appointments ------------ --- 


	 --- 7/22/2055 --- 
 --- -------- Appointments ------------ --- 


	 --- 7/23/2055 --- 
 --- -------- Appointments ------------ --- 


	 --- 7/24/2055 --- 
 --- -------- Appointments ------------ --- 


	 --- 7/25/2055 --- 
 --- -------- Appointments ------------ --- 


	 --- 7/26/2055 --- 
 --- -------- Appointments ------------ --- 


	 --- 7/27/2055 --- 
 --- -------- Appointments ------------ --- 


	 --- 7/28/2055 --- 
 --- -------- Appointments ------------ --- 


	 --- 7/29/2055 --- 
 --- -------- Appointments ------------ --- 


	 --- 7/30/2055 --- 
 --- -------- Appointments ------------ --- 


	 --- 7/31/2055 --- 
 --- -------- Appointments ------------ --- 


	 --- 8/1/2055 --- 
 --- -------- Appointments ------------ --- 
	3/31/2017 at 3:30pm ,Birthday Party, This is my birthday party.
 

	 --- 8/2/2055 --- 
 --- -------- Appointments ------------ --- 


	 --- 8/3/2055 --- 
 --- -------- Appointments ------------ --- 


	 --- 8/4/2055 --- 
 --- -------- Appointments ------------ --- 


	 --- 8/5/2055 --- 
 --- -------- Appointments ------------ --- 


	 --- 8/6/2055 --- 
 --- -------- Appointments ------------ --- 


	 --- 8/7/2055 --- 
 --- -------- Appointments ------------ --- 


	 --- 8/8/2055 --- 
 --- -------- Appointments ------------ --- 


	 --- 8/9/2055 --- 
 --- -------- Appointments ------------ --- 


	 --- 8/10/2055 --- 
 --- -------- Appointments ------------ --- 


	 --- 8/11/2055 --- 
 --- -------- Appointments ------------ --- 


	 --- 8/12/2055 --- 
 --- -------- Appointments ------------ --- 


	 --- 8/13/2055 --- 
 --- -------- Appointments ------------ --- 


	 --- 8/14/2055 --- 
 --- -------- Appointments ------------ --- 


	 --- 8/15/2055 --- 
 --- -------- Appointments ------------ --- 


	 --- 8/16/2055 --- 
 --- -------- Appointments ------------ --- 


	 --- 8/17/2055 --- 
 --- -------- Appointments ------------ --- 


	 --- 8/18/2055 --- 
 --- -------- Appointments ------------ --- 


	 --- 8/19/2055 --- 
 --- -------- Appointments ------------ --- 


	 --- 8/20/2055 --- 
 --- -------- Appointments ------------ --- 


	 --- 8/21/2055 --- 
 --- -------- Appointments ------------ --- 


	 --- 8/22/2055 --- 
 --- -------- Appointments ------------ --- 


	 --- 8/23/2055 --- 
 --- -------- Appointments ------------ --- 


	 --- 8/24/2055 --- 
 --- -------- Appointments ------------ --- 


	 --- 8/25/2055 --- 
 --- -------- Appointments ------------ --- 


	 --- 8/26/2055 --- 
 --- -------- Appointments ------------ --- 


	 --- 8/27/2055 --- 
 --- -------- Appointments ------------ --- 


	 --- 8/28/2055 --- 
 --- -------- Appointments ------------ --- 


	 --- 8/29/2055 --- 
 --- -------- Appointments ------------ --- 


	 --- 8/30/2055 --- 
 --- -------- Appointments ------------ --- 


	 --- 9/1/2055 --- 
 --- -------- Appointments ------------ --- 
	3/31/2017 at 3:30pm ,Birthday Party, This is my birthday party.
 

	 --- 9/2/2055 --- 
 --- -------- Appointments ------------ --- 


	 --- 9/3/2055 --- 
 --- -------- Appointments ------------ --- 


	 --- 9/4/2055 --- 
 --- -------- Appointments ------------ --- 


	 --- 9/5/2055 --- 
 --- -------- Appointments ------------ --- 


	 --- 9/6/2055 --- 
 --- -------- Appointments ------------ --- 


	 --- 9/7/2055 --- 
 --- -------- Appointments ------------ --- 


	 --- 9/8/2055 --- 
 --- -------- Appointments ------------ --- 


	 --- 9/9/2055 --- 
 --- -------- Appointments ------------ --- 


	 --- 9/10/2055 --- 
 --- -------- Appointments ------------ --- 


	 --- 9/11/2055 --- 
 --- -------- Appointments ------------ --- 


	 --- 9/12/2055 --- 
 --- -------- Appointments ------------ --- 


	 --- 9/13/2055 --- 
 --- -------- Appointments ------------ --- 


	 --- 9/14/2055 --- 
 --- -------- Appointments ------------ --- 


	 --- 9/15/2055 --- 
 --- -------- Appointments ------------ --- 


	 --- 9/16/2055 --- 
 --- -------- Appointments ------------ --- 


	 --- 9/17/2055 --- 
 --- -------- Appointments ------------ --- 


	 --- 9/18/2055 --- 
 --- -------- Appointments ------------ --- 


	 --- 9/19/2055 --- 
 --- -------- Appointments ------------ --- 


	 --- 9/20/2055 --- 
 --- -------- Appointments ------------ --- 


	 --- 9/21/2055 --- 
 --- -------- Appointments ------------ --- 


	 --- 9/22/2055 --- 
 --- -------- Appointments ------------ --- 


	 --- 9/23/2055 --- 
 --- -------- Appointments ------------ --- 


	 --- 9/24/2055 --- 
 --- -------- Appointments ------------ --- 


	 --- 9/25/2055 --- 
 --- -------- Appointments ------------ --- 


	 --- 9/26/2055 --- 
 --- -------- Appointments ------------ --- 


	 --- 9/27/2055 --- 
 --- -------- Appointments ------------ --- 


	 --- 9/28/2055 --- 
 --- -------- Appointments ------------ --- 


	 --- 9/29/2055 --- 
 --- -------- Appointments ------------ --- 


	 --- 9/30/2055 --- 
 --- -------- Appointments ------------ --- 


	 --- 9/31/2055 --- 
 --- -------- Appointments ------------ --- 


	 --- 10/1/2055 --- 
 --- -------- Appointments ------------ --- 
	3/31/2017 at 3:30pm ,Birthday Party, This is my birthday party.
 

	 --- 10/2/2055 --- 
 --- -------- Appointments ------------ --- 


	 --- 10/3/2055 --- 
 --- -------- Appointments ------------ --- 


	 --- 10/4/2055 --- 
 --- -------- Appointments ------------ --- 


	 --- 10/5/2055 --- 
 --- -------- Appointments ------------ --- 


	 --- 10/6/2055 --- 
 --- -------- Appointments ------------ --- 


	 --- 10/7/2055 --- 
 --- -------- Appointments ------------ --- 


	 --- 10/8/2055 --- 
 --- -------- Appointments ------------ --- 


	 --- 10/9/2055 --- 
 --- -------- Appointments ------------ --- 


	 --- 10/10/2055 --- 
 --- -------- Appointments ------------ --- 


	 --- 10/11/2055 --- 
 --- -------- Appointments ------------ --- 


	 --- 10/12/2055 --- 
 --- -------- Appointments ------------ --- 


	 --- 10/13/2055 --- 
 --- -------- Appointments ------------ --- 


	 --- 10/14/2055 --- 
 --- -------- Appointments ------------ --- 


	 --- 10/15/2055 --- 
 --- -------- Appointments ------------ --- 


	 --- 10/16/2055 --- 
 --- -------- Appointments ------------ --- 


	 --- 10/17/2055 --- 
 --- -------- Appointments ------------ --- 


	 --- 10/18/2055 --- 
 --- -------- Appointments ------------ --- 


	 --- 10/19/2055 --- 
 --- -------- Appointments ------------ --- 


	 --- 10/20/2055 --- 
 --- -------- Appointments ------------ --- 


	 --- 10/21/2055 --- 
 --- -------- Appointments ------------ --- 


	 --- 10/22/2055 --- 
 --- -------- Appointments ------------ --- 


	 --- 10/23/2055 --- 
 --- -------- Appointments ------------ --- 


	 --- 10/24/2055 --- 
 --- -------- Appointments ------------ --- 


	 --- 10/25/2055 --- 
 --- -------- Appointments ------------ --- 


	 --- 10/26/2055 --- 
 --- -------- Appointments ------------ --- 


	 --- 10/27/2055 --- 
 --- -------- Appointments ------------ --- 


	 --- 10/28/2055 --- 
 --- -------- Appointments ------------ --- 


	 --- 10/29/2055 --- 
 --- -------- Appointments ------------ --- 


	 --- 10/30/2055 --- 
 --- -------- Appointments ------------ --- 


	 --- 11/1/2055 --- 
 --- -------- Appointments ------------ --- 
	3/31/2017 at 3:30pm ,Birthday Party, This is my birthday party.
 

	 --- 11/2/2055 --- 
 --- -------- Appointments ------------ --- 


	 --- 11/3/2055 --- 
 --- -------- Appointments ------------ --- 


	 --- 11/4/2055 --- 
 --- -------- Appointments ------------ --- 


	 --- 11/5/2055 --- 
 --- -------- Appointments ------------ --- 


	 --- 11/6/2055 --- 
 --- -------- Appointments ------------ --- 


	 --- 11/7/2055 --- 
 --- -------- Appointments ------------ --- 


	 --- 11/8/2055 --- 
 --- -------- Appointments ------------ --- 


	 --- 11/9/2055 --- 
 --- -------- Appointments ------------ --- 


	 --- 11/10/2055 --- 
 --- -------- Appointments ------------ --- 


	 --- 11/11/2055 --- 
 --- -------- Appointments ------------ --- 


	 --- 11/12/2055 --- 
 --- -------- Appointments ------------ --- 


	 --- 11/13/2055 --- 
 --- -------- Appointments ------------ --- 


	 --- 11/14/2055 --- 
 --- -------- Appointments ------------ --- 


	 --- 11/15/2055 --- 
 --- -------- Appointments ------------ --- 


	 --- 11/16/2055 --- 
 --- -------- Appointments ------------ --- 


	 --- 11/17/2055 --- 
 --- -------- Appointments ------------ --- 


	 --- 11/18/2055 --- 
 --- -------- Appointments ------------ --- 


	 --- 11/19/2055 --- 
 --- -------- Appointments ------------ --- 


	 --- 11/20/2055 --- 
 --- -------- Appointments ------------ --- 


	 --- 11/21/2055 --- 
 --- -------- Appointments ------------ --- 


	 --- 11/22/2055 --- 
 --- -------- Appointments ------------ --- 


	 --- 11/23/2055 --- 
 --- -------- Appointments ------------ --- 


	 --- 11/24/2055 --- 
 --- -------- Appointments ------------ --- 


	 --- 11/25/2055 --- 
 --- -------- Appointments ------------ --- 


	 --- 11/26/2055 --- 
 --- -------- Appointments ------------ --- 


	 --- 11/27/2055 --- 
 --- -------- Appointments ------------ --- 


	 --- 11/28/2055 --- 
 --- -------- Appointments ------------ --- 


	 --- 11/29/2055 --- 
 --- -------- Appointments ------------ --- 


	 --- 11/30/2055 --- 
 --- -------- Appointments ------------ --- 


	 --- 11/31/2055 --- 
 --- -------- Appointments ------------ --- 


	 --- 0/1/2056 --- 
 --- -------- Appointments ------------ --- 
	3/31/2017 at 3:30pm ,Birthday Party, This is my birthday party.
 

	 --- 0/2/2056 --- 
 --- -------- Appointments ------------ --- 


	 --- 0/3/2056 --- 
 --- -------- Appointments ------------ --- 


	 --- 0/4/2056 --- 
 --- -------- Appointments ------------ --- 


	 --- 0/5/2056 --- 
 --- -------- Appointments ------------ --- 


	 --- 0/6/2056 --- 
 --- -------- Appointments ------------ --- 


	 --- 0/7/2056 --- 
 --- -------- Appointments ------------ --- 


	 --- 0/8/2056 --- 
 --- -------- Appointments ------------ --- 


	 --- 0/9/2056 --- 
 --- -------- Appointments ------------ --- 


	 --- 0/10/2056 --- 
 --- -------- Appointments ------------ --- 


	 --- 0/11/2056 --- 
 --- -------- Appointments ------------ --- 


	 --- 0/12/2056 --- 
 --- -------- Appointments ------------ --- 


	 --- 0/13/2056 --- 
 --- -------- Appointments ------------ --- 


	 --- 0/14/2056 --- 
 --- -------- Appointments ------------ --- 


	 --- 0/15/2056 --- 
 --- -------- Appointments ------------ --- 


	 --- 0/16/2056 --- 
 --- -------- Appointments ------------ --- 


	 --- 0/17/2056 --- 
 --- -------- Appointments ------------ --- 


	 --- 0/18/2056 --- 
 --- -------- Appointments ------------ --- 


	 --- 0/19/2056 --- 
 --- -------- Appointments ------------ --- 


	 --- 0/20/2056 --- 
 --- -------- Appointments ------------ --- 


	 --- 0/21/2056 --- 
 --- -------- Appointments ------------ --- 


	 --- 0/22/2056 --- 
 --- -------- Appointments ------------ --- 


	 --- 0/23/2056 --- 
 --- -------- Appointments ------------ --- 


	 --- 0/24/2056 --- 
 --- -------- Appointments ------------ --- 


	 --- 0/25/2056 --- 
 --- -------- Appointments ------------ --- 


	 --- 0/26/2056 --- 
 --- -------- Appointments ------------ --- 


	 --- 0/27/2056 --- 
 --- -------- Appointments ------------ --- 


	 --- 0/28/2056 --- 
 --- -------- Appointments ------------ --- 


	 --- 0/29/2056 --- 
 --- -------- Appointments ------------ --- 


	 --- 0/30/2056 --- 
 --- -------- Appointments ------------ --- 


	 --- 0/31/2056 --- 
 --- -------- Appointments ------------ --- 


	 --- 1/1/2056 --- 
 --- -------- Appointments ------------ --- 
	3/31/2017 at 3:30pm ,Birthday Party, This is my birthday party.
 

	 --- 1/2/2056 --- 
 --- -------- Appointments ------------ --- 


	 --- 1/3/2056 --- 
 --- -------- Appointments ------------ --- 


	 --- 1/4/2056 --- 
 --- -------- Appointments ------------ --- 


	 --- 1/5/2056 --- 
 --- -------- Appointments ------------ --- 


	 --- 1/6/2056 --- 
 --- -------- Appointments ------------ --- 


	 --- 1/7/2056 --- 
 --- -------- Appointments ------------ --- 


	 --- 1/8/2056 --- 
 --- -------- Appointments ------------ --- 


	 --- 1/9/2056 --- 
 --- -------- Appointments ------------ --- 


	 --- 1/10/2056 --- 
 --- -------- Appointments ------------ --- 


	 --- 1/11/2056 --- 
 --- -------- Appointments ------------ --- 


	 --- 1/12/2056 --- 
 --- -------- Appointments ------------ --- 


	 --- 1/13/2056 --- 
 --- -------- Appointments ------------ --- 


	 --- 1/14/2056 --- 
 --- -------- Appointments ------------ --- 


	 --- 1/15/2056 --- 
 --- -------- Appointments ------------ --- 


	 --- 1/16/2056 --- 
 --- -------- Appointments ------------ --- 


	 --- 1/17/2056 --- 
 --- -------- Appointments ------------ --- 


	 --- 1/18/2056 --- 
 --- -------- Appointments ------------ --- 


	 --- 1/19/2056 --- 
 --- -------- Appointments ------------ --- 


	 --- 1/20/2056 --- 
 --- -------- Appointments ------------ --- 


	 --- 1/21/2056 --- 
 --- -------- Appointments ------------ --- 


	 --- 1/22/2056 --- 
 --- -------- Appointments ------------ --- 


	 --- 1/23/2056 --- 
 --- -------- Appointments ------------ --- 


	 --- 1/24/2056 --- 
 --- -------- Appointments ------------ --- 


	 --- 1/25/2056 --- 
 --- -------- Appointments ------------ --- 


	 --- 1/26/2056 --- 
 --- -------- Appointments ------------ --- 


	 --- 1/27/2056 --- 
 --- -------- Appointments ------------ --- 


	 --- 1/28/2056 --- 
 --- -------- Appointments ------------ --- 


	 --- 1/29/2056 --- 
 --- -------- Appointments ------------ --- 


	 --- 2/1/2056 --- 
 --- -------- Appointments ------------ --- 
	3/31/2017 at 3:30pm ,Birthday Party, This is my birthday party.
 

	 --- 2/2/2056 --- 
 --- -------- Appointments ------------ --- 


	 --- 2/3/2056 --- 
 --- -------- Appointments ------------ --- 


	 --- 2/4/2056 --- 
 --- -------- Appointments ------------ --- 


	 --- 2/5/2056 --- 
 --- -------- Appointments ------------ --- 


	 --- 2/6/2056 --- 
 --- -------- Appointments ------------ --- 


	 --- 2/7/2056 --- 
 --- -------- Appointments ------------ --- 


	 --- 2/8/2056 --- 
 --- -------- Appointments ------------ --- 


	 --- 2/9/2056 --- 
 --- -------- Appointments ------------ --- 


	 --- 2/10/2056 --- 
 --- -------- Appointments ------------ --- 


	 --- 2/11/2056 --- 
 --- -------- Appointments ------------ --- 


	 --- 2/12/2056 --- 
 --- -------- Appointments ------------ --- 


	 --- 2/13/2056 --- 
 --- -------- Appointments ------------ --- 


	 --- 2/14/2056 --- 
 --- -------- Appointments ------------ --- 


	 --- 2/15/2056 --- 
 --- -------- Appointments ------------ --- 


	 --- 2/16/2056 --- 
 --- -------- Appointments ------------ --- 


	 --- 2/17/2056 --- 
 --- -------- Appointments ------------ --- 


	 --- 2/18/2056 --- 
 --- -------- Appointments ------------ --- 


	 --- 2/19/2056 --- 
 --- -------- Appointments ------------ --- 


	 --- 2/20/2056 --- 
 --- -------- Appointments ------------ --- 


	 --- 2/21/2056 --- 
 --- -------- Appointments ------------ --- 


	 --- 2/22/2056 --- 
 --- -------- Appointments ------------ --- 


	 --- 2/23/2056 --- 
 --- -------- Appointments ------------ --- 


	 --- 2/24/2056 --- 
 --- -------- Appointments ------------ --- 


	 --- 2/25/2056 --- 
 --- -------- Appointments ------------ --- 


	 --- 2/26/2056 --- 
 --- -------- Appointments ------------ --- 
	2/26/2018 at 11:30pm ,Birthday Party, This is my birthday party.
 

	 --- 2/27/2056 --- 
 --- -------- Appointments ------------ --- 


	 --- 2/28/2056 --- 
 --- -------- Appointments ------------ --- 


	 --- 2/29/2056 --- 
 --- -------- Appointments ------------ --- 


	 --- 2/30/2056 --- 
 --- -------- Appointments ------------ --- 


	 --- 2/31/2056 --- 
 --- -------- Appointments ------------ --- 


	 --- 3/1/2056 --- 
 --- -------- Appointments ------------ --- 
	3/31/2017 at 3:30pm ,Birthday Party, This is my birthday party.
 

	 --- 3/2/2056 --- 
 --- -------- Appointments ------------ --- 


	 --- 3/3/2056 --- 
 --- -------- Appointments ------------ --- 


	 --- 3/4/2056 --- 
 --- -------- Appointments ------------ --- 


	 --- 3/5/2056 --- 
 --- -------- Appointments ------------ --- 


	 --- 3/6/2056 --- 
 --- -------- Appointments ------------ --- 


	 --- 3/7/2056 --- 
 --- -------- Appointments ------------ --- 


	 --- 3/8/2056 --- 
 --- -------- Appointments ------------ --- 


	 --- 3/9/2056 --- 
 --- -------- Appointments ------------ --- 


	 --- 3/10/2056 --- 
 --- -------- Appointments ------------ --- 


	 --- 3/11/2056 --- 
 --- -------- Appointments ------------ --- 


	 --- 3/12/2056 --- 
 --- -------- Appointments ------------ --- 


	 --- 3/13/2056 --- 
 --- -------- Appointments ------------ --- 


	 --- 3/14/2056 --- 
 --- -------- Appointments ------------ --- 


	 --- 3/15/2056 --- 
 --- -------- Appointments ------------ --- 


	 --- 3/16/2056 --- 
 --- -------- Appointments ------------ --- 


	 --- 3/17/2056 --- 
 --- -------- Appointments ------------ --- 


	 --- 3/18/2056 --- 
 --- -------- Appointments ------------ --- 


	 --- 3/19/2056 --- 
 --- -------- Appointments ------------ --- 


	 --- 3/20/2056 --- 
 --- -------- Appointments ------------ --- 


	 --- 3/21/2056 --- 
 --- -------- Appointments ------------ --- 


	 --- 3/22/2056 --- 
 --- -------- Appointments ------------ --- 


	 --- 3/23/2056 --- 
 --- -------- Appointments ------------ --- 


	 --- 3/24/2056 --- 
 --- -------- Appointments ------------ --- 


	 --- 3/25/2056 --- 
 --- -------- Appointments ------------ --- 


	 --- 3/26/2056 --- 
 --- -------- Appointments ------------ --- 


	 --- 3/27/2056 --- 
 --- -------- Appointments ------------ --- 


	 --- 3/28/2056 --- 
 --- -------- Appointments ------------ --- 


	 --- 3/29/2056 --- 
 --- -------- Appointments ------------ --- 


	 --- 3/30/2056 --- 
 --- -------- Appointments ------------ --- 


	 --- 4/1/2056 --- 
 --- -------- Appointments ------------ --- 
	3/31/2017 at 3:30pm ,Birthday Party, This is my birthday party.
 

	 --- 4/2/2056 --- 
 --- -------- Appointments ------------ --- 


	 --- 4/3/2056 --- 
 --- -------- Appointments ------------ --- 


	 --- 4/4/2056 --- 
 --- -------- Appointments ------------ --- 


	 --- 4/5/2056 --- 
 --- -------- Appointments ------------ --- 


	 --- 4/6/2056 --- 
 --- -------- Appointments ------------ --- 


	 --- 4/7/2056 --- 
 --- -------- Appointments ------------ --- 


	 --- 4/8/2056 --- 
 --- -------- Appointments ------------ --- 


	 --- 4/9/2056 --- 
 --- -------- Appointments ------------ --- 


	 --- 4/10/2056 --- 
 --- -------- Appointments ------------ --- 


	 --- 4/11/2056 --- 
 --- -------- Appointments ------------ --- 


	 --- 4/12/2056 --- 
 --- -------- Appointments ------------ --- 


	 --- 4/13/2056 --- 
 --- -------- Appointments ------------ --- 


	 --- 4/14/2056 --- 
 --- -------- Appointments ------------ --- 


	 --- 4/15/2056 --- 
 --- -------- Appointments ------------ --- 


	 --- 4/16/2056 --- 
 --- -------- Appointments ------------ --- 


	 --- 4/17/2056 --- 
 --- -------- Appointments ------------ --- 


	 --- 4/18/2056 --- 
 --- -------- Appointments ------------ --- 


	 --- 4/19/2056 --- 
 --- -------- Appointments ------------ --- 


	 --- 4/20/2056 --- 
 --- -------- Appointments ------------ --- 


	 --- 4/21/2056 --- 
 --- -------- Appointments ------------ --- 


	 --- 4/22/2056 --- 
 --- -------- Appointments ------------ --- 


	 --- 4/23/2056 --- 
 --- -------- Appointments ------------ --- 


	 --- 4/24/2056 --- 
 --- -------- Appointments ------------ --- 


	 --- 4/25/2056 --- 
 --- -------- Appointments ------------ --- 


	 --- 4/26/2056 --- 
 --- -------- Appointments ------------ --- 


	 --- 4/27/2056 --- 
 --- -------- Appointments ------------ --- 


	 --- 4/28/2056 --- 
 --- -------- Appointments ------------ --- 


	 --- 4/29/2056 --- 
 --- -------- Appointments ------------ --- 


	 --- 4/30/2056 --- 
 --- -------- Appointments ------------ --- 


	 --- 4/31/2056 --- 
 --- -------- Appointments ------------ --- 


	 --- 5/1/2056 --- 
 --- -------- Appointments ------------ --- 
	3/31/2017 at 3:30pm ,Birthday Party, This is my birthday party.
 

	 --- 5/2/2056 --- 
 --- -------- Appointments ------------ --- 


	 --- 5/3/2056 --- 
 --- -------- Appointments ------------ --- 


	 --- 5/4/2056 --- 
 --- -------- Appointments ------------ --- 


	 --- 5/5/2056 --- 
 --- -------- Appointments ------------ --- 


	 --- 5/6/2056 --- 
 --- -------- Appointments ------------ --- 


	 --- 5/7/2056 --- 
 --- -------- Appointments ------------ --- 


	 --- 5/8/2056 --- 
 --- -------- Appointments ------------ --- 


	 --- 5/9/2056 --- 
 --- -------- Appointments ------------ --- 


	 --- 5/10/2056 --- 
 --- -------- Appointments ------------ --- 


	 --- 5/11/2056 --- 
 --- -------- Appointments ------------ --- 


	 --- 5/12/2056 --- 
 --- -------- Appointments ------------ --- 


	 --- 5/13/2056 --- 
 --- -------- Appointments ------------ --- 


	 --- 5/14/2056 --- 
 --- -------- Appointments ------------ --- 


	 --- 5/15/2056 --- 
 --- -------- Appointments ------------ --- 


	 --- 5/16/2056 --- 
 --- -------- Appointments ------------ --- 


	 --- 5/17/2056 --- 
 --- -------- Appointments ------------ --- 


	 --- 5/18/2056 --- 
 --- -------- Appointments ------------ --- 


	 --- 5/19/2056 --- 
 --- -------- Appointments ------------ --- 


	 --- 5/20/2056 --- 
 --- -------- Appointments ------------ --- 


	 --- 5/21/2056 --- 
 --- -------- Appointments ------------ --- 


	 --- 5/22/2056 --- 
 --- -------- Appointments ------------ --- 


	 --- 5/23/2056 --- 
 --- -------- Appointments ------------ --- 


	 --- 5/24/2056 --- 
 --- -------- Appointments ------------ --- 


	 --- 5/25/2056 --- 
 --- -------- Appointments ------------ --- 


	 --- 5/26/2056 --- 
 --- -------- Appointments ------------ --- 


	 --- 5/27/2056 --- 
 --- -------- Appointments ------------ --- 


	 --- 5/28/2056 --- 
 --- -------- Appointments ------------ --- 


	 --- 5/29/2056 --- 
 --- -------- Appointments ------------ --- 


	 --- 5/30/2056 --- 
 --- -------- Appointments ------------ --- 


	 --- 6/1/2056 --- 
 --- -------- Appointments ------------ --- 
	3/31/2017 at 3:30pm ,Birthday Party, This is my birthday party.
 

	 --- 6/2/2056 --- 
 --- -------- Appointments ------------ --- 


	 --- 6/3/2056 --- 
 --- -------- Appointments ------------ --- 


	 --- 6/4/2056 --- 
 --- -------- Appointments ------------ --- 


	 --- 6/5/2056 --- 
 --- -------- Appointments ------------ --- 


	 --- 6/6/2056 --- 
 --- -------- Appointments ------------ --- 


	 --- 6/7/2056 --- 
 --- -------- Appointments ------------ --- 


	 --- 6/8/2056 --- 
 --- -------- Appointments ------------ --- 


	 --- 6/9/2056 --- 
 --- -------- Appointments ------------ --- 


	 --- 6/10/2056 --- 
 --- -------- Appointments ------------ --- 


	 --- 6/11/2056 --- 
 --- -------- Appointments ------------ --- 


	 --- 6/12/2056 --- 
 --- -------- Appointments ------------ --- 


	 --- 6/13/2056 --- 
 --- -------- Appointments ------------ --- 


	 --- 6/14/2056 --- 
 --- -------- Appointments ------------ --- 


	 --- 6/15/2056 --- 
 --- -------- Appointments ------------ --- 


	 --- 6/16/2056 --- 
 --- -------- Appointments ------------ --- 


	 --- 6/17/2056 --- 
 --- -------- Appointments ------------ --- 


	 --- 6/18/2056 --- 
 --- -------- Appointments ------------ --- 


	 --- 6/19/2056 --- 
 --- -------- Appointments ------------ --- 


	 --- 6/20/2056 --- 
 --- -------- Appointments ------------ --- 


	 --- 6/21/2056 --- 
 --- -------- Appointments ------------ --- 


	 --- 6/22/2056 --- 
 --- -------- Appointments ------------ --- 


	 --- 6/23/2056 --- 
 --- -------- Appointments ------------ --- 


	 --- 6/24/2056 --- 
 --- -------- Appointments ------------ --- 


	 --- 6/25/2056 --- 
 --- -------- Appointments ------------ --- 


	 --- 6/26/2056 --- 
 --- -------- Appointments ------------ --- 


	 --- 6/27/2056 --- 
 --- -------- Appointments ------------ --- 


	 --- 6/28/2056 --- 
 --- -------- Appointments ------------ --- 


	 --- 6/29/2056 --- 
 --- -------- Appointments ------------ --- 


	 --- 6/30/2056 --- 
 --- -------- Appointments ------------ --- 


	 --- 6/31/2056 --- 
 --- -------- Appointments ------------ --- 


	 --- 7/1/2056 --- 
 --- -------- Appointments ------------ --- 
	3/31/2017 at 3:30pm ,Birthday Party, This is my birthday party.
 

	 --- 7/2/2056 --- 
 --- -------- Appointments ------------ --- 


	 --- 7/3/2056 --- 
 --- -------- Appointments ------------ --- 


	 --- 7/4/2056 --- 
 --- -------- Appointments ------------ --- 


	 --- 7/5/2056 --- 
 --- -------- Appointments ------------ --- 


	 --- 7/6/2056 --- 
 --- -------- Appointments ------------ --- 


	 --- 7/7/2056 --- 
 --- -------- Appointments ------------ --- 


	 --- 7/8/2056 --- 
 --- -------- Appointments ------------ --- 


	 --- 7/9/2056 --- 
 --- -------- Appointments ------------ --- 


	 --- 7/10/2056 --- 
 --- -------- Appointments ------------ --- 


	 --- 7/11/2056 --- 
 --- -------- Appointments ------------ --- 


	 --- 7/12/2056 --- 
 --- -------- Appointments ------------ --- 


	 --- 7/13/2056 --- 
 --- -------- Appointments ------------ --- 


	 --- 7/14/2056 --- 
 --- -------- Appointments ------------ --- 


	 --- 7/15/2056 --- 
 --- -------- Appointments ------------ --- 


	 --- 7/16/2056 --- 
 --- -------- Appointments ------------ --- 


	 --- 7/17/2056 --- 
 --- -------- Appointments ------------ --- 


	 --- 7/18/2056 --- 
 --- -------- Appointments ------------ --- 


	 --- 7/19/2056 --- 
 --- -------- Appointments ------------ --- 


	 --- 7/20/2056 --- 
 --- -------- Appointments ------------ --- 


	 --- 7/21/2056 --- 
 --- -------- Appointments ------------ --- 


	 --- 7/22/2056 --- 
 --- -------- Appointments ------------ --- 


	 --- 7/23/2056 --- 
 --- -------- Appointments ------------ --- 


	 --- 7/24/2056 --- 
 --- -------- Appointments ------------ --- 


	 --- 7/25/2056 --- 
 --- -------- Appointments ------------ --- 


	 --- 7/26/2056 --- 
 --- -------- Appointments ------------ --- 


	 --- 7/27/2056 --- 
 --- -------- Appointments ------------ --- 


	 --- 7/28/2056 --- 
 --- -------- Appointments ------------ --- 


	 --- 7/29/2056 --- 
 --- -------- Appointments ------------ --- 


	 --- 7/30/2056 --- 
 --- -------- Appointments ------------ --- 


	 --- 7/31/2056 --- 
 --- -------- Appointments ------------ --- 


	 --- 8/1/2056 --- 
 --- -------- Appointments ------------ --- 
	3/31/2017 at 3:30pm ,Birthday Party, This is my birthday party.
 

	 --- 8/2/2056 --- 
 --- -------- Appointments ------------ --- 


	 --- 8/3/2056 --- 
 --- -------- Appointments ------------ --- 


	 --- 8/4/2056 --- 
 --- -------- Appointments ------------ --- 


	 --- 8/5/2056 --- 
 --- -------- Appointments ------------ --- 


	 --- 8/6/2056 --- 
 --- -------- Appointments ------------ --- 


	 --- 8/7/2056 --- 
 --- -------- Appointments ------------ --- 


	 --- 8/8/2056 --- 
 --- -------- Appointments ------------ --- 


	 --- 8/9/2056 --- 
 --- -------- Appointments ------------ --- 


	 --- 8/10/2056 --- 
 --- -------- Appointments ------------ --- 


	 --- 8/11/2056 --- 
 --- -------- Appointments ------------ --- 


	 --- 8/12/2056 --- 
 --- -------- Appointments ------------ --- 


	 --- 8/13/2056 --- 
 --- -------- Appointments ------------ --- 


	 --- 8/14/2056 --- 
 --- -------- Appointments ------------ --- 


	 --- 8/15/2056 --- 
 --- -------- Appointments ------------ --- 


	 --- 8/16/2056 --- 
 --- -------- Appointments ------------ --- 


	 --- 8/17/2056 --- 
 --- -------- Appointments ------------ --- 


	 --- 8/18/2056 --- 
 --- -------- Appointments ------------ --- 


	 --- 8/19/2056 --- 
 --- -------- Appointments ------------ --- 


	 --- 8/20/2056 --- 
 --- -------- Appointments ------------ --- 


	 --- 8/21/2056 --- 
 --- -------- Appointments ------------ --- 


	 --- 8/22/2056 --- 
 --- -------- Appointments ------------ --- 


	 --- 8/23/2056 --- 
 --- -------- Appointments ------------ --- 


	 --- 8/24/2056 --- 
 --- -------- Appointments ------------ --- 


	 --- 8/25/2056 --- 
 --- -------- Appointments ------------ --- 


	 --- 8/26/2056 --- 
 --- -------- Appointments ------------ --- 


	 --- 8/27/2056 --- 
 --- -------- Appointments ------------ --- 


	 --- 8/28/2056 --- 
 --- -------- Appointments ------------ --- 


	 --- 8/29/2056 --- 
 --- -------- Appointments ------------ --- 


	 --- 8/30/2056 --- 
 --- -------- Appointments ------------ --- 


	 --- 9/1/2056 --- 
 --- -------- Appointments ------------ --- 
	3/31/2017 at 3:30pm ,Birthday Party, This is my birthday party.
 

	 --- 9/2/2056 --- 
 --- -------- Appointments ------------ --- 


	 --- 9/3/2056 --- 
 --- -------- Appointments ------------ --- 


	 --- 9/4/2056 --- 
 --- -------- Appointments ------------ --- 


	 --- 9/5/2056 --- 
 --- -------- Appointments ------------ --- 


	 --- 9/6/2056 --- 
 --- -------- Appointments ------------ --- 


	 --- 9/7/2056 --- 
 --- -------- Appointments ------------ --- 


	 --- 9/8/2056 --- 
 --- -------- Appointments ------------ --- 


	 --- 9/9/2056 --- 
 --- -------- Appointments ------------ --- 


	 --- 9/10/2056 --- 
 --- -------- Appointments ------------ --- 


	 --- 9/11/2056 --- 
 --- -------- Appointments ------------ --- 


	 --- 9/12/2056 --- 
 --- -------- Appointments ------------ --- 


	 --- 9/13/2056 --- 
 --- -------- Appointments ------------ --- 


	 --- 9/14/2056 --- 
 --- -------- Appointments ------------ --- 


	 --- 9/15/2056 --- 
 --- -------- Appointments ------------ --- 


	 --- 9/16/2056 --- 
 --- -------- Appointments ------------ --- 


	 --- 9/17/2056 --- 
 --- -------- Appointments ------------ --- 


	 --- 9/18/2056 --- 
 --- -------- Appointments ------------ --- 


	 --- 9/19/2056 --- 
 --- -------- Appointments ------------ --- 


	 --- 9/20/2056 --- 
 --- -------- Appointments ------------ --- 


	 --- 9/21/2056 --- 
 --- -------- Appointments ------------ --- 


	 --- 9/22/2056 --- 
 --- -------- Appointments ------------ --- 


	 --- 9/23/2056 --- 
 --- -------- Appointments ------------ --- 


	 --- 9/24/2056 --- 
 --- -------- Appointments ------------ --- 


	 --- 9/25/2056 --- 
 --- -------- Appointments ------------ --- 


	 --- 9/26/2056 --- 
 --- -------- Appointments ------------ --- 


	 --- 9/27/2056 --- 
 --- -------- Appointments ------------ --- 


	 --- 9/28/2056 --- 
 --- -------- Appointments ------------ --- 


	 --- 9/29/2056 --- 
 --- -------- Appointments ------------ --- 


	 --- 9/30/2056 --- 
 --- -------- Appointments ------------ --- 


	 --- 9/31/2056 --- 
 --- -------- Appointments ------------ --- 


	 --- 10/1/2056 --- 
 --- -------- Appointments ------------ --- 
	3/31/2017 at 3:30pm ,Birthday Party, This is my birthday party.
 

	 --- 10/2/2056 --- 
 --- -------- Appointments ------------ --- 


	 --- 10/3/2056 --- 
 --- -------- Appointments ------------ --- 


	 --- 10/4/2056 --- 
 --- -------- Appointments ------------ --- 


	 --- 10/5/2056 --- 
 --- -------- Appointments ------------ --- 


	 --- 10/6/2056 --- 
 --- -------- Appointments ------------ --- 


	 --- 10/7/2056 --- 
 --- -------- Appointments ------------ --- 


	 --- 10/8/2056 --- 
 --- -------- Appointments ------------ --- 


	 --- 10/9/2056 --- 
 --- -------- Appointments ------------ --- 


	 --- 10/10/2056 --- 
 --- -------- Appointments ------------ --- 


	 --- 10/11/2056 --- 
 --- -------- Appointments ------------ --- 


	 --- 10/12/2056 --- 
 --- -------- Appointments ------------ --- 


	 --- 10/13/2056 --- 
 --- -------- Appointments ------------ --- 


	 --- 10/14/2056 --- 
 --- -------- Appointments ------------ --- 


	 --- 10/15/2056 --- 
 --- -------- Appointments ------------ --- 


	 --- 10/16/2056 --- 
 --- -------- Appointments ------------ --- 


	 --- 10/17/2056 --- 
 --- -------- Appointments ------------ --- 


	 --- 10/18/2056 --- 
 --- -------- Appointments ------------ --- 


	 --- 10/19/2056 --- 
 --- -------- Appointments ------------ --- 


	 --- 10/20/2056 --- 
 --- -------- Appointments ------------ --- 


	 --- 10/21/2056 --- 
 --- -------- Appointments ------------ --- 


	 --- 10/22/2056 --- 
 --- -------- Appointments ------------ --- 


	 --- 10/23/2056 --- 
 --- -------- Appointments ------------ --- 


	 --- 10/24/2056 --- 
 --- -------- Appointments ------------ --- 


	 --- 10/25/2056 --- 
 --- -------- Appointments ------------ --- 


	 --- 10/26/2056 --- 
 --- -------- Appointments ------------ --- 


	 --- 10/27/2056 --- 
 --- -------- Appointments ------------ --- 


	 --- 10/28/2056 --- 
 --- -------- Appointments ------------ --- 


	 --- 10/29/2056 --- 
 --- -------- Appointments ------------ --- 


	 --- 10/30/2056 --- 
 --- -------- Appointments ------------ --- 


	 --- 11/1/2056 --- 
 --- -------- Appointments ------------ --- 
	3/31/2017 at 3:30pm ,Birthday Party, This is my birthday party.
 

	 --- 11/2/2056 --- 
 --- -------- Appointments ------------ --- 


	 --- 11/3/2056 --- 
 --- -------- Appointments ------------ --- 


	 --- 11/4/2056 --- 
 --- -------- Appointments ------------ --- 


	 --- 11/5/2056 --- 
 --- -------- Appointments ------------ --- 


	 --- 11/6/2056 --- 
 --- -------- Appointments ------------ --- 


	 --- 11/7/2056 --- 
 --- -------- Appointments ------------ --- 


	 --- 11/8/2056 --- 
 --- -------- Appointments ------------ --- 


	 --- 11/9/2056 --- 
 --- -------- Appointments ------------ --- 


	 --- 11/10/2056 --- 
 --- -------- Appointments ------------ --- 


	 --- 11/11/2056 --- 
 --- -------- Appointments ------------ --- 


	 --- 11/12/2056 --- 
 --- -------- Appointments ------------ --- 


	 --- 11/13/2056 --- 
 --- -------- Appointments ------------ --- 


	 --- 11/14/2056 --- 
 --- -------- Appointments ------------ --- 


	 --- 11/15/2056 --- 
 --- -------- Appointments ------------ --- 


	 --- 11/16/2056 --- 
 --- -------- Appointments ------------ --- 


	 --- 11/17/2056 --- 
 --- -------- Appointments ------------ --- 


	 --- 11/18/2056 --- 
 --- -------- Appointments ------------ --- 


	 --- 11/19/2056 --- 
 --- -------- Appointments ------------ --- 


	 --- 11/20/2056 --- 
 --- -------- Appointments ------------ --- 


	 --- 11/21/2056 --- 
 --- -------- Appointments ------------ --- 


	 --- 11/22/2056 --- 
 --- -------- Appointments ------------ --- 


	 --- 11/23/2056 --- 
 --- -------- Appointments ------------ --- 


	 --- 11/24/2056 --- 
 --- -------- Appointments ------------ --- 


	 --- 11/25/2056 --- 
 --- -------- Appointments ------------ --- 


	 --- 11/26/2056 --- 
 --- -------- Appointments ------------ --- 


	 --- 11/27/2056 --- 
 --- -------- Appointments ------------ --- 


	 --- 11/28/2056 --- 
 --- -------- Appointments ------------ --- 


	 --- 11/29/2056 --- 
 --- -------- Appointments ------------ --- 


	 --- 11/30/2056 --- 
 --- -------- Appointments ------------ --- 


	 --- 11/31/2056 --- 
 --- -------- Appointments ------------ --- 


	 --- 0/1/2057 --- 
 --- -------- Appointments ------------ --- 
	3/31/2017 at 3:30pm ,Birthday Party, This is my birthday party.
 

	 --- 0/2/2057 --- 
 --- -------- Appointments ------------ --- 


	 --- 0/3/2057 --- 
 --- -------- Appointments ------------ --- 


	 --- 0/4/2057 --- 
 --- -------- Appointments ------------ --- 


	 --- 0/5/2057 --- 
 --- -------- Appointments ------------ --- 


	 --- 0/6/2057 --- 
 --- -------- Appointments ------------ --- 


	 --- 0/7/2057 --- 
 --- -------- Appointments ------------ --- 


	 --- 0/8/2057 --- 
 --- -------- Appointments ------------ --- 


	 --- 0/9/2057 --- 
 --- -------- Appointments ------------ --- 


	 --- 0/10/2057 --- 
 --- -------- Appointments ------------ --- 


	 --- 0/11/2057 --- 
 --- -------- Appointments ------------ --- 


	 --- 0/12/2057 --- 
 --- -------- Appointments ------------ --- 


	 --- 0/13/2057 --- 
 --- -------- Appointments ------------ --- 


	 --- 0/14/2057 --- 
 --- -------- Appointments ------------ --- 


	 --- 0/15/2057 --- 
 --- -------- Appointments ------------ --- 


	 --- 0/16/2057 --- 
 --- -------- Appointments ------------ --- 


	 --- 0/17/2057 --- 
 --- -------- Appointments ------------ --- 


	 --- 0/18/2057 --- 
 --- -------- Appointments ------------ --- 


	 --- 0/19/2057 --- 
 --- -------- Appointments ------------ --- 


	 --- 0/20/2057 --- 
 --- -------- Appointments ------------ --- 


	 --- 0/21/2057 --- 
 --- -------- Appointments ------------ --- 


	 --- 0/22/2057 --- 
 --- -------- Appointments ------------ --- 


	 --- 0/23/2057 --- 
 --- -------- Appointments ------------ --- 


	 --- 0/24/2057 --- 
 --- -------- Appointments ------------ --- 


	 --- 0/25/2057 --- 
 --- -------- Appointments ------------ --- 


	 --- 0/26/2057 --- 
 --- -------- Appointments ------------ --- 


	 --- 0/27/2057 --- 
 --- -------- Appointments ------------ --- 


	 --- 0/28/2057 --- 
 --- -------- Appointments ------------ --- 


	 --- 0/29/2057 --- 
 --- -------- Appointments ------------ --- 


	 --- 0/30/2057 --- 
 --- -------- Appointments ------------ --- 


	 --- 0/31/2057 --- 
 --- -------- Appointments ------------ --- 


	 --- 1/1/2057 --- 
 --- -------- Appointments ------------ --- 
	3/31/2017 at 3:30pm ,Birthday Party, This is my birthday party.
 

	 --- 1/2/2057 --- 
 --- -------- Appointments ------------ --- 


	 --- 1/3/2057 --- 
 --- -------- Appointments ------------ --- 


	 --- 1/4/2057 --- 
 --- -------- Appointments ------------ --- 


	 --- 1/5/2057 --- 
 --- -------- Appointments ------------ --- 


	 --- 1/6/2057 --- 
 --- -------- Appointments ------------ --- 


	 --- 1/7/2057 --- 
 --- -------- Appointments ------------ --- 


	 --- 1/8/2057 --- 
 --- -------- Appointments ------------ --- 


	 --- 1/9/2057 --- 
 --- -------- Appointments ------------ --- 


	 --- 1/10/2057 --- 
 --- -------- Appointments ------------ --- 


	 --- 1/11/2057 --- 
 --- -------- Appointments ------------ --- 


	 --- 1/12/2057 --- 
 --- -------- Appointments ------------ --- 


	 --- 1/13/2057 --- 
 --- -------- Appointments ------------ --- 


	 --- 1/14/2057 --- 
 --- -------- Appointments ------------ --- 


	 --- 1/15/2057 --- 
 --- -------- Appointments ------------ --- 


	 --- 1/16/2057 --- 
 --- -------- Appointments ------------ --- 


	 --- 1/17/2057 --- 
 --- -------- Appointments ------------ --- 


	 --- 1/18/2057 --- 
 --- -------- Appointments ------------ --- 


	 --- 1/19/2057 --- 
 --- -------- Appointments ------------ --- 


	 --- 1/20/2057 --- 
 --- -------- Appointments ------------ --- 


	 --- 1/21/2057 --- 
 --- -------- Appointments ------------ --- 


	 --- 1/22/2057 --- 
 --- -------- Appointments ------------ --- 


	 --- 1/23/2057 --- 
 --- -------- Appointments ------------ --- 


	 --- 1/24/2057 --- 
 --- -------- Appointments ------------ --- 


	 --- 1/25/2057 --- 
 --- -------- Appointments ------------ --- 


	 --- 1/26/2057 --- 
 --- -------- Appointments ------------ --- 


	 --- 1/27/2057 --- 
 --- -------- Appointments ------------ --- 


	 --- 1/28/2057 --- 
 --- -------- Appointments ------------ --- 


	 --- 2/1/2057 --- 
 --- -------- Appointments ------------ --- 
	3/31/2017 at 3:30pm ,Birthday Party, This is my birthday party.
 

	 --- 2/2/2057 --- 
 --- -------- Appointments ------------ --- 


	 --- 2/3/2057 --- 
 --- -------- Appointments ------------ --- 


	 --- 2/4/2057 --- 
 --- -------- Appointments ------------ --- 


	 --- 2/5/2057 --- 
 --- -------- Appointments ------------ --- 


	 --- 2/6/2057 --- 
 --- -------- Appointments ------------ --- 


	 --- 2/7/2057 --- 
 --- -------- Appointments ------------ --- 


	 --- 2/8/2057 --- 
 --- -------- Appointments ------------ --- 


	 --- 2/9/2057 --- 
 --- -------- Appointments ------------ --- 


	 --- 2/10/2057 --- 
 --- -------- Appointments ------------ --- 


	 --- 2/11/2057 --- 
 --- -------- Appointments ------------ --- 


	 --- 2/12/2057 --- 
 --- -------- Appointments ------------ --- 


	 --- 2/13/2057 --- 
 --- -------- Appointments ------------ --- 


	 --- 2/14/2057 --- 
 --- -------- Appointments ------------ --- 


	 --- 2/15/2057 --- 
 --- -------- Appointments ------------ --- 


	 --- 2/16/2057 --- 
 --- -------- Appointments ------------ --- 


	 --- 2/17/2057 --- 
 --- -------- Appointments ------------ --- 


	 --- 2/18/2057 --- 
 --- -------- Appointments ------------ --- 


	 --- 2/19/2057 --- 
 --- -------- Appointments ------------ --- 


	 --- 2/20/2057 --- 
 --- -------- Appointments ------------ --- 


	 --- 2/21/2057 --- 
 --- -------- Appointments ------------ --- 


	 --- 2/22/2057 --- 
 --- -------- Appointments ------------ --- 


	 --- 2/23/2057 --- 
 --- -------- Appointments ------------ --- 


	 --- 2/24/2057 --- 
 --- -------- Appointments ------------ --- 


	 --- 2/25/2057 --- 
 --- -------- Appointments ------------ --- 


	 --- 2/26/2057 --- 
 --- -------- Appointments ------------ --- 
	2/26/2018 at 11:30pm ,Birthday Party, This is my birthday party.
 

	 --- 2/27/2057 --- 
 --- -------- Appointments ------------ --- 


	 --- 2/28/2057 --- 
 --- -------- Appointments ------------ --- 


	 --- 2/29/2057 --- 
 --- -------- Appointments ------------ --- 


	 --- 2/30/2057 --- 
 --- -------- Appointments ------------ --- 


	 --- 2/31/2057 --- 
 --- -------- Appointments ------------ --- 


	 --- 3/1/2057 --- 
 --- -------- Appointments ------------ --- 
	3/31/2017 at 3:30pm ,Birthday Party, This is my birthday party.
 

	 --- 3/2/2057 --- 
 --- -------- Appointments ------------ --- 


	 --- 3/3/2057 --- 
 --- -------- Appointments ------------ --- 


	 --- 3/4/2057 --- 
 --- -------- Appointments ------------ --- 


	 --- 3/5/2057 --- 
 --- -------- Appointments ------------ --- 


	 --- 3/6/2057 --- 
 --- -------- Appointments ------------ --- 


	 --- 3/7/2057 --- 
 --- -------- Appointments ------------ --- 


	 --- 3/8/2057 --- 
 --- -------- Appointments ------------ --- 


	 --- 3/9/2057 --- 
 --- -------- Appointments ------------ --- 


	 --- 3/10/2057 --- 
 --- -------- Appointments ------------ --- 


	 --- 3/11/2057 --- 
 --- -------- Appointments ------------ --- 


	 --- 3/12/2057 --- 
 --- -------- Appointments ------------ --- 


	 --- 3/13/2057 --- 
 --- -------- Appointments ------------ --- 


	 --- 3/14/2057 --- 
 --- -------- Appointments ------------ --- 


	 --- 3/15/2057 --- 
 --- -------- Appointments ------------ --- 


	 --- 3/16/2057 --- 
 --- -------- Appointments ------------ --- 


	 --- 3/17/2057 --- 
 --- -------- Appointments ------------ --- 


	 --- 3/18/2057 --- 
 --- -------- Appointments ------------ --- 


	 --- 3/19/2057 --- 
 --- -------- Appointments ------------ --- 


	 --- 3/20/2057 --- 
 --- -------- Appointments ------------ --- 


	 --- 3/21/2057 --- 
 --- -------- Appointments ------------ --- 


	 --- 3/22/2057 --- 
 --- -------- Appointments ------------ --- 


	 --- 3/23/2057 --- 
 --- -------- Appointments ------------ --- 


	 --- 3/24/2057 --- 
 --- -------- Appointments ------------ --- 


	 --- 3/25/2057 --- 
 --- -------- Appointments ------------ --- 


	 --- 3/26/2057 --- 
 --- -------- Appointments ------------ --- 


	 --- 3/27/2057 --- 
 --- -------- Appointments ------------ --- 


	 --- 3/28/2057 --- 
 --- -------- Appointments ------------ --- 


	 --- 3/29/2057 --- 
 --- -------- Appointments ------------ --- 


	 --- 3/30/2057 --- 
 --- -------- Appointments ------------ --- 


	 --- 4/1/2057 --- 
 --- -------- Appointments ------------ --- 
	3/31/2017 at 3:30pm ,Birthday Party, This is my birthday party.
 

	 --- 4/2/2057 --- 
 --- -------- Appointments ------------ --- 


	 --- 4/3/2057 --- 
 --- -------- Appointments ------------ --- 


	 --- 4/4/2057 --- 
 --- -------- Appointments ------------ --- 


	 --- 4/5/2057 --- 
 --- -------- Appointments ------------ --- 


	 --- 4/6/2057 --- 
 --- -------- Appointments ------------ --- 


	 --- 4/7/2057 --- 
 --- -------- Appointments ------------ --- 


	 --- 4/8/2057 --- 
 --- -------- Appointments ------------ --- 


	 --- 4/9/2057 --- 
 --- -------- Appointments ------------ --- 


	 --- 4/10/2057 --- 
 --- -------- Appointments ------------ --- 


	 --- 4/11/2057 --- 
 --- -------- Appointments ------------ --- 


	 --- 4/12/2057 --- 
 --- -------- Appointments ------------ --- 


	 --- 4/13/2057 --- 
 --- -------- Appointments ------------ --- 


	 --- 4/14/2057 --- 
 --- -------- Appointments ------------ --- 


	 --- 4/15/2057 --- 
 --- -------- Appointments ------------ --- 


	 --- 4/16/2057 --- 
 --- -------- Appointments ------------ --- 


	 --- 4/17/2057 --- 
 --- -------- Appointments ------------ --- 


	 --- 4/18/2057 --- 
 --- -------- Appointments ------------ --- 


	 --- 4/19/2057 --- 
 --- -------- Appointments ------------ --- 


	 --- 4/20/2057 --- 
 --- -------- Appointments ------------ --- 


	 --- 4/21/2057 --- 
 --- -------- Appointments ------------ --- 


	 --- 4/22/2057 --- 
 --- -------- Appointments ------------ --- 


	 --- 4/23/2057 --- 
 --- -------- Appointments ------------ --- 


	 --- 4/24/2057 --- 
 --- -------- Appointments ------------ --- 


	 --- 4/25/2057 --- 
 --- -------- Appointments ------------ --- 


	 --- 4/26/2057 --- 
 --- -------- Appointments ------------ --- 


	 --- 4/27/2057 --- 
 --- -------- Appointments ------------ --- 


	 --- 4/28/2057 --- 
 --- -------- Appointments ------------ --- 


	 --- 4/29/2057 --- 
 --- -------- Appointments ------------ --- 


	 --- 4/30/2057 --- 
 --- -------- Appointments ------------ --- 


	 --- 4/31/2057 --- 
 --- -------- Appointments ------------ --- 


	 --- 5/1/2057 --- 
 --- -------- Appointments ------------ --- 
	3/31/2017 at 3:30pm ,Birthday Party, This is my birthday party.
 

	 --- 5/2/2057 --- 
 --- -------- Appointments ------------ --- 


	 --- 5/3/2057 --- 
 --- -------- Appointments ------------ --- 


	 --- 5/4/2057 --- 
 --- -------- Appointments ------------ --- 


	 --- 5/5/2057 --- 
 --- -------- Appointments ------------ --- 


	 --- 5/6/2057 --- 
 --- -------- Appointments ------------ --- 


	 --- 5/7/2057 --- 
 --- -------- Appointments ------------ --- 


	 --- 5/8/2057 --- 
 --- -------- Appointments ------------ --- 


	 --- 5/9/2057 --- 
 --- -------- Appointments ------------ --- 


	 --- 5/10/2057 --- 
 --- -------- Appointments ------------ --- 


	 --- 5/11/2057 --- 
 --- -------- Appointments ------------ --- 


	 --- 5/12/2057 --- 
 --- -------- Appointments ------------ --- 


	 --- 5/13/2057 --- 
 --- -------- Appointments ------------ --- 


	 --- 5/14/2057 --- 
 --- -------- Appointments ------------ --- 


	 --- 5/15/2057 --- 
 --- -------- Appointments ------------ --- 


	 --- 5/16/2057 --- 
 --- -------- Appointments ------------ --- 


	 --- 5/17/2057 --- 
 --- -------- Appointments ------------ --- 


	 --- 5/18/2057 --- 
 --- -------- Appointments ------------ --- 


	 --- 5/19/2057 --- 
 --- -------- Appointments ------------ --- 


	 --- 5/20/2057 --- 
 --- -------- Appointments ------------ --- 


	 --- 5/21/2057 --- 
 --- -------- Appointments ------------ --- 


	 --- 5/22/2057 --- 
 --- -------- Appointments ------------ --- 


	 --- 5/23/2057 --- 
 --- -------- Appointments ------------ --- 


	 --- 5/24/2057 --- 
 --- -------- Appointments ------------ --- 


	 --- 5/25/2057 --- 
 --- -------- Appointments ------------ --- 


	 --- 5/26/2057 --- 
 --- -------- Appointments ------------ --- 


	 --- 5/27/2057 --- 
 --- -------- Appointments ------------ --- 


	 --- 5/28/2057 --- 
 --- -------- Appointments ------------ --- 


	 --- 5/29/2057 --- 
 --- -------- Appointments ------------ --- 


	 --- 5/30/2057 --- 
 --- -------- Appointments ------------ --- 


	 --- 6/1/2057 --- 
 --- -------- Appointments ------------ --- 
	3/31/2017 at 3:30pm ,Birthday Party, This is my birthday party.
 

	 --- 6/2/2057 --- 
 --- -------- Appointments ------------ --- 


	 --- 6/3/2057 --- 
 --- -------- Appointments ------------ --- 


	 --- 6/4/2057 --- 
 --- -------- Appointments ------------ --- 


	 --- 6/5/2057 --- 
 --- -------- Appointments ------------ --- 


	 --- 6/6/2057 --- 
 --- -------- Appointments ------------ --- 


	 --- 6/7/2057 --- 
 --- -------- Appointments ------------ --- 


	 --- 6/8/2057 --- 
 --- -------- Appointments ------------ --- 


	 --- 6/9/2057 --- 
 --- -------- Appointments ------------ --- 


	 --- 6/10/2057 --- 
 --- -------- Appointments ------------ --- 


	 --- 6/11/2057 --- 
 --- -------- Appointments ------------ --- 


	 --- 6/12/2057 --- 
 --- -------- Appointments ------------ --- 


	 --- 6/13/2057 --- 
 --- -------- Appointments ------------ --- 


	 --- 6/14/2057 --- 
 --- -------- Appointments ------------ --- 


	 --- 6/15/2057 --- 
 --- -------- Appointments ------------ --- 


	 --- 6/16/2057 --- 
 --- -------- Appointments ------------ --- 


	 --- 6/17/2057 --- 
 --- -------- Appointments ------------ --- 


	 --- 6/18/2057 --- 
 --- -------- Appointments ------------ --- 


	 --- 6/19/2057 --- 
 --- -------- Appointments ------------ --- 


	 --- 6/20/2057 --- 
 --- -------- Appointments ------------ --- 


	 --- 6/21/2057 --- 
 --- -------- Appointments ------------ --- 


	 --- 6/22/2057 --- 
 --- -------- Appointments ------------ --- 


	 --- 6/23/2057 --- 
 --- -------- Appointments ------------ --- 


	 --- 6/24/2057 --- 
 --- -------- Appointments ------------ --- 


	 --- 6/25/2057 --- 
 --- -------- Appointments ------------ --- 


	 --- 6/26/2057 --- 
 --- -------- Appointments ------------ --- 


	 --- 6/27/2057 --- 
 --- -------- Appointments ------------ --- 


	 --- 6/28/2057 --- 
 --- -------- Appointments ------------ --- 


	 --- 6/29/2057 --- 
 --- -------- Appointments ------------ --- 


	 --- 6/30/2057 --- 
 --- -------- Appointments ------------ --- 


	 --- 6/31/2057 --- 
 --- -------- Appointments ------------ --- 


	 --- 7/1/2057 --- 
 --- -------- Appointments ------------ --- 
	3/31/2017 at 3:30pm ,Birthday Party, This is my birthday party.
 

	 --- 7/2/2057 --- 
 --- -------- Appointments ------------ --- 


	 --- 7/3/2057 --- 
 --- -------- Appointments ------------ --- 


	 --- 7/4/2057 --- 
 --- -------- Appointments ------------ --- 


	 --- 7/5/2057 --- 
 --- -------- Appointments ------------ --- 


	 --- 7/6/2057 --- 
 --- -------- Appointments ------------ --- 


	 --- 7/7/2057 --- 
 --- -------- Appointments ------------ --- 


	 --- 7/8/2057 --- 
 --- -------- Appointments ------------ --- 


	 --- 7/9/2057 --- 
 --- -------- Appointments ------------ --- 


	 --- 7/10/2057 --- 
 --- -------- Appointments ------------ --- 


	 --- 7/11/2057 --- 
 --- -------- Appointments ------------ --- 


	 --- 7/12/2057 --- 
 --- -------- Appointments ------------ --- 


	 --- 7/13/2057 --- 
 --- -------- Appointments ------------ --- 


	 --- 7/14/2057 --- 
 --- -------- Appointments ------------ --- 


	 --- 7/15/2057 --- 
 --- -------- Appointments ------------ --- 


	 --- 7/16/2057 --- 
 --- -------- Appointments ------------ --- 


	 --- 7/17/2057 --- 
 --- -------- Appointments ------------ --- 


	 --- 7/18/2057 --- 
 --- -------- Appointments ------------ --- 


	 --- 7/19/2057 --- 
 --- -------- Appointments ------------ --- 


	 --- 7/20/2057 --- 
 --- -------- Appointments ------------ --- 


	 --- 7/21/2057 --- 
 --- -------- Appointments ------------ --- 


	 --- 7/22/2057 --- 
 --- -------- Appointments ------------ --- 


	 --- 7/23/2057 --- 
 --- -------- Appointments ------------ --- 


	 --- 7/24/2057 --- 
 --- -------- Appointments ------------ --- 


	 --- 7/25/2057 --- 
 --- -------- Appointments ------------ --- 


	 --- 7/26/2057 --- 
 --- -------- Appointments ------------ --- 


	 --- 7/27/2057 --- 
 --- -------- Appointments ------------ --- 


	 --- 7/28/2057 --- 
 --- -------- Appointments ------------ --- 


	 --- 7/29/2057 --- 
 --- -------- Appointments ------------ --- 


	 --- 7/30/2057 --- 
 --- -------- Appointments ------------ --- 


	 --- 7/31/2057 --- 
 --- -------- Appointments ------------ --- 


	 --- 8/1/2057 --- 
 --- -------- Appointments ------------ --- 
	3/31/2017 at 3:30pm ,Birthday Party, This is my birthday party.
 

	 --- 8/2/2057 --- 
 --- -------- Appointments ------------ --- 


	 --- 8/3/2057 --- 
 --- -------- Appointments ------------ --- 


	 --- 8/4/2057 --- 
 --- -------- Appointments ------------ --- 


	 --- 8/5/2057 --- 
 --- -------- Appointments ------------ --- 


	 --- 8/6/2057 --- 
 --- -------- Appointments ------------ --- 


	 --- 8/7/2057 --- 
 --- -------- Appointments ------------ --- 


	 --- 8/8/2057 --- 
 --- -------- Appointments ------------ --- 


	 --- 8/9/2057 --- 
 --- -------- Appointments ------------ --- 


	 --- 8/10/2057 --- 
 --- -------- Appointments ------------ --- 


	 --- 8/11/2057 --- 
 --- -------- Appointments ------------ --- 


	 --- 8/12/2057 --- 
 --- -------- Appointments ------------ --- 


	 --- 8/13/2057 --- 
 --- -------- Appointments ------------ --- 


	 --- 8/14/2057 --- 
 --- -------- Appointments ------------ --- 


	 --- 8/15/2057 --- 
 --- -------- Appointments ------------ --- 


	 --- 8/16/2057 --- 
 --- -------- Appointments ------------ --- 


	 --- 8/17/2057 --- 
 --- -------- Appointments ------------ --- 


	 --- 8/18/2057 --- 
 --- -------- Appointments ------------ --- 


	 --- 8/19/2057 --- 
 --- -------- Appointments ------------ --- 


	 --- 8/20/2057 --- 
 --- -------- Appointments ------------ --- 


	 --- 8/21/2057 --- 
 --- -------- Appointments ------------ --- 


	 --- 8/22/2057 --- 
 --- -------- Appointments ------------ --- 


	 --- 8/23/2057 --- 
 --- -------- Appointments ------------ --- 


	 --- 8/24/2057 --- 
 --- -------- Appointments ------------ --- 


	 --- 8/25/2057 --- 
 --- -------- Appointments ------------ --- 


	 --- 8/26/2057 --- 
 --- -------- Appointments ------------ --- 


	 --- 8/27/2057 --- 
 --- -------- Appointments ------------ --- 


	 --- 8/28/2057 --- 
 --- -------- Appointments ------------ --- 


	 --- 8/29/2057 --- 
 --- -------- Appointments ------------ --- 


	 --- 8/30/2057 --- 
 --- -------- Appointments ------------ --- 


	 --- 9/1/2057 --- 
 --- -------- Appointments ------------ --- 
	3/31/2017 at 3:30pm ,Birthday Party, This is my birthday party.
 

	 --- 9/2/2057 --- 
 --- -------- Appointments ------------ --- 


	 --- 9/3/2057 --- 
 --- -------- Appointments ------------ --- 


	 --- 9/4/2057 --- 
 --- -------- Appointments ------------ --- 


	 --- 9/5/2057 --- 
 --- -------- Appointments ------------ --- 


	 --- 9/6/2057 --- 
 --- -------- Appointments ------------ --- 


	 --- 9/7/2057 --- 
 --- -------- Appointments ------------ --- 


	 --- 9/8/2057 --- 
 --- -------- Appointments ------------ --- 


	 --- 9/9/2057 --- 
 --- -------- Appointments ------------ --- 


	 --- 9/10/2057 --- 
 --- -------- Appointments ------------ --- 


	 --- 9/11/2057 --- 
 --- -------- Appointments ------------ --- 


	 --- 9/12/2057 --- 
 --- -------- Appointments ------------ --- 


	 --- 9/13/2057 --- 
 --- -------- Appointments ------------ --- 


	 --- 9/14/2057 --- 
 --- -------- Appointments ------------ --- 


	 --- 9/15/2057 --- 
 --- -------- Appointments ------------ --- 


	 --- 9/16/2057 --- 
 --- -------- Appointments ------------ --- 


	 --- 9/17/2057 --- 
 --- -------- Appointments ------------ --- 


	 --- 9/18/2057 --- 
 --- -------- Appointments ------------ --- 


	 --- 9/19/2057 --- 
 --- -------- Appointments ------------ --- 


	 --- 9/20/2057 --- 
 --- -------- Appointments ------------ --- 


	 --- 9/21/2057 --- 
 --- -------- Appointments ------------ --- 


	 --- 9/22/2057 --- 
 --- -------- Appointments ------------ --- 


	 --- 9/23/2057 --- 
 --- -------- Appointments ------------ --- 


	 --- 9/24/2057 --- 
 --- -------- Appointments ------------ --- 


	 --- 9/25/2057 --- 
 --- -------- Appointments ------------ --- 


	 --- 9/26/2057 --- 
 --- -------- Appointments ------------ --- 


	 --- 9/27/2057 --- 
 --- -------- Appointments ------------ --- 


	 --- 9/28/2057 --- 
 --- -------- Appointments ------------ --- 


	 --- 9/29/2057 --- 
 --- -------- Appointments ------------ --- 


	 --- 9/30/2057 --- 
 --- -------- Appointments ------------ --- 


	 --- 9/31/2057 --- 
 --- -------- Appointments ------------ --- 


	 --- 10/1/2057 --- 
 --- -------- Appointments ------------ --- 
	3/31/2017 at 3:30pm ,Birthday Party, This is my birthday party.
 

	 --- 10/2/2057 --- 
 --- -------- Appointments ------------ --- 


	 --- 10/3/2057 --- 
 --- -------- Appointments ------------ --- 


	 --- 10/4/2057 --- 
 --- -------- Appointments ------------ --- 


	 --- 10/5/2057 --- 
 --- -------- Appointments ------------ --- 


	 --- 10/6/2057 --- 
 --- -------- Appointments ------------ --- 


	 --- 10/7/2057 --- 
 --- -------- Appointments ------------ --- 


	 --- 10/8/2057 --- 
 --- -------- Appointments ------------ --- 


	 --- 10/9/2057 --- 
 --- -------- Appointments ------------ --- 


	 --- 10/10/2057 --- 
 --- -------- Appointments ------------ --- 


	 --- 10/11/2057 --- 
 --- -------- Appointments ------------ --- 


	 --- 10/12/2057 --- 
 --- -------- Appointments ------------ --- 


	 --- 10/13/2057 --- 
 --- -------- Appointments ------------ --- 


	 --- 10/14/2057 --- 
 --- -------- Appointments ------------ --- 


	 --- 10/15/2057 --- 
 --- -------- Appointments ------------ --- 


	 --- 10/16/2057 --- 
 --- -------- Appointments ------------ --- 


	 --- 10/17/2057 --- 
 --- -------- Appointments ------------ --- 


	 --- 10/18/2057 --- 
 --- -------- Appointments ------------ --- 


	 --- 10/19/2057 --- 
 --- -------- Appointments ------------ --- 


	 --- 10/20/2057 --- 
 --- -------- Appointments ------------ --- 


	 --- 10/21/2057 --- 
 --- -------- Appointments ------------ --- 


	 --- 10/22/2057 --- 
 --- -------- Appointments ------------ --- 


	 --- 10/23/2057 --- 
 --- -------- Appointments ------------ --- 


	 --- 10/24/2057 --- 
 --- -------- Appointments ------------ --- 


	 --- 10/25/2057 --- 
 --- -------- Appointments ------------ --- 


	 --- 10/26/2057 --- 
 --- -------- Appointments ------------ --- 


	 --- 10/27/2057 --- 
 --- -------- Appointments ------------ --- 


	 --- 10/28/2057 --- 
 --- -------- Appointments ------------ --- 


	 --- 10/29/2057 --- 
 --- -------- Appointments ------------ --- 


	 --- 10/30/2057 --- 
 --- -------- Appointments ------------ --- 


	 --- 11/1/2057 --- 
 --- -------- Appointments ------------ --- 
	3/31/2017 at 3:30pm ,Birthday Party, This is my birthday party.
 

	 --- 11/2/2057 --- 
 --- -------- Appointments ------------ --- 


	 --- 11/3/2057 --- 
 --- -------- Appointments ------------ --- 


	 --- 11/4/2057 --- 
 --- -------- Appointments ------------ --- 


	 --- 11/5/2057 --- 
 --- -------- Appointments ------------ --- 


	 --- 11/6/2057 --- 
 --- -------- Appointments ------------ --- 


	 --- 11/7/2057 --- 
 --- -------- Appointments ------------ --- 


	 --- 11/8/2057 --- 
 --- -------- Appointments ------------ --- 


	 --- 11/9/2057 --- 
 --- -------- Appointments ------------ --- 


	 --- 11/10/2057 --- 
 --- -------- Appointments ------------ --- 


	 --- 11/11/2057 --- 
 --- -------- Appointments ------------ --- 


	 --- 11/12/2057 --- 
 --- -------- Appointments ------------ --- 


	 --- 11/13/2057 --- 
 --- -------- Appointments ------------ --- 


	 --- 11/14/2057 --- 
 --- -------- Appointments ------------ --- 


	 --- 11/15/2057 --- 
 --- -------- Appointments ------------ --- 


	 --- 11/16/2057 --- 
 --- -------- Appointments ------------ --- 


	 --- 11/17/2057 --- 
 --- -------- Appointments ------------ --- 


	 --- 11/18/2057 --- 
 --- -------- Appointments ------------ --- 


	 --- 11/19/2057 --- 
 --- -------- Appointments ------------ --- 


	 --- 11/20/2057 --- 
 --- -------- Appointments ------------ --- 


	 --- 11/21/2057 --- 
 --- -------- Appointments ------------ --- 


	 --- 11/22/2057 --- 
 --- -------- Appointments ------------ --- 


	 --- 11/23/2057 --- 
 --- -------- Appointments ------------ --- 


	 --- 11/24/2057 --- 
 --- -------- Appointments ------------ --- 


	 --- 11/25/2057 --- 
 --- -------- Appointments ------------ --- 


	 --- 11/26/2057 --- 
 --- -------- Appointments ------------ --- 


	 --- 11/27/2057 --- 
 --- -------- Appointments ------------ --- 


	 --- 11/28/2057 --- 
 --- -------- Appointments ------------ --- 


	 --- 11/29/2057 --- 
 --- -------- Appointments ------------ --- 


	 --- 11/30/2057 --- 
 --- -------- Appointments ------------ --- 


	 --- 11/31/2057 --- 
 --- -------- Appointments ------------ --- 


	 --- 0/1/2058 --- 
 --- -------- Appointments ------------ --- 
	3/31/2017 at 3:30pm ,Birthday Party, This is my birthday party.
 

	 --- 0/2/2058 --- 
 --- -------- Appointments ------------ --- 


	 --- 0/3/2058 --- 
 --- -------- Appointments ------------ --- 


	 --- 0/4/2058 --- 
 --- -------- Appointments ------------ --- 


	 --- 0/5/2058 --- 
 --- -------- Appointments ------------ --- 


	 --- 0/6/2058 --- 
 --- -------- Appointments ------------ --- 


	 --- 0/7/2058 --- 
 --- -------- Appointments ------------ --- 


	 --- 0/8/2058 --- 
 --- -------- Appointments ------------ --- 


	 --- 0/9/2058 --- 
 --- -------- Appointments ------------ --- 


	 --- 0/10/2058 --- 
 --- -------- Appointments ------------ --- 


	 --- 0/11/2058 --- 
 --- -------- Appointments ------------ --- 


	 --- 0/12/2058 --- 
 --- -------- Appointments ------------ --- 


	 --- 0/13/2058 --- 
 --- -------- Appointments ------------ --- 


	 --- 0/14/2058 --- 
 --- -------- Appointments ------------ --- 


	 --- 0/15/2058 --- 
 --- -------- Appointments ------------ --- 


	 --- 0/16/2058 --- 
 --- -------- Appointments ------------ --- 


	 --- 0/17/2058 --- 
 --- -------- Appointments ------------ --- 


	 --- 0/18/2058 --- 
 --- -------- Appointments ------------ --- 


	 --- 0/19/2058 --- 
 --- -------- Appointments ------------ --- 


	 --- 0/20/2058 --- 
 --- -------- Appointments ------------ --- 


	 --- 0/21/2058 --- 
 --- -------- Appointments ------------ --- 


	 --- 0/22/2058 --- 
 --- -------- Appointments ------------ --- 


	 --- 0/23/2058 --- 
 --- -------- Appointments ------------ --- 


	 --- 0/24/2058 --- 
 --- -------- Appointments ------------ --- 


	 --- 0/25/2058 --- 
 --- -------- Appointments ------------ --- 


	 --- 0/26/2058 --- 
 --- -------- Appointments ------------ --- 


	 --- 0/27/2058 --- 
 --- -------- Appointments ------------ --- 


	 --- 0/28/2058 --- 
 --- -------- Appointments ------------ --- 


	 --- 0/29/2058 --- 
 --- -------- Appointments ------------ --- 


	 --- 0/30/2058 --- 
 --- -------- Appointments ------------ --- 


	 --- 0/31/2058 --- 
 --- -------- Appointments ------------ --- 


	 --- 1/1/2058 --- 
 --- -------- Appointments ------------ --- 
	3/31/2017 at 3:30pm ,Birthday Party, This is my birthday party.
 

	 --- 1/2/2058 --- 
 --- -------- Appointments ------------ --- 


	 --- 1/3/2058 --- 
 --- -------- Appointments ------------ --- 


	 --- 1/4/2058 --- 
 --- -------- Appointments ------------ --- 


	 --- 1/5/2058 --- 
 --- -------- Appointments ------------ --- 


	 --- 1/6/2058 --- 
 --- -------- Appointments ------------ --- 


	 --- 1/7/2058 --- 
 --- -------- Appointments ------------ --- 


	 --- 1/8/2058 --- 
 --- -------- Appointments ------------ --- 


	 --- 1/9/2058 --- 
 --- -------- Appointments ------------ --- 


	 --- 1/10/2058 --- 
 --- -------- Appointments ------------ --- 


	 --- 1/11/2058 --- 
 --- -------- Appointments ------------ --- 


	 --- 1/12/2058 --- 
 --- -------- Appointments ------------ --- 


	 --- 1/13/2058 --- 
 --- -------- Appointments ------------ --- 


	 --- 1/14/2058 --- 
 --- -------- Appointments ------------ --- 


	 --- 1/15/2058 --- 
 --- -------- Appointments ------------ --- 


	 --- 1/16/2058 --- 
 --- -------- Appointments ------------ --- 


	 --- 1/17/2058 --- 
 --- -------- Appointments ------------ --- 


	 --- 1/18/2058 --- 
 --- -------- Appointments ------------ --- 


	 --- 1/19/2058 --- 
 --- -------- Appointments ------------ --- 


	 --- 1/20/2058 --- 
 --- -------- Appointments ------------ --- 


	 --- 1/21/2058 --- 
 --- -------- Appointments ------------ --- 


	 --- 1/22/2058 --- 
 --- -------- Appointments ------------ --- 


	 --- 1/23/2058 --- 
 --- -------- Appointments ------------ --- 


	 --- 1/24/2058 --- 
 --- -------- Appointments ------------ --- 


	 --- 1/25/2058 --- 
 --- -------- Appointments ------------ --- 


	 --- 1/26/2058 --- 
 --- -------- Appointments ------------ --- 


	 --- 1/27/2058 --- 
 --- -------- Appointments ------------ --- 


	 --- 1/28/2058 --- 
 --- -------- Appointments ------------ --- 


	 --- 2/1/2058 --- 
 --- -------- Appointments ------------ --- 
	3/31/2017 at 3:30pm ,Birthday Party, This is my birthday party.
 

	 --- 2/2/2058 --- 
 --- -------- Appointments ------------ --- 


	 --- 2/3/2058 --- 
 --- -------- Appointments ------------ --- 


	 --- 2/4/2058 --- 
 --- -------- Appointments ------------ --- 


	 --- 2/5/2058 --- 
 --- -------- Appointments ------------ --- 


	 --- 2/6/2058 --- 
 --- -------- Appointments ------------ --- 


	 --- 2/7/2058 --- 
 --- -------- Appointments ------------ --- 


	 --- 2/8/2058 --- 
 --- -------- Appointments ------------ --- 


	 --- 2/9/2058 --- 
 --- -------- Appointments ------------ --- 


	 --- 2/10/2058 --- 
 --- -------- Appointments ------------ --- 


	 --- 2/11/2058 --- 
 --- -------- Appointments ------------ --- 


	 --- 2/12/2058 --- 
 --- -------- Appointments ------------ --- 


	 --- 2/13/2058 --- 
 --- -------- Appointments ------------ --- 


	 --- 2/14/2058 --- 
 --- -------- Appointments ------------ --- 


	 --- 2/15/2058 --- 
 --- -------- Appointments ------------ --- 


	 --- 2/16/2058 --- 
 --- -------- Appointments ------------ --- 


	 --- 2/17/2058 --- 
 --- -------- Appointments ------------ --- 


	 --- 2/18/2058 --- 
 --- -------- Appointments ------------ --- 


	 --- 2/19/2058 --- 
 --- -------- Appointments ------------ --- 


	 --- 2/20/2058 --- 
 --- -------- Appointments ------------ --- 


	 --- 2/21/2058 --- 
 --- -------- Appointments ------------ --- 


	 --- 2/22/2058 --- 
 --- -------- Appointments ------------ --- 


	 --- 2/23/2058 --- 
 --- -------- Appointments ------------ --- 


	 --- 2/24/2058 --- 
 --- -------- Appointments ------------ --- 


	 --- 2/25/2058 --- 
 --- -------- Appointments ------------ --- 


	 --- 2/26/2058 --- 
 --- -------- Appointments ------------ --- 
	2/26/2018 at 11:30pm ,Birthday Party, This is my birthday party.
 

	 --- 2/27/2058 --- 
 --- -------- Appointments ------------ --- 


	 --- 2/28/2058 --- 
 --- -------- Appointments ------------ --- 


	 --- 2/29/2058 --- 
 --- -------- Appointments ------------ --- 


	 --- 2/30/2058 --- 
 --- -------- Appointments ------------ --- 


	 --- 2/31/2058 --- 
 --- -------- Appointments ------------ --- 


	 --- 3/1/2058 --- 
 --- -------- Appointments ------------ --- 
	3/31/2017 at 3:30pm ,Birthday Party, This is my birthday party.
 

	 --- 3/2/2058 --- 
 --- -------- Appointments ------------ --- 


	 --- 3/3/2058 --- 
 --- -------- Appointments ------------ --- 


	 --- 3/4/2058 --- 
 --- -------- Appointments ------------ --- 


	 --- 3/5/2058 --- 
 --- -------- Appointments ------------ --- 


	 --- 3/6/2058 --- 
 --- -------- Appointments ------------ --- 


	 --- 3/7/2058 --- 
 --- -------- Appointments ------------ --- 


	 --- 3/8/2058 --- 
 --- -------- Appointments ------------ --- 


	 --- 3/9/2058 --- 
 --- -------- Appointments ------------ --- 


	 --- 3/10/2058 --- 
 --- -------- Appointments ------------ --- 


	 --- 3/11/2058 --- 
 --- -------- Appointments ------------ --- 


	 --- 3/12/2058 --- 
 --- -------- Appointments ------------ --- 


	 --- 3/13/2058 --- 
 --- -------- Appointments ------------ --- 


	 --- 3/14/2058 --- 
 --- -------- Appointments ------------ --- 


	 --- 3/15/2058 --- 
 --- -------- Appointments ------------ --- 


	 --- 3/16/2058 --- 
 --- -------- Appointments ------------ --- 


	 --- 3/17/2058 --- 
 --- -------- Appointments ------------ --- 


	 --- 3/18/2058 --- 
 --- -------- Appointments ------------ --- 


	 --- 3/19/2058 --- 
 --- -------- Appointments ------------ --- 


	 --- 3/20/2058 --- 
 --- -------- Appointments ------------ --- 


	 --- 3/21/2058 --- 
 --- -------- Appointments ------------ --- 


	 --- 3/22/2058 --- 
 --- -------- Appointments ------------ --- 


	 --- 3/23/2058 --- 
 --- -------- Appointments ------------ --- 


	 --- 3/24/2058 --- 
 --- -------- Appointments ------------ --- 


	 --- 3/25/2058 --- 
 --- -------- Appointments ------------ --- 


	 --- 3/26/2058 --- 
 --- -------- Appointments ------------ --- 


	 --- 3/27/2058 --- 
 --- -------- Appointments ------------ --- 


	 --- 3/28/2058 --- 
 --- -------- Appointments ------------ --- 


	 --- 3/29/2058 --- 
 --- -------- Appointments ------------ --- 


	 --- 3/30/2058 --- 
 --- -------- Appointments ------------ --- 


	 --- 4/1/2058 --- 
 --- -------- Appointments ------------ --- 
	3/31/2017 at 3:30pm ,Birthday Party, This is my birthday party.
 

	 --- 4/2/2058 --- 
 --- -------- Appointments ------------ --- 


	 --- 4/3/2058 --- 
 --- -------- Appointments ------------ --- 


	 --- 4/4/2058 --- 
 --- -------- Appointments ------------ --- 


	 --- 4/5/2058 --- 
 --- -------- Appointments ------------ --- 


	 --- 4/6/2058 --- 
 --- -------- Appointments ------------ --- 


	 --- 4/7/2058 --- 
 --- -------- Appointments ------------ --- 


	 --- 4/8/2058 --- 
 --- -------- Appointments ------------ --- 


	 --- 4/9/2058 --- 
 --- -------- Appointments ------------ --- 


	 --- 4/10/2058 --- 
 --- -------- Appointments ------------ --- 


	 --- 4/11/2058 --- 
 --- -------- Appointments ------------ --- 


	 --- 4/12/2058 --- 
 --- -------- Appointments ------------ --- 


	 --- 4/13/2058 --- 
 --- -------- Appointments ------------ --- 


	 --- 4/14/2058 --- 
 --- -------- Appointments ------------ --- 


	 --- 4/15/2058 --- 
 --- -------- Appointments ------------ --- 


	 --- 4/16/2058 --- 
 --- -------- Appointments ------------ --- 


	 --- 4/17/2058 --- 
 --- -------- Appointments ------------ --- 


	 --- 4/18/2058 --- 
 --- -------- Appointments ------------ --- 


	 --- 4/19/2058 --- 
 --- -------- Appointments ------------ --- 


	 --- 4/20/2058 --- 
 --- -------- Appointments ------------ --- 


	 --- 4/21/2058 --- 
 --- -------- Appointments ------------ --- 


	 --- 4/22/2058 --- 
 --- -------- Appointments ------------ --- 


	 --- 4/23/2058 --- 
 --- -------- Appointments ------------ --- 


	 --- 4/24/2058 --- 
 --- -------- Appointments ------------ --- 


	 --- 4/25/2058 --- 
 --- -------- Appointments ------------ --- 


	 --- 4/26/2058 --- 
 --- -------- Appointments ------------ --- 


	 --- 4/27/2058 --- 
 --- -------- Appointments ------------ --- 


	 --- 4/28/2058 --- 
 --- -------- Appointments ------------ --- 


	 --- 4/29/2058 --- 
 --- -------- Appointments ------------ --- 


	 --- 4/30/2058 --- 
 --- -------- Appointments ------------ --- 


	 --- 4/31/2058 --- 
 --- -------- Appointments ------------ --- 


	 --- 5/1/2058 --- 
 --- -------- Appointments ------------ --- 
	3/31/2017 at 3:30pm ,Birthday Party, This is my birthday party.
 

	 --- 5/2/2058 --- 
 --- -------- Appointments ------------ --- 


	 --- 5/3/2058 --- 
 --- -------- Appointments ------------ --- 


	 --- 5/4/2058 --- 
 --- -------- Appointments ------------ --- 


	 --- 5/5/2058 --- 
 --- -------- Appointments ------------ --- 


	 --- 5/6/2058 --- 
 --- -------- Appointments ------------ --- 


	 --- 5/7/2058 --- 
 --- -------- Appointments ------------ --- 


	 --- 5/8/2058 --- 
 --- -------- Appointments ------------ --- 


	 --- 5/9/2058 --- 
 --- -------- Appointments ------------ --- 


	 --- 5/10/2058 --- 
 --- -------- Appointments ------------ --- 


	 --- 5/11/2058 --- 
 --- -------- Appointments ------------ --- 


	 --- 5/12/2058 --- 
 --- -------- Appointments ------------ --- 


	 --- 5/13/2058 --- 
 --- -------- Appointments ------------ --- 


	 --- 5/14/2058 --- 
 --- -------- Appointments ------------ --- 


	 --- 5/15/2058 --- 
 --- -------- Appointments ------------ --- 


	 --- 5/16/2058 --- 
 --- -------- Appointments ------------ --- 


	 --- 5/17/2058 --- 
 --- -------- Appointments ------------ --- 


	 --- 5/18/2058 --- 
 --- -------- Appointments ------------ --- 


	 --- 5/19/2058 --- 
 --- -------- Appointments ------------ --- 


	 --- 5/20/2058 --- 
 --- -------- Appointments ------------ --- 


	 --- 5/21/2058 --- 
 --- -------- Appointments ------------ --- 


	 --- 5/22/2058 --- 
 --- -------- Appointments ------------ --- 


	 --- 5/23/2058 --- 
 --- -------- Appointments ------------ --- 


	 --- 5/24/2058 --- 
 --- -------- Appointments ------------ --- 


	 --- 5/25/2058 --- 
 --- -------- Appointments ------------ --- 


	 --- 5/26/2058 --- 
 --- -------- Appointments ------------ --- 


	 --- 5/27/2058 --- 
 --- -------- Appointments ------------ --- 


	 --- 5/28/2058 --- 
 --- -------- Appointments ------------ --- 


	 --- 5/29/2058 --- 
 --- -------- Appointments ------------ --- 


	 --- 5/30/2058 --- 
 --- -------- Appointments ------------ --- 


	 --- 6/1/2058 --- 
 --- -------- Appointments ------------ --- 
	3/31/2017 at 3:30pm ,Birthday Party, This is my birthday party.
 

	 --- 6/2/2058 --- 
 --- -------- Appointments ------------ --- 


	 --- 6/3/2058 --- 
 --- -------- Appointments ------------ --- 


	 --- 6/4/2058 --- 
 --- -------- Appointments ------------ --- 


	 --- 6/5/2058 --- 
 --- -------- Appointments ------------ --- 


	 --- 6/6/2058 --- 
 --- -------- Appointments ------------ --- 


	 --- 6/7/2058 --- 
 --- -------- Appointments ------------ --- 


	 --- 6/8/2058 --- 
 --- -------- Appointments ------------ --- 


	 --- 6/9/2058 --- 
 --- -------- Appointments ------------ --- 


	 --- 6/10/2058 --- 
 --- -------- Appointments ------------ --- 


	 --- 6/11/2058 --- 
 --- -------- Appointments ------------ --- 


	 --- 6/12/2058 --- 
 --- -------- Appointments ------------ --- 


	 --- 6/13/2058 --- 
 --- -------- Appointments ------------ --- 


	 --- 6/14/2058 --- 
 --- -------- Appointments ------------ --- 


	 --- 6/15/2058 --- 
 --- -------- Appointments ------------ --- 


	 --- 6/16/2058 --- 
 --- -------- Appointments ------------ --- 


	 --- 6/17/2058 --- 
 --- -------- Appointments ------------ --- 


	 --- 6/18/2058 --- 
 --- -------- Appointments ------------ --- 


	 --- 6/19/2058 --- 
 --- -------- Appointments ------------ --- 


	 --- 6/20/2058 --- 
 --- -------- Appointments ------------ --- 


	 --- 6/21/2058 --- 
 --- -------- Appointments ------------ --- 


	 --- 6/22/2058 --- 
 --- -------- Appointments ------------ --- 


	 --- 6/23/2058 --- 
 --- -------- Appointments ------------ --- 


	 --- 6/24/2058 --- 
 --- -------- Appointments ------------ --- 


	 --- 6/25/2058 --- 
 --- -------- Appointments ------------ --- 


	 --- 6/26/2058 --- 
 --- -------- Appointments ------------ --- 


	 --- 6/27/2058 --- 
 --- -------- Appointments ------------ --- 


	 --- 6/28/2058 --- 
 --- -------- Appointments ------------ --- 


	 --- 6/29/2058 --- 
 --- -------- Appointments ------------ --- 


	 --- 6/30/2058 --- 
 --- -------- Appointments ------------ --- 


	 --- 6/31/2058 --- 
 --- -------- Appointments ------------ --- 


	 --- 7/1/2058 --- 
 --- -------- Appointments ------------ --- 
	3/31/2017 at 3:30pm ,Birthday Party, This is my birthday party.
 

	 --- 7/2/2058 --- 
 --- -------- Appointments ------------ --- 


	 --- 7/3/2058 --- 
 --- -------- Appointments ------------ --- 


	 --- 7/4/2058 --- 
 --- -------- Appointments ------------ --- 


	 --- 7/5/2058 --- 
 --- -------- Appointments ------------ --- 


	 --- 7/6/2058 --- 
 --- -------- Appointments ------------ --- 


	 --- 7/7/2058 --- 
 --- -------- Appointments ------------ --- 


	 --- 7/8/2058 --- 
 --- -------- Appointments ------------ --- 


	 --- 7/9/2058 --- 
 --- -------- Appointments ------------ --- 


	 --- 7/10/2058 --- 
 --- -------- Appointments ------------ --- 


	 --- 7/11/2058 --- 
 --- -------- Appointments ------------ --- 


	 --- 7/12/2058 --- 
 --- -------- Appointments ------------ --- 


	 --- 7/13/2058 --- 
 --- -------- Appointments ------------ --- 


	 --- 7/14/2058 --- 
 --- -------- Appointments ------------ --- 


	 --- 7/15/2058 --- 
 --- -------- Appointments ------------ --- 


	 --- 7/16/2058 --- 
 --- -------- Appointments ------------ --- 


	 --- 7/17/2058 --- 
 --- -------- Appointments ------------ --- 


	 --- 7/18/2058 --- 
 --- -------- Appointments ------------ --- 


	 --- 7/19/2058 --- 
 --- -------- Appointments ------------ --- 


	 --- 7/20/2058 --- 
 --- -------- Appointments ------------ --- 


	 --- 7/21/2058 --- 
 --- -------- Appointments ------------ --- 


	 --- 7/22/2058 --- 
 --- -------- Appointments ------------ --- 


	 --- 7/23/2058 --- 
 --- -------- Appointments ------------ --- 


	 --- 7/24/2058 --- 
 --- -------- Appointments ------------ --- 


	 --- 7/25/2058 --- 
 --- -------- Appointments ------------ --- 


	 --- 7/26/2058 --- 
 --- -------- Appointments ------------ --- 


	 --- 7/27/2058 --- 
 --- -------- Appointments ------------ --- 


	 --- 7/28/2058 --- 
 --- -------- Appointments ------------ --- 


	 --- 7/29/2058 --- 
 --- -------- Appointments ------------ --- 


	 --- 7/30/2058 --- 
 --- -------- Appointments ------------ --- 


	 --- 7/31/2058 --- 
 --- -------- Appointments ------------ --- 


	 --- 8/1/2058 --- 
 --- -------- Appointments ------------ --- 
	3/31/2017 at 3:30pm ,Birthday Party, This is my birthday party.
 

	 --- 8/2/2058 --- 
 --- -------- Appointments ------------ --- 


	 --- 8/3/2058 --- 
 --- -------- Appointments ------------ --- 


	 --- 8/4/2058 --- 
 --- -------- Appointments ------------ --- 


	 --- 8/5/2058 --- 
 --- -------- Appointments ------------ --- 


	 --- 8/6/2058 --- 
 --- -------- Appointments ------------ --- 


	 --- 8/7/2058 --- 
 --- -------- Appointments ------------ --- 


	 --- 8/8/2058 --- 
 --- -------- Appointments ------------ --- 


	 --- 8/9/2058 --- 
 --- -------- Appointments ------------ --- 


	 --- 8/10/2058 --- 
 --- -------- Appointments ------------ --- 


	 --- 8/11/2058 --- 
 --- -------- Appointments ------------ --- 


	 --- 8/12/2058 --- 
 --- -------- Appointments ------------ --- 


	 --- 8/13/2058 --- 
 --- -------- Appointments ------------ --- 


	 --- 8/14/2058 --- 
 --- -------- Appointments ------------ --- 


	 --- 8/15/2058 --- 
 --- -------- Appointments ------------ --- 


	 --- 8/16/2058 --- 
 --- -------- Appointments ------------ --- 


	 --- 8/17/2058 --- 
 --- -------- Appointments ------------ --- 


	 --- 8/18/2058 --- 
 --- -------- Appointments ------------ --- 


	 --- 8/19/2058 --- 
 --- -------- Appointments ------------ --- 


	 --- 8/20/2058 --- 
 --- -------- Appointments ------------ --- 


	 --- 8/21/2058 --- 
 --- -------- Appointments ------------ --- 


	 --- 8/22/2058 --- 
 --- -------- Appointments ------------ --- 


	 --- 8/23/2058 --- 
 --- -------- Appointments ------------ --- 


	 --- 8/24/2058 --- 
 --- -------- Appointments ------------ --- 


	 --- 8/25/2058 --- 
 --- -------- Appointments ------------ --- 


	 --- 8/26/2058 --- 
 --- -------- Appointments ------------ --- 


	 --- 8/27/2058 --- 
 --- -------- Appointments ------------ --- 


	 --- 8/28/2058 --- 
 --- -------- Appointments ------------ --- 


	 --- 8/29/2058 --- 
 --- -------- Appointments ------------ --- 


	 --- 8/30/2058 --- 
 --- -------- Appointments ------------ --- 


	 --- 9/1/2058 --- 
 --- -------- Appointments ------------ --- 
	3/31/2017 at 3:30pm ,Birthday Party, This is my birthday party.
 

	 --- 9/2/2058 --- 
 --- -------- Appointments ------------ --- 


	 --- 9/3/2058 --- 
 --- -------- Appointments ------------ --- 


	 --- 9/4/2058 --- 
 --- -------- Appointments ------------ --- 


	 --- 9/5/2058 --- 
 --- -------- Appointments ------------ --- 


	 --- 9/6/2058 --- 
 --- -------- Appointments ------------ --- 


	 --- 9/7/2058 --- 
 --- -------- Appointments ------------ --- 


	 --- 9/8/2058 --- 
 --- -------- Appointments ------------ --- 


	 --- 9/9/2058 --- 
 --- -------- Appointments ------------ --- 


	 --- 9/10/2058 --- 
 --- -------- Appointments ------------ --- 


	 --- 9/11/2058 --- 
 --- -------- Appointments ------------ --- 


	 --- 9/12/2058 --- 
 --- -------- Appointments ------------ --- 


	 --- 9/13/2058 --- 
 --- -------- Appointments ------------ --- 


	 --- 9/14/2058 --- 
 --- -------- Appointments ------------ --- 


	 --- 9/15/2058 --- 
 --- -------- Appointments ------------ --- 


	 --- 9/16/2058 --- 
 --- -------- Appointments ------------ --- 


	 --- 9/17/2058 --- 
 --- -------- Appointments ------------ --- 


	 --- 9/18/2058 --- 
 --- -------- Appointments ------------ --- 


	 --- 9/19/2058 --- 
 --- -------- Appointments ------------ --- 


	 --- 9/20/2058 --- 
 --- -------- Appointments ------------ --- 


	 --- 9/21/2058 --- 
 --- -------- Appointments ------------ --- 


	 --- 9/22/2058 --- 
 --- -------- Appointments ------------ --- 


	 --- 9/23/2058 --- 
 --- -------- Appointments ------------ --- 


	 --- 9/24/2058 --- 
 --- -------- Appointments ------------ --- 


	 --- 9/25/2058 --- 
 --- -------- Appointments ------------ --- 


	 --- 9/26/2058 --- 
 --- -------- Appointments ------------ --- 


	 --- 9/27/2058 --- 
 --- -------- Appointments ------------ --- 


	 --- 9/28/2058 --- 
 --- -------- Appointments ------------ --- 


	 --- 9/29/2058 --- 
 --- -------- Appointments ------------ --- 


	 --- 9/30/2058 --- 
 --- -------- Appointments ------------ --- 


	 --- 9/31/2058 --- 
 --- -------- Appointments ------------ --- 


	 --- 10/1/2058 --- 
 --- -------- Appointments ------------ --- 
	3/31/2017 at 3:30pm ,Birthday Party, This is my birthday party.
 

	 --- 10/2/2058 --- 
 --- -------- Appointments ------------ --- 


	 --- 10/3/2058 --- 
 --- -------- Appointments ------------ --- 


	 --- 10/4/2058 --- 
 --- -------- Appointments ------------ --- 


	 --- 10/5/2058 --- 
 --- -------- Appointments ------------ --- 


	 --- 10/6/2058 --- 
 --- -------- Appointments ------------ --- 


	 --- 10/7/2058 --- 
 --- -------- Appointments ------------ --- 


	 --- 10/8/2058 --- 
 --- -------- Appointments ------------ --- 


	 --- 10/9/2058 --- 
 --- -------- Appointments ------------ --- 


	 --- 10/10/2058 --- 
 --- -------- Appointments ------------ --- 


	 --- 10/11/2058 --- 
 --- -------- Appointments ------------ --- 


	 --- 10/12/2058 --- 
 --- -------- Appointments ------------ --- 


	 --- 10/13/2058 --- 
 --- -------- Appointments ------------ --- 


	 --- 10/14/2058 --- 
 --- -------- Appointments ------------ --- 


	 --- 10/15/2058 --- 
 --- -------- Appointments ------------ --- 


	 --- 10/16/2058 --- 
 --- -------- Appointments ------------ --- 


	 --- 10/17/2058 --- 
 --- -------- Appointments ------------ --- 


	 --- 10/18/2058 --- 
 --- -------- Appointments ------------ --- 


	 --- 10/19/2058 --- 
 --- -------- Appointments ------------ --- 


	 --- 10/20/2058 --- 
 --- -------- Appointments ------------ --- 


	 --- 10/21/2058 --- 
 --- -------- Appointments ------------ --- 


	 --- 10/22/2058 --- 
 --- -------- Appointments ------------ --- 


	 --- 10/23/2058 --- 
 --- -------- Appointments ------------ --- 


	 --- 10/24/2058 --- 
 --- -------- Appointments ------------ --- 


	 --- 10/25/2058 --- 
 --- -------- Appointments ------------ --- 


	 --- 10/26/2058 --- 
 --- -------- Appointments ------------ --- 


	 --- 10/27/2058 --- 
 --- -------- Appointments ------------ --- 


	 --- 10/28/2058 --- 
 --- -------- Appointments ------------ --- 


	 --- 10/29/2058 --- 
 --- -------- Appointments ------------ --- 


	 --- 10/30/2058 --- 
 --- -------- Appointments ------------ --- 


	 --- 11/1/2058 --- 
 --- -------- Appointments ------------ --- 
	3/31/2017 at 3:30pm ,Birthday Party, This is my birthday party.
 

	 --- 11/2/2058 --- 
 --- -------- Appointments ------------ --- 


	 --- 11/3/2058 --- 
 --- -------- Appointments ------------ --- 


	 --- 11/4/2058 --- 
 --- -------- Appointments ------------ --- 


	 --- 11/5/2058 --- 
 --- -------- Appointments ------------ --- 


	 --- 11/6/2058 --- 
 --- -------- Appointments ------------ --- 


	 --- 11/7/2058 --- 
 --- -------- Appointments ------------ --- 


	 --- 11/8/2058 --- 
 --- -------- Appointments ------------ --- 


	 --- 11/9/2058 --- 
 --- -------- Appointments ------------ --- 


	 --- 11/10/2058 --- 
 --- -------- Appointments ------------ --- 


	 --- 11/11/2058 --- 
 --- -------- Appointments ------------ --- 


	 --- 11/12/2058 --- 
 --- -------- Appointments ------------ --- 


	 --- 11/13/2058 --- 
 --- -------- Appointments ------------ --- 


	 --- 11/14/2058 --- 
 --- -------- Appointments ------------ --- 


	 --- 11/15/2058 --- 
 --- -------- Appointments ------------ --- 


	 --- 11/16/2058 --- 
 --- -------- Appointments ------------ --- 


	 --- 11/17/2058 --- 
 --- -------- Appointments ------------ --- 


	 --- 11/18/2058 --- 
 --- -------- Appointments ------------ --- 


	 --- 11/19/2058 --- 
 --- -------- Appointments ------------ --- 


	 --- 11/20/2058 --- 
 --- -------- Appointments ------------ --- 


	 --- 11/21/2058 --- 
 --- -------- Appointments ------------ --- 


	 --- 11/22/2058 --- 
 --- -------- Appointments ------------ --- 


	 --- 11/23/2058 --- 
 --- -------- Appointments ------------ --- 


	 --- 11/24/2058 --- 
 --- -------- Appointments ------------ --- 


	 --- 11/25/2058 --- 
 --- -------- Appointments ------------ --- 


	 --- 11/26/2058 --- 
 --- -------- Appointments ------------ --- 


	 --- 11/27/2058 --- 
 --- -------- Appointments ------------ --- 


	 --- 11/28/2058 --- 
 --- -------- Appointments ------------ --- 


	 --- 11/29/2058 --- 
 --- -------- Appointments ------------ --- 


	 --- 11/30/2058 --- 
 --- -------- Appointments ------------ --- 


	 --- 11/31/2058 --- 
 --- -------- Appointments ------------ --- 


	 --- 0/1/2059 --- 
 --- -------- Appointments ------------ --- 
	3/31/2017 at 3:30pm ,Birthday Party, This is my birthday party.
 

	 --- 0/2/2059 --- 
 --- -------- Appointments ------------ --- 


	 --- 0/3/2059 --- 
 --- -------- Appointments ------------ --- 


	 --- 0/4/2059 --- 
 --- -------- Appointments ------------ --- 


	 --- 0/5/2059 --- 
 --- -------- Appointments ------------ --- 


	 --- 0/6/2059 --- 
 --- -------- Appointments ------------ --- 


	 --- 0/7/2059 --- 
 --- -------- Appointments ------------ --- 


	 --- 0/8/2059 --- 
 --- -------- Appointments ------------ --- 


	 --- 0/9/2059 --- 
 --- -------- Appointments ------------ --- 


	 --- 0/10/2059 --- 
 --- -------- Appointments ------------ --- 


	 --- 0/11/2059 --- 
 --- -------- Appointments ------------ --- 


	 --- 0/12/2059 --- 
 --- -------- Appointments ------------ --- 


	 --- 0/13/2059 --- 
 --- -------- Appointments ------------ --- 


	 --- 0/14/2059 --- 
 --- -------- Appointments ------------ --- 


	 --- 0/15/2059 --- 
 --- -------- Appointments ------------ --- 


	 --- 0/16/2059 --- 
 --- -------- Appointments ------------ --- 


	 --- 0/17/2059 --- 
 --- -------- Appointments ------------ --- 


	 --- 0/18/2059 --- 
 --- -------- Appointments ------------ --- 


	 --- 0/19/2059 --- 
 --- -------- Appointments ------------ --- 


	 --- 0/20/2059 --- 
 --- -------- Appointments ------------ --- 


	 --- 0/21/2059 --- 
 --- -------- Appointments ------------ --- 


	 --- 0/22/2059 --- 
 --- -------- Appointments ------------ --- 


	 --- 0/23/2059 --- 
 --- -------- Appointments ------------ --- 


	 --- 0/24/2059 --- 
 --- -------- Appointments ------------ --- 


	 --- 0/25/2059 --- 
 --- -------- Appointments ------------ --- 


	 --- 0/26/2059 --- 
 --- -------- Appointments ------------ --- 


	 --- 0/27/2059 --- 
 --- -------- Appointments ------------ --- 


	 --- 0/28/2059 --- 
 --- -------- Appointments ------------ --- 


	 --- 0/29/2059 --- 
 --- -------- Appointments ------------ --- 


	 --- 0/30/2059 --- 
 --- -------- Appointments ------------ --- 


	 --- 0/31/2059 --- 
 --- -------- Appointments ------------ --- 


	 --- 1/1/2059 --- 
 --- -------- Appointments ------------ --- 
	3/31/2017 at 3:30pm ,Birthday Party, This is my birthday party.
 

	 --- 1/2/2059 --- 
 --- -------- Appointments ------------ --- 


	 --- 1/3/2059 --- 
 --- -------- Appointments ------------ --- 


	 --- 1/4/2059 --- 
 --- -------- Appointments ------------ --- 


	 --- 1/5/2059 --- 
 --- -------- Appointments ------------ --- 


	 --- 1/6/2059 --- 
 --- -------- Appointments ------------ --- 


	 --- 1/7/2059 --- 
 --- -------- Appointments ------------ --- 


	 --- 1/8/2059 --- 
 --- -------- Appointments ------------ --- 


	 --- 1/9/2059 --- 
 --- -------- Appointments ------------ --- 


	 --- 1/10/2059 --- 
 --- -------- Appointments ------------ --- 


	 --- 1/11/2059 --- 
 --- -------- Appointments ------------ --- 


	 --- 1/12/2059 --- 
 --- -------- Appointments ------------ --- 


	 --- 1/13/2059 --- 
 --- -------- Appointments ------------ --- 


	 --- 1/14/2059 --- 
 --- -------- Appointments ------------ --- 


	 --- 1/15/2059 --- 
 --- -------- Appointments ------------ --- 


	 --- 1/16/2059 --- 
 --- -------- Appointments ------------ --- 


	 --- 1/17/2059 --- 
 --- -------- Appointments ------------ --- 


	 --- 1/18/2059 --- 
 --- -------- Appointments ------------ --- 


	 --- 1/19/2059 --- 
 --- -------- Appointments ------------ --- 


	 --- 1/20/2059 --- 
 --- -------- Appointments ------------ --- 


	 --- 1/21/2059 --- 
 --- -------- Appointments ------------ --- 


	 --- 1/22/2059 --- 
 --- -------- Appointments ------------ --- 


	 --- 1/23/2059 --- 
 --- -------- Appointments ------------ --- 


	 --- 1/24/2059 --- 
 --- -------- Appointments ------------ --- 


	 --- 1/25/2059 --- 
 --- -------- Appointments ------------ --- 


	 --- 1/26/2059 --- 
 --- -------- Appointments ------------ --- 


	 --- 1/27/2059 --- 
 --- -------- Appointments ------------ --- 


	 --- 1/28/2059 --- 
 --- -------- Appointments ------------ --- 


	 --- 2/1/2059 --- 
 --- -------- Appointments ------------ --- 
	3/31/2017 at 3:30pm ,Birthday Party, This is my birthday party.
 

	 --- 2/2/2059 --- 
 --- -------- Appointments ------------ --- 


	 --- 2/3/2059 --- 
 --- -------- Appointments ------------ --- 


	 --- 2/4/2059 --- 
 --- -------- Appointments ------------ --- 


	 --- 2/5/2059 --- 
 --- -------- Appointments ------------ --- 


	 --- 2/6/2059 --- 
 --- -------- Appointments ------------ --- 


	 --- 2/7/2059 --- 
 --- -------- Appointments ------------ --- 


	 --- 2/8/2059 --- 
 --- -------- Appointments ------------ --- 


	 --- 2/9/2059 --- 
 --- -------- Appointments ------------ --- 


	 --- 2/10/2059 --- 
 --- -------- Appointments ------------ --- 


	 --- 2/11/2059 --- 
 --- -------- Appointments ------------ --- 


	 --- 2/12/2059 --- 
 --- -------- Appointments ------------ --- 


	 --- 2/13/2059 --- 
 --- -------- Appointments ------------ --- 


	 --- 2/14/2059 --- 
 --- -------- Appointments ------------ --- 


	 --- 2/15/2059 --- 
 --- -------- Appointments ------------ --- 


	 --- 2/16/2059 --- 
 --- -------- Appointments ------------ --- 


	 --- 2/17/2059 --- 
 --- -------- Appointments ------------ --- 


	 --- 2/18/2059 --- 
 --- -------- Appointments ------------ --- 


	 --- 2/19/2059 --- 
 --- -------- Appointments ------------ --- 


	 --- 2/20/2059 --- 
 --- -------- Appointments ------------ --- 


	 --- 2/21/2059 --- 
 --- -------- Appointments ------------ --- 


	 --- 2/22/2059 --- 
 --- -------- Appointments ------------ --- 


	 --- 2/23/2059 --- 
 --- -------- Appointments ------------ --- 


	 --- 2/24/2059 --- 
 --- -------- Appointments ------------ --- 


	 --- 2/25/2059 --- 
 --- -------- Appointments ------------ --- 


	 --- 2/26/2059 --- 
 --- -------- Appointments ------------ --- 
	2/26/2018 at 11:30pm ,Birthday Party, This is my birthday party.
 

	 --- 2/27/2059 --- 
 --- -------- Appointments ------------ --- 


	 --- 2/28/2059 --- 
 --- -------- Appointments ------------ --- 


	 --- 2/29/2059 --- 
 --- -------- Appointments ------------ --- 


	 --- 2/30/2059 --- 
 --- -------- Appointments ------------ --- 


	 --- 2/31/2059 --- 
 --- -------- Appointments ------------ --- 


	 --- 3/1/2059 --- 
 --- -------- Appointments ------------ --- 
	3/31/2017 at 3:30pm ,Birthday Party, This is my birthday party.
 

	 --- 3/2/2059 --- 
 --- -------- Appointments ------------ --- 


	 --- 3/3/2059 --- 
 --- -------- Appointments ------------ --- 


	 --- 3/4/2059 --- 
 --- -------- Appointments ------------ --- 


	 --- 3/5/2059 --- 
 --- -------- Appointments ------------ --- 


	 --- 3/6/2059 --- 
 --- -------- Appointments ------------ --- 


	 --- 3/7/2059 --- 
 --- -------- Appointments ------------ --- 


	 --- 3/8/2059 --- 
 --- -------- Appointments ------------ --- 


	 --- 3/9/2059 --- 
 --- -------- Appointments ------------ --- 


	 --- 3/10/2059 --- 
 --- -------- Appointments ------------ --- 


	 --- 3/11/2059 --- 
 --- -------- Appointments ------------ --- 


	 --- 3/12/2059 --- 
 --- -------- Appointments ------------ --- 


	 --- 3/13/2059 --- 
 --- -------- Appointments ------------ --- 


	 --- 3/14/2059 --- 
 --- -------- Appointments ------------ --- 


	 --- 3/15/2059 --- 
 --- -------- Appointments ------------ --- 


	 --- 3/16/2059 --- 
 --- -------- Appointments ------------ --- 


	 --- 3/17/2059 --- 
 --- -------- Appointments ------------ --- 


	 --- 3/18/2059 --- 
 --- -------- Appointments ------------ --- 


	 --- 3/19/2059 --- 
 --- -------- Appointments ------------ --- 


	 --- 3/20/2059 --- 
 --- -------- Appointments ------------ --- 


	 --- 3/21/2059 --- 
 --- -------- Appointments ------------ --- 


	 --- 3/22/2059 --- 
 --- -------- Appointments ------------ --- 


	 --- 3/23/2059 --- 
 --- -------- Appointments ------------ --- 


	 --- 3/24/2059 --- 
 --- -------- Appointments ------------ --- 


	 --- 3/25/2059 --- 
 --- -------- Appointments ------------ --- 


	 --- 3/26/2059 --- 
 --- -------- Appointments ------------ --- 


	 --- 3/27/2059 --- 
 --- -------- Appointments ------------ --- 


	 --- 3/28/2059 --- 
 --- -------- Appointments ------------ --- 


	 --- 3/29/2059 --- 
 --- -------- Appointments ------------ --- 


	 --- 3/30/2059 --- 
 --- -------- Appointments ------------ --- 


	 --- 4/1/2059 --- 
 --- -------- Appointments ------------ --- 
	3/31/2017 at 3:30pm ,Birthday Party, This is my birthday party.
 

	 --- 4/2/2059 --- 
 --- -------- Appointments ------------ --- 


	 --- 4/3/2059 --- 
 --- -------- Appointments ------------ --- 


	 --- 4/4/2059 --- 
 --- -------- Appointments ------------ --- 


	 --- 4/5/2059 --- 
 --- -------- Appointments ------------ --- 


	 --- 4/6/2059 --- 
 --- -------- Appointments ------------ --- 


	 --- 4/7/2059 --- 
 --- -------- Appointments ------------ --- 


	 --- 4/8/2059 --- 
 --- -------- Appointments ------------ --- 


	 --- 4/9/2059 --- 
 --- -------- Appointments ------------ --- 


	 --- 4/10/2059 --- 
 --- -------- Appointments ------------ --- 


	 --- 4/11/2059 --- 
 --- -------- Appointments ------------ --- 


	 --- 4/12/2059 --- 
 --- -------- Appointments ------------ --- 


	 --- 4/13/2059 --- 
 --- -------- Appointments ------------ --- 


	 --- 4/14/2059 --- 
 --- -------- Appointments ------------ --- 


	 --- 4/15/2059 --- 
 --- -------- Appointments ------------ --- 


	 --- 4/16/2059 --- 
 --- -------- Appointments ------------ --- 


	 --- 4/17/2059 --- 
 --- -------- Appointments ------------ --- 


	 --- 4/18/2059 --- 
 --- -------- Appointments ------------ --- 


	 --- 4/19/2059 --- 
 --- -------- Appointments ------------ --- 


	 --- 4/20/2059 --- 
 --- -------- Appointments ------------ --- 


	 --- 4/21/2059 --- 
 --- -------- Appointments ------------ --- 


	 --- 4/22/2059 --- 
 --- -------- Appointments ------------ --- 


	 --- 4/23/2059 --- 
 --- -------- Appointments ------------ --- 


	 --- 4/24/2059 --- 
 --- -------- Appointments ------------ --- 


	 --- 4/25/2059 --- 
 --- -------- Appointments ------------ --- 


	 --- 4/26/2059 --- 
 --- -------- Appointments ------------ --- 


	 --- 4/27/2059 --- 
 --- -------- Appointments ------------ --- 


	 --- 4/28/2059 --- 
 --- -------- Appointments ------------ --- 


	 --- 4/29/2059 --- 
 --- -------- Appointments ------------ --- 


	 --- 4/30/2059 --- 
 --- -------- Appointments ------------ --- 


	 --- 4/31/2059 --- 
 --- -------- Appointments ------------ --- 


	 --- 5/1/2059 --- 
 --- -------- Appointments ------------ --- 
	3/31/2017 at 3:30pm ,Birthday Party, This is my birthday party.
 

	 --- 5/2/2059 --- 
 --- -------- Appointments ------------ --- 


	 --- 5/3/2059 --- 
 --- -------- Appointments ------------ --- 


	 --- 5/4/2059 --- 
 --- -------- Appointments ------------ --- 


	 --- 5/5/2059 --- 
 --- -------- Appointments ------------ --- 


	 --- 5/6/2059 --- 
 --- -------- Appointments ------------ --- 


	 --- 5/7/2059 --- 
 --- -------- Appointments ------------ --- 


	 --- 5/8/2059 --- 
 --- -------- Appointments ------------ --- 


	 --- 5/9/2059 --- 
 --- -------- Appointments ------------ --- 


	 --- 5/10/2059 --- 
 --- -------- Appointments ------------ --- 


	 --- 5/11/2059 --- 
 --- -------- Appointments ------------ --- 


	 --- 5/12/2059 --- 
 --- -------- Appointments ------------ --- 


	 --- 5/13/2059 --- 
 --- -------- Appointments ------------ --- 


	 --- 5/14/2059 --- 
 --- -------- Appointments ------------ --- 


	 --- 5/15/2059 --- 
 --- -------- Appointments ------------ --- 


	 --- 5/16/2059 --- 
 --- -------- Appointments ------------ --- 


	 --- 5/17/2059 --- 
 --- -------- Appointments ------------ --- 


	 --- 5/18/2059 --- 
 --- -------- Appointments ------------ --- 


	 --- 5/19/2059 --- 
 --- -------- Appointments ------------ --- 


	 --- 5/20/2059 --- 
 --- -------- Appointments ------------ --- 


	 --- 5/21/2059 --- 
 --- -------- Appointments ------------ --- 


	 --- 5/22/2059 --- 
 --- -------- Appointments ------------ --- 


	 --- 5/23/2059 --- 
 --- -------- Appointments ------------ --- 


	 --- 5/24/2059 --- 
 --- -------- Appointments ------------ --- 


	 --- 5/25/2059 --- 
 --- -------- Appointments ------------ --- 


	 --- 5/26/2059 --- 
 --- -------- Appointments ------------ --- 


	 --- 5/27/2059 --- 
 --- -------- Appointments ------------ --- 


	 --- 5/28/2059 --- 
 --- -------- Appointments ------------ --- 


	 --- 5/29/2059 --- 
 --- -------- Appointments ------------ --- 


	 --- 5/30/2059 --- 
 --- -------- Appointments ------------ --- 


	 --- 6/1/2059 --- 
 --- -------- Appointments ------------ --- 
	3/31/2017 at 3:30pm ,Birthday Party, This is my birthday party.
 

	 --- 6/2/2059 --- 
 --- -------- Appointments ------------ --- 


	 --- 6/3/2059 --- 
 --- -------- Appointments ------------ --- 


	 --- 6/4/2059 --- 
 --- -------- Appointments ------------ --- 


	 --- 6/5/2059 --- 
 --- -------- Appointments ------------ --- 


	 --- 6/6/2059 --- 
 --- -------- Appointments ------------ --- 


	 --- 6/7/2059 --- 
 --- -------- Appointments ------------ --- 


	 --- 6/8/2059 --- 
 --- -------- Appointments ------------ --- 


	 --- 6/9/2059 --- 
 --- -------- Appointments ------------ --- 


	 --- 6/10/2059 --- 
 --- -------- Appointments ------------ --- 


	 --- 6/11/2059 --- 
 --- -------- Appointments ------------ --- 


	 --- 6/12/2059 --- 
 --- -------- Appointments ------------ --- 


	 --- 6/13/2059 --- 
 --- -------- Appointments ------------ --- 


	 --- 6/14/2059 --- 
 --- -------- Appointments ------------ --- 


	 --- 6/15/2059 --- 
 --- -------- Appointments ------------ --- 


	 --- 6/16/2059 --- 
 --- -------- Appointments ------------ --- 


	 --- 6/17/2059 --- 
 --- -------- Appointments ------------ --- 


	 --- 6/18/2059 --- 
 --- -------- Appointments ------------ --- 


	 --- 6/19/2059 --- 
 --- -------- Appointments ------------ --- 


	 --- 6/20/2059 --- 
 --- -------- Appointments ------------ --- 


	 --- 6/21/2059 --- 
 --- -------- Appointments ------------ --- 


	 --- 6/22/2059 --- 
 --- -------- Appointments ------------ --- 


	 --- 6/23/2059 --- 
 --- -------- Appointments ------------ --- 


	 --- 6/24/2059 --- 
 --- -------- Appointments ------------ --- 


	 --- 6/25/2059 --- 
 --- -------- Appointments ------------ --- 


	 --- 6/26/2059 --- 
 --- -------- Appointments ------------ --- 


	 --- 6/27/2059 --- 
 --- -------- Appointments ------------ --- 


	 --- 6/28/2059 --- 
 --- -------- Appointments ------------ --- 


	 --- 6/29/2059 --- 
 --- -------- Appointments ------------ --- 


	 --- 6/30/2059 --- 
 --- -------- Appointments ------------ --- 


	 --- 6/31/2059 --- 
 --- -------- Appointments ------------ --- 


	 --- 7/1/2059 --- 
 --- -------- Appointments ------------ --- 
	3/31/2017 at 3:30pm ,Birthday Party, This is my birthday party.
 

	 --- 7/2/2059 --- 
 --- -------- Appointments ------------ --- 


	 --- 7/3/2059 --- 
 --- -------- Appointments ------------ --- 


	 --- 7/4/2059 --- 
 --- -------- Appointments ------------ --- 


	 --- 7/5/2059 --- 
 --- -------- Appointments ------------ --- 


	 --- 7/6/2059 --- 
 --- -------- Appointments ------------ --- 


	 --- 7/7/2059 --- 
 --- -------- Appointments ------------ --- 


	 --- 7/8/2059 --- 
 --- -------- Appointments ------------ --- 


	 --- 7/9/2059 --- 
 --- -------- Appointments ------------ --- 


	 --- 7/10/2059 --- 
 --- -------- Appointments ------------ --- 


	 --- 7/11/2059 --- 
 --- -------- Appointments ------------ --- 


	 --- 7/12/2059 --- 
 --- -------- Appointments ------------ --- 


	 --- 7/13/2059 --- 
 --- -------- Appointments ------------ --- 


	 --- 7/14/2059 --- 
 --- -------- Appointments ------------ --- 


	 --- 7/15/2059 --- 
 --- -------- Appointments ------------ --- 


	 --- 7/16/2059 --- 
 --- -------- Appointments ------------ --- 


	 --- 7/17/2059 --- 
 --- -------- Appointments ------------ --- 


	 --- 7/18/2059 --- 
 --- -------- Appointments ------------ --- 


	 --- 7/19/2059 --- 
 --- -------- Appointments ------------ --- 


	 --- 7/20/2059 --- 
 --- -------- Appointments ------------ --- 


	 --- 7/21/2059 --- 
 --- -------- Appointments ------------ --- 


	 --- 7/22/2059 --- 
 --- -------- Appointments ------------ --- 


	 --- 7/23/2059 --- 
 --- -------- Appointments ------------ --- 


	 --- 7/24/2059 --- 
 --- -------- Appointments ------------ --- 


	 --- 7/25/2059 --- 
 --- -------- Appointments ------------ --- 


	 --- 7/26/2059 --- 
 --- -------- Appointments ------------ --- 


	 --- 7/27/2059 --- 
 --- -------- Appointments ------------ --- 


	 --- 7/28/2059 --- 
 --- -------- Appointments ------------ --- 


	 --- 7/29/2059 --- 
 --- -------- Appointments ------------ --- 


	 --- 7/30/2059 --- 
 --- -------- Appointments ------------ --- 


	 --- 7/31/2059 --- 
 --- -------- Appointments ------------ --- 


	 --- 8/1/2059 --- 
 --- -------- Appointments ------------ --- 
	3/31/2017 at 3:30pm ,Birthday Party, This is my birthday party.
 

	 --- 8/2/2059 --- 
 --- -------- Appointments ------------ --- 


	 --- 8/3/2059 --- 
 --- -------- Appointments ------------ --- 


	 --- 8/4/2059 --- 
 --- -------- Appointments ------------ --- 


	 --- 8/5/2059 --- 
 --- -------- Appointments ------------ --- 


	 --- 8/6/2059 --- 
 --- -------- Appointments ------------ --- 


	 --- 8/7/2059 --- 
 --- -------- Appointments ------------ --- 


	 --- 8/8/2059 --- 
 --- -------- Appointments ------------ --- 


	 --- 8/9/2059 --- 
 --- -------- Appointments ------------ --- 


	 --- 8/10/2059 --- 
 --- -------- Appointments ------------ --- 


	 --- 8/11/2059 --- 
 --- -------- Appointments ------------ --- 


	 --- 8/12/2059 --- 
 --- -------- Appointments ------------ --- 


	 --- 8/13/2059 --- 
 --- -------- Appointments ------------ --- 


	 --- 8/14/2059 --- 
 --- -------- Appointments ------------ --- 


	 --- 8/15/2059 --- 
 --- -------- Appointments ------------ --- 


	 --- 8/16/2059 --- 
 --- -------- Appointments ------------ --- 


	 --- 8/17/2059 --- 
 --- -------- Appointments ------------ --- 


	 --- 8/18/2059 --- 
 --- -------- Appointments ------------ --- 


	 --- 8/19/2059 --- 
 --- -------- Appointments ------------ --- 


	 --- 8/20/2059 --- 
 --- -------- Appointments ------------ --- 


	 --- 8/21/2059 --- 
 --- -------- Appointments ------------ --- 


	 --- 8/22/2059 --- 
 --- -------- Appointments ------------ --- 


	 --- 8/23/2059 --- 
 --- -------- Appointments ------------ --- 


	 --- 8/24/2059 --- 
 --- -------- Appointments ------------ --- 


	 --- 8/25/2059 --- 
 --- -------- Appointments ------------ --- 


	 --- 8/26/2059 --- 
 --- -------- Appointments ------------ --- 


	 --- 8/27/2059 --- 
 --- -------- Appointments ------------ --- 


	 --- 8/28/2059 --- 
 --- -------- Appointments ------------ --- 


	 --- 8/29/2059 --- 
 --- -------- Appointments ------------ --- 


	 --- 8/30/2059 --- 
 --- -------- Appointments ------------ --- 


	 --- 9/1/2059 --- 
 --- -------- Appointments ------------ --- 
	3/31/2017 at 3:30pm ,Birthday Party, This is my birthday party.
 

	 --- 9/2/2059 --- 
 --- -------- Appointments ------------ --- 


	 --- 9/3/2059 --- 
 --- -------- Appointments ------------ --- 


	 --- 9/4/2059 --- 
 --- -------- Appointments ------------ --- 


	 --- 9/5/2059 --- 
 --- -------- Appointments ------------ --- 


	 --- 9/6/2059 --- 
 --- -------- Appointments ------------ --- 


	 --- 9/7/2059 --- 
 --- -------- Appointments ------------ --- 


	 --- 9/8/2059 --- 
 --- -------- Appointments ------------ --- 


	 --- 9/9/2059 --- 
 --- -------- Appointments ------------ --- 


	 --- 9/10/2059 --- 
 --- -------- Appointments ------------ --- 


	 --- 9/11/2059 --- 
 --- -------- Appointments ------------ --- 


	 --- 9/12/2059 --- 
 --- -------- Appointments ------------ --- 


	 --- 9/13/2059 --- 
 --- -------- Appointments ------------ --- 


	 --- 9/14/2059 --- 
 --- -------- Appointments ------------ --- 


	 --- 9/15/2059 --- 
 --- -------- Appointments ------------ --- 


	 --- 9/16/2059 --- 
 --- -------- Appointments ------------ --- 


	 --- 9/17/2059 --- 
 --- -------- Appointments ------------ --- 


	 --- 9/18/2059 --- 
 --- -------- Appointments ------------ --- 


	 --- 9/19/2059 --- 
 --- -------- Appointments ------------ --- 


	 --- 9/20/2059 --- 
 --- -------- Appointments ------------ --- 


	 --- 9/21/2059 --- 
 --- -------- Appointments ------------ --- 


	 --- 9/22/2059 --- 
 --- -------- Appointments ------------ --- 


	 --- 9/23/2059 --- 
 --- -------- Appointments ------------ --- 


	 --- 9/24/2059 --- 
 --- -------- Appointments ------------ --- 


	 --- 9/25/2059 --- 
 --- -------- Appointments ------------ --- 


	 --- 9/26/2059 --- 
 --- -------- Appointments ------------ --- 


	 --- 9/27/2059 --- 
 --- -------- Appointments ------------ --- 


	 --- 9/28/2059 --- 
 --- -------- Appointments ------------ --- 


	 --- 9/29/2059 --- 
 --- -------- Appointments ------------ --- 


	 --- 9/30/2059 --- 
 --- -------- Appointments ------------ --- 


	 --- 9/31/2059 --- 
 --- -------- Appointments ------------ --- 


	 --- 10/1/2059 --- 
 --- -------- Appointments ------------ --- 
	3/31/2017 at 3:30pm ,Birthday Party, This is my birthday party.
 

	 --- 10/2/2059 --- 
 --- -------- Appointments ------------ --- 


	 --- 10/3/2059 --- 
 --- -------- Appointments ------------ --- 


	 --- 10/4/2059 --- 
 --- -------- Appointments ------------ --- 


	 --- 10/5/2059 --- 
 --- -------- Appointments ------------ --- 


	 --- 10/6/2059 --- 
 --- -------- Appointments ------------ --- 


	 --- 10/7/2059 --- 
 --- -------- Appointments ------------ --- 


	 --- 10/8/2059 --- 
 --- -------- Appointments ------------ --- 


	 --- 10/9/2059 --- 
 --- -------- Appointments ------------ --- 


	 --- 10/10/2059 --- 
 --- -------- Appointments ------------ --- 


	 --- 10/11/2059 --- 
 --- -------- Appointments ------------ --- 


	 --- 10/12/2059 --- 
 --- -------- Appointments ------------ --- 


	 --- 10/13/2059 --- 
 --- -------- Appointments ------------ --- 


	 --- 10/14/2059 --- 
 --- -------- Appointments ------------ --- 


	 --- 10/15/2059 --- 
 --- -------- Appointments ------------ --- 


	 --- 10/16/2059 --- 
 --- -------- Appointments ------------ --- 


	 --- 10/17/2059 --- 
 --- -------- Appointments ------------ --- 


	 --- 10/18/2059 --- 
 --- -------- Appointments ------------ --- 


	 --- 10/19/2059 --- 
 --- -------- Appointments ------------ --- 


	 --- 10/20/2059 --- 
 --- -------- Appointments ------------ --- 


	 --- 10/21/2059 --- 
 --- -------- Appointments ------------ --- 


	 --- 10/22/2059 --- 
 --- -------- Appointments ------------ --- 


	 --- 10/23/2059 --- 
 --- -------- Appointments ------------ --- 


	 --- 10/24/2059 --- 
 --- -------- Appointments ------------ --- 


	 --- 10/25/2059 --- 
 --- -------- Appointments ------------ --- 


	 --- 10/26/2059 --- 
 --- -------- Appointments ------------ --- 


	 --- 10/27/2059 --- 
 --- -------- Appointments ------------ --- 


	 --- 10/28/2059 --- 
 --- -------- Appointments ------------ --- 


	 --- 10/29/2059 --- 
 --- -------- Appointments ------------ --- 


	 --- 10/30/2059 --- 
 --- -------- Appointments ------------ --- 


	 --- 11/1/2059 --- 
 --- -------- Appointments ------------ --- 
	3/31/2017 at 3:30pm ,Birthday Party, This is my birthday party.
 

	 --- 11/2/2059 --- 
 --- -------- Appointments ------------ --- 


	 --- 11/3/2059 --- 
 --- -------- Appointments ------------ --- 


	 --- 11/4/2059 --- 
 --- -------- Appointments ------------ --- 


	 --- 11/5/2059 --- 
 --- -------- Appointments ------------ --- 


	 --- 11/6/2059 --- 
 --- -------- Appointments ------------ --- 


	 --- 11/7/2059 --- 
 --- -------- Appointments ------------ --- 


	 --- 11/8/2059 --- 
 --- -------- Appointments ------------ --- 


	 --- 11/9/2059 --- 
 --- -------- Appointments ------------ --- 


	 --- 11/10/2059 --- 
 --- -------- Appointments ------------ --- 


	 --- 11/11/2059 --- 
 --- -------- Appointments ------------ --- 


	 --- 11/12/2059 --- 
 --- -------- Appointments ------------ --- 


	 --- 11/13/2059 --- 
 --- -------- Appointments ------------ --- 


	 --- 11/14/2059 --- 
 --- -------- Appointments ------------ --- 


	 --- 11/15/2059 --- 
 --- -------- Appointments ------------ --- 


	 --- 11/16/2059 --- 
 --- -------- Appointments ------------ --- 


	 --- 11/17/2059 --- 
 --- -------- Appointments ------------ --- 


	 --- 11/18/2059 --- 
 --- -------- Appointments ------------ --- 


	 --- 11/19/2059 --- 
 --- -------- Appointments ------------ --- 


	 --- 11/20/2059 --- 
 --- -------- Appointments ------------ --- 


	 --- 11/21/2059 --- 
 --- -------- Appointments ------------ --- 


	 --- 11/22/2059 --- 
 --- -------- Appointments ------------ --- 


	 --- 11/23/2059 --- 
 --- -------- Appointments ------------ --- 


	 --- 11/24/2059 --- 
 --- -------- Appointments ------------ --- 


	 --- 11/25/2059 --- 
 --- -------- Appointments ------------ --- 


	 --- 11/26/2059 --- 
 --- -------- Appointments ------------ --- 


	 --- 11/27/2059 --- 
 --- -------- Appointments ------------ --- 


	 --- 11/28/2059 --- 
 --- -------- Appointments ------------ --- 


	 --- 11/29/2059 --- 
 --- -------- Appointments ------------ --- 


	 --- 11/30/2059 --- 
 --- -------- Appointments ------------ --- 


	 --- 11/31/2059 --- 
 --- -------- Appointments ------------ --- 


	 --- 0/1/2060 --- 
 --- -------- Appointments ------------ --- 
	3/31/2017 at 3:30pm ,Birthday Party, This is my birthday party.
 

	 --- 0/2/2060 --- 
 --- -------- Appointments ------------ --- 


	 --- 0/3/2060 --- 
 --- -------- Appointments ------------ --- 


	 --- 0/4/2060 --- 
 --- -------- Appointments ------------ --- 


	 --- 0/5/2060 --- 
 --- -------- Appointments ------------ --- 


	 --- 0/6/2060 --- 
 --- -------- Appointments ------------ --- 


	 --- 0/7/2060 --- 
 --- -------- Appointments ------------ --- 


	 --- 0/8/2060 --- 
 --- -------- Appointments ------------ --- 


	 --- 0/9/2060 --- 
 --- -------- Appointments ------------ --- 


	 --- 0/10/2060 --- 
 --- -------- Appointments ------------ --- 


	 --- 0/11/2060 --- 
 --- -------- Appointments ------------ --- 


	 --- 0/12/2060 --- 
 --- -------- Appointments ------------ --- 


	 --- 0/13/2060 --- 
 --- -------- Appointments ------------ --- 


	 --- 0/14/2060 --- 
 --- -------- Appointments ------------ --- 


	 --- 0/15/2060 --- 
 --- -------- Appointments ------------ --- 


	 --- 0/16/2060 --- 
 --- -------- Appointments ------------ --- 


	 --- 0/17/2060 --- 
 --- -------- Appointments ------------ --- 


	 --- 0/18/2060 --- 
 --- -------- Appointments ------------ --- 


	 --- 0/19/2060 --- 
 --- -------- Appointments ------------ --- 


	 --- 0/20/2060 --- 
 --- -------- Appointments ------------ --- 


	 --- 0/21/2060 --- 
 --- -------- Appointments ------------ --- 


	 --- 0/22/2060 --- 
 --- -------- Appointments ------------ --- 


	 --- 0/23/2060 --- 
 --- -------- Appointments ------------ --- 


	 --- 0/24/2060 --- 
 --- -------- Appointments ------------ --- 


	 --- 0/25/2060 --- 
 --- -------- Appointments ------------ --- 


	 --- 0/26/2060 --- 
 --- -------- Appointments ------------ --- 


	 --- 0/27/2060 --- 
 --- -------- Appointments ------------ --- 


	 --- 0/28/2060 --- 
 --- -------- Appointments ------------ --- 


	 --- 0/29/2060 --- 
 --- -------- Appointments ------------ --- 


	 --- 0/30/2060 --- 
 --- -------- Appointments ------------ --- 


	 --- 0/31/2060 --- 
 --- -------- Appointments ------------ --- 


	 --- 1/1/2060 --- 
 --- -------- Appointments ------------ --- 
	3/31/2017 at 3:30pm ,Birthday Party, This is my birthday party.
 

	 --- 1/2/2060 --- 
 --- -------- Appointments ------------ --- 


	 --- 1/3/2060 --- 
 --- -------- Appointments ------------ --- 


	 --- 1/4/2060 --- 
 --- -------- Appointments ------------ --- 


	 --- 1/5/2060 --- 
 --- -------- Appointments ------------ --- 


	 --- 1/6/2060 --- 
 --- -------- Appointments ------------ --- 


	 --- 1/7/2060 --- 
 --- -------- Appointments ------------ --- 


	 --- 1/8/2060 --- 
 --- -------- Appointments ------------ --- 


	 --- 1/9/2060 --- 
 --- -------- Appointments ------------ --- 


	 --- 1/10/2060 --- 
 --- -------- Appointments ------------ --- 


	 --- 1/11/2060 --- 
 --- -------- Appointments ------------ --- 


	 --- 1/12/2060 --- 
 --- -------- Appointments ------------ --- 


	 --- 1/13/2060 --- 
 --- -------- Appointments ------------ --- 


	 --- 1/14/2060 --- 
 --- -------- Appointments ------------ --- 


	 --- 1/15/2060 --- 
 --- -------- Appointments ------------ --- 


	 --- 1/16/2060 --- 
 --- -------- Appointments ------------ --- 


	 --- 1/17/2060 --- 
 --- -------- Appointments ------------ --- 


	 --- 1/18/2060 --- 
 --- -------- Appointments ------------ --- 


	 --- 1/19/2060 --- 
 --- -------- Appointments ------------ --- 


	 --- 1/20/2060 --- 
 --- -------- Appointments ------------ --- 


	 --- 1/21/2060 --- 
 --- -------- Appointments ------------ --- 


	 --- 1/22/2060 --- 
 --- -------- Appointments ------------ --- 


	 --- 1/23/2060 --- 
 --- -------- Appointments ------------ --- 


	 --- 1/24/2060 --- 
 --- -------- Appointments ------------ --- 


	 --- 1/25/2060 --- 
 --- -------- Appointments ------------ --- 


	 --- 1/26/2060 --- 
 --- -------- Appointments ------------ --- 


	 --- 1/27/2060 --- 
 --- -------- Appointments ------------ --- 


	 --- 1/28/2060 --- 
 --- -------- Appointments ------------ --- 


	 --- 1/29/2060 --- 
 --- -------- Appointments ------------ --- 


	 --- 2/1/2060 --- 
 --- -------- Appointments ------------ --- 
	3/31/2017 at 3:30pm ,Birthday Party, This is my birthday party.
 

	 --- 2/2/2060 --- 
 --- -------- Appointments ------------ --- 


	 --- 2/3/2060 --- 
 --- -------- Appointments ------------ --- 


	 --- 2/4/2060 --- 
 --- -------- Appointments ------------ --- 


	 --- 2/5/2060 --- 
 --- -------- Appointments ------------ --- 


	 --- 2/6/2060 --- 
 --- -------- Appointments ------------ --- 


	 --- 2/7/2060 --- 
 --- -------- Appointments ------------ --- 


	 --- 2/8/2060 --- 
 --- -------- Appointments ------------ --- 


	 --- 2/9/2060 --- 
 --- -------- Appointments ------------ --- 


	 --- 2/10/2060 --- 
 --- -------- Appointments ------------ --- 


	 --- 2/11/2060 --- 
 --- -------- Appointments ------------ --- 


	 --- 2/12/2060 --- 
 --- -------- Appointments ------------ --- 


	 --- 2/13/2060 --- 
 --- -------- Appointments ------------ --- 


	 --- 2/14/2060 --- 
 --- -------- Appointments ------------ --- 


	 --- 2/15/2060 --- 
 --- -------- Appointments ------------ --- 


	 --- 2/16/2060 --- 
 --- -------- Appointments ------------ --- 


	 --- 2/17/2060 --- 
 --- -------- Appointments ------------ --- 


	 --- 2/18/2060 --- 
 --- -------- Appointments ------------ --- 


	 --- 2/19/2060 --- 
 --- -------- Appointments ------------ --- 


	 --- 2/20/2060 --- 
 --- -------- Appointments ------------ --- 


</system-out>
  </testcase>
</testsuite>